[2024-12-26T00:00:08.349+0000] {taskinstance.py:1083} INFO - Dependencies all met for <TaskInstance: PolygonAPI_to_BigQuery.sync_data_connection_3 scheduled__2024-12-25T00:00:00+00:00 [queued]>
[2024-12-26T00:00:08.375+0000] {taskinstance.py:1083} INFO - Dependencies all met for <TaskInstance: PolygonAPI_to_BigQuery.sync_data_connection_3 scheduled__2024-12-25T00:00:00+00:00 [queued]>
[2024-12-26T00:00:08.375+0000] {taskinstance.py:1279} INFO - 
--------------------------------------------------------------------------------
[2024-12-26T00:00:08.376+0000] {taskinstance.py:1280} INFO - Starting attempt 1 of 2
[2024-12-26T00:00:08.376+0000] {taskinstance.py:1281} INFO - 
--------------------------------------------------------------------------------
[2024-12-26T00:00:08.473+0000] {taskinstance.py:1300} INFO - Executing <Task(AirbyteTriggerSyncOperator): sync_data_connection_3> on 2024-12-25 00:00:00+00:00
[2024-12-26T00:00:08.622+0000] {standard_task_runner.py:82} INFO - Running: ['***', 'tasks', 'run', 'PolygonAPI_to_BigQuery', 'sync_data_connection_3', 'scheduled__2024-12-25T00:00:00+00:00', '--job-id', '147', '--raw', '--subdir', 'DAGS_FOLDER/polygon_to_bigquery.py', '--cfg-path', '/tmp/tmpsp4dq_gn']
[2024-12-26T00:00:08.630+0000] {standard_task_runner.py:83} INFO - Job 147: Subtask sync_data_connection_3
[2024-12-26T00:00:08.736+0000] {standard_task_runner.py:55} INFO - Started process 66626 to run task
[2024-12-26T00:00:09.745+0000] {task_command.py:388} INFO - Running <TaskInstance: PolygonAPI_to_BigQuery.sync_data_connection_3 scheduled__2024-12-25T00:00:00+00:00 [running]> on host 1b9e534b4855
[2024-12-26T00:00:09.927+0000] {taskinstance.py:1509} INFO - Exporting the following env vars:
AIRFLOW_CTX_DAG_OWNER=***
AIRFLOW_CTX_DAG_ID=PolygonAPI_to_BigQuery
AIRFLOW_CTX_TASK_ID=sync_data_connection_3
AIRFLOW_CTX_EXECUTION_DATE=2024-12-25T00:00:00+00:00
AIRFLOW_CTX_TRY_NUMBER=1
AIRFLOW_CTX_DAG_RUN_ID=scheduled__2024-12-25T00:00:00+00:00
[2024-12-26T00:00:10.203+0000] {base.py:73} INFO - Using connection ID 'airbyte_to_bigquery' for task execution.
[2024-12-26T00:00:24.501+0000] {airbyte.py:77} INFO - Job 121 was submitted to Airbyte Server
[2024-12-26T00:00:24.501+0000] {airbyte.py:79} INFO - Waiting for job 121 to complete
[2024-12-26T00:00:27.524+0000] {base.py:73} INFO - Using connection ID 'airbyte_to_bigquery' for task execution.
[2024-12-26T00:00:30.926+0000] {base.py:73} INFO - Using connection ID 'airbyte_to_bigquery' for task execution.
[2024-12-26T00:00:34.056+0000] {base.py:73} INFO - Using connection ID 'airbyte_to_bigquery' for task execution.
[2024-12-26T00:00:37.139+0000] {base.py:73} INFO - Using connection ID 'airbyte_to_bigquery' for task execution.
[2024-12-26T00:00:40.285+0000] {base.py:73} INFO - Using connection ID 'airbyte_to_bigquery' for task execution.
[2024-12-26T00:00:43.389+0000] {base.py:73} INFO - Using connection ID 'airbyte_to_bigquery' for task execution.
[2024-12-26T00:00:46.450+0000] {base.py:73} INFO - Using connection ID 'airbyte_to_bigquery' for task execution.
[2024-12-26T00:00:49.514+0000] {base.py:73} INFO - Using connection ID 'airbyte_to_bigquery' for task execution.
[2024-12-26T00:00:52.886+0000] {base.py:73} INFO - Using connection ID 'airbyte_to_bigquery' for task execution.
[2024-12-26T00:00:56.323+0000] {base.py:73} INFO - Using connection ID 'airbyte_to_bigquery' for task execution.
[2024-12-26T00:00:59.495+0000] {base.py:73} INFO - Using connection ID 'airbyte_to_bigquery' for task execution.
[2024-12-26T00:01:02.692+0000] {base.py:73} INFO - Using connection ID 'airbyte_to_bigquery' for task execution.
[2024-12-26T00:01:05.830+0000] {base.py:73} INFO - Using connection ID 'airbyte_to_bigquery' for task execution.
[2024-12-26T00:01:08.939+0000] {base.py:73} INFO - Using connection ID 'airbyte_to_bigquery' for task execution.
[2024-12-26T00:01:12.063+0000] {base.py:73} INFO - Using connection ID 'airbyte_to_bigquery' for task execution.
[2024-12-26T00:01:15.210+0000] {base.py:73} INFO - Using connection ID 'airbyte_to_bigquery' for task execution.
[2024-12-26T00:01:18.447+0000] {base.py:73} INFO - Using connection ID 'airbyte_to_bigquery' for task execution.
[2024-12-26T00:01:21.670+0000] {base.py:73} INFO - Using connection ID 'airbyte_to_bigquery' for task execution.
[2024-12-26T00:01:24.821+0000] {base.py:73} INFO - Using connection ID 'airbyte_to_bigquery' for task execution.
[2024-12-26T00:01:27.865+0000] {base.py:73} INFO - Using connection ID 'airbyte_to_bigquery' for task execution.
[2024-12-26T00:01:30.922+0000] {base.py:73} INFO - Using connection ID 'airbyte_to_bigquery' for task execution.
[2024-12-26T00:01:33.972+0000] {base.py:73} INFO - Using connection ID 'airbyte_to_bigquery' for task execution.
[2024-12-26T00:01:37.056+0000] {base.py:73} INFO - Using connection ID 'airbyte_to_bigquery' for task execution.
[2024-12-26T00:01:40.186+0000] {base.py:73} INFO - Using connection ID 'airbyte_to_bigquery' for task execution.
[2024-12-26T00:01:43.267+0000] {base.py:73} INFO - Using connection ID 'airbyte_to_bigquery' for task execution.
[2024-12-26T00:01:46.327+0000] {base.py:73} INFO - Using connection ID 'airbyte_to_bigquery' for task execution.
[2024-12-26T00:01:49.382+0000] {base.py:73} INFO - Using connection ID 'airbyte_to_bigquery' for task execution.
[2024-12-26T00:01:52.520+0000] {base.py:73} INFO - Using connection ID 'airbyte_to_bigquery' for task execution.
[2024-12-26T00:01:55.792+0000] {base.py:73} INFO - Using connection ID 'airbyte_to_bigquery' for task execution.
[2024-12-26T00:01:58.890+0000] {base.py:73} INFO - Using connection ID 'airbyte_to_bigquery' for task execution.
[2024-12-26T00:02:02.036+0000] {base.py:73} INFO - Using connection ID 'airbyte_to_bigquery' for task execution.
[2024-12-26T00:02:05.154+0000] {base.py:73} INFO - Using connection ID 'airbyte_to_bigquery' for task execution.
[2024-12-26T00:02:08.322+0000] {base.py:73} INFO - Using connection ID 'airbyte_to_bigquery' for task execution.
[2024-12-26T00:02:11.363+0000] {base.py:73} INFO - Using connection ID 'airbyte_to_bigquery' for task execution.
[2024-12-26T00:02:14.400+0000] {base.py:73} INFO - Using connection ID 'airbyte_to_bigquery' for task execution.
[2024-12-26T00:02:17.544+0000] {base.py:73} INFO - Using connection ID 'airbyte_to_bigquery' for task execution.
[2024-12-26T00:02:20.738+0000] {base.py:73} INFO - Using connection ID 'airbyte_to_bigquery' for task execution.
[2024-12-26T00:02:23.781+0000] {base.py:73} INFO - Using connection ID 'airbyte_to_bigquery' for task execution.
[2024-12-26T00:02:26.825+0000] {base.py:73} INFO - Using connection ID 'airbyte_to_bigquery' for task execution.
[2024-12-26T00:02:29.953+0000] {base.py:73} INFO - Using connection ID 'airbyte_to_bigquery' for task execution.
[2024-12-26T00:02:33.099+0000] {base.py:73} INFO - Using connection ID 'airbyte_to_bigquery' for task execution.
[2024-12-26T00:02:36.134+0000] {base.py:73} INFO - Using connection ID 'airbyte_to_bigquery' for task execution.
[2024-12-26T00:02:36.280+0000] {airbyte.py:81} INFO - Job 121 completed successfully
[2024-12-26T00:02:36.357+0000] {taskinstance.py:1323} INFO - Marking task as SUCCESS. dag_id=PolygonAPI_to_BigQuery, task_id=sync_data_connection_3, execution_date=20241225T000000, start_date=20241226T000008, end_date=20241226T000236
[2024-12-26T00:02:36.450+0000] {local_task_job.py:208} INFO - Task exited with return code 0
[2024-12-26T00:02:36.508+0000] {taskinstance.py:2578} INFO - 0 downstream tasks scheduled from follow-on schedule check
