[2024-12-16T22:28:27.112+0000] {taskinstance.py:1083} INFO - Dependencies all met for <TaskInstance: PolygonAPI_to_BigQuery.sync_data_connection_2 scheduled__2024-12-15T00:00:00+00:00 [queued]>
[2024-12-16T22:28:27.147+0000] {taskinstance.py:1083} INFO - Dependencies all met for <TaskInstance: PolygonAPI_to_BigQuery.sync_data_connection_2 scheduled__2024-12-15T00:00:00+00:00 [queued]>
[2024-12-16T22:28:27.149+0000] {taskinstance.py:1279} INFO - 
--------------------------------------------------------------------------------
[2024-12-16T22:28:27.151+0000] {taskinstance.py:1280} INFO - Starting attempt 1 of 2
[2024-12-16T22:28:27.152+0000] {taskinstance.py:1281} INFO - 
--------------------------------------------------------------------------------
[2024-12-16T22:28:27.197+0000] {taskinstance.py:1300} INFO - Executing <Task(AirbyteTriggerSyncOperator): sync_data_connection_2> on 2024-12-15 00:00:00+00:00
[2024-12-16T22:28:27.209+0000] {standard_task_runner.py:55} INFO - Started process 108 to run task
[2024-12-16T22:28:27.225+0000] {standard_task_runner.py:82} INFO - Running: ['***', 'tasks', 'run', 'PolygonAPI_to_BigQuery', 'sync_data_connection_2', 'scheduled__2024-12-15T00:00:00+00:00', '--job-id', '105', '--raw', '--subdir', 'DAGS_FOLDER/polygon_to_bigquery.py', '--cfg-path', '/tmp/tmpnjhhfyac']
[2024-12-16T22:28:27.228+0000] {standard_task_runner.py:83} INFO - Job 105: Subtask sync_data_connection_2
[2024-12-16T22:28:27.451+0000] {task_command.py:388} INFO - Running <TaskInstance: PolygonAPI_to_BigQuery.sync_data_connection_2 scheduled__2024-12-15T00:00:00+00:00 [running]> on host 1b9e534b4855
[2024-12-16T22:28:27.779+0000] {taskinstance.py:1509} INFO - Exporting the following env vars:
AIRFLOW_CTX_DAG_OWNER=***
AIRFLOW_CTX_DAG_ID=PolygonAPI_to_BigQuery
AIRFLOW_CTX_TASK_ID=sync_data_connection_2
AIRFLOW_CTX_EXECUTION_DATE=2024-12-15T00:00:00+00:00
AIRFLOW_CTX_TRY_NUMBER=1
AIRFLOW_CTX_DAG_RUN_ID=scheduled__2024-12-15T00:00:00+00:00
[2024-12-16T22:28:27.822+0000] {base.py:73} INFO - Using connection ID 'airbyte_to_bigquery' for task execution.
[2024-12-16T22:28:37.404+0000] {airbyte.py:77} INFO - Job 81 was submitted to Airbyte Server
[2024-12-16T22:28:37.406+0000] {airbyte.py:79} INFO - Waiting for job 81 to complete
[2024-12-16T22:28:40.449+0000] {base.py:73} INFO - Using connection ID 'airbyte_to_bigquery' for task execution.
[2024-12-16T22:28:43.672+0000] {base.py:73} INFO - Using connection ID 'airbyte_to_bigquery' for task execution.
[2024-12-16T22:28:46.885+0000] {base.py:73} INFO - Using connection ID 'airbyte_to_bigquery' for task execution.
[2024-12-16T22:28:49.989+0000] {base.py:73} INFO - Using connection ID 'airbyte_to_bigquery' for task execution.
[2024-12-16T22:28:53.106+0000] {base.py:73} INFO - Using connection ID 'airbyte_to_bigquery' for task execution.
[2024-12-16T22:28:56.321+0000] {base.py:73} INFO - Using connection ID 'airbyte_to_bigquery' for task execution.
[2024-12-16T22:28:59.509+0000] {base.py:73} INFO - Using connection ID 'airbyte_to_bigquery' for task execution.
[2024-12-16T22:29:02.796+0000] {base.py:73} INFO - Using connection ID 'airbyte_to_bigquery' for task execution.
[2024-12-16T22:29:06.030+0000] {base.py:73} INFO - Using connection ID 'airbyte_to_bigquery' for task execution.
[2024-12-16T22:29:09.183+0000] {base.py:73} INFO - Using connection ID 'airbyte_to_bigquery' for task execution.
[2024-12-16T22:29:12.424+0000] {base.py:73} INFO - Using connection ID 'airbyte_to_bigquery' for task execution.
[2024-12-16T22:29:15.646+0000] {base.py:73} INFO - Using connection ID 'airbyte_to_bigquery' for task execution.
[2024-12-16T22:29:18.932+0000] {base.py:73} INFO - Using connection ID 'airbyte_to_bigquery' for task execution.
[2024-12-16T22:29:22.042+0000] {base.py:73} INFO - Using connection ID 'airbyte_to_bigquery' for task execution.
[2024-12-16T22:29:25.128+0000] {base.py:73} INFO - Using connection ID 'airbyte_to_bigquery' for task execution.
[2024-12-16T22:29:28.184+0000] {base.py:73} INFO - Using connection ID 'airbyte_to_bigquery' for task execution.
[2024-12-16T22:29:31.238+0000] {base.py:73} INFO - Using connection ID 'airbyte_to_bigquery' for task execution.
[2024-12-16T22:29:34.294+0000] {base.py:73} INFO - Using connection ID 'airbyte_to_bigquery' for task execution.
[2024-12-16T22:29:37.377+0000] {base.py:73} INFO - Using connection ID 'airbyte_to_bigquery' for task execution.
[2024-12-16T22:29:40.495+0000] {base.py:73} INFO - Using connection ID 'airbyte_to_bigquery' for task execution.
[2024-12-16T22:29:43.575+0000] {base.py:73} INFO - Using connection ID 'airbyte_to_bigquery' for task execution.
[2024-12-16T22:29:46.671+0000] {base.py:73} INFO - Using connection ID 'airbyte_to_bigquery' for task execution.
[2024-12-16T22:29:49.785+0000] {base.py:73} INFO - Using connection ID 'airbyte_to_bigquery' for task execution.
[2024-12-16T22:29:52.874+0000] {base.py:73} INFO - Using connection ID 'airbyte_to_bigquery' for task execution.
[2024-12-16T22:29:55.917+0000] {base.py:73} INFO - Using connection ID 'airbyte_to_bigquery' for task execution.
[2024-12-16T22:29:58.988+0000] {base.py:73} INFO - Using connection ID 'airbyte_to_bigquery' for task execution.
[2024-12-16T22:30:02.082+0000] {base.py:73} INFO - Using connection ID 'airbyte_to_bigquery' for task execution.
[2024-12-16T22:30:05.138+0000] {base.py:73} INFO - Using connection ID 'airbyte_to_bigquery' for task execution.
[2024-12-16T22:30:08.237+0000] {base.py:73} INFO - Using connection ID 'airbyte_to_bigquery' for task execution.
[2024-12-16T22:30:11.406+0000] {base.py:73} INFO - Using connection ID 'airbyte_to_bigquery' for task execution.
[2024-12-16T22:30:14.527+0000] {base.py:73} INFO - Using connection ID 'airbyte_to_bigquery' for task execution.
[2024-12-16T22:30:17.573+0000] {base.py:73} INFO - Using connection ID 'airbyte_to_bigquery' for task execution.
[2024-12-16T22:30:20.601+0000] {base.py:73} INFO - Using connection ID 'airbyte_to_bigquery' for task execution.
[2024-12-16T22:30:23.633+0000] {base.py:73} INFO - Using connection ID 'airbyte_to_bigquery' for task execution.
[2024-12-16T22:30:26.666+0000] {base.py:73} INFO - Using connection ID 'airbyte_to_bigquery' for task execution.
[2024-12-16T22:30:29.698+0000] {base.py:73} INFO - Using connection ID 'airbyte_to_bigquery' for task execution.
[2024-12-16T22:30:32.737+0000] {base.py:73} INFO - Using connection ID 'airbyte_to_bigquery' for task execution.
[2024-12-16T22:30:35.764+0000] {base.py:73} INFO - Using connection ID 'airbyte_to_bigquery' for task execution.
[2024-12-16T22:30:38.810+0000] {base.py:73} INFO - Using connection ID 'airbyte_to_bigquery' for task execution.
[2024-12-16T22:30:41.856+0000] {base.py:73} INFO - Using connection ID 'airbyte_to_bigquery' for task execution.
[2024-12-16T22:30:44.906+0000] {base.py:73} INFO - Using connection ID 'airbyte_to_bigquery' for task execution.
[2024-12-16T22:30:47.959+0000] {base.py:73} INFO - Using connection ID 'airbyte_to_bigquery' for task execution.
[2024-12-16T22:30:51.040+0000] {base.py:73} INFO - Using connection ID 'airbyte_to_bigquery' for task execution.
[2024-12-16T22:30:51.067+0000] {airbyte.py:81} INFO - Job 81 completed successfully
[2024-12-16T22:30:51.126+0000] {taskinstance.py:1323} INFO - Marking task as SUCCESS. dag_id=PolygonAPI_to_BigQuery, task_id=sync_data_connection_2, execution_date=20241215T000000, start_date=20241216T222827, end_date=20241216T223051
[2024-12-16T22:30:51.194+0000] {local_task_job.py:208} INFO - Task exited with return code 0
[2024-12-16T22:30:51.231+0000] {taskinstance.py:2578} INFO - 0 downstream tasks scheduled from follow-on schedule check
