[2024-12-02T17:18:19.544+0000] {taskinstance.py:1083} INFO - Dependencies all met for <TaskInstance: PolygonAPI_to_BigQuery.sync_polygon_data scheduled__2024-12-02T16:00:00+00:00 [queued]>
[2024-12-02T17:18:19.559+0000] {taskinstance.py:1083} INFO - Dependencies all met for <TaskInstance: PolygonAPI_to_BigQuery.sync_polygon_data scheduled__2024-12-02T16:00:00+00:00 [queued]>
[2024-12-02T17:18:19.560+0000] {taskinstance.py:1279} INFO - 
--------------------------------------------------------------------------------
[2024-12-02T17:18:19.561+0000] {taskinstance.py:1280} INFO - Starting attempt 1 of 2
[2024-12-02T17:18:19.561+0000] {taskinstance.py:1281} INFO - 
--------------------------------------------------------------------------------
[2024-12-02T17:18:19.588+0000] {taskinstance.py:1300} INFO - Executing <Task(AirbyteTriggerSyncOperator): sync_polygon_data> on 2024-12-02 16:00:00+00:00
[2024-12-02T17:18:19.595+0000] {standard_task_runner.py:55} INFO - Started process 11049 to run task
[2024-12-02T17:18:19.599+0000] {standard_task_runner.py:82} INFO - Running: ['***', 'tasks', 'run', 'PolygonAPI_to_BigQuery', 'sync_polygon_data', 'scheduled__2024-12-02T16:00:00+00:00', '--job-id', '23', '--raw', '--subdir', 'DAGS_FOLDER/polygon_to_BigQuery_sync.py', '--cfg-path', '/tmp/tmpq7hq7waj']
[2024-12-02T17:18:19.600+0000] {standard_task_runner.py:83} INFO - Job 23: Subtask sync_polygon_data
[2024-12-02T17:18:19.692+0000] {task_command.py:388} INFO - Running <TaskInstance: PolygonAPI_to_BigQuery.sync_polygon_data scheduled__2024-12-02T16:00:00+00:00 [running]> on host 5ecff608e4ff
[2024-12-02T17:18:19.787+0000] {taskinstance.py:1509} INFO - Exporting the following env vars:
AIRFLOW_CTX_DAG_OWNER=***
AIRFLOW_CTX_DAG_ID=PolygonAPI_to_BigQuery
AIRFLOW_CTX_TASK_ID=sync_polygon_data
AIRFLOW_CTX_EXECUTION_DATE=2024-12-02T16:00:00+00:00
AIRFLOW_CTX_TRY_NUMBER=1
AIRFLOW_CTX_DAG_RUN_ID=scheduled__2024-12-02T16:00:00+00:00
[2024-12-02T17:18:19.802+0000] {base.py:73} INFO - Using connection ID 'airbyte_to_bigquery' for task execution.
[2024-12-02T17:18:20.479+0000] {airbyte.py:77} INFO - Job 13 was submitted to Airbyte Server
[2024-12-02T17:18:20.480+0000] {airbyte.py:79} INFO - Waiting for job 13 to complete
[2024-12-02T17:18:23.577+0000] {base.py:73} INFO - Using connection ID 'airbyte_to_bigquery' for task execution.
[2024-12-02T17:18:26.691+0000] {base.py:73} INFO - Using connection ID 'airbyte_to_bigquery' for task execution.
[2024-12-02T17:18:29.753+0000] {base.py:73} INFO - Using connection ID 'airbyte_to_bigquery' for task execution.
[2024-12-02T17:18:32.802+0000] {base.py:73} INFO - Using connection ID 'airbyte_to_bigquery' for task execution.
[2024-12-02T17:18:35.841+0000] {base.py:73} INFO - Using connection ID 'airbyte_to_bigquery' for task execution.
[2024-12-02T17:18:38.884+0000] {base.py:73} INFO - Using connection ID 'airbyte_to_bigquery' for task execution.
[2024-12-02T17:18:41.936+0000] {base.py:73} INFO - Using connection ID 'airbyte_to_bigquery' for task execution.
[2024-12-02T17:18:45.009+0000] {base.py:73} INFO - Using connection ID 'airbyte_to_bigquery' for task execution.
[2024-12-02T17:18:48.073+0000] {base.py:73} INFO - Using connection ID 'airbyte_to_bigquery' for task execution.
[2024-12-02T17:18:51.106+0000] {base.py:73} INFO - Using connection ID 'airbyte_to_bigquery' for task execution.
[2024-12-02T17:18:54.156+0000] {base.py:73} INFO - Using connection ID 'airbyte_to_bigquery' for task execution.
[2024-12-02T17:18:57.187+0000] {base.py:73} INFO - Using connection ID 'airbyte_to_bigquery' for task execution.
[2024-12-02T17:19:00.223+0000] {base.py:73} INFO - Using connection ID 'airbyte_to_bigquery' for task execution.
[2024-12-02T17:19:03.268+0000] {base.py:73} INFO - Using connection ID 'airbyte_to_bigquery' for task execution.
[2024-12-02T17:19:06.307+0000] {base.py:73} INFO - Using connection ID 'airbyte_to_bigquery' for task execution.
[2024-12-02T17:19:09.336+0000] {base.py:73} INFO - Using connection ID 'airbyte_to_bigquery' for task execution.
[2024-12-02T17:19:12.400+0000] {base.py:73} INFO - Using connection ID 'airbyte_to_bigquery' for task execution.
[2024-12-02T17:19:15.469+0000] {base.py:73} INFO - Using connection ID 'airbyte_to_bigquery' for task execution.
[2024-12-02T17:19:18.515+0000] {base.py:73} INFO - Using connection ID 'airbyte_to_bigquery' for task execution.
[2024-12-02T17:19:18.565+0000] {airbyte.py:81} INFO - Job 13 completed successfully
[2024-12-02T17:19:18.624+0000] {taskinstance.py:1323} INFO - Marking task as SUCCESS. dag_id=PolygonAPI_to_BigQuery, task_id=sync_polygon_data, execution_date=20241202T160000, start_date=20241202T171819, end_date=20241202T171918
[2024-12-02T17:19:18.727+0000] {local_task_job.py:208} INFO - Task exited with return code 0
[2024-12-02T17:19:18.778+0000] {taskinstance.py:2578} INFO - 0 downstream tasks scheduled from follow-on schedule check
