[2025-01-13T00:41:24.565+0000] {taskinstance.py:1159} INFO - Dependencies all met for dep_context=non-requeueable deps ti=<TaskInstance: PolygonAPI_to_BigQuery.sync_data_connection_2 manual__2025-01-13T00:41:15.479962+00:00 [queued]>
[2025-01-13T00:41:24.615+0000] {taskinstance.py:1159} INFO - Dependencies all met for dep_context=requeueable deps ti=<TaskInstance: PolygonAPI_to_BigQuery.sync_data_connection_2 manual__2025-01-13T00:41:15.479962+00:00 [queued]>
[2025-01-13T00:41:24.617+0000] {taskinstance.py:1361} INFO - Starting attempt 1 of 2
[2025-01-13T00:41:24.668+0000] {taskinstance.py:1382} INFO - Executing <Task(AirbyteTriggerSyncOperator): sync_data_connection_2> on 2025-01-13 00:41:15.479962+00:00
[2025-01-13T00:41:24.679+0000] {standard_task_runner.py:57} INFO - Started process 373 to run task
[2025-01-13T00:41:24.693+0000] {standard_task_runner.py:84} INFO - Running: ['***', 'tasks', 'run', 'PolygonAPI_to_BigQuery', 'sync_data_connection_2', 'manual__2025-01-13T00:41:15.479962+00:00', '--job-id', '308', '--raw', '--subdir', 'DAGS_FOLDER/polygon_to_bigquery.py', '--cfg-path', '/tmp/tmpqslbf22u']
[2025-01-13T00:41:24.710+0000] {standard_task_runner.py:85} INFO - Job 308: Subtask sync_data_connection_2
[2025-01-13T00:41:24.876+0000] {task_command.py:415} INFO - Running <TaskInstance: PolygonAPI_to_BigQuery.sync_data_connection_2 manual__2025-01-13T00:41:15.479962+00:00 [running]> on host 8e83bd89ed82
[2025-01-13T00:41:32.957+0000] {taskinstance.py:1660} INFO - Exporting env vars: AIRFLOW_CTX_DAG_OWNER='***' AIRFLOW_CTX_DAG_ID='PolygonAPI_to_BigQuery' AIRFLOW_CTX_TASK_ID='sync_data_connection_2' AIRFLOW_CTX_EXECUTION_DATE='2025-01-13T00:41:15.479962+00:00' AIRFLOW_CTX_TRY_NUMBER='1' AIRFLOW_CTX_DAG_RUN_ID='manual__2025-01-13T00:41:15.479962+00:00'
[2025-01-13T00:41:32.984+0000] {base.py:73} INFO - Using connection ID 'airbyte_to_bigquery' for task execution.
[2025-01-13T00:41:34.368+0000] {airbyte.py:95} INFO - Job 304 was submitted to Airbyte Server
[2025-01-13T00:41:34.369+0000] {airbyte.py:97} INFO - Waiting for job 304 to complete
[2025-01-13T00:41:37.399+0000] {base.py:73} INFO - Using connection ID 'airbyte_to_bigquery' for task execution.
[2025-01-13T00:41:40.482+0000] {base.py:73} INFO - Using connection ID 'airbyte_to_bigquery' for task execution.
[2025-01-13T00:41:43.597+0000] {base.py:73} INFO - Using connection ID 'airbyte_to_bigquery' for task execution.
[2025-01-13T00:41:46.707+0000] {base.py:73} INFO - Using connection ID 'airbyte_to_bigquery' for task execution.
[2025-01-13T00:41:49.813+0000] {base.py:73} INFO - Using connection ID 'airbyte_to_bigquery' for task execution.
[2025-01-13T00:41:52.877+0000] {base.py:73} INFO - Using connection ID 'airbyte_to_bigquery' for task execution.
[2025-01-13T00:41:56.631+0000] {base.py:73} INFO - Using connection ID 'airbyte_to_bigquery' for task execution.
[2025-01-13T00:41:59.715+0000] {base.py:73} INFO - Using connection ID 'airbyte_to_bigquery' for task execution.
[2025-01-13T00:42:02.785+0000] {base.py:73} INFO - Using connection ID 'airbyte_to_bigquery' for task execution.
[2025-01-13T00:42:05.851+0000] {base.py:73} INFO - Using connection ID 'airbyte_to_bigquery' for task execution.
[2025-01-13T00:42:08.919+0000] {base.py:73} INFO - Using connection ID 'airbyte_to_bigquery' for task execution.
[2025-01-13T00:42:12.017+0000] {base.py:73} INFO - Using connection ID 'airbyte_to_bigquery' for task execution.
[2025-01-13T00:42:15.087+0000] {base.py:73} INFO - Using connection ID 'airbyte_to_bigquery' for task execution.
[2025-01-13T00:42:18.167+0000] {base.py:73} INFO - Using connection ID 'airbyte_to_bigquery' for task execution.
[2025-01-13T00:42:21.240+0000] {base.py:73} INFO - Using connection ID 'airbyte_to_bigquery' for task execution.
[2025-01-13T00:42:24.310+0000] {base.py:73} INFO - Using connection ID 'airbyte_to_bigquery' for task execution.
[2025-01-13T00:42:27.384+0000] {base.py:73} INFO - Using connection ID 'airbyte_to_bigquery' for task execution.
[2025-01-13T00:42:30.457+0000] {base.py:73} INFO - Using connection ID 'airbyte_to_bigquery' for task execution.
[2025-01-13T00:42:33.506+0000] {base.py:73} INFO - Using connection ID 'airbyte_to_bigquery' for task execution.
[2025-01-13T00:42:36.543+0000] {base.py:73} INFO - Using connection ID 'airbyte_to_bigquery' for task execution.
[2025-01-13T00:42:39.581+0000] {base.py:73} INFO - Using connection ID 'airbyte_to_bigquery' for task execution.
[2025-01-13T00:42:42.618+0000] {base.py:73} INFO - Using connection ID 'airbyte_to_bigquery' for task execution.
[2025-01-13T00:42:45.645+0000] {base.py:73} INFO - Using connection ID 'airbyte_to_bigquery' for task execution.
[2025-01-13T00:42:48.675+0000] {base.py:73} INFO - Using connection ID 'airbyte_to_bigquery' for task execution.
[2025-01-13T00:42:51.699+0000] {base.py:73} INFO - Using connection ID 'airbyte_to_bigquery' for task execution.
[2025-01-13T00:42:54.728+0000] {base.py:73} INFO - Using connection ID 'airbyte_to_bigquery' for task execution.
[2025-01-13T00:42:57.755+0000] {base.py:73} INFO - Using connection ID 'airbyte_to_bigquery' for task execution.
[2025-01-13T00:43:00.783+0000] {base.py:73} INFO - Using connection ID 'airbyte_to_bigquery' for task execution.
[2025-01-13T00:43:03.811+0000] {base.py:73} INFO - Using connection ID 'airbyte_to_bigquery' for task execution.
[2025-01-13T00:43:06.840+0000] {base.py:73} INFO - Using connection ID 'airbyte_to_bigquery' for task execution.
[2025-01-13T00:43:09.873+0000] {base.py:73} INFO - Using connection ID 'airbyte_to_bigquery' for task execution.
[2025-01-13T00:43:09.892+0000] {airbyte.py:124} INFO - Job 304 completed successfully
[2025-01-13T00:43:09.916+0000] {taskinstance.py:1400} INFO - Marking task as SUCCESS. dag_id=PolygonAPI_to_BigQuery, task_id=sync_data_connection_2, execution_date=20250113T004115, start_date=20250113T004124, end_date=20250113T004309
[2025-01-13T00:43:09.978+0000] {local_task_job_runner.py:228} INFO - Task exited with return code 0
[2025-01-13T00:43:10.007+0000] {taskinstance.py:2784} INFO - 0 downstream tasks scheduled from follow-on schedule check
