[2025-01-08T22:48:34.705+0000] {taskinstance.py:1083} INFO - Dependencies all met for <TaskInstance: PolygonAPI_to_BigQuery.sync_data_connection_4 manual__2025-01-08T22:48:32.475937+00:00 [queued]>
[2025-01-08T22:48:34.717+0000] {taskinstance.py:1083} INFO - Dependencies all met for <TaskInstance: PolygonAPI_to_BigQuery.sync_data_connection_4 manual__2025-01-08T22:48:32.475937+00:00 [queued]>
[2025-01-08T22:48:34.718+0000] {taskinstance.py:1279} INFO - 
--------------------------------------------------------------------------------
[2025-01-08T22:48:34.718+0000] {taskinstance.py:1280} INFO - Starting attempt 1 of 2
[2025-01-08T22:48:34.718+0000] {taskinstance.py:1281} INFO - 
--------------------------------------------------------------------------------
[2025-01-08T22:48:34.736+0000] {taskinstance.py:1300} INFO - Executing <Task(AirbyteTriggerSyncOperator): sync_data_connection_4> on 2025-01-08 22:48:32.475937+00:00
[2025-01-08T22:48:34.742+0000] {standard_task_runner.py:55} INFO - Started process 246 to run task
[2025-01-08T22:48:34.747+0000] {standard_task_runner.py:82} INFO - Running: ['***', 'tasks', 'run', 'PolygonAPI_to_BigQuery', 'sync_data_connection_4', 'manual__2025-01-08T22:48:32.475937+00:00', '--job-id', '601', '--raw', '--subdir', 'DAGS_FOLDER/polygon_to_bigquery.py', '--cfg-path', '/tmp/tmp42epdnjp']
[2025-01-08T22:48:34.748+0000] {standard_task_runner.py:83} INFO - Job 601: Subtask sync_data_connection_4
[2025-01-08T22:48:34.865+0000] {task_command.py:388} INFO - Running <TaskInstance: PolygonAPI_to_BigQuery.sync_data_connection_4 manual__2025-01-08T22:48:32.475937+00:00 [running]> on host 457c3482fe3e
[2025-01-08T22:48:34.978+0000] {taskinstance.py:1509} INFO - Exporting the following env vars:
AIRFLOW_CTX_DAG_OWNER=***
AIRFLOW_CTX_DAG_ID=PolygonAPI_to_BigQuery
AIRFLOW_CTX_TASK_ID=sync_data_connection_4
AIRFLOW_CTX_EXECUTION_DATE=2025-01-08T22:48:32.475937+00:00
AIRFLOW_CTX_TRY_NUMBER=1
AIRFLOW_CTX_DAG_RUN_ID=manual__2025-01-08T22:48:32.475937+00:00
[2025-01-08T22:48:34.993+0000] {base.py:73} INFO - Using connection ID 'airbyte_to_bigquery' for task execution.
[2025-01-08T22:48:43.451+0000] {airbyte.py:77} INFO - Job 216 was submitted to Airbyte Server
[2025-01-08T22:48:43.451+0000] {airbyte.py:79} INFO - Waiting for job 216 to complete
[2025-01-08T22:48:46.468+0000] {base.py:73} INFO - Using connection ID 'airbyte_to_bigquery' for task execution.
[2025-01-08T22:48:49.576+0000] {base.py:73} INFO - Using connection ID 'airbyte_to_bigquery' for task execution.
[2025-01-08T22:48:52.707+0000] {base.py:73} INFO - Using connection ID 'airbyte_to_bigquery' for task execution.
[2025-01-08T22:48:55.874+0000] {base.py:73} INFO - Using connection ID 'airbyte_to_bigquery' for task execution.
[2025-01-08T22:48:58.995+0000] {base.py:73} INFO - Using connection ID 'airbyte_to_bigquery' for task execution.
[2025-01-08T22:49:02.037+0000] {base.py:73} INFO - Using connection ID 'airbyte_to_bigquery' for task execution.
[2025-01-08T22:49:05.069+0000] {base.py:73} INFO - Using connection ID 'airbyte_to_bigquery' for task execution.
[2025-01-08T22:49:08.097+0000] {base.py:73} INFO - Using connection ID 'airbyte_to_bigquery' for task execution.
[2025-01-08T22:49:11.134+0000] {base.py:73} INFO - Using connection ID 'airbyte_to_bigquery' for task execution.
[2025-01-08T22:49:14.183+0000] {base.py:73} INFO - Using connection ID 'airbyte_to_bigquery' for task execution.
[2025-01-08T22:49:17.259+0000] {base.py:73} INFO - Using connection ID 'airbyte_to_bigquery' for task execution.
[2025-01-08T22:49:20.293+0000] {base.py:73} INFO - Using connection ID 'airbyte_to_bigquery' for task execution.
[2025-01-08T22:49:23.332+0000] {base.py:73} INFO - Using connection ID 'airbyte_to_bigquery' for task execution.
[2025-01-08T22:49:26.364+0000] {base.py:73} INFO - Using connection ID 'airbyte_to_bigquery' for task execution.
[2025-01-08T22:49:29.396+0000] {base.py:73} INFO - Using connection ID 'airbyte_to_bigquery' for task execution.
[2025-01-08T22:49:32.430+0000] {base.py:73} INFO - Using connection ID 'airbyte_to_bigquery' for task execution.
[2025-01-08T22:49:35.452+0000] {base.py:73} INFO - Using connection ID 'airbyte_to_bigquery' for task execution.
[2025-01-08T22:49:38.475+0000] {base.py:73} INFO - Using connection ID 'airbyte_to_bigquery' for task execution.
[2025-01-08T22:49:41.497+0000] {base.py:73} INFO - Using connection ID 'airbyte_to_bigquery' for task execution.
[2025-01-08T22:49:44.526+0000] {base.py:73} INFO - Using connection ID 'airbyte_to_bigquery' for task execution.
[2025-01-08T22:49:47.549+0000] {base.py:73} INFO - Using connection ID 'airbyte_to_bigquery' for task execution.
[2025-01-08T22:49:50.572+0000] {base.py:73} INFO - Using connection ID 'airbyte_to_bigquery' for task execution.
[2025-01-08T22:49:53.596+0000] {base.py:73} INFO - Using connection ID 'airbyte_to_bigquery' for task execution.
[2025-01-08T22:49:56.621+0000] {base.py:73} INFO - Using connection ID 'airbyte_to_bigquery' for task execution.
[2025-01-08T22:49:59.661+0000] {base.py:73} INFO - Using connection ID 'airbyte_to_bigquery' for task execution.
[2025-01-08T22:49:59.709+0000] {airbyte.py:81} INFO - Job 216 completed successfully
[2025-01-08T22:49:59.776+0000] {taskinstance.py:1323} INFO - Marking task as SUCCESS. dag_id=PolygonAPI_to_BigQuery, task_id=sync_data_connection_4, execution_date=20250108T224832, start_date=20250108T224834, end_date=20250108T224959
[2025-01-08T22:49:59.871+0000] {local_task_job.py:208} INFO - Task exited with return code 0
[2025-01-08T22:49:59.997+0000] {taskinstance.py:2578} INFO - 0 downstream tasks scheduled from follow-on schedule check
