[2025-01-17T17:58:08.628+0000] {processor.py:157} INFO - Started process (PID=54595) to work on /home/airflow/.local/lib/python3.8/site-packages/airflow/example_dags/example_subdag_operator.py
[2025-01-17T17:58:08.630+0000] {processor.py:829} INFO - Processing file /home/airflow/.local/lib/python3.8/site-packages/airflow/example_dags/example_subdag_operator.py for tasks to queue
[2025-01-17T17:58:08.634+0000] {logging_mixin.py:151} INFO - [2025-01-17T17:58:08.634+0000] {dagbag.py:539} INFO - Filling up the DagBag from /home/airflow/.local/lib/python3.8/site-packages/airflow/example_dags/example_subdag_operator.py
[2025-01-17T17:58:08.739+0000] {processor.py:839} INFO - DAG(s) dict_keys(['example_subdag_operator.section-1', 'example_subdag_operator.section-2', 'example_subdag_operator']) retrieved from /home/airflow/.local/lib/python3.8/site-packages/airflow/example_dags/example_subdag_operator.py
[2025-01-17T17:58:08.831+0000] {logging_mixin.py:151} INFO - [2025-01-17T17:58:08.831+0000] {dag.py:2907} INFO - Sync 3 DAGs
[2025-01-17T17:58:08.954+0000] {logging_mixin.py:151} INFO - [2025-01-17T17:58:08.953+0000] {dag.py:3677} INFO - Setting next_dagrun for example_subdag_operator to 2022-01-01T00:00:00+00:00, run_after=2022-01-01T00:00:00+00:00
[2025-01-17T17:58:09.259+0000] {logging_mixin.py:151} INFO - [2025-01-17T17:58:09.259+0000] {dag.py:3677} INFO - Setting next_dagrun for example_subdag_operator.section-1 to None, run_after=None
[2025-01-17T17:58:09.341+0000] {logging_mixin.py:151} INFO - [2025-01-17T17:58:09.341+0000] {dag.py:3677} INFO - Setting next_dagrun for example_subdag_operator.section-2 to None, run_after=None
[2025-01-17T17:58:09.674+0000] {logging_mixin.py:151} INFO - [2025-01-17T17:58:09.673+0000] {dag.py:2907} INFO - Sync 2 DAGs
[2025-01-17T17:58:09.707+0000] {logging_mixin.py:151} INFO - [2025-01-17T17:58:09.707+0000] {dag.py:3677} INFO - Setting next_dagrun for example_subdag_operator.section-1 to None, run_after=None
[2025-01-17T17:58:09.811+0000] {logging_mixin.py:151} INFO - [2025-01-17T17:58:09.810+0000] {dag.py:3677} INFO - Setting next_dagrun for example_subdag_operator.section-2 to None, run_after=None
[2025-01-17T17:58:09.927+0000] {processor.py:179} INFO - Processing /home/airflow/.local/lib/python3.8/site-packages/airflow/example_dags/example_subdag_operator.py took 1.307 seconds
[2025-01-17T17:58:40.891+0000] {processor.py:157} INFO - Started process (PID=54681) to work on /home/airflow/.local/lib/python3.8/site-packages/airflow/example_dags/example_subdag_operator.py
[2025-01-17T17:58:40.893+0000] {processor.py:829} INFO - Processing file /home/airflow/.local/lib/python3.8/site-packages/airflow/example_dags/example_subdag_operator.py for tasks to queue
[2025-01-17T17:58:40.896+0000] {logging_mixin.py:151} INFO - [2025-01-17T17:58:40.895+0000] {dagbag.py:539} INFO - Filling up the DagBag from /home/airflow/.local/lib/python3.8/site-packages/airflow/example_dags/example_subdag_operator.py
[2025-01-17T17:58:40.967+0000] {processor.py:839} INFO - DAG(s) dict_keys(['example_subdag_operator.section-1', 'example_subdag_operator.section-2', 'example_subdag_operator']) retrieved from /home/airflow/.local/lib/python3.8/site-packages/airflow/example_dags/example_subdag_operator.py
[2025-01-17T17:58:41.022+0000] {logging_mixin.py:151} INFO - [2025-01-17T17:58:41.021+0000] {dag.py:2907} INFO - Sync 3 DAGs
[2025-01-17T17:58:41.081+0000] {logging_mixin.py:151} INFO - [2025-01-17T17:58:41.080+0000] {dag.py:3677} INFO - Setting next_dagrun for example_subdag_operator to 2022-01-01T00:00:00+00:00, run_after=2022-01-01T00:00:00+00:00
[2025-01-17T17:58:41.090+0000] {logging_mixin.py:151} INFO - [2025-01-17T17:58:41.089+0000] {dag.py:3677} INFO - Setting next_dagrun for example_subdag_operator.section-1 to None, run_after=None
[2025-01-17T17:58:41.094+0000] {logging_mixin.py:151} INFO - [2025-01-17T17:58:41.093+0000] {dag.py:3677} INFO - Setting next_dagrun for example_subdag_operator.section-2 to None, run_after=None
[2025-01-17T17:58:41.112+0000] {logging_mixin.py:151} INFO - [2025-01-17T17:58:41.111+0000] {dag.py:2907} INFO - Sync 2 DAGs
[2025-01-17T17:58:41.126+0000] {logging_mixin.py:151} INFO - [2025-01-17T17:58:41.126+0000] {dag.py:3677} INFO - Setting next_dagrun for example_subdag_operator.section-1 to None, run_after=None
[2025-01-17T17:58:41.128+0000] {logging_mixin.py:151} INFO - [2025-01-17T17:58:41.127+0000] {dag.py:3677} INFO - Setting next_dagrun for example_subdag_operator.section-2 to None, run_after=None
[2025-01-17T17:58:41.161+0000] {processor.py:179} INFO - Processing /home/airflow/.local/lib/python3.8/site-packages/airflow/example_dags/example_subdag_operator.py took 0.288 seconds
