[2025-01-17T17:58:10.362+0000] {processor.py:157} INFO - Started process (PID=54604) to work on /home/airflow/.local/lib/python3.8/site-packages/airflow/example_dags/example_datasets.py
[2025-01-17T17:58:10.374+0000] {processor.py:829} INFO - Processing file /home/airflow/.local/lib/python3.8/site-packages/airflow/example_dags/example_datasets.py for tasks to queue
[2025-01-17T17:58:10.377+0000] {logging_mixin.py:151} INFO - [2025-01-17T17:58:10.376+0000] {dagbag.py:539} INFO - Filling up the DagBag from /home/airflow/.local/lib/python3.8/site-packages/airflow/example_dags/example_datasets.py
[2025-01-17T17:58:10.454+0000] {processor.py:839} INFO - DAG(s) dict_keys(['dataset_consumes_1_never_scheduled', 'dataset_consumes_1', 'dataset_consumes_unknown_never_scheduled', 'dataset_produces_1', 'dataset_produces_2', 'dataset_consumes_1_and_2']) retrieved from /home/airflow/.local/lib/python3.8/site-packages/airflow/example_dags/example_datasets.py
[2025-01-17T17:58:10.754+0000] {logging_mixin.py:151} INFO - [2025-01-17T17:58:10.754+0000] {dag.py:2907} INFO - Sync 6 DAGs
[2025-01-17T17:58:10.948+0000] {logging_mixin.py:151} INFO - [2025-01-17T17:58:10.936+0000] {dag.py:3677} INFO - Setting next_dagrun for dataset_consumes_1 to None, run_after=None
[2025-01-17T17:58:10.966+0000] {logging_mixin.py:151} INFO - [2025-01-17T17:58:10.966+0000] {dag.py:3677} INFO - Setting next_dagrun for dataset_consumes_1_and_2 to None, run_after=None
[2025-01-17T17:58:10.970+0000] {logging_mixin.py:151} INFO - [2025-01-17T17:58:10.969+0000] {dag.py:3677} INFO - Setting next_dagrun for dataset_consumes_1_never_scheduled to None, run_after=None
[2025-01-17T17:58:10.983+0000] {logging_mixin.py:151} INFO - [2025-01-17T17:58:10.983+0000] {dag.py:3677} INFO - Setting next_dagrun for dataset_consumes_unknown_never_scheduled to None, run_after=None
[2025-01-17T17:58:11.012+0000] {logging_mixin.py:151} INFO - [2025-01-17T17:58:11.011+0000] {dag.py:3677} INFO - Setting next_dagrun for dataset_produces_1 to 2025-01-16T00:00:00+00:00, run_after=2025-01-17T00:00:00+00:00
[2025-01-17T17:58:11.016+0000] {logging_mixin.py:151} INFO - [2025-01-17T17:58:11.015+0000] {dag.py:3677} INFO - Setting next_dagrun for dataset_produces_2 to None, run_after=None
[2025-01-17T17:58:11.230+0000] {processor.py:179} INFO - Processing /home/airflow/.local/lib/python3.8/site-packages/airflow/example_dags/example_datasets.py took 0.885 seconds
[2025-01-17T17:58:41.996+0000] {processor.py:157} INFO - Started process (PID=54682) to work on /home/airflow/.local/lib/python3.8/site-packages/airflow/example_dags/example_datasets.py
[2025-01-17T17:58:41.999+0000] {processor.py:829} INFO - Processing file /home/airflow/.local/lib/python3.8/site-packages/airflow/example_dags/example_datasets.py for tasks to queue
[2025-01-17T17:58:42.002+0000] {logging_mixin.py:151} INFO - [2025-01-17T17:58:42.001+0000] {dagbag.py:539} INFO - Filling up the DagBag from /home/airflow/.local/lib/python3.8/site-packages/airflow/example_dags/example_datasets.py
[2025-01-17T17:58:42.028+0000] {processor.py:839} INFO - DAG(s) dict_keys(['dataset_consumes_1_and_2', 'dataset_produces_1', 'dataset_consumes_unknown_never_scheduled', 'dataset_produces_2', 'dataset_consumes_1', 'dataset_consumes_1_never_scheduled']) retrieved from /home/airflow/.local/lib/python3.8/site-packages/airflow/example_dags/example_datasets.py
[2025-01-17T17:58:42.140+0000] {logging_mixin.py:151} INFO - [2025-01-17T17:58:42.140+0000] {dag.py:2907} INFO - Sync 6 DAGs
[2025-01-17T17:58:42.209+0000] {logging_mixin.py:151} INFO - [2025-01-17T17:58:42.209+0000] {dag.py:3677} INFO - Setting next_dagrun for dataset_consumes_1 to None, run_after=None
[2025-01-17T17:58:42.219+0000] {logging_mixin.py:151} INFO - [2025-01-17T17:58:42.219+0000] {dag.py:3677} INFO - Setting next_dagrun for dataset_consumes_1_and_2 to None, run_after=None
[2025-01-17T17:58:42.223+0000] {logging_mixin.py:151} INFO - [2025-01-17T17:58:42.223+0000] {dag.py:3677} INFO - Setting next_dagrun for dataset_consumes_1_never_scheduled to None, run_after=None
[2025-01-17T17:58:42.228+0000] {logging_mixin.py:151} INFO - [2025-01-17T17:58:42.227+0000] {dag.py:3677} INFO - Setting next_dagrun for dataset_consumes_unknown_never_scheduled to None, run_after=None
[2025-01-17T17:58:42.238+0000] {logging_mixin.py:151} INFO - [2025-01-17T17:58:42.237+0000] {dag.py:3677} INFO - Setting next_dagrun for dataset_produces_1 to 2025-01-16T00:00:00+00:00, run_after=2025-01-17T00:00:00+00:00
[2025-01-17T17:58:42.242+0000] {logging_mixin.py:151} INFO - [2025-01-17T17:58:42.242+0000] {dag.py:3677} INFO - Setting next_dagrun for dataset_produces_2 to None, run_after=None
[2025-01-17T17:58:42.335+0000] {processor.py:179} INFO - Processing /home/airflow/.local/lib/python3.8/site-packages/airflow/example_dags/example_datasets.py took 0.346 seconds
