[2024-12-04T16:00:00.893+0000] {taskinstance.py:1083} INFO - Dependencies all met for <TaskInstance: PolygonAPI_to_BigQuery.sync_polygon_data scheduled__2024-12-04T15:00:00+00:00 [queued]>
[2024-12-04T16:00:00.906+0000] {taskinstance.py:1083} INFO - Dependencies all met for <TaskInstance: PolygonAPI_to_BigQuery.sync_polygon_data scheduled__2024-12-04T15:00:00+00:00 [queued]>
[2024-12-04T16:00:00.907+0000] {taskinstance.py:1279} INFO - 
--------------------------------------------------------------------------------
[2024-12-04T16:00:00.907+0000] {taskinstance.py:1280} INFO - Starting attempt 1 of 2
[2024-12-04T16:00:00.908+0000] {taskinstance.py:1281} INFO - 
--------------------------------------------------------------------------------
[2024-12-04T16:00:00.925+0000] {taskinstance.py:1300} INFO - Executing <Task(AirbyteTriggerSyncOperator): sync_polygon_data> on 2024-12-04 15:00:00+00:00
[2024-12-04T16:00:00.930+0000] {standard_task_runner.py:55} INFO - Started process 15991 to run task
[2024-12-04T16:00:00.933+0000] {standard_task_runner.py:82} INFO - Running: ['***', 'tasks', 'run', 'PolygonAPI_to_BigQuery', 'sync_polygon_data', 'scheduled__2024-12-04T15:00:00+00:00', '--job-id', '55', '--raw', '--subdir', 'DAGS_FOLDER/polygon_to_BigQuery_sync.py', '--cfg-path', '/tmp/tmpw1lvk8tt']
[2024-12-04T16:00:00.934+0000] {standard_task_runner.py:83} INFO - Job 55: Subtask sync_polygon_data
[2024-12-04T16:00:01.005+0000] {task_command.py:388} INFO - Running <TaskInstance: PolygonAPI_to_BigQuery.sync_polygon_data scheduled__2024-12-04T15:00:00+00:00 [running]> on host 1b9e534b4855
[2024-12-04T16:00:01.079+0000] {taskinstance.py:1509} INFO - Exporting the following env vars:
AIRFLOW_CTX_DAG_OWNER=***
AIRFLOW_CTX_DAG_ID=PolygonAPI_to_BigQuery
AIRFLOW_CTX_TASK_ID=sync_polygon_data
AIRFLOW_CTX_EXECUTION_DATE=2024-12-04T15:00:00+00:00
AIRFLOW_CTX_TRY_NUMBER=1
AIRFLOW_CTX_DAG_RUN_ID=scheduled__2024-12-04T15:00:00+00:00
[2024-12-04T16:00:01.090+0000] {base.py:73} INFO - Using connection ID 'airbyte_to_bigquery' for task execution.
[2024-12-04T16:00:01.500+0000] {airbyte.py:77} INFO - Job 32 was submitted to Airbyte Server
[2024-12-04T16:00:01.501+0000] {airbyte.py:79} INFO - Waiting for job 32 to complete
[2024-12-04T16:00:04.521+0000] {base.py:73} INFO - Using connection ID 'airbyte_to_bigquery' for task execution.
[2024-12-04T16:00:07.555+0000] {base.py:73} INFO - Using connection ID 'airbyte_to_bigquery' for task execution.
[2024-12-04T16:00:10.582+0000] {base.py:73} INFO - Using connection ID 'airbyte_to_bigquery' for task execution.
[2024-12-04T16:00:13.618+0000] {base.py:73} INFO - Using connection ID 'airbyte_to_bigquery' for task execution.
[2024-12-04T16:00:16.655+0000] {base.py:73} INFO - Using connection ID 'airbyte_to_bigquery' for task execution.
[2024-12-04T16:00:19.681+0000] {base.py:73} INFO - Using connection ID 'airbyte_to_bigquery' for task execution.
[2024-12-04T16:00:22.708+0000] {base.py:73} INFO - Using connection ID 'airbyte_to_bigquery' for task execution.
[2024-12-04T16:00:25.747+0000] {base.py:73} INFO - Using connection ID 'airbyte_to_bigquery' for task execution.
[2024-12-04T16:00:28.778+0000] {base.py:73} INFO - Using connection ID 'airbyte_to_bigquery' for task execution.
[2024-12-04T16:00:31.807+0000] {base.py:73} INFO - Using connection ID 'airbyte_to_bigquery' for task execution.
[2024-12-04T16:00:34.854+0000] {base.py:73} INFO - Using connection ID 'airbyte_to_bigquery' for task execution.
[2024-12-04T16:00:37.879+0000] {base.py:73} INFO - Using connection ID 'airbyte_to_bigquery' for task execution.
[2024-12-04T16:00:40.912+0000] {base.py:73} INFO - Using connection ID 'airbyte_to_bigquery' for task execution.
[2024-12-04T16:00:43.946+0000] {base.py:73} INFO - Using connection ID 'airbyte_to_bigquery' for task execution.
[2024-12-04T16:00:46.981+0000] {base.py:73} INFO - Using connection ID 'airbyte_to_bigquery' for task execution.
[2024-12-04T16:00:50.008+0000] {base.py:73} INFO - Using connection ID 'airbyte_to_bigquery' for task execution.
[2024-12-04T16:00:50.027+0000] {airbyte.py:81} INFO - Job 32 completed successfully
[2024-12-04T16:00:50.059+0000] {taskinstance.py:1323} INFO - Marking task as SUCCESS. dag_id=PolygonAPI_to_BigQuery, task_id=sync_polygon_data, execution_date=20241204T150000, start_date=20241204T160000, end_date=20241204T160050
[2024-12-04T16:00:50.108+0000] {local_task_job.py:208} INFO - Task exited with return code 0
[2024-12-04T16:00:50.129+0000] {taskinstance.py:2578} INFO - 0 downstream tasks scheduled from follow-on schedule check
