[2025-01-08T23:50:03.258+0000] {taskinstance.py:1083} INFO - Dependencies all met for <TaskInstance: PolygonAPI_to_BigQuery.sync_data_connection_4 manual__2025-01-08T23:50:01.523970+00:00 [queued]>
[2025-01-08T23:50:03.272+0000] {taskinstance.py:1083} INFO - Dependencies all met for <TaskInstance: PolygonAPI_to_BigQuery.sync_data_connection_4 manual__2025-01-08T23:50:01.523970+00:00 [queued]>
[2025-01-08T23:50:03.273+0000] {taskinstance.py:1279} INFO - 
--------------------------------------------------------------------------------
[2025-01-08T23:50:03.273+0000] {taskinstance.py:1280} INFO - Starting attempt 1 of 2
[2025-01-08T23:50:03.274+0000] {taskinstance.py:1281} INFO - 
--------------------------------------------------------------------------------
[2025-01-08T23:50:03.297+0000] {taskinstance.py:1300} INFO - Executing <Task(AirbyteTriggerSyncOperator): sync_data_connection_4> on 2025-01-08 23:50:01.523970+00:00
[2025-01-08T23:50:03.302+0000] {standard_task_runner.py:55} INFO - Started process 519 to run task
[2025-01-08T23:50:03.310+0000] {standard_task_runner.py:82} INFO - Running: ['***', 'tasks', 'run', 'PolygonAPI_to_BigQuery', 'sync_data_connection_4', 'manual__2025-01-08T23:50:01.523970+00:00', '--job-id', '640', '--raw', '--subdir', 'DAGS_FOLDER/polygon_to_bigquery.py', '--cfg-path', '/tmp/tmprn4hrpvp']
[2025-01-08T23:50:03.311+0000] {standard_task_runner.py:83} INFO - Job 640: Subtask sync_data_connection_4
[2025-01-08T23:50:03.401+0000] {task_command.py:388} INFO - Running <TaskInstance: PolygonAPI_to_BigQuery.sync_data_connection_4 manual__2025-01-08T23:50:01.523970+00:00 [running]> on host 65047f1edb18
[2025-01-08T23:50:03.526+0000] {taskinstance.py:1509} INFO - Exporting the following env vars:
AIRFLOW_CTX_DAG_OWNER=***
AIRFLOW_CTX_DAG_ID=PolygonAPI_to_BigQuery
AIRFLOW_CTX_TASK_ID=sync_data_connection_4
AIRFLOW_CTX_EXECUTION_DATE=2025-01-08T23:50:01.523970+00:00
AIRFLOW_CTX_TRY_NUMBER=1
AIRFLOW_CTX_DAG_RUN_ID=manual__2025-01-08T23:50:01.523970+00:00
[2025-01-08T23:50:03.541+0000] {base.py:73} INFO - Using connection ID 'airbyte_to_bigquery' for task execution.
[2025-01-08T23:50:04.327+0000] {airbyte.py:77} INFO - Job 237 was submitted to Airbyte Server
[2025-01-08T23:50:04.328+0000] {airbyte.py:79} INFO - Waiting for job 237 to complete
[2025-01-08T23:50:07.360+0000] {base.py:73} INFO - Using connection ID 'airbyte_to_bigquery' for task execution.
[2025-01-08T23:50:10.422+0000] {base.py:73} INFO - Using connection ID 'airbyte_to_bigquery' for task execution.
[2025-01-08T23:50:13.516+0000] {base.py:73} INFO - Using connection ID 'airbyte_to_bigquery' for task execution.
[2025-01-08T23:50:16.553+0000] {base.py:73} INFO - Using connection ID 'airbyte_to_bigquery' for task execution.
[2025-01-08T23:50:19.578+0000] {base.py:73} INFO - Using connection ID 'airbyte_to_bigquery' for task execution.
[2025-01-08T23:50:22.600+0000] {base.py:73} INFO - Using connection ID 'airbyte_to_bigquery' for task execution.
[2025-01-08T23:50:25.623+0000] {base.py:73} INFO - Using connection ID 'airbyte_to_bigquery' for task execution.
[2025-01-08T23:50:28.658+0000] {base.py:73} INFO - Using connection ID 'airbyte_to_bigquery' for task execution.
[2025-01-08T23:50:31.695+0000] {base.py:73} INFO - Using connection ID 'airbyte_to_bigquery' for task execution.
[2025-01-08T23:50:34.730+0000] {base.py:73} INFO - Using connection ID 'airbyte_to_bigquery' for task execution.
[2025-01-08T23:50:37.764+0000] {base.py:73} INFO - Using connection ID 'airbyte_to_bigquery' for task execution.
[2025-01-08T23:50:40.799+0000] {base.py:73} INFO - Using connection ID 'airbyte_to_bigquery' for task execution.
[2025-01-08T23:50:43.839+0000] {base.py:73} INFO - Using connection ID 'airbyte_to_bigquery' for task execution.
[2025-01-08T23:50:46.889+0000] {base.py:73} INFO - Using connection ID 'airbyte_to_bigquery' for task execution.
[2025-01-08T23:50:49.917+0000] {base.py:73} INFO - Using connection ID 'airbyte_to_bigquery' for task execution.
[2025-01-08T23:50:52.939+0000] {base.py:73} INFO - Using connection ID 'airbyte_to_bigquery' for task execution.
[2025-01-08T23:50:55.958+0000] {base.py:73} INFO - Using connection ID 'airbyte_to_bigquery' for task execution.
[2025-01-08T23:50:58.984+0000] {base.py:73} INFO - Using connection ID 'airbyte_to_bigquery' for task execution.
[2025-01-08T23:51:02.007+0000] {base.py:73} INFO - Using connection ID 'airbyte_to_bigquery' for task execution.
[2025-01-08T23:51:05.031+0000] {base.py:73} INFO - Using connection ID 'airbyte_to_bigquery' for task execution.
[2025-01-08T23:51:08.052+0000] {base.py:73} INFO - Using connection ID 'airbyte_to_bigquery' for task execution.
[2025-01-08T23:51:11.077+0000] {base.py:73} INFO - Using connection ID 'airbyte_to_bigquery' for task execution.
[2025-01-08T23:51:14.098+0000] {base.py:73} INFO - Using connection ID 'airbyte_to_bigquery' for task execution.
[2025-01-08T23:51:17.125+0000] {base.py:73} INFO - Using connection ID 'airbyte_to_bigquery' for task execution.
[2025-01-08T23:51:20.161+0000] {base.py:73} INFO - Using connection ID 'airbyte_to_bigquery' for task execution.
[2025-01-08T23:51:20.206+0000] {airbyte.py:81} INFO - Job 237 completed successfully
[2025-01-08T23:51:20.238+0000] {taskinstance.py:1323} INFO - Marking task as SUCCESS. dag_id=PolygonAPI_to_BigQuery, task_id=sync_data_connection_4, execution_date=20250108T235001, start_date=20250108T235003, end_date=20250108T235120
[2025-01-08T23:51:20.288+0000] {local_task_job.py:208} INFO - Task exited with return code 0
[2025-01-08T23:51:20.324+0000] {taskinstance.py:2578} INFO - 1 downstream tasks scheduled from follow-on schedule check
