[2025-01-07T17:05:29.516+0000] {taskinstance.py:1083} INFO - Dependencies all met for <TaskInstance: PolygonAPI_to_BigQuery.sync_data_connection_2 scheduled__2025-01-06T17:05:26.409445+00:00 [queued]>
[2025-01-07T17:05:29.540+0000] {taskinstance.py:1083} INFO - Dependencies all met for <TaskInstance: PolygonAPI_to_BigQuery.sync_data_connection_2 scheduled__2025-01-06T17:05:26.409445+00:00 [queued]>
[2025-01-07T17:05:29.541+0000] {taskinstance.py:1279} INFO - 
--------------------------------------------------------------------------------
[2025-01-07T17:05:29.541+0000] {taskinstance.py:1280} INFO - Starting attempt 1 of 2
[2025-01-07T17:05:29.542+0000] {taskinstance.py:1281} INFO - 
--------------------------------------------------------------------------------
[2025-01-07T17:05:29.626+0000] {taskinstance.py:1300} INFO - Executing <Task(AirbyteTriggerSyncOperator): sync_data_connection_2> on 2025-01-06 17:05:26.409445+00:00
[2025-01-07T17:05:29.639+0000] {standard_task_runner.py:55} INFO - Started process 85 to run task
[2025-01-07T17:05:29.647+0000] {standard_task_runner.py:82} INFO - Running: ['***', 'tasks', 'run', 'PolygonAPI_to_BigQuery', 'sync_data_connection_2', 'scheduled__2025-01-06T17:05:26.409445+00:00', '--job-id', '492', '--raw', '--subdir', 'DAGS_FOLDER/polygon_to_bigquery.py', '--cfg-path', '/tmp/tmpmbyspq_w']
[2025-01-07T17:05:29.648+0000] {standard_task_runner.py:83} INFO - Job 492: Subtask sync_data_connection_2
[2025-01-07T17:05:29.841+0000] {task_command.py:388} INFO - Running <TaskInstance: PolygonAPI_to_BigQuery.sync_data_connection_2 scheduled__2025-01-06T17:05:26.409445+00:00 [running]> on host f55cbd47c02a
[2025-01-07T17:05:30.049+0000] {taskinstance.py:1509} INFO - Exporting the following env vars:
AIRFLOW_CTX_DAG_OWNER=***
AIRFLOW_CTX_DAG_ID=PolygonAPI_to_BigQuery
AIRFLOW_CTX_TASK_ID=sync_data_connection_2
AIRFLOW_CTX_EXECUTION_DATE=2025-01-06T17:05:26.409445+00:00
AIRFLOW_CTX_TRY_NUMBER=1
AIRFLOW_CTX_DAG_RUN_ID=scheduled__2025-01-06T17:05:26.409445+00:00
[2025-01-07T17:05:30.080+0000] {base.py:73} INFO - Using connection ID 'airbyte_to_bigquery' for task execution.
[2025-01-07T17:05:42.442+0000] {airbyte.py:77} INFO - Job 190 was submitted to Airbyte Server
[2025-01-07T17:05:42.445+0000] {airbyte.py:79} INFO - Waiting for job 190 to complete
[2025-01-07T17:05:45.470+0000] {base.py:73} INFO - Using connection ID 'airbyte_to_bigquery' for task execution.
[2025-01-07T17:05:48.648+0000] {base.py:73} INFO - Using connection ID 'airbyte_to_bigquery' for task execution.
[2025-01-07T17:05:51.779+0000] {base.py:73} INFO - Using connection ID 'airbyte_to_bigquery' for task execution.
[2025-01-07T17:05:54.834+0000] {base.py:73} INFO - Using connection ID 'airbyte_to_bigquery' for task execution.
[2025-01-07T17:05:58.354+0000] {base.py:73} INFO - Using connection ID 'airbyte_to_bigquery' for task execution.
[2025-01-07T17:06:01.513+0000] {base.py:73} INFO - Using connection ID 'airbyte_to_bigquery' for task execution.
[2025-01-07T17:06:04.642+0000] {base.py:73} INFO - Using connection ID 'airbyte_to_bigquery' for task execution.
[2025-01-07T17:06:07.810+0000] {base.py:73} INFO - Using connection ID 'airbyte_to_bigquery' for task execution.
[2025-01-07T17:06:10.865+0000] {base.py:73} INFO - Using connection ID 'airbyte_to_bigquery' for task execution.
[2025-01-07T17:06:13.914+0000] {base.py:73} INFO - Using connection ID 'airbyte_to_bigquery' for task execution.
[2025-01-07T17:06:17.028+0000] {base.py:73} INFO - Using connection ID 'airbyte_to_bigquery' for task execution.
[2025-01-07T17:06:20.139+0000] {base.py:73} INFO - Using connection ID 'airbyte_to_bigquery' for task execution.
[2025-01-07T17:06:23.188+0000] {base.py:73} INFO - Using connection ID 'airbyte_to_bigquery' for task execution.
[2025-01-07T17:06:26.279+0000] {base.py:73} INFO - Using connection ID 'airbyte_to_bigquery' for task execution.
[2025-01-07T17:06:29.334+0000] {base.py:73} INFO - Using connection ID 'airbyte_to_bigquery' for task execution.
[2025-01-07T17:06:32.408+0000] {base.py:73} INFO - Using connection ID 'airbyte_to_bigquery' for task execution.
[2025-01-07T17:06:35.500+0000] {base.py:73} INFO - Using connection ID 'airbyte_to_bigquery' for task execution.
[2025-01-07T17:06:38.551+0000] {base.py:73} INFO - Using connection ID 'airbyte_to_bigquery' for task execution.
[2025-01-07T17:06:41.617+0000] {base.py:73} INFO - Using connection ID 'airbyte_to_bigquery' for task execution.
[2025-01-07T17:06:44.719+0000] {base.py:73} INFO - Using connection ID 'airbyte_to_bigquery' for task execution.
[2025-01-07T17:06:47.775+0000] {base.py:73} INFO - Using connection ID 'airbyte_to_bigquery' for task execution.
[2025-01-07T17:06:50.845+0000] {base.py:73} INFO - Using connection ID 'airbyte_to_bigquery' for task execution.
[2025-01-07T17:06:53.901+0000] {base.py:73} INFO - Using connection ID 'airbyte_to_bigquery' for task execution.
[2025-01-07T17:06:56.965+0000] {base.py:73} INFO - Using connection ID 'airbyte_to_bigquery' for task execution.
[2025-01-07T17:07:00.000+0000] {base.py:73} INFO - Using connection ID 'airbyte_to_bigquery' for task execution.
[2025-01-07T17:07:03.053+0000] {base.py:73} INFO - Using connection ID 'airbyte_to_bigquery' for task execution.
[2025-01-07T17:07:06.096+0000] {base.py:73} INFO - Using connection ID 'airbyte_to_bigquery' for task execution.
[2025-01-07T17:07:09.163+0000] {base.py:73} INFO - Using connection ID 'airbyte_to_bigquery' for task execution.
[2025-01-07T17:07:12.196+0000] {base.py:73} INFO - Using connection ID 'airbyte_to_bigquery' for task execution.
[2025-01-07T17:07:15.241+0000] {base.py:73} INFO - Using connection ID 'airbyte_to_bigquery' for task execution.
[2025-01-07T17:07:18.268+0000] {base.py:73} INFO - Using connection ID 'airbyte_to_bigquery' for task execution.
[2025-01-07T17:07:21.299+0000] {base.py:73} INFO - Using connection ID 'airbyte_to_bigquery' for task execution.
[2025-01-07T17:07:24.338+0000] {base.py:73} INFO - Using connection ID 'airbyte_to_bigquery' for task execution.
[2025-01-07T17:07:27.387+0000] {base.py:73} INFO - Using connection ID 'airbyte_to_bigquery' for task execution.
[2025-01-07T17:07:30.423+0000] {base.py:73} INFO - Using connection ID 'airbyte_to_bigquery' for task execution.
[2025-01-07T17:07:33.468+0000] {base.py:73} INFO - Using connection ID 'airbyte_to_bigquery' for task execution.
[2025-01-07T17:07:36.506+0000] {base.py:73} INFO - Using connection ID 'airbyte_to_bigquery' for task execution.
[2025-01-07T17:07:39.539+0000] {base.py:73} INFO - Using connection ID 'airbyte_to_bigquery' for task execution.
[2025-01-07T17:07:42.579+0000] {base.py:73} INFO - Using connection ID 'airbyte_to_bigquery' for task execution.
[2025-01-07T17:07:42.730+0000] {airbyte.py:81} INFO - Job 190 completed successfully
[2025-01-07T17:07:42.836+0000] {taskinstance.py:1323} INFO - Marking task as SUCCESS. dag_id=PolygonAPI_to_BigQuery, task_id=sync_data_connection_2, execution_date=20250106T170526, start_date=20250107T170529, end_date=20250107T170742
[2025-01-07T17:07:42.937+0000] {local_task_job.py:208} INFO - Task exited with return code 0
[2025-01-07T17:07:43.013+0000] {taskinstance.py:2578} INFO - 0 downstream tasks scheduled from follow-on schedule check
