[2025-01-18T00:11:05.590+0000] {processor.py:157} INFO - Started process (PID=100) to work on /home/airflow/.local/lib/python3.8/site-packages/airflow/example_dags/example_complex.py
[2025-01-18T00:11:05.599+0000] {processor.py:829} INFO - Processing file /home/airflow/.local/lib/python3.8/site-packages/airflow/example_dags/example_complex.py for tasks to queue
[2025-01-18T00:11:05.617+0000] {logging_mixin.py:151} INFO - [2025-01-18T00:11:05.616+0000] {dagbag.py:539} INFO - Filling up the DagBag from /home/airflow/.local/lib/python3.8/site-packages/airflow/example_dags/example_complex.py
[2025-01-18T00:11:05.709+0000] {processor.py:839} INFO - DAG(s) dict_keys(['example_complex']) retrieved from /home/airflow/.local/lib/python3.8/site-packages/airflow/example_dags/example_complex.py
[2025-01-18T00:11:05.994+0000] {logging_mixin.py:151} INFO - [2025-01-18T00:11:05.993+0000] {dag.py:2907} INFO - Sync 1 DAGs
[2025-01-18T00:11:06.097+0000] {logging_mixin.py:151} INFO - [2025-01-18T00:11:06.096+0000] {dag.py:3677} INFO - Setting next_dagrun for example_complex to None, run_after=None
[2025-01-18T00:11:06.252+0000] {processor.py:179} INFO - Processing /home/airflow/.local/lib/python3.8/site-packages/airflow/example_dags/example_complex.py took 0.672 seconds
[2025-01-18T00:11:36.439+0000] {processor.py:157} INFO - Started process (PID=191) to work on /home/airflow/.local/lib/python3.8/site-packages/airflow/example_dags/example_complex.py
[2025-01-18T00:11:36.446+0000] {processor.py:829} INFO - Processing file /home/airflow/.local/lib/python3.8/site-packages/airflow/example_dags/example_complex.py for tasks to queue
[2025-01-18T00:11:36.452+0000] {logging_mixin.py:151} INFO - [2025-01-18T00:11:36.451+0000] {dagbag.py:539} INFO - Filling up the DagBag from /home/airflow/.local/lib/python3.8/site-packages/airflow/example_dags/example_complex.py
[2025-01-18T00:11:36.516+0000] {processor.py:839} INFO - DAG(s) dict_keys(['example_complex']) retrieved from /home/airflow/.local/lib/python3.8/site-packages/airflow/example_dags/example_complex.py
[2025-01-18T00:11:36.621+0000] {logging_mixin.py:151} INFO - [2025-01-18T00:11:36.620+0000] {dag.py:2907} INFO - Sync 1 DAGs
[2025-01-18T00:11:36.653+0000] {logging_mixin.py:151} INFO - [2025-01-18T00:11:36.652+0000] {dag.py:3677} INFO - Setting next_dagrun for example_complex to None, run_after=None
[2025-01-18T00:11:36.712+0000] {processor.py:179} INFO - Processing /home/airflow/.local/lib/python3.8/site-packages/airflow/example_dags/example_complex.py took 0.294 seconds
[2025-01-18T00:12:06.918+0000] {processor.py:157} INFO - Started process (PID=280) to work on /home/airflow/.local/lib/python3.8/site-packages/airflow/example_dags/example_complex.py
[2025-01-18T00:12:06.920+0000] {processor.py:829} INFO - Processing file /home/airflow/.local/lib/python3.8/site-packages/airflow/example_dags/example_complex.py for tasks to queue
[2025-01-18T00:12:06.925+0000] {logging_mixin.py:151} INFO - [2025-01-18T00:12:06.925+0000] {dagbag.py:539} INFO - Filling up the DagBag from /home/airflow/.local/lib/python3.8/site-packages/airflow/example_dags/example_complex.py
[2025-01-18T00:12:06.957+0000] {processor.py:839} INFO - DAG(s) dict_keys(['example_complex']) retrieved from /home/airflow/.local/lib/python3.8/site-packages/airflow/example_dags/example_complex.py
[2025-01-18T00:12:07.022+0000] {logging_mixin.py:151} INFO - [2025-01-18T00:12:07.021+0000] {dag.py:2907} INFO - Sync 1 DAGs
[2025-01-18T00:12:07.051+0000] {logging_mixin.py:151} INFO - [2025-01-18T00:12:07.051+0000] {dag.py:3677} INFO - Setting next_dagrun for example_complex to None, run_after=None
[2025-01-18T00:12:07.089+0000] {processor.py:179} INFO - Processing /home/airflow/.local/lib/python3.8/site-packages/airflow/example_dags/example_complex.py took 0.178 seconds
[2025-01-18T00:12:37.310+0000] {processor.py:157} INFO - Started process (PID=364) to work on /home/airflow/.local/lib/python3.8/site-packages/airflow/example_dags/example_complex.py
[2025-01-18T00:12:37.311+0000] {processor.py:829} INFO - Processing file /home/airflow/.local/lib/python3.8/site-packages/airflow/example_dags/example_complex.py for tasks to queue
[2025-01-18T00:12:37.314+0000] {logging_mixin.py:151} INFO - [2025-01-18T00:12:37.313+0000] {dagbag.py:539} INFO - Filling up the DagBag from /home/airflow/.local/lib/python3.8/site-packages/airflow/example_dags/example_complex.py
[2025-01-18T00:12:37.326+0000] {processor.py:839} INFO - DAG(s) dict_keys(['example_complex']) retrieved from /home/airflow/.local/lib/python3.8/site-packages/airflow/example_dags/example_complex.py
[2025-01-18T00:12:37.371+0000] {logging_mixin.py:151} INFO - [2025-01-18T00:12:37.371+0000] {dag.py:2907} INFO - Sync 1 DAGs
[2025-01-18T00:12:37.386+0000] {logging_mixin.py:151} INFO - [2025-01-18T00:12:37.386+0000] {dag.py:3677} INFO - Setting next_dagrun for example_complex to None, run_after=None
[2025-01-18T00:12:37.406+0000] {processor.py:179} INFO - Processing /home/airflow/.local/lib/python3.8/site-packages/airflow/example_dags/example_complex.py took 0.099 seconds
[2025-01-18T00:14:24.349+0000] {processor.py:157} INFO - Started process (PID=81) to work on /home/airflow/.local/lib/python3.8/site-packages/airflow/example_dags/example_complex.py
[2025-01-18T00:14:24.351+0000] {processor.py:829} INFO - Processing file /home/airflow/.local/lib/python3.8/site-packages/airflow/example_dags/example_complex.py for tasks to queue
[2025-01-18T00:14:24.357+0000] {logging_mixin.py:151} INFO - [2025-01-18T00:14:24.356+0000] {dagbag.py:539} INFO - Filling up the DagBag from /home/airflow/.local/lib/python3.8/site-packages/airflow/example_dags/example_complex.py
[2025-01-18T00:14:24.394+0000] {processor.py:839} INFO - DAG(s) dict_keys(['example_complex']) retrieved from /home/airflow/.local/lib/python3.8/site-packages/airflow/example_dags/example_complex.py
[2025-01-18T00:14:24.535+0000] {logging_mixin.py:151} INFO - [2025-01-18T00:14:24.535+0000] {dag.py:2907} INFO - Sync 1 DAGs
[2025-01-18T00:14:24.575+0000] {logging_mixin.py:151} INFO - [2025-01-18T00:14:24.575+0000] {dag.py:3677} INFO - Setting next_dagrun for example_complex to None, run_after=None
[2025-01-18T00:14:24.633+0000] {processor.py:179} INFO - Processing /home/airflow/.local/lib/python3.8/site-packages/airflow/example_dags/example_complex.py took 0.293 seconds
[2025-01-18T00:14:55.065+0000] {processor.py:157} INFO - Started process (PID=159) to work on /home/airflow/.local/lib/python3.8/site-packages/airflow/example_dags/example_complex.py
[2025-01-18T00:14:55.066+0000] {processor.py:829} INFO - Processing file /home/airflow/.local/lib/python3.8/site-packages/airflow/example_dags/example_complex.py for tasks to queue
[2025-01-18T00:14:55.070+0000] {logging_mixin.py:151} INFO - [2025-01-18T00:14:55.070+0000] {dagbag.py:539} INFO - Filling up the DagBag from /home/airflow/.local/lib/python3.8/site-packages/airflow/example_dags/example_complex.py
[2025-01-18T00:14:55.091+0000] {processor.py:839} INFO - DAG(s) dict_keys(['example_complex']) retrieved from /home/airflow/.local/lib/python3.8/site-packages/airflow/example_dags/example_complex.py
[2025-01-18T00:14:55.151+0000] {logging_mixin.py:151} INFO - [2025-01-18T00:14:55.151+0000] {dag.py:2907} INFO - Sync 1 DAGs
[2025-01-18T00:14:55.171+0000] {logging_mixin.py:151} INFO - [2025-01-18T00:14:55.171+0000] {dag.py:3677} INFO - Setting next_dagrun for example_complex to None, run_after=None
[2025-01-18T00:14:55.195+0000] {processor.py:179} INFO - Processing /home/airflow/.local/lib/python3.8/site-packages/airflow/example_dags/example_complex.py took 0.138 seconds
[2025-01-18T00:15:25.697+0000] {processor.py:157} INFO - Started process (PID=245) to work on /home/airflow/.local/lib/python3.8/site-packages/airflow/example_dags/example_complex.py
[2025-01-18T00:15:25.699+0000] {processor.py:829} INFO - Processing file /home/airflow/.local/lib/python3.8/site-packages/airflow/example_dags/example_complex.py for tasks to queue
[2025-01-18T00:15:25.702+0000] {logging_mixin.py:151} INFO - [2025-01-18T00:15:25.701+0000] {dagbag.py:539} INFO - Filling up the DagBag from /home/airflow/.local/lib/python3.8/site-packages/airflow/example_dags/example_complex.py
[2025-01-18T00:15:25.722+0000] {processor.py:839} INFO - DAG(s) dict_keys(['example_complex']) retrieved from /home/airflow/.local/lib/python3.8/site-packages/airflow/example_dags/example_complex.py
[2025-01-18T00:15:25.778+0000] {logging_mixin.py:151} INFO - [2025-01-18T00:15:25.777+0000] {dag.py:2907} INFO - Sync 1 DAGs
[2025-01-18T00:15:25.801+0000] {logging_mixin.py:151} INFO - [2025-01-18T00:15:25.800+0000] {dag.py:3677} INFO - Setting next_dagrun for example_complex to None, run_after=None
[2025-01-18T00:15:25.832+0000] {processor.py:179} INFO - Processing /home/airflow/.local/lib/python3.8/site-packages/airflow/example_dags/example_complex.py took 0.141 seconds
[2025-01-18T00:15:56.592+0000] {processor.py:157} INFO - Started process (PID=331) to work on /home/airflow/.local/lib/python3.8/site-packages/airflow/example_dags/example_complex.py
[2025-01-18T00:15:56.594+0000] {processor.py:829} INFO - Processing file /home/airflow/.local/lib/python3.8/site-packages/airflow/example_dags/example_complex.py for tasks to queue
[2025-01-18T00:15:56.600+0000] {logging_mixin.py:151} INFO - [2025-01-18T00:15:56.599+0000] {dagbag.py:539} INFO - Filling up the DagBag from /home/airflow/.local/lib/python3.8/site-packages/airflow/example_dags/example_complex.py
[2025-01-18T00:15:56.635+0000] {processor.py:839} INFO - DAG(s) dict_keys(['example_complex']) retrieved from /home/airflow/.local/lib/python3.8/site-packages/airflow/example_dags/example_complex.py
[2025-01-18T00:15:56.719+0000] {logging_mixin.py:151} INFO - [2025-01-18T00:15:56.719+0000] {dag.py:2907} INFO - Sync 1 DAGs
[2025-01-18T00:15:56.743+0000] {logging_mixin.py:151} INFO - [2025-01-18T00:15:56.743+0000] {dag.py:3677} INFO - Setting next_dagrun for example_complex to None, run_after=None
[2025-01-18T00:15:56.773+0000] {processor.py:179} INFO - Processing /home/airflow/.local/lib/python3.8/site-packages/airflow/example_dags/example_complex.py took 0.189 seconds
[2025-01-18T00:16:28.351+0000] {processor.py:157} INFO - Started process (PID=417) to work on /home/airflow/.local/lib/python3.8/site-packages/airflow/example_dags/example_complex.py
[2025-01-18T00:16:28.353+0000] {processor.py:829} INFO - Processing file /home/airflow/.local/lib/python3.8/site-packages/airflow/example_dags/example_complex.py for tasks to queue
[2025-01-18T00:16:28.370+0000] {logging_mixin.py:151} INFO - [2025-01-18T00:16:28.369+0000] {dagbag.py:539} INFO - Filling up the DagBag from /home/airflow/.local/lib/python3.8/site-packages/airflow/example_dags/example_complex.py
[2025-01-18T00:16:28.428+0000] {processor.py:839} INFO - DAG(s) dict_keys(['example_complex']) retrieved from /home/airflow/.local/lib/python3.8/site-packages/airflow/example_dags/example_complex.py
[2025-01-18T00:16:28.549+0000] {logging_mixin.py:151} INFO - [2025-01-18T00:16:28.549+0000] {dag.py:2907} INFO - Sync 1 DAGs
[2025-01-18T00:16:28.587+0000] {logging_mixin.py:151} INFO - [2025-01-18T00:16:28.586+0000] {dag.py:3677} INFO - Setting next_dagrun for example_complex to None, run_after=None
[2025-01-18T00:16:28.677+0000] {processor.py:179} INFO - Processing /home/airflow/.local/lib/python3.8/site-packages/airflow/example_dags/example_complex.py took 0.342 seconds
[2025-01-18T00:16:58.824+0000] {processor.py:157} INFO - Started process (PID=497) to work on /home/airflow/.local/lib/python3.8/site-packages/airflow/example_dags/example_complex.py
[2025-01-18T00:16:58.827+0000] {processor.py:829} INFO - Processing file /home/airflow/.local/lib/python3.8/site-packages/airflow/example_dags/example_complex.py for tasks to queue
[2025-01-18T00:16:58.834+0000] {logging_mixin.py:151} INFO - [2025-01-18T00:16:58.833+0000] {dagbag.py:539} INFO - Filling up the DagBag from /home/airflow/.local/lib/python3.8/site-packages/airflow/example_dags/example_complex.py
[2025-01-18T00:16:58.872+0000] {processor.py:839} INFO - DAG(s) dict_keys(['example_complex']) retrieved from /home/airflow/.local/lib/python3.8/site-packages/airflow/example_dags/example_complex.py
[2025-01-18T00:16:58.959+0000] {logging_mixin.py:151} INFO - [2025-01-18T00:16:58.958+0000] {dag.py:2907} INFO - Sync 1 DAGs
[2025-01-18T00:16:58.988+0000] {logging_mixin.py:151} INFO - [2025-01-18T00:16:58.988+0000] {dag.py:3677} INFO - Setting next_dagrun for example_complex to None, run_after=None
[2025-01-18T00:16:59.034+0000] {processor.py:179} INFO - Processing /home/airflow/.local/lib/python3.8/site-packages/airflow/example_dags/example_complex.py took 0.217 seconds
[2025-01-18T00:17:29.834+0000] {processor.py:157} INFO - Started process (PID=587) to work on /home/airflow/.local/lib/python3.8/site-packages/airflow/example_dags/example_complex.py
[2025-01-18T00:17:29.836+0000] {processor.py:829} INFO - Processing file /home/airflow/.local/lib/python3.8/site-packages/airflow/example_dags/example_complex.py for tasks to queue
[2025-01-18T00:17:29.841+0000] {logging_mixin.py:151} INFO - [2025-01-18T00:17:29.841+0000] {dagbag.py:539} INFO - Filling up the DagBag from /home/airflow/.local/lib/python3.8/site-packages/airflow/example_dags/example_complex.py
[2025-01-18T00:17:29.888+0000] {processor.py:839} INFO - DAG(s) dict_keys(['example_complex']) retrieved from /home/airflow/.local/lib/python3.8/site-packages/airflow/example_dags/example_complex.py
[2025-01-18T00:17:30.024+0000] {logging_mixin.py:151} INFO - [2025-01-18T00:17:30.023+0000] {dag.py:2907} INFO - Sync 1 DAGs
[2025-01-18T00:17:30.065+0000] {logging_mixin.py:151} INFO - [2025-01-18T00:17:30.065+0000] {dag.py:3677} INFO - Setting next_dagrun for example_complex to None, run_after=None
[2025-01-18T00:17:30.120+0000] {processor.py:179} INFO - Processing /home/airflow/.local/lib/python3.8/site-packages/airflow/example_dags/example_complex.py took 0.294 seconds
[2025-01-18T00:18:00.207+0000] {processor.py:157} INFO - Started process (PID=664) to work on /home/airflow/.local/lib/python3.8/site-packages/airflow/example_dags/example_complex.py
[2025-01-18T00:18:00.209+0000] {processor.py:829} INFO - Processing file /home/airflow/.local/lib/python3.8/site-packages/airflow/example_dags/example_complex.py for tasks to queue
[2025-01-18T00:18:00.212+0000] {logging_mixin.py:151} INFO - [2025-01-18T00:18:00.211+0000] {dagbag.py:539} INFO - Filling up the DagBag from /home/airflow/.local/lib/python3.8/site-packages/airflow/example_dags/example_complex.py
[2025-01-18T00:18:00.229+0000] {processor.py:839} INFO - DAG(s) dict_keys(['example_complex']) retrieved from /home/airflow/.local/lib/python3.8/site-packages/airflow/example_dags/example_complex.py
[2025-01-18T00:18:00.282+0000] {logging_mixin.py:151} INFO - [2025-01-18T00:18:00.282+0000] {dag.py:2907} INFO - Sync 1 DAGs
[2025-01-18T00:18:00.301+0000] {logging_mixin.py:151} INFO - [2025-01-18T00:18:00.301+0000] {dag.py:3677} INFO - Setting next_dagrun for example_complex to None, run_after=None
[2025-01-18T00:18:00.331+0000] {processor.py:179} INFO - Processing /home/airflow/.local/lib/python3.8/site-packages/airflow/example_dags/example_complex.py took 0.128 seconds
[2025-01-18T00:18:30.460+0000] {processor.py:157} INFO - Started process (PID=750) to work on /home/airflow/.local/lib/python3.8/site-packages/airflow/example_dags/example_complex.py
[2025-01-18T00:18:30.461+0000] {processor.py:829} INFO - Processing file /home/airflow/.local/lib/python3.8/site-packages/airflow/example_dags/example_complex.py for tasks to queue
[2025-01-18T00:18:30.464+0000] {logging_mixin.py:151} INFO - [2025-01-18T00:18:30.463+0000] {dagbag.py:539} INFO - Filling up the DagBag from /home/airflow/.local/lib/python3.8/site-packages/airflow/example_dags/example_complex.py
[2025-01-18T00:18:30.480+0000] {processor.py:839} INFO - DAG(s) dict_keys(['example_complex']) retrieved from /home/airflow/.local/lib/python3.8/site-packages/airflow/example_dags/example_complex.py
[2025-01-18T00:18:30.523+0000] {logging_mixin.py:151} INFO - [2025-01-18T00:18:30.522+0000] {dag.py:2907} INFO - Sync 1 DAGs
[2025-01-18T00:18:30.540+0000] {logging_mixin.py:151} INFO - [2025-01-18T00:18:30.539+0000] {dag.py:3677} INFO - Setting next_dagrun for example_complex to None, run_after=None
[2025-01-18T00:18:30.566+0000] {processor.py:179} INFO - Processing /home/airflow/.local/lib/python3.8/site-packages/airflow/example_dags/example_complex.py took 0.110 seconds
[2025-01-18T00:19:01.269+0000] {processor.py:157} INFO - Started process (PID=836) to work on /home/airflow/.local/lib/python3.8/site-packages/airflow/example_dags/example_complex.py
[2025-01-18T00:19:01.270+0000] {processor.py:829} INFO - Processing file /home/airflow/.local/lib/python3.8/site-packages/airflow/example_dags/example_complex.py for tasks to queue
[2025-01-18T00:19:01.276+0000] {logging_mixin.py:151} INFO - [2025-01-18T00:19:01.275+0000] {dagbag.py:539} INFO - Filling up the DagBag from /home/airflow/.local/lib/python3.8/site-packages/airflow/example_dags/example_complex.py
[2025-01-18T00:19:01.305+0000] {processor.py:839} INFO - DAG(s) dict_keys(['example_complex']) retrieved from /home/airflow/.local/lib/python3.8/site-packages/airflow/example_dags/example_complex.py
[2025-01-18T00:19:01.381+0000] {logging_mixin.py:151} INFO - [2025-01-18T00:19:01.381+0000] {dag.py:2907} INFO - Sync 1 DAGs
[2025-01-18T00:19:01.411+0000] {logging_mixin.py:151} INFO - [2025-01-18T00:19:01.411+0000] {dag.py:3677} INFO - Setting next_dagrun for example_complex to None, run_after=None
[2025-01-18T00:19:01.469+0000] {processor.py:179} INFO - Processing /home/airflow/.local/lib/python3.8/site-packages/airflow/example_dags/example_complex.py took 0.205 seconds
[2025-01-18T00:19:31.868+0000] {processor.py:157} INFO - Started process (PID=903) to work on /home/airflow/.local/lib/python3.8/site-packages/airflow/example_dags/example_complex.py
[2025-01-18T00:19:31.870+0000] {processor.py:829} INFO - Processing file /home/airflow/.local/lib/python3.8/site-packages/airflow/example_dags/example_complex.py for tasks to queue
[2025-01-18T00:19:31.874+0000] {logging_mixin.py:151} INFO - [2025-01-18T00:19:31.872+0000] {dagbag.py:539} INFO - Filling up the DagBag from /home/airflow/.local/lib/python3.8/site-packages/airflow/example_dags/example_complex.py
[2025-01-18T00:19:31.906+0000] {processor.py:839} INFO - DAG(s) dict_keys(['example_complex']) retrieved from /home/airflow/.local/lib/python3.8/site-packages/airflow/example_dags/example_complex.py
[2025-01-18T00:19:31.962+0000] {logging_mixin.py:151} INFO - [2025-01-18T00:19:31.962+0000] {dag.py:2907} INFO - Sync 1 DAGs
[2025-01-18T00:19:31.981+0000] {logging_mixin.py:151} INFO - [2025-01-18T00:19:31.980+0000] {dag.py:3677} INFO - Setting next_dagrun for example_complex to None, run_after=None
[2025-01-18T00:19:32.004+0000] {processor.py:179} INFO - Processing /home/airflow/.local/lib/python3.8/site-packages/airflow/example_dags/example_complex.py took 0.147 seconds
[2025-01-18T00:20:02.582+0000] {processor.py:157} INFO - Started process (PID=989) to work on /home/airflow/.local/lib/python3.8/site-packages/airflow/example_dags/example_complex.py
[2025-01-18T00:20:02.583+0000] {processor.py:829} INFO - Processing file /home/airflow/.local/lib/python3.8/site-packages/airflow/example_dags/example_complex.py for tasks to queue
[2025-01-18T00:20:02.586+0000] {logging_mixin.py:151} INFO - [2025-01-18T00:20:02.585+0000] {dagbag.py:539} INFO - Filling up the DagBag from /home/airflow/.local/lib/python3.8/site-packages/airflow/example_dags/example_complex.py
[2025-01-18T00:20:02.600+0000] {processor.py:839} INFO - DAG(s) dict_keys(['example_complex']) retrieved from /home/airflow/.local/lib/python3.8/site-packages/airflow/example_dags/example_complex.py
[2025-01-18T00:20:02.640+0000] {logging_mixin.py:151} INFO - [2025-01-18T00:20:02.639+0000] {dag.py:2907} INFO - Sync 1 DAGs
[2025-01-18T00:20:02.654+0000] {logging_mixin.py:151} INFO - [2025-01-18T00:20:02.653+0000] {dag.py:3677} INFO - Setting next_dagrun for example_complex to None, run_after=None
[2025-01-18T00:20:02.678+0000] {processor.py:179} INFO - Processing /home/airflow/.local/lib/python3.8/site-packages/airflow/example_dags/example_complex.py took 0.099 seconds
[2025-01-18T00:20:32.931+0000] {processor.py:157} INFO - Started process (PID=1075) to work on /home/airflow/.local/lib/python3.8/site-packages/airflow/example_dags/example_complex.py
[2025-01-18T00:20:32.932+0000] {processor.py:829} INFO - Processing file /home/airflow/.local/lib/python3.8/site-packages/airflow/example_dags/example_complex.py for tasks to queue
[2025-01-18T00:20:32.936+0000] {logging_mixin.py:151} INFO - [2025-01-18T00:20:32.935+0000] {dagbag.py:539} INFO - Filling up the DagBag from /home/airflow/.local/lib/python3.8/site-packages/airflow/example_dags/example_complex.py
[2025-01-18T00:20:32.950+0000] {processor.py:839} INFO - DAG(s) dict_keys(['example_complex']) retrieved from /home/airflow/.local/lib/python3.8/site-packages/airflow/example_dags/example_complex.py
[2025-01-18T00:20:32.989+0000] {logging_mixin.py:151} INFO - [2025-01-18T00:20:32.989+0000] {dag.py:2907} INFO - Sync 1 DAGs
[2025-01-18T00:20:33.005+0000] {logging_mixin.py:151} INFO - [2025-01-18T00:20:33.005+0000] {dag.py:3677} INFO - Setting next_dagrun for example_complex to None, run_after=None
[2025-01-18T00:20:33.026+0000] {processor.py:179} INFO - Processing /home/airflow/.local/lib/python3.8/site-packages/airflow/example_dags/example_complex.py took 0.099 seconds
[2025-01-18T00:21:03.808+0000] {processor.py:157} INFO - Started process (PID=1161) to work on /home/airflow/.local/lib/python3.8/site-packages/airflow/example_dags/example_complex.py
[2025-01-18T00:21:03.810+0000] {processor.py:829} INFO - Processing file /home/airflow/.local/lib/python3.8/site-packages/airflow/example_dags/example_complex.py for tasks to queue
[2025-01-18T00:21:03.817+0000] {logging_mixin.py:151} INFO - [2025-01-18T00:21:03.816+0000] {dagbag.py:539} INFO - Filling up the DagBag from /home/airflow/.local/lib/python3.8/site-packages/airflow/example_dags/example_complex.py
[2025-01-18T00:21:03.855+0000] {processor.py:839} INFO - DAG(s) dict_keys(['example_complex']) retrieved from /home/airflow/.local/lib/python3.8/site-packages/airflow/example_dags/example_complex.py
[2025-01-18T00:21:03.927+0000] {logging_mixin.py:151} INFO - [2025-01-18T00:21:03.926+0000] {dag.py:2907} INFO - Sync 1 DAGs
[2025-01-18T00:21:03.961+0000] {logging_mixin.py:151} INFO - [2025-01-18T00:21:03.960+0000] {dag.py:3677} INFO - Setting next_dagrun for example_complex to None, run_after=None
[2025-01-18T00:21:04.002+0000] {processor.py:179} INFO - Processing /home/airflow/.local/lib/python3.8/site-packages/airflow/example_dags/example_complex.py took 0.201 seconds
[2025-01-18T00:31:59.475+0000] {processor.py:157} INFO - Started process (PID=112) to work on /home/airflow/.local/lib/python3.8/site-packages/airflow/example_dags/example_complex.py
[2025-01-18T00:31:59.494+0000] {processor.py:829} INFO - Processing file /home/airflow/.local/lib/python3.8/site-packages/airflow/example_dags/example_complex.py for tasks to queue
[2025-01-18T00:31:59.514+0000] {logging_mixin.py:151} INFO - [2025-01-18T00:31:59.513+0000] {dagbag.py:539} INFO - Filling up the DagBag from /home/airflow/.local/lib/python3.8/site-packages/airflow/example_dags/example_complex.py
[2025-01-18T00:31:59.611+0000] {processor.py:839} INFO - DAG(s) dict_keys(['example_complex']) retrieved from /home/airflow/.local/lib/python3.8/site-packages/airflow/example_dags/example_complex.py
[2025-01-18T00:31:59.743+0000] {logging_mixin.py:151} INFO - [2025-01-18T00:31:59.743+0000] {dag.py:2907} INFO - Sync 1 DAGs
[2025-01-18T00:31:59.785+0000] {logging_mixin.py:151} INFO - [2025-01-18T00:31:59.784+0000] {dag.py:3677} INFO - Setting next_dagrun for example_complex to None, run_after=None
[2025-01-18T00:31:59.896+0000] {processor.py:179} INFO - Processing /home/airflow/.local/lib/python3.8/site-packages/airflow/example_dags/example_complex.py took 0.454 seconds
[2025-01-18T00:32:30.631+0000] {processor.py:157} INFO - Started process (PID=197) to work on /home/airflow/.local/lib/python3.8/site-packages/airflow/example_dags/example_complex.py
[2025-01-18T00:32:30.632+0000] {processor.py:829} INFO - Processing file /home/airflow/.local/lib/python3.8/site-packages/airflow/example_dags/example_complex.py for tasks to queue
[2025-01-18T00:32:30.636+0000] {logging_mixin.py:151} INFO - [2025-01-18T00:32:30.636+0000] {dagbag.py:539} INFO - Filling up the DagBag from /home/airflow/.local/lib/python3.8/site-packages/airflow/example_dags/example_complex.py
[2025-01-18T00:32:30.658+0000] {processor.py:839} INFO - DAG(s) dict_keys(['example_complex']) retrieved from /home/airflow/.local/lib/python3.8/site-packages/airflow/example_dags/example_complex.py
[2025-01-18T00:32:30.709+0000] {logging_mixin.py:151} INFO - [2025-01-18T00:32:30.709+0000] {dag.py:2907} INFO - Sync 1 DAGs
[2025-01-18T00:32:30.731+0000] {logging_mixin.py:151} INFO - [2025-01-18T00:32:30.731+0000] {dag.py:3677} INFO - Setting next_dagrun for example_complex to None, run_after=None
[2025-01-18T00:32:30.767+0000] {processor.py:179} INFO - Processing /home/airflow/.local/lib/python3.8/site-packages/airflow/example_dags/example_complex.py took 0.141 seconds
[2025-01-18T00:33:49.044+0000] {processor.py:157} INFO - Started process (PID=261) to work on /home/airflow/.local/lib/python3.8/site-packages/airflow/example_dags/example_complex.py
[2025-01-18T00:33:49.045+0000] {processor.py:829} INFO - Processing file /home/airflow/.local/lib/python3.8/site-packages/airflow/example_dags/example_complex.py for tasks to queue
[2025-01-18T00:33:49.047+0000] {logging_mixin.py:151} INFO - [2025-01-18T00:33:49.047+0000] {dagbag.py:539} INFO - Filling up the DagBag from /home/airflow/.local/lib/python3.8/site-packages/airflow/example_dags/example_complex.py
[2025-01-18T00:33:49.061+0000] {processor.py:839} INFO - DAG(s) dict_keys(['example_complex']) retrieved from /home/airflow/.local/lib/python3.8/site-packages/airflow/example_dags/example_complex.py
[2025-01-18T00:54:41.947+0000] {processor.py:157} INFO - Started process (PID=81) to work on /home/airflow/.local/lib/python3.8/site-packages/airflow/example_dags/example_complex.py
[2025-01-18T00:54:41.949+0000] {processor.py:829} INFO - Processing file /home/airflow/.local/lib/python3.8/site-packages/airflow/example_dags/example_complex.py for tasks to queue
[2025-01-18T00:54:41.954+0000] {logging_mixin.py:151} INFO - [2025-01-18T00:54:41.953+0000] {dagbag.py:539} INFO - Filling up the DagBag from /home/airflow/.local/lib/python3.8/site-packages/airflow/example_dags/example_complex.py
[2025-01-18T00:54:41.980+0000] {processor.py:839} INFO - DAG(s) dict_keys(['example_complex']) retrieved from /home/airflow/.local/lib/python3.8/site-packages/airflow/example_dags/example_complex.py
[2025-01-18T00:54:42.034+0000] {logging_mixin.py:151} INFO - [2025-01-18T00:54:42.034+0000] {dag.py:2907} INFO - Sync 1 DAGs
[2025-01-18T00:54:42.061+0000] {logging_mixin.py:151} INFO - [2025-01-18T00:54:42.061+0000] {dag.py:3677} INFO - Setting next_dagrun for example_complex to None, run_after=None
[2025-01-18T00:54:42.088+0000] {processor.py:179} INFO - Processing /home/airflow/.local/lib/python3.8/site-packages/airflow/example_dags/example_complex.py took 0.147 seconds
[2025-01-18T00:55:12.582+0000] {processor.py:157} INFO - Started process (PID=158) to work on /home/airflow/.local/lib/python3.8/site-packages/airflow/example_dags/example_complex.py
[2025-01-18T00:55:12.583+0000] {processor.py:829} INFO - Processing file /home/airflow/.local/lib/python3.8/site-packages/airflow/example_dags/example_complex.py for tasks to queue
[2025-01-18T00:55:12.586+0000] {logging_mixin.py:151} INFO - [2025-01-18T00:55:12.586+0000] {dagbag.py:539} INFO - Filling up the DagBag from /home/airflow/.local/lib/python3.8/site-packages/airflow/example_dags/example_complex.py
[2025-01-18T00:55:12.603+0000] {processor.py:839} INFO - DAG(s) dict_keys(['example_complex']) retrieved from /home/airflow/.local/lib/python3.8/site-packages/airflow/example_dags/example_complex.py
[2025-01-18T00:55:12.658+0000] {logging_mixin.py:151} INFO - [2025-01-18T00:55:12.657+0000] {dag.py:2907} INFO - Sync 1 DAGs
[2025-01-18T00:55:12.675+0000] {logging_mixin.py:151} INFO - [2025-01-18T00:55:12.675+0000] {dag.py:3677} INFO - Setting next_dagrun for example_complex to None, run_after=None
[2025-01-18T00:55:12.700+0000] {processor.py:179} INFO - Processing /home/airflow/.local/lib/python3.8/site-packages/airflow/example_dags/example_complex.py took 0.122 seconds
[2025-01-18T00:55:43.135+0000] {processor.py:157} INFO - Started process (PID=244) to work on /home/airflow/.local/lib/python3.8/site-packages/airflow/example_dags/example_complex.py
[2025-01-18T00:55:43.136+0000] {processor.py:829} INFO - Processing file /home/airflow/.local/lib/python3.8/site-packages/airflow/example_dags/example_complex.py for tasks to queue
[2025-01-18T00:55:43.139+0000] {logging_mixin.py:151} INFO - [2025-01-18T00:55:43.138+0000] {dagbag.py:539} INFO - Filling up the DagBag from /home/airflow/.local/lib/python3.8/site-packages/airflow/example_dags/example_complex.py
[2025-01-18T00:55:43.154+0000] {processor.py:839} INFO - DAG(s) dict_keys(['example_complex']) retrieved from /home/airflow/.local/lib/python3.8/site-packages/airflow/example_dags/example_complex.py
[2025-01-18T00:55:43.201+0000] {logging_mixin.py:151} INFO - [2025-01-18T00:55:43.200+0000] {dag.py:2907} INFO - Sync 1 DAGs
[2025-01-18T00:55:43.216+0000] {logging_mixin.py:151} INFO - [2025-01-18T00:55:43.216+0000] {dag.py:3677} INFO - Setting next_dagrun for example_complex to None, run_after=None
[2025-01-18T00:55:43.241+0000] {processor.py:179} INFO - Processing /home/airflow/.local/lib/python3.8/site-packages/airflow/example_dags/example_complex.py took 0.110 seconds
[2025-01-18T00:56:13.632+0000] {processor.py:157} INFO - Started process (PID=331) to work on /home/airflow/.local/lib/python3.8/site-packages/airflow/example_dags/example_complex.py
[2025-01-18T00:56:13.634+0000] {processor.py:829} INFO - Processing file /home/airflow/.local/lib/python3.8/site-packages/airflow/example_dags/example_complex.py for tasks to queue
[2025-01-18T00:56:13.638+0000] {logging_mixin.py:151} INFO - [2025-01-18T00:56:13.637+0000] {dagbag.py:539} INFO - Filling up the DagBag from /home/airflow/.local/lib/python3.8/site-packages/airflow/example_dags/example_complex.py
[2025-01-18T00:56:13.657+0000] {processor.py:839} INFO - DAG(s) dict_keys(['example_complex']) retrieved from /home/airflow/.local/lib/python3.8/site-packages/airflow/example_dags/example_complex.py
[2025-01-18T00:56:13.709+0000] {logging_mixin.py:151} INFO - [2025-01-18T00:56:13.708+0000] {dag.py:2907} INFO - Sync 1 DAGs
[2025-01-18T00:56:13.728+0000] {logging_mixin.py:151} INFO - [2025-01-18T00:56:13.728+0000] {dag.py:3677} INFO - Setting next_dagrun for example_complex to None, run_after=None
[2025-01-18T00:56:13.754+0000] {processor.py:179} INFO - Processing /home/airflow/.local/lib/python3.8/site-packages/airflow/example_dags/example_complex.py took 0.126 seconds
[2025-01-18T00:56:44.403+0000] {processor.py:157} INFO - Started process (PID=405) to work on /home/airflow/.local/lib/python3.8/site-packages/airflow/example_dags/example_complex.py
[2025-01-18T00:56:44.405+0000] {processor.py:829} INFO - Processing file /home/airflow/.local/lib/python3.8/site-packages/airflow/example_dags/example_complex.py for tasks to queue
[2025-01-18T00:56:44.410+0000] {logging_mixin.py:151} INFO - [2025-01-18T00:56:44.410+0000] {dagbag.py:539} INFO - Filling up the DagBag from /home/airflow/.local/lib/python3.8/site-packages/airflow/example_dags/example_complex.py
[2025-01-18T00:56:44.459+0000] {processor.py:839} INFO - DAG(s) dict_keys(['example_complex']) retrieved from /home/airflow/.local/lib/python3.8/site-packages/airflow/example_dags/example_complex.py
[2025-01-18T00:56:44.583+0000] {logging_mixin.py:151} INFO - [2025-01-18T00:56:44.583+0000] {dag.py:2907} INFO - Sync 1 DAGs
[2025-01-18T00:56:44.618+0000] {logging_mixin.py:151} INFO - [2025-01-18T00:56:44.617+0000] {dag.py:3677} INFO - Setting next_dagrun for example_complex to None, run_after=None
[2025-01-18T00:56:44.687+0000] {processor.py:179} INFO - Processing /home/airflow/.local/lib/python3.8/site-packages/airflow/example_dags/example_complex.py took 0.291 seconds
[2025-01-18T00:57:14.733+0000] {processor.py:157} INFO - Started process (PID=483) to work on /home/airflow/.local/lib/python3.8/site-packages/airflow/example_dags/example_complex.py
[2025-01-18T00:57:14.734+0000] {processor.py:829} INFO - Processing file /home/airflow/.local/lib/python3.8/site-packages/airflow/example_dags/example_complex.py for tasks to queue
[2025-01-18T00:57:14.737+0000] {logging_mixin.py:151} INFO - [2025-01-18T00:57:14.737+0000] {dagbag.py:539} INFO - Filling up the DagBag from /home/airflow/.local/lib/python3.8/site-packages/airflow/example_dags/example_complex.py
[2025-01-18T00:57:14.758+0000] {processor.py:839} INFO - DAG(s) dict_keys(['example_complex']) retrieved from /home/airflow/.local/lib/python3.8/site-packages/airflow/example_dags/example_complex.py
[2025-01-18T00:57:14.816+0000] {logging_mixin.py:151} INFO - [2025-01-18T00:57:14.816+0000] {dag.py:2907} INFO - Sync 1 DAGs
[2025-01-18T00:57:14.840+0000] {logging_mixin.py:151} INFO - [2025-01-18T00:57:14.840+0000] {dag.py:3677} INFO - Setting next_dagrun for example_complex to None, run_after=None
[2025-01-18T00:57:14.872+0000] {processor.py:179} INFO - Processing /home/airflow/.local/lib/python3.8/site-packages/airflow/example_dags/example_complex.py took 0.147 seconds
[2025-01-18T00:57:44.983+0000] {processor.py:157} INFO - Started process (PID=569) to work on /home/airflow/.local/lib/python3.8/site-packages/airflow/example_dags/example_complex.py
[2025-01-18T00:57:44.985+0000] {processor.py:829} INFO - Processing file /home/airflow/.local/lib/python3.8/site-packages/airflow/example_dags/example_complex.py for tasks to queue
[2025-01-18T00:57:44.989+0000] {logging_mixin.py:151} INFO - [2025-01-18T00:57:44.988+0000] {dagbag.py:539} INFO - Filling up the DagBag from /home/airflow/.local/lib/python3.8/site-packages/airflow/example_dags/example_complex.py
[2025-01-18T00:57:45.015+0000] {processor.py:839} INFO - DAG(s) dict_keys(['example_complex']) retrieved from /home/airflow/.local/lib/python3.8/site-packages/airflow/example_dags/example_complex.py
[2025-01-18T00:57:45.095+0000] {logging_mixin.py:151} INFO - [2025-01-18T00:57:45.095+0000] {dag.py:2907} INFO - Sync 1 DAGs
[2025-01-18T00:57:45.126+0000] {logging_mixin.py:151} INFO - [2025-01-18T00:57:45.126+0000] {dag.py:3677} INFO - Setting next_dagrun for example_complex to None, run_after=None
[2025-01-18T00:57:45.187+0000] {processor.py:179} INFO - Processing /home/airflow/.local/lib/python3.8/site-packages/airflow/example_dags/example_complex.py took 0.211 seconds
[2025-01-18T00:58:15.920+0000] {processor.py:157} INFO - Started process (PID=655) to work on /home/airflow/.local/lib/python3.8/site-packages/airflow/example_dags/example_complex.py
[2025-01-18T00:58:15.922+0000] {processor.py:829} INFO - Processing file /home/airflow/.local/lib/python3.8/site-packages/airflow/example_dags/example_complex.py for tasks to queue
[2025-01-18T00:58:15.928+0000] {logging_mixin.py:151} INFO - [2025-01-18T00:58:15.927+0000] {dagbag.py:539} INFO - Filling up the DagBag from /home/airflow/.local/lib/python3.8/site-packages/airflow/example_dags/example_complex.py
[2025-01-18T00:58:15.962+0000] {processor.py:839} INFO - DAG(s) dict_keys(['example_complex']) retrieved from /home/airflow/.local/lib/python3.8/site-packages/airflow/example_dags/example_complex.py
[2025-01-18T00:58:16.054+0000] {logging_mixin.py:151} INFO - [2025-01-18T00:58:16.053+0000] {dag.py:2907} INFO - Sync 1 DAGs
[2025-01-18T00:58:16.100+0000] {logging_mixin.py:151} INFO - [2025-01-18T00:58:16.099+0000] {dag.py:3677} INFO - Setting next_dagrun for example_complex to None, run_after=None
[2025-01-18T00:58:16.177+0000] {processor.py:179} INFO - Processing /home/airflow/.local/lib/python3.8/site-packages/airflow/example_dags/example_complex.py took 0.265 seconds
[2025-01-18T00:58:48.319+0000] {processor.py:157} INFO - Started process (PID=737) to work on /home/airflow/.local/lib/python3.8/site-packages/airflow/example_dags/example_complex.py
[2025-01-18T00:58:48.325+0000] {processor.py:829} INFO - Processing file /home/airflow/.local/lib/python3.8/site-packages/airflow/example_dags/example_complex.py for tasks to queue
[2025-01-18T00:58:48.347+0000] {logging_mixin.py:151} INFO - [2025-01-18T00:58:48.343+0000] {dagbag.py:539} INFO - Filling up the DagBag from /home/airflow/.local/lib/python3.8/site-packages/airflow/example_dags/example_complex.py
[2025-01-18T00:58:48.548+0000] {processor.py:839} INFO - DAG(s) dict_keys(['example_complex']) retrieved from /home/airflow/.local/lib/python3.8/site-packages/airflow/example_dags/example_complex.py
[2025-01-18T00:58:48.821+0000] {logging_mixin.py:151} INFO - [2025-01-18T00:58:48.820+0000] {dag.py:2907} INFO - Sync 1 DAGs
[2025-01-18T00:58:48.974+0000] {logging_mixin.py:151} INFO - [2025-01-18T00:58:48.974+0000] {dag.py:3677} INFO - Setting next_dagrun for example_complex to None, run_after=None
[2025-01-18T00:58:49.175+0000] {processor.py:179} INFO - Processing /home/airflow/.local/lib/python3.8/site-packages/airflow/example_dags/example_complex.py took 0.892 seconds
[2025-01-18T00:59:19.640+0000] {processor.py:157} INFO - Started process (PID=814) to work on /home/airflow/.local/lib/python3.8/site-packages/airflow/example_dags/example_complex.py
[2025-01-18T00:59:19.641+0000] {processor.py:829} INFO - Processing file /home/airflow/.local/lib/python3.8/site-packages/airflow/example_dags/example_complex.py for tasks to queue
[2025-01-18T00:59:19.643+0000] {logging_mixin.py:151} INFO - [2025-01-18T00:59:19.643+0000] {dagbag.py:539} INFO - Filling up the DagBag from /home/airflow/.local/lib/python3.8/site-packages/airflow/example_dags/example_complex.py
[2025-01-18T00:59:19.656+0000] {processor.py:839} INFO - DAG(s) dict_keys(['example_complex']) retrieved from /home/airflow/.local/lib/python3.8/site-packages/airflow/example_dags/example_complex.py
[2025-01-18T00:59:19.698+0000] {logging_mixin.py:151} INFO - [2025-01-18T00:59:19.698+0000] {dag.py:2907} INFO - Sync 1 DAGs
[2025-01-18T00:59:19.716+0000] {logging_mixin.py:151} INFO - [2025-01-18T00:59:19.716+0000] {dag.py:3677} INFO - Setting next_dagrun for example_complex to None, run_after=None
[2025-01-18T00:59:19.737+0000] {processor.py:179} INFO - Processing /home/airflow/.local/lib/python3.8/site-packages/airflow/example_dags/example_complex.py took 0.100 seconds
[2025-01-18T00:59:50.252+0000] {processor.py:157} INFO - Started process (PID=900) to work on /home/airflow/.local/lib/python3.8/site-packages/airflow/example_dags/example_complex.py
[2025-01-18T00:59:50.253+0000] {processor.py:829} INFO - Processing file /home/airflow/.local/lib/python3.8/site-packages/airflow/example_dags/example_complex.py for tasks to queue
[2025-01-18T00:59:50.262+0000] {logging_mixin.py:151} INFO - [2025-01-18T00:59:50.261+0000] {dagbag.py:539} INFO - Filling up the DagBag from /home/airflow/.local/lib/python3.8/site-packages/airflow/example_dags/example_complex.py
[2025-01-18T00:59:50.307+0000] {processor.py:839} INFO - DAG(s) dict_keys(['example_complex']) retrieved from /home/airflow/.local/lib/python3.8/site-packages/airflow/example_dags/example_complex.py
[2025-01-18T00:59:50.402+0000] {logging_mixin.py:151} INFO - [2025-01-18T00:59:50.402+0000] {dag.py:2907} INFO - Sync 1 DAGs
[2025-01-18T00:59:50.443+0000] {logging_mixin.py:151} INFO - [2025-01-18T00:59:50.443+0000] {dag.py:3677} INFO - Setting next_dagrun for example_complex to None, run_after=None
[2025-01-18T00:59:50.508+0000] {processor.py:179} INFO - Processing /home/airflow/.local/lib/python3.8/site-packages/airflow/example_dags/example_complex.py took 0.285 seconds
[2025-01-18T01:00:21.489+0000] {processor.py:157} INFO - Started process (PID=975) to work on /home/airflow/.local/lib/python3.8/site-packages/airflow/example_dags/example_complex.py
[2025-01-18T01:00:21.491+0000] {processor.py:829} INFO - Processing file /home/airflow/.local/lib/python3.8/site-packages/airflow/example_dags/example_complex.py for tasks to queue
[2025-01-18T01:00:21.512+0000] {logging_mixin.py:151} INFO - [2025-01-18T01:00:21.511+0000] {dagbag.py:539} INFO - Filling up the DagBag from /home/airflow/.local/lib/python3.8/site-packages/airflow/example_dags/example_complex.py
[2025-01-18T01:00:21.573+0000] {processor.py:839} INFO - DAG(s) dict_keys(['example_complex']) retrieved from /home/airflow/.local/lib/python3.8/site-packages/airflow/example_dags/example_complex.py
[2025-01-18T01:00:21.737+0000] {logging_mixin.py:151} INFO - [2025-01-18T01:00:21.736+0000] {dag.py:2907} INFO - Sync 1 DAGs
[2025-01-18T01:00:21.792+0000] {logging_mixin.py:151} INFO - [2025-01-18T01:00:21.791+0000] {dag.py:3677} INFO - Setting next_dagrun for example_complex to None, run_after=None
[2025-01-18T01:00:21.962+0000] {processor.py:179} INFO - Processing /home/airflow/.local/lib/python3.8/site-packages/airflow/example_dags/example_complex.py took 0.491 seconds
[2025-01-18T01:00:52.933+0000] {processor.py:157} INFO - Started process (PID=1053) to work on /home/airflow/.local/lib/python3.8/site-packages/airflow/example_dags/example_complex.py
[2025-01-18T01:00:52.934+0000] {processor.py:829} INFO - Processing file /home/airflow/.local/lib/python3.8/site-packages/airflow/example_dags/example_complex.py for tasks to queue
[2025-01-18T01:00:52.937+0000] {logging_mixin.py:151} INFO - [2025-01-18T01:00:52.937+0000] {dagbag.py:539} INFO - Filling up the DagBag from /home/airflow/.local/lib/python3.8/site-packages/airflow/example_dags/example_complex.py
[2025-01-18T01:00:52.957+0000] {processor.py:839} INFO - DAG(s) dict_keys(['example_complex']) retrieved from /home/airflow/.local/lib/python3.8/site-packages/airflow/example_dags/example_complex.py
[2025-01-18T01:00:53.008+0000] {logging_mixin.py:151} INFO - [2025-01-18T01:00:53.008+0000] {dag.py:2907} INFO - Sync 1 DAGs
[2025-01-18T01:00:53.024+0000] {logging_mixin.py:151} INFO - [2025-01-18T01:00:53.024+0000] {dag.py:3677} INFO - Setting next_dagrun for example_complex to None, run_after=None
[2025-01-18T01:00:53.062+0000] {processor.py:179} INFO - Processing /home/airflow/.local/lib/python3.8/site-packages/airflow/example_dags/example_complex.py took 0.135 seconds
[2025-01-18T01:01:23.583+0000] {processor.py:157} INFO - Started process (PID=1139) to work on /home/airflow/.local/lib/python3.8/site-packages/airflow/example_dags/example_complex.py
[2025-01-18T01:01:23.584+0000] {processor.py:829} INFO - Processing file /home/airflow/.local/lib/python3.8/site-packages/airflow/example_dags/example_complex.py for tasks to queue
[2025-01-18T01:01:23.587+0000] {logging_mixin.py:151} INFO - [2025-01-18T01:01:23.587+0000] {dagbag.py:539} INFO - Filling up the DagBag from /home/airflow/.local/lib/python3.8/site-packages/airflow/example_dags/example_complex.py
[2025-01-18T01:01:23.609+0000] {processor.py:839} INFO - DAG(s) dict_keys(['example_complex']) retrieved from /home/airflow/.local/lib/python3.8/site-packages/airflow/example_dags/example_complex.py
[2025-01-18T01:01:23.672+0000] {logging_mixin.py:151} INFO - [2025-01-18T01:01:23.671+0000] {dag.py:2907} INFO - Sync 1 DAGs
[2025-01-18T01:01:23.712+0000] {logging_mixin.py:151} INFO - [2025-01-18T01:01:23.711+0000] {dag.py:3677} INFO - Setting next_dagrun for example_complex to None, run_after=None
[2025-01-18T01:01:23.751+0000] {processor.py:179} INFO - Processing /home/airflow/.local/lib/python3.8/site-packages/airflow/example_dags/example_complex.py took 0.172 seconds
[2025-01-18T01:01:54.109+0000] {processor.py:157} INFO - Started process (PID=1226) to work on /home/airflow/.local/lib/python3.8/site-packages/airflow/example_dags/example_complex.py
[2025-01-18T01:01:54.110+0000] {processor.py:829} INFO - Processing file /home/airflow/.local/lib/python3.8/site-packages/airflow/example_dags/example_complex.py for tasks to queue
[2025-01-18T01:01:54.112+0000] {logging_mixin.py:151} INFO - [2025-01-18T01:01:54.112+0000] {dagbag.py:539} INFO - Filling up the DagBag from /home/airflow/.local/lib/python3.8/site-packages/airflow/example_dags/example_complex.py
[2025-01-18T01:01:54.124+0000] {processor.py:839} INFO - DAG(s) dict_keys(['example_complex']) retrieved from /home/airflow/.local/lib/python3.8/site-packages/airflow/example_dags/example_complex.py
[2025-01-18T01:01:54.159+0000] {logging_mixin.py:151} INFO - [2025-01-18T01:01:54.159+0000] {dag.py:2907} INFO - Sync 1 DAGs
[2025-01-18T01:01:54.171+0000] {logging_mixin.py:151} INFO - [2025-01-18T01:01:54.171+0000] {dag.py:3677} INFO - Setting next_dagrun for example_complex to None, run_after=None
[2025-01-18T01:01:54.193+0000] {processor.py:179} INFO - Processing /home/airflow/.local/lib/python3.8/site-packages/airflow/example_dags/example_complex.py took 0.088 seconds
[2025-01-18T01:02:24.642+0000] {processor.py:157} INFO - Started process (PID=1319) to work on /home/airflow/.local/lib/python3.8/site-packages/airflow/example_dags/example_complex.py
[2025-01-18T01:02:24.645+0000] {processor.py:829} INFO - Processing file /home/airflow/.local/lib/python3.8/site-packages/airflow/example_dags/example_complex.py for tasks to queue
[2025-01-18T01:02:24.652+0000] {logging_mixin.py:151} INFO - [2025-01-18T01:02:24.651+0000] {dagbag.py:539} INFO - Filling up the DagBag from /home/airflow/.local/lib/python3.8/site-packages/airflow/example_dags/example_complex.py
[2025-01-18T01:02:24.702+0000] {processor.py:839} INFO - DAG(s) dict_keys(['example_complex']) retrieved from /home/airflow/.local/lib/python3.8/site-packages/airflow/example_dags/example_complex.py
[2025-01-18T01:02:24.833+0000] {logging_mixin.py:151} INFO - [2025-01-18T01:02:24.833+0000] {dag.py:2907} INFO - Sync 1 DAGs
[2025-01-18T01:02:24.877+0000] {logging_mixin.py:151} INFO - [2025-01-18T01:02:24.877+0000] {dag.py:3677} INFO - Setting next_dagrun for example_complex to None, run_after=None
[2025-01-18T01:02:24.969+0000] {processor.py:179} INFO - Processing /home/airflow/.local/lib/python3.8/site-packages/airflow/example_dags/example_complex.py took 0.338 seconds
[2025-01-18T13:40:26.108+0000] {processor.py:157} INFO - Started process (PID=81) to work on /home/airflow/.local/lib/python3.8/site-packages/airflow/example_dags/example_complex.py
[2025-01-18T13:40:26.111+0000] {processor.py:829} INFO - Processing file /home/airflow/.local/lib/python3.8/site-packages/airflow/example_dags/example_complex.py for tasks to queue
[2025-01-18T13:40:26.117+0000] {logging_mixin.py:151} INFO - [2025-01-18T13:40:26.116+0000] {dagbag.py:539} INFO - Filling up the DagBag from /home/airflow/.local/lib/python3.8/site-packages/airflow/example_dags/example_complex.py
[2025-01-18T13:40:26.159+0000] {processor.py:839} INFO - DAG(s) dict_keys(['example_complex']) retrieved from /home/airflow/.local/lib/python3.8/site-packages/airflow/example_dags/example_complex.py
[2025-01-18T13:40:26.273+0000] {logging_mixin.py:151} INFO - [2025-01-18T13:40:26.273+0000] {dag.py:2907} INFO - Sync 1 DAGs
[2025-01-18T13:40:26.315+0000] {logging_mixin.py:151} INFO - [2025-01-18T13:40:26.314+0000] {dag.py:3677} INFO - Setting next_dagrun for example_complex to None, run_after=None
[2025-01-18T13:40:26.356+0000] {processor.py:179} INFO - Processing /home/airflow/.local/lib/python3.8/site-packages/airflow/example_dags/example_complex.py took 0.256 seconds
[2025-01-18T13:40:56.506+0000] {processor.py:157} INFO - Started process (PID=158) to work on /home/airflow/.local/lib/python3.8/site-packages/airflow/example_dags/example_complex.py
[2025-01-18T13:40:56.508+0000] {processor.py:829} INFO - Processing file /home/airflow/.local/lib/python3.8/site-packages/airflow/example_dags/example_complex.py for tasks to queue
[2025-01-18T13:40:56.510+0000] {logging_mixin.py:151} INFO - [2025-01-18T13:40:56.510+0000] {dagbag.py:539} INFO - Filling up the DagBag from /home/airflow/.local/lib/python3.8/site-packages/airflow/example_dags/example_complex.py
[2025-01-18T13:40:56.527+0000] {processor.py:839} INFO - DAG(s) dict_keys(['example_complex']) retrieved from /home/airflow/.local/lib/python3.8/site-packages/airflow/example_dags/example_complex.py
[2025-01-18T13:40:56.578+0000] {logging_mixin.py:151} INFO - [2025-01-18T13:40:56.578+0000] {dag.py:2907} INFO - Sync 1 DAGs
[2025-01-18T13:40:56.601+0000] {logging_mixin.py:151} INFO - [2025-01-18T13:40:56.601+0000] {dag.py:3677} INFO - Setting next_dagrun for example_complex to None, run_after=None
[2025-01-18T13:40:56.634+0000] {processor.py:179} INFO - Processing /home/airflow/.local/lib/python3.8/site-packages/airflow/example_dags/example_complex.py took 0.133 seconds
[2025-01-18T13:41:26.995+0000] {processor.py:157} INFO - Started process (PID=245) to work on /home/airflow/.local/lib/python3.8/site-packages/airflow/example_dags/example_complex.py
[2025-01-18T13:41:26.996+0000] {processor.py:829} INFO - Processing file /home/airflow/.local/lib/python3.8/site-packages/airflow/example_dags/example_complex.py for tasks to queue
[2025-01-18T13:41:26.999+0000] {logging_mixin.py:151} INFO - [2025-01-18T13:41:26.999+0000] {dagbag.py:539} INFO - Filling up the DagBag from /home/airflow/.local/lib/python3.8/site-packages/airflow/example_dags/example_complex.py
[2025-01-18T13:41:27.014+0000] {processor.py:839} INFO - DAG(s) dict_keys(['example_complex']) retrieved from /home/airflow/.local/lib/python3.8/site-packages/airflow/example_dags/example_complex.py
[2025-01-18T13:41:27.054+0000] {logging_mixin.py:151} INFO - [2025-01-18T13:41:27.053+0000] {dag.py:2907} INFO - Sync 1 DAGs
[2025-01-18T13:41:27.072+0000] {logging_mixin.py:151} INFO - [2025-01-18T13:41:27.071+0000] {dag.py:3677} INFO - Setting next_dagrun for example_complex to None, run_after=None
[2025-01-18T13:41:27.106+0000] {processor.py:179} INFO - Processing /home/airflow/.local/lib/python3.8/site-packages/airflow/example_dags/example_complex.py took 0.114 seconds
[2025-01-18T13:41:58.172+0000] {processor.py:157} INFO - Started process (PID=331) to work on /home/airflow/.local/lib/python3.8/site-packages/airflow/example_dags/example_complex.py
[2025-01-18T13:41:58.174+0000] {processor.py:829} INFO - Processing file /home/airflow/.local/lib/python3.8/site-packages/airflow/example_dags/example_complex.py for tasks to queue
[2025-01-18T13:41:58.179+0000] {logging_mixin.py:151} INFO - [2025-01-18T13:41:58.178+0000] {dagbag.py:539} INFO - Filling up the DagBag from /home/airflow/.local/lib/python3.8/site-packages/airflow/example_dags/example_complex.py
[2025-01-18T13:41:58.211+0000] {processor.py:839} INFO - DAG(s) dict_keys(['example_complex']) retrieved from /home/airflow/.local/lib/python3.8/site-packages/airflow/example_dags/example_complex.py
[2025-01-18T13:41:58.321+0000] {logging_mixin.py:151} INFO - [2025-01-18T13:41:58.320+0000] {dag.py:2907} INFO - Sync 1 DAGs
[2025-01-18T13:41:58.375+0000] {logging_mixin.py:151} INFO - [2025-01-18T13:41:58.374+0000] {dag.py:3677} INFO - Setting next_dagrun for example_complex to None, run_after=None
[2025-01-18T13:41:58.432+0000] {processor.py:179} INFO - Processing /home/airflow/.local/lib/python3.8/site-packages/airflow/example_dags/example_complex.py took 0.268 seconds
[2025-01-18T13:42:28.562+0000] {processor.py:157} INFO - Started process (PID=398) to work on /home/airflow/.local/lib/python3.8/site-packages/airflow/example_dags/example_complex.py
[2025-01-18T13:42:28.564+0000] {processor.py:829} INFO - Processing file /home/airflow/.local/lib/python3.8/site-packages/airflow/example_dags/example_complex.py for tasks to queue
[2025-01-18T13:42:28.568+0000] {logging_mixin.py:151} INFO - [2025-01-18T13:42:28.567+0000] {dagbag.py:539} INFO - Filling up the DagBag from /home/airflow/.local/lib/python3.8/site-packages/airflow/example_dags/example_complex.py
[2025-01-18T13:42:28.595+0000] {processor.py:839} INFO - DAG(s) dict_keys(['example_complex']) retrieved from /home/airflow/.local/lib/python3.8/site-packages/airflow/example_dags/example_complex.py
[2025-01-18T13:42:28.651+0000] {logging_mixin.py:151} INFO - [2025-01-18T13:42:28.651+0000] {dag.py:2907} INFO - Sync 1 DAGs
[2025-01-18T13:42:28.672+0000] {logging_mixin.py:151} INFO - [2025-01-18T13:42:28.672+0000] {dag.py:3677} INFO - Setting next_dagrun for example_complex to None, run_after=None
[2025-01-18T13:42:28.701+0000] {processor.py:179} INFO - Processing /home/airflow/.local/lib/python3.8/site-packages/airflow/example_dags/example_complex.py took 0.144 seconds
[2025-01-18T13:42:59.193+0000] {processor.py:157} INFO - Started process (PID=484) to work on /home/airflow/.local/lib/python3.8/site-packages/airflow/example_dags/example_complex.py
[2025-01-18T13:42:59.195+0000] {processor.py:829} INFO - Processing file /home/airflow/.local/lib/python3.8/site-packages/airflow/example_dags/example_complex.py for tasks to queue
[2025-01-18T13:42:59.204+0000] {logging_mixin.py:151} INFO - [2025-01-18T13:42:59.203+0000] {dagbag.py:539} INFO - Filling up the DagBag from /home/airflow/.local/lib/python3.8/site-packages/airflow/example_dags/example_complex.py
[2025-01-18T13:42:59.251+0000] {processor.py:839} INFO - DAG(s) dict_keys(['example_complex']) retrieved from /home/airflow/.local/lib/python3.8/site-packages/airflow/example_dags/example_complex.py
[2025-01-18T13:42:59.388+0000] {logging_mixin.py:151} INFO - [2025-01-18T13:42:59.388+0000] {dag.py:2907} INFO - Sync 1 DAGs
[2025-01-18T13:42:59.424+0000] {logging_mixin.py:151} INFO - [2025-01-18T13:42:59.424+0000] {dag.py:3677} INFO - Setting next_dagrun for example_complex to None, run_after=None
[2025-01-18T13:42:59.486+0000] {processor.py:179} INFO - Processing /home/airflow/.local/lib/python3.8/site-packages/airflow/example_dags/example_complex.py took 0.299 seconds
[2025-01-18T13:43:30.030+0000] {processor.py:157} INFO - Started process (PID=558) to work on /home/airflow/.local/lib/python3.8/site-packages/airflow/example_dags/example_complex.py
[2025-01-18T13:43:30.034+0000] {processor.py:829} INFO - Processing file /home/airflow/.local/lib/python3.8/site-packages/airflow/example_dags/example_complex.py for tasks to queue
[2025-01-18T13:43:30.042+0000] {logging_mixin.py:151} INFO - [2025-01-18T13:43:30.041+0000] {dagbag.py:539} INFO - Filling up the DagBag from /home/airflow/.local/lib/python3.8/site-packages/airflow/example_dags/example_complex.py
[2025-01-18T13:43:30.116+0000] {processor.py:839} INFO - DAG(s) dict_keys(['example_complex']) retrieved from /home/airflow/.local/lib/python3.8/site-packages/airflow/example_dags/example_complex.py
[2025-01-18T13:43:30.290+0000] {logging_mixin.py:151} INFO - [2025-01-18T13:43:30.289+0000] {dag.py:2907} INFO - Sync 1 DAGs
[2025-01-18T13:43:30.351+0000] {logging_mixin.py:151} INFO - [2025-01-18T13:43:30.351+0000] {dag.py:3677} INFO - Setting next_dagrun for example_complex to None, run_after=None
[2025-01-18T13:43:30.460+0000] {processor.py:179} INFO - Processing /home/airflow/.local/lib/python3.8/site-packages/airflow/example_dags/example_complex.py took 0.436 seconds
[2025-01-18T13:44:00.583+0000] {processor.py:157} INFO - Started process (PID=637) to work on /home/airflow/.local/lib/python3.8/site-packages/airflow/example_dags/example_complex.py
[2025-01-18T13:44:00.585+0000] {processor.py:829} INFO - Processing file /home/airflow/.local/lib/python3.8/site-packages/airflow/example_dags/example_complex.py for tasks to queue
[2025-01-18T13:44:00.589+0000] {logging_mixin.py:151} INFO - [2025-01-18T13:44:00.589+0000] {dagbag.py:539} INFO - Filling up the DagBag from /home/airflow/.local/lib/python3.8/site-packages/airflow/example_dags/example_complex.py
[2025-01-18T13:44:00.614+0000] {processor.py:839} INFO - DAG(s) dict_keys(['example_complex']) retrieved from /home/airflow/.local/lib/python3.8/site-packages/airflow/example_dags/example_complex.py
[2025-01-18T13:44:00.679+0000] {logging_mixin.py:151} INFO - [2025-01-18T13:44:00.678+0000] {dag.py:2907} INFO - Sync 1 DAGs
[2025-01-18T13:44:00.705+0000] {logging_mixin.py:151} INFO - [2025-01-18T13:44:00.705+0000] {dag.py:3677} INFO - Setting next_dagrun for example_complex to None, run_after=None
[2025-01-18T13:44:00.741+0000] {processor.py:179} INFO - Processing /home/airflow/.local/lib/python3.8/site-packages/airflow/example_dags/example_complex.py took 0.164 seconds
[2025-01-18T13:44:31.031+0000] {processor.py:157} INFO - Started process (PID=723) to work on /home/airflow/.local/lib/python3.8/site-packages/airflow/example_dags/example_complex.py
[2025-01-18T13:44:31.032+0000] {processor.py:829} INFO - Processing file /home/airflow/.local/lib/python3.8/site-packages/airflow/example_dags/example_complex.py for tasks to queue
[2025-01-18T13:44:31.034+0000] {logging_mixin.py:151} INFO - [2025-01-18T13:44:31.034+0000] {dagbag.py:539} INFO - Filling up the DagBag from /home/airflow/.local/lib/python3.8/site-packages/airflow/example_dags/example_complex.py
[2025-01-18T13:44:31.051+0000] {processor.py:839} INFO - DAG(s) dict_keys(['example_complex']) retrieved from /home/airflow/.local/lib/python3.8/site-packages/airflow/example_dags/example_complex.py
[2025-01-18T13:44:31.095+0000] {logging_mixin.py:151} INFO - [2025-01-18T13:44:31.095+0000] {dag.py:2907} INFO - Sync 1 DAGs
[2025-01-18T13:44:31.111+0000] {logging_mixin.py:151} INFO - [2025-01-18T13:44:31.111+0000] {dag.py:3677} INFO - Setting next_dagrun for example_complex to None, run_after=None
[2025-01-18T13:44:31.134+0000] {processor.py:179} INFO - Processing /home/airflow/.local/lib/python3.8/site-packages/airflow/example_dags/example_complex.py took 0.107 seconds
[2025-01-18T13:45:01.553+0000] {processor.py:157} INFO - Started process (PID=809) to work on /home/airflow/.local/lib/python3.8/site-packages/airflow/example_dags/example_complex.py
[2025-01-18T13:45:01.554+0000] {processor.py:829} INFO - Processing file /home/airflow/.local/lib/python3.8/site-packages/airflow/example_dags/example_complex.py for tasks to queue
[2025-01-18T13:45:01.557+0000] {logging_mixin.py:151} INFO - [2025-01-18T13:45:01.557+0000] {dagbag.py:539} INFO - Filling up the DagBag from /home/airflow/.local/lib/python3.8/site-packages/airflow/example_dags/example_complex.py
[2025-01-18T13:45:01.576+0000] {processor.py:839} INFO - DAG(s) dict_keys(['example_complex']) retrieved from /home/airflow/.local/lib/python3.8/site-packages/airflow/example_dags/example_complex.py
[2025-01-18T13:45:01.628+0000] {logging_mixin.py:151} INFO - [2025-01-18T13:45:01.628+0000] {dag.py:2907} INFO - Sync 1 DAGs
[2025-01-18T13:45:01.647+0000] {logging_mixin.py:151} INFO - [2025-01-18T13:45:01.646+0000] {dag.py:3677} INFO - Setting next_dagrun for example_complex to None, run_after=None
[2025-01-18T13:45:01.670+0000] {processor.py:179} INFO - Processing /home/airflow/.local/lib/python3.8/site-packages/airflow/example_dags/example_complex.py took 0.122 seconds
[2025-01-18T13:45:31.852+0000] {processor.py:157} INFO - Started process (PID=895) to work on /home/airflow/.local/lib/python3.8/site-packages/airflow/example_dags/example_complex.py
[2025-01-18T13:45:31.853+0000] {processor.py:829} INFO - Processing file /home/airflow/.local/lib/python3.8/site-packages/airflow/example_dags/example_complex.py for tasks to queue
[2025-01-18T13:45:31.858+0000] {logging_mixin.py:151} INFO - [2025-01-18T13:45:31.857+0000] {dagbag.py:539} INFO - Filling up the DagBag from /home/airflow/.local/lib/python3.8/site-packages/airflow/example_dags/example_complex.py
[2025-01-18T13:45:31.884+0000] {processor.py:839} INFO - DAG(s) dict_keys(['example_complex']) retrieved from /home/airflow/.local/lib/python3.8/site-packages/airflow/example_dags/example_complex.py
[2025-01-18T13:45:31.954+0000] {logging_mixin.py:151} INFO - [2025-01-18T13:45:31.954+0000] {dag.py:2907} INFO - Sync 1 DAGs
[2025-01-18T13:45:31.979+0000] {logging_mixin.py:151} INFO - [2025-01-18T13:45:31.978+0000] {dag.py:3677} INFO - Setting next_dagrun for example_complex to None, run_after=None
[2025-01-18T13:45:32.009+0000] {processor.py:179} INFO - Processing /home/airflow/.local/lib/python3.8/site-packages/airflow/example_dags/example_complex.py took 0.163 seconds
[2025-01-18T13:46:02.197+0000] {processor.py:157} INFO - Started process (PID=982) to work on /home/airflow/.local/lib/python3.8/site-packages/airflow/example_dags/example_complex.py
[2025-01-18T13:46:02.199+0000] {processor.py:829} INFO - Processing file /home/airflow/.local/lib/python3.8/site-packages/airflow/example_dags/example_complex.py for tasks to queue
[2025-01-18T13:46:02.216+0000] {logging_mixin.py:151} INFO - [2025-01-18T13:46:02.215+0000] {dagbag.py:539} INFO - Filling up the DagBag from /home/airflow/.local/lib/python3.8/site-packages/airflow/example_dags/example_complex.py
[2025-01-18T13:46:02.259+0000] {processor.py:839} INFO - DAG(s) dict_keys(['example_complex']) retrieved from /home/airflow/.local/lib/python3.8/site-packages/airflow/example_dags/example_complex.py
[2025-01-18T13:46:02.328+0000] {logging_mixin.py:151} INFO - [2025-01-18T13:46:02.327+0000] {dag.py:2907} INFO - Sync 1 DAGs
[2025-01-18T13:46:02.356+0000] {logging_mixin.py:151} INFO - [2025-01-18T13:46:02.356+0000] {dag.py:3677} INFO - Setting next_dagrun for example_complex to None, run_after=None
[2025-01-18T13:46:02.395+0000] {processor.py:179} INFO - Processing /home/airflow/.local/lib/python3.8/site-packages/airflow/example_dags/example_complex.py took 0.211 seconds
[2025-01-18T13:46:32.473+0000] {processor.py:157} INFO - Started process (PID=1056) to work on /home/airflow/.local/lib/python3.8/site-packages/airflow/example_dags/example_complex.py
[2025-01-18T13:46:32.474+0000] {processor.py:829} INFO - Processing file /home/airflow/.local/lib/python3.8/site-packages/airflow/example_dags/example_complex.py for tasks to queue
[2025-01-18T13:46:32.477+0000] {logging_mixin.py:151} INFO - [2025-01-18T13:46:32.477+0000] {dagbag.py:539} INFO - Filling up the DagBag from /home/airflow/.local/lib/python3.8/site-packages/airflow/example_dags/example_complex.py
[2025-01-18T13:46:32.494+0000] {processor.py:839} INFO - DAG(s) dict_keys(['example_complex']) retrieved from /home/airflow/.local/lib/python3.8/site-packages/airflow/example_dags/example_complex.py
[2025-01-18T13:46:32.541+0000] {logging_mixin.py:151} INFO - [2025-01-18T13:46:32.541+0000] {dag.py:2907} INFO - Sync 1 DAGs
[2025-01-18T13:46:32.558+0000] {logging_mixin.py:151} INFO - [2025-01-18T13:46:32.558+0000] {dag.py:3677} INFO - Setting next_dagrun for example_complex to None, run_after=None
[2025-01-18T13:46:32.580+0000] {processor.py:179} INFO - Processing /home/airflow/.local/lib/python3.8/site-packages/airflow/example_dags/example_complex.py took 0.110 seconds
[2025-01-18T13:47:02.711+0000] {processor.py:157} INFO - Started process (PID=1142) to work on /home/airflow/.local/lib/python3.8/site-packages/airflow/example_dags/example_complex.py
[2025-01-18T13:47:02.713+0000] {processor.py:829} INFO - Processing file /home/airflow/.local/lib/python3.8/site-packages/airflow/example_dags/example_complex.py for tasks to queue
[2025-01-18T13:47:02.716+0000] {logging_mixin.py:151} INFO - [2025-01-18T13:47:02.716+0000] {dagbag.py:539} INFO - Filling up the DagBag from /home/airflow/.local/lib/python3.8/site-packages/airflow/example_dags/example_complex.py
[2025-01-18T13:47:02.739+0000] {processor.py:839} INFO - DAG(s) dict_keys(['example_complex']) retrieved from /home/airflow/.local/lib/python3.8/site-packages/airflow/example_dags/example_complex.py
[2025-01-18T13:47:02.798+0000] {logging_mixin.py:151} INFO - [2025-01-18T13:47:02.798+0000] {dag.py:2907} INFO - Sync 1 DAGs
[2025-01-18T13:47:02.820+0000] {logging_mixin.py:151} INFO - [2025-01-18T13:47:02.820+0000] {dag.py:3677} INFO - Setting next_dagrun for example_complex to None, run_after=None
[2025-01-18T13:47:02.855+0000] {processor.py:179} INFO - Processing /home/airflow/.local/lib/python3.8/site-packages/airflow/example_dags/example_complex.py took 0.149 seconds
[2025-01-18T13:47:33.828+0000] {processor.py:157} INFO - Started process (PID=1229) to work on /home/airflow/.local/lib/python3.8/site-packages/airflow/example_dags/example_complex.py
[2025-01-18T13:47:33.831+0000] {processor.py:829} INFO - Processing file /home/airflow/.local/lib/python3.8/site-packages/airflow/example_dags/example_complex.py for tasks to queue
[2025-01-18T13:47:33.836+0000] {logging_mixin.py:151} INFO - [2025-01-18T13:47:33.836+0000] {dagbag.py:539} INFO - Filling up the DagBag from /home/airflow/.local/lib/python3.8/site-packages/airflow/example_dags/example_complex.py
[2025-01-18T13:47:33.881+0000] {processor.py:839} INFO - DAG(s) dict_keys(['example_complex']) retrieved from /home/airflow/.local/lib/python3.8/site-packages/airflow/example_dags/example_complex.py
[2025-01-18T13:47:34.010+0000] {logging_mixin.py:151} INFO - [2025-01-18T13:47:34.008+0000] {dag.py:2907} INFO - Sync 1 DAGs
[2025-01-18T13:47:34.077+0000] {logging_mixin.py:151} INFO - [2025-01-18T13:47:34.076+0000] {dag.py:3677} INFO - Setting next_dagrun for example_complex to None, run_after=None
[2025-01-18T13:47:34.154+0000] {processor.py:179} INFO - Processing /home/airflow/.local/lib/python3.8/site-packages/airflow/example_dags/example_complex.py took 0.334 seconds
[2025-01-18T13:48:04.689+0000] {processor.py:157} INFO - Started process (PID=1307) to work on /home/airflow/.local/lib/python3.8/site-packages/airflow/example_dags/example_complex.py
[2025-01-18T13:48:04.691+0000] {processor.py:829} INFO - Processing file /home/airflow/.local/lib/python3.8/site-packages/airflow/example_dags/example_complex.py for tasks to queue
[2025-01-18T13:48:04.695+0000] {logging_mixin.py:151} INFO - [2025-01-18T13:48:04.695+0000] {dagbag.py:539} INFO - Filling up the DagBag from /home/airflow/.local/lib/python3.8/site-packages/airflow/example_dags/example_complex.py
[2025-01-18T13:48:04.729+0000] {processor.py:839} INFO - DAG(s) dict_keys(['example_complex']) retrieved from /home/airflow/.local/lib/python3.8/site-packages/airflow/example_dags/example_complex.py
[2025-01-18T13:48:04.812+0000] {logging_mixin.py:151} INFO - [2025-01-18T13:48:04.812+0000] {dag.py:2907} INFO - Sync 1 DAGs
[2025-01-18T13:48:04.837+0000] {logging_mixin.py:151} INFO - [2025-01-18T13:48:04.837+0000] {dag.py:3677} INFO - Setting next_dagrun for example_complex to None, run_after=None
[2025-01-18T13:48:04.870+0000] {processor.py:179} INFO - Processing /home/airflow/.local/lib/python3.8/site-packages/airflow/example_dags/example_complex.py took 0.189 seconds
[2025-01-18T13:48:35.108+0000] {processor.py:157} INFO - Started process (PID=1393) to work on /home/airflow/.local/lib/python3.8/site-packages/airflow/example_dags/example_complex.py
[2025-01-18T13:48:35.109+0000] {processor.py:829} INFO - Processing file /home/airflow/.local/lib/python3.8/site-packages/airflow/example_dags/example_complex.py for tasks to queue
[2025-01-18T13:48:35.112+0000] {logging_mixin.py:151} INFO - [2025-01-18T13:48:35.112+0000] {dagbag.py:539} INFO - Filling up the DagBag from /home/airflow/.local/lib/python3.8/site-packages/airflow/example_dags/example_complex.py
[2025-01-18T13:48:35.126+0000] {processor.py:839} INFO - DAG(s) dict_keys(['example_complex']) retrieved from /home/airflow/.local/lib/python3.8/site-packages/airflow/example_dags/example_complex.py
[2025-01-18T13:48:35.170+0000] {logging_mixin.py:151} INFO - [2025-01-18T13:48:35.169+0000] {dag.py:2907} INFO - Sync 1 DAGs
[2025-01-18T13:48:35.190+0000] {logging_mixin.py:151} INFO - [2025-01-18T13:48:35.189+0000] {dag.py:3677} INFO - Setting next_dagrun for example_complex to None, run_after=None
[2025-01-18T13:48:35.215+0000] {processor.py:179} INFO - Processing /home/airflow/.local/lib/python3.8/site-packages/airflow/example_dags/example_complex.py took 0.110 seconds
[2025-01-18T13:49:05.593+0000] {processor.py:157} INFO - Started process (PID=1480) to work on /home/airflow/.local/lib/python3.8/site-packages/airflow/example_dags/example_complex.py
[2025-01-18T13:49:05.595+0000] {processor.py:829} INFO - Processing file /home/airflow/.local/lib/python3.8/site-packages/airflow/example_dags/example_complex.py for tasks to queue
[2025-01-18T13:49:05.600+0000] {logging_mixin.py:151} INFO - [2025-01-18T13:49:05.600+0000] {dagbag.py:539} INFO - Filling up the DagBag from /home/airflow/.local/lib/python3.8/site-packages/airflow/example_dags/example_complex.py
[2025-01-18T13:49:05.626+0000] {processor.py:839} INFO - DAG(s) dict_keys(['example_complex']) retrieved from /home/airflow/.local/lib/python3.8/site-packages/airflow/example_dags/example_complex.py
[2025-01-18T13:49:05.711+0000] {logging_mixin.py:151} INFO - [2025-01-18T13:49:05.711+0000] {dag.py:2907} INFO - Sync 1 DAGs
[2025-01-18T13:49:05.748+0000] {logging_mixin.py:151} INFO - [2025-01-18T13:49:05.747+0000] {dag.py:3677} INFO - Setting next_dagrun for example_complex to None, run_after=None
[2025-01-18T13:49:05.815+0000] {processor.py:179} INFO - Processing /home/airflow/.local/lib/python3.8/site-packages/airflow/example_dags/example_complex.py took 0.228 seconds
[2025-01-18T13:49:35.871+0000] {processor.py:157} INFO - Started process (PID=1566) to work on /home/airflow/.local/lib/python3.8/site-packages/airflow/example_dags/example_complex.py
[2025-01-18T13:49:35.872+0000] {processor.py:829} INFO - Processing file /home/airflow/.local/lib/python3.8/site-packages/airflow/example_dags/example_complex.py for tasks to queue
[2025-01-18T13:49:35.875+0000] {logging_mixin.py:151} INFO - [2025-01-18T13:49:35.874+0000] {dagbag.py:539} INFO - Filling up the DagBag from /home/airflow/.local/lib/python3.8/site-packages/airflow/example_dags/example_complex.py
[2025-01-18T13:49:35.891+0000] {processor.py:839} INFO - DAG(s) dict_keys(['example_complex']) retrieved from /home/airflow/.local/lib/python3.8/site-packages/airflow/example_dags/example_complex.py
[2025-01-18T13:49:35.933+0000] {logging_mixin.py:151} INFO - [2025-01-18T13:49:35.932+0000] {dag.py:2907} INFO - Sync 1 DAGs
[2025-01-18T13:49:35.949+0000] {logging_mixin.py:151} INFO - [2025-01-18T13:49:35.949+0000] {dag.py:3677} INFO - Setting next_dagrun for example_complex to None, run_after=None
[2025-01-18T13:49:35.969+0000] {processor.py:179} INFO - Processing /home/airflow/.local/lib/python3.8/site-packages/airflow/example_dags/example_complex.py took 0.103 seconds
[2025-01-18T13:50:06.824+0000] {processor.py:157} INFO - Started process (PID=1653) to work on /home/airflow/.local/lib/python3.8/site-packages/airflow/example_dags/example_complex.py
[2025-01-18T13:50:06.825+0000] {processor.py:829} INFO - Processing file /home/airflow/.local/lib/python3.8/site-packages/airflow/example_dags/example_complex.py for tasks to queue
[2025-01-18T13:50:06.828+0000] {logging_mixin.py:151} INFO - [2025-01-18T13:50:06.828+0000] {dagbag.py:539} INFO - Filling up the DagBag from /home/airflow/.local/lib/python3.8/site-packages/airflow/example_dags/example_complex.py
[2025-01-18T13:50:06.850+0000] {processor.py:839} INFO - DAG(s) dict_keys(['example_complex']) retrieved from /home/airflow/.local/lib/python3.8/site-packages/airflow/example_dags/example_complex.py
[2025-01-18T13:50:06.907+0000] {logging_mixin.py:151} INFO - [2025-01-18T13:50:06.907+0000] {dag.py:2907} INFO - Sync 1 DAGs
[2025-01-18T13:50:06.929+0000] {logging_mixin.py:151} INFO - [2025-01-18T13:50:06.929+0000] {dag.py:3677} INFO - Setting next_dagrun for example_complex to None, run_after=None
[2025-01-18T13:50:06.958+0000] {processor.py:179} INFO - Processing /home/airflow/.local/lib/python3.8/site-packages/airflow/example_dags/example_complex.py took 0.138 seconds
[2025-01-18T13:50:37.337+0000] {processor.py:157} INFO - Started process (PID=1766) to work on /home/airflow/.local/lib/python3.8/site-packages/airflow/example_dags/example_complex.py
[2025-01-18T13:50:37.341+0000] {processor.py:829} INFO - Processing file /home/airflow/.local/lib/python3.8/site-packages/airflow/example_dags/example_complex.py for tasks to queue
[2025-01-18T13:50:37.349+0000] {logging_mixin.py:151} INFO - [2025-01-18T13:50:37.348+0000] {dagbag.py:539} INFO - Filling up the DagBag from /home/airflow/.local/lib/python3.8/site-packages/airflow/example_dags/example_complex.py
[2025-01-18T13:50:37.371+0000] {processor.py:839} INFO - DAG(s) dict_keys(['example_complex']) retrieved from /home/airflow/.local/lib/python3.8/site-packages/airflow/example_dags/example_complex.py
[2025-01-18T13:50:37.417+0000] {logging_mixin.py:151} INFO - [2025-01-18T13:50:37.417+0000] {dag.py:2907} INFO - Sync 1 DAGs
[2025-01-18T13:50:37.432+0000] {logging_mixin.py:151} INFO - [2025-01-18T13:50:37.431+0000] {dag.py:3677} INFO - Setting next_dagrun for example_complex to None, run_after=None
[2025-01-18T13:50:37.447+0000] {processor.py:179} INFO - Processing /home/airflow/.local/lib/python3.8/site-packages/airflow/example_dags/example_complex.py took 0.117 seconds
[2025-01-18T13:51:07.551+0000] {processor.py:157} INFO - Started process (PID=1852) to work on /home/airflow/.local/lib/python3.8/site-packages/airflow/example_dags/example_complex.py
[2025-01-18T13:51:07.554+0000] {processor.py:829} INFO - Processing file /home/airflow/.local/lib/python3.8/site-packages/airflow/example_dags/example_complex.py for tasks to queue
[2025-01-18T13:51:07.558+0000] {logging_mixin.py:151} INFO - [2025-01-18T13:51:07.558+0000] {dagbag.py:539} INFO - Filling up the DagBag from /home/airflow/.local/lib/python3.8/site-packages/airflow/example_dags/example_complex.py
[2025-01-18T13:51:07.583+0000] {processor.py:839} INFO - DAG(s) dict_keys(['example_complex']) retrieved from /home/airflow/.local/lib/python3.8/site-packages/airflow/example_dags/example_complex.py
[2025-01-18T13:51:07.647+0000] {logging_mixin.py:151} INFO - [2025-01-18T13:51:07.647+0000] {dag.py:2907} INFO - Sync 1 DAGs
[2025-01-18T13:51:07.675+0000] {logging_mixin.py:151} INFO - [2025-01-18T13:51:07.675+0000] {dag.py:3677} INFO - Setting next_dagrun for example_complex to None, run_after=None
[2025-01-18T13:51:07.703+0000] {processor.py:179} INFO - Processing /home/airflow/.local/lib/python3.8/site-packages/airflow/example_dags/example_complex.py took 0.158 seconds
[2025-01-18T15:08:30.564+0000] {processor.py:157} INFO - Started process (PID=16095) to work on /home/airflow/.local/lib/python3.8/site-packages/airflow/example_dags/example_complex.py
[2025-01-18T15:08:30.565+0000] {processor.py:829} INFO - Processing file /home/airflow/.local/lib/python3.8/site-packages/airflow/example_dags/example_complex.py for tasks to queue
[2025-01-18T15:08:30.567+0000] {logging_mixin.py:151} INFO - [2025-01-18T15:08:30.566+0000] {dagbag.py:539} INFO - Filling up the DagBag from /home/airflow/.local/lib/python3.8/site-packages/airflow/example_dags/example_complex.py
[2025-01-18T15:08:30.579+0000] {processor.py:839} INFO - DAG(s) dict_keys(['example_complex']) retrieved from /home/airflow/.local/lib/python3.8/site-packages/airflow/example_dags/example_complex.py
[2025-01-18T15:08:30.613+0000] {logging_mixin.py:151} INFO - [2025-01-18T15:08:30.613+0000] {dag.py:2907} INFO - Sync 1 DAGs
[2025-01-18T15:08:30.625+0000] {logging_mixin.py:151} INFO - [2025-01-18T15:08:30.624+0000] {dag.py:3677} INFO - Setting next_dagrun for example_complex to None, run_after=None
[2025-01-18T15:08:30.650+0000] {processor.py:179} INFO - Processing /home/airflow/.local/lib/python3.8/site-packages/airflow/example_dags/example_complex.py took 0.089 seconds
[2025-01-18T15:09:01.200+0000] {processor.py:157} INFO - Started process (PID=16218) to work on /home/airflow/.local/lib/python3.8/site-packages/airflow/example_dags/example_complex.py
[2025-01-18T15:09:01.201+0000] {processor.py:829} INFO - Processing file /home/airflow/.local/lib/python3.8/site-packages/airflow/example_dags/example_complex.py for tasks to queue
[2025-01-18T15:09:01.203+0000] {logging_mixin.py:151} INFO - [2025-01-18T15:09:01.203+0000] {dagbag.py:539} INFO - Filling up the DagBag from /home/airflow/.local/lib/python3.8/site-packages/airflow/example_dags/example_complex.py
[2025-01-18T15:09:01.218+0000] {processor.py:839} INFO - DAG(s) dict_keys(['example_complex']) retrieved from /home/airflow/.local/lib/python3.8/site-packages/airflow/example_dags/example_complex.py
[2025-01-18T15:09:01.250+0000] {logging_mixin.py:151} INFO - [2025-01-18T15:09:01.249+0000] {dag.py:2907} INFO - Sync 1 DAGs
[2025-01-18T15:09:01.261+0000] {logging_mixin.py:151} INFO - [2025-01-18T15:09:01.261+0000] {dag.py:3677} INFO - Setting next_dagrun for example_complex to None, run_after=None
[2025-01-18T15:09:01.281+0000] {processor.py:179} INFO - Processing /home/airflow/.local/lib/python3.8/site-packages/airflow/example_dags/example_complex.py took 0.083 seconds
