[2025-01-18T00:11:28.122+0000] {processor.py:157} INFO - Started process (PID=157) to work on /home/airflow/.local/lib/python3.8/site-packages/airflow/example_dags/example_branch_python_dop_operator_3.py
[2025-01-18T00:11:28.139+0000] {processor.py:829} INFO - Processing file /home/airflow/.local/lib/python3.8/site-packages/airflow/example_dags/example_branch_python_dop_operator_3.py for tasks to queue
[2025-01-18T00:11:28.152+0000] {logging_mixin.py:151} INFO - [2025-01-18T00:11:28.151+0000] {dagbag.py:539} INFO - Filling up the DagBag from /home/airflow/.local/lib/python3.8/site-packages/airflow/example_dags/example_branch_python_dop_operator_3.py
[2025-01-18T00:11:28.191+0000] {processor.py:839} INFO - DAG(s) dict_keys(['example_branch_dop_operator_v3']) retrieved from /home/airflow/.local/lib/python3.8/site-packages/airflow/example_dags/example_branch_python_dop_operator_3.py
[2025-01-18T00:11:28.306+0000] {logging_mixin.py:151} INFO - [2025-01-18T00:11:28.306+0000] {dag.py:2907} INFO - Sync 1 DAGs
[2025-01-18T00:11:28.435+0000] {logging_mixin.py:151} INFO - [2025-01-18T00:11:28.434+0000] {dag.py:3677} INFO - Setting next_dagrun for example_branch_dop_operator_v3 to 2025-01-18T00:10:00+00:00, run_after=2025-01-18T00:11:00+00:00
[2025-01-18T00:11:28.491+0000] {processor.py:179} INFO - Processing /home/airflow/.local/lib/python3.8/site-packages/airflow/example_dags/example_branch_python_dop_operator_3.py took 0.377 seconds
[2025-01-18T00:11:59.049+0000] {processor.py:157} INFO - Started process (PID=269) to work on /home/airflow/.local/lib/python3.8/site-packages/airflow/example_dags/example_branch_python_dop_operator_3.py
[2025-01-18T00:11:59.052+0000] {processor.py:829} INFO - Processing file /home/airflow/.local/lib/python3.8/site-packages/airflow/example_dags/example_branch_python_dop_operator_3.py for tasks to queue
[2025-01-18T00:11:59.059+0000] {logging_mixin.py:151} INFO - [2025-01-18T00:11:59.058+0000] {dagbag.py:539} INFO - Filling up the DagBag from /home/airflow/.local/lib/python3.8/site-packages/airflow/example_dags/example_branch_python_dop_operator_3.py
[2025-01-18T00:11:59.101+0000] {processor.py:839} INFO - DAG(s) dict_keys(['example_branch_dop_operator_v3']) retrieved from /home/airflow/.local/lib/python3.8/site-packages/airflow/example_dags/example_branch_python_dop_operator_3.py
[2025-01-18T00:11:59.167+0000] {logging_mixin.py:151} INFO - [2025-01-18T00:11:59.166+0000] {dag.py:2907} INFO - Sync 1 DAGs
[2025-01-18T00:11:59.266+0000] {logging_mixin.py:151} INFO - [2025-01-18T00:11:59.265+0000] {dag.py:3677} INFO - Setting next_dagrun for example_branch_dop_operator_v3 to 2025-01-18T00:10:00+00:00, run_after=2025-01-18T00:11:00+00:00
[2025-01-18T00:11:59.323+0000] {processor.py:179} INFO - Processing /home/airflow/.local/lib/python3.8/site-packages/airflow/example_dags/example_branch_python_dop_operator_3.py took 0.288 seconds
[2025-01-18T00:12:29.642+0000] {processor.py:157} INFO - Started process (PID=355) to work on /home/airflow/.local/lib/python3.8/site-packages/airflow/example_dags/example_branch_python_dop_operator_3.py
[2025-01-18T00:12:29.643+0000] {processor.py:829} INFO - Processing file /home/airflow/.local/lib/python3.8/site-packages/airflow/example_dags/example_branch_python_dop_operator_3.py for tasks to queue
[2025-01-18T00:12:29.647+0000] {logging_mixin.py:151} INFO - [2025-01-18T00:12:29.647+0000] {dagbag.py:539} INFO - Filling up the DagBag from /home/airflow/.local/lib/python3.8/site-packages/airflow/example_dags/example_branch_python_dop_operator_3.py
[2025-01-18T00:12:29.661+0000] {processor.py:839} INFO - DAG(s) dict_keys(['example_branch_dop_operator_v3']) retrieved from /home/airflow/.local/lib/python3.8/site-packages/airflow/example_dags/example_branch_python_dop_operator_3.py
[2025-01-18T00:12:29.688+0000] {logging_mixin.py:151} INFO - [2025-01-18T00:12:29.688+0000] {dag.py:2907} INFO - Sync 1 DAGs
[2025-01-18T00:12:29.731+0000] {logging_mixin.py:151} INFO - [2025-01-18T00:12:29.730+0000] {dag.py:3677} INFO - Setting next_dagrun for example_branch_dop_operator_v3 to 2025-01-18T00:11:00+00:00, run_after=2025-01-18T00:12:00+00:00
[2025-01-18T00:12:29.758+0000] {processor.py:179} INFO - Processing /home/airflow/.local/lib/python3.8/site-packages/airflow/example_dags/example_branch_python_dop_operator_3.py took 0.122 seconds
[2025-01-18T00:12:59.886+0000] {processor.py:157} INFO - Started process (PID=429) to work on /home/airflow/.local/lib/python3.8/site-packages/airflow/example_dags/example_branch_python_dop_operator_3.py
[2025-01-18T00:12:59.888+0000] {processor.py:829} INFO - Processing file /home/airflow/.local/lib/python3.8/site-packages/airflow/example_dags/example_branch_python_dop_operator_3.py for tasks to queue
[2025-01-18T00:12:59.892+0000] {logging_mixin.py:151} INFO - [2025-01-18T00:12:59.892+0000] {dagbag.py:539} INFO - Filling up the DagBag from /home/airflow/.local/lib/python3.8/site-packages/airflow/example_dags/example_branch_python_dop_operator_3.py
[2025-01-18T00:12:59.919+0000] {processor.py:839} INFO - DAG(s) dict_keys(['example_branch_dop_operator_v3']) retrieved from /home/airflow/.local/lib/python3.8/site-packages/airflow/example_dags/example_branch_python_dop_operator_3.py
[2025-01-18T00:12:59.969+0000] {logging_mixin.py:151} INFO - [2025-01-18T00:12:59.968+0000] {dag.py:2907} INFO - Sync 1 DAGs
[2025-01-18T00:13:00.059+0000] {logging_mixin.py:151} INFO - [2025-01-18T00:13:00.058+0000] {dag.py:3677} INFO - Setting next_dagrun for example_branch_dop_operator_v3 to 2025-01-18T00:12:00+00:00, run_after=2025-01-18T00:13:00+00:00
[2025-01-18T00:13:00.101+0000] {processor.py:179} INFO - Processing /home/airflow/.local/lib/python3.8/site-packages/airflow/example_dags/example_branch_python_dop_operator_3.py took 0.222 seconds
[2025-01-18T00:14:29.185+0000] {processor.py:157} INFO - Started process (PID=128) to work on /home/airflow/.local/lib/python3.8/site-packages/airflow/example_dags/example_branch_python_dop_operator_3.py
[2025-01-18T00:14:29.186+0000] {processor.py:829} INFO - Processing file /home/airflow/.local/lib/python3.8/site-packages/airflow/example_dags/example_branch_python_dop_operator_3.py for tasks to queue
[2025-01-18T00:14:29.190+0000] {logging_mixin.py:151} INFO - [2025-01-18T00:14:29.190+0000] {dagbag.py:539} INFO - Filling up the DagBag from /home/airflow/.local/lib/python3.8/site-packages/airflow/example_dags/example_branch_python_dop_operator_3.py
[2025-01-18T00:14:29.210+0000] {processor.py:839} INFO - DAG(s) dict_keys(['example_branch_dop_operator_v3']) retrieved from /home/airflow/.local/lib/python3.8/site-packages/airflow/example_dags/example_branch_python_dop_operator_3.py
[2025-01-18T00:14:29.253+0000] {logging_mixin.py:151} INFO - [2025-01-18T00:14:29.252+0000] {dag.py:2907} INFO - Sync 1 DAGs
[2025-01-18T00:14:29.319+0000] {logging_mixin.py:151} INFO - [2025-01-18T00:14:29.319+0000] {dag.py:3677} INFO - Setting next_dagrun for example_branch_dop_operator_v3 to 2025-01-18T00:13:00+00:00, run_after=2025-01-18T00:14:00+00:00
[2025-01-18T00:14:29.354+0000] {processor.py:179} INFO - Processing /home/airflow/.local/lib/python3.8/site-packages/airflow/example_dags/example_branch_python_dop_operator_3.py took 0.177 seconds
[2025-01-18T00:14:59.625+0000] {processor.py:157} INFO - Started process (PID=195) to work on /home/airflow/.local/lib/python3.8/site-packages/airflow/example_dags/example_branch_python_dop_operator_3.py
[2025-01-18T00:14:59.626+0000] {processor.py:829} INFO - Processing file /home/airflow/.local/lib/python3.8/site-packages/airflow/example_dags/example_branch_python_dop_operator_3.py for tasks to queue
[2025-01-18T00:14:59.630+0000] {logging_mixin.py:151} INFO - [2025-01-18T00:14:59.630+0000] {dagbag.py:539} INFO - Filling up the DagBag from /home/airflow/.local/lib/python3.8/site-packages/airflow/example_dags/example_branch_python_dop_operator_3.py
[2025-01-18T00:14:59.646+0000] {processor.py:839} INFO - DAG(s) dict_keys(['example_branch_dop_operator_v3']) retrieved from /home/airflow/.local/lib/python3.8/site-packages/airflow/example_dags/example_branch_python_dop_operator_3.py
[2025-01-18T00:14:59.682+0000] {logging_mixin.py:151} INFO - [2025-01-18T00:14:59.682+0000] {dag.py:2907} INFO - Sync 1 DAGs
[2025-01-18T00:14:59.740+0000] {logging_mixin.py:151} INFO - [2025-01-18T00:14:59.740+0000] {dag.py:3677} INFO - Setting next_dagrun for example_branch_dop_operator_v3 to 2025-01-18T00:13:00+00:00, run_after=2025-01-18T00:14:00+00:00
[2025-01-18T00:14:59.765+0000] {processor.py:179} INFO - Processing /home/airflow/.local/lib/python3.8/site-packages/airflow/example_dags/example_branch_python_dop_operator_3.py took 0.145 seconds
[2025-01-18T00:15:30.060+0000] {processor.py:157} INFO - Started process (PID=281) to work on /home/airflow/.local/lib/python3.8/site-packages/airflow/example_dags/example_branch_python_dop_operator_3.py
[2025-01-18T00:15:30.062+0000] {processor.py:829} INFO - Processing file /home/airflow/.local/lib/python3.8/site-packages/airflow/example_dags/example_branch_python_dop_operator_3.py for tasks to queue
[2025-01-18T00:15:30.065+0000] {logging_mixin.py:151} INFO - [2025-01-18T00:15:30.065+0000] {dagbag.py:539} INFO - Filling up the DagBag from /home/airflow/.local/lib/python3.8/site-packages/airflow/example_dags/example_branch_python_dop_operator_3.py
[2025-01-18T00:15:30.078+0000] {processor.py:839} INFO - DAG(s) dict_keys(['example_branch_dop_operator_v3']) retrieved from /home/airflow/.local/lib/python3.8/site-packages/airflow/example_dags/example_branch_python_dop_operator_3.py
[2025-01-18T00:15:30.104+0000] {logging_mixin.py:151} INFO - [2025-01-18T00:15:30.104+0000] {dag.py:2907} INFO - Sync 1 DAGs
[2025-01-18T00:15:30.139+0000] {logging_mixin.py:151} INFO - [2025-01-18T00:15:30.139+0000] {dag.py:3677} INFO - Setting next_dagrun for example_branch_dop_operator_v3 to 2025-01-18T00:14:00+00:00, run_after=2025-01-18T00:15:00+00:00
[2025-01-18T00:15:30.163+0000] {processor.py:179} INFO - Processing /home/airflow/.local/lib/python3.8/site-packages/airflow/example_dags/example_branch_python_dop_operator_3.py took 0.107 seconds
[2025-01-18T00:16:00.549+0000] {processor.py:157} INFO - Started process (PID=367) to work on /home/airflow/.local/lib/python3.8/site-packages/airflow/example_dags/example_branch_python_dop_operator_3.py
[2025-01-18T00:16:00.550+0000] {processor.py:829} INFO - Processing file /home/airflow/.local/lib/python3.8/site-packages/airflow/example_dags/example_branch_python_dop_operator_3.py for tasks to queue
[2025-01-18T00:16:00.554+0000] {logging_mixin.py:151} INFO - [2025-01-18T00:16:00.553+0000] {dagbag.py:539} INFO - Filling up the DagBag from /home/airflow/.local/lib/python3.8/site-packages/airflow/example_dags/example_branch_python_dop_operator_3.py
[2025-01-18T00:16:00.567+0000] {processor.py:839} INFO - DAG(s) dict_keys(['example_branch_dop_operator_v3']) retrieved from /home/airflow/.local/lib/python3.8/site-packages/airflow/example_dags/example_branch_python_dop_operator_3.py
[2025-01-18T00:16:00.596+0000] {logging_mixin.py:151} INFO - [2025-01-18T00:16:00.596+0000] {dag.py:2907} INFO - Sync 1 DAGs
[2025-01-18T00:16:00.637+0000] {logging_mixin.py:151} INFO - [2025-01-18T00:16:00.637+0000] {dag.py:3677} INFO - Setting next_dagrun for example_branch_dop_operator_v3 to 2025-01-18T00:15:00+00:00, run_after=2025-01-18T00:16:00+00:00
[2025-01-18T00:16:00.663+0000] {processor.py:179} INFO - Processing /home/airflow/.local/lib/python3.8/site-packages/airflow/example_dags/example_branch_python_dop_operator_3.py took 0.118 seconds
[2025-01-18T00:16:33.406+0000] {processor.py:157} INFO - Started process (PID=453) to work on /home/airflow/.local/lib/python3.8/site-packages/airflow/example_dags/example_branch_python_dop_operator_3.py
[2025-01-18T00:16:33.409+0000] {processor.py:829} INFO - Processing file /home/airflow/.local/lib/python3.8/site-packages/airflow/example_dags/example_branch_python_dop_operator_3.py for tasks to queue
[2025-01-18T00:16:33.420+0000] {logging_mixin.py:151} INFO - [2025-01-18T00:16:33.419+0000] {dagbag.py:539} INFO - Filling up the DagBag from /home/airflow/.local/lib/python3.8/site-packages/airflow/example_dags/example_branch_python_dop_operator_3.py
[2025-01-18T00:16:33.455+0000] {processor.py:839} INFO - DAG(s) dict_keys(['example_branch_dop_operator_v3']) retrieved from /home/airflow/.local/lib/python3.8/site-packages/airflow/example_dags/example_branch_python_dop_operator_3.py
[2025-01-18T00:16:33.530+0000] {logging_mixin.py:151} INFO - [2025-01-18T00:16:33.529+0000] {dag.py:2907} INFO - Sync 1 DAGs
[2025-01-18T00:16:33.668+0000] {logging_mixin.py:151} INFO - [2025-01-18T00:16:33.667+0000] {dag.py:3677} INFO - Setting next_dagrun for example_branch_dop_operator_v3 to 2025-01-18T00:15:00+00:00, run_after=2025-01-18T00:16:00+00:00
[2025-01-18T00:16:33.733+0000] {processor.py:179} INFO - Processing /home/airflow/.local/lib/python3.8/site-packages/airflow/example_dags/example_branch_python_dop_operator_3.py took 0.337 seconds
[2025-01-18T00:17:04.299+0000] {processor.py:157} INFO - Started process (PID=548) to work on /home/airflow/.local/lib/python3.8/site-packages/airflow/example_dags/example_branch_python_dop_operator_3.py
[2025-01-18T00:17:04.301+0000] {processor.py:829} INFO - Processing file /home/airflow/.local/lib/python3.8/site-packages/airflow/example_dags/example_branch_python_dop_operator_3.py for tasks to queue
[2025-01-18T00:17:04.304+0000] {logging_mixin.py:151} INFO - [2025-01-18T00:17:04.303+0000] {dagbag.py:539} INFO - Filling up the DagBag from /home/airflow/.local/lib/python3.8/site-packages/airflow/example_dags/example_branch_python_dop_operator_3.py
[2025-01-18T00:17:04.315+0000] {processor.py:839} INFO - DAG(s) dict_keys(['example_branch_dop_operator_v3']) retrieved from /home/airflow/.local/lib/python3.8/site-packages/airflow/example_dags/example_branch_python_dop_operator_3.py
[2025-01-18T00:17:04.340+0000] {logging_mixin.py:151} INFO - [2025-01-18T00:17:04.340+0000] {dag.py:2907} INFO - Sync 1 DAGs
[2025-01-18T00:17:04.376+0000] {logging_mixin.py:151} INFO - [2025-01-18T00:17:04.376+0000] {dag.py:3677} INFO - Setting next_dagrun for example_branch_dop_operator_v3 to 2025-01-18T00:16:00+00:00, run_after=2025-01-18T00:17:00+00:00
[2025-01-18T00:17:04.410+0000] {processor.py:179} INFO - Processing /home/airflow/.local/lib/python3.8/site-packages/airflow/example_dags/example_branch_python_dop_operator_3.py took 0.114 seconds
[2025-01-18T00:17:38.474+0000] {processor.py:157} INFO - Started process (PID=634) to work on /home/airflow/.local/lib/python3.8/site-packages/airflow/example_dags/example_branch_python_dop_operator_3.py
[2025-01-18T00:17:38.476+0000] {processor.py:829} INFO - Processing file /home/airflow/.local/lib/python3.8/site-packages/airflow/example_dags/example_branch_python_dop_operator_3.py for tasks to queue
[2025-01-18T00:17:38.484+0000] {logging_mixin.py:151} INFO - [2025-01-18T00:17:38.484+0000] {dagbag.py:539} INFO - Filling up the DagBag from /home/airflow/.local/lib/python3.8/site-packages/airflow/example_dags/example_branch_python_dop_operator_3.py
[2025-01-18T00:17:38.516+0000] {processor.py:839} INFO - DAG(s) dict_keys(['example_branch_dop_operator_v3']) retrieved from /home/airflow/.local/lib/python3.8/site-packages/airflow/example_dags/example_branch_python_dop_operator_3.py
[2025-01-18T00:17:38.567+0000] {logging_mixin.py:151} INFO - [2025-01-18T00:17:38.567+0000] {dag.py:2907} INFO - Sync 1 DAGs
[2025-01-18T00:17:38.660+0000] {logging_mixin.py:151} INFO - [2025-01-18T00:17:38.659+0000] {dag.py:3677} INFO - Setting next_dagrun for example_branch_dop_operator_v3 to 2025-01-18T00:16:00+00:00, run_after=2025-01-18T00:17:00+00:00
[2025-01-18T00:17:38.712+0000] {processor.py:179} INFO - Processing /home/airflow/.local/lib/python3.8/site-packages/airflow/example_dags/example_branch_python_dop_operator_3.py took 0.245 seconds
[2025-01-18T00:18:08.823+0000] {processor.py:157} INFO - Started process (PID=720) to work on /home/airflow/.local/lib/python3.8/site-packages/airflow/example_dags/example_branch_python_dop_operator_3.py
[2025-01-18T00:18:08.824+0000] {processor.py:829} INFO - Processing file /home/airflow/.local/lib/python3.8/site-packages/airflow/example_dags/example_branch_python_dop_operator_3.py for tasks to queue
[2025-01-18T00:18:08.829+0000] {logging_mixin.py:151} INFO - [2025-01-18T00:18:08.828+0000] {dagbag.py:539} INFO - Filling up the DagBag from /home/airflow/.local/lib/python3.8/site-packages/airflow/example_dags/example_branch_python_dop_operator_3.py
[2025-01-18T00:18:08.844+0000] {processor.py:839} INFO - DAG(s) dict_keys(['example_branch_dop_operator_v3']) retrieved from /home/airflow/.local/lib/python3.8/site-packages/airflow/example_dags/example_branch_python_dop_operator_3.py
[2025-01-18T00:18:08.878+0000] {logging_mixin.py:151} INFO - [2025-01-18T00:18:08.878+0000] {dag.py:2907} INFO - Sync 1 DAGs
[2025-01-18T00:18:08.936+0000] {logging_mixin.py:151} INFO - [2025-01-18T00:18:08.935+0000] {dag.py:3677} INFO - Setting next_dagrun for example_branch_dop_operator_v3 to 2025-01-18T00:17:00+00:00, run_after=2025-01-18T00:18:00+00:00
[2025-01-18T00:18:08.963+0000] {processor.py:179} INFO - Processing /home/airflow/.local/lib/python3.8/site-packages/airflow/example_dags/example_branch_python_dop_operator_3.py took 0.149 seconds
[2025-01-18T00:18:39.739+0000] {processor.py:157} INFO - Started process (PID=795) to work on /home/airflow/.local/lib/python3.8/site-packages/airflow/example_dags/example_branch_python_dop_operator_3.py
[2025-01-18T00:18:39.742+0000] {processor.py:829} INFO - Processing file /home/airflow/.local/lib/python3.8/site-packages/airflow/example_dags/example_branch_python_dop_operator_3.py for tasks to queue
[2025-01-18T00:18:39.748+0000] {logging_mixin.py:151} INFO - [2025-01-18T00:18:39.748+0000] {dagbag.py:539} INFO - Filling up the DagBag from /home/airflow/.local/lib/python3.8/site-packages/airflow/example_dags/example_branch_python_dop_operator_3.py
[2025-01-18T00:18:39.777+0000] {processor.py:839} INFO - DAG(s) dict_keys(['example_branch_dop_operator_v3']) retrieved from /home/airflow/.local/lib/python3.8/site-packages/airflow/example_dags/example_branch_python_dop_operator_3.py
[2025-01-18T00:18:39.837+0000] {logging_mixin.py:151} INFO - [2025-01-18T00:18:39.836+0000] {dag.py:2907} INFO - Sync 1 DAGs
[2025-01-18T00:18:39.929+0000] {logging_mixin.py:151} INFO - [2025-01-18T00:18:39.929+0000] {dag.py:3677} INFO - Setting next_dagrun for example_branch_dop_operator_v3 to 2025-01-18T00:17:00+00:00, run_after=2025-01-18T00:18:00+00:00
[2025-01-18T00:18:40.001+0000] {processor.py:179} INFO - Processing /home/airflow/.local/lib/python3.8/site-packages/airflow/example_dags/example_branch_python_dop_operator_3.py took 0.272 seconds
[2025-01-18T00:19:10.534+0000] {processor.py:157} INFO - Started process (PID=873) to work on /home/airflow/.local/lib/python3.8/site-packages/airflow/example_dags/example_branch_python_dop_operator_3.py
[2025-01-18T00:19:10.536+0000] {processor.py:829} INFO - Processing file /home/airflow/.local/lib/python3.8/site-packages/airflow/example_dags/example_branch_python_dop_operator_3.py for tasks to queue
[2025-01-18T00:19:10.540+0000] {logging_mixin.py:151} INFO - [2025-01-18T00:19:10.539+0000] {dagbag.py:539} INFO - Filling up the DagBag from /home/airflow/.local/lib/python3.8/site-packages/airflow/example_dags/example_branch_python_dop_operator_3.py
[2025-01-18T00:19:10.554+0000] {processor.py:839} INFO - DAG(s) dict_keys(['example_branch_dop_operator_v3']) retrieved from /home/airflow/.local/lib/python3.8/site-packages/airflow/example_dags/example_branch_python_dop_operator_3.py
[2025-01-18T00:19:10.584+0000] {logging_mixin.py:151} INFO - [2025-01-18T00:19:10.584+0000] {dag.py:2907} INFO - Sync 1 DAGs
[2025-01-18T00:19:10.639+0000] {logging_mixin.py:151} INFO - [2025-01-18T00:19:10.638+0000] {dag.py:3677} INFO - Setting next_dagrun for example_branch_dop_operator_v3 to 2025-01-18T00:18:00+00:00, run_after=2025-01-18T00:19:00+00:00
[2025-01-18T00:19:10.672+0000] {processor.py:179} INFO - Processing /home/airflow/.local/lib/python3.8/site-packages/airflow/example_dags/example_branch_python_dop_operator_3.py took 0.142 seconds
[2025-01-18T00:19:40.719+0000] {processor.py:157} INFO - Started process (PID=959) to work on /home/airflow/.local/lib/python3.8/site-packages/airflow/example_dags/example_branch_python_dop_operator_3.py
[2025-01-18T00:19:40.721+0000] {processor.py:829} INFO - Processing file /home/airflow/.local/lib/python3.8/site-packages/airflow/example_dags/example_branch_python_dop_operator_3.py for tasks to queue
[2025-01-18T00:19:40.725+0000] {logging_mixin.py:151} INFO - [2025-01-18T00:19:40.725+0000] {dagbag.py:539} INFO - Filling up the DagBag from /home/airflow/.local/lib/python3.8/site-packages/airflow/example_dags/example_branch_python_dop_operator_3.py
[2025-01-18T00:19:40.737+0000] {processor.py:839} INFO - DAG(s) dict_keys(['example_branch_dop_operator_v3']) retrieved from /home/airflow/.local/lib/python3.8/site-packages/airflow/example_dags/example_branch_python_dop_operator_3.py
[2025-01-18T00:19:40.769+0000] {logging_mixin.py:151} INFO - [2025-01-18T00:19:40.769+0000] {dag.py:2907} INFO - Sync 1 DAGs
[2025-01-18T00:19:40.809+0000] {logging_mixin.py:151} INFO - [2025-01-18T00:19:40.808+0000] {dag.py:3677} INFO - Setting next_dagrun for example_branch_dop_operator_v3 to 2025-01-18T00:18:00+00:00, run_after=2025-01-18T00:19:00+00:00
[2025-01-18T00:19:40.834+0000] {processor.py:179} INFO - Processing /home/airflow/.local/lib/python3.8/site-packages/airflow/example_dags/example_branch_python_dop_operator_3.py took 0.119 seconds
[2025-01-18T00:20:11.065+0000] {processor.py:157} INFO - Started process (PID=1045) to work on /home/airflow/.local/lib/python3.8/site-packages/airflow/example_dags/example_branch_python_dop_operator_3.py
[2025-01-18T00:20:11.066+0000] {processor.py:829} INFO - Processing file /home/airflow/.local/lib/python3.8/site-packages/airflow/example_dags/example_branch_python_dop_operator_3.py for tasks to queue
[2025-01-18T00:20:11.069+0000] {logging_mixin.py:151} INFO - [2025-01-18T00:20:11.069+0000] {dagbag.py:539} INFO - Filling up the DagBag from /home/airflow/.local/lib/python3.8/site-packages/airflow/example_dags/example_branch_python_dop_operator_3.py
[2025-01-18T00:20:11.080+0000] {processor.py:839} INFO - DAG(s) dict_keys(['example_branch_dop_operator_v3']) retrieved from /home/airflow/.local/lib/python3.8/site-packages/airflow/example_dags/example_branch_python_dop_operator_3.py
[2025-01-18T00:20:11.105+0000] {logging_mixin.py:151} INFO - [2025-01-18T00:20:11.105+0000] {dag.py:2907} INFO - Sync 1 DAGs
[2025-01-18T00:20:11.147+0000] {logging_mixin.py:151} INFO - [2025-01-18T00:20:11.147+0000] {dag.py:3677} INFO - Setting next_dagrun for example_branch_dop_operator_v3 to 2025-01-18T00:19:00+00:00, run_after=2025-01-18T00:20:00+00:00
[2025-01-18T00:20:11.172+0000] {processor.py:179} INFO - Processing /home/airflow/.local/lib/python3.8/site-packages/airflow/example_dags/example_branch_python_dop_operator_3.py took 0.111 seconds
[2025-01-18T00:20:41.887+0000] {processor.py:157} INFO - Started process (PID=1131) to work on /home/airflow/.local/lib/python3.8/site-packages/airflow/example_dags/example_branch_python_dop_operator_3.py
[2025-01-18T00:20:41.888+0000] {processor.py:829} INFO - Processing file /home/airflow/.local/lib/python3.8/site-packages/airflow/example_dags/example_branch_python_dop_operator_3.py for tasks to queue
[2025-01-18T00:20:41.892+0000] {logging_mixin.py:151} INFO - [2025-01-18T00:20:41.892+0000] {dagbag.py:539} INFO - Filling up the DagBag from /home/airflow/.local/lib/python3.8/site-packages/airflow/example_dags/example_branch_python_dop_operator_3.py
[2025-01-18T00:20:41.905+0000] {processor.py:839} INFO - DAG(s) dict_keys(['example_branch_dop_operator_v3']) retrieved from /home/airflow/.local/lib/python3.8/site-packages/airflow/example_dags/example_branch_python_dop_operator_3.py
[2025-01-18T00:20:41.938+0000] {logging_mixin.py:151} INFO - [2025-01-18T00:20:41.938+0000] {dag.py:2907} INFO - Sync 1 DAGs
[2025-01-18T00:20:41.991+0000] {logging_mixin.py:151} INFO - [2025-01-18T00:20:41.990+0000] {dag.py:3677} INFO - Setting next_dagrun for example_branch_dop_operator_v3 to 2025-01-18T00:19:00+00:00, run_after=2025-01-18T00:20:00+00:00
[2025-01-18T00:20:42.020+0000] {processor.py:179} INFO - Processing /home/airflow/.local/lib/python3.8/site-packages/airflow/example_dags/example_branch_python_dop_operator_3.py took 0.138 seconds
[2025-01-18T00:21:12.278+0000] {processor.py:157} INFO - Started process (PID=1217) to work on /home/airflow/.local/lib/python3.8/site-packages/airflow/example_dags/example_branch_python_dop_operator_3.py
[2025-01-18T00:21:12.279+0000] {processor.py:829} INFO - Processing file /home/airflow/.local/lib/python3.8/site-packages/airflow/example_dags/example_branch_python_dop_operator_3.py for tasks to queue
[2025-01-18T00:21:12.284+0000] {logging_mixin.py:151} INFO - [2025-01-18T00:21:12.283+0000] {dagbag.py:539} INFO - Filling up the DagBag from /home/airflow/.local/lib/python3.8/site-packages/airflow/example_dags/example_branch_python_dop_operator_3.py
[2025-01-18T00:21:12.343+0000] {processor.py:839} INFO - DAG(s) dict_keys(['example_branch_dop_operator_v3']) retrieved from /home/airflow/.local/lib/python3.8/site-packages/airflow/example_dags/example_branch_python_dop_operator_3.py
[2025-01-18T00:21:12.393+0000] {logging_mixin.py:151} INFO - [2025-01-18T00:21:12.392+0000] {dag.py:2907} INFO - Sync 1 DAGs
[2025-01-18T00:21:12.450+0000] {logging_mixin.py:151} INFO - [2025-01-18T00:21:12.450+0000] {dag.py:3677} INFO - Setting next_dagrun for example_branch_dop_operator_v3 to 2025-01-18T00:20:00+00:00, run_after=2025-01-18T00:21:00+00:00
[2025-01-18T00:21:12.479+0000] {processor.py:179} INFO - Processing /home/airflow/.local/lib/python3.8/site-packages/airflow/example_dags/example_branch_python_dop_operator_3.py took 0.207 seconds
[2025-01-18T00:32:06.458+0000] {processor.py:157} INFO - Started process (PID=149) to work on /home/airflow/.local/lib/python3.8/site-packages/airflow/example_dags/example_branch_python_dop_operator_3.py
[2025-01-18T00:32:06.460+0000] {processor.py:829} INFO - Processing file /home/airflow/.local/lib/python3.8/site-packages/airflow/example_dags/example_branch_python_dop_operator_3.py for tasks to queue
[2025-01-18T00:32:06.463+0000] {logging_mixin.py:151} INFO - [2025-01-18T00:32:06.463+0000] {dagbag.py:539} INFO - Filling up the DagBag from /home/airflow/.local/lib/python3.8/site-packages/airflow/example_dags/example_branch_python_dop_operator_3.py
[2025-01-18T00:32:06.481+0000] {processor.py:839} INFO - DAG(s) dict_keys(['example_branch_dop_operator_v3']) retrieved from /home/airflow/.local/lib/python3.8/site-packages/airflow/example_dags/example_branch_python_dop_operator_3.py
[2025-01-18T00:32:06.516+0000] {logging_mixin.py:151} INFO - [2025-01-18T00:32:06.516+0000] {dag.py:2907} INFO - Sync 1 DAGs
[2025-01-18T00:32:06.567+0000] {logging_mixin.py:151} INFO - [2025-01-18T00:32:06.567+0000] {dag.py:3677} INFO - Setting next_dagrun for example_branch_dop_operator_v3 to 2025-01-18T00:31:00+00:00, run_after=2025-01-18T00:32:00+00:00
[2025-01-18T00:32:06.596+0000] {processor.py:179} INFO - Processing /home/airflow/.local/lib/python3.8/site-packages/airflow/example_dags/example_branch_python_dop_operator_3.py took 0.144 seconds
[2025-01-18T00:32:36.786+0000] {processor.py:157} INFO - Started process (PID=233) to work on /home/airflow/.local/lib/python3.8/site-packages/airflow/example_dags/example_branch_python_dop_operator_3.py
[2025-01-18T00:32:36.787+0000] {processor.py:829} INFO - Processing file /home/airflow/.local/lib/python3.8/site-packages/airflow/example_dags/example_branch_python_dop_operator_3.py for tasks to queue
[2025-01-18T00:32:36.791+0000] {logging_mixin.py:151} INFO - [2025-01-18T00:32:36.791+0000] {dagbag.py:539} INFO - Filling up the DagBag from /home/airflow/.local/lib/python3.8/site-packages/airflow/example_dags/example_branch_python_dop_operator_3.py
[2025-01-18T00:32:36.805+0000] {processor.py:839} INFO - DAG(s) dict_keys(['example_branch_dop_operator_v3']) retrieved from /home/airflow/.local/lib/python3.8/site-packages/airflow/example_dags/example_branch_python_dop_operator_3.py
[2025-01-18T00:32:36.833+0000] {logging_mixin.py:151} INFO - [2025-01-18T00:32:36.833+0000] {dag.py:2907} INFO - Sync 1 DAGs
[2025-01-18T00:32:36.876+0000] {logging_mixin.py:151} INFO - [2025-01-18T00:32:36.876+0000] {dag.py:3677} INFO - Setting next_dagrun for example_branch_dop_operator_v3 to 2025-01-18T00:31:00+00:00, run_after=2025-01-18T00:32:00+00:00
[2025-01-18T00:32:36.902+0000] {processor.py:179} INFO - Processing /home/airflow/.local/lib/python3.8/site-packages/airflow/example_dags/example_branch_python_dop_operator_3.py took 0.121 seconds
[2025-01-18T00:54:45.957+0000] {processor.py:157} INFO - Started process (PID=128) to work on /home/airflow/.local/lib/python3.8/site-packages/airflow/example_dags/example_branch_python_dop_operator_3.py
[2025-01-18T00:54:45.959+0000] {processor.py:829} INFO - Processing file /home/airflow/.local/lib/python3.8/site-packages/airflow/example_dags/example_branch_python_dop_operator_3.py for tasks to queue
[2025-01-18T00:54:45.962+0000] {logging_mixin.py:151} INFO - [2025-01-18T00:54:45.962+0000] {dagbag.py:539} INFO - Filling up the DagBag from /home/airflow/.local/lib/python3.8/site-packages/airflow/example_dags/example_branch_python_dop_operator_3.py
[2025-01-18T00:54:45.974+0000] {processor.py:839} INFO - DAG(s) dict_keys(['example_branch_dop_operator_v3']) retrieved from /home/airflow/.local/lib/python3.8/site-packages/airflow/example_dags/example_branch_python_dop_operator_3.py
[2025-01-18T00:54:46.002+0000] {logging_mixin.py:151} INFO - [2025-01-18T00:54:46.002+0000] {dag.py:2907} INFO - Sync 1 DAGs
[2025-01-18T00:54:46.042+0000] {logging_mixin.py:151} INFO - [2025-01-18T00:54:46.041+0000] {dag.py:3677} INFO - Setting next_dagrun for example_branch_dop_operator_v3 to 2025-01-18T00:53:00+00:00, run_after=2025-01-18T00:54:00+00:00
[2025-01-18T00:54:46.063+0000] {processor.py:179} INFO - Processing /home/airflow/.local/lib/python3.8/site-packages/airflow/example_dags/example_branch_python_dop_operator_3.py took 0.110 seconds
[2025-01-18T00:55:17.715+0000] {processor.py:157} INFO - Started process (PID=214) to work on /home/airflow/.local/lib/python3.8/site-packages/airflow/example_dags/example_branch_python_dop_operator_3.py
[2025-01-18T00:55:17.717+0000] {processor.py:829} INFO - Processing file /home/airflow/.local/lib/python3.8/site-packages/airflow/example_dags/example_branch_python_dop_operator_3.py for tasks to queue
[2025-01-18T00:55:17.721+0000] {logging_mixin.py:151} INFO - [2025-01-18T00:55:17.720+0000] {dagbag.py:539} INFO - Filling up the DagBag from /home/airflow/.local/lib/python3.8/site-packages/airflow/example_dags/example_branch_python_dop_operator_3.py
[2025-01-18T00:55:17.737+0000] {processor.py:839} INFO - DAG(s) dict_keys(['example_branch_dop_operator_v3']) retrieved from /home/airflow/.local/lib/python3.8/site-packages/airflow/example_dags/example_branch_python_dop_operator_3.py
[2025-01-18T00:55:17.775+0000] {logging_mixin.py:151} INFO - [2025-01-18T00:55:17.775+0000] {dag.py:2907} INFO - Sync 1 DAGs
[2025-01-18T00:55:17.824+0000] {logging_mixin.py:151} INFO - [2025-01-18T00:55:17.823+0000] {dag.py:3677} INFO - Setting next_dagrun for example_branch_dop_operator_v3 to 2025-01-18T00:54:00+00:00, run_after=2025-01-18T00:55:00+00:00
[2025-01-18T00:55:17.853+0000] {processor.py:179} INFO - Processing /home/airflow/.local/lib/python3.8/site-packages/airflow/example_dags/example_branch_python_dop_operator_3.py took 0.143 seconds
[2025-01-18T00:55:48.485+0000] {processor.py:157} INFO - Started process (PID=289) to work on /home/airflow/.local/lib/python3.8/site-packages/airflow/example_dags/example_branch_python_dop_operator_3.py
[2025-01-18T00:55:48.486+0000] {processor.py:829} INFO - Processing file /home/airflow/.local/lib/python3.8/site-packages/airflow/example_dags/example_branch_python_dop_operator_3.py for tasks to queue
[2025-01-18T00:55:48.490+0000] {logging_mixin.py:151} INFO - [2025-01-18T00:55:48.490+0000] {dagbag.py:539} INFO - Filling up the DagBag from /home/airflow/.local/lib/python3.8/site-packages/airflow/example_dags/example_branch_python_dop_operator_3.py
[2025-01-18T00:55:48.503+0000] {processor.py:839} INFO - DAG(s) dict_keys(['example_branch_dop_operator_v3']) retrieved from /home/airflow/.local/lib/python3.8/site-packages/airflow/example_dags/example_branch_python_dop_operator_3.py
[2025-01-18T00:55:48.535+0000] {logging_mixin.py:151} INFO - [2025-01-18T00:55:48.535+0000] {dag.py:2907} INFO - Sync 1 DAGs
[2025-01-18T00:55:48.590+0000] {logging_mixin.py:151} INFO - [2025-01-18T00:55:48.590+0000] {dag.py:3677} INFO - Setting next_dagrun for example_branch_dop_operator_v3 to 2025-01-18T00:54:00+00:00, run_after=2025-01-18T00:55:00+00:00
[2025-01-18T00:55:48.616+0000] {processor.py:179} INFO - Processing /home/airflow/.local/lib/python3.8/site-packages/airflow/example_dags/example_branch_python_dop_operator_3.py took 0.136 seconds
[2025-01-18T00:56:19.064+0000] {processor.py:157} INFO - Started process (PID=368) to work on /home/airflow/.local/lib/python3.8/site-packages/airflow/example_dags/example_branch_python_dop_operator_3.py
[2025-01-18T00:56:19.065+0000] {processor.py:829} INFO - Processing file /home/airflow/.local/lib/python3.8/site-packages/airflow/example_dags/example_branch_python_dop_operator_3.py for tasks to queue
[2025-01-18T00:56:19.070+0000] {logging_mixin.py:151} INFO - [2025-01-18T00:56:19.069+0000] {dagbag.py:539} INFO - Filling up the DagBag from /home/airflow/.local/lib/python3.8/site-packages/airflow/example_dags/example_branch_python_dop_operator_3.py
[2025-01-18T00:56:19.083+0000] {processor.py:839} INFO - DAG(s) dict_keys(['example_branch_dop_operator_v3']) retrieved from /home/airflow/.local/lib/python3.8/site-packages/airflow/example_dags/example_branch_python_dop_operator_3.py
[2025-01-18T00:56:19.122+0000] {logging_mixin.py:151} INFO - [2025-01-18T00:56:19.122+0000] {dag.py:2907} INFO - Sync 1 DAGs
[2025-01-18T00:56:19.187+0000] {logging_mixin.py:151} INFO - [2025-01-18T00:56:19.186+0000] {dag.py:3677} INFO - Setting next_dagrun for example_branch_dop_operator_v3 to 2025-01-18T00:55:00+00:00, run_after=2025-01-18T00:56:00+00:00
[2025-01-18T00:56:19.233+0000] {processor.py:179} INFO - Processing /home/airflow/.local/lib/python3.8/site-packages/airflow/example_dags/example_branch_python_dop_operator_3.py took 0.172 seconds
[2025-01-18T00:56:49.559+0000] {processor.py:157} INFO - Started process (PID=453) to work on /home/airflow/.local/lib/python3.8/site-packages/airflow/example_dags/example_branch_python_dop_operator_3.py
[2025-01-18T00:56:49.560+0000] {processor.py:829} INFO - Processing file /home/airflow/.local/lib/python3.8/site-packages/airflow/example_dags/example_branch_python_dop_operator_3.py for tasks to queue
[2025-01-18T00:56:49.563+0000] {logging_mixin.py:151} INFO - [2025-01-18T00:56:49.563+0000] {dagbag.py:539} INFO - Filling up the DagBag from /home/airflow/.local/lib/python3.8/site-packages/airflow/example_dags/example_branch_python_dop_operator_3.py
[2025-01-18T00:56:49.580+0000] {processor.py:839} INFO - DAG(s) dict_keys(['example_branch_dop_operator_v3']) retrieved from /home/airflow/.local/lib/python3.8/site-packages/airflow/example_dags/example_branch_python_dop_operator_3.py
[2025-01-18T00:56:49.611+0000] {logging_mixin.py:151} INFO - [2025-01-18T00:56:49.611+0000] {dag.py:2907} INFO - Sync 1 DAGs
[2025-01-18T00:56:49.650+0000] {logging_mixin.py:151} INFO - [2025-01-18T00:56:49.650+0000] {dag.py:3677} INFO - Setting next_dagrun for example_branch_dop_operator_v3 to 2025-01-18T00:55:00+00:00, run_after=2025-01-18T00:56:00+00:00
[2025-01-18T00:56:49.683+0000] {processor.py:179} INFO - Processing /home/airflow/.local/lib/python3.8/site-packages/airflow/example_dags/example_branch_python_dop_operator_3.py took 0.128 seconds
[2025-01-18T00:57:20.017+0000] {processor.py:157} INFO - Started process (PID=539) to work on /home/airflow/.local/lib/python3.8/site-packages/airflow/example_dags/example_branch_python_dop_operator_3.py
[2025-01-18T00:57:20.019+0000] {processor.py:829} INFO - Processing file /home/airflow/.local/lib/python3.8/site-packages/airflow/example_dags/example_branch_python_dop_operator_3.py for tasks to queue
[2025-01-18T00:57:20.024+0000] {logging_mixin.py:151} INFO - [2025-01-18T00:57:20.023+0000] {dagbag.py:539} INFO - Filling up the DagBag from /home/airflow/.local/lib/python3.8/site-packages/airflow/example_dags/example_branch_python_dop_operator_3.py
[2025-01-18T00:57:20.039+0000] {processor.py:839} INFO - DAG(s) dict_keys(['example_branch_dop_operator_v3']) retrieved from /home/airflow/.local/lib/python3.8/site-packages/airflow/example_dags/example_branch_python_dop_operator_3.py
[2025-01-18T00:57:20.070+0000] {logging_mixin.py:151} INFO - [2025-01-18T00:57:20.070+0000] {dag.py:2907} INFO - Sync 1 DAGs
[2025-01-18T00:57:20.120+0000] {logging_mixin.py:151} INFO - [2025-01-18T00:57:20.120+0000] {dag.py:3677} INFO - Setting next_dagrun for example_branch_dop_operator_v3 to 2025-01-18T00:56:00+00:00, run_after=2025-01-18T00:57:00+00:00
[2025-01-18T00:57:20.151+0000] {processor.py:179} INFO - Processing /home/airflow/.local/lib/python3.8/site-packages/airflow/example_dags/example_branch_python_dop_operator_3.py took 0.139 seconds
[2025-01-18T00:57:50.736+0000] {processor.py:157} INFO - Started process (PID=614) to work on /home/airflow/.local/lib/python3.8/site-packages/airflow/example_dags/example_branch_python_dop_operator_3.py
[2025-01-18T00:57:50.737+0000] {processor.py:829} INFO - Processing file /home/airflow/.local/lib/python3.8/site-packages/airflow/example_dags/example_branch_python_dop_operator_3.py for tasks to queue
[2025-01-18T00:57:50.741+0000] {logging_mixin.py:151} INFO - [2025-01-18T00:57:50.741+0000] {dagbag.py:539} INFO - Filling up the DagBag from /home/airflow/.local/lib/python3.8/site-packages/airflow/example_dags/example_branch_python_dop_operator_3.py
[2025-01-18T00:57:50.758+0000] {processor.py:839} INFO - DAG(s) dict_keys(['example_branch_dop_operator_v3']) retrieved from /home/airflow/.local/lib/python3.8/site-packages/airflow/example_dags/example_branch_python_dop_operator_3.py
[2025-01-18T00:57:50.801+0000] {logging_mixin.py:151} INFO - [2025-01-18T00:57:50.800+0000] {dag.py:2907} INFO - Sync 1 DAGs
[2025-01-18T00:57:50.863+0000] {logging_mixin.py:151} INFO - [2025-01-18T00:57:50.863+0000] {dag.py:3677} INFO - Setting next_dagrun for example_branch_dop_operator_v3 to 2025-01-18T00:56:00+00:00, run_after=2025-01-18T00:57:00+00:00
[2025-01-18T00:57:50.912+0000] {processor.py:179} INFO - Processing /home/airflow/.local/lib/python3.8/site-packages/airflow/example_dags/example_branch_python_dop_operator_3.py took 0.181 seconds
[2025-01-18T00:58:21.827+0000] {processor.py:157} INFO - Started process (PID=692) to work on /home/airflow/.local/lib/python3.8/site-packages/airflow/example_dags/example_branch_python_dop_operator_3.py
[2025-01-18T00:58:21.829+0000] {processor.py:829} INFO - Processing file /home/airflow/.local/lib/python3.8/site-packages/airflow/example_dags/example_branch_python_dop_operator_3.py for tasks to queue
[2025-01-18T00:58:21.835+0000] {logging_mixin.py:151} INFO - [2025-01-18T00:58:21.835+0000] {dagbag.py:539} INFO - Filling up the DagBag from /home/airflow/.local/lib/python3.8/site-packages/airflow/example_dags/example_branch_python_dop_operator_3.py
[2025-01-18T00:58:21.854+0000] {processor.py:839} INFO - DAG(s) dict_keys(['example_branch_dop_operator_v3']) retrieved from /home/airflow/.local/lib/python3.8/site-packages/airflow/example_dags/example_branch_python_dop_operator_3.py
[2025-01-18T00:58:21.901+0000] {logging_mixin.py:151} INFO - [2025-01-18T00:58:21.901+0000] {dag.py:2907} INFO - Sync 1 DAGs
[2025-01-18T00:58:21.992+0000] {logging_mixin.py:151} INFO - [2025-01-18T00:58:21.991+0000] {dag.py:3677} INFO - Setting next_dagrun for example_branch_dop_operator_v3 to 2025-01-18T00:57:00+00:00, run_after=2025-01-18T00:58:00+00:00
[2025-01-18T00:58:22.035+0000] {processor.py:179} INFO - Processing /home/airflow/.local/lib/python3.8/site-packages/airflow/example_dags/example_branch_python_dop_operator_3.py took 0.216 seconds
[2025-01-18T00:59:08.455+0000] {processor.py:157} INFO - Started process (PID=792) to work on /home/airflow/.local/lib/python3.8/site-packages/airflow/example_dags/example_branch_python_dop_operator_3.py
[2025-01-18T00:59:08.461+0000] {processor.py:829} INFO - Processing file /home/airflow/.local/lib/python3.8/site-packages/airflow/example_dags/example_branch_python_dop_operator_3.py for tasks to queue
[2025-01-18T00:59:08.468+0000] {logging_mixin.py:151} INFO - [2025-01-18T00:59:08.468+0000] {dagbag.py:539} INFO - Filling up the DagBag from /home/airflow/.local/lib/python3.8/site-packages/airflow/example_dags/example_branch_python_dop_operator_3.py
[2025-01-18T00:59:08.530+0000] {processor.py:839} INFO - DAG(s) dict_keys(['example_branch_dop_operator_v3']) retrieved from /home/airflow/.local/lib/python3.8/site-packages/airflow/example_dags/example_branch_python_dop_operator_3.py
[2025-01-18T00:59:08.668+0000] {logging_mixin.py:151} INFO - [2025-01-18T00:59:08.668+0000] {dag.py:2907} INFO - Sync 1 DAGs
[2025-01-18T00:59:08.774+0000] {logging_mixin.py:151} INFO - [2025-01-18T00:59:08.774+0000] {dag.py:3677} INFO - Setting next_dagrun for example_branch_dop_operator_v3 to 2025-01-18T00:58:00+00:00, run_after=2025-01-18T00:59:00+00:00
[2025-01-18T00:59:08.860+0000] {processor.py:179} INFO - Processing /home/airflow/.local/lib/python3.8/site-packages/airflow/example_dags/example_branch_python_dop_operator_3.py took 0.427 seconds
[2025-01-18T00:59:39.082+0000] {processor.py:157} INFO - Started process (PID=870) to work on /home/airflow/.local/lib/python3.8/site-packages/airflow/example_dags/example_branch_python_dop_operator_3.py
[2025-01-18T00:59:39.085+0000] {processor.py:829} INFO - Processing file /home/airflow/.local/lib/python3.8/site-packages/airflow/example_dags/example_branch_python_dop_operator_3.py for tasks to queue
[2025-01-18T00:59:39.091+0000] {logging_mixin.py:151} INFO - [2025-01-18T00:59:39.090+0000] {dagbag.py:539} INFO - Filling up the DagBag from /home/airflow/.local/lib/python3.8/site-packages/airflow/example_dags/example_branch_python_dop_operator_3.py
[2025-01-18T00:59:39.116+0000] {processor.py:839} INFO - DAG(s) dict_keys(['example_branch_dop_operator_v3']) retrieved from /home/airflow/.local/lib/python3.8/site-packages/airflow/example_dags/example_branch_python_dop_operator_3.py
[2025-01-18T00:59:39.175+0000] {logging_mixin.py:151} INFO - [2025-01-18T00:59:39.174+0000] {dag.py:2907} INFO - Sync 1 DAGs
[2025-01-18T00:59:39.253+0000] {logging_mixin.py:151} INFO - [2025-01-18T00:59:39.253+0000] {dag.py:3677} INFO - Setting next_dagrun for example_branch_dop_operator_v3 to 2025-01-18T00:58:00+00:00, run_after=2025-01-18T00:59:00+00:00
[2025-01-18T00:59:39.325+0000] {processor.py:179} INFO - Processing /home/airflow/.local/lib/python3.8/site-packages/airflow/example_dags/example_branch_python_dop_operator_3.py took 0.250 seconds
[2025-01-18T01:00:09.827+0000] {processor.py:157} INFO - Started process (PID=956) to work on /home/airflow/.local/lib/python3.8/site-packages/airflow/example_dags/example_branch_python_dop_operator_3.py
[2025-01-18T01:00:09.828+0000] {processor.py:829} INFO - Processing file /home/airflow/.local/lib/python3.8/site-packages/airflow/example_dags/example_branch_python_dop_operator_3.py for tasks to queue
[2025-01-18T01:00:09.832+0000] {logging_mixin.py:151} INFO - [2025-01-18T01:00:09.831+0000] {dagbag.py:539} INFO - Filling up the DagBag from /home/airflow/.local/lib/python3.8/site-packages/airflow/example_dags/example_branch_python_dop_operator_3.py
[2025-01-18T01:00:09.845+0000] {processor.py:839} INFO - DAG(s) dict_keys(['example_branch_dop_operator_v3']) retrieved from /home/airflow/.local/lib/python3.8/site-packages/airflow/example_dags/example_branch_python_dop_operator_3.py
[2025-01-18T01:00:09.872+0000] {logging_mixin.py:151} INFO - [2025-01-18T01:00:09.871+0000] {dag.py:2907} INFO - Sync 1 DAGs
[2025-01-18T01:00:09.920+0000] {logging_mixin.py:151} INFO - [2025-01-18T01:00:09.920+0000] {dag.py:3677} INFO - Setting next_dagrun for example_branch_dop_operator_v3 to 2025-01-18T00:59:00+00:00, run_after=2025-01-18T01:00:00+00:00
[2025-01-18T01:00:09.954+0000] {processor.py:179} INFO - Processing /home/airflow/.local/lib/python3.8/site-packages/airflow/example_dags/example_branch_python_dop_operator_3.py took 0.131 seconds
[2025-01-18T01:00:40.289+0000] {processor.py:157} INFO - Started process (PID=1042) to work on /home/airflow/.local/lib/python3.8/site-packages/airflow/example_dags/example_branch_python_dop_operator_3.py
[2025-01-18T01:00:40.291+0000] {processor.py:829} INFO - Processing file /home/airflow/.local/lib/python3.8/site-packages/airflow/example_dags/example_branch_python_dop_operator_3.py for tasks to queue
[2025-01-18T01:00:40.296+0000] {logging_mixin.py:151} INFO - [2025-01-18T01:00:40.296+0000] {dagbag.py:539} INFO - Filling up the DagBag from /home/airflow/.local/lib/python3.8/site-packages/airflow/example_dags/example_branch_python_dop_operator_3.py
[2025-01-18T01:00:40.322+0000] {processor.py:839} INFO - DAG(s) dict_keys(['example_branch_dop_operator_v3']) retrieved from /home/airflow/.local/lib/python3.8/site-packages/airflow/example_dags/example_branch_python_dop_operator_3.py
[2025-01-18T01:00:40.380+0000] {logging_mixin.py:151} INFO - [2025-01-18T01:00:40.379+0000] {dag.py:2907} INFO - Sync 1 DAGs
[2025-01-18T01:00:40.446+0000] {logging_mixin.py:151} INFO - [2025-01-18T01:00:40.445+0000] {dag.py:3677} INFO - Setting next_dagrun for example_branch_dop_operator_v3 to 2025-01-18T00:59:00+00:00, run_after=2025-01-18T01:00:00+00:00
[2025-01-18T01:00:40.485+0000] {processor.py:179} INFO - Processing /home/airflow/.local/lib/python3.8/site-packages/airflow/example_dags/example_branch_python_dop_operator_3.py took 0.205 seconds
[2025-01-18T01:01:10.573+0000] {processor.py:157} INFO - Started process (PID=1116) to work on /home/airflow/.local/lib/python3.8/site-packages/airflow/example_dags/example_branch_python_dop_operator_3.py
[2025-01-18T01:01:10.574+0000] {processor.py:829} INFO - Processing file /home/airflow/.local/lib/python3.8/site-packages/airflow/example_dags/example_branch_python_dop_operator_3.py for tasks to queue
[2025-01-18T01:01:10.576+0000] {logging_mixin.py:151} INFO - [2025-01-18T01:01:10.576+0000] {dagbag.py:539} INFO - Filling up the DagBag from /home/airflow/.local/lib/python3.8/site-packages/airflow/example_dags/example_branch_python_dop_operator_3.py
[2025-01-18T01:01:10.586+0000] {processor.py:839} INFO - DAG(s) dict_keys(['example_branch_dop_operator_v3']) retrieved from /home/airflow/.local/lib/python3.8/site-packages/airflow/example_dags/example_branch_python_dop_operator_3.py
[2025-01-18T01:01:10.607+0000] {logging_mixin.py:151} INFO - [2025-01-18T01:01:10.607+0000] {dag.py:2907} INFO - Sync 1 DAGs
[2025-01-18T01:01:10.641+0000] {logging_mixin.py:151} INFO - [2025-01-18T01:01:10.640+0000] {dag.py:3677} INFO - Setting next_dagrun for example_branch_dop_operator_v3 to 2025-01-18T01:00:00+00:00, run_after=2025-01-18T01:01:00+00:00
[2025-01-18T01:01:10.661+0000] {processor.py:179} INFO - Processing /home/airflow/.local/lib/python3.8/site-packages/airflow/example_dags/example_branch_python_dop_operator_3.py took 0.091 seconds
[2025-01-18T01:01:41.633+0000] {processor.py:157} INFO - Started process (PID=1195) to work on /home/airflow/.local/lib/python3.8/site-packages/airflow/example_dags/example_branch_python_dop_operator_3.py
[2025-01-18T01:01:41.634+0000] {processor.py:829} INFO - Processing file /home/airflow/.local/lib/python3.8/site-packages/airflow/example_dags/example_branch_python_dop_operator_3.py for tasks to queue
[2025-01-18T01:01:41.636+0000] {logging_mixin.py:151} INFO - [2025-01-18T01:01:41.636+0000] {dagbag.py:539} INFO - Filling up the DagBag from /home/airflow/.local/lib/python3.8/site-packages/airflow/example_dags/example_branch_python_dop_operator_3.py
[2025-01-18T01:01:41.647+0000] {processor.py:839} INFO - DAG(s) dict_keys(['example_branch_dop_operator_v3']) retrieved from /home/airflow/.local/lib/python3.8/site-packages/airflow/example_dags/example_branch_python_dop_operator_3.py
[2025-01-18T01:01:41.666+0000] {logging_mixin.py:151} INFO - [2025-01-18T01:01:41.666+0000] {dag.py:2907} INFO - Sync 1 DAGs
[2025-01-18T01:01:41.693+0000] {logging_mixin.py:151} INFO - [2025-01-18T01:01:41.693+0000] {dag.py:3677} INFO - Setting next_dagrun for example_branch_dop_operator_v3 to 2025-01-18T01:00:00+00:00, run_after=2025-01-18T01:01:00+00:00
[2025-01-18T01:01:41.710+0000] {processor.py:179} INFO - Processing /home/airflow/.local/lib/python3.8/site-packages/airflow/example_dags/example_branch_python_dop_operator_3.py took 0.081 seconds
[2025-01-18T01:02:12.120+0000] {processor.py:157} INFO - Started process (PID=1290) to work on /home/airflow/.local/lib/python3.8/site-packages/airflow/example_dags/example_branch_python_dop_operator_3.py
[2025-01-18T01:02:12.121+0000] {processor.py:829} INFO - Processing file /home/airflow/.local/lib/python3.8/site-packages/airflow/example_dags/example_branch_python_dop_operator_3.py for tasks to queue
[2025-01-18T01:02:12.124+0000] {logging_mixin.py:151} INFO - [2025-01-18T01:02:12.123+0000] {dagbag.py:539} INFO - Filling up the DagBag from /home/airflow/.local/lib/python3.8/site-packages/airflow/example_dags/example_branch_python_dop_operator_3.py
[2025-01-18T01:02:12.135+0000] {processor.py:839} INFO - DAG(s) dict_keys(['example_branch_dop_operator_v3']) retrieved from /home/airflow/.local/lib/python3.8/site-packages/airflow/example_dags/example_branch_python_dop_operator_3.py
[2025-01-18T01:02:12.162+0000] {logging_mixin.py:151} INFO - [2025-01-18T01:02:12.162+0000] {dag.py:2907} INFO - Sync 1 DAGs
[2025-01-18T01:02:12.198+0000] {logging_mixin.py:151} INFO - [2025-01-18T01:02:12.198+0000] {dag.py:3677} INFO - Setting next_dagrun for example_branch_dop_operator_v3 to 2025-01-18T01:01:00+00:00, run_after=2025-01-18T01:02:00+00:00
[2025-01-18T01:02:12.220+0000] {processor.py:179} INFO - Processing /home/airflow/.local/lib/python3.8/site-packages/airflow/example_dags/example_branch_python_dop_operator_3.py took 0.103 seconds
[2025-01-18T13:40:33.240+0000] {processor.py:157} INFO - Started process (PID=128) to work on /home/airflow/.local/lib/python3.8/site-packages/airflow/example_dags/example_branch_python_dop_operator_3.py
[2025-01-18T13:40:33.242+0000] {processor.py:829} INFO - Processing file /home/airflow/.local/lib/python3.8/site-packages/airflow/example_dags/example_branch_python_dop_operator_3.py for tasks to queue
[2025-01-18T13:40:33.246+0000] {logging_mixin.py:151} INFO - [2025-01-18T13:40:33.246+0000] {dagbag.py:539} INFO - Filling up the DagBag from /home/airflow/.local/lib/python3.8/site-packages/airflow/example_dags/example_branch_python_dop_operator_3.py
[2025-01-18T13:40:33.262+0000] {processor.py:839} INFO - DAG(s) dict_keys(['example_branch_dop_operator_v3']) retrieved from /home/airflow/.local/lib/python3.8/site-packages/airflow/example_dags/example_branch_python_dop_operator_3.py
[2025-01-18T13:40:33.296+0000] {logging_mixin.py:151} INFO - [2025-01-18T13:40:33.296+0000] {dag.py:2907} INFO - Sync 1 DAGs
[2025-01-18T13:40:33.356+0000] {logging_mixin.py:151} INFO - [2025-01-18T13:40:33.355+0000] {dag.py:3677} INFO - Setting next_dagrun for example_branch_dop_operator_v3 to 2025-01-18T13:39:00+00:00, run_after=2025-01-18T13:40:00+00:00
[2025-01-18T13:40:33.391+0000] {processor.py:179} INFO - Processing /home/airflow/.local/lib/python3.8/site-packages/airflow/example_dags/example_branch_python_dop_operator_3.py took 0.157 seconds
[2025-01-18T13:41:04.429+0000] {processor.py:157} INFO - Started process (PID=214) to work on /home/airflow/.local/lib/python3.8/site-packages/airflow/example_dags/example_branch_python_dop_operator_3.py
[2025-01-18T13:41:04.431+0000] {processor.py:829} INFO - Processing file /home/airflow/.local/lib/python3.8/site-packages/airflow/example_dags/example_branch_python_dop_operator_3.py for tasks to queue
[2025-01-18T13:41:04.437+0000] {logging_mixin.py:151} INFO - [2025-01-18T13:41:04.436+0000] {dagbag.py:539} INFO - Filling up the DagBag from /home/airflow/.local/lib/python3.8/site-packages/airflow/example_dags/example_branch_python_dop_operator_3.py
[2025-01-18T13:41:04.456+0000] {processor.py:839} INFO - DAG(s) dict_keys(['example_branch_dop_operator_v3']) retrieved from /home/airflow/.local/lib/python3.8/site-packages/airflow/example_dags/example_branch_python_dop_operator_3.py
[2025-01-18T13:41:04.498+0000] {logging_mixin.py:151} INFO - [2025-01-18T13:41:04.498+0000] {dag.py:2907} INFO - Sync 1 DAGs
[2025-01-18T13:41:04.562+0000] {logging_mixin.py:151} INFO - [2025-01-18T13:41:04.561+0000] {dag.py:3677} INFO - Setting next_dagrun for example_branch_dop_operator_v3 to 2025-01-18T13:40:00+00:00, run_after=2025-01-18T13:41:00+00:00
[2025-01-18T13:41:04.595+0000] {processor.py:179} INFO - Processing /home/airflow/.local/lib/python3.8/site-packages/airflow/example_dags/example_branch_python_dop_operator_3.py took 0.172 seconds
[2025-01-18T13:41:34.679+0000] {processor.py:157} INFO - Started process (PID=290) to work on /home/airflow/.local/lib/python3.8/site-packages/airflow/example_dags/example_branch_python_dop_operator_3.py
[2025-01-18T13:41:34.681+0000] {processor.py:829} INFO - Processing file /home/airflow/.local/lib/python3.8/site-packages/airflow/example_dags/example_branch_python_dop_operator_3.py for tasks to queue
[2025-01-18T13:41:34.686+0000] {logging_mixin.py:151} INFO - [2025-01-18T13:41:34.686+0000] {dagbag.py:539} INFO - Filling up the DagBag from /home/airflow/.local/lib/python3.8/site-packages/airflow/example_dags/example_branch_python_dop_operator_3.py
[2025-01-18T13:41:34.708+0000] {processor.py:839} INFO - DAG(s) dict_keys(['example_branch_dop_operator_v3']) retrieved from /home/airflow/.local/lib/python3.8/site-packages/airflow/example_dags/example_branch_python_dop_operator_3.py
[2025-01-18T13:41:34.754+0000] {logging_mixin.py:151} INFO - [2025-01-18T13:41:34.753+0000] {dag.py:2907} INFO - Sync 1 DAGs
[2025-01-18T13:41:34.816+0000] {logging_mixin.py:151} INFO - [2025-01-18T13:41:34.816+0000] {dag.py:3677} INFO - Setting next_dagrun for example_branch_dop_operator_v3 to 2025-01-18T13:40:00+00:00, run_after=2025-01-18T13:41:00+00:00
[2025-01-18T13:41:34.851+0000] {processor.py:179} INFO - Processing /home/airflow/.local/lib/python3.8/site-packages/airflow/example_dags/example_branch_python_dop_operator_3.py took 0.179 seconds
[2025-01-18T13:42:05.750+0000] {processor.py:157} INFO - Started process (PID=368) to work on /home/airflow/.local/lib/python3.8/site-packages/airflow/example_dags/example_branch_python_dop_operator_3.py
[2025-01-18T13:42:05.753+0000] {processor.py:829} INFO - Processing file /home/airflow/.local/lib/python3.8/site-packages/airflow/example_dags/example_branch_python_dop_operator_3.py for tasks to queue
[2025-01-18T13:42:05.759+0000] {logging_mixin.py:151} INFO - [2025-01-18T13:42:05.759+0000] {dagbag.py:539} INFO - Filling up the DagBag from /home/airflow/.local/lib/python3.8/site-packages/airflow/example_dags/example_branch_python_dop_operator_3.py
[2025-01-18T13:42:05.783+0000] {processor.py:839} INFO - DAG(s) dict_keys(['example_branch_dop_operator_v3']) retrieved from /home/airflow/.local/lib/python3.8/site-packages/airflow/example_dags/example_branch_python_dop_operator_3.py
[2025-01-18T13:42:05.837+0000] {logging_mixin.py:151} INFO - [2025-01-18T13:42:05.836+0000] {dag.py:2907} INFO - Sync 1 DAGs
[2025-01-18T13:42:05.935+0000] {logging_mixin.py:151} INFO - [2025-01-18T13:42:05.934+0000] {dag.py:3677} INFO - Setting next_dagrun for example_branch_dop_operator_v3 to 2025-01-18T13:41:00+00:00, run_after=2025-01-18T13:42:00+00:00
[2025-01-18T13:42:05.989+0000] {processor.py:179} INFO - Processing /home/airflow/.local/lib/python3.8/site-packages/airflow/example_dags/example_branch_python_dop_operator_3.py took 0.246 seconds
[2025-01-18T13:42:36.391+0000] {processor.py:157} INFO - Started process (PID=454) to work on /home/airflow/.local/lib/python3.8/site-packages/airflow/example_dags/example_branch_python_dop_operator_3.py
[2025-01-18T13:42:36.393+0000] {processor.py:829} INFO - Processing file /home/airflow/.local/lib/python3.8/site-packages/airflow/example_dags/example_branch_python_dop_operator_3.py for tasks to queue
[2025-01-18T13:42:36.399+0000] {logging_mixin.py:151} INFO - [2025-01-18T13:42:36.399+0000] {dagbag.py:539} INFO - Filling up the DagBag from /home/airflow/.local/lib/python3.8/site-packages/airflow/example_dags/example_branch_python_dop_operator_3.py
[2025-01-18T13:42:36.418+0000] {processor.py:839} INFO - DAG(s) dict_keys(['example_branch_dop_operator_v3']) retrieved from /home/airflow/.local/lib/python3.8/site-packages/airflow/example_dags/example_branch_python_dop_operator_3.py
[2025-01-18T13:42:36.462+0000] {logging_mixin.py:151} INFO - [2025-01-18T13:42:36.462+0000] {dag.py:2907} INFO - Sync 1 DAGs
[2025-01-18T13:42:36.543+0000] {logging_mixin.py:151} INFO - [2025-01-18T13:42:36.543+0000] {dag.py:3677} INFO - Setting next_dagrun for example_branch_dop_operator_v3 to 2025-01-18T13:41:00+00:00, run_after=2025-01-18T13:42:00+00:00
[2025-01-18T13:42:36.589+0000] {processor.py:179} INFO - Processing /home/airflow/.local/lib/python3.8/site-packages/airflow/example_dags/example_branch_python_dop_operator_3.py took 0.204 seconds
[2025-01-18T13:43:09.688+0000] {processor.py:157} INFO - Started process (PID=528) to work on /home/airflow/.local/lib/python3.8/site-packages/airflow/example_dags/example_branch_python_dop_operator_3.py
[2025-01-18T13:43:09.698+0000] {processor.py:829} INFO - Processing file /home/airflow/.local/lib/python3.8/site-packages/airflow/example_dags/example_branch_python_dop_operator_3.py for tasks to queue
[2025-01-18T13:43:09.715+0000] {logging_mixin.py:151} INFO - [2025-01-18T13:43:09.714+0000] {dagbag.py:539} INFO - Filling up the DagBag from /home/airflow/.local/lib/python3.8/site-packages/airflow/example_dags/example_branch_python_dop_operator_3.py
[2025-01-18T13:43:09.762+0000] {processor.py:839} INFO - DAG(s) dict_keys(['example_branch_dop_operator_v3']) retrieved from /home/airflow/.local/lib/python3.8/site-packages/airflow/example_dags/example_branch_python_dop_operator_3.py
[2025-01-18T13:43:09.877+0000] {logging_mixin.py:151} INFO - [2025-01-18T13:43:09.876+0000] {dag.py:2907} INFO - Sync 1 DAGs
[2025-01-18T13:43:10.056+0000] {logging_mixin.py:151} INFO - [2025-01-18T13:43:10.056+0000] {dag.py:3677} INFO - Setting next_dagrun for example_branch_dop_operator_v3 to 2025-01-18T13:42:00+00:00, run_after=2025-01-18T13:43:00+00:00
[2025-01-18T13:43:10.140+0000] {processor.py:179} INFO - Processing /home/airflow/.local/lib/python3.8/site-packages/airflow/example_dags/example_branch_python_dop_operator_3.py took 0.468 seconds
[2025-01-18T13:43:40.401+0000] {processor.py:157} INFO - Started process (PID=607) to work on /home/airflow/.local/lib/python3.8/site-packages/airflow/example_dags/example_branch_python_dop_operator_3.py
[2025-01-18T13:43:40.404+0000] {processor.py:829} INFO - Processing file /home/airflow/.local/lib/python3.8/site-packages/airflow/example_dags/example_branch_python_dop_operator_3.py for tasks to queue
[2025-01-18T13:43:40.411+0000] {logging_mixin.py:151} INFO - [2025-01-18T13:43:40.411+0000] {dagbag.py:539} INFO - Filling up the DagBag from /home/airflow/.local/lib/python3.8/site-packages/airflow/example_dags/example_branch_python_dop_operator_3.py
[2025-01-18T13:43:40.438+0000] {processor.py:839} INFO - DAG(s) dict_keys(['example_branch_dop_operator_v3']) retrieved from /home/airflow/.local/lib/python3.8/site-packages/airflow/example_dags/example_branch_python_dop_operator_3.py
[2025-01-18T13:43:40.491+0000] {logging_mixin.py:151} INFO - [2025-01-18T13:43:40.490+0000] {dag.py:2907} INFO - Sync 1 DAGs
[2025-01-18T13:43:40.578+0000] {logging_mixin.py:151} INFO - [2025-01-18T13:43:40.577+0000] {dag.py:3677} INFO - Setting next_dagrun for example_branch_dop_operator_v3 to 2025-01-18T13:42:00+00:00, run_after=2025-01-18T13:43:00+00:00
[2025-01-18T13:43:40.637+0000] {processor.py:179} INFO - Processing /home/airflow/.local/lib/python3.8/site-packages/airflow/example_dags/example_branch_python_dop_operator_3.py took 0.244 seconds
[2025-01-18T13:44:11.165+0000] {processor.py:157} INFO - Started process (PID=693) to work on /home/airflow/.local/lib/python3.8/site-packages/airflow/example_dags/example_branch_python_dop_operator_3.py
[2025-01-18T13:44:11.171+0000] {processor.py:829} INFO - Processing file /home/airflow/.local/lib/python3.8/site-packages/airflow/example_dags/example_branch_python_dop_operator_3.py for tasks to queue
[2025-01-18T13:44:11.178+0000] {logging_mixin.py:151} INFO - [2025-01-18T13:44:11.176+0000] {dagbag.py:539} INFO - Filling up the DagBag from /home/airflow/.local/lib/python3.8/site-packages/airflow/example_dags/example_branch_python_dop_operator_3.py
[2025-01-18T13:44:11.202+0000] {processor.py:839} INFO - DAG(s) dict_keys(['example_branch_dop_operator_v3']) retrieved from /home/airflow/.local/lib/python3.8/site-packages/airflow/example_dags/example_branch_python_dop_operator_3.py
[2025-01-18T13:44:11.252+0000] {logging_mixin.py:151} INFO - [2025-01-18T13:44:11.252+0000] {dag.py:2907} INFO - Sync 1 DAGs
[2025-01-18T13:44:11.321+0000] {logging_mixin.py:151} INFO - [2025-01-18T13:44:11.321+0000] {dag.py:3677} INFO - Setting next_dagrun for example_branch_dop_operator_v3 to 2025-01-18T13:43:00+00:00, run_after=2025-01-18T13:44:00+00:00
[2025-01-18T13:44:11.361+0000] {processor.py:179} INFO - Processing /home/airflow/.local/lib/python3.8/site-packages/airflow/example_dags/example_branch_python_dop_operator_3.py took 0.205 seconds
[2025-01-18T13:44:41.514+0000] {processor.py:157} INFO - Started process (PID=768) to work on /home/airflow/.local/lib/python3.8/site-packages/airflow/example_dags/example_branch_python_dop_operator_3.py
[2025-01-18T13:44:41.515+0000] {processor.py:829} INFO - Processing file /home/airflow/.local/lib/python3.8/site-packages/airflow/example_dags/example_branch_python_dop_operator_3.py for tasks to queue
[2025-01-18T13:44:41.520+0000] {logging_mixin.py:151} INFO - [2025-01-18T13:44:41.519+0000] {dagbag.py:539} INFO - Filling up the DagBag from /home/airflow/.local/lib/python3.8/site-packages/airflow/example_dags/example_branch_python_dop_operator_3.py
[2025-01-18T13:44:41.540+0000] {processor.py:839} INFO - DAG(s) dict_keys(['example_branch_dop_operator_v3']) retrieved from /home/airflow/.local/lib/python3.8/site-packages/airflow/example_dags/example_branch_python_dop_operator_3.py
[2025-01-18T13:44:41.580+0000] {logging_mixin.py:151} INFO - [2025-01-18T13:44:41.579+0000] {dag.py:2907} INFO - Sync 1 DAGs
[2025-01-18T13:44:41.655+0000] {logging_mixin.py:151} INFO - [2025-01-18T13:44:41.654+0000] {dag.py:3677} INFO - Setting next_dagrun for example_branch_dop_operator_v3 to 2025-01-18T13:43:00+00:00, run_after=2025-01-18T13:44:00+00:00
[2025-01-18T13:44:41.704+0000] {processor.py:179} INFO - Processing /home/airflow/.local/lib/python3.8/site-packages/airflow/example_dags/example_branch_python_dop_operator_3.py took 0.197 seconds
[2025-01-18T13:45:12.235+0000] {processor.py:157} INFO - Started process (PID=853) to work on /home/airflow/.local/lib/python3.8/site-packages/airflow/example_dags/example_branch_python_dop_operator_3.py
[2025-01-18T13:45:12.237+0000] {processor.py:829} INFO - Processing file /home/airflow/.local/lib/python3.8/site-packages/airflow/example_dags/example_branch_python_dop_operator_3.py for tasks to queue
[2025-01-18T13:45:12.241+0000] {logging_mixin.py:151} INFO - [2025-01-18T13:45:12.241+0000] {dagbag.py:539} INFO - Filling up the DagBag from /home/airflow/.local/lib/python3.8/site-packages/airflow/example_dags/example_branch_python_dop_operator_3.py
[2025-01-18T13:45:12.263+0000] {processor.py:839} INFO - DAG(s) dict_keys(['example_branch_dop_operator_v3']) retrieved from /home/airflow/.local/lib/python3.8/site-packages/airflow/example_dags/example_branch_python_dop_operator_3.py
[2025-01-18T13:45:12.308+0000] {logging_mixin.py:151} INFO - [2025-01-18T13:45:12.308+0000] {dag.py:2907} INFO - Sync 1 DAGs
[2025-01-18T13:45:12.373+0000] {logging_mixin.py:151} INFO - [2025-01-18T13:45:12.373+0000] {dag.py:3677} INFO - Setting next_dagrun for example_branch_dop_operator_v3 to 2025-01-18T13:44:00+00:00, run_after=2025-01-18T13:45:00+00:00
[2025-01-18T13:45:12.408+0000] {processor.py:179} INFO - Processing /home/airflow/.local/lib/python3.8/site-packages/airflow/example_dags/example_branch_python_dop_operator_3.py took 0.180 seconds
[2025-01-18T13:45:43.190+0000] {processor.py:157} INFO - Started process (PID=932) to work on /home/airflow/.local/lib/python3.8/site-packages/airflow/example_dags/example_branch_python_dop_operator_3.py
[2025-01-18T13:45:43.192+0000] {processor.py:829} INFO - Processing file /home/airflow/.local/lib/python3.8/site-packages/airflow/example_dags/example_branch_python_dop_operator_3.py for tasks to queue
[2025-01-18T13:45:43.195+0000] {logging_mixin.py:151} INFO - [2025-01-18T13:45:43.195+0000] {dagbag.py:539} INFO - Filling up the DagBag from /home/airflow/.local/lib/python3.8/site-packages/airflow/example_dags/example_branch_python_dop_operator_3.py
[2025-01-18T13:45:43.209+0000] {processor.py:839} INFO - DAG(s) dict_keys(['example_branch_dop_operator_v3']) retrieved from /home/airflow/.local/lib/python3.8/site-packages/airflow/example_dags/example_branch_python_dop_operator_3.py
[2025-01-18T13:45:43.236+0000] {logging_mixin.py:151} INFO - [2025-01-18T13:45:43.236+0000] {dag.py:2907} INFO - Sync 1 DAGs
[2025-01-18T13:45:43.276+0000] {logging_mixin.py:151} INFO - [2025-01-18T13:45:43.275+0000] {dag.py:3677} INFO - Setting next_dagrun for example_branch_dop_operator_v3 to 2025-01-18T13:44:00+00:00, run_after=2025-01-18T13:45:00+00:00
[2025-01-18T13:45:43.304+0000] {processor.py:179} INFO - Processing /home/airflow/.local/lib/python3.8/site-packages/airflow/example_dags/example_branch_python_dop_operator_3.py took 0.117 seconds
[2025-01-18T13:46:13.348+0000] {processor.py:157} INFO - Started process (PID=1018) to work on /home/airflow/.local/lib/python3.8/site-packages/airflow/example_dags/example_branch_python_dop_operator_3.py
[2025-01-18T13:46:13.349+0000] {processor.py:829} INFO - Processing file /home/airflow/.local/lib/python3.8/site-packages/airflow/example_dags/example_branch_python_dop_operator_3.py for tasks to queue
[2025-01-18T13:46:13.351+0000] {logging_mixin.py:151} INFO - [2025-01-18T13:46:13.351+0000] {dagbag.py:539} INFO - Filling up the DagBag from /home/airflow/.local/lib/python3.8/site-packages/airflow/example_dags/example_branch_python_dop_operator_3.py
[2025-01-18T13:46:13.361+0000] {processor.py:839} INFO - DAG(s) dict_keys(['example_branch_dop_operator_v3']) retrieved from /home/airflow/.local/lib/python3.8/site-packages/airflow/example_dags/example_branch_python_dop_operator_3.py
[2025-01-18T13:46:13.379+0000] {logging_mixin.py:151} INFO - [2025-01-18T13:46:13.379+0000] {dag.py:2907} INFO - Sync 1 DAGs
[2025-01-18T13:46:13.405+0000] {logging_mixin.py:151} INFO - [2025-01-18T13:46:13.405+0000] {dag.py:3677} INFO - Setting next_dagrun for example_branch_dop_operator_v3 to 2025-01-18T13:45:00+00:00, run_after=2025-01-18T13:46:00+00:00
[2025-01-18T13:46:13.424+0000] {processor.py:179} INFO - Processing /home/airflow/.local/lib/python3.8/site-packages/airflow/example_dags/example_branch_python_dop_operator_3.py took 0.079 seconds
[2025-01-18T13:46:43.652+0000] {processor.py:157} INFO - Started process (PID=1105) to work on /home/airflow/.local/lib/python3.8/site-packages/airflow/example_dags/example_branch_python_dop_operator_3.py
[2025-01-18T13:46:43.653+0000] {processor.py:829} INFO - Processing file /home/airflow/.local/lib/python3.8/site-packages/airflow/example_dags/example_branch_python_dop_operator_3.py for tasks to queue
[2025-01-18T13:46:43.656+0000] {logging_mixin.py:151} INFO - [2025-01-18T13:46:43.656+0000] {dagbag.py:539} INFO - Filling up the DagBag from /home/airflow/.local/lib/python3.8/site-packages/airflow/example_dags/example_branch_python_dop_operator_3.py
[2025-01-18T13:46:43.667+0000] {processor.py:839} INFO - DAG(s) dict_keys(['example_branch_dop_operator_v3']) retrieved from /home/airflow/.local/lib/python3.8/site-packages/airflow/example_dags/example_branch_python_dop_operator_3.py
[2025-01-18T13:46:43.694+0000] {logging_mixin.py:151} INFO - [2025-01-18T13:46:43.694+0000] {dag.py:2907} INFO - Sync 1 DAGs
[2025-01-18T13:46:43.739+0000] {logging_mixin.py:151} INFO - [2025-01-18T13:46:43.739+0000] {dag.py:3677} INFO - Setting next_dagrun for example_branch_dop_operator_v3 to 2025-01-18T13:45:00+00:00, run_after=2025-01-18T13:46:00+00:00
[2025-01-18T13:46:43.766+0000] {processor.py:179} INFO - Processing /home/airflow/.local/lib/python3.8/site-packages/airflow/example_dags/example_branch_python_dop_operator_3.py took 0.118 seconds
[2025-01-18T13:47:14.245+0000] {processor.py:157} INFO - Started process (PID=1191) to work on /home/airflow/.local/lib/python3.8/site-packages/airflow/example_dags/example_branch_python_dop_operator_3.py
[2025-01-18T13:47:14.246+0000] {processor.py:829} INFO - Processing file /home/airflow/.local/lib/python3.8/site-packages/airflow/example_dags/example_branch_python_dop_operator_3.py for tasks to queue
[2025-01-18T13:47:14.248+0000] {logging_mixin.py:151} INFO - [2025-01-18T13:47:14.248+0000] {dagbag.py:539} INFO - Filling up the DagBag from /home/airflow/.local/lib/python3.8/site-packages/airflow/example_dags/example_branch_python_dop_operator_3.py
[2025-01-18T13:47:14.258+0000] {processor.py:839} INFO - DAG(s) dict_keys(['example_branch_dop_operator_v3']) retrieved from /home/airflow/.local/lib/python3.8/site-packages/airflow/example_dags/example_branch_python_dop_operator_3.py
[2025-01-18T13:47:14.276+0000] {logging_mixin.py:151} INFO - [2025-01-18T13:47:14.276+0000] {dag.py:2907} INFO - Sync 1 DAGs
[2025-01-18T13:47:14.302+0000] {logging_mixin.py:151} INFO - [2025-01-18T13:47:14.302+0000] {dag.py:3677} INFO - Setting next_dagrun for example_branch_dop_operator_v3 to 2025-01-18T13:46:00+00:00, run_after=2025-01-18T13:47:00+00:00
[2025-01-18T13:47:14.318+0000] {processor.py:179} INFO - Processing /home/airflow/.local/lib/python3.8/site-packages/airflow/example_dags/example_branch_python_dop_operator_3.py took 0.076 seconds
[2025-01-18T13:47:45.232+0000] {processor.py:157} INFO - Started process (PID=1277) to work on /home/airflow/.local/lib/python3.8/site-packages/airflow/example_dags/example_branch_python_dop_operator_3.py
[2025-01-18T13:47:45.238+0000] {processor.py:829} INFO - Processing file /home/airflow/.local/lib/python3.8/site-packages/airflow/example_dags/example_branch_python_dop_operator_3.py for tasks to queue
[2025-01-18T13:47:45.243+0000] {logging_mixin.py:151} INFO - [2025-01-18T13:47:45.242+0000] {dagbag.py:539} INFO - Filling up the DagBag from /home/airflow/.local/lib/python3.8/site-packages/airflow/example_dags/example_branch_python_dop_operator_3.py
[2025-01-18T13:47:45.281+0000] {processor.py:839} INFO - DAG(s) dict_keys(['example_branch_dop_operator_v3']) retrieved from /home/airflow/.local/lib/python3.8/site-packages/airflow/example_dags/example_branch_python_dop_operator_3.py
[2025-01-18T13:47:45.360+0000] {logging_mixin.py:151} INFO - [2025-01-18T13:47:45.360+0000] {dag.py:2907} INFO - Sync 1 DAGs
[2025-01-18T13:47:45.467+0000] {logging_mixin.py:151} INFO - [2025-01-18T13:47:45.467+0000] {dag.py:3677} INFO - Setting next_dagrun for example_branch_dop_operator_v3 to 2025-01-18T13:46:00+00:00, run_after=2025-01-18T13:47:00+00:00
[2025-01-18T13:47:45.512+0000] {processor.py:179} INFO - Processing /home/airflow/.local/lib/python3.8/site-packages/airflow/example_dags/example_branch_python_dop_operator_3.py took 0.291 seconds
[2025-01-18T13:48:15.840+0000] {processor.py:157} INFO - Started process (PID=1352) to work on /home/airflow/.local/lib/python3.8/site-packages/airflow/example_dags/example_branch_python_dop_operator_3.py
[2025-01-18T13:48:15.842+0000] {processor.py:829} INFO - Processing file /home/airflow/.local/lib/python3.8/site-packages/airflow/example_dags/example_branch_python_dop_operator_3.py for tasks to queue
[2025-01-18T13:48:15.848+0000] {logging_mixin.py:151} INFO - [2025-01-18T13:48:15.847+0000] {dagbag.py:539} INFO - Filling up the DagBag from /home/airflow/.local/lib/python3.8/site-packages/airflow/example_dags/example_branch_python_dop_operator_3.py
[2025-01-18T13:48:15.870+0000] {processor.py:839} INFO - DAG(s) dict_keys(['example_branch_dop_operator_v3']) retrieved from /home/airflow/.local/lib/python3.8/site-packages/airflow/example_dags/example_branch_python_dop_operator_3.py
[2025-01-18T13:48:15.916+0000] {logging_mixin.py:151} INFO - [2025-01-18T13:48:15.916+0000] {dag.py:2907} INFO - Sync 1 DAGs
[2025-01-18T13:48:16.028+0000] {logging_mixin.py:151} INFO - [2025-01-18T13:48:16.028+0000] {dag.py:3677} INFO - Setting next_dagrun for example_branch_dop_operator_v3 to 2025-01-18T13:47:00+00:00, run_after=2025-01-18T13:48:00+00:00
[2025-01-18T13:48:16.067+0000] {processor.py:179} INFO - Processing /home/airflow/.local/lib/python3.8/site-packages/airflow/example_dags/example_branch_python_dop_operator_3.py took 0.234 seconds
[2025-01-18T13:48:46.884+0000] {processor.py:157} INFO - Started process (PID=1439) to work on /home/airflow/.local/lib/python3.8/site-packages/airflow/example_dags/example_branch_python_dop_operator_3.py
[2025-01-18T13:48:46.887+0000] {processor.py:829} INFO - Processing file /home/airflow/.local/lib/python3.8/site-packages/airflow/example_dags/example_branch_python_dop_operator_3.py for tasks to queue
[2025-01-18T13:48:46.892+0000] {logging_mixin.py:151} INFO - [2025-01-18T13:48:46.891+0000] {dagbag.py:539} INFO - Filling up the DagBag from /home/airflow/.local/lib/python3.8/site-packages/airflow/example_dags/example_branch_python_dop_operator_3.py
[2025-01-18T13:48:46.911+0000] {processor.py:839} INFO - DAG(s) dict_keys(['example_branch_dop_operator_v3']) retrieved from /home/airflow/.local/lib/python3.8/site-packages/airflow/example_dags/example_branch_python_dop_operator_3.py
[2025-01-18T13:48:46.956+0000] {logging_mixin.py:151} INFO - [2025-01-18T13:48:46.956+0000] {dag.py:2907} INFO - Sync 1 DAGs
[2025-01-18T13:48:47.034+0000] {logging_mixin.py:151} INFO - [2025-01-18T13:48:47.034+0000] {dag.py:3677} INFO - Setting next_dagrun for example_branch_dop_operator_v3 to 2025-01-18T13:47:00+00:00, run_after=2025-01-18T13:48:00+00:00
[2025-01-18T13:48:47.076+0000] {processor.py:179} INFO - Processing /home/airflow/.local/lib/python3.8/site-packages/airflow/example_dags/example_branch_python_dop_operator_3.py took 0.199 seconds
[2025-01-18T13:49:17.281+0000] {processor.py:157} INFO - Started process (PID=1525) to work on /home/airflow/.local/lib/python3.8/site-packages/airflow/example_dags/example_branch_python_dop_operator_3.py
[2025-01-18T13:49:17.282+0000] {processor.py:829} INFO - Processing file /home/airflow/.local/lib/python3.8/site-packages/airflow/example_dags/example_branch_python_dop_operator_3.py for tasks to queue
[2025-01-18T13:49:17.286+0000] {logging_mixin.py:151} INFO - [2025-01-18T13:49:17.286+0000] {dagbag.py:539} INFO - Filling up the DagBag from /home/airflow/.local/lib/python3.8/site-packages/airflow/example_dags/example_branch_python_dop_operator_3.py
[2025-01-18T13:49:17.304+0000] {processor.py:839} INFO - DAG(s) dict_keys(['example_branch_dop_operator_v3']) retrieved from /home/airflow/.local/lib/python3.8/site-packages/airflow/example_dags/example_branch_python_dop_operator_3.py
[2025-01-18T13:49:17.338+0000] {logging_mixin.py:151} INFO - [2025-01-18T13:49:17.338+0000] {dag.py:2907} INFO - Sync 1 DAGs
[2025-01-18T13:49:17.401+0000] {logging_mixin.py:151} INFO - [2025-01-18T13:49:17.401+0000] {dag.py:3677} INFO - Setting next_dagrun for example_branch_dop_operator_v3 to 2025-01-18T13:48:00+00:00, run_after=2025-01-18T13:49:00+00:00
[2025-01-18T13:49:17.434+0000] {processor.py:179} INFO - Processing /home/airflow/.local/lib/python3.8/site-packages/airflow/example_dags/example_branch_python_dop_operator_3.py took 0.159 seconds
[2025-01-18T13:49:47.898+0000] {processor.py:157} INFO - Started process (PID=1611) to work on /home/airflow/.local/lib/python3.8/site-packages/airflow/example_dags/example_branch_python_dop_operator_3.py
[2025-01-18T13:49:47.900+0000] {processor.py:829} INFO - Processing file /home/airflow/.local/lib/python3.8/site-packages/airflow/example_dags/example_branch_python_dop_operator_3.py for tasks to queue
[2025-01-18T13:49:47.907+0000] {logging_mixin.py:151} INFO - [2025-01-18T13:49:47.906+0000] {dagbag.py:539} INFO - Filling up the DagBag from /home/airflow/.local/lib/python3.8/site-packages/airflow/example_dags/example_branch_python_dop_operator_3.py
[2025-01-18T13:49:47.927+0000] {processor.py:839} INFO - DAG(s) dict_keys(['example_branch_dop_operator_v3']) retrieved from /home/airflow/.local/lib/python3.8/site-packages/airflow/example_dags/example_branch_python_dop_operator_3.py
[2025-01-18T13:49:47.967+0000] {logging_mixin.py:151} INFO - [2025-01-18T13:49:47.967+0000] {dag.py:2907} INFO - Sync 1 DAGs
[2025-01-18T13:49:48.027+0000] {logging_mixin.py:151} INFO - [2025-01-18T13:49:48.027+0000] {dag.py:3677} INFO - Setting next_dagrun for example_branch_dop_operator_v3 to 2025-01-18T13:48:00+00:00, run_after=2025-01-18T13:49:00+00:00
[2025-01-18T13:49:48.058+0000] {processor.py:179} INFO - Processing /home/airflow/.local/lib/python3.8/site-packages/airflow/example_dags/example_branch_python_dop_operator_3.py took 0.167 seconds
[2025-01-18T13:50:19.153+0000] {processor.py:157} INFO - Started process (PID=1701) to work on /home/airflow/.local/lib/python3.8/site-packages/airflow/example_dags/example_branch_python_dop_operator_3.py
[2025-01-18T13:50:19.154+0000] {processor.py:829} INFO - Processing file /home/airflow/.local/lib/python3.8/site-packages/airflow/example_dags/example_branch_python_dop_operator_3.py for tasks to queue
[2025-01-18T13:50:19.160+0000] {logging_mixin.py:151} INFO - [2025-01-18T13:50:19.159+0000] {dagbag.py:539} INFO - Filling up the DagBag from /home/airflow/.local/lib/python3.8/site-packages/airflow/example_dags/example_branch_python_dop_operator_3.py
[2025-01-18T13:50:19.182+0000] {processor.py:839} INFO - DAG(s) dict_keys(['example_branch_dop_operator_v3']) retrieved from /home/airflow/.local/lib/python3.8/site-packages/airflow/example_dags/example_branch_python_dop_operator_3.py
[2025-01-18T13:50:19.224+0000] {logging_mixin.py:151} INFO - [2025-01-18T13:50:19.223+0000] {dag.py:2907} INFO - Sync 1 DAGs
[2025-01-18T13:50:19.289+0000] {logging_mixin.py:151} INFO - [2025-01-18T13:50:19.288+0000] {dag.py:3677} INFO - Setting next_dagrun for example_branch_dop_operator_v3 to 2025-01-18T13:49:00+00:00, run_after=2025-01-18T13:50:00+00:00
[2025-01-18T13:50:19.323+0000] {processor.py:179} INFO - Processing /home/airflow/.local/lib/python3.8/site-packages/airflow/example_dags/example_branch_python_dop_operator_3.py took 0.176 seconds
[2025-01-18T13:50:50.089+0000] {processor.py:157} INFO - Started process (PID=1821) to work on /home/airflow/.local/lib/python3.8/site-packages/airflow/example_dags/example_branch_python_dop_operator_3.py
[2025-01-18T13:50:50.090+0000] {processor.py:829} INFO - Processing file /home/airflow/.local/lib/python3.8/site-packages/airflow/example_dags/example_branch_python_dop_operator_3.py for tasks to queue
[2025-01-18T13:50:50.092+0000] {logging_mixin.py:151} INFO - [2025-01-18T13:50:50.092+0000] {dagbag.py:539} INFO - Filling up the DagBag from /home/airflow/.local/lib/python3.8/site-packages/airflow/example_dags/example_branch_python_dop_operator_3.py
[2025-01-18T13:50:50.102+0000] {processor.py:839} INFO - DAG(s) dict_keys(['example_branch_dop_operator_v3']) retrieved from /home/airflow/.local/lib/python3.8/site-packages/airflow/example_dags/example_branch_python_dop_operator_3.py
[2025-01-18T13:50:50.123+0000] {logging_mixin.py:151} INFO - [2025-01-18T13:50:50.123+0000] {dag.py:2907} INFO - Sync 1 DAGs
[2025-01-18T13:50:50.152+0000] {logging_mixin.py:151} INFO - [2025-01-18T13:50:50.152+0000] {dag.py:3677} INFO - Setting next_dagrun for example_branch_dop_operator_v3 to 2025-01-18T13:49:00+00:00, run_after=2025-01-18T13:50:00+00:00
[2025-01-18T13:50:50.171+0000] {processor.py:179} INFO - Processing /home/airflow/.local/lib/python3.8/site-packages/airflow/example_dags/example_branch_python_dop_operator_3.py took 0.086 seconds
[2025-01-18T13:51:20.763+0000] {processor.py:157} INFO - Started process (PID=1907) to work on /home/airflow/.local/lib/python3.8/site-packages/airflow/example_dags/example_branch_python_dop_operator_3.py
[2025-01-18T13:51:20.764+0000] {processor.py:829} INFO - Processing file /home/airflow/.local/lib/python3.8/site-packages/airflow/example_dags/example_branch_python_dop_operator_3.py for tasks to queue
[2025-01-18T13:51:20.766+0000] {logging_mixin.py:151} INFO - [2025-01-18T13:51:20.766+0000] {dagbag.py:539} INFO - Filling up the DagBag from /home/airflow/.local/lib/python3.8/site-packages/airflow/example_dags/example_branch_python_dop_operator_3.py
[2025-01-18T13:51:20.774+0000] {processor.py:839} INFO - DAG(s) dict_keys(['example_branch_dop_operator_v3']) retrieved from /home/airflow/.local/lib/python3.8/site-packages/airflow/example_dags/example_branch_python_dop_operator_3.py
[2025-01-18T13:51:20.792+0000] {logging_mixin.py:151} INFO - [2025-01-18T13:51:20.792+0000] {dag.py:2907} INFO - Sync 1 DAGs
[2025-01-18T13:51:20.818+0000] {logging_mixin.py:151} INFO - [2025-01-18T13:51:20.817+0000] {dag.py:3677} INFO - Setting next_dagrun for example_branch_dop_operator_v3 to 2025-01-18T13:50:00+00:00, run_after=2025-01-18T13:51:00+00:00
[2025-01-18T13:51:20.834+0000] {processor.py:179} INFO - Processing /home/airflow/.local/lib/python3.8/site-packages/airflow/example_dags/example_branch_python_dop_operator_3.py took 0.074 seconds
[2025-01-18T15:08:47.718+0000] {processor.py:157} INFO - Started process (PID=16166) to work on /home/airflow/.local/lib/python3.8/site-packages/airflow/example_dags/example_branch_python_dop_operator_3.py
[2025-01-18T15:08:47.719+0000] {processor.py:829} INFO - Processing file /home/airflow/.local/lib/python3.8/site-packages/airflow/example_dags/example_branch_python_dop_operator_3.py for tasks to queue
[2025-01-18T15:08:47.722+0000] {logging_mixin.py:151} INFO - [2025-01-18T15:08:47.721+0000] {dagbag.py:539} INFO - Filling up the DagBag from /home/airflow/.local/lib/python3.8/site-packages/airflow/example_dags/example_branch_python_dop_operator_3.py
[2025-01-18T15:08:47.731+0000] {processor.py:839} INFO - DAG(s) dict_keys(['example_branch_dop_operator_v3']) retrieved from /home/airflow/.local/lib/python3.8/site-packages/airflow/example_dags/example_branch_python_dop_operator_3.py
[2025-01-18T15:08:47.752+0000] {logging_mixin.py:151} INFO - [2025-01-18T15:08:47.752+0000] {dag.py:2907} INFO - Sync 1 DAGs
[2025-01-18T15:08:47.778+0000] {logging_mixin.py:151} INFO - [2025-01-18T15:08:47.778+0000] {dag.py:3677} INFO - Setting next_dagrun for example_branch_dop_operator_v3 to 2025-01-18T15:07:00+00:00, run_after=2025-01-18T15:08:00+00:00
[2025-01-18T15:08:47.796+0000] {processor.py:179} INFO - Processing /home/airflow/.local/lib/python3.8/site-packages/airflow/example_dags/example_branch_python_dop_operator_3.py took 0.081 seconds
[2025-01-18T15:09:18.612+0000] {processor.py:157} INFO - Started process (PID=16275) to work on /home/airflow/.local/lib/python3.8/site-packages/airflow/example_dags/example_branch_python_dop_operator_3.py
[2025-01-18T15:09:18.613+0000] {processor.py:829} INFO - Processing file /home/airflow/.local/lib/python3.8/site-packages/airflow/example_dags/example_branch_python_dop_operator_3.py for tasks to queue
[2025-01-18T15:09:18.616+0000] {logging_mixin.py:151} INFO - [2025-01-18T15:09:18.615+0000] {dagbag.py:539} INFO - Filling up the DagBag from /home/airflow/.local/lib/python3.8/site-packages/airflow/example_dags/example_branch_python_dop_operator_3.py
[2025-01-18T15:09:18.626+0000] {processor.py:839} INFO - DAG(s) dict_keys(['example_branch_dop_operator_v3']) retrieved from /home/airflow/.local/lib/python3.8/site-packages/airflow/example_dags/example_branch_python_dop_operator_3.py
[2025-01-18T15:09:18.649+0000] {logging_mixin.py:151} INFO - [2025-01-18T15:09:18.649+0000] {dag.py:2907} INFO - Sync 1 DAGs
[2025-01-18T15:09:18.681+0000] {logging_mixin.py:151} INFO - [2025-01-18T15:09:18.681+0000] {dag.py:3677} INFO - Setting next_dagrun for example_branch_dop_operator_v3 to 2025-01-18T15:08:00+00:00, run_after=2025-01-18T15:09:00+00:00
[2025-01-18T15:09:18.699+0000] {processor.py:179} INFO - Processing /home/airflow/.local/lib/python3.8/site-packages/airflow/example_dags/example_branch_python_dop_operator_3.py took 0.091 seconds
