[2025-01-18T00:11:19.585+0000] {processor.py:157} INFO - Started process (PID=142) to work on /home/airflow/.local/lib/python3.8/site-packages/airflow/example_dags/example_sla_dag.py
[2025-01-18T00:11:19.588+0000] {processor.py:829} INFO - Processing file /home/airflow/.local/lib/python3.8/site-packages/airflow/example_dags/example_sla_dag.py for tasks to queue
[2025-01-18T00:11:19.651+0000] {logging_mixin.py:151} INFO - [2025-01-18T00:11:19.619+0000] {dagbag.py:539} INFO - Filling up the DagBag from /home/airflow/.local/lib/python3.8/site-packages/airflow/example_dags/example_sla_dag.py
[2025-01-18T00:11:19.736+0000] {processor.py:839} INFO - DAG(s) dict_keys(['example_sla_dag']) retrieved from /home/airflow/.local/lib/python3.8/site-packages/airflow/example_dags/example_sla_dag.py
[2025-01-18T00:11:19.982+0000] {logging_mixin.py:151} INFO - [2025-01-18T00:11:19.982+0000] {dag.py:2907} INFO - Sync 1 DAGs
[2025-01-18T00:11:20.145+0000] {logging_mixin.py:151} INFO - [2025-01-18T00:11:20.145+0000] {dag.py:3677} INFO - Setting next_dagrun for example_sla_dag to 2025-01-18T00:08:00+00:00, run_after=2025-01-18T00:10:00+00:00
[2025-01-18T00:11:20.214+0000] {processor.py:179} INFO - Processing /home/airflow/.local/lib/python3.8/site-packages/airflow/example_dags/example_sla_dag.py took 0.663 seconds
[2025-01-18T00:11:50.941+0000] {processor.py:157} INFO - Started process (PID=230) to work on /home/airflow/.local/lib/python3.8/site-packages/airflow/example_dags/example_sla_dag.py
[2025-01-18T00:11:50.945+0000] {processor.py:829} INFO - Processing file /home/airflow/.local/lib/python3.8/site-packages/airflow/example_dags/example_sla_dag.py for tasks to queue
[2025-01-18T00:11:50.951+0000] {logging_mixin.py:151} INFO - [2025-01-18T00:11:50.950+0000] {dagbag.py:539} INFO - Filling up the DagBag from /home/airflow/.local/lib/python3.8/site-packages/airflow/example_dags/example_sla_dag.py
[2025-01-18T00:11:50.987+0000] {processor.py:839} INFO - DAG(s) dict_keys(['example_sla_dag']) retrieved from /home/airflow/.local/lib/python3.8/site-packages/airflow/example_dags/example_sla_dag.py
[2025-01-18T00:11:51.045+0000] {logging_mixin.py:151} INFO - [2025-01-18T00:11:51.045+0000] {dag.py:2907} INFO - Sync 1 DAGs
[2025-01-18T00:11:51.196+0000] {logging_mixin.py:151} INFO - [2025-01-18T00:11:51.196+0000] {dag.py:3677} INFO - Setting next_dagrun for example_sla_dag to 2025-01-18T00:08:00+00:00, run_after=2025-01-18T00:10:00+00:00
[2025-01-18T00:11:51.268+0000] {processor.py:179} INFO - Processing /home/airflow/.local/lib/python3.8/site-packages/airflow/example_dags/example_sla_dag.py took 0.336 seconds
[2025-01-18T00:12:22.061+0000] {processor.py:157} INFO - Started process (PID=320) to work on /home/airflow/.local/lib/python3.8/site-packages/airflow/example_dags/example_sla_dag.py
[2025-01-18T00:12:22.062+0000] {processor.py:829} INFO - Processing file /home/airflow/.local/lib/python3.8/site-packages/airflow/example_dags/example_sla_dag.py for tasks to queue
[2025-01-18T00:12:22.064+0000] {logging_mixin.py:151} INFO - [2025-01-18T00:12:22.064+0000] {dagbag.py:539} INFO - Filling up the DagBag from /home/airflow/.local/lib/python3.8/site-packages/airflow/example_dags/example_sla_dag.py
[2025-01-18T00:12:22.075+0000] {processor.py:839} INFO - DAG(s) dict_keys(['example_sla_dag']) retrieved from /home/airflow/.local/lib/python3.8/site-packages/airflow/example_dags/example_sla_dag.py
[2025-01-18T00:12:22.096+0000] {logging_mixin.py:151} INFO - [2025-01-18T00:12:22.096+0000] {dag.py:2907} INFO - Sync 1 DAGs
[2025-01-18T00:12:22.121+0000] {logging_mixin.py:151} INFO - [2025-01-18T00:12:22.121+0000] {dag.py:3677} INFO - Setting next_dagrun for example_sla_dag to 2025-01-18T00:10:00+00:00, run_after=2025-01-18T00:12:00+00:00
[2025-01-18T00:12:22.141+0000] {processor.py:179} INFO - Processing /home/airflow/.local/lib/python3.8/site-packages/airflow/example_dags/example_sla_dag.py took 0.084 seconds
[2025-01-18T00:12:52.956+0000] {processor.py:157} INFO - Started process (PID=406) to work on /home/airflow/.local/lib/python3.8/site-packages/airflow/example_dags/example_sla_dag.py
[2025-01-18T00:12:52.957+0000] {processor.py:829} INFO - Processing file /home/airflow/.local/lib/python3.8/site-packages/airflow/example_dags/example_sla_dag.py for tasks to queue
[2025-01-18T00:12:52.960+0000] {logging_mixin.py:151} INFO - [2025-01-18T00:12:52.959+0000] {dagbag.py:539} INFO - Filling up the DagBag from /home/airflow/.local/lib/python3.8/site-packages/airflow/example_dags/example_sla_dag.py
[2025-01-18T00:12:52.968+0000] {processor.py:839} INFO - DAG(s) dict_keys(['example_sla_dag']) retrieved from /home/airflow/.local/lib/python3.8/site-packages/airflow/example_dags/example_sla_dag.py
[2025-01-18T00:12:52.992+0000] {logging_mixin.py:151} INFO - [2025-01-18T00:12:52.992+0000] {dag.py:2907} INFO - Sync 1 DAGs
[2025-01-18T00:12:53.028+0000] {logging_mixin.py:151} INFO - [2025-01-18T00:12:53.028+0000] {dag.py:3677} INFO - Setting next_dagrun for example_sla_dag to 2025-01-18T00:10:00+00:00, run_after=2025-01-18T00:12:00+00:00
[2025-01-18T00:12:53.050+0000] {processor.py:179} INFO - Processing /home/airflow/.local/lib/python3.8/site-packages/airflow/example_dags/example_sla_dag.py took 0.098 seconds
[2025-01-18T00:14:27.587+0000] {processor.py:157} INFO - Started process (PID=113) to work on /home/airflow/.local/lib/python3.8/site-packages/airflow/example_dags/example_sla_dag.py
[2025-01-18T00:14:27.589+0000] {processor.py:829} INFO - Processing file /home/airflow/.local/lib/python3.8/site-packages/airflow/example_dags/example_sla_dag.py for tasks to queue
[2025-01-18T00:14:27.594+0000] {logging_mixin.py:151} INFO - [2025-01-18T00:14:27.594+0000] {dagbag.py:539} INFO - Filling up the DagBag from /home/airflow/.local/lib/python3.8/site-packages/airflow/example_dags/example_sla_dag.py
[2025-01-18T00:14:27.614+0000] {processor.py:839} INFO - DAG(s) dict_keys(['example_sla_dag']) retrieved from /home/airflow/.local/lib/python3.8/site-packages/airflow/example_dags/example_sla_dag.py
[2025-01-18T00:14:27.653+0000] {logging_mixin.py:151} INFO - [2025-01-18T00:14:27.652+0000] {dag.py:2907} INFO - Sync 1 DAGs
[2025-01-18T00:14:27.715+0000] {logging_mixin.py:151} INFO - [2025-01-18T00:14:27.715+0000] {dag.py:3677} INFO - Setting next_dagrun for example_sla_dag to 2025-01-18T00:12:00+00:00, run_after=2025-01-18T00:14:00+00:00
[2025-01-18T00:14:27.751+0000] {processor.py:179} INFO - Processing /home/airflow/.local/lib/python3.8/site-packages/airflow/example_dags/example_sla_dag.py took 0.169 seconds
[2025-01-18T00:14:57.983+0000] {processor.py:157} INFO - Started process (PID=180) to work on /home/airflow/.local/lib/python3.8/site-packages/airflow/example_dags/example_sla_dag.py
[2025-01-18T00:14:57.985+0000] {processor.py:829} INFO - Processing file /home/airflow/.local/lib/python3.8/site-packages/airflow/example_dags/example_sla_dag.py for tasks to queue
[2025-01-18T00:14:57.988+0000] {logging_mixin.py:151} INFO - [2025-01-18T00:14:57.988+0000] {dagbag.py:539} INFO - Filling up the DagBag from /home/airflow/.local/lib/python3.8/site-packages/airflow/example_dags/example_sla_dag.py
[2025-01-18T00:14:58.001+0000] {processor.py:839} INFO - DAG(s) dict_keys(['example_sla_dag']) retrieved from /home/airflow/.local/lib/python3.8/site-packages/airflow/example_dags/example_sla_dag.py
[2025-01-18T00:14:58.030+0000] {logging_mixin.py:151} INFO - [2025-01-18T00:14:58.030+0000] {dag.py:2907} INFO - Sync 1 DAGs
[2025-01-18T00:14:58.079+0000] {logging_mixin.py:151} INFO - [2025-01-18T00:14:58.079+0000] {dag.py:3677} INFO - Setting next_dagrun for example_sla_dag to 2025-01-18T00:12:00+00:00, run_after=2025-01-18T00:14:00+00:00
[2025-01-18T00:14:58.113+0000] {processor.py:179} INFO - Processing /home/airflow/.local/lib/python3.8/site-packages/airflow/example_dags/example_sla_dag.py took 0.135 seconds
[2025-01-18T00:15:28.155+0000] {processor.py:157} INFO - Started process (PID=266) to work on /home/airflow/.local/lib/python3.8/site-packages/airflow/example_dags/example_sla_dag.py
[2025-01-18T00:15:28.157+0000] {processor.py:829} INFO - Processing file /home/airflow/.local/lib/python3.8/site-packages/airflow/example_dags/example_sla_dag.py for tasks to queue
[2025-01-18T00:15:28.160+0000] {logging_mixin.py:151} INFO - [2025-01-18T00:15:28.159+0000] {dagbag.py:539} INFO - Filling up the DagBag from /home/airflow/.local/lib/python3.8/site-packages/airflow/example_dags/example_sla_dag.py
[2025-01-18T00:15:28.172+0000] {processor.py:839} INFO - DAG(s) dict_keys(['example_sla_dag']) retrieved from /home/airflow/.local/lib/python3.8/site-packages/airflow/example_dags/example_sla_dag.py
[2025-01-18T00:15:28.199+0000] {logging_mixin.py:151} INFO - [2025-01-18T00:15:28.198+0000] {dag.py:2907} INFO - Sync 1 DAGs
[2025-01-18T00:15:28.238+0000] {logging_mixin.py:151} INFO - [2025-01-18T00:15:28.238+0000] {dag.py:3677} INFO - Setting next_dagrun for example_sla_dag to 2025-01-18T00:12:00+00:00, run_after=2025-01-18T00:14:00+00:00
[2025-01-18T00:15:28.263+0000] {processor.py:179} INFO - Processing /home/airflow/.local/lib/python3.8/site-packages/airflow/example_dags/example_sla_dag.py took 0.112 seconds
[2025-01-18T00:15:59.131+0000] {processor.py:157} INFO - Started process (PID=352) to work on /home/airflow/.local/lib/python3.8/site-packages/airflow/example_dags/example_sla_dag.py
[2025-01-18T00:15:59.132+0000] {processor.py:829} INFO - Processing file /home/airflow/.local/lib/python3.8/site-packages/airflow/example_dags/example_sla_dag.py for tasks to queue
[2025-01-18T00:15:59.135+0000] {logging_mixin.py:151} INFO - [2025-01-18T00:15:59.135+0000] {dagbag.py:539} INFO - Filling up the DagBag from /home/airflow/.local/lib/python3.8/site-packages/airflow/example_dags/example_sla_dag.py
[2025-01-18T00:15:59.149+0000] {processor.py:839} INFO - DAG(s) dict_keys(['example_sla_dag']) retrieved from /home/airflow/.local/lib/python3.8/site-packages/airflow/example_dags/example_sla_dag.py
[2025-01-18T00:15:59.182+0000] {logging_mixin.py:151} INFO - [2025-01-18T00:15:59.182+0000] {dag.py:2907} INFO - Sync 1 DAGs
[2025-01-18T00:15:59.219+0000] {logging_mixin.py:151} INFO - [2025-01-18T00:15:59.219+0000] {dag.py:3677} INFO - Setting next_dagrun for example_sla_dag to 2025-01-18T00:12:00+00:00, run_after=2025-01-18T00:14:00+00:00
[2025-01-18T00:15:59.242+0000] {processor.py:179} INFO - Processing /home/airflow/.local/lib/python3.8/site-packages/airflow/example_dags/example_sla_dag.py took 0.116 seconds
[2025-01-18T00:16:31.166+0000] {processor.py:157} INFO - Started process (PID=438) to work on /home/airflow/.local/lib/python3.8/site-packages/airflow/example_dags/example_sla_dag.py
[2025-01-18T00:16:31.168+0000] {processor.py:829} INFO - Processing file /home/airflow/.local/lib/python3.8/site-packages/airflow/example_dags/example_sla_dag.py for tasks to queue
[2025-01-18T00:16:31.172+0000] {logging_mixin.py:151} INFO - [2025-01-18T00:16:31.171+0000] {dagbag.py:539} INFO - Filling up the DagBag from /home/airflow/.local/lib/python3.8/site-packages/airflow/example_dags/example_sla_dag.py
[2025-01-18T00:16:31.192+0000] {processor.py:839} INFO - DAG(s) dict_keys(['example_sla_dag']) retrieved from /home/airflow/.local/lib/python3.8/site-packages/airflow/example_dags/example_sla_dag.py
[2025-01-18T00:16:31.222+0000] {logging_mixin.py:151} INFO - [2025-01-18T00:16:31.222+0000] {dag.py:2907} INFO - Sync 1 DAGs
[2025-01-18T00:16:31.271+0000] {logging_mixin.py:151} INFO - [2025-01-18T00:16:31.271+0000] {dag.py:3677} INFO - Setting next_dagrun for example_sla_dag to 2025-01-18T00:14:00+00:00, run_after=2025-01-18T00:16:00+00:00
[2025-01-18T00:16:31.308+0000] {processor.py:179} INFO - Processing /home/airflow/.local/lib/python3.8/site-packages/airflow/example_dags/example_sla_dag.py took 0.149 seconds
[2025-01-18T00:17:01.857+0000] {processor.py:157} INFO - Started process (PID=533) to work on /home/airflow/.local/lib/python3.8/site-packages/airflow/example_dags/example_sla_dag.py
[2025-01-18T00:17:01.858+0000] {processor.py:829} INFO - Processing file /home/airflow/.local/lib/python3.8/site-packages/airflow/example_dags/example_sla_dag.py for tasks to queue
[2025-01-18T00:17:01.864+0000] {logging_mixin.py:151} INFO - [2025-01-18T00:17:01.863+0000] {dagbag.py:539} INFO - Filling up the DagBag from /home/airflow/.local/lib/python3.8/site-packages/airflow/example_dags/example_sla_dag.py
[2025-01-18T00:17:01.884+0000] {processor.py:839} INFO - DAG(s) dict_keys(['example_sla_dag']) retrieved from /home/airflow/.local/lib/python3.8/site-packages/airflow/example_dags/example_sla_dag.py
[2025-01-18T00:17:01.922+0000] {logging_mixin.py:151} INFO - [2025-01-18T00:17:01.922+0000] {dag.py:2907} INFO - Sync 1 DAGs
[2025-01-18T00:17:01.982+0000] {logging_mixin.py:151} INFO - [2025-01-18T00:17:01.982+0000] {dag.py:3677} INFO - Setting next_dagrun for example_sla_dag to 2025-01-18T00:14:00+00:00, run_after=2025-01-18T00:16:00+00:00
[2025-01-18T00:17:02.019+0000] {processor.py:179} INFO - Processing /home/airflow/.local/lib/python3.8/site-packages/airflow/example_dags/example_sla_dag.py took 0.169 seconds
[2025-01-18T00:17:34.917+0000] {processor.py:157} INFO - Started process (PID=619) to work on /home/airflow/.local/lib/python3.8/site-packages/airflow/example_dags/example_sla_dag.py
[2025-01-18T00:17:34.922+0000] {processor.py:829} INFO - Processing file /home/airflow/.local/lib/python3.8/site-packages/airflow/example_dags/example_sla_dag.py for tasks to queue
[2025-01-18T00:17:34.928+0000] {logging_mixin.py:151} INFO - [2025-01-18T00:17:34.927+0000] {dagbag.py:539} INFO - Filling up the DagBag from /home/airflow/.local/lib/python3.8/site-packages/airflow/example_dags/example_sla_dag.py
[2025-01-18T00:17:34.965+0000] {processor.py:839} INFO - DAG(s) dict_keys(['example_sla_dag']) retrieved from /home/airflow/.local/lib/python3.8/site-packages/airflow/example_dags/example_sla_dag.py
[2025-01-18T00:17:35.034+0000] {logging_mixin.py:151} INFO - [2025-01-18T00:17:35.034+0000] {dag.py:2907} INFO - Sync 1 DAGs
[2025-01-18T00:17:35.119+0000] {logging_mixin.py:151} INFO - [2025-01-18T00:17:35.119+0000] {dag.py:3677} INFO - Setting next_dagrun for example_sla_dag to 2025-01-18T00:14:00+00:00, run_after=2025-01-18T00:16:00+00:00
[2025-01-18T00:17:35.196+0000] {processor.py:179} INFO - Processing /home/airflow/.local/lib/python3.8/site-packages/airflow/example_dags/example_sla_dag.py took 0.309 seconds
[2025-01-18T00:18:05.482+0000] {processor.py:157} INFO - Started process (PID=693) to work on /home/airflow/.local/lib/python3.8/site-packages/airflow/example_dags/example_sla_dag.py
[2025-01-18T00:18:05.483+0000] {processor.py:829} INFO - Processing file /home/airflow/.local/lib/python3.8/site-packages/airflow/example_dags/example_sla_dag.py for tasks to queue
[2025-01-18T00:18:05.487+0000] {logging_mixin.py:151} INFO - [2025-01-18T00:18:05.487+0000] {dagbag.py:539} INFO - Filling up the DagBag from /home/airflow/.local/lib/python3.8/site-packages/airflow/example_dags/example_sla_dag.py
[2025-01-18T00:18:05.502+0000] {processor.py:839} INFO - DAG(s) dict_keys(['example_sla_dag']) retrieved from /home/airflow/.local/lib/python3.8/site-packages/airflow/example_dags/example_sla_dag.py
[2025-01-18T00:18:05.536+0000] {logging_mixin.py:151} INFO - [2025-01-18T00:18:05.535+0000] {dag.py:2907} INFO - Sync 1 DAGs
[2025-01-18T00:18:05.583+0000] {logging_mixin.py:151} INFO - [2025-01-18T00:18:05.582+0000] {dag.py:3677} INFO - Setting next_dagrun for example_sla_dag to 2025-01-18T00:16:00+00:00, run_after=2025-01-18T00:18:00+00:00
[2025-01-18T00:18:05.621+0000] {processor.py:179} INFO - Processing /home/airflow/.local/lib/python3.8/site-packages/airflow/example_dags/example_sla_dag.py took 0.144 seconds
[2025-01-18T00:18:36.304+0000] {processor.py:157} INFO - Started process (PID=779) to work on /home/airflow/.local/lib/python3.8/site-packages/airflow/example_dags/example_sla_dag.py
[2025-01-18T00:18:36.306+0000] {processor.py:829} INFO - Processing file /home/airflow/.local/lib/python3.8/site-packages/airflow/example_dags/example_sla_dag.py for tasks to queue
[2025-01-18T00:18:36.311+0000] {logging_mixin.py:151} INFO - [2025-01-18T00:18:36.311+0000] {dagbag.py:539} INFO - Filling up the DagBag from /home/airflow/.local/lib/python3.8/site-packages/airflow/example_dags/example_sla_dag.py
[2025-01-18T00:18:36.336+0000] {processor.py:839} INFO - DAG(s) dict_keys(['example_sla_dag']) retrieved from /home/airflow/.local/lib/python3.8/site-packages/airflow/example_dags/example_sla_dag.py
[2025-01-18T00:18:36.390+0000] {logging_mixin.py:151} INFO - [2025-01-18T00:18:36.389+0000] {dag.py:2907} INFO - Sync 1 DAGs
[2025-01-18T00:18:36.467+0000] {logging_mixin.py:151} INFO - [2025-01-18T00:18:36.466+0000] {dag.py:3677} INFO - Setting next_dagrun for example_sla_dag to 2025-01-18T00:16:00+00:00, run_after=2025-01-18T00:18:00+00:00
[2025-01-18T00:18:36.512+0000] {processor.py:179} INFO - Processing /home/airflow/.local/lib/python3.8/site-packages/airflow/example_dags/example_sla_dag.py took 0.218 seconds
[2025-01-18T00:19:07.158+0000] {processor.py:157} INFO - Started process (PID=858) to work on /home/airflow/.local/lib/python3.8/site-packages/airflow/example_dags/example_sla_dag.py
[2025-01-18T00:19:07.162+0000] {processor.py:829} INFO - Processing file /home/airflow/.local/lib/python3.8/site-packages/airflow/example_dags/example_sla_dag.py for tasks to queue
[2025-01-18T00:19:07.168+0000] {logging_mixin.py:151} INFO - [2025-01-18T00:19:07.167+0000] {dagbag.py:539} INFO - Filling up the DagBag from /home/airflow/.local/lib/python3.8/site-packages/airflow/example_dags/example_sla_dag.py
[2025-01-18T00:19:07.196+0000] {processor.py:839} INFO - DAG(s) dict_keys(['example_sla_dag']) retrieved from /home/airflow/.local/lib/python3.8/site-packages/airflow/example_dags/example_sla_dag.py
[2025-01-18T00:19:07.265+0000] {logging_mixin.py:151} INFO - [2025-01-18T00:19:07.264+0000] {dag.py:2907} INFO - Sync 1 DAGs
[2025-01-18T00:19:07.348+0000] {logging_mixin.py:151} INFO - [2025-01-18T00:19:07.348+0000] {dag.py:3677} INFO - Setting next_dagrun for example_sla_dag to 2025-01-18T00:16:00+00:00, run_after=2025-01-18T00:18:00+00:00
[2025-01-18T00:19:07.410+0000] {processor.py:179} INFO - Processing /home/airflow/.local/lib/python3.8/site-packages/airflow/example_dags/example_sla_dag.py took 0.261 seconds
[2025-01-18T00:19:37.537+0000] {processor.py:157} INFO - Started process (PID=944) to work on /home/airflow/.local/lib/python3.8/site-packages/airflow/example_dags/example_sla_dag.py
[2025-01-18T00:19:37.539+0000] {processor.py:829} INFO - Processing file /home/airflow/.local/lib/python3.8/site-packages/airflow/example_dags/example_sla_dag.py for tasks to queue
[2025-01-18T00:19:37.542+0000] {logging_mixin.py:151} INFO - [2025-01-18T00:19:37.542+0000] {dagbag.py:539} INFO - Filling up the DagBag from /home/airflow/.local/lib/python3.8/site-packages/airflow/example_dags/example_sla_dag.py
[2025-01-18T00:19:37.557+0000] {processor.py:839} INFO - DAG(s) dict_keys(['example_sla_dag']) retrieved from /home/airflow/.local/lib/python3.8/site-packages/airflow/example_dags/example_sla_dag.py
[2025-01-18T00:19:37.587+0000] {logging_mixin.py:151} INFO - [2025-01-18T00:19:37.587+0000] {dag.py:2907} INFO - Sync 1 DAGs
[2025-01-18T00:19:37.639+0000] {logging_mixin.py:151} INFO - [2025-01-18T00:19:37.638+0000] {dag.py:3677} INFO - Setting next_dagrun for example_sla_dag to 2025-01-18T00:16:00+00:00, run_after=2025-01-18T00:18:00+00:00
[2025-01-18T00:19:37.673+0000] {processor.py:179} INFO - Processing /home/airflow/.local/lib/python3.8/site-packages/airflow/example_dags/example_sla_dag.py took 0.142 seconds
[2025-01-18T00:20:07.865+0000] {processor.py:157} INFO - Started process (PID=1030) to work on /home/airflow/.local/lib/python3.8/site-packages/airflow/example_dags/example_sla_dag.py
[2025-01-18T00:20:07.867+0000] {processor.py:829} INFO - Processing file /home/airflow/.local/lib/python3.8/site-packages/airflow/example_dags/example_sla_dag.py for tasks to queue
[2025-01-18T00:20:07.871+0000] {logging_mixin.py:151} INFO - [2025-01-18T00:20:07.870+0000] {dagbag.py:539} INFO - Filling up the DagBag from /home/airflow/.local/lib/python3.8/site-packages/airflow/example_dags/example_sla_dag.py
[2025-01-18T00:20:07.891+0000] {processor.py:839} INFO - DAG(s) dict_keys(['example_sla_dag']) retrieved from /home/airflow/.local/lib/python3.8/site-packages/airflow/example_dags/example_sla_dag.py
[2025-01-18T00:20:07.937+0000] {logging_mixin.py:151} INFO - [2025-01-18T00:20:07.937+0000] {dag.py:2907} INFO - Sync 1 DAGs
[2025-01-18T00:20:08.007+0000] {logging_mixin.py:151} INFO - [2025-01-18T00:20:08.007+0000] {dag.py:3677} INFO - Setting next_dagrun for example_sla_dag to 2025-01-18T00:18:00+00:00, run_after=2025-01-18T00:20:00+00:00
[2025-01-18T00:20:08.038+0000] {processor.py:179} INFO - Processing /home/airflow/.local/lib/python3.8/site-packages/airflow/example_dags/example_sla_dag.py took 0.182 seconds
[2025-01-18T00:20:38.551+0000] {processor.py:157} INFO - Started process (PID=1105) to work on /home/airflow/.local/lib/python3.8/site-packages/airflow/example_dags/example_sla_dag.py
[2025-01-18T00:20:38.554+0000] {processor.py:829} INFO - Processing file /home/airflow/.local/lib/python3.8/site-packages/airflow/example_dags/example_sla_dag.py for tasks to queue
[2025-01-18T00:20:38.563+0000] {logging_mixin.py:151} INFO - [2025-01-18T00:20:38.562+0000] {dagbag.py:539} INFO - Filling up the DagBag from /home/airflow/.local/lib/python3.8/site-packages/airflow/example_dags/example_sla_dag.py
[2025-01-18T00:20:38.586+0000] {processor.py:839} INFO - DAG(s) dict_keys(['example_sla_dag']) retrieved from /home/airflow/.local/lib/python3.8/site-packages/airflow/example_dags/example_sla_dag.py
[2025-01-18T00:20:38.622+0000] {logging_mixin.py:151} INFO - [2025-01-18T00:20:38.622+0000] {dag.py:2907} INFO - Sync 1 DAGs
[2025-01-18T00:20:38.681+0000] {logging_mixin.py:151} INFO - [2025-01-18T00:20:38.681+0000] {dag.py:3677} INFO - Setting next_dagrun for example_sla_dag to 2025-01-18T00:18:00+00:00, run_after=2025-01-18T00:20:00+00:00
[2025-01-18T00:20:38.717+0000] {processor.py:179} INFO - Processing /home/airflow/.local/lib/python3.8/site-packages/airflow/example_dags/example_sla_dag.py took 0.175 seconds
[2025-01-18T00:21:09.353+0000] {processor.py:157} INFO - Started process (PID=1191) to work on /home/airflow/.local/lib/python3.8/site-packages/airflow/example_dags/example_sla_dag.py
[2025-01-18T00:21:09.356+0000] {processor.py:829} INFO - Processing file /home/airflow/.local/lib/python3.8/site-packages/airflow/example_dags/example_sla_dag.py for tasks to queue
[2025-01-18T00:21:09.361+0000] {logging_mixin.py:151} INFO - [2025-01-18T00:21:09.360+0000] {dagbag.py:539} INFO - Filling up the DagBag from /home/airflow/.local/lib/python3.8/site-packages/airflow/example_dags/example_sla_dag.py
[2025-01-18T00:21:09.394+0000] {processor.py:839} INFO - DAG(s) dict_keys(['example_sla_dag']) retrieved from /home/airflow/.local/lib/python3.8/site-packages/airflow/example_dags/example_sla_dag.py
[2025-01-18T00:21:09.438+0000] {logging_mixin.py:151} INFO - [2025-01-18T00:21:09.438+0000] {dag.py:2907} INFO - Sync 1 DAGs
[2025-01-18T00:21:09.497+0000] {logging_mixin.py:151} INFO - [2025-01-18T00:21:09.497+0000] {dag.py:3677} INFO - Setting next_dagrun for example_sla_dag to 2025-01-18T00:18:00+00:00, run_after=2025-01-18T00:20:00+00:00
[2025-01-18T00:21:09.539+0000] {processor.py:179} INFO - Processing /home/airflow/.local/lib/python3.8/site-packages/airflow/example_dags/example_sla_dag.py took 0.201 seconds
[2025-01-18T00:32:04.172+0000] {processor.py:157} INFO - Started process (PID=133) to work on /home/airflow/.local/lib/python3.8/site-packages/airflow/example_dags/example_sla_dag.py
[2025-01-18T00:32:04.175+0000] {processor.py:829} INFO - Processing file /home/airflow/.local/lib/python3.8/site-packages/airflow/example_dags/example_sla_dag.py for tasks to queue
[2025-01-18T00:32:04.184+0000] {logging_mixin.py:151} INFO - [2025-01-18T00:32:04.183+0000] {dagbag.py:539} INFO - Filling up the DagBag from /home/airflow/.local/lib/python3.8/site-packages/airflow/example_dags/example_sla_dag.py
[2025-01-18T00:32:04.204+0000] {processor.py:839} INFO - DAG(s) dict_keys(['example_sla_dag']) retrieved from /home/airflow/.local/lib/python3.8/site-packages/airflow/example_dags/example_sla_dag.py
[2025-01-18T00:32:04.255+0000] {logging_mixin.py:151} INFO - [2025-01-18T00:32:04.255+0000] {dag.py:2907} INFO - Sync 1 DAGs
[2025-01-18T00:32:04.323+0000] {logging_mixin.py:151} INFO - [2025-01-18T00:32:04.323+0000] {dag.py:3677} INFO - Setting next_dagrun for example_sla_dag to 2025-01-18T00:30:00+00:00, run_after=2025-01-18T00:32:00+00:00
[2025-01-18T00:32:04.372+0000] {processor.py:179} INFO - Processing /home/airflow/.local/lib/python3.8/site-packages/airflow/example_dags/example_sla_dag.py took 0.206 seconds
[2025-01-18T00:32:34.863+0000] {processor.py:157} INFO - Started process (PID=218) to work on /home/airflow/.local/lib/python3.8/site-packages/airflow/example_dags/example_sla_dag.py
[2025-01-18T00:32:34.864+0000] {processor.py:829} INFO - Processing file /home/airflow/.local/lib/python3.8/site-packages/airflow/example_dags/example_sla_dag.py for tasks to queue
[2025-01-18T00:32:34.868+0000] {logging_mixin.py:151} INFO - [2025-01-18T00:32:34.867+0000] {dagbag.py:539} INFO - Filling up the DagBag from /home/airflow/.local/lib/python3.8/site-packages/airflow/example_dags/example_sla_dag.py
[2025-01-18T00:32:34.880+0000] {processor.py:839} INFO - DAG(s) dict_keys(['example_sla_dag']) retrieved from /home/airflow/.local/lib/python3.8/site-packages/airflow/example_dags/example_sla_dag.py
[2025-01-18T00:32:34.911+0000] {logging_mixin.py:151} INFO - [2025-01-18T00:32:34.911+0000] {dag.py:2907} INFO - Sync 1 DAGs
[2025-01-18T00:32:34.951+0000] {logging_mixin.py:151} INFO - [2025-01-18T00:32:34.951+0000] {dag.py:3677} INFO - Setting next_dagrun for example_sla_dag to 2025-01-18T00:30:00+00:00, run_after=2025-01-18T00:32:00+00:00
[2025-01-18T00:32:34.975+0000] {processor.py:179} INFO - Processing /home/airflow/.local/lib/python3.8/site-packages/airflow/example_dags/example_sla_dag.py took 0.117 seconds
[2025-01-18T00:54:44.340+0000] {processor.py:157} INFO - Started process (PID=113) to work on /home/airflow/.local/lib/python3.8/site-packages/airflow/example_dags/example_sla_dag.py
[2025-01-18T00:54:44.342+0000] {processor.py:829} INFO - Processing file /home/airflow/.local/lib/python3.8/site-packages/airflow/example_dags/example_sla_dag.py for tasks to queue
[2025-01-18T00:54:44.347+0000] {logging_mixin.py:151} INFO - [2025-01-18T00:54:44.347+0000] {dagbag.py:539} INFO - Filling up the DagBag from /home/airflow/.local/lib/python3.8/site-packages/airflow/example_dags/example_sla_dag.py
[2025-01-18T00:54:44.363+0000] {processor.py:839} INFO - DAG(s) dict_keys(['example_sla_dag']) retrieved from /home/airflow/.local/lib/python3.8/site-packages/airflow/example_dags/example_sla_dag.py
[2025-01-18T00:54:44.409+0000] {logging_mixin.py:151} INFO - [2025-01-18T00:54:44.408+0000] {dag.py:2907} INFO - Sync 1 DAGs
[2025-01-18T00:54:44.475+0000] {logging_mixin.py:151} INFO - [2025-01-18T00:54:44.475+0000] {dag.py:3677} INFO - Setting next_dagrun for example_sla_dag to 2025-01-18T00:52:00+00:00, run_after=2025-01-18T00:54:00+00:00
[2025-01-18T00:54:44.511+0000] {processor.py:179} INFO - Processing /home/airflow/.local/lib/python3.8/site-packages/airflow/example_dags/example_sla_dag.py took 0.177 seconds
[2025-01-18T00:55:16.070+0000] {processor.py:157} INFO - Started process (PID=188) to work on /home/airflow/.local/lib/python3.8/site-packages/airflow/example_dags/example_sla_dag.py
[2025-01-18T00:55:16.074+0000] {processor.py:829} INFO - Processing file /home/airflow/.local/lib/python3.8/site-packages/airflow/example_dags/example_sla_dag.py for tasks to queue
[2025-01-18T00:55:16.081+0000] {logging_mixin.py:151} INFO - [2025-01-18T00:55:16.080+0000] {dagbag.py:539} INFO - Filling up the DagBag from /home/airflow/.local/lib/python3.8/site-packages/airflow/example_dags/example_sla_dag.py
[2025-01-18T00:55:16.105+0000] {processor.py:839} INFO - DAG(s) dict_keys(['example_sla_dag']) retrieved from /home/airflow/.local/lib/python3.8/site-packages/airflow/example_dags/example_sla_dag.py
[2025-01-18T00:55:16.147+0000] {logging_mixin.py:151} INFO - [2025-01-18T00:55:16.146+0000] {dag.py:2907} INFO - Sync 1 DAGs
[2025-01-18T00:55:16.208+0000] {logging_mixin.py:151} INFO - [2025-01-18T00:55:16.208+0000] {dag.py:3677} INFO - Setting next_dagrun for example_sla_dag to 2025-01-18T00:52:00+00:00, run_after=2025-01-18T00:54:00+00:00
[2025-01-18T00:55:16.246+0000] {processor.py:179} INFO - Processing /home/airflow/.local/lib/python3.8/site-packages/airflow/example_dags/example_sla_dag.py took 0.186 seconds
[2025-01-18T00:55:47.042+0000] {processor.py:157} INFO - Started process (PID=274) to work on /home/airflow/.local/lib/python3.8/site-packages/airflow/example_dags/example_sla_dag.py
[2025-01-18T00:55:47.044+0000] {processor.py:829} INFO - Processing file /home/airflow/.local/lib/python3.8/site-packages/airflow/example_dags/example_sla_dag.py for tasks to queue
[2025-01-18T00:55:47.048+0000] {logging_mixin.py:151} INFO - [2025-01-18T00:55:47.048+0000] {dagbag.py:539} INFO - Filling up the DagBag from /home/airflow/.local/lib/python3.8/site-packages/airflow/example_dags/example_sla_dag.py
[2025-01-18T00:55:47.072+0000] {processor.py:839} INFO - DAG(s) dict_keys(['example_sla_dag']) retrieved from /home/airflow/.local/lib/python3.8/site-packages/airflow/example_dags/example_sla_dag.py
[2025-01-18T00:55:47.120+0000] {logging_mixin.py:151} INFO - [2025-01-18T00:55:47.119+0000] {dag.py:2907} INFO - Sync 1 DAGs
[2025-01-18T00:55:47.186+0000] {logging_mixin.py:151} INFO - [2025-01-18T00:55:47.186+0000] {dag.py:3677} INFO - Setting next_dagrun for example_sla_dag to 2025-01-18T00:52:00+00:00, run_after=2025-01-18T00:54:00+00:00
[2025-01-18T00:55:47.224+0000] {processor.py:179} INFO - Processing /home/airflow/.local/lib/python3.8/site-packages/airflow/example_dags/example_sla_dag.py took 0.189 seconds
[2025-01-18T00:56:17.609+0000] {processor.py:157} INFO - Started process (PID=353) to work on /home/airflow/.local/lib/python3.8/site-packages/airflow/example_dags/example_sla_dag.py
[2025-01-18T00:56:17.610+0000] {processor.py:829} INFO - Processing file /home/airflow/.local/lib/python3.8/site-packages/airflow/example_dags/example_sla_dag.py for tasks to queue
[2025-01-18T00:56:17.614+0000] {logging_mixin.py:151} INFO - [2025-01-18T00:56:17.613+0000] {dagbag.py:539} INFO - Filling up the DagBag from /home/airflow/.local/lib/python3.8/site-packages/airflow/example_dags/example_sla_dag.py
[2025-01-18T00:56:17.625+0000] {processor.py:839} INFO - DAG(s) dict_keys(['example_sla_dag']) retrieved from /home/airflow/.local/lib/python3.8/site-packages/airflow/example_dags/example_sla_dag.py
[2025-01-18T00:56:17.653+0000] {logging_mixin.py:151} INFO - [2025-01-18T00:56:17.652+0000] {dag.py:2907} INFO - Sync 1 DAGs
[2025-01-18T00:56:17.689+0000] {logging_mixin.py:151} INFO - [2025-01-18T00:56:17.689+0000] {dag.py:3677} INFO - Setting next_dagrun for example_sla_dag to 2025-01-18T00:54:00+00:00, run_after=2025-01-18T00:56:00+00:00
[2025-01-18T00:56:17.714+0000] {processor.py:179} INFO - Processing /home/airflow/.local/lib/python3.8/site-packages/airflow/example_dags/example_sla_dag.py took 0.109 seconds
[2025-01-18T00:56:48.479+0000] {processor.py:157} INFO - Started process (PID=438) to work on /home/airflow/.local/lib/python3.8/site-packages/airflow/example_dags/example_sla_dag.py
[2025-01-18T00:56:48.480+0000] {processor.py:829} INFO - Processing file /home/airflow/.local/lib/python3.8/site-packages/airflow/example_dags/example_sla_dag.py for tasks to queue
[2025-01-18T00:56:48.483+0000] {logging_mixin.py:151} INFO - [2025-01-18T00:56:48.483+0000] {dagbag.py:539} INFO - Filling up the DagBag from /home/airflow/.local/lib/python3.8/site-packages/airflow/example_dags/example_sla_dag.py
[2025-01-18T00:56:48.493+0000] {processor.py:839} INFO - DAG(s) dict_keys(['example_sla_dag']) retrieved from /home/airflow/.local/lib/python3.8/site-packages/airflow/example_dags/example_sla_dag.py
[2025-01-18T00:56:48.519+0000] {logging_mixin.py:151} INFO - [2025-01-18T00:56:48.518+0000] {dag.py:2907} INFO - Sync 1 DAGs
[2025-01-18T00:56:48.554+0000] {logging_mixin.py:151} INFO - [2025-01-18T00:56:48.554+0000] {dag.py:3677} INFO - Setting next_dagrun for example_sla_dag to 2025-01-18T00:54:00+00:00, run_after=2025-01-18T00:56:00+00:00
[2025-01-18T00:56:48.583+0000] {processor.py:179} INFO - Processing /home/airflow/.local/lib/python3.8/site-packages/airflow/example_dags/example_sla_dag.py took 0.108 seconds
[2025-01-18T00:57:18.810+0000] {processor.py:157} INFO - Started process (PID=525) to work on /home/airflow/.local/lib/python3.8/site-packages/airflow/example_dags/example_sla_dag.py
[2025-01-18T00:57:18.812+0000] {processor.py:829} INFO - Processing file /home/airflow/.local/lib/python3.8/site-packages/airflow/example_dags/example_sla_dag.py for tasks to queue
[2025-01-18T00:57:18.816+0000] {logging_mixin.py:151} INFO - [2025-01-18T00:57:18.816+0000] {dagbag.py:539} INFO - Filling up the DagBag from /home/airflow/.local/lib/python3.8/site-packages/airflow/example_dags/example_sla_dag.py
[2025-01-18T00:57:18.836+0000] {processor.py:839} INFO - DAG(s) dict_keys(['example_sla_dag']) retrieved from /home/airflow/.local/lib/python3.8/site-packages/airflow/example_dags/example_sla_dag.py
[2025-01-18T00:57:18.874+0000] {logging_mixin.py:151} INFO - [2025-01-18T00:57:18.874+0000] {dag.py:2907} INFO - Sync 1 DAGs
[2025-01-18T00:57:18.928+0000] {logging_mixin.py:151} INFO - [2025-01-18T00:57:18.928+0000] {dag.py:3677} INFO - Setting next_dagrun for example_sla_dag to 2025-01-18T00:54:00+00:00, run_after=2025-01-18T00:56:00+00:00
[2025-01-18T00:57:18.962+0000] {processor.py:179} INFO - Processing /home/airflow/.local/lib/python3.8/site-packages/airflow/example_dags/example_sla_dag.py took 0.158 seconds
[2025-01-18T00:57:49.045+0000] {processor.py:157} INFO - Started process (PID=592) to work on /home/airflow/.local/lib/python3.8/site-packages/airflow/example_dags/example_sla_dag.py
[2025-01-18T00:57:49.046+0000] {processor.py:829} INFO - Processing file /home/airflow/.local/lib/python3.8/site-packages/airflow/example_dags/example_sla_dag.py for tasks to queue
[2025-01-18T00:57:49.050+0000] {logging_mixin.py:151} INFO - [2025-01-18T00:57:49.049+0000] {dagbag.py:539} INFO - Filling up the DagBag from /home/airflow/.local/lib/python3.8/site-packages/airflow/example_dags/example_sla_dag.py
[2025-01-18T00:57:49.064+0000] {processor.py:839} INFO - DAG(s) dict_keys(['example_sla_dag']) retrieved from /home/airflow/.local/lib/python3.8/site-packages/airflow/example_dags/example_sla_dag.py
[2025-01-18T00:57:49.094+0000] {logging_mixin.py:151} INFO - [2025-01-18T00:57:49.093+0000] {dag.py:2907} INFO - Sync 1 DAGs
[2025-01-18T00:57:49.137+0000] {logging_mixin.py:151} INFO - [2025-01-18T00:57:49.137+0000] {dag.py:3677} INFO - Setting next_dagrun for example_sla_dag to 2025-01-18T00:54:00+00:00, run_after=2025-01-18T00:56:00+00:00
[2025-01-18T00:57:49.160+0000] {processor.py:179} INFO - Processing /home/airflow/.local/lib/python3.8/site-packages/airflow/example_dags/example_sla_dag.py took 0.121 seconds
[2025-01-18T00:58:20.407+0000] {processor.py:157} INFO - Started process (PID=677) to work on /home/airflow/.local/lib/python3.8/site-packages/airflow/example_dags/example_sla_dag.py
[2025-01-18T00:58:20.408+0000] {processor.py:829} INFO - Processing file /home/airflow/.local/lib/python3.8/site-packages/airflow/example_dags/example_sla_dag.py for tasks to queue
[2025-01-18T00:58:20.412+0000] {logging_mixin.py:151} INFO - [2025-01-18T00:58:20.411+0000] {dagbag.py:539} INFO - Filling up the DagBag from /home/airflow/.local/lib/python3.8/site-packages/airflow/example_dags/example_sla_dag.py
[2025-01-18T00:58:20.426+0000] {processor.py:839} INFO - DAG(s) dict_keys(['example_sla_dag']) retrieved from /home/airflow/.local/lib/python3.8/site-packages/airflow/example_dags/example_sla_dag.py
[2025-01-18T00:58:20.462+0000] {logging_mixin.py:151} INFO - [2025-01-18T00:58:20.461+0000] {dag.py:2907} INFO - Sync 1 DAGs
[2025-01-18T00:58:20.507+0000] {logging_mixin.py:151} INFO - [2025-01-18T00:58:20.506+0000] {dag.py:3677} INFO - Setting next_dagrun for example_sla_dag to 2025-01-18T00:56:00+00:00, run_after=2025-01-18T00:58:00+00:00
[2025-01-18T00:58:20.540+0000] {processor.py:179} INFO - Processing /home/airflow/.local/lib/python3.8/site-packages/airflow/example_dags/example_sla_dag.py took 0.138 seconds
[2025-01-18T00:59:01.953+0000] {processor.py:157} INFO - Started process (PID=776) to work on /home/airflow/.local/lib/python3.8/site-packages/airflow/example_dags/example_sla_dag.py
[2025-01-18T00:59:01.971+0000] {processor.py:829} INFO - Processing file /home/airflow/.local/lib/python3.8/site-packages/airflow/example_dags/example_sla_dag.py for tasks to queue
[2025-01-18T00:59:01.987+0000] {logging_mixin.py:151} INFO - [2025-01-18T00:59:01.975+0000] {dagbag.py:539} INFO - Filling up the DagBag from /home/airflow/.local/lib/python3.8/site-packages/airflow/example_dags/example_sla_dag.py
[2025-01-18T00:59:02.076+0000] {processor.py:839} INFO - DAG(s) dict_keys(['example_sla_dag']) retrieved from /home/airflow/.local/lib/python3.8/site-packages/airflow/example_dags/example_sla_dag.py
[2025-01-18T00:59:02.180+0000] {logging_mixin.py:151} INFO - [2025-01-18T00:59:02.179+0000] {dag.py:2907} INFO - Sync 1 DAGs
[2025-01-18T00:59:02.324+0000] {logging_mixin.py:151} INFO - [2025-01-18T00:59:02.323+0000] {dag.py:3677} INFO - Setting next_dagrun for example_sla_dag to 2025-01-18T00:56:00+00:00, run_after=2025-01-18T00:58:00+00:00
[2025-01-18T00:59:02.379+0000] {processor.py:179} INFO - Processing /home/airflow/.local/lib/python3.8/site-packages/airflow/example_dags/example_sla_dag.py took 0.440 seconds
[2025-01-18T00:59:33.402+0000] {processor.py:157} INFO - Started process (PID=855) to work on /home/airflow/.local/lib/python3.8/site-packages/airflow/example_dags/example_sla_dag.py
[2025-01-18T00:59:33.403+0000] {processor.py:829} INFO - Processing file /home/airflow/.local/lib/python3.8/site-packages/airflow/example_dags/example_sla_dag.py for tasks to queue
[2025-01-18T00:59:33.409+0000] {logging_mixin.py:151} INFO - [2025-01-18T00:59:33.408+0000] {dagbag.py:539} INFO - Filling up the DagBag from /home/airflow/.local/lib/python3.8/site-packages/airflow/example_dags/example_sla_dag.py
[2025-01-18T00:59:33.435+0000] {processor.py:839} INFO - DAG(s) dict_keys(['example_sla_dag']) retrieved from /home/airflow/.local/lib/python3.8/site-packages/airflow/example_dags/example_sla_dag.py
[2025-01-18T00:59:33.492+0000] {logging_mixin.py:151} INFO - [2025-01-18T00:59:33.492+0000] {dag.py:2907} INFO - Sync 1 DAGs
[2025-01-18T00:59:33.577+0000] {logging_mixin.py:151} INFO - [2025-01-18T00:59:33.577+0000] {dag.py:3677} INFO - Setting next_dagrun for example_sla_dag to 2025-01-18T00:56:00+00:00, run_after=2025-01-18T00:58:00+00:00
[2025-01-18T00:59:33.630+0000] {processor.py:179} INFO - Processing /home/airflow/.local/lib/python3.8/site-packages/airflow/example_dags/example_sla_dag.py took 0.240 seconds
[2025-01-18T01:00:04.344+0000] {processor.py:157} INFO - Started process (PID=930) to work on /home/airflow/.local/lib/python3.8/site-packages/airflow/example_dags/example_sla_dag.py
[2025-01-18T01:00:04.346+0000] {processor.py:829} INFO - Processing file /home/airflow/.local/lib/python3.8/site-packages/airflow/example_dags/example_sla_dag.py for tasks to queue
[2025-01-18T01:00:04.356+0000] {logging_mixin.py:151} INFO - [2025-01-18T01:00:04.356+0000] {dagbag.py:539} INFO - Filling up the DagBag from /home/airflow/.local/lib/python3.8/site-packages/airflow/example_dags/example_sla_dag.py
[2025-01-18T01:00:04.377+0000] {processor.py:839} INFO - DAG(s) dict_keys(['example_sla_dag']) retrieved from /home/airflow/.local/lib/python3.8/site-packages/airflow/example_dags/example_sla_dag.py
[2025-01-18T01:00:04.427+0000] {logging_mixin.py:151} INFO - [2025-01-18T01:00:04.427+0000] {dag.py:2907} INFO - Sync 1 DAGs
[2025-01-18T01:00:04.497+0000] {logging_mixin.py:151} INFO - [2025-01-18T01:00:04.497+0000] {dag.py:3677} INFO - Setting next_dagrun for example_sla_dag to 2025-01-18T00:58:00+00:00, run_after=2025-01-18T01:00:00+00:00
[2025-01-18T01:00:04.557+0000] {processor.py:179} INFO - Processing /home/airflow/.local/lib/python3.8/site-packages/airflow/example_dags/example_sla_dag.py took 0.220 seconds
[2025-01-18T01:00:35.013+0000] {processor.py:157} INFO - Started process (PID=1008) to work on /home/airflow/.local/lib/python3.8/site-packages/airflow/example_dags/example_sla_dag.py
[2025-01-18T01:00:35.015+0000] {processor.py:829} INFO - Processing file /home/airflow/.local/lib/python3.8/site-packages/airflow/example_dags/example_sla_dag.py for tasks to queue
[2025-01-18T01:00:35.018+0000] {logging_mixin.py:151} INFO - [2025-01-18T01:00:35.017+0000] {dagbag.py:539} INFO - Filling up the DagBag from /home/airflow/.local/lib/python3.8/site-packages/airflow/example_dags/example_sla_dag.py
[2025-01-18T01:00:35.030+0000] {processor.py:839} INFO - DAG(s) dict_keys(['example_sla_dag']) retrieved from /home/airflow/.local/lib/python3.8/site-packages/airflow/example_dags/example_sla_dag.py
[2025-01-18T01:00:35.056+0000] {logging_mixin.py:151} INFO - [2025-01-18T01:00:35.056+0000] {dag.py:2907} INFO - Sync 1 DAGs
[2025-01-18T01:00:35.093+0000] {logging_mixin.py:151} INFO - [2025-01-18T01:00:35.093+0000] {dag.py:3677} INFO - Setting next_dagrun for example_sla_dag to 2025-01-18T00:58:00+00:00, run_after=2025-01-18T01:00:00+00:00
[2025-01-18T01:00:35.116+0000] {processor.py:179} INFO - Processing /home/airflow/.local/lib/python3.8/site-packages/airflow/example_dags/example_sla_dag.py took 0.107 seconds
[2025-01-18T01:01:05.821+0000] {processor.py:157} INFO - Started process (PID=1094) to work on /home/airflow/.local/lib/python3.8/site-packages/airflow/example_dags/example_sla_dag.py
[2025-01-18T01:01:05.822+0000] {processor.py:829} INFO - Processing file /home/airflow/.local/lib/python3.8/site-packages/airflow/example_dags/example_sla_dag.py for tasks to queue
[2025-01-18T01:01:05.825+0000] {logging_mixin.py:151} INFO - [2025-01-18T01:01:05.824+0000] {dagbag.py:539} INFO - Filling up the DagBag from /home/airflow/.local/lib/python3.8/site-packages/airflow/example_dags/example_sla_dag.py
[2025-01-18T01:01:05.833+0000] {processor.py:839} INFO - DAG(s) dict_keys(['example_sla_dag']) retrieved from /home/airflow/.local/lib/python3.8/site-packages/airflow/example_dags/example_sla_dag.py
[2025-01-18T01:01:05.852+0000] {logging_mixin.py:151} INFO - [2025-01-18T01:01:05.852+0000] {dag.py:2907} INFO - Sync 1 DAGs
[2025-01-18T01:01:05.879+0000] {logging_mixin.py:151} INFO - [2025-01-18T01:01:05.879+0000] {dag.py:3677} INFO - Setting next_dagrun for example_sla_dag to 2025-01-18T00:58:00+00:00, run_after=2025-01-18T01:00:00+00:00
[2025-01-18T01:01:05.898+0000] {processor.py:179} INFO - Processing /home/airflow/.local/lib/python3.8/site-packages/airflow/example_dags/example_sla_dag.py took 0.079 seconds
[2025-01-18T01:01:36.803+0000] {processor.py:157} INFO - Started process (PID=1180) to work on /home/airflow/.local/lib/python3.8/site-packages/airflow/example_dags/example_sla_dag.py
[2025-01-18T01:01:36.805+0000] {processor.py:829} INFO - Processing file /home/airflow/.local/lib/python3.8/site-packages/airflow/example_dags/example_sla_dag.py for tasks to queue
[2025-01-18T01:01:36.808+0000] {logging_mixin.py:151} INFO - [2025-01-18T01:01:36.807+0000] {dagbag.py:539} INFO - Filling up the DagBag from /home/airflow/.local/lib/python3.8/site-packages/airflow/example_dags/example_sla_dag.py
[2025-01-18T01:01:36.820+0000] {processor.py:839} INFO - DAG(s) dict_keys(['example_sla_dag']) retrieved from /home/airflow/.local/lib/python3.8/site-packages/airflow/example_dags/example_sla_dag.py
[2025-01-18T01:01:36.843+0000] {logging_mixin.py:151} INFO - [2025-01-18T01:01:36.843+0000] {dag.py:2907} INFO - Sync 1 DAGs
[2025-01-18T01:01:36.880+0000] {logging_mixin.py:151} INFO - [2025-01-18T01:01:36.880+0000] {dag.py:3677} INFO - Setting next_dagrun for example_sla_dag to 2025-01-18T00:58:00+00:00, run_after=2025-01-18T01:00:00+00:00
[2025-01-18T01:01:36.902+0000] {processor.py:179} INFO - Processing /home/airflow/.local/lib/python3.8/site-packages/airflow/example_dags/example_sla_dag.py took 0.102 seconds
[2025-01-18T01:02:07.344+0000] {processor.py:157} INFO - Started process (PID=1267) to work on /home/airflow/.local/lib/python3.8/site-packages/airflow/example_dags/example_sla_dag.py
[2025-01-18T01:02:07.345+0000] {processor.py:829} INFO - Processing file /home/airflow/.local/lib/python3.8/site-packages/airflow/example_dags/example_sla_dag.py for tasks to queue
[2025-01-18T01:02:07.347+0000] {logging_mixin.py:151} INFO - [2025-01-18T01:02:07.347+0000] {dagbag.py:539} INFO - Filling up the DagBag from /home/airflow/.local/lib/python3.8/site-packages/airflow/example_dags/example_sla_dag.py
[2025-01-18T01:02:07.355+0000] {processor.py:839} INFO - DAG(s) dict_keys(['example_sla_dag']) retrieved from /home/airflow/.local/lib/python3.8/site-packages/airflow/example_dags/example_sla_dag.py
[2025-01-18T01:02:07.373+0000] {logging_mixin.py:151} INFO - [2025-01-18T01:02:07.373+0000] {dag.py:2907} INFO - Sync 1 DAGs
[2025-01-18T01:02:07.396+0000] {logging_mixin.py:151} INFO - [2025-01-18T01:02:07.396+0000] {dag.py:3677} INFO - Setting next_dagrun for example_sla_dag to 2025-01-18T01:00:00+00:00, run_after=2025-01-18T01:02:00+00:00
[2025-01-18T01:02:07.413+0000] {processor.py:179} INFO - Processing /home/airflow/.local/lib/python3.8/site-packages/airflow/example_dags/example_sla_dag.py took 0.072 seconds
[2025-01-18T13:40:30.266+0000] {processor.py:157} INFO - Started process (PID=113) to work on /home/airflow/.local/lib/python3.8/site-packages/airflow/example_dags/example_sla_dag.py
[2025-01-18T13:40:30.268+0000] {processor.py:829} INFO - Processing file /home/airflow/.local/lib/python3.8/site-packages/airflow/example_dags/example_sla_dag.py for tasks to queue
[2025-01-18T13:40:30.274+0000] {logging_mixin.py:151} INFO - [2025-01-18T13:40:30.273+0000] {dagbag.py:539} INFO - Filling up the DagBag from /home/airflow/.local/lib/python3.8/site-packages/airflow/example_dags/example_sla_dag.py
[2025-01-18T13:40:30.298+0000] {processor.py:839} INFO - DAG(s) dict_keys(['example_sla_dag']) retrieved from /home/airflow/.local/lib/python3.8/site-packages/airflow/example_dags/example_sla_dag.py
[2025-01-18T13:40:30.345+0000] {logging_mixin.py:151} INFO - [2025-01-18T13:40:30.345+0000] {dag.py:2907} INFO - Sync 1 DAGs
[2025-01-18T13:40:30.417+0000] {logging_mixin.py:151} INFO - [2025-01-18T13:40:30.416+0000] {dag.py:3677} INFO - Setting next_dagrun for example_sla_dag to 2025-01-18T13:38:00+00:00, run_after=2025-01-18T13:40:00+00:00
[2025-01-18T13:40:30.459+0000] {processor.py:179} INFO - Processing /home/airflow/.local/lib/python3.8/site-packages/airflow/example_dags/example_sla_dag.py took 0.200 seconds
[2025-01-18T13:41:00.521+0000] {processor.py:157} INFO - Started process (PID=188) to work on /home/airflow/.local/lib/python3.8/site-packages/airflow/example_dags/example_sla_dag.py
[2025-01-18T13:41:00.523+0000] {processor.py:829} INFO - Processing file /home/airflow/.local/lib/python3.8/site-packages/airflow/example_dags/example_sla_dag.py for tasks to queue
[2025-01-18T13:41:00.528+0000] {logging_mixin.py:151} INFO - [2025-01-18T13:41:00.528+0000] {dagbag.py:539} INFO - Filling up the DagBag from /home/airflow/.local/lib/python3.8/site-packages/airflow/example_dags/example_sla_dag.py
[2025-01-18T13:41:00.546+0000] {processor.py:839} INFO - DAG(s) dict_keys(['example_sla_dag']) retrieved from /home/airflow/.local/lib/python3.8/site-packages/airflow/example_dags/example_sla_dag.py
[2025-01-18T13:41:00.589+0000] {logging_mixin.py:151} INFO - [2025-01-18T13:41:00.588+0000] {dag.py:2907} INFO - Sync 1 DAGs
[2025-01-18T13:41:00.646+0000] {logging_mixin.py:151} INFO - [2025-01-18T13:41:00.645+0000] {dag.py:3677} INFO - Setting next_dagrun for example_sla_dag to 2025-01-18T13:38:00+00:00, run_after=2025-01-18T13:40:00+00:00
[2025-01-18T13:41:00.677+0000] {processor.py:179} INFO - Processing /home/airflow/.local/lib/python3.8/site-packages/airflow/example_dags/example_sla_dag.py took 0.162 seconds
[2025-01-18T13:41:31.031+0000] {processor.py:157} INFO - Started process (PID=267) to work on /home/airflow/.local/lib/python3.8/site-packages/airflow/example_dags/example_sla_dag.py
[2025-01-18T13:41:31.035+0000] {processor.py:829} INFO - Processing file /home/airflow/.local/lib/python3.8/site-packages/airflow/example_dags/example_sla_dag.py for tasks to queue
[2025-01-18T13:41:31.039+0000] {logging_mixin.py:151} INFO - [2025-01-18T13:41:31.038+0000] {dagbag.py:539} INFO - Filling up the DagBag from /home/airflow/.local/lib/python3.8/site-packages/airflow/example_dags/example_sla_dag.py
[2025-01-18T13:41:31.058+0000] {processor.py:839} INFO - DAG(s) dict_keys(['example_sla_dag']) retrieved from /home/airflow/.local/lib/python3.8/site-packages/airflow/example_dags/example_sla_dag.py
[2025-01-18T13:41:31.091+0000] {logging_mixin.py:151} INFO - [2025-01-18T13:41:31.090+0000] {dag.py:2907} INFO - Sync 1 DAGs
[2025-01-18T13:41:31.136+0000] {logging_mixin.py:151} INFO - [2025-01-18T13:41:31.136+0000] {dag.py:3677} INFO - Setting next_dagrun for example_sla_dag to 2025-01-18T13:38:00+00:00, run_after=2025-01-18T13:40:00+00:00
[2025-01-18T13:41:31.171+0000] {processor.py:179} INFO - Processing /home/airflow/.local/lib/python3.8/site-packages/airflow/example_dags/example_sla_dag.py took 0.154 seconds
[2025-01-18T13:42:01.905+0000] {processor.py:157} INFO - Started process (PID=353) to work on /home/airflow/.local/lib/python3.8/site-packages/airflow/example_dags/example_sla_dag.py
[2025-01-18T13:42:01.914+0000] {processor.py:829} INFO - Processing file /home/airflow/.local/lib/python3.8/site-packages/airflow/example_dags/example_sla_dag.py for tasks to queue
[2025-01-18T13:42:01.919+0000] {logging_mixin.py:151} INFO - [2025-01-18T13:42:01.918+0000] {dagbag.py:539} INFO - Filling up the DagBag from /home/airflow/.local/lib/python3.8/site-packages/airflow/example_dags/example_sla_dag.py
[2025-01-18T13:42:01.940+0000] {processor.py:839} INFO - DAG(s) dict_keys(['example_sla_dag']) retrieved from /home/airflow/.local/lib/python3.8/site-packages/airflow/example_dags/example_sla_dag.py
[2025-01-18T13:42:02.020+0000] {logging_mixin.py:151} INFO - [2025-01-18T13:42:02.019+0000] {dag.py:2907} INFO - Sync 1 DAGs
[2025-01-18T13:42:02.107+0000] {logging_mixin.py:151} INFO - [2025-01-18T13:42:02.107+0000] {dag.py:3677} INFO - Setting next_dagrun for example_sla_dag to 2025-01-18T13:40:00+00:00, run_after=2025-01-18T13:42:00+00:00
[2025-01-18T13:42:02.157+0000] {processor.py:179} INFO - Processing /home/airflow/.local/lib/python3.8/site-packages/airflow/example_dags/example_sla_dag.py took 0.260 seconds
[2025-01-18T13:42:32.430+0000] {processor.py:157} INFO - Started process (PID=428) to work on /home/airflow/.local/lib/python3.8/site-packages/airflow/example_dags/example_sla_dag.py
[2025-01-18T13:42:32.435+0000] {processor.py:829} INFO - Processing file /home/airflow/.local/lib/python3.8/site-packages/airflow/example_dags/example_sla_dag.py for tasks to queue
[2025-01-18T13:42:32.440+0000] {logging_mixin.py:151} INFO - [2025-01-18T13:42:32.439+0000] {dagbag.py:539} INFO - Filling up the DagBag from /home/airflow/.local/lib/python3.8/site-packages/airflow/example_dags/example_sla_dag.py
[2025-01-18T13:42:32.463+0000] {processor.py:839} INFO - DAG(s) dict_keys(['example_sla_dag']) retrieved from /home/airflow/.local/lib/python3.8/site-packages/airflow/example_dags/example_sla_dag.py
[2025-01-18T13:42:32.511+0000] {logging_mixin.py:151} INFO - [2025-01-18T13:42:32.511+0000] {dag.py:2907} INFO - Sync 1 DAGs
[2025-01-18T13:42:32.584+0000] {logging_mixin.py:151} INFO - [2025-01-18T13:42:32.583+0000] {dag.py:3677} INFO - Setting next_dagrun for example_sla_dag to 2025-01-18T13:40:00+00:00, run_after=2025-01-18T13:42:00+00:00
[2025-01-18T13:42:32.621+0000] {processor.py:179} INFO - Processing /home/airflow/.local/lib/python3.8/site-packages/airflow/example_dags/example_sla_dag.py took 0.198 seconds
[2025-01-18T13:43:05.507+0000] {processor.py:157} INFO - Started process (PID=506) to work on /home/airflow/.local/lib/python3.8/site-packages/airflow/example_dags/example_sla_dag.py
[2025-01-18T13:43:05.533+0000] {processor.py:829} INFO - Processing file /home/airflow/.local/lib/python3.8/site-packages/airflow/example_dags/example_sla_dag.py for tasks to queue
[2025-01-18T13:43:05.536+0000] {logging_mixin.py:151} INFO - [2025-01-18T13:43:05.536+0000] {dagbag.py:539} INFO - Filling up the DagBag from /home/airflow/.local/lib/python3.8/site-packages/airflow/example_dags/example_sla_dag.py
[2025-01-18T13:43:05.585+0000] {processor.py:839} INFO - DAG(s) dict_keys(['example_sla_dag']) retrieved from /home/airflow/.local/lib/python3.8/site-packages/airflow/example_dags/example_sla_dag.py
[2025-01-18T13:43:05.689+0000] {logging_mixin.py:151} INFO - [2025-01-18T13:43:05.689+0000] {dag.py:2907} INFO - Sync 1 DAGs
[2025-01-18T13:43:05.827+0000] {logging_mixin.py:151} INFO - [2025-01-18T13:43:05.827+0000] {dag.py:3677} INFO - Setting next_dagrun for example_sla_dag to 2025-01-18T13:40:00+00:00, run_after=2025-01-18T13:42:00+00:00
[2025-01-18T13:43:05.909+0000] {processor.py:179} INFO - Processing /home/airflow/.local/lib/python3.8/site-packages/airflow/example_dags/example_sla_dag.py took 0.407 seconds
[2025-01-18T13:43:36.345+0000] {processor.py:157} INFO - Started process (PID=592) to work on /home/airflow/.local/lib/python3.8/site-packages/airflow/example_dags/example_sla_dag.py
[2025-01-18T13:43:36.348+0000] {processor.py:829} INFO - Processing file /home/airflow/.local/lib/python3.8/site-packages/airflow/example_dags/example_sla_dag.py for tasks to queue
[2025-01-18T13:43:36.352+0000] {logging_mixin.py:151} INFO - [2025-01-18T13:43:36.352+0000] {dagbag.py:539} INFO - Filling up the DagBag from /home/airflow/.local/lib/python3.8/site-packages/airflow/example_dags/example_sla_dag.py
[2025-01-18T13:43:36.375+0000] {processor.py:839} INFO - DAG(s) dict_keys(['example_sla_dag']) retrieved from /home/airflow/.local/lib/python3.8/site-packages/airflow/example_dags/example_sla_dag.py
[2025-01-18T13:43:36.430+0000] {logging_mixin.py:151} INFO - [2025-01-18T13:43:36.429+0000] {dag.py:2907} INFO - Sync 1 DAGs
[2025-01-18T13:43:36.509+0000] {logging_mixin.py:151} INFO - [2025-01-18T13:43:36.509+0000] {dag.py:3677} INFO - Setting next_dagrun for example_sla_dag to 2025-01-18T13:40:00+00:00, run_after=2025-01-18T13:42:00+00:00
[2025-01-18T13:43:36.560+0000] {processor.py:179} INFO - Processing /home/airflow/.local/lib/python3.8/site-packages/airflow/example_dags/example_sla_dag.py took 0.224 seconds
[2025-01-18T13:44:06.795+0000] {processor.py:157} INFO - Started process (PID=659) to work on /home/airflow/.local/lib/python3.8/site-packages/airflow/example_dags/example_sla_dag.py
[2025-01-18T13:44:06.796+0000] {processor.py:829} INFO - Processing file /home/airflow/.local/lib/python3.8/site-packages/airflow/example_dags/example_sla_dag.py for tasks to queue
[2025-01-18T13:44:06.799+0000] {logging_mixin.py:151} INFO - [2025-01-18T13:44:06.798+0000] {dagbag.py:539} INFO - Filling up the DagBag from /home/airflow/.local/lib/python3.8/site-packages/airflow/example_dags/example_sla_dag.py
[2025-01-18T13:44:06.811+0000] {processor.py:839} INFO - DAG(s) dict_keys(['example_sla_dag']) retrieved from /home/airflow/.local/lib/python3.8/site-packages/airflow/example_dags/example_sla_dag.py
[2025-01-18T13:44:06.840+0000] {logging_mixin.py:151} INFO - [2025-01-18T13:44:06.840+0000] {dag.py:2907} INFO - Sync 1 DAGs
[2025-01-18T13:44:06.889+0000] {logging_mixin.py:151} INFO - [2025-01-18T13:44:06.889+0000] {dag.py:3677} INFO - Setting next_dagrun for example_sla_dag to 2025-01-18T13:42:00+00:00, run_after=2025-01-18T13:44:00+00:00
[2025-01-18T13:44:06.921+0000] {processor.py:179} INFO - Processing /home/airflow/.local/lib/python3.8/site-packages/airflow/example_dags/example_sla_dag.py took 0.130 seconds
[2025-01-18T13:44:37.812+0000] {processor.py:157} INFO - Started process (PID=745) to work on /home/airflow/.local/lib/python3.8/site-packages/airflow/example_dags/example_sla_dag.py
[2025-01-18T13:44:37.814+0000] {processor.py:829} INFO - Processing file /home/airflow/.local/lib/python3.8/site-packages/airflow/example_dags/example_sla_dag.py for tasks to queue
[2025-01-18T13:44:37.817+0000] {logging_mixin.py:151} INFO - [2025-01-18T13:44:37.817+0000] {dagbag.py:539} INFO - Filling up the DagBag from /home/airflow/.local/lib/python3.8/site-packages/airflow/example_dags/example_sla_dag.py
[2025-01-18T13:44:37.834+0000] {processor.py:839} INFO - DAG(s) dict_keys(['example_sla_dag']) retrieved from /home/airflow/.local/lib/python3.8/site-packages/airflow/example_dags/example_sla_dag.py
[2025-01-18T13:44:37.868+0000] {logging_mixin.py:151} INFO - [2025-01-18T13:44:37.867+0000] {dag.py:2907} INFO - Sync 1 DAGs
[2025-01-18T13:44:37.916+0000] {logging_mixin.py:151} INFO - [2025-01-18T13:44:37.916+0000] {dag.py:3677} INFO - Setting next_dagrun for example_sla_dag to 2025-01-18T13:42:00+00:00, run_after=2025-01-18T13:44:00+00:00
[2025-01-18T13:44:37.946+0000] {processor.py:179} INFO - Processing /home/airflow/.local/lib/python3.8/site-packages/airflow/example_dags/example_sla_dag.py took 0.139 seconds
[2025-01-18T13:45:08.249+0000] {processor.py:157} INFO - Started process (PID=831) to work on /home/airflow/.local/lib/python3.8/site-packages/airflow/example_dags/example_sla_dag.py
[2025-01-18T13:45:08.253+0000] {processor.py:829} INFO - Processing file /home/airflow/.local/lib/python3.8/site-packages/airflow/example_dags/example_sla_dag.py for tasks to queue
[2025-01-18T13:45:08.258+0000] {logging_mixin.py:151} INFO - [2025-01-18T13:45:08.258+0000] {dagbag.py:539} INFO - Filling up the DagBag from /home/airflow/.local/lib/python3.8/site-packages/airflow/example_dags/example_sla_dag.py
[2025-01-18T13:45:08.281+0000] {processor.py:839} INFO - DAG(s) dict_keys(['example_sla_dag']) retrieved from /home/airflow/.local/lib/python3.8/site-packages/airflow/example_dags/example_sla_dag.py
[2025-01-18T13:45:08.354+0000] {logging_mixin.py:151} INFO - [2025-01-18T13:45:08.352+0000] {dag.py:2907} INFO - Sync 1 DAGs
[2025-01-18T13:45:08.448+0000] {logging_mixin.py:151} INFO - [2025-01-18T13:45:08.447+0000] {dag.py:3677} INFO - Setting next_dagrun for example_sla_dag to 2025-01-18T13:42:00+00:00, run_after=2025-01-18T13:44:00+00:00
[2025-01-18T13:45:08.505+0000] {processor.py:179} INFO - Processing /home/airflow/.local/lib/python3.8/site-packages/airflow/example_dags/example_sla_dag.py took 0.263 seconds
[2025-01-18T13:45:38.579+0000] {processor.py:157} INFO - Started process (PID=917) to work on /home/airflow/.local/lib/python3.8/site-packages/airflow/example_dags/example_sla_dag.py
[2025-01-18T13:45:38.580+0000] {processor.py:829} INFO - Processing file /home/airflow/.local/lib/python3.8/site-packages/airflow/example_dags/example_sla_dag.py for tasks to queue
[2025-01-18T13:45:38.584+0000] {logging_mixin.py:151} INFO - [2025-01-18T13:45:38.584+0000] {dagbag.py:539} INFO - Filling up the DagBag from /home/airflow/.local/lib/python3.8/site-packages/airflow/example_dags/example_sla_dag.py
[2025-01-18T13:45:38.596+0000] {processor.py:839} INFO - DAG(s) dict_keys(['example_sla_dag']) retrieved from /home/airflow/.local/lib/python3.8/site-packages/airflow/example_dags/example_sla_dag.py
[2025-01-18T13:45:38.624+0000] {logging_mixin.py:151} INFO - [2025-01-18T13:45:38.624+0000] {dag.py:2907} INFO - Sync 1 DAGs
[2025-01-18T13:45:38.660+0000] {logging_mixin.py:151} INFO - [2025-01-18T13:45:38.660+0000] {dag.py:3677} INFO - Setting next_dagrun for example_sla_dag to 2025-01-18T13:42:00+00:00, run_after=2025-01-18T13:44:00+00:00
[2025-01-18T13:45:38.681+0000] {processor.py:179} INFO - Processing /home/airflow/.local/lib/python3.8/site-packages/airflow/example_dags/example_sla_dag.py took 0.107 seconds
[2025-01-18T13:46:09.128+0000] {processor.py:157} INFO - Started process (PID=1004) to work on /home/airflow/.local/lib/python3.8/site-packages/airflow/example_dags/example_sla_dag.py
[2025-01-18T13:46:09.129+0000] {processor.py:829} INFO - Processing file /home/airflow/.local/lib/python3.8/site-packages/airflow/example_dags/example_sla_dag.py for tasks to queue
[2025-01-18T13:46:09.132+0000] {logging_mixin.py:151} INFO - [2025-01-18T13:46:09.131+0000] {dagbag.py:539} INFO - Filling up the DagBag from /home/airflow/.local/lib/python3.8/site-packages/airflow/example_dags/example_sla_dag.py
[2025-01-18T13:46:09.143+0000] {processor.py:839} INFO - DAG(s) dict_keys(['example_sla_dag']) retrieved from /home/airflow/.local/lib/python3.8/site-packages/airflow/example_dags/example_sla_dag.py
[2025-01-18T13:46:09.166+0000] {logging_mixin.py:151} INFO - [2025-01-18T13:46:09.166+0000] {dag.py:2907} INFO - Sync 1 DAGs
[2025-01-18T13:46:09.198+0000] {logging_mixin.py:151} INFO - [2025-01-18T13:46:09.198+0000] {dag.py:3677} INFO - Setting next_dagrun for example_sla_dag to 2025-01-18T13:44:00+00:00, run_after=2025-01-18T13:46:00+00:00
[2025-01-18T13:46:09.218+0000] {processor.py:179} INFO - Processing /home/airflow/.local/lib/python3.8/site-packages/airflow/example_dags/example_sla_dag.py took 0.093 seconds
[2025-01-18T13:46:39.334+0000] {processor.py:157} INFO - Started process (PID=1090) to work on /home/airflow/.local/lib/python3.8/site-packages/airflow/example_dags/example_sla_dag.py
[2025-01-18T13:46:39.335+0000] {processor.py:829} INFO - Processing file /home/airflow/.local/lib/python3.8/site-packages/airflow/example_dags/example_sla_dag.py for tasks to queue
[2025-01-18T13:46:39.338+0000] {logging_mixin.py:151} INFO - [2025-01-18T13:46:39.337+0000] {dagbag.py:539} INFO - Filling up the DagBag from /home/airflow/.local/lib/python3.8/site-packages/airflow/example_dags/example_sla_dag.py
[2025-01-18T13:46:39.348+0000] {processor.py:839} INFO - DAG(s) dict_keys(['example_sla_dag']) retrieved from /home/airflow/.local/lib/python3.8/site-packages/airflow/example_dags/example_sla_dag.py
[2025-01-18T13:46:39.374+0000] {logging_mixin.py:151} INFO - [2025-01-18T13:46:39.373+0000] {dag.py:2907} INFO - Sync 1 DAGs
[2025-01-18T13:46:39.410+0000] {logging_mixin.py:151} INFO - [2025-01-18T13:46:39.410+0000] {dag.py:3677} INFO - Setting next_dagrun for example_sla_dag to 2025-01-18T13:44:00+00:00, run_after=2025-01-18T13:46:00+00:00
[2025-01-18T13:46:39.435+0000] {processor.py:179} INFO - Processing /home/airflow/.local/lib/python3.8/site-packages/airflow/example_dags/example_sla_dag.py took 0.105 seconds
[2025-01-18T13:47:10.244+0000] {processor.py:157} INFO - Started process (PID=1176) to work on /home/airflow/.local/lib/python3.8/site-packages/airflow/example_dags/example_sla_dag.py
[2025-01-18T13:47:10.246+0000] {processor.py:829} INFO - Processing file /home/airflow/.local/lib/python3.8/site-packages/airflow/example_dags/example_sla_dag.py for tasks to queue
[2025-01-18T13:47:10.251+0000] {logging_mixin.py:151} INFO - [2025-01-18T13:47:10.250+0000] {dagbag.py:539} INFO - Filling up the DagBag from /home/airflow/.local/lib/python3.8/site-packages/airflow/example_dags/example_sla_dag.py
[2025-01-18T13:47:10.270+0000] {processor.py:839} INFO - DAG(s) dict_keys(['example_sla_dag']) retrieved from /home/airflow/.local/lib/python3.8/site-packages/airflow/example_dags/example_sla_dag.py
[2025-01-18T13:47:10.307+0000] {logging_mixin.py:151} INFO - [2025-01-18T13:47:10.307+0000] {dag.py:2907} INFO - Sync 1 DAGs
[2025-01-18T13:47:10.351+0000] {logging_mixin.py:151} INFO - [2025-01-18T13:47:10.351+0000] {dag.py:3677} INFO - Setting next_dagrun for example_sla_dag to 2025-01-18T13:44:00+00:00, run_after=2025-01-18T13:46:00+00:00
[2025-01-18T13:47:10.377+0000] {processor.py:179} INFO - Processing /home/airflow/.local/lib/python3.8/site-packages/airflow/example_dags/example_sla_dag.py took 0.142 seconds
[2025-01-18T13:47:40.560+0000] {processor.py:157} INFO - Started process (PID=1262) to work on /home/airflow/.local/lib/python3.8/site-packages/airflow/example_dags/example_sla_dag.py
[2025-01-18T13:47:40.562+0000] {processor.py:829} INFO - Processing file /home/airflow/.local/lib/python3.8/site-packages/airflow/example_dags/example_sla_dag.py for tasks to queue
[2025-01-18T13:47:40.567+0000] {logging_mixin.py:151} INFO - [2025-01-18T13:47:40.566+0000] {dagbag.py:539} INFO - Filling up the DagBag from /home/airflow/.local/lib/python3.8/site-packages/airflow/example_dags/example_sla_dag.py
[2025-01-18T13:47:40.589+0000] {processor.py:839} INFO - DAG(s) dict_keys(['example_sla_dag']) retrieved from /home/airflow/.local/lib/python3.8/site-packages/airflow/example_dags/example_sla_dag.py
[2025-01-18T13:47:40.630+0000] {logging_mixin.py:151} INFO - [2025-01-18T13:47:40.629+0000] {dag.py:2907} INFO - Sync 1 DAGs
[2025-01-18T13:47:40.683+0000] {logging_mixin.py:151} INFO - [2025-01-18T13:47:40.682+0000] {dag.py:3677} INFO - Setting next_dagrun for example_sla_dag to 2025-01-18T13:44:00+00:00, run_after=2025-01-18T13:46:00+00:00
[2025-01-18T13:47:40.717+0000] {processor.py:179} INFO - Processing /home/airflow/.local/lib/python3.8/site-packages/airflow/example_dags/example_sla_dag.py took 0.162 seconds
[2025-01-18T13:48:13.214+0000] {processor.py:157} INFO - Started process (PID=1337) to work on /home/airflow/.local/lib/python3.8/site-packages/airflow/example_dags/example_sla_dag.py
[2025-01-18T13:48:13.216+0000] {processor.py:829} INFO - Processing file /home/airflow/.local/lib/python3.8/site-packages/airflow/example_dags/example_sla_dag.py for tasks to queue
[2025-01-18T13:48:13.221+0000] {logging_mixin.py:151} INFO - [2025-01-18T13:48:13.220+0000] {dagbag.py:539} INFO - Filling up the DagBag from /home/airflow/.local/lib/python3.8/site-packages/airflow/example_dags/example_sla_dag.py
[2025-01-18T13:48:13.241+0000] {processor.py:839} INFO - DAG(s) dict_keys(['example_sla_dag']) retrieved from /home/airflow/.local/lib/python3.8/site-packages/airflow/example_dags/example_sla_dag.py
[2025-01-18T13:48:13.285+0000] {logging_mixin.py:151} INFO - [2025-01-18T13:48:13.285+0000] {dag.py:2907} INFO - Sync 1 DAGs
[2025-01-18T13:48:13.379+0000] {logging_mixin.py:151} INFO - [2025-01-18T13:48:13.379+0000] {dag.py:3677} INFO - Setting next_dagrun for example_sla_dag to 2025-01-18T13:46:00+00:00, run_after=2025-01-18T13:48:00+00:00
[2025-01-18T13:48:13.450+0000] {processor.py:179} INFO - Processing /home/airflow/.local/lib/python3.8/site-packages/airflow/example_dags/example_sla_dag.py took 0.244 seconds
[2025-01-18T13:48:43.896+0000] {processor.py:157} INFO - Started process (PID=1423) to work on /home/airflow/.local/lib/python3.8/site-packages/airflow/example_dags/example_sla_dag.py
[2025-01-18T13:48:43.897+0000] {processor.py:829} INFO - Processing file /home/airflow/.local/lib/python3.8/site-packages/airflow/example_dags/example_sla_dag.py for tasks to queue
[2025-01-18T13:48:43.903+0000] {logging_mixin.py:151} INFO - [2025-01-18T13:48:43.902+0000] {dagbag.py:539} INFO - Filling up the DagBag from /home/airflow/.local/lib/python3.8/site-packages/airflow/example_dags/example_sla_dag.py
[2025-01-18T13:48:43.930+0000] {processor.py:839} INFO - DAG(s) dict_keys(['example_sla_dag']) retrieved from /home/airflow/.local/lib/python3.8/site-packages/airflow/example_dags/example_sla_dag.py
[2025-01-18T13:48:43.977+0000] {logging_mixin.py:151} INFO - [2025-01-18T13:48:43.977+0000] {dag.py:2907} INFO - Sync 1 DAGs
[2025-01-18T13:48:44.047+0000] {logging_mixin.py:151} INFO - [2025-01-18T13:48:44.047+0000] {dag.py:3677} INFO - Setting next_dagrun for example_sla_dag to 2025-01-18T13:46:00+00:00, run_after=2025-01-18T13:48:00+00:00
[2025-01-18T13:48:44.086+0000] {processor.py:179} INFO - Processing /home/airflow/.local/lib/python3.8/site-packages/airflow/example_dags/example_sla_dag.py took 0.197 seconds
[2025-01-18T13:49:14.466+0000] {processor.py:157} INFO - Started process (PID=1502) to work on /home/airflow/.local/lib/python3.8/site-packages/airflow/example_dags/example_sla_dag.py
[2025-01-18T13:49:14.467+0000] {processor.py:829} INFO - Processing file /home/airflow/.local/lib/python3.8/site-packages/airflow/example_dags/example_sla_dag.py for tasks to queue
[2025-01-18T13:49:14.471+0000] {logging_mixin.py:151} INFO - [2025-01-18T13:49:14.471+0000] {dagbag.py:539} INFO - Filling up the DagBag from /home/airflow/.local/lib/python3.8/site-packages/airflow/example_dags/example_sla_dag.py
[2025-01-18T13:49:14.488+0000] {processor.py:839} INFO - DAG(s) dict_keys(['example_sla_dag']) retrieved from /home/airflow/.local/lib/python3.8/site-packages/airflow/example_dags/example_sla_dag.py
[2025-01-18T13:49:14.524+0000] {logging_mixin.py:151} INFO - [2025-01-18T13:49:14.523+0000] {dag.py:2907} INFO - Sync 1 DAGs
[2025-01-18T13:49:14.581+0000] {logging_mixin.py:151} INFO - [2025-01-18T13:49:14.581+0000] {dag.py:3677} INFO - Setting next_dagrun for example_sla_dag to 2025-01-18T13:46:00+00:00, run_after=2025-01-18T13:48:00+00:00
[2025-01-18T13:49:14.615+0000] {processor.py:179} INFO - Processing /home/airflow/.local/lib/python3.8/site-packages/airflow/example_dags/example_sla_dag.py took 0.154 seconds
[2025-01-18T13:49:45.429+0000] {processor.py:157} INFO - Started process (PID=1588) to work on /home/airflow/.local/lib/python3.8/site-packages/airflow/example_dags/example_sla_dag.py
[2025-01-18T13:49:45.430+0000] {processor.py:829} INFO - Processing file /home/airflow/.local/lib/python3.8/site-packages/airflow/example_dags/example_sla_dag.py for tasks to queue
[2025-01-18T13:49:45.433+0000] {logging_mixin.py:151} INFO - [2025-01-18T13:49:45.433+0000] {dagbag.py:539} INFO - Filling up the DagBag from /home/airflow/.local/lib/python3.8/site-packages/airflow/example_dags/example_sla_dag.py
[2025-01-18T13:49:45.445+0000] {processor.py:839} INFO - DAG(s) dict_keys(['example_sla_dag']) retrieved from /home/airflow/.local/lib/python3.8/site-packages/airflow/example_dags/example_sla_dag.py
[2025-01-18T13:49:45.473+0000] {logging_mixin.py:151} INFO - [2025-01-18T13:49:45.473+0000] {dag.py:2907} INFO - Sync 1 DAGs
[2025-01-18T13:49:45.517+0000] {logging_mixin.py:151} INFO - [2025-01-18T13:49:45.517+0000] {dag.py:3677} INFO - Setting next_dagrun for example_sla_dag to 2025-01-18T13:46:00+00:00, run_after=2025-01-18T13:48:00+00:00
[2025-01-18T13:49:45.541+0000] {processor.py:179} INFO - Processing /home/airflow/.local/lib/python3.8/site-packages/airflow/example_dags/example_sla_dag.py took 0.118 seconds
[2025-01-18T13:50:16.086+0000] {processor.py:157} INFO - Started process (PID=1677) to work on /home/airflow/.local/lib/python3.8/site-packages/airflow/example_dags/example_sla_dag.py
[2025-01-18T13:50:16.087+0000] {processor.py:829} INFO - Processing file /home/airflow/.local/lib/python3.8/site-packages/airflow/example_dags/example_sla_dag.py for tasks to queue
[2025-01-18T13:50:16.092+0000] {logging_mixin.py:151} INFO - [2025-01-18T13:50:16.091+0000] {dagbag.py:539} INFO - Filling up the DagBag from /home/airflow/.local/lib/python3.8/site-packages/airflow/example_dags/example_sla_dag.py
[2025-01-18T13:50:16.110+0000] {processor.py:839} INFO - DAG(s) dict_keys(['example_sla_dag']) retrieved from /home/airflow/.local/lib/python3.8/site-packages/airflow/example_dags/example_sla_dag.py
[2025-01-18T13:50:16.144+0000] {logging_mixin.py:151} INFO - [2025-01-18T13:50:16.144+0000] {dag.py:2907} INFO - Sync 1 DAGs
[2025-01-18T13:50:16.202+0000] {logging_mixin.py:151} INFO - [2025-01-18T13:50:16.201+0000] {dag.py:3677} INFO - Setting next_dagrun for example_sla_dag to 2025-01-18T13:48:00+00:00, run_after=2025-01-18T13:50:00+00:00
[2025-01-18T13:50:16.225+0000] {processor.py:179} INFO - Processing /home/airflow/.local/lib/python3.8/site-packages/airflow/example_dags/example_sla_dag.py took 0.144 seconds
[2025-01-18T13:50:46.265+0000] {processor.py:157} INFO - Started process (PID=1787) to work on /home/airflow/.local/lib/python3.8/site-packages/airflow/example_dags/example_sla_dag.py
[2025-01-18T13:50:46.267+0000] {processor.py:829} INFO - Processing file /home/airflow/.local/lib/python3.8/site-packages/airflow/example_dags/example_sla_dag.py for tasks to queue
[2025-01-18T13:50:46.270+0000] {logging_mixin.py:151} INFO - [2025-01-18T13:50:46.269+0000] {dagbag.py:539} INFO - Filling up the DagBag from /home/airflow/.local/lib/python3.8/site-packages/airflow/example_dags/example_sla_dag.py
[2025-01-18T13:50:46.284+0000] {processor.py:839} INFO - DAG(s) dict_keys(['example_sla_dag']) retrieved from /home/airflow/.local/lib/python3.8/site-packages/airflow/example_dags/example_sla_dag.py
[2025-01-18T13:50:46.309+0000] {logging_mixin.py:151} INFO - [2025-01-18T13:50:46.309+0000] {dag.py:2907} INFO - Sync 1 DAGs
[2025-01-18T13:50:46.344+0000] {logging_mixin.py:151} INFO - [2025-01-18T13:50:46.344+0000] {dag.py:3677} INFO - Setting next_dagrun for example_sla_dag to 2025-01-18T13:48:00+00:00, run_after=2025-01-18T13:50:00+00:00
[2025-01-18T13:50:46.366+0000] {processor.py:179} INFO - Processing /home/airflow/.local/lib/python3.8/site-packages/airflow/example_dags/example_sla_dag.py took 0.106 seconds
[2025-01-18T13:51:16.999+0000] {processor.py:157} INFO - Started process (PID=1881) to work on /home/airflow/.local/lib/python3.8/site-packages/airflow/example_dags/example_sla_dag.py
[2025-01-18T13:51:17.000+0000] {processor.py:829} INFO - Processing file /home/airflow/.local/lib/python3.8/site-packages/airflow/example_dags/example_sla_dag.py for tasks to queue
[2025-01-18T13:51:17.002+0000] {logging_mixin.py:151} INFO - [2025-01-18T13:51:17.002+0000] {dagbag.py:539} INFO - Filling up the DagBag from /home/airflow/.local/lib/python3.8/site-packages/airflow/example_dags/example_sla_dag.py
[2025-01-18T13:51:17.012+0000] {processor.py:839} INFO - DAG(s) dict_keys(['example_sla_dag']) retrieved from /home/airflow/.local/lib/python3.8/site-packages/airflow/example_dags/example_sla_dag.py
[2025-01-18T13:51:17.034+0000] {logging_mixin.py:151} INFO - [2025-01-18T13:51:17.033+0000] {dag.py:2907} INFO - Sync 1 DAGs
[2025-01-18T13:51:17.060+0000] {logging_mixin.py:151} INFO - [2025-01-18T13:51:17.060+0000] {dag.py:3677} INFO - Setting next_dagrun for example_sla_dag to 2025-01-18T13:48:00+00:00, run_after=2025-01-18T13:50:00+00:00
[2025-01-18T13:51:17.080+0000] {processor.py:179} INFO - Processing /home/airflow/.local/lib/python3.8/site-packages/airflow/example_dags/example_sla_dag.py took 0.085 seconds
[2025-01-18T15:08:40.749+0000] {processor.py:157} INFO - Started process (PID=16129) to work on /home/airflow/.local/lib/python3.8/site-packages/airflow/example_dags/example_sla_dag.py
[2025-01-18T15:08:40.750+0000] {processor.py:829} INFO - Processing file /home/airflow/.local/lib/python3.8/site-packages/airflow/example_dags/example_sla_dag.py for tasks to queue
[2025-01-18T15:08:40.753+0000] {logging_mixin.py:151} INFO - [2025-01-18T15:08:40.753+0000] {dagbag.py:539} INFO - Filling up the DagBag from /home/airflow/.local/lib/python3.8/site-packages/airflow/example_dags/example_sla_dag.py
[2025-01-18T15:08:40.761+0000] {processor.py:839} INFO - DAG(s) dict_keys(['example_sla_dag']) retrieved from /home/airflow/.local/lib/python3.8/site-packages/airflow/example_dags/example_sla_dag.py
[2025-01-18T15:08:40.779+0000] {logging_mixin.py:151} INFO - [2025-01-18T15:08:40.779+0000] {dag.py:2907} INFO - Sync 1 DAGs
[2025-01-18T15:08:40.804+0000] {logging_mixin.py:151} INFO - [2025-01-18T15:08:40.804+0000] {dag.py:3677} INFO - Setting next_dagrun for example_sla_dag to 2025-01-18T15:06:00+00:00, run_after=2025-01-18T15:08:00+00:00
[2025-01-18T15:08:40.822+0000] {processor.py:179} INFO - Processing /home/airflow/.local/lib/python3.8/site-packages/airflow/example_dags/example_sla_dag.py took 0.076 seconds
[2025-01-18T15:09:11.585+0000] {processor.py:157} INFO - Started process (PID=16249) to work on /home/airflow/.local/lib/python3.8/site-packages/airflow/example_dags/example_sla_dag.py
[2025-01-18T15:09:11.586+0000] {processor.py:829} INFO - Processing file /home/airflow/.local/lib/python3.8/site-packages/airflow/example_dags/example_sla_dag.py for tasks to queue
[2025-01-18T15:09:11.591+0000] {logging_mixin.py:151} INFO - [2025-01-18T15:09:11.590+0000] {dagbag.py:539} INFO - Filling up the DagBag from /home/airflow/.local/lib/python3.8/site-packages/airflow/example_dags/example_sla_dag.py
[2025-01-18T15:09:11.602+0000] {processor.py:839} INFO - DAG(s) dict_keys(['example_sla_dag']) retrieved from /home/airflow/.local/lib/python3.8/site-packages/airflow/example_dags/example_sla_dag.py
[2025-01-18T15:09:11.629+0000] {logging_mixin.py:151} INFO - [2025-01-18T15:09:11.628+0000] {dag.py:2907} INFO - Sync 1 DAGs
[2025-01-18T15:09:11.676+0000] {logging_mixin.py:151} INFO - [2025-01-18T15:09:11.676+0000] {dag.py:3677} INFO - Setting next_dagrun for example_sla_dag to 2025-01-18T15:06:00+00:00, run_after=2025-01-18T15:08:00+00:00
[2025-01-18T15:09:11.705+0000] {processor.py:179} INFO - Processing /home/airflow/.local/lib/python3.8/site-packages/airflow/example_dags/example_sla_dag.py took 0.126 seconds
