[2025-01-18T00:11:23.868+0000] {processor.py:157} INFO - Started process (PID=148) to work on /home/airflow/.local/lib/python3.8/site-packages/airflow/example_dags/example_branch_day_of_week_operator.py
[2025-01-18T00:11:23.873+0000] {processor.py:829} INFO - Processing file /home/airflow/.local/lib/python3.8/site-packages/airflow/example_dags/example_branch_day_of_week_operator.py for tasks to queue
[2025-01-18T00:11:23.881+0000] {logging_mixin.py:151} INFO - [2025-01-18T00:11:23.880+0000] {dagbag.py:539} INFO - Filling up the DagBag from /home/airflow/.local/lib/python3.8/site-packages/airflow/example_dags/example_branch_day_of_week_operator.py
[2025-01-18T00:11:23.923+0000] {processor.py:839} INFO - DAG(s) dict_keys(['example_weekday_branch_operator']) retrieved from /home/airflow/.local/lib/python3.8/site-packages/airflow/example_dags/example_branch_day_of_week_operator.py
[2025-01-18T00:11:24.000+0000] {logging_mixin.py:151} INFO - [2025-01-18T00:11:23.999+0000] {dag.py:2907} INFO - Sync 1 DAGs
[2025-01-18T00:11:24.279+0000] {logging_mixin.py:151} INFO - [2025-01-18T00:11:24.274+0000] {dag.py:3677} INFO - Setting next_dagrun for example_weekday_branch_operator to 2025-01-17T00:00:00+00:00, run_after=2025-01-18T00:00:00+00:00
[2025-01-18T00:11:24.352+0000] {processor.py:179} INFO - Processing /home/airflow/.local/lib/python3.8/site-packages/airflow/example_dags/example_branch_day_of_week_operator.py took 0.491 seconds
[2025-01-18T00:11:55.431+0000] {processor.py:157} INFO - Started process (PID=249) to work on /home/airflow/.local/lib/python3.8/site-packages/airflow/example_dags/example_branch_day_of_week_operator.py
[2025-01-18T00:11:55.434+0000] {processor.py:829} INFO - Processing file /home/airflow/.local/lib/python3.8/site-packages/airflow/example_dags/example_branch_day_of_week_operator.py for tasks to queue
[2025-01-18T00:11:55.443+0000] {logging_mixin.py:151} INFO - [2025-01-18T00:11:55.439+0000] {dagbag.py:539} INFO - Filling up the DagBag from /home/airflow/.local/lib/python3.8/site-packages/airflow/example_dags/example_branch_day_of_week_operator.py
[2025-01-18T00:11:55.516+0000] {processor.py:839} INFO - DAG(s) dict_keys(['example_weekday_branch_operator']) retrieved from /home/airflow/.local/lib/python3.8/site-packages/airflow/example_dags/example_branch_day_of_week_operator.py
[2025-01-18T00:11:55.649+0000] {logging_mixin.py:151} INFO - [2025-01-18T00:11:55.648+0000] {dag.py:2907} INFO - Sync 1 DAGs
[2025-01-18T00:11:55.829+0000] {logging_mixin.py:151} INFO - [2025-01-18T00:11:55.829+0000] {dag.py:3677} INFO - Setting next_dagrun for example_weekday_branch_operator to 2025-01-17T00:00:00+00:00, run_after=2025-01-18T00:00:00+00:00
[2025-01-18T00:11:55.888+0000] {processor.py:179} INFO - Processing /home/airflow/.local/lib/python3.8/site-packages/airflow/example_dags/example_branch_day_of_week_operator.py took 0.464 seconds
[2025-01-18T00:12:26.528+0000] {processor.py:157} INFO - Started process (PID=333) to work on /home/airflow/.local/lib/python3.8/site-packages/airflow/example_dags/example_branch_day_of_week_operator.py
[2025-01-18T00:12:26.529+0000] {processor.py:829} INFO - Processing file /home/airflow/.local/lib/python3.8/site-packages/airflow/example_dags/example_branch_day_of_week_operator.py for tasks to queue
[2025-01-18T00:12:26.533+0000] {logging_mixin.py:151} INFO - [2025-01-18T00:12:26.532+0000] {dagbag.py:539} INFO - Filling up the DagBag from /home/airflow/.local/lib/python3.8/site-packages/airflow/example_dags/example_branch_day_of_week_operator.py
[2025-01-18T00:12:26.546+0000] {processor.py:839} INFO - DAG(s) dict_keys(['example_weekday_branch_operator']) retrieved from /home/airflow/.local/lib/python3.8/site-packages/airflow/example_dags/example_branch_day_of_week_operator.py
[2025-01-18T00:12:26.572+0000] {logging_mixin.py:151} INFO - [2025-01-18T00:12:26.571+0000] {dag.py:2907} INFO - Sync 1 DAGs
[2025-01-18T00:12:26.601+0000] {logging_mixin.py:151} INFO - [2025-01-18T00:12:26.600+0000] {dag.py:3677} INFO - Setting next_dagrun for example_weekday_branch_operator to 2025-01-17T00:00:00+00:00, run_after=2025-01-18T00:00:00+00:00
[2025-01-18T00:12:26.637+0000] {processor.py:179} INFO - Processing /home/airflow/.local/lib/python3.8/site-packages/airflow/example_dags/example_branch_day_of_week_operator.py took 0.114 seconds
[2025-01-18T00:12:57.444+0000] {processor.py:157} INFO - Started process (PID=420) to work on /home/airflow/.local/lib/python3.8/site-packages/airflow/example_dags/example_branch_day_of_week_operator.py
[2025-01-18T00:12:57.447+0000] {processor.py:829} INFO - Processing file /home/airflow/.local/lib/python3.8/site-packages/airflow/example_dags/example_branch_day_of_week_operator.py for tasks to queue
[2025-01-18T00:12:57.452+0000] {logging_mixin.py:151} INFO - [2025-01-18T00:12:57.451+0000] {dagbag.py:539} INFO - Filling up the DagBag from /home/airflow/.local/lib/python3.8/site-packages/airflow/example_dags/example_branch_day_of_week_operator.py
[2025-01-18T00:12:57.481+0000] {processor.py:839} INFO - DAG(s) dict_keys(['example_weekday_branch_operator']) retrieved from /home/airflow/.local/lib/python3.8/site-packages/airflow/example_dags/example_branch_day_of_week_operator.py
[2025-01-18T00:12:57.557+0000] {logging_mixin.py:151} INFO - [2025-01-18T00:12:57.557+0000] {dag.py:2907} INFO - Sync 1 DAGs
[2025-01-18T00:12:57.649+0000] {logging_mixin.py:151} INFO - [2025-01-18T00:12:57.648+0000] {dag.py:3677} INFO - Setting next_dagrun for example_weekday_branch_operator to 2025-01-17T00:00:00+00:00, run_after=2025-01-18T00:00:00+00:00
[2025-01-18T00:12:57.708+0000] {processor.py:179} INFO - Processing /home/airflow/.local/lib/python3.8/site-packages/airflow/example_dags/example_branch_day_of_week_operator.py took 0.272 seconds
[2025-01-18T00:14:28.283+0000] {processor.py:157} INFO - Started process (PID=119) to work on /home/airflow/.local/lib/python3.8/site-packages/airflow/example_dags/example_branch_day_of_week_operator.py
[2025-01-18T00:14:28.284+0000] {processor.py:829} INFO - Processing file /home/airflow/.local/lib/python3.8/site-packages/airflow/example_dags/example_branch_day_of_week_operator.py for tasks to queue
[2025-01-18T00:14:28.288+0000] {logging_mixin.py:151} INFO - [2025-01-18T00:14:28.288+0000] {dagbag.py:539} INFO - Filling up the DagBag from /home/airflow/.local/lib/python3.8/site-packages/airflow/example_dags/example_branch_day_of_week_operator.py
[2025-01-18T00:14:28.303+0000] {processor.py:839} INFO - DAG(s) dict_keys(['example_weekday_branch_operator']) retrieved from /home/airflow/.local/lib/python3.8/site-packages/airflow/example_dags/example_branch_day_of_week_operator.py
[2025-01-18T00:14:28.340+0000] {logging_mixin.py:151} INFO - [2025-01-18T00:14:28.340+0000] {dag.py:2907} INFO - Sync 1 DAGs
[2025-01-18T00:14:28.377+0000] {logging_mixin.py:151} INFO - [2025-01-18T00:14:28.377+0000] {dag.py:3677} INFO - Setting next_dagrun for example_weekday_branch_operator to 2025-01-17T00:00:00+00:00, run_after=2025-01-18T00:00:00+00:00
[2025-01-18T00:14:28.406+0000] {processor.py:179} INFO - Processing /home/airflow/.local/lib/python3.8/site-packages/airflow/example_dags/example_branch_day_of_week_operator.py took 0.128 seconds
[2025-01-18T00:14:58.539+0000] {processor.py:157} INFO - Started process (PID=186) to work on /home/airflow/.local/lib/python3.8/site-packages/airflow/example_dags/example_branch_day_of_week_operator.py
[2025-01-18T00:14:58.540+0000] {processor.py:829} INFO - Processing file /home/airflow/.local/lib/python3.8/site-packages/airflow/example_dags/example_branch_day_of_week_operator.py for tasks to queue
[2025-01-18T00:14:58.543+0000] {logging_mixin.py:151} INFO - [2025-01-18T00:14:58.543+0000] {dagbag.py:539} INFO - Filling up the DagBag from /home/airflow/.local/lib/python3.8/site-packages/airflow/example_dags/example_branch_day_of_week_operator.py
[2025-01-18T00:14:58.554+0000] {processor.py:839} INFO - DAG(s) dict_keys(['example_weekday_branch_operator']) retrieved from /home/airflow/.local/lib/python3.8/site-packages/airflow/example_dags/example_branch_day_of_week_operator.py
[2025-01-18T00:14:58.586+0000] {logging_mixin.py:151} INFO - [2025-01-18T00:14:58.586+0000] {dag.py:2907} INFO - Sync 1 DAGs
[2025-01-18T00:14:58.629+0000] {logging_mixin.py:151} INFO - [2025-01-18T00:14:58.629+0000] {dag.py:3677} INFO - Setting next_dagrun for example_weekday_branch_operator to 2025-01-17T00:00:00+00:00, run_after=2025-01-18T00:00:00+00:00
[2025-01-18T00:14:58.659+0000] {processor.py:179} INFO - Processing /home/airflow/.local/lib/python3.8/site-packages/airflow/example_dags/example_branch_day_of_week_operator.py took 0.124 seconds
[2025-01-18T00:15:29.500+0000] {processor.py:157} INFO - Started process (PID=272) to work on /home/airflow/.local/lib/python3.8/site-packages/airflow/example_dags/example_branch_day_of_week_operator.py
[2025-01-18T00:15:29.502+0000] {processor.py:829} INFO - Processing file /home/airflow/.local/lib/python3.8/site-packages/airflow/example_dags/example_branch_day_of_week_operator.py for tasks to queue
[2025-01-18T00:15:29.506+0000] {logging_mixin.py:151} INFO - [2025-01-18T00:15:29.506+0000] {dagbag.py:539} INFO - Filling up the DagBag from /home/airflow/.local/lib/python3.8/site-packages/airflow/example_dags/example_branch_day_of_week_operator.py
[2025-01-18T00:15:29.517+0000] {processor.py:839} INFO - DAG(s) dict_keys(['example_weekday_branch_operator']) retrieved from /home/airflow/.local/lib/python3.8/site-packages/airflow/example_dags/example_branch_day_of_week_operator.py
[2025-01-18T00:15:29.547+0000] {logging_mixin.py:151} INFO - [2025-01-18T00:15:29.547+0000] {dag.py:2907} INFO - Sync 1 DAGs
[2025-01-18T00:15:29.579+0000] {logging_mixin.py:151} INFO - [2025-01-18T00:15:29.579+0000] {dag.py:3677} INFO - Setting next_dagrun for example_weekday_branch_operator to 2025-01-17T00:00:00+00:00, run_after=2025-01-18T00:00:00+00:00
[2025-01-18T00:15:29.604+0000] {processor.py:179} INFO - Processing /home/airflow/.local/lib/python3.8/site-packages/airflow/example_dags/example_branch_day_of_week_operator.py took 0.108 seconds
[2025-01-18T00:15:59.779+0000] {processor.py:157} INFO - Started process (PID=358) to work on /home/airflow/.local/lib/python3.8/site-packages/airflow/example_dags/example_branch_day_of_week_operator.py
[2025-01-18T00:15:59.780+0000] {processor.py:829} INFO - Processing file /home/airflow/.local/lib/python3.8/site-packages/airflow/example_dags/example_branch_day_of_week_operator.py for tasks to queue
[2025-01-18T00:15:59.784+0000] {logging_mixin.py:151} INFO - [2025-01-18T00:15:59.783+0000] {dagbag.py:539} INFO - Filling up the DagBag from /home/airflow/.local/lib/python3.8/site-packages/airflow/example_dags/example_branch_day_of_week_operator.py
[2025-01-18T00:15:59.797+0000] {processor.py:839} INFO - DAG(s) dict_keys(['example_weekday_branch_operator']) retrieved from /home/airflow/.local/lib/python3.8/site-packages/airflow/example_dags/example_branch_day_of_week_operator.py
[2025-01-18T00:15:59.836+0000] {logging_mixin.py:151} INFO - [2025-01-18T00:15:59.836+0000] {dag.py:2907} INFO - Sync 1 DAGs
[2025-01-18T00:15:59.874+0000] {logging_mixin.py:151} INFO - [2025-01-18T00:15:59.874+0000] {dag.py:3677} INFO - Setting next_dagrun for example_weekday_branch_operator to 2025-01-17T00:00:00+00:00, run_after=2025-01-18T00:00:00+00:00
[2025-01-18T00:15:59.900+0000] {processor.py:179} INFO - Processing /home/airflow/.local/lib/python3.8/site-packages/airflow/example_dags/example_branch_day_of_week_operator.py took 0.126 seconds
[2025-01-18T00:16:31.932+0000] {processor.py:157} INFO - Started process (PID=444) to work on /home/airflow/.local/lib/python3.8/site-packages/airflow/example_dags/example_branch_day_of_week_operator.py
[2025-01-18T00:16:31.934+0000] {processor.py:829} INFO - Processing file /home/airflow/.local/lib/python3.8/site-packages/airflow/example_dags/example_branch_day_of_week_operator.py for tasks to queue
[2025-01-18T00:16:31.938+0000] {logging_mixin.py:151} INFO - [2025-01-18T00:16:31.938+0000] {dagbag.py:539} INFO - Filling up the DagBag from /home/airflow/.local/lib/python3.8/site-packages/airflow/example_dags/example_branch_day_of_week_operator.py
[2025-01-18T00:16:31.956+0000] {processor.py:839} INFO - DAG(s) dict_keys(['example_weekday_branch_operator']) retrieved from /home/airflow/.local/lib/python3.8/site-packages/airflow/example_dags/example_branch_day_of_week_operator.py
[2025-01-18T00:16:32.008+0000] {logging_mixin.py:151} INFO - [2025-01-18T00:16:32.007+0000] {dag.py:2907} INFO - Sync 1 DAGs
[2025-01-18T00:16:32.126+0000] {logging_mixin.py:151} INFO - [2025-01-18T00:16:32.125+0000] {dag.py:3677} INFO - Setting next_dagrun for example_weekday_branch_operator to 2025-01-17T00:00:00+00:00, run_after=2025-01-18T00:00:00+00:00
[2025-01-18T00:16:32.171+0000] {processor.py:179} INFO - Processing /home/airflow/.local/lib/python3.8/site-packages/airflow/example_dags/example_branch_day_of_week_operator.py took 0.246 seconds
[2025-01-18T00:17:02.428+0000] {processor.py:157} INFO - Started process (PID=539) to work on /home/airflow/.local/lib/python3.8/site-packages/airflow/example_dags/example_branch_day_of_week_operator.py
[2025-01-18T00:17:02.429+0000] {processor.py:829} INFO - Processing file /home/airflow/.local/lib/python3.8/site-packages/airflow/example_dags/example_branch_day_of_week_operator.py for tasks to queue
[2025-01-18T00:17:02.433+0000] {logging_mixin.py:151} INFO - [2025-01-18T00:17:02.432+0000] {dagbag.py:539} INFO - Filling up the DagBag from /home/airflow/.local/lib/python3.8/site-packages/airflow/example_dags/example_branch_day_of_week_operator.py
[2025-01-18T00:17:02.449+0000] {processor.py:839} INFO - DAG(s) dict_keys(['example_weekday_branch_operator']) retrieved from /home/airflow/.local/lib/python3.8/site-packages/airflow/example_dags/example_branch_day_of_week_operator.py
[2025-01-18T00:17:02.485+0000] {logging_mixin.py:151} INFO - [2025-01-18T00:17:02.485+0000] {dag.py:2907} INFO - Sync 1 DAGs
[2025-01-18T00:17:02.530+0000] {logging_mixin.py:151} INFO - [2025-01-18T00:17:02.529+0000] {dag.py:3677} INFO - Setting next_dagrun for example_weekday_branch_operator to 2025-01-17T00:00:00+00:00, run_after=2025-01-18T00:00:00+00:00
[2025-01-18T00:17:02.565+0000] {processor.py:179} INFO - Processing /home/airflow/.local/lib/python3.8/site-packages/airflow/example_dags/example_branch_day_of_week_operator.py took 0.144 seconds
[2025-01-18T00:17:36.355+0000] {processor.py:157} INFO - Started process (PID=625) to work on /home/airflow/.local/lib/python3.8/site-packages/airflow/example_dags/example_branch_day_of_week_operator.py
[2025-01-18T00:17:36.383+0000] {processor.py:829} INFO - Processing file /home/airflow/.local/lib/python3.8/site-packages/airflow/example_dags/example_branch_day_of_week_operator.py for tasks to queue
[2025-01-18T00:17:36.389+0000] {logging_mixin.py:151} INFO - [2025-01-18T00:17:36.388+0000] {dagbag.py:539} INFO - Filling up the DagBag from /home/airflow/.local/lib/python3.8/site-packages/airflow/example_dags/example_branch_day_of_week_operator.py
[2025-01-18T00:17:36.419+0000] {processor.py:839} INFO - DAG(s) dict_keys(['example_weekday_branch_operator']) retrieved from /home/airflow/.local/lib/python3.8/site-packages/airflow/example_dags/example_branch_day_of_week_operator.py
[2025-01-18T00:17:36.549+0000] {logging_mixin.py:151} INFO - [2025-01-18T00:17:36.549+0000] {dag.py:2907} INFO - Sync 1 DAGs
[2025-01-18T00:17:36.634+0000] {logging_mixin.py:151} INFO - [2025-01-18T00:17:36.633+0000] {dag.py:3677} INFO - Setting next_dagrun for example_weekday_branch_operator to 2025-01-17T00:00:00+00:00, run_after=2025-01-18T00:00:00+00:00
[2025-01-18T00:17:36.735+0000] {processor.py:179} INFO - Processing /home/airflow/.local/lib/python3.8/site-packages/airflow/example_dags/example_branch_day_of_week_operator.py took 0.389 seconds
[2025-01-18T00:18:07.010+0000] {processor.py:157} INFO - Started process (PID=700) to work on /home/airflow/.local/lib/python3.8/site-packages/airflow/example_dags/example_branch_day_of_week_operator.py
[2025-01-18T00:18:07.011+0000] {processor.py:829} INFO - Processing file /home/airflow/.local/lib/python3.8/site-packages/airflow/example_dags/example_branch_day_of_week_operator.py for tasks to queue
[2025-01-18T00:18:07.016+0000] {logging_mixin.py:151} INFO - [2025-01-18T00:18:07.015+0000] {dagbag.py:539} INFO - Filling up the DagBag from /home/airflow/.local/lib/python3.8/site-packages/airflow/example_dags/example_branch_day_of_week_operator.py
[2025-01-18T00:18:07.027+0000] {processor.py:839} INFO - DAG(s) dict_keys(['example_weekday_branch_operator']) retrieved from /home/airflow/.local/lib/python3.8/site-packages/airflow/example_dags/example_branch_day_of_week_operator.py
[2025-01-18T00:18:07.061+0000] {logging_mixin.py:151} INFO - [2025-01-18T00:18:07.061+0000] {dag.py:2907} INFO - Sync 1 DAGs
[2025-01-18T00:18:07.103+0000] {logging_mixin.py:151} INFO - [2025-01-18T00:18:07.102+0000] {dag.py:3677} INFO - Setting next_dagrun for example_weekday_branch_operator to 2025-01-17T00:00:00+00:00, run_after=2025-01-18T00:00:00+00:00
[2025-01-18T00:18:07.137+0000] {processor.py:179} INFO - Processing /home/airflow/.local/lib/python3.8/site-packages/airflow/example_dags/example_branch_day_of_week_operator.py took 0.131 seconds
[2025-01-18T00:18:38.224+0000] {processor.py:157} INFO - Started process (PID=786) to work on /home/airflow/.local/lib/python3.8/site-packages/airflow/example_dags/example_branch_day_of_week_operator.py
[2025-01-18T00:18:38.226+0000] {processor.py:829} INFO - Processing file /home/airflow/.local/lib/python3.8/site-packages/airflow/example_dags/example_branch_day_of_week_operator.py for tasks to queue
[2025-01-18T00:18:38.233+0000] {logging_mixin.py:151} INFO - [2025-01-18T00:18:38.231+0000] {dagbag.py:539} INFO - Filling up the DagBag from /home/airflow/.local/lib/python3.8/site-packages/airflow/example_dags/example_branch_day_of_week_operator.py
[2025-01-18T00:18:38.256+0000] {processor.py:839} INFO - DAG(s) dict_keys(['example_weekday_branch_operator']) retrieved from /home/airflow/.local/lib/python3.8/site-packages/airflow/example_dags/example_branch_day_of_week_operator.py
[2025-01-18T00:18:38.311+0000] {logging_mixin.py:151} INFO - [2025-01-18T00:18:38.310+0000] {dag.py:2907} INFO - Sync 1 DAGs
[2025-01-18T00:18:38.382+0000] {logging_mixin.py:151} INFO - [2025-01-18T00:18:38.381+0000] {dag.py:3677} INFO - Setting next_dagrun for example_weekday_branch_operator to 2025-01-17T00:00:00+00:00, run_after=2025-01-18T00:00:00+00:00
[2025-01-18T00:18:38.431+0000] {processor.py:179} INFO - Processing /home/airflow/.local/lib/python3.8/site-packages/airflow/example_dags/example_branch_day_of_week_operator.py took 0.216 seconds
[2025-01-18T00:19:08.818+0000] {processor.py:157} INFO - Started process (PID=864) to work on /home/airflow/.local/lib/python3.8/site-packages/airflow/example_dags/example_branch_day_of_week_operator.py
[2025-01-18T00:19:08.819+0000] {processor.py:829} INFO - Processing file /home/airflow/.local/lib/python3.8/site-packages/airflow/example_dags/example_branch_day_of_week_operator.py for tasks to queue
[2025-01-18T00:19:08.823+0000] {logging_mixin.py:151} INFO - [2025-01-18T00:19:08.822+0000] {dagbag.py:539} INFO - Filling up the DagBag from /home/airflow/.local/lib/python3.8/site-packages/airflow/example_dags/example_branch_day_of_week_operator.py
[2025-01-18T00:19:08.835+0000] {processor.py:839} INFO - DAG(s) dict_keys(['example_weekday_branch_operator']) retrieved from /home/airflow/.local/lib/python3.8/site-packages/airflow/example_dags/example_branch_day_of_week_operator.py
[2025-01-18T00:19:08.875+0000] {logging_mixin.py:151} INFO - [2025-01-18T00:19:08.875+0000] {dag.py:2907} INFO - Sync 1 DAGs
[2025-01-18T00:19:08.917+0000] {logging_mixin.py:151} INFO - [2025-01-18T00:19:08.917+0000] {dag.py:3677} INFO - Setting next_dagrun for example_weekday_branch_operator to 2025-01-17T00:00:00+00:00, run_after=2025-01-18T00:00:00+00:00
[2025-01-18T00:19:08.951+0000] {processor.py:179} INFO - Processing /home/airflow/.local/lib/python3.8/site-packages/airflow/example_dags/example_branch_day_of_week_operator.py took 0.139 seconds
[2025-01-18T00:19:39.061+0000] {processor.py:157} INFO - Started process (PID=950) to work on /home/airflow/.local/lib/python3.8/site-packages/airflow/example_dags/example_branch_day_of_week_operator.py
[2025-01-18T00:19:39.062+0000] {processor.py:829} INFO - Processing file /home/airflow/.local/lib/python3.8/site-packages/airflow/example_dags/example_branch_day_of_week_operator.py for tasks to queue
[2025-01-18T00:19:39.065+0000] {logging_mixin.py:151} INFO - [2025-01-18T00:19:39.065+0000] {dagbag.py:539} INFO - Filling up the DagBag from /home/airflow/.local/lib/python3.8/site-packages/airflow/example_dags/example_branch_day_of_week_operator.py
[2025-01-18T00:19:39.077+0000] {processor.py:839} INFO - DAG(s) dict_keys(['example_weekday_branch_operator']) retrieved from /home/airflow/.local/lib/python3.8/site-packages/airflow/example_dags/example_branch_day_of_week_operator.py
[2025-01-18T00:19:39.108+0000] {logging_mixin.py:151} INFO - [2025-01-18T00:19:39.107+0000] {dag.py:2907} INFO - Sync 1 DAGs
[2025-01-18T00:19:39.148+0000] {logging_mixin.py:151} INFO - [2025-01-18T00:19:39.148+0000] {dag.py:3677} INFO - Setting next_dagrun for example_weekday_branch_operator to 2025-01-17T00:00:00+00:00, run_after=2025-01-18T00:00:00+00:00
[2025-01-18T00:19:39.175+0000] {processor.py:179} INFO - Processing /home/airflow/.local/lib/python3.8/site-packages/airflow/example_dags/example_branch_day_of_week_operator.py took 0.119 seconds
[2025-01-18T00:20:09.391+0000] {processor.py:157} INFO - Started process (PID=1036) to work on /home/airflow/.local/lib/python3.8/site-packages/airflow/example_dags/example_branch_day_of_week_operator.py
[2025-01-18T00:20:09.393+0000] {processor.py:829} INFO - Processing file /home/airflow/.local/lib/python3.8/site-packages/airflow/example_dags/example_branch_day_of_week_operator.py for tasks to queue
[2025-01-18T00:20:09.396+0000] {logging_mixin.py:151} INFO - [2025-01-18T00:20:09.396+0000] {dagbag.py:539} INFO - Filling up the DagBag from /home/airflow/.local/lib/python3.8/site-packages/airflow/example_dags/example_branch_day_of_week_operator.py
[2025-01-18T00:20:09.408+0000] {processor.py:839} INFO - DAG(s) dict_keys(['example_weekday_branch_operator']) retrieved from /home/airflow/.local/lib/python3.8/site-packages/airflow/example_dags/example_branch_day_of_week_operator.py
[2025-01-18T00:20:09.453+0000] {logging_mixin.py:151} INFO - [2025-01-18T00:20:09.453+0000] {dag.py:2907} INFO - Sync 1 DAGs
[2025-01-18T00:20:09.497+0000] {logging_mixin.py:151} INFO - [2025-01-18T00:20:09.496+0000] {dag.py:3677} INFO - Setting next_dagrun for example_weekday_branch_operator to 2025-01-17T00:00:00+00:00, run_after=2025-01-18T00:00:00+00:00
[2025-01-18T00:20:09.528+0000] {processor.py:179} INFO - Processing /home/airflow/.local/lib/python3.8/site-packages/airflow/example_dags/example_branch_day_of_week_operator.py took 0.141 seconds
[2025-01-18T00:20:40.089+0000] {processor.py:157} INFO - Started process (PID=1122) to work on /home/airflow/.local/lib/python3.8/site-packages/airflow/example_dags/example_branch_day_of_week_operator.py
[2025-01-18T00:20:40.091+0000] {processor.py:829} INFO - Processing file /home/airflow/.local/lib/python3.8/site-packages/airflow/example_dags/example_branch_day_of_week_operator.py for tasks to queue
[2025-01-18T00:20:40.094+0000] {logging_mixin.py:151} INFO - [2025-01-18T00:20:40.094+0000] {dagbag.py:539} INFO - Filling up the DagBag from /home/airflow/.local/lib/python3.8/site-packages/airflow/example_dags/example_branch_day_of_week_operator.py
[2025-01-18T00:20:40.106+0000] {processor.py:839} INFO - DAG(s) dict_keys(['example_weekday_branch_operator']) retrieved from /home/airflow/.local/lib/python3.8/site-packages/airflow/example_dags/example_branch_day_of_week_operator.py
[2025-01-18T00:20:40.142+0000] {logging_mixin.py:151} INFO - [2025-01-18T00:20:40.142+0000] {dag.py:2907} INFO - Sync 1 DAGs
[2025-01-18T00:20:40.179+0000] {logging_mixin.py:151} INFO - [2025-01-18T00:20:40.179+0000] {dag.py:3677} INFO - Setting next_dagrun for example_weekday_branch_operator to 2025-01-17T00:00:00+00:00, run_after=2025-01-18T00:00:00+00:00
[2025-01-18T00:20:40.207+0000] {processor.py:179} INFO - Processing /home/airflow/.local/lib/python3.8/site-packages/airflow/example_dags/example_branch_day_of_week_operator.py took 0.123 seconds
[2025-01-18T00:21:11.097+0000] {processor.py:157} INFO - Started process (PID=1197) to work on /home/airflow/.local/lib/python3.8/site-packages/airflow/example_dags/example_branch_day_of_week_operator.py
[2025-01-18T00:21:11.098+0000] {processor.py:829} INFO - Processing file /home/airflow/.local/lib/python3.8/site-packages/airflow/example_dags/example_branch_day_of_week_operator.py for tasks to queue
[2025-01-18T00:21:11.102+0000] {logging_mixin.py:151} INFO - [2025-01-18T00:21:11.102+0000] {dagbag.py:539} INFO - Filling up the DagBag from /home/airflow/.local/lib/python3.8/site-packages/airflow/example_dags/example_branch_day_of_week_operator.py
[2025-01-18T00:21:11.120+0000] {processor.py:839} INFO - DAG(s) dict_keys(['example_weekday_branch_operator']) retrieved from /home/airflow/.local/lib/python3.8/site-packages/airflow/example_dags/example_branch_day_of_week_operator.py
[2025-01-18T00:21:11.160+0000] {logging_mixin.py:151} INFO - [2025-01-18T00:21:11.159+0000] {dag.py:2907} INFO - Sync 1 DAGs
[2025-01-18T00:21:11.205+0000] {logging_mixin.py:151} INFO - [2025-01-18T00:21:11.204+0000] {dag.py:3677} INFO - Setting next_dagrun for example_weekday_branch_operator to 2025-01-17T00:00:00+00:00, run_after=2025-01-18T00:00:00+00:00
[2025-01-18T00:21:11.234+0000] {processor.py:179} INFO - Processing /home/airflow/.local/lib/python3.8/site-packages/airflow/example_dags/example_branch_day_of_week_operator.py took 0.142 seconds
[2025-01-18T00:32:05.324+0000] {processor.py:157} INFO - Started process (PID=139) to work on /home/airflow/.local/lib/python3.8/site-packages/airflow/example_dags/example_branch_day_of_week_operator.py
[2025-01-18T00:32:05.326+0000] {processor.py:829} INFO - Processing file /home/airflow/.local/lib/python3.8/site-packages/airflow/example_dags/example_branch_day_of_week_operator.py for tasks to queue
[2025-01-18T00:32:05.332+0000] {logging_mixin.py:151} INFO - [2025-01-18T00:32:05.332+0000] {dagbag.py:539} INFO - Filling up the DagBag from /home/airflow/.local/lib/python3.8/site-packages/airflow/example_dags/example_branch_day_of_week_operator.py
[2025-01-18T00:32:05.354+0000] {processor.py:839} INFO - DAG(s) dict_keys(['example_weekday_branch_operator']) retrieved from /home/airflow/.local/lib/python3.8/site-packages/airflow/example_dags/example_branch_day_of_week_operator.py
[2025-01-18T00:32:05.417+0000] {logging_mixin.py:151} INFO - [2025-01-18T00:32:05.416+0000] {dag.py:2907} INFO - Sync 1 DAGs
[2025-01-18T00:32:05.474+0000] {logging_mixin.py:151} INFO - [2025-01-18T00:32:05.474+0000] {dag.py:3677} INFO - Setting next_dagrun for example_weekday_branch_operator to 2025-01-17T00:00:00+00:00, run_after=2025-01-18T00:00:00+00:00
[2025-01-18T00:32:05.512+0000] {processor.py:179} INFO - Processing /home/airflow/.local/lib/python3.8/site-packages/airflow/example_dags/example_branch_day_of_week_operator.py took 0.195 seconds
[2025-01-18T00:32:35.557+0000] {processor.py:157} INFO - Started process (PID=224) to work on /home/airflow/.local/lib/python3.8/site-packages/airflow/example_dags/example_branch_day_of_week_operator.py
[2025-01-18T00:32:35.559+0000] {processor.py:829} INFO - Processing file /home/airflow/.local/lib/python3.8/site-packages/airflow/example_dags/example_branch_day_of_week_operator.py for tasks to queue
[2025-01-18T00:32:35.562+0000] {logging_mixin.py:151} INFO - [2025-01-18T00:32:35.562+0000] {dagbag.py:539} INFO - Filling up the DagBag from /home/airflow/.local/lib/python3.8/site-packages/airflow/example_dags/example_branch_day_of_week_operator.py
[2025-01-18T00:32:35.577+0000] {processor.py:839} INFO - DAG(s) dict_keys(['example_weekday_branch_operator']) retrieved from /home/airflow/.local/lib/python3.8/site-packages/airflow/example_dags/example_branch_day_of_week_operator.py
[2025-01-18T00:32:35.612+0000] {logging_mixin.py:151} INFO - [2025-01-18T00:32:35.612+0000] {dag.py:2907} INFO - Sync 1 DAGs
[2025-01-18T00:32:35.661+0000] {logging_mixin.py:151} INFO - [2025-01-18T00:32:35.661+0000] {dag.py:3677} INFO - Setting next_dagrun for example_weekday_branch_operator to 2025-01-17T00:00:00+00:00, run_after=2025-01-18T00:00:00+00:00
[2025-01-18T00:32:35.692+0000] {processor.py:179} INFO - Processing /home/airflow/.local/lib/python3.8/site-packages/airflow/example_dags/example_branch_day_of_week_operator.py took 0.140 seconds
[2025-01-18T00:54:45.059+0000] {processor.py:157} INFO - Started process (PID=119) to work on /home/airflow/.local/lib/python3.8/site-packages/airflow/example_dags/example_branch_day_of_week_operator.py
[2025-01-18T00:54:45.062+0000] {processor.py:829} INFO - Processing file /home/airflow/.local/lib/python3.8/site-packages/airflow/example_dags/example_branch_day_of_week_operator.py for tasks to queue
[2025-01-18T00:54:45.066+0000] {logging_mixin.py:151} INFO - [2025-01-18T00:54:45.066+0000] {dagbag.py:539} INFO - Filling up the DagBag from /home/airflow/.local/lib/python3.8/site-packages/airflow/example_dags/example_branch_day_of_week_operator.py
[2025-01-18T00:54:45.080+0000] {processor.py:839} INFO - DAG(s) dict_keys(['example_weekday_branch_operator']) retrieved from /home/airflow/.local/lib/python3.8/site-packages/airflow/example_dags/example_branch_day_of_week_operator.py
[2025-01-18T00:54:45.124+0000] {logging_mixin.py:151} INFO - [2025-01-18T00:54:45.124+0000] {dag.py:2907} INFO - Sync 1 DAGs
[2025-01-18T00:54:45.169+0000] {logging_mixin.py:151} INFO - [2025-01-18T00:54:45.169+0000] {dag.py:3677} INFO - Setting next_dagrun for example_weekday_branch_operator to 2025-01-17T00:00:00+00:00, run_after=2025-01-18T00:00:00+00:00
[2025-01-18T00:54:45.200+0000] {processor.py:179} INFO - Processing /home/airflow/.local/lib/python3.8/site-packages/airflow/example_dags/example_branch_day_of_week_operator.py took 0.147 seconds
[2025-01-18T00:55:16.704+0000] {processor.py:157} INFO - Started process (PID=194) to work on /home/airflow/.local/lib/python3.8/site-packages/airflow/example_dags/example_branch_day_of_week_operator.py
[2025-01-18T00:55:16.705+0000] {processor.py:829} INFO - Processing file /home/airflow/.local/lib/python3.8/site-packages/airflow/example_dags/example_branch_day_of_week_operator.py for tasks to queue
[2025-01-18T00:55:16.709+0000] {logging_mixin.py:151} INFO - [2025-01-18T00:55:16.708+0000] {dagbag.py:539} INFO - Filling up the DagBag from /home/airflow/.local/lib/python3.8/site-packages/airflow/example_dags/example_branch_day_of_week_operator.py
[2025-01-18T00:55:16.725+0000] {processor.py:839} INFO - DAG(s) dict_keys(['example_weekday_branch_operator']) retrieved from /home/airflow/.local/lib/python3.8/site-packages/airflow/example_dags/example_branch_day_of_week_operator.py
[2025-01-18T00:55:16.767+0000] {logging_mixin.py:151} INFO - [2025-01-18T00:55:16.767+0000] {dag.py:2907} INFO - Sync 1 DAGs
[2025-01-18T00:55:16.831+0000] {logging_mixin.py:151} INFO - [2025-01-18T00:55:16.831+0000] {dag.py:3677} INFO - Setting next_dagrun for example_weekday_branch_operator to 2025-01-17T00:00:00+00:00, run_after=2025-01-18T00:00:00+00:00
[2025-01-18T00:55:16.874+0000] {processor.py:179} INFO - Processing /home/airflow/.local/lib/python3.8/site-packages/airflow/example_dags/example_branch_day_of_week_operator.py took 0.175 seconds
[2025-01-18T00:55:47.847+0000] {processor.py:157} INFO - Started process (PID=280) to work on /home/airflow/.local/lib/python3.8/site-packages/airflow/example_dags/example_branch_day_of_week_operator.py
[2025-01-18T00:55:47.849+0000] {processor.py:829} INFO - Processing file /home/airflow/.local/lib/python3.8/site-packages/airflow/example_dags/example_branch_day_of_week_operator.py for tasks to queue
[2025-01-18T00:55:47.854+0000] {logging_mixin.py:151} INFO - [2025-01-18T00:55:47.853+0000] {dagbag.py:539} INFO - Filling up the DagBag from /home/airflow/.local/lib/python3.8/site-packages/airflow/example_dags/example_branch_day_of_week_operator.py
[2025-01-18T00:55:47.869+0000] {processor.py:839} INFO - DAG(s) dict_keys(['example_weekday_branch_operator']) retrieved from /home/airflow/.local/lib/python3.8/site-packages/airflow/example_dags/example_branch_day_of_week_operator.py
[2025-01-18T00:55:47.903+0000] {logging_mixin.py:151} INFO - [2025-01-18T00:55:47.903+0000] {dag.py:2907} INFO - Sync 1 DAGs
[2025-01-18T00:55:47.946+0000] {logging_mixin.py:151} INFO - [2025-01-18T00:55:47.945+0000] {dag.py:3677} INFO - Setting next_dagrun for example_weekday_branch_operator to 2025-01-17T00:00:00+00:00, run_after=2025-01-18T00:00:00+00:00
[2025-01-18T00:55:47.972+0000] {processor.py:179} INFO - Processing /home/airflow/.local/lib/python3.8/site-packages/airflow/example_dags/example_branch_day_of_week_operator.py took 0.130 seconds
[2025-01-18T00:56:18.076+0000] {processor.py:157} INFO - Started process (PID=359) to work on /home/airflow/.local/lib/python3.8/site-packages/airflow/example_dags/example_branch_day_of_week_operator.py
[2025-01-18T00:56:18.077+0000] {processor.py:829} INFO - Processing file /home/airflow/.local/lib/python3.8/site-packages/airflow/example_dags/example_branch_day_of_week_operator.py for tasks to queue
[2025-01-18T00:56:18.080+0000] {logging_mixin.py:151} INFO - [2025-01-18T00:56:18.080+0000] {dagbag.py:539} INFO - Filling up the DagBag from /home/airflow/.local/lib/python3.8/site-packages/airflow/example_dags/example_branch_day_of_week_operator.py
[2025-01-18T00:56:18.091+0000] {processor.py:839} INFO - DAG(s) dict_keys(['example_weekday_branch_operator']) retrieved from /home/airflow/.local/lib/python3.8/site-packages/airflow/example_dags/example_branch_day_of_week_operator.py
[2025-01-18T00:56:18.123+0000] {logging_mixin.py:151} INFO - [2025-01-18T00:56:18.123+0000] {dag.py:2907} INFO - Sync 1 DAGs
[2025-01-18T00:56:18.159+0000] {logging_mixin.py:151} INFO - [2025-01-18T00:56:18.158+0000] {dag.py:3677} INFO - Setting next_dagrun for example_weekday_branch_operator to 2025-01-17T00:00:00+00:00, run_after=2025-01-18T00:00:00+00:00
[2025-01-18T00:56:18.185+0000] {processor.py:179} INFO - Processing /home/airflow/.local/lib/python3.8/site-packages/airflow/example_dags/example_branch_day_of_week_operator.py took 0.113 seconds
[2025-01-18T00:56:48.890+0000] {processor.py:157} INFO - Started process (PID=444) to work on /home/airflow/.local/lib/python3.8/site-packages/airflow/example_dags/example_branch_day_of_week_operator.py
[2025-01-18T00:56:48.891+0000] {processor.py:829} INFO - Processing file /home/airflow/.local/lib/python3.8/site-packages/airflow/example_dags/example_branch_day_of_week_operator.py for tasks to queue
[2025-01-18T00:56:48.894+0000] {logging_mixin.py:151} INFO - [2025-01-18T00:56:48.894+0000] {dagbag.py:539} INFO - Filling up the DagBag from /home/airflow/.local/lib/python3.8/site-packages/airflow/example_dags/example_branch_day_of_week_operator.py
[2025-01-18T00:56:48.905+0000] {processor.py:839} INFO - DAG(s) dict_keys(['example_weekday_branch_operator']) retrieved from /home/airflow/.local/lib/python3.8/site-packages/airflow/example_dags/example_branch_day_of_week_operator.py
[2025-01-18T00:56:48.933+0000] {logging_mixin.py:151} INFO - [2025-01-18T00:56:48.933+0000] {dag.py:2907} INFO - Sync 1 DAGs
[2025-01-18T00:56:48.968+0000] {logging_mixin.py:151} INFO - [2025-01-18T00:56:48.967+0000] {dag.py:3677} INFO - Setting next_dagrun for example_weekday_branch_operator to 2025-01-17T00:00:00+00:00, run_after=2025-01-18T00:00:00+00:00
[2025-01-18T00:56:48.994+0000] {processor.py:179} INFO - Processing /home/airflow/.local/lib/python3.8/site-packages/airflow/example_dags/example_branch_day_of_week_operator.py took 0.108 seconds
[2025-01-18T00:57:19.265+0000] {processor.py:157} INFO - Started process (PID=530) to work on /home/airflow/.local/lib/python3.8/site-packages/airflow/example_dags/example_branch_day_of_week_operator.py
[2025-01-18T00:57:19.267+0000] {processor.py:829} INFO - Processing file /home/airflow/.local/lib/python3.8/site-packages/airflow/example_dags/example_branch_day_of_week_operator.py for tasks to queue
[2025-01-18T00:57:19.270+0000] {logging_mixin.py:151} INFO - [2025-01-18T00:57:19.270+0000] {dagbag.py:539} INFO - Filling up the DagBag from /home/airflow/.local/lib/python3.8/site-packages/airflow/example_dags/example_branch_day_of_week_operator.py
[2025-01-18T00:57:19.285+0000] {processor.py:839} INFO - DAG(s) dict_keys(['example_weekday_branch_operator']) retrieved from /home/airflow/.local/lib/python3.8/site-packages/airflow/example_dags/example_branch_day_of_week_operator.py
[2025-01-18T00:57:19.323+0000] {logging_mixin.py:151} INFO - [2025-01-18T00:57:19.323+0000] {dag.py:2907} INFO - Sync 1 DAGs
[2025-01-18T00:57:19.367+0000] {logging_mixin.py:151} INFO - [2025-01-18T00:57:19.367+0000] {dag.py:3677} INFO - Setting next_dagrun for example_weekday_branch_operator to 2025-01-17T00:00:00+00:00, run_after=2025-01-18T00:00:00+00:00
[2025-01-18T00:57:19.397+0000] {processor.py:179} INFO - Processing /home/airflow/.local/lib/python3.8/site-packages/airflow/example_dags/example_branch_day_of_week_operator.py took 0.137 seconds
[2025-01-18T00:57:49.673+0000] {processor.py:157} INFO - Started process (PID=604) to work on /home/airflow/.local/lib/python3.8/site-packages/airflow/example_dags/example_branch_day_of_week_operator.py
[2025-01-18T00:57:49.674+0000] {processor.py:829} INFO - Processing file /home/airflow/.local/lib/python3.8/site-packages/airflow/example_dags/example_branch_day_of_week_operator.py for tasks to queue
[2025-01-18T00:57:49.678+0000] {logging_mixin.py:151} INFO - [2025-01-18T00:57:49.677+0000] {dagbag.py:539} INFO - Filling up the DagBag from /home/airflow/.local/lib/python3.8/site-packages/airflow/example_dags/example_branch_day_of_week_operator.py
[2025-01-18T00:57:49.693+0000] {processor.py:839} INFO - DAG(s) dict_keys(['example_weekday_branch_operator']) retrieved from /home/airflow/.local/lib/python3.8/site-packages/airflow/example_dags/example_branch_day_of_week_operator.py
[2025-01-18T00:57:49.724+0000] {logging_mixin.py:151} INFO - [2025-01-18T00:57:49.724+0000] {dag.py:2907} INFO - Sync 1 DAGs
[2025-01-18T00:57:49.762+0000] {logging_mixin.py:151} INFO - [2025-01-18T00:57:49.762+0000] {dag.py:3677} INFO - Setting next_dagrun for example_weekday_branch_operator to 2025-01-17T00:00:00+00:00, run_after=2025-01-18T00:00:00+00:00
[2025-01-18T00:57:49.791+0000] {processor.py:179} INFO - Processing /home/airflow/.local/lib/python3.8/site-packages/airflow/example_dags/example_branch_day_of_week_operator.py took 0.122 seconds
[2025-01-18T00:58:21.000+0000] {processor.py:157} INFO - Started process (PID=683) to work on /home/airflow/.local/lib/python3.8/site-packages/airflow/example_dags/example_branch_day_of_week_operator.py
[2025-01-18T00:58:21.002+0000] {processor.py:829} INFO - Processing file /home/airflow/.local/lib/python3.8/site-packages/airflow/example_dags/example_branch_day_of_week_operator.py for tasks to queue
[2025-01-18T00:58:21.006+0000] {logging_mixin.py:151} INFO - [2025-01-18T00:58:21.006+0000] {dagbag.py:539} INFO - Filling up the DagBag from /home/airflow/.local/lib/python3.8/site-packages/airflow/example_dags/example_branch_day_of_week_operator.py
[2025-01-18T00:58:21.025+0000] {processor.py:839} INFO - DAG(s) dict_keys(['example_weekday_branch_operator']) retrieved from /home/airflow/.local/lib/python3.8/site-packages/airflow/example_dags/example_branch_day_of_week_operator.py
[2025-01-18T00:58:21.068+0000] {logging_mixin.py:151} INFO - [2025-01-18T00:58:21.068+0000] {dag.py:2907} INFO - Sync 1 DAGs
[2025-01-18T00:58:21.119+0000] {logging_mixin.py:151} INFO - [2025-01-18T00:58:21.119+0000] {dag.py:3677} INFO - Setting next_dagrun for example_weekday_branch_operator to 2025-01-17T00:00:00+00:00, run_after=2025-01-18T00:00:00+00:00
[2025-01-18T00:58:21.150+0000] {processor.py:179} INFO - Processing /home/airflow/.local/lib/python3.8/site-packages/airflow/example_dags/example_branch_day_of_week_operator.py took 0.158 seconds
[2025-01-18T00:59:04.805+0000] {processor.py:157} INFO - Started process (PID=783) to work on /home/airflow/.local/lib/python3.8/site-packages/airflow/example_dags/example_branch_day_of_week_operator.py
[2025-01-18T00:59:04.809+0000] {processor.py:829} INFO - Processing file /home/airflow/.local/lib/python3.8/site-packages/airflow/example_dags/example_branch_day_of_week_operator.py for tasks to queue
[2025-01-18T00:59:04.824+0000] {logging_mixin.py:151} INFO - [2025-01-18T00:59:04.823+0000] {dagbag.py:539} INFO - Filling up the DagBag from /home/airflow/.local/lib/python3.8/site-packages/airflow/example_dags/example_branch_day_of_week_operator.py
[2025-01-18T00:59:04.895+0000] {processor.py:839} INFO - DAG(s) dict_keys(['example_weekday_branch_operator']) retrieved from /home/airflow/.local/lib/python3.8/site-packages/airflow/example_dags/example_branch_day_of_week_operator.py
[2025-01-18T00:59:05.035+0000] {logging_mixin.py:151} INFO - [2025-01-18T00:59:05.034+0000] {dag.py:2907} INFO - Sync 1 DAGs
[2025-01-18T00:59:05.261+0000] {logging_mixin.py:151} INFO - [2025-01-18T00:59:05.261+0000] {dag.py:3677} INFO - Setting next_dagrun for example_weekday_branch_operator to 2025-01-17T00:00:00+00:00, run_after=2025-01-18T00:00:00+00:00
[2025-01-18T00:59:05.391+0000] {processor.py:179} INFO - Processing /home/airflow/.local/lib/python3.8/site-packages/airflow/example_dags/example_branch_day_of_week_operator.py took 0.599 seconds
[2025-01-18T00:59:35.696+0000] {processor.py:157} INFO - Started process (PID=861) to work on /home/airflow/.local/lib/python3.8/site-packages/airflow/example_dags/example_branch_day_of_week_operator.py
[2025-01-18T00:59:35.699+0000] {processor.py:829} INFO - Processing file /home/airflow/.local/lib/python3.8/site-packages/airflow/example_dags/example_branch_day_of_week_operator.py for tasks to queue
[2025-01-18T00:59:35.705+0000] {logging_mixin.py:151} INFO - [2025-01-18T00:59:35.704+0000] {dagbag.py:539} INFO - Filling up the DagBag from /home/airflow/.local/lib/python3.8/site-packages/airflow/example_dags/example_branch_day_of_week_operator.py
[2025-01-18T00:59:35.724+0000] {processor.py:839} INFO - DAG(s) dict_keys(['example_weekday_branch_operator']) retrieved from /home/airflow/.local/lib/python3.8/site-packages/airflow/example_dags/example_branch_day_of_week_operator.py
[2025-01-18T00:59:35.783+0000] {logging_mixin.py:151} INFO - [2025-01-18T00:59:35.782+0000] {dag.py:2907} INFO - Sync 1 DAGs
[2025-01-18T00:59:35.845+0000] {logging_mixin.py:151} INFO - [2025-01-18T00:59:35.845+0000] {dag.py:3677} INFO - Setting next_dagrun for example_weekday_branch_operator to 2025-01-17T00:00:00+00:00, run_after=2025-01-18T00:00:00+00:00
[2025-01-18T00:59:35.911+0000] {processor.py:179} INFO - Processing /home/airflow/.local/lib/python3.8/site-packages/airflow/example_dags/example_branch_day_of_week_operator.py took 0.222 seconds
[2025-01-18T01:00:06.135+0000] {processor.py:157} INFO - Started process (PID=947) to work on /home/airflow/.local/lib/python3.8/site-packages/airflow/example_dags/example_branch_day_of_week_operator.py
[2025-01-18T01:00:06.137+0000] {processor.py:829} INFO - Processing file /home/airflow/.local/lib/python3.8/site-packages/airflow/example_dags/example_branch_day_of_week_operator.py for tasks to queue
[2025-01-18T01:00:06.142+0000] {logging_mixin.py:151} INFO - [2025-01-18T01:00:06.142+0000] {dagbag.py:539} INFO - Filling up the DagBag from /home/airflow/.local/lib/python3.8/site-packages/airflow/example_dags/example_branch_day_of_week_operator.py
[2025-01-18T01:00:06.160+0000] {processor.py:839} INFO - DAG(s) dict_keys(['example_weekday_branch_operator']) retrieved from /home/airflow/.local/lib/python3.8/site-packages/airflow/example_dags/example_branch_day_of_week_operator.py
[2025-01-18T01:00:06.210+0000] {logging_mixin.py:151} INFO - [2025-01-18T01:00:06.210+0000] {dag.py:2907} INFO - Sync 1 DAGs
[2025-01-18T01:00:06.262+0000] {logging_mixin.py:151} INFO - [2025-01-18T01:00:06.261+0000] {dag.py:3677} INFO - Setting next_dagrun for example_weekday_branch_operator to 2025-01-17T00:00:00+00:00, run_after=2025-01-18T00:00:00+00:00
[2025-01-18T01:00:06.295+0000] {processor.py:179} INFO - Processing /home/airflow/.local/lib/python3.8/site-packages/airflow/example_dags/example_branch_day_of_week_operator.py took 0.170 seconds
[2025-01-18T01:00:36.512+0000] {processor.py:157} INFO - Started process (PID=1021) to work on /home/airflow/.local/lib/python3.8/site-packages/airflow/example_dags/example_branch_day_of_week_operator.py
[2025-01-18T01:00:36.514+0000] {processor.py:829} INFO - Processing file /home/airflow/.local/lib/python3.8/site-packages/airflow/example_dags/example_branch_day_of_week_operator.py for tasks to queue
[2025-01-18T01:00:36.519+0000] {logging_mixin.py:151} INFO - [2025-01-18T01:00:36.518+0000] {dagbag.py:539} INFO - Filling up the DagBag from /home/airflow/.local/lib/python3.8/site-packages/airflow/example_dags/example_branch_day_of_week_operator.py
[2025-01-18T01:00:36.537+0000] {processor.py:839} INFO - DAG(s) dict_keys(['example_weekday_branch_operator']) retrieved from /home/airflow/.local/lib/python3.8/site-packages/airflow/example_dags/example_branch_day_of_week_operator.py
[2025-01-18T01:00:36.583+0000] {logging_mixin.py:151} INFO - [2025-01-18T01:00:36.583+0000] {dag.py:2907} INFO - Sync 1 DAGs
[2025-01-18T01:00:36.627+0000] {logging_mixin.py:151} INFO - [2025-01-18T01:00:36.627+0000] {dag.py:3677} INFO - Setting next_dagrun for example_weekday_branch_operator to 2025-01-17T00:00:00+00:00, run_after=2025-01-18T00:00:00+00:00
[2025-01-18T01:00:36.654+0000] {processor.py:179} INFO - Processing /home/airflow/.local/lib/python3.8/site-packages/airflow/example_dags/example_branch_day_of_week_operator.py took 0.147 seconds
[2025-01-18T01:01:07.165+0000] {processor.py:157} INFO - Started process (PID=1100) to work on /home/airflow/.local/lib/python3.8/site-packages/airflow/example_dags/example_branch_day_of_week_operator.py
[2025-01-18T01:01:07.167+0000] {processor.py:829} INFO - Processing file /home/airflow/.local/lib/python3.8/site-packages/airflow/example_dags/example_branch_day_of_week_operator.py for tasks to queue
[2025-01-18T01:01:07.170+0000] {logging_mixin.py:151} INFO - [2025-01-18T01:01:07.170+0000] {dagbag.py:539} INFO - Filling up the DagBag from /home/airflow/.local/lib/python3.8/site-packages/airflow/example_dags/example_branch_day_of_week_operator.py
[2025-01-18T01:01:07.179+0000] {processor.py:839} INFO - DAG(s) dict_keys(['example_weekday_branch_operator']) retrieved from /home/airflow/.local/lib/python3.8/site-packages/airflow/example_dags/example_branch_day_of_week_operator.py
[2025-01-18T01:01:07.210+0000] {logging_mixin.py:151} INFO - [2025-01-18T01:01:07.209+0000] {dag.py:2907} INFO - Sync 1 DAGs
[2025-01-18T01:01:07.242+0000] {logging_mixin.py:151} INFO - [2025-01-18T01:01:07.242+0000] {dag.py:3677} INFO - Setting next_dagrun for example_weekday_branch_operator to 2025-01-17T00:00:00+00:00, run_after=2025-01-18T00:00:00+00:00
[2025-01-18T01:01:07.265+0000] {processor.py:179} INFO - Processing /home/airflow/.local/lib/python3.8/site-packages/airflow/example_dags/example_branch_day_of_week_operator.py took 0.104 seconds
[2025-01-18T01:01:38.126+0000] {processor.py:157} INFO - Started process (PID=1186) to work on /home/airflow/.local/lib/python3.8/site-packages/airflow/example_dags/example_branch_day_of_week_operator.py
[2025-01-18T01:01:38.127+0000] {processor.py:829} INFO - Processing file /home/airflow/.local/lib/python3.8/site-packages/airflow/example_dags/example_branch_day_of_week_operator.py for tasks to queue
[2025-01-18T01:01:38.129+0000] {logging_mixin.py:151} INFO - [2025-01-18T01:01:38.129+0000] {dagbag.py:539} INFO - Filling up the DagBag from /home/airflow/.local/lib/python3.8/site-packages/airflow/example_dags/example_branch_day_of_week_operator.py
[2025-01-18T01:01:38.138+0000] {processor.py:839} INFO - DAG(s) dict_keys(['example_weekday_branch_operator']) retrieved from /home/airflow/.local/lib/python3.8/site-packages/airflow/example_dags/example_branch_day_of_week_operator.py
[2025-01-18T01:01:38.161+0000] {logging_mixin.py:151} INFO - [2025-01-18T01:01:38.160+0000] {dag.py:2907} INFO - Sync 1 DAGs
[2025-01-18T01:01:38.184+0000] {logging_mixin.py:151} INFO - [2025-01-18T01:01:38.184+0000] {dag.py:3677} INFO - Setting next_dagrun for example_weekday_branch_operator to 2025-01-17T00:00:00+00:00, run_after=2025-01-18T00:00:00+00:00
[2025-01-18T01:01:38.211+0000] {processor.py:179} INFO - Processing /home/airflow/.local/lib/python3.8/site-packages/airflow/example_dags/example_branch_day_of_week_operator.py took 0.089 seconds
[2025-01-18T01:02:08.620+0000] {processor.py:157} INFO - Started process (PID=1273) to work on /home/airflow/.local/lib/python3.8/site-packages/airflow/example_dags/example_branch_day_of_week_operator.py
[2025-01-18T01:02:08.621+0000] {processor.py:829} INFO - Processing file /home/airflow/.local/lib/python3.8/site-packages/airflow/example_dags/example_branch_day_of_week_operator.py for tasks to queue
[2025-01-18T01:02:08.623+0000] {logging_mixin.py:151} INFO - [2025-01-18T01:02:08.623+0000] {dagbag.py:539} INFO - Filling up the DagBag from /home/airflow/.local/lib/python3.8/site-packages/airflow/example_dags/example_branch_day_of_week_operator.py
[2025-01-18T01:02:08.631+0000] {processor.py:839} INFO - DAG(s) dict_keys(['example_weekday_branch_operator']) retrieved from /home/airflow/.local/lib/python3.8/site-packages/airflow/example_dags/example_branch_day_of_week_operator.py
[2025-01-18T01:02:08.652+0000] {logging_mixin.py:151} INFO - [2025-01-18T01:02:08.652+0000] {dag.py:2907} INFO - Sync 1 DAGs
[2025-01-18T01:02:08.674+0000] {logging_mixin.py:151} INFO - [2025-01-18T01:02:08.673+0000] {dag.py:3677} INFO - Setting next_dagrun for example_weekday_branch_operator to 2025-01-17T00:00:00+00:00, run_after=2025-01-18T00:00:00+00:00
[2025-01-18T01:02:08.689+0000] {processor.py:179} INFO - Processing /home/airflow/.local/lib/python3.8/site-packages/airflow/example_dags/example_branch_day_of_week_operator.py took 0.072 seconds
[2025-01-18T13:40:31.307+0000] {processor.py:157} INFO - Started process (PID=119) to work on /home/airflow/.local/lib/python3.8/site-packages/airflow/example_dags/example_branch_day_of_week_operator.py
[2025-01-18T13:40:31.309+0000] {processor.py:829} INFO - Processing file /home/airflow/.local/lib/python3.8/site-packages/airflow/example_dags/example_branch_day_of_week_operator.py for tasks to queue
[2025-01-18T13:40:31.317+0000] {logging_mixin.py:151} INFO - [2025-01-18T13:40:31.317+0000] {dagbag.py:539} INFO - Filling up the DagBag from /home/airflow/.local/lib/python3.8/site-packages/airflow/example_dags/example_branch_day_of_week_operator.py
[2025-01-18T13:40:31.342+0000] {processor.py:839} INFO - DAG(s) dict_keys(['example_weekday_branch_operator']) retrieved from /home/airflow/.local/lib/python3.8/site-packages/airflow/example_dags/example_branch_day_of_week_operator.py
[2025-01-18T13:40:31.421+0000] {logging_mixin.py:151} INFO - [2025-01-18T13:40:31.420+0000] {dag.py:2907} INFO - Sync 1 DAGs
[2025-01-18T13:40:31.512+0000] {logging_mixin.py:151} INFO - [2025-01-18T13:40:31.511+0000] {dag.py:3677} INFO - Setting next_dagrun for example_weekday_branch_operator to 2025-01-17T00:00:00+00:00, run_after=2025-01-18T00:00:00+00:00
[2025-01-18T13:40:31.557+0000] {processor.py:179} INFO - Processing /home/airflow/.local/lib/python3.8/site-packages/airflow/example_dags/example_branch_day_of_week_operator.py took 0.259 seconds
[2025-01-18T13:41:02.188+0000] {processor.py:157} INFO - Started process (PID=205) to work on /home/airflow/.local/lib/python3.8/site-packages/airflow/example_dags/example_branch_day_of_week_operator.py
[2025-01-18T13:41:02.189+0000] {processor.py:829} INFO - Processing file /home/airflow/.local/lib/python3.8/site-packages/airflow/example_dags/example_branch_day_of_week_operator.py for tasks to queue
[2025-01-18T13:41:02.193+0000] {logging_mixin.py:151} INFO - [2025-01-18T13:41:02.192+0000] {dagbag.py:539} INFO - Filling up the DagBag from /home/airflow/.local/lib/python3.8/site-packages/airflow/example_dags/example_branch_day_of_week_operator.py
[2025-01-18T13:41:02.208+0000] {processor.py:839} INFO - DAG(s) dict_keys(['example_weekday_branch_operator']) retrieved from /home/airflow/.local/lib/python3.8/site-packages/airflow/example_dags/example_branch_day_of_week_operator.py
[2025-01-18T13:41:02.258+0000] {logging_mixin.py:151} INFO - [2025-01-18T13:41:02.257+0000] {dag.py:2907} INFO - Sync 1 DAGs
[2025-01-18T13:41:02.314+0000] {logging_mixin.py:151} INFO - [2025-01-18T13:41:02.314+0000] {dag.py:3677} INFO - Setting next_dagrun for example_weekday_branch_operator to 2025-01-17T00:00:00+00:00, run_after=2025-01-18T00:00:00+00:00
[2025-01-18T13:41:02.348+0000] {processor.py:179} INFO - Processing /home/airflow/.local/lib/python3.8/site-packages/airflow/example_dags/example_branch_day_of_week_operator.py took 0.166 seconds
[2025-01-18T13:41:32.727+0000] {processor.py:157} INFO - Started process (PID=280) to work on /home/airflow/.local/lib/python3.8/site-packages/airflow/example_dags/example_branch_day_of_week_operator.py
[2025-01-18T13:41:32.729+0000] {processor.py:829} INFO - Processing file /home/airflow/.local/lib/python3.8/site-packages/airflow/example_dags/example_branch_day_of_week_operator.py for tasks to queue
[2025-01-18T13:41:32.733+0000] {logging_mixin.py:151} INFO - [2025-01-18T13:41:32.732+0000] {dagbag.py:539} INFO - Filling up the DagBag from /home/airflow/.local/lib/python3.8/site-packages/airflow/example_dags/example_branch_day_of_week_operator.py
[2025-01-18T13:41:32.752+0000] {processor.py:839} INFO - DAG(s) dict_keys(['example_weekday_branch_operator']) retrieved from /home/airflow/.local/lib/python3.8/site-packages/airflow/example_dags/example_branch_day_of_week_operator.py
[2025-01-18T13:41:32.806+0000] {logging_mixin.py:151} INFO - [2025-01-18T13:41:32.805+0000] {dag.py:2907} INFO - Sync 1 DAGs
[2025-01-18T13:41:32.866+0000] {logging_mixin.py:151} INFO - [2025-01-18T13:41:32.866+0000] {dag.py:3677} INFO - Setting next_dagrun for example_weekday_branch_operator to 2025-01-17T00:00:00+00:00, run_after=2025-01-18T00:00:00+00:00
[2025-01-18T13:41:32.907+0000] {processor.py:179} INFO - Processing /home/airflow/.local/lib/python3.8/site-packages/airflow/example_dags/example_branch_day_of_week_operator.py took 0.187 seconds
[2025-01-18T13:42:03.684+0000] {processor.py:157} INFO - Started process (PID=359) to work on /home/airflow/.local/lib/python3.8/site-packages/airflow/example_dags/example_branch_day_of_week_operator.py
[2025-01-18T13:42:03.686+0000] {processor.py:829} INFO - Processing file /home/airflow/.local/lib/python3.8/site-packages/airflow/example_dags/example_branch_day_of_week_operator.py for tasks to queue
[2025-01-18T13:42:03.691+0000] {logging_mixin.py:151} INFO - [2025-01-18T13:42:03.691+0000] {dagbag.py:539} INFO - Filling up the DagBag from /home/airflow/.local/lib/python3.8/site-packages/airflow/example_dags/example_branch_day_of_week_operator.py
[2025-01-18T13:42:03.722+0000] {processor.py:839} INFO - DAG(s) dict_keys(['example_weekday_branch_operator']) retrieved from /home/airflow/.local/lib/python3.8/site-packages/airflow/example_dags/example_branch_day_of_week_operator.py
[2025-01-18T13:42:03.785+0000] {logging_mixin.py:151} INFO - [2025-01-18T13:42:03.783+0000] {dag.py:2907} INFO - Sync 1 DAGs
[2025-01-18T13:42:03.858+0000] {logging_mixin.py:151} INFO - [2025-01-18T13:42:03.858+0000] {dag.py:3677} INFO - Setting next_dagrun for example_weekday_branch_operator to 2025-01-17T00:00:00+00:00, run_after=2025-01-18T00:00:00+00:00
[2025-01-18T13:42:03.895+0000] {processor.py:179} INFO - Processing /home/airflow/.local/lib/python3.8/site-packages/airflow/example_dags/example_branch_day_of_week_operator.py took 0.219 seconds
[2025-01-18T13:42:34.160+0000] {processor.py:157} INFO - Started process (PID=434) to work on /home/airflow/.local/lib/python3.8/site-packages/airflow/example_dags/example_branch_day_of_week_operator.py
[2025-01-18T13:42:34.162+0000] {processor.py:829} INFO - Processing file /home/airflow/.local/lib/python3.8/site-packages/airflow/example_dags/example_branch_day_of_week_operator.py for tasks to queue
[2025-01-18T13:42:34.167+0000] {logging_mixin.py:151} INFO - [2025-01-18T13:42:34.166+0000] {dagbag.py:539} INFO - Filling up the DagBag from /home/airflow/.local/lib/python3.8/site-packages/airflow/example_dags/example_branch_day_of_week_operator.py
[2025-01-18T13:42:34.189+0000] {processor.py:839} INFO - DAG(s) dict_keys(['example_weekday_branch_operator']) retrieved from /home/airflow/.local/lib/python3.8/site-packages/airflow/example_dags/example_branch_day_of_week_operator.py
[2025-01-18T13:42:34.239+0000] {logging_mixin.py:151} INFO - [2025-01-18T13:42:34.238+0000] {dag.py:2907} INFO - Sync 1 DAGs
[2025-01-18T13:42:34.313+0000] {logging_mixin.py:151} INFO - [2025-01-18T13:42:34.313+0000] {dag.py:3677} INFO - Setting next_dagrun for example_weekday_branch_operator to 2025-01-17T00:00:00+00:00, run_after=2025-01-18T00:00:00+00:00
[2025-01-18T13:42:34.358+0000] {processor.py:179} INFO - Processing /home/airflow/.local/lib/python3.8/site-packages/airflow/example_dags/example_branch_day_of_week_operator.py took 0.205 seconds
[2025-01-18T13:43:07.320+0000] {processor.py:157} INFO - Started process (PID=512) to work on /home/airflow/.local/lib/python3.8/site-packages/airflow/example_dags/example_branch_day_of_week_operator.py
[2025-01-18T13:43:07.334+0000] {processor.py:829} INFO - Processing file /home/airflow/.local/lib/python3.8/site-packages/airflow/example_dags/example_branch_day_of_week_operator.py for tasks to queue
[2025-01-18T13:43:07.350+0000] {logging_mixin.py:151} INFO - [2025-01-18T13:43:07.338+0000] {dagbag.py:539} INFO - Filling up the DagBag from /home/airflow/.local/lib/python3.8/site-packages/airflow/example_dags/example_branch_day_of_week_operator.py
[2025-01-18T13:43:07.413+0000] {processor.py:839} INFO - DAG(s) dict_keys(['example_weekday_branch_operator']) retrieved from /home/airflow/.local/lib/python3.8/site-packages/airflow/example_dags/example_branch_day_of_week_operator.py
[2025-01-18T13:43:07.525+0000] {logging_mixin.py:151} INFO - [2025-01-18T13:43:07.525+0000] {dag.py:2907} INFO - Sync 1 DAGs
[2025-01-18T13:43:07.656+0000] {logging_mixin.py:151} INFO - [2025-01-18T13:43:07.656+0000] {dag.py:3677} INFO - Setting next_dagrun for example_weekday_branch_operator to 2025-01-17T00:00:00+00:00, run_after=2025-01-18T00:00:00+00:00
[2025-01-18T13:43:07.729+0000] {processor.py:179} INFO - Processing /home/airflow/.local/lib/python3.8/site-packages/airflow/example_dags/example_branch_day_of_week_operator.py took 0.426 seconds
[2025-01-18T13:43:37.923+0000] {processor.py:157} INFO - Started process (PID=598) to work on /home/airflow/.local/lib/python3.8/site-packages/airflow/example_dags/example_branch_day_of_week_operator.py
[2025-01-18T13:43:37.927+0000] {processor.py:829} INFO - Processing file /home/airflow/.local/lib/python3.8/site-packages/airflow/example_dags/example_branch_day_of_week_operator.py for tasks to queue
[2025-01-18T13:43:37.932+0000] {logging_mixin.py:151} INFO - [2025-01-18T13:43:37.931+0000] {dagbag.py:539} INFO - Filling up the DagBag from /home/airflow/.local/lib/python3.8/site-packages/airflow/example_dags/example_branch_day_of_week_operator.py
[2025-01-18T13:43:37.951+0000] {processor.py:839} INFO - DAG(s) dict_keys(['example_weekday_branch_operator']) retrieved from /home/airflow/.local/lib/python3.8/site-packages/airflow/example_dags/example_branch_day_of_week_operator.py
[2025-01-18T13:43:38.013+0000] {logging_mixin.py:151} INFO - [2025-01-18T13:43:38.012+0000] {dag.py:2907} INFO - Sync 1 DAGs
[2025-01-18T13:43:38.086+0000] {logging_mixin.py:151} INFO - [2025-01-18T13:43:38.085+0000] {dag.py:3677} INFO - Setting next_dagrun for example_weekday_branch_operator to 2025-01-17T00:00:00+00:00, run_after=2025-01-18T00:00:00+00:00
[2025-01-18T13:43:38.135+0000] {processor.py:179} INFO - Processing /home/airflow/.local/lib/python3.8/site-packages/airflow/example_dags/example_branch_day_of_week_operator.py took 0.223 seconds
[2025-01-18T13:44:08.351+0000] {processor.py:157} INFO - Started process (PID=673) to work on /home/airflow/.local/lib/python3.8/site-packages/airflow/example_dags/example_branch_day_of_week_operator.py
[2025-01-18T13:44:08.353+0000] {processor.py:829} INFO - Processing file /home/airflow/.local/lib/python3.8/site-packages/airflow/example_dags/example_branch_day_of_week_operator.py for tasks to queue
[2025-01-18T13:44:08.360+0000] {logging_mixin.py:151} INFO - [2025-01-18T13:44:08.359+0000] {dagbag.py:539} INFO - Filling up the DagBag from /home/airflow/.local/lib/python3.8/site-packages/airflow/example_dags/example_branch_day_of_week_operator.py
[2025-01-18T13:44:08.378+0000] {processor.py:839} INFO - DAG(s) dict_keys(['example_weekday_branch_operator']) retrieved from /home/airflow/.local/lib/python3.8/site-packages/airflow/example_dags/example_branch_day_of_week_operator.py
[2025-01-18T13:44:08.416+0000] {logging_mixin.py:151} INFO - [2025-01-18T13:44:08.416+0000] {dag.py:2907} INFO - Sync 1 DAGs
[2025-01-18T13:44:08.464+0000] {logging_mixin.py:151} INFO - [2025-01-18T13:44:08.463+0000] {dag.py:3677} INFO - Setting next_dagrun for example_weekday_branch_operator to 2025-01-17T00:00:00+00:00, run_after=2025-01-18T00:00:00+00:00
[2025-01-18T13:44:08.496+0000] {processor.py:179} INFO - Processing /home/airflow/.local/lib/python3.8/site-packages/airflow/example_dags/example_branch_day_of_week_operator.py took 0.151 seconds
[2025-01-18T13:44:39.363+0000] {processor.py:157} INFO - Started process (PID=759) to work on /home/airflow/.local/lib/python3.8/site-packages/airflow/example_dags/example_branch_day_of_week_operator.py
[2025-01-18T13:44:39.365+0000] {processor.py:829} INFO - Processing file /home/airflow/.local/lib/python3.8/site-packages/airflow/example_dags/example_branch_day_of_week_operator.py for tasks to queue
[2025-01-18T13:44:39.374+0000] {logging_mixin.py:151} INFO - [2025-01-18T13:44:39.373+0000] {dagbag.py:539} INFO - Filling up the DagBag from /home/airflow/.local/lib/python3.8/site-packages/airflow/example_dags/example_branch_day_of_week_operator.py
[2025-01-18T13:44:39.396+0000] {processor.py:839} INFO - DAG(s) dict_keys(['example_weekday_branch_operator']) retrieved from /home/airflow/.local/lib/python3.8/site-packages/airflow/example_dags/example_branch_day_of_week_operator.py
[2025-01-18T13:44:39.443+0000] {logging_mixin.py:151} INFO - [2025-01-18T13:44:39.443+0000] {dag.py:2907} INFO - Sync 1 DAGs
[2025-01-18T13:44:39.502+0000] {logging_mixin.py:151} INFO - [2025-01-18T13:44:39.502+0000] {dag.py:3677} INFO - Setting next_dagrun for example_weekday_branch_operator to 2025-01-17T00:00:00+00:00, run_after=2025-01-18T00:00:00+00:00
[2025-01-18T13:44:39.566+0000] {processor.py:179} INFO - Processing /home/airflow/.local/lib/python3.8/site-packages/airflow/example_dags/example_branch_day_of_week_operator.py took 0.212 seconds
[2025-01-18T13:45:09.954+0000] {processor.py:157} INFO - Started process (PID=837) to work on /home/airflow/.local/lib/python3.8/site-packages/airflow/example_dags/example_branch_day_of_week_operator.py
[2025-01-18T13:45:09.955+0000] {processor.py:829} INFO - Processing file /home/airflow/.local/lib/python3.8/site-packages/airflow/example_dags/example_branch_day_of_week_operator.py for tasks to queue
[2025-01-18T13:45:09.958+0000] {logging_mixin.py:151} INFO - [2025-01-18T13:45:09.958+0000] {dagbag.py:539} INFO - Filling up the DagBag from /home/airflow/.local/lib/python3.8/site-packages/airflow/example_dags/example_branch_day_of_week_operator.py
[2025-01-18T13:45:09.976+0000] {processor.py:839} INFO - DAG(s) dict_keys(['example_weekday_branch_operator']) retrieved from /home/airflow/.local/lib/python3.8/site-packages/airflow/example_dags/example_branch_day_of_week_operator.py
[2025-01-18T13:45:10.032+0000] {logging_mixin.py:151} INFO - [2025-01-18T13:45:10.031+0000] {dag.py:2907} INFO - Sync 1 DAGs
[2025-01-18T13:45:10.093+0000] {logging_mixin.py:151} INFO - [2025-01-18T13:45:10.093+0000] {dag.py:3677} INFO - Setting next_dagrun for example_weekday_branch_operator to 2025-01-17T00:00:00+00:00, run_after=2025-01-18T00:00:00+00:00
[2025-01-18T13:45:10.140+0000] {processor.py:179} INFO - Processing /home/airflow/.local/lib/python3.8/site-packages/airflow/example_dags/example_branch_day_of_week_operator.py took 0.192 seconds
[2025-01-18T13:45:40.212+0000] {processor.py:157} INFO - Started process (PID=923) to work on /home/airflow/.local/lib/python3.8/site-packages/airflow/example_dags/example_branch_day_of_week_operator.py
[2025-01-18T13:45:40.213+0000] {processor.py:829} INFO - Processing file /home/airflow/.local/lib/python3.8/site-packages/airflow/example_dags/example_branch_day_of_week_operator.py for tasks to queue
[2025-01-18T13:45:40.216+0000] {logging_mixin.py:151} INFO - [2025-01-18T13:45:40.216+0000] {dagbag.py:539} INFO - Filling up the DagBag from /home/airflow/.local/lib/python3.8/site-packages/airflow/example_dags/example_branch_day_of_week_operator.py
[2025-01-18T13:45:40.232+0000] {processor.py:839} INFO - DAG(s) dict_keys(['example_weekday_branch_operator']) retrieved from /home/airflow/.local/lib/python3.8/site-packages/airflow/example_dags/example_branch_day_of_week_operator.py
[2025-01-18T13:45:40.260+0000] {logging_mixin.py:151} INFO - [2025-01-18T13:45:40.260+0000] {dag.py:2907} INFO - Sync 1 DAGs
[2025-01-18T13:45:40.299+0000] {logging_mixin.py:151} INFO - [2025-01-18T13:45:40.299+0000] {dag.py:3677} INFO - Setting next_dagrun for example_weekday_branch_operator to 2025-01-17T00:00:00+00:00, run_after=2025-01-18T00:00:00+00:00
[2025-01-18T13:45:40.329+0000] {processor.py:179} INFO - Processing /home/airflow/.local/lib/python3.8/site-packages/airflow/example_dags/example_branch_day_of_week_operator.py took 0.121 seconds
[2025-01-18T13:46:10.486+0000] {processor.py:157} INFO - Started process (PID=1010) to work on /home/airflow/.local/lib/python3.8/site-packages/airflow/example_dags/example_branch_day_of_week_operator.py
[2025-01-18T13:46:10.487+0000] {processor.py:829} INFO - Processing file /home/airflow/.local/lib/python3.8/site-packages/airflow/example_dags/example_branch_day_of_week_operator.py for tasks to queue
[2025-01-18T13:46:10.490+0000] {logging_mixin.py:151} INFO - [2025-01-18T13:46:10.490+0000] {dagbag.py:539} INFO - Filling up the DagBag from /home/airflow/.local/lib/python3.8/site-packages/airflow/example_dags/example_branch_day_of_week_operator.py
[2025-01-18T13:46:10.499+0000] {processor.py:839} INFO - DAG(s) dict_keys(['example_weekday_branch_operator']) retrieved from /home/airflow/.local/lib/python3.8/site-packages/airflow/example_dags/example_branch_day_of_week_operator.py
[2025-01-18T13:46:10.527+0000] {logging_mixin.py:151} INFO - [2025-01-18T13:46:10.527+0000] {dag.py:2907} INFO - Sync 1 DAGs
[2025-01-18T13:46:10.567+0000] {logging_mixin.py:151} INFO - [2025-01-18T13:46:10.566+0000] {dag.py:3677} INFO - Setting next_dagrun for example_weekday_branch_operator to 2025-01-17T00:00:00+00:00, run_after=2025-01-18T00:00:00+00:00
[2025-01-18T13:46:10.597+0000] {processor.py:179} INFO - Processing /home/airflow/.local/lib/python3.8/site-packages/airflow/example_dags/example_branch_day_of_week_operator.py took 0.115 seconds
[2025-01-18T13:46:40.717+0000] {processor.py:157} INFO - Started process (PID=1096) to work on /home/airflow/.local/lib/python3.8/site-packages/airflow/example_dags/example_branch_day_of_week_operator.py
[2025-01-18T13:46:40.718+0000] {processor.py:829} INFO - Processing file /home/airflow/.local/lib/python3.8/site-packages/airflow/example_dags/example_branch_day_of_week_operator.py for tasks to queue
[2025-01-18T13:46:40.721+0000] {logging_mixin.py:151} INFO - [2025-01-18T13:46:40.721+0000] {dagbag.py:539} INFO - Filling up the DagBag from /home/airflow/.local/lib/python3.8/site-packages/airflow/example_dags/example_branch_day_of_week_operator.py
[2025-01-18T13:46:40.731+0000] {processor.py:839} INFO - DAG(s) dict_keys(['example_weekday_branch_operator']) retrieved from /home/airflow/.local/lib/python3.8/site-packages/airflow/example_dags/example_branch_day_of_week_operator.py
[2025-01-18T13:46:40.759+0000] {logging_mixin.py:151} INFO - [2025-01-18T13:46:40.759+0000] {dag.py:2907} INFO - Sync 1 DAGs
[2025-01-18T13:46:40.801+0000] {logging_mixin.py:151} INFO - [2025-01-18T13:46:40.801+0000] {dag.py:3677} INFO - Setting next_dagrun for example_weekday_branch_operator to 2025-01-17T00:00:00+00:00, run_after=2025-01-18T00:00:00+00:00
[2025-01-18T13:46:40.833+0000] {processor.py:179} INFO - Processing /home/airflow/.local/lib/python3.8/site-packages/airflow/example_dags/example_branch_day_of_week_operator.py took 0.120 seconds
[2025-01-18T13:47:11.708+0000] {processor.py:157} INFO - Started process (PID=1182) to work on /home/airflow/.local/lib/python3.8/site-packages/airflow/example_dags/example_branch_day_of_week_operator.py
[2025-01-18T13:47:11.709+0000] {processor.py:829} INFO - Processing file /home/airflow/.local/lib/python3.8/site-packages/airflow/example_dags/example_branch_day_of_week_operator.py for tasks to queue
[2025-01-18T13:47:11.713+0000] {logging_mixin.py:151} INFO - [2025-01-18T13:47:11.712+0000] {dagbag.py:539} INFO - Filling up the DagBag from /home/airflow/.local/lib/python3.8/site-packages/airflow/example_dags/example_branch_day_of_week_operator.py
[2025-01-18T13:47:11.727+0000] {processor.py:839} INFO - DAG(s) dict_keys(['example_weekday_branch_operator']) retrieved from /home/airflow/.local/lib/python3.8/site-packages/airflow/example_dags/example_branch_day_of_week_operator.py
[2025-01-18T13:47:11.760+0000] {logging_mixin.py:151} INFO - [2025-01-18T13:47:11.759+0000] {dag.py:2907} INFO - Sync 1 DAGs
[2025-01-18T13:47:11.796+0000] {logging_mixin.py:151} INFO - [2025-01-18T13:47:11.795+0000] {dag.py:3677} INFO - Setting next_dagrun for example_weekday_branch_operator to 2025-01-17T00:00:00+00:00, run_after=2025-01-18T00:00:00+00:00
[2025-01-18T13:47:11.818+0000] {processor.py:179} INFO - Processing /home/airflow/.local/lib/python3.8/site-packages/airflow/example_dags/example_branch_day_of_week_operator.py took 0.115 seconds
[2025-01-18T13:47:42.088+0000] {processor.py:157} INFO - Started process (PID=1268) to work on /home/airflow/.local/lib/python3.8/site-packages/airflow/example_dags/example_branch_day_of_week_operator.py
[2025-01-18T13:47:42.090+0000] {processor.py:829} INFO - Processing file /home/airflow/.local/lib/python3.8/site-packages/airflow/example_dags/example_branch_day_of_week_operator.py for tasks to queue
[2025-01-18T13:47:42.094+0000] {logging_mixin.py:151} INFO - [2025-01-18T13:47:42.093+0000] {dagbag.py:539} INFO - Filling up the DagBag from /home/airflow/.local/lib/python3.8/site-packages/airflow/example_dags/example_branch_day_of_week_operator.py
[2025-01-18T13:47:42.107+0000] {processor.py:839} INFO - DAG(s) dict_keys(['example_weekday_branch_operator']) retrieved from /home/airflow/.local/lib/python3.8/site-packages/airflow/example_dags/example_branch_day_of_week_operator.py
[2025-01-18T13:47:42.148+0000] {logging_mixin.py:151} INFO - [2025-01-18T13:47:42.148+0000] {dag.py:2907} INFO - Sync 1 DAGs
[2025-01-18T13:47:42.193+0000] {logging_mixin.py:151} INFO - [2025-01-18T13:47:42.192+0000] {dag.py:3677} INFO - Setting next_dagrun for example_weekday_branch_operator to 2025-01-17T00:00:00+00:00, run_after=2025-01-18T00:00:00+00:00
[2025-01-18T13:47:42.227+0000] {processor.py:179} INFO - Processing /home/airflow/.local/lib/python3.8/site-packages/airflow/example_dags/example_branch_day_of_week_operator.py took 0.145 seconds
[2025-01-18T13:48:14.612+0000] {processor.py:157} INFO - Started process (PID=1343) to work on /home/airflow/.local/lib/python3.8/site-packages/airflow/example_dags/example_branch_day_of_week_operator.py
[2025-01-18T13:48:14.614+0000] {processor.py:829} INFO - Processing file /home/airflow/.local/lib/python3.8/site-packages/airflow/example_dags/example_branch_day_of_week_operator.py for tasks to queue
[2025-01-18T13:48:14.619+0000] {logging_mixin.py:151} INFO - [2025-01-18T13:48:14.618+0000] {dagbag.py:539} INFO - Filling up the DagBag from /home/airflow/.local/lib/python3.8/site-packages/airflow/example_dags/example_branch_day_of_week_operator.py
[2025-01-18T13:48:14.641+0000] {processor.py:839} INFO - DAG(s) dict_keys(['example_weekday_branch_operator']) retrieved from /home/airflow/.local/lib/python3.8/site-packages/airflow/example_dags/example_branch_day_of_week_operator.py
[2025-01-18T13:48:14.699+0000] {logging_mixin.py:151} INFO - [2025-01-18T13:48:14.699+0000] {dag.py:2907} INFO - Sync 1 DAGs
[2025-01-18T13:48:14.752+0000] {logging_mixin.py:151} INFO - [2025-01-18T13:48:14.751+0000] {dag.py:3677} INFO - Setting next_dagrun for example_weekday_branch_operator to 2025-01-17T00:00:00+00:00, run_after=2025-01-18T00:00:00+00:00
[2025-01-18T13:48:14.786+0000] {processor.py:179} INFO - Processing /home/airflow/.local/lib/python3.8/site-packages/airflow/example_dags/example_branch_day_of_week_operator.py took 0.187 seconds
[2025-01-18T13:48:44.942+0000] {processor.py:157} INFO - Started process (PID=1430) to work on /home/airflow/.local/lib/python3.8/site-packages/airflow/example_dags/example_branch_day_of_week_operator.py
[2025-01-18T13:48:44.944+0000] {processor.py:829} INFO - Processing file /home/airflow/.local/lib/python3.8/site-packages/airflow/example_dags/example_branch_day_of_week_operator.py for tasks to queue
[2025-01-18T13:48:44.948+0000] {logging_mixin.py:151} INFO - [2025-01-18T13:48:44.948+0000] {dagbag.py:539} INFO - Filling up the DagBag from /home/airflow/.local/lib/python3.8/site-packages/airflow/example_dags/example_branch_day_of_week_operator.py
[2025-01-18T13:48:44.965+0000] {processor.py:839} INFO - DAG(s) dict_keys(['example_weekday_branch_operator']) retrieved from /home/airflow/.local/lib/python3.8/site-packages/airflow/example_dags/example_branch_day_of_week_operator.py
[2025-01-18T13:48:45.014+0000] {logging_mixin.py:151} INFO - [2025-01-18T13:48:45.013+0000] {dag.py:2907} INFO - Sync 1 DAGs
[2025-01-18T13:48:45.070+0000] {logging_mixin.py:151} INFO - [2025-01-18T13:48:45.069+0000] {dag.py:3677} INFO - Setting next_dagrun for example_weekday_branch_operator to 2025-01-17T00:00:00+00:00, run_after=2025-01-18T00:00:00+00:00
[2025-01-18T13:48:45.108+0000] {processor.py:179} INFO - Processing /home/airflow/.local/lib/python3.8/site-packages/airflow/example_dags/example_branch_day_of_week_operator.py took 0.173 seconds
[2025-01-18T13:49:15.306+0000] {processor.py:157} INFO - Started process (PID=1509) to work on /home/airflow/.local/lib/python3.8/site-packages/airflow/example_dags/example_branch_day_of_week_operator.py
[2025-01-18T13:49:15.307+0000] {processor.py:829} INFO - Processing file /home/airflow/.local/lib/python3.8/site-packages/airflow/example_dags/example_branch_day_of_week_operator.py for tasks to queue
[2025-01-18T13:49:15.310+0000] {logging_mixin.py:151} INFO - [2025-01-18T13:49:15.310+0000] {dagbag.py:539} INFO - Filling up the DagBag from /home/airflow/.local/lib/python3.8/site-packages/airflow/example_dags/example_branch_day_of_week_operator.py
[2025-01-18T13:49:15.324+0000] {processor.py:839} INFO - DAG(s) dict_keys(['example_weekday_branch_operator']) retrieved from /home/airflow/.local/lib/python3.8/site-packages/airflow/example_dags/example_branch_day_of_week_operator.py
[2025-01-18T13:49:15.361+0000] {logging_mixin.py:151} INFO - [2025-01-18T13:49:15.360+0000] {dag.py:2907} INFO - Sync 1 DAGs
[2025-01-18T13:49:15.399+0000] {logging_mixin.py:151} INFO - [2025-01-18T13:49:15.399+0000] {dag.py:3677} INFO - Setting next_dagrun for example_weekday_branch_operator to 2025-01-17T00:00:00+00:00, run_after=2025-01-18T00:00:00+00:00
[2025-01-18T13:49:15.428+0000] {processor.py:179} INFO - Processing /home/airflow/.local/lib/python3.8/site-packages/airflow/example_dags/example_branch_day_of_week_operator.py took 0.128 seconds
[2025-01-18T13:49:45.977+0000] {processor.py:157} INFO - Started process (PID=1594) to work on /home/airflow/.local/lib/python3.8/site-packages/airflow/example_dags/example_branch_day_of_week_operator.py
[2025-01-18T13:49:45.978+0000] {processor.py:829} INFO - Processing file /home/airflow/.local/lib/python3.8/site-packages/airflow/example_dags/example_branch_day_of_week_operator.py for tasks to queue
[2025-01-18T13:49:45.981+0000] {logging_mixin.py:151} INFO - [2025-01-18T13:49:45.980+0000] {dagbag.py:539} INFO - Filling up the DagBag from /home/airflow/.local/lib/python3.8/site-packages/airflow/example_dags/example_branch_day_of_week_operator.py
[2025-01-18T13:49:45.990+0000] {processor.py:839} INFO - DAG(s) dict_keys(['example_weekday_branch_operator']) retrieved from /home/airflow/.local/lib/python3.8/site-packages/airflow/example_dags/example_branch_day_of_week_operator.py
[2025-01-18T13:49:46.018+0000] {logging_mixin.py:151} INFO - [2025-01-18T13:49:46.018+0000] {dag.py:2907} INFO - Sync 1 DAGs
[2025-01-18T13:49:46.048+0000] {logging_mixin.py:151} INFO - [2025-01-18T13:49:46.048+0000] {dag.py:3677} INFO - Setting next_dagrun for example_weekday_branch_operator to 2025-01-17T00:00:00+00:00, run_after=2025-01-18T00:00:00+00:00
[2025-01-18T13:49:46.070+0000] {processor.py:179} INFO - Processing /home/airflow/.local/lib/python3.8/site-packages/airflow/example_dags/example_branch_day_of_week_operator.py took 0.100 seconds
[2025-01-18T13:50:17.230+0000] {processor.py:157} INFO - Started process (PID=1692) to work on /home/airflow/.local/lib/python3.8/site-packages/airflow/example_dags/example_branch_day_of_week_operator.py
[2025-01-18T13:50:17.232+0000] {processor.py:829} INFO - Processing file /home/airflow/.local/lib/python3.8/site-packages/airflow/example_dags/example_branch_day_of_week_operator.py for tasks to queue
[2025-01-18T13:50:17.237+0000] {logging_mixin.py:151} INFO - [2025-01-18T13:50:17.237+0000] {dagbag.py:539} INFO - Filling up the DagBag from /home/airflow/.local/lib/python3.8/site-packages/airflow/example_dags/example_branch_day_of_week_operator.py
[2025-01-18T13:50:17.257+0000] {processor.py:839} INFO - DAG(s) dict_keys(['example_weekday_branch_operator']) retrieved from /home/airflow/.local/lib/python3.8/site-packages/airflow/example_dags/example_branch_day_of_week_operator.py
[2025-01-18T13:50:17.300+0000] {logging_mixin.py:151} INFO - [2025-01-18T13:50:17.300+0000] {dag.py:2907} INFO - Sync 1 DAGs
[2025-01-18T13:50:17.348+0000] {logging_mixin.py:151} INFO - [2025-01-18T13:50:17.348+0000] {dag.py:3677} INFO - Setting next_dagrun for example_weekday_branch_operator to 2025-01-17T00:00:00+00:00, run_after=2025-01-18T00:00:00+00:00
[2025-01-18T13:50:17.383+0000] {processor.py:179} INFO - Processing /home/airflow/.local/lib/python3.8/site-packages/airflow/example_dags/example_branch_day_of_week_operator.py took 0.160 seconds
[2025-01-18T13:50:47.601+0000] {processor.py:157} INFO - Started process (PID=1801) to work on /home/airflow/.local/lib/python3.8/site-packages/airflow/example_dags/example_branch_day_of_week_operator.py
[2025-01-18T13:50:47.602+0000] {processor.py:829} INFO - Processing file /home/airflow/.local/lib/python3.8/site-packages/airflow/example_dags/example_branch_day_of_week_operator.py for tasks to queue
[2025-01-18T13:50:47.605+0000] {logging_mixin.py:151} INFO - [2025-01-18T13:50:47.605+0000] {dagbag.py:539} INFO - Filling up the DagBag from /home/airflow/.local/lib/python3.8/site-packages/airflow/example_dags/example_branch_day_of_week_operator.py
[2025-01-18T13:50:47.613+0000] {processor.py:839} INFO - DAG(s) dict_keys(['example_weekday_branch_operator']) retrieved from /home/airflow/.local/lib/python3.8/site-packages/airflow/example_dags/example_branch_day_of_week_operator.py
[2025-01-18T13:50:47.636+0000] {logging_mixin.py:151} INFO - [2025-01-18T13:50:47.636+0000] {dag.py:2907} INFO - Sync 1 DAGs
[2025-01-18T13:50:47.661+0000] {logging_mixin.py:151} INFO - [2025-01-18T13:50:47.661+0000] {dag.py:3677} INFO - Setting next_dagrun for example_weekday_branch_operator to 2025-01-17T00:00:00+00:00, run_after=2025-01-18T00:00:00+00:00
[2025-01-18T13:50:47.680+0000] {processor.py:179} INFO - Processing /home/airflow/.local/lib/python3.8/site-packages/airflow/example_dags/example_branch_day_of_week_operator.py took 0.082 seconds
[2025-01-18T13:51:18.331+0000] {processor.py:157} INFO - Started process (PID=1898) to work on /home/airflow/.local/lib/python3.8/site-packages/airflow/example_dags/example_branch_day_of_week_operator.py
[2025-01-18T13:51:18.333+0000] {processor.py:829} INFO - Processing file /home/airflow/.local/lib/python3.8/site-packages/airflow/example_dags/example_branch_day_of_week_operator.py for tasks to queue
[2025-01-18T13:51:18.335+0000] {logging_mixin.py:151} INFO - [2025-01-18T13:51:18.335+0000] {dagbag.py:539} INFO - Filling up the DagBag from /home/airflow/.local/lib/python3.8/site-packages/airflow/example_dags/example_branch_day_of_week_operator.py
[2025-01-18T13:51:18.345+0000] {processor.py:839} INFO - DAG(s) dict_keys(['example_weekday_branch_operator']) retrieved from /home/airflow/.local/lib/python3.8/site-packages/airflow/example_dags/example_branch_day_of_week_operator.py
[2025-01-18T13:51:18.372+0000] {logging_mixin.py:151} INFO - [2025-01-18T13:51:18.372+0000] {dag.py:2907} INFO - Sync 1 DAGs
[2025-01-18T13:51:18.398+0000] {logging_mixin.py:151} INFO - [2025-01-18T13:51:18.398+0000] {dag.py:3677} INFO - Setting next_dagrun for example_weekday_branch_operator to 2025-01-17T00:00:00+00:00, run_after=2025-01-18T00:00:00+00:00
[2025-01-18T13:51:18.418+0000] {processor.py:179} INFO - Processing /home/airflow/.local/lib/python3.8/site-packages/airflow/example_dags/example_branch_day_of_week_operator.py took 0.090 seconds
[2025-01-18T15:08:45.045+0000] {processor.py:157} INFO - Started process (PID=16156) to work on /home/airflow/.local/lib/python3.8/site-packages/airflow/example_dags/example_branch_day_of_week_operator.py
[2025-01-18T15:08:45.046+0000] {processor.py:829} INFO - Processing file /home/airflow/.local/lib/python3.8/site-packages/airflow/example_dags/example_branch_day_of_week_operator.py for tasks to queue
[2025-01-18T15:08:45.049+0000] {logging_mixin.py:151} INFO - [2025-01-18T15:08:45.049+0000] {dagbag.py:539} INFO - Filling up the DagBag from /home/airflow/.local/lib/python3.8/site-packages/airflow/example_dags/example_branch_day_of_week_operator.py
[2025-01-18T15:08:45.059+0000] {processor.py:839} INFO - DAG(s) dict_keys(['example_weekday_branch_operator']) retrieved from /home/airflow/.local/lib/python3.8/site-packages/airflow/example_dags/example_branch_day_of_week_operator.py
[2025-01-18T15:08:45.085+0000] {logging_mixin.py:151} INFO - [2025-01-18T15:08:45.085+0000] {dag.py:2907} INFO - Sync 1 DAGs
[2025-01-18T15:08:45.113+0000] {logging_mixin.py:151} INFO - [2025-01-18T15:08:45.113+0000] {dag.py:3677} INFO - Setting next_dagrun for example_weekday_branch_operator to 2025-01-17T00:00:00+00:00, run_after=2025-01-18T00:00:00+00:00
[2025-01-18T15:08:45.131+0000] {processor.py:179} INFO - Processing /home/airflow/.local/lib/python3.8/site-packages/airflow/example_dags/example_branch_day_of_week_operator.py took 0.090 seconds
[2025-01-18T15:09:16.004+0000] {processor.py:157} INFO - Started process (PID=16267) to work on /home/airflow/.local/lib/python3.8/site-packages/airflow/example_dags/example_branch_day_of_week_operator.py
[2025-01-18T15:09:16.005+0000] {processor.py:829} INFO - Processing file /home/airflow/.local/lib/python3.8/site-packages/airflow/example_dags/example_branch_day_of_week_operator.py for tasks to queue
[2025-01-18T15:09:16.008+0000] {logging_mixin.py:151} INFO - [2025-01-18T15:09:16.008+0000] {dagbag.py:539} INFO - Filling up the DagBag from /home/airflow/.local/lib/python3.8/site-packages/airflow/example_dags/example_branch_day_of_week_operator.py
[2025-01-18T15:09:16.016+0000] {processor.py:839} INFO - DAG(s) dict_keys(['example_weekday_branch_operator']) retrieved from /home/airflow/.local/lib/python3.8/site-packages/airflow/example_dags/example_branch_day_of_week_operator.py
[2025-01-18T15:09:16.047+0000] {logging_mixin.py:151} INFO - [2025-01-18T15:09:16.046+0000] {dag.py:2907} INFO - Sync 1 DAGs
[2025-01-18T15:09:16.102+0000] {logging_mixin.py:151} INFO - [2025-01-18T15:09:16.102+0000] {dag.py:3677} INFO - Setting next_dagrun for example_weekday_branch_operator to 2025-01-17T00:00:00+00:00, run_after=2025-01-18T00:00:00+00:00
[2025-01-18T15:09:16.142+0000] {processor.py:179} INFO - Processing /home/airflow/.local/lib/python3.8/site-packages/airflow/example_dags/example_branch_day_of_week_operator.py took 0.142 seconds
