[2025-01-18T00:11:06.417+0000] {processor.py:157} INFO - Started process (PID=101) to work on /home/airflow/.local/lib/python3.8/site-packages/airflow/example_dags/example_branch_operator.py
[2025-01-18T00:11:06.421+0000] {processor.py:829} INFO - Processing file /home/airflow/.local/lib/python3.8/site-packages/airflow/example_dags/example_branch_operator.py for tasks to queue
[2025-01-18T00:11:06.437+0000] {logging_mixin.py:151} INFO - [2025-01-18T00:11:06.436+0000] {dagbag.py:539} INFO - Filling up the DagBag from /home/airflow/.local/lib/python3.8/site-packages/airflow/example_dags/example_branch_operator.py
[2025-01-18T00:11:06.485+0000] {processor.py:839} INFO - DAG(s) dict_keys(['example_branch_operator']) retrieved from /home/airflow/.local/lib/python3.8/site-packages/airflow/example_dags/example_branch_operator.py
[2025-01-18T00:11:06.643+0000] {logging_mixin.py:151} INFO - [2025-01-18T00:11:06.643+0000] {dag.py:2907} INFO - Sync 1 DAGs
[2025-01-18T00:11:06.770+0000] {logging_mixin.py:151} INFO - [2025-01-18T00:11:06.769+0000] {dag.py:3677} INFO - Setting next_dagrun for example_branch_operator to 2025-01-17T00:00:00+00:00, run_after=2025-01-18T00:00:00+00:00
[2025-01-18T00:11:06.922+0000] {processor.py:179} INFO - Processing /home/airflow/.local/lib/python3.8/site-packages/airflow/example_dags/example_branch_operator.py took 0.518 seconds
[2025-01-18T00:11:37.451+0000] {processor.py:157} INFO - Started process (PID=192) to work on /home/airflow/.local/lib/python3.8/site-packages/airflow/example_dags/example_branch_operator.py
[2025-01-18T00:11:37.454+0000] {processor.py:829} INFO - Processing file /home/airflow/.local/lib/python3.8/site-packages/airflow/example_dags/example_branch_operator.py for tasks to queue
[2025-01-18T00:11:37.463+0000] {logging_mixin.py:151} INFO - [2025-01-18T00:11:37.460+0000] {dagbag.py:539} INFO - Filling up the DagBag from /home/airflow/.local/lib/python3.8/site-packages/airflow/example_dags/example_branch_operator.py
[2025-01-18T00:11:37.527+0000] {processor.py:839} INFO - DAG(s) dict_keys(['example_branch_operator']) retrieved from /home/airflow/.local/lib/python3.8/site-packages/airflow/example_dags/example_branch_operator.py
[2025-01-18T00:11:37.614+0000] {logging_mixin.py:151} INFO - [2025-01-18T00:11:37.613+0000] {dag.py:2907} INFO - Sync 1 DAGs
[2025-01-18T00:11:37.712+0000] {logging_mixin.py:151} INFO - [2025-01-18T00:11:37.711+0000] {dag.py:3677} INFO - Setting next_dagrun for example_branch_operator to 2025-01-17T00:00:00+00:00, run_after=2025-01-18T00:00:00+00:00
[2025-01-18T00:11:37.802+0000] {processor.py:179} INFO - Processing /home/airflow/.local/lib/python3.8/site-packages/airflow/example_dags/example_branch_operator.py took 0.359 seconds
[2025-01-18T00:12:08.161+0000] {processor.py:157} INFO - Started process (PID=281) to work on /home/airflow/.local/lib/python3.8/site-packages/airflow/example_dags/example_branch_operator.py
[2025-01-18T00:12:08.163+0000] {processor.py:829} INFO - Processing file /home/airflow/.local/lib/python3.8/site-packages/airflow/example_dags/example_branch_operator.py for tasks to queue
[2025-01-18T00:12:08.169+0000] {logging_mixin.py:151} INFO - [2025-01-18T00:12:08.169+0000] {dagbag.py:539} INFO - Filling up the DagBag from /home/airflow/.local/lib/python3.8/site-packages/airflow/example_dags/example_branch_operator.py
[2025-01-18T00:12:08.195+0000] {processor.py:839} INFO - DAG(s) dict_keys(['example_branch_operator']) retrieved from /home/airflow/.local/lib/python3.8/site-packages/airflow/example_dags/example_branch_operator.py
[2025-01-18T00:12:08.236+0000] {logging_mixin.py:151} INFO - [2025-01-18T00:12:08.236+0000] {dag.py:2907} INFO - Sync 1 DAGs
[2025-01-18T00:12:08.278+0000] {logging_mixin.py:151} INFO - [2025-01-18T00:12:08.277+0000] {dag.py:3677} INFO - Setting next_dagrun for example_branch_operator to 2025-01-17T00:00:00+00:00, run_after=2025-01-18T00:00:00+00:00
[2025-01-18T00:12:08.326+0000] {processor.py:179} INFO - Processing /home/airflow/.local/lib/python3.8/site-packages/airflow/example_dags/example_branch_operator.py took 0.172 seconds
[2025-01-18T00:12:38.465+0000] {processor.py:157} INFO - Started process (PID=367) to work on /home/airflow/.local/lib/python3.8/site-packages/airflow/example_dags/example_branch_operator.py
[2025-01-18T00:12:38.466+0000] {processor.py:829} INFO - Processing file /home/airflow/.local/lib/python3.8/site-packages/airflow/example_dags/example_branch_operator.py for tasks to queue
[2025-01-18T00:12:38.469+0000] {logging_mixin.py:151} INFO - [2025-01-18T00:12:38.468+0000] {dagbag.py:539} INFO - Filling up the DagBag from /home/airflow/.local/lib/python3.8/site-packages/airflow/example_dags/example_branch_operator.py
[2025-01-18T00:12:38.478+0000] {processor.py:839} INFO - DAG(s) dict_keys(['example_branch_operator']) retrieved from /home/airflow/.local/lib/python3.8/site-packages/airflow/example_dags/example_branch_operator.py
[2025-01-18T00:12:38.501+0000] {logging_mixin.py:151} INFO - [2025-01-18T00:12:38.501+0000] {dag.py:2907} INFO - Sync 1 DAGs
[2025-01-18T00:12:38.523+0000] {logging_mixin.py:151} INFO - [2025-01-18T00:12:38.522+0000] {dag.py:3677} INFO - Setting next_dagrun for example_branch_operator to 2025-01-17T00:00:00+00:00, run_after=2025-01-18T00:00:00+00:00
[2025-01-18T00:12:38.564+0000] {processor.py:179} INFO - Processing /home/airflow/.local/lib/python3.8/site-packages/airflow/example_dags/example_branch_operator.py took 0.101 seconds
[2025-01-18T00:14:24.462+0000] {processor.py:157} INFO - Started process (PID=82) to work on /home/airflow/.local/lib/python3.8/site-packages/airflow/example_dags/example_branch_operator.py
[2025-01-18T00:14:24.472+0000] {processor.py:829} INFO - Processing file /home/airflow/.local/lib/python3.8/site-packages/airflow/example_dags/example_branch_operator.py for tasks to queue
[2025-01-18T00:14:24.494+0000] {logging_mixin.py:151} INFO - [2025-01-18T00:14:24.490+0000] {dagbag.py:539} INFO - Filling up the DagBag from /home/airflow/.local/lib/python3.8/site-packages/airflow/example_dags/example_branch_operator.py
[2025-01-18T00:14:24.548+0000] {processor.py:839} INFO - DAG(s) dict_keys(['example_branch_operator']) retrieved from /home/airflow/.local/lib/python3.8/site-packages/airflow/example_dags/example_branch_operator.py
[2025-01-18T00:14:24.623+0000] {logging_mixin.py:151} INFO - [2025-01-18T00:14:24.623+0000] {dag.py:2907} INFO - Sync 1 DAGs
[2025-01-18T00:14:24.713+0000] {logging_mixin.py:151} INFO - [2025-01-18T00:14:24.713+0000] {dag.py:3677} INFO - Setting next_dagrun for example_branch_operator to 2025-01-17T00:00:00+00:00, run_after=2025-01-18T00:00:00+00:00
[2025-01-18T00:14:24.762+0000] {processor.py:179} INFO - Processing /home/airflow/.local/lib/python3.8/site-packages/airflow/example_dags/example_branch_operator.py took 0.326 seconds
[2025-01-18T00:14:55.119+0000] {processor.py:157} INFO - Started process (PID=160) to work on /home/airflow/.local/lib/python3.8/site-packages/airflow/example_dags/example_branch_operator.py
[2025-01-18T00:14:55.121+0000] {processor.py:829} INFO - Processing file /home/airflow/.local/lib/python3.8/site-packages/airflow/example_dags/example_branch_operator.py for tasks to queue
[2025-01-18T00:14:55.125+0000] {logging_mixin.py:151} INFO - [2025-01-18T00:14:55.124+0000] {dagbag.py:539} INFO - Filling up the DagBag from /home/airflow/.local/lib/python3.8/site-packages/airflow/example_dags/example_branch_operator.py
[2025-01-18T00:14:55.141+0000] {processor.py:839} INFO - DAG(s) dict_keys(['example_branch_operator']) retrieved from /home/airflow/.local/lib/python3.8/site-packages/airflow/example_dags/example_branch_operator.py
[2025-01-18T00:14:55.176+0000] {logging_mixin.py:151} INFO - [2025-01-18T00:14:55.175+0000] {dag.py:2907} INFO - Sync 1 DAGs
[2025-01-18T00:14:55.215+0000] {logging_mixin.py:151} INFO - [2025-01-18T00:14:55.215+0000] {dag.py:3677} INFO - Setting next_dagrun for example_branch_operator to 2025-01-17T00:00:00+00:00, run_after=2025-01-18T00:00:00+00:00
[2025-01-18T00:14:55.256+0000] {processor.py:179} INFO - Processing /home/airflow/.local/lib/python3.8/site-packages/airflow/example_dags/example_branch_operator.py took 0.142 seconds
[2025-01-18T00:15:25.886+0000] {processor.py:157} INFO - Started process (PID=246) to work on /home/airflow/.local/lib/python3.8/site-packages/airflow/example_dags/example_branch_operator.py
[2025-01-18T00:15:25.888+0000] {processor.py:829} INFO - Processing file /home/airflow/.local/lib/python3.8/site-packages/airflow/example_dags/example_branch_operator.py for tasks to queue
[2025-01-18T00:15:25.893+0000] {logging_mixin.py:151} INFO - [2025-01-18T00:15:25.892+0000] {dagbag.py:539} INFO - Filling up the DagBag from /home/airflow/.local/lib/python3.8/site-packages/airflow/example_dags/example_branch_operator.py
[2025-01-18T00:15:25.918+0000] {processor.py:839} INFO - DAG(s) dict_keys(['example_branch_operator']) retrieved from /home/airflow/.local/lib/python3.8/site-packages/airflow/example_dags/example_branch_operator.py
[2025-01-18T00:15:25.996+0000] {logging_mixin.py:151} INFO - [2025-01-18T00:15:25.995+0000] {dag.py:2907} INFO - Sync 1 DAGs
[2025-01-18T00:15:26.078+0000] {logging_mixin.py:151} INFO - [2025-01-18T00:15:26.077+0000] {dag.py:3677} INFO - Setting next_dagrun for example_branch_operator to 2025-01-17T00:00:00+00:00, run_after=2025-01-18T00:00:00+00:00
[2025-01-18T00:15:26.134+0000] {processor.py:179} INFO - Processing /home/airflow/.local/lib/python3.8/site-packages/airflow/example_dags/example_branch_operator.py took 0.254 seconds
[2025-01-18T00:15:56.821+0000] {processor.py:157} INFO - Started process (PID=332) to work on /home/airflow/.local/lib/python3.8/site-packages/airflow/example_dags/example_branch_operator.py
[2025-01-18T00:15:56.823+0000] {processor.py:829} INFO - Processing file /home/airflow/.local/lib/python3.8/site-packages/airflow/example_dags/example_branch_operator.py for tasks to queue
[2025-01-18T00:15:56.827+0000] {logging_mixin.py:151} INFO - [2025-01-18T00:15:56.827+0000] {dagbag.py:539} INFO - Filling up the DagBag from /home/airflow/.local/lib/python3.8/site-packages/airflow/example_dags/example_branch_operator.py
[2025-01-18T00:15:56.844+0000] {processor.py:839} INFO - DAG(s) dict_keys(['example_branch_operator']) retrieved from /home/airflow/.local/lib/python3.8/site-packages/airflow/example_dags/example_branch_operator.py
[2025-01-18T00:15:56.890+0000] {logging_mixin.py:151} INFO - [2025-01-18T00:15:56.890+0000] {dag.py:2907} INFO - Sync 1 DAGs
[2025-01-18T00:15:56.930+0000] {logging_mixin.py:151} INFO - [2025-01-18T00:15:56.930+0000] {dag.py:3677} INFO - Setting next_dagrun for example_branch_operator to 2025-01-17T00:00:00+00:00, run_after=2025-01-18T00:00:00+00:00
[2025-01-18T00:15:56.958+0000] {processor.py:179} INFO - Processing /home/airflow/.local/lib/python3.8/site-packages/airflow/example_dags/example_branch_operator.py took 0.142 seconds
[2025-01-18T00:16:28.366+0000] {processor.py:157} INFO - Started process (PID=418) to work on /home/airflow/.local/lib/python3.8/site-packages/airflow/example_dags/example_branch_operator.py
[2025-01-18T00:16:28.372+0000] {processor.py:829} INFO - Processing file /home/airflow/.local/lib/python3.8/site-packages/airflow/example_dags/example_branch_operator.py for tasks to queue
[2025-01-18T00:16:28.378+0000] {logging_mixin.py:151} INFO - [2025-01-18T00:16:28.378+0000] {dagbag.py:539} INFO - Filling up the DagBag from /home/airflow/.local/lib/python3.8/site-packages/airflow/example_dags/example_branch_operator.py
[2025-01-18T00:16:28.421+0000] {processor.py:839} INFO - DAG(s) dict_keys(['example_branch_operator']) retrieved from /home/airflow/.local/lib/python3.8/site-packages/airflow/example_dags/example_branch_operator.py
[2025-01-18T00:16:28.490+0000] {logging_mixin.py:151} INFO - [2025-01-18T00:16:28.489+0000] {dag.py:2907} INFO - Sync 1 DAGs
[2025-01-18T00:16:28.572+0000] {logging_mixin.py:151} INFO - [2025-01-18T00:16:28.571+0000] {dag.py:3677} INFO - Setting next_dagrun for example_branch_operator to 2025-01-17T00:00:00+00:00, run_after=2025-01-18T00:00:00+00:00
[2025-01-18T00:16:28.656+0000] {processor.py:179} INFO - Processing /home/airflow/.local/lib/python3.8/site-packages/airflow/example_dags/example_branch_operator.py took 0.301 seconds
[2025-01-18T00:16:59.087+0000] {processor.py:157} INFO - Started process (PID=502) to work on /home/airflow/.local/lib/python3.8/site-packages/airflow/example_dags/example_branch_operator.py
[2025-01-18T00:16:59.089+0000] {processor.py:829} INFO - Processing file /home/airflow/.local/lib/python3.8/site-packages/airflow/example_dags/example_branch_operator.py for tasks to queue
[2025-01-18T00:16:59.093+0000] {logging_mixin.py:151} INFO - [2025-01-18T00:16:59.092+0000] {dagbag.py:539} INFO - Filling up the DagBag from /home/airflow/.local/lib/python3.8/site-packages/airflow/example_dags/example_branch_operator.py
[2025-01-18T00:16:59.117+0000] {processor.py:839} INFO - DAG(s) dict_keys(['example_branch_operator']) retrieved from /home/airflow/.local/lib/python3.8/site-packages/airflow/example_dags/example_branch_operator.py
[2025-01-18T00:16:59.172+0000] {logging_mixin.py:151} INFO - [2025-01-18T00:16:59.172+0000] {dag.py:2907} INFO - Sync 1 DAGs
[2025-01-18T00:16:59.228+0000] {logging_mixin.py:151} INFO - [2025-01-18T00:16:59.228+0000] {dag.py:3677} INFO - Setting next_dagrun for example_branch_operator to 2025-01-17T00:00:00+00:00, run_after=2025-01-18T00:00:00+00:00
[2025-01-18T00:16:59.268+0000] {processor.py:179} INFO - Processing /home/airflow/.local/lib/python3.8/site-packages/airflow/example_dags/example_branch_operator.py took 0.189 seconds
[2025-01-18T00:17:30.206+0000] {processor.py:157} INFO - Started process (PID=588) to work on /home/airflow/.local/lib/python3.8/site-packages/airflow/example_dags/example_branch_operator.py
[2025-01-18T00:17:30.209+0000] {processor.py:829} INFO - Processing file /home/airflow/.local/lib/python3.8/site-packages/airflow/example_dags/example_branch_operator.py for tasks to queue
[2025-01-18T00:17:30.215+0000] {logging_mixin.py:151} INFO - [2025-01-18T00:17:30.214+0000] {dagbag.py:539} INFO - Filling up the DagBag from /home/airflow/.local/lib/python3.8/site-packages/airflow/example_dags/example_branch_operator.py
[2025-01-18T00:17:30.254+0000] {processor.py:839} INFO - DAG(s) dict_keys(['example_branch_operator']) retrieved from /home/airflow/.local/lib/python3.8/site-packages/airflow/example_dags/example_branch_operator.py
[2025-01-18T00:17:30.350+0000] {logging_mixin.py:151} INFO - [2025-01-18T00:17:30.349+0000] {dag.py:2907} INFO - Sync 1 DAGs
[2025-01-18T00:17:30.433+0000] {logging_mixin.py:151} INFO - [2025-01-18T00:17:30.432+0000] {dag.py:3677} INFO - Setting next_dagrun for example_branch_operator to 2025-01-17T00:00:00+00:00, run_after=2025-01-18T00:00:00+00:00
[2025-01-18T00:17:30.499+0000] {processor.py:179} INFO - Processing /home/airflow/.local/lib/python3.8/site-packages/airflow/example_dags/example_branch_operator.py took 0.301 seconds
[2025-01-18T00:18:00.784+0000] {processor.py:157} INFO - Started process (PID=666) to work on /home/airflow/.local/lib/python3.8/site-packages/airflow/example_dags/example_branch_operator.py
[2025-01-18T00:18:00.785+0000] {processor.py:829} INFO - Processing file /home/airflow/.local/lib/python3.8/site-packages/airflow/example_dags/example_branch_operator.py for tasks to queue
[2025-01-18T00:18:00.788+0000] {logging_mixin.py:151} INFO - [2025-01-18T00:18:00.788+0000] {dagbag.py:539} INFO - Filling up the DagBag from /home/airflow/.local/lib/python3.8/site-packages/airflow/example_dags/example_branch_operator.py
[2025-01-18T00:18:00.802+0000] {processor.py:839} INFO - DAG(s) dict_keys(['example_branch_operator']) retrieved from /home/airflow/.local/lib/python3.8/site-packages/airflow/example_dags/example_branch_operator.py
[2025-01-18T00:18:00.840+0000] {logging_mixin.py:151} INFO - [2025-01-18T00:18:00.839+0000] {dag.py:2907} INFO - Sync 1 DAGs
[2025-01-18T00:18:00.884+0000] {logging_mixin.py:151} INFO - [2025-01-18T00:18:00.883+0000] {dag.py:3677} INFO - Setting next_dagrun for example_branch_operator to 2025-01-17T00:00:00+00:00, run_after=2025-01-18T00:00:00+00:00
[2025-01-18T00:18:00.915+0000] {processor.py:179} INFO - Processing /home/airflow/.local/lib/python3.8/site-packages/airflow/example_dags/example_branch_operator.py took 0.135 seconds
[2025-01-18T00:18:31.482+0000] {processor.py:157} INFO - Started process (PID=752) to work on /home/airflow/.local/lib/python3.8/site-packages/airflow/example_dags/example_branch_operator.py
[2025-01-18T00:18:31.484+0000] {processor.py:829} INFO - Processing file /home/airflow/.local/lib/python3.8/site-packages/airflow/example_dags/example_branch_operator.py for tasks to queue
[2025-01-18T00:18:31.487+0000] {logging_mixin.py:151} INFO - [2025-01-18T00:18:31.487+0000] {dagbag.py:539} INFO - Filling up the DagBag from /home/airflow/.local/lib/python3.8/site-packages/airflow/example_dags/example_branch_operator.py
[2025-01-18T00:18:31.501+0000] {processor.py:839} INFO - DAG(s) dict_keys(['example_branch_operator']) retrieved from /home/airflow/.local/lib/python3.8/site-packages/airflow/example_dags/example_branch_operator.py
[2025-01-18T00:18:31.533+0000] {logging_mixin.py:151} INFO - [2025-01-18T00:18:31.532+0000] {dag.py:2907} INFO - Sync 1 DAGs
[2025-01-18T00:18:31.569+0000] {logging_mixin.py:151} INFO - [2025-01-18T00:18:31.568+0000] {dag.py:3677} INFO - Setting next_dagrun for example_branch_operator to 2025-01-17T00:00:00+00:00, run_after=2025-01-18T00:00:00+00:00
[2025-01-18T00:18:31.601+0000] {processor.py:179} INFO - Processing /home/airflow/.local/lib/python3.8/site-packages/airflow/example_dags/example_branch_operator.py took 0.123 seconds
[2025-01-18T00:19:02.365+0000] {processor.py:157} INFO - Started process (PID=838) to work on /home/airflow/.local/lib/python3.8/site-packages/airflow/example_dags/example_branch_operator.py
[2025-01-18T00:19:02.367+0000] {processor.py:829} INFO - Processing file /home/airflow/.local/lib/python3.8/site-packages/airflow/example_dags/example_branch_operator.py for tasks to queue
[2025-01-18T00:19:02.370+0000] {logging_mixin.py:151} INFO - [2025-01-18T00:19:02.370+0000] {dagbag.py:539} INFO - Filling up the DagBag from /home/airflow/.local/lib/python3.8/site-packages/airflow/example_dags/example_branch_operator.py
[2025-01-18T00:19:02.386+0000] {processor.py:839} INFO - DAG(s) dict_keys(['example_branch_operator']) retrieved from /home/airflow/.local/lib/python3.8/site-packages/airflow/example_dags/example_branch_operator.py
[2025-01-18T00:19:02.429+0000] {logging_mixin.py:151} INFO - [2025-01-18T00:19:02.429+0000] {dag.py:2907} INFO - Sync 1 DAGs
[2025-01-18T00:19:02.487+0000] {logging_mixin.py:151} INFO - [2025-01-18T00:19:02.487+0000] {dag.py:3677} INFO - Setting next_dagrun for example_branch_operator to 2025-01-17T00:00:00+00:00, run_after=2025-01-18T00:00:00+00:00
[2025-01-18T00:19:02.520+0000] {processor.py:179} INFO - Processing /home/airflow/.local/lib/python3.8/site-packages/airflow/example_dags/example_branch_operator.py took 0.162 seconds
[2025-01-18T00:19:33.055+0000] {processor.py:157} INFO - Started process (PID=913) to work on /home/airflow/.local/lib/python3.8/site-packages/airflow/example_dags/example_branch_operator.py
[2025-01-18T00:19:33.056+0000] {processor.py:829} INFO - Processing file /home/airflow/.local/lib/python3.8/site-packages/airflow/example_dags/example_branch_operator.py for tasks to queue
[2025-01-18T00:19:33.059+0000] {logging_mixin.py:151} INFO - [2025-01-18T00:19:33.059+0000] {dagbag.py:539} INFO - Filling up the DagBag from /home/airflow/.local/lib/python3.8/site-packages/airflow/example_dags/example_branch_operator.py
[2025-01-18T00:19:33.073+0000] {processor.py:839} INFO - DAG(s) dict_keys(['example_branch_operator']) retrieved from /home/airflow/.local/lib/python3.8/site-packages/airflow/example_dags/example_branch_operator.py
[2025-01-18T00:19:33.107+0000] {logging_mixin.py:151} INFO - [2025-01-18T00:19:33.107+0000] {dag.py:2907} INFO - Sync 1 DAGs
[2025-01-18T00:19:33.150+0000] {logging_mixin.py:151} INFO - [2025-01-18T00:19:33.150+0000] {dag.py:3677} INFO - Setting next_dagrun for example_branch_operator to 2025-01-17T00:00:00+00:00, run_after=2025-01-18T00:00:00+00:00
[2025-01-18T00:19:33.219+0000] {processor.py:179} INFO - Processing /home/airflow/.local/lib/python3.8/site-packages/airflow/example_dags/example_branch_operator.py took 0.168 seconds
[2025-01-18T00:20:03.606+0000] {processor.py:157} INFO - Started process (PID=998) to work on /home/airflow/.local/lib/python3.8/site-packages/airflow/example_dags/example_branch_operator.py
[2025-01-18T00:20:03.607+0000] {processor.py:829} INFO - Processing file /home/airflow/.local/lib/python3.8/site-packages/airflow/example_dags/example_branch_operator.py for tasks to queue
[2025-01-18T00:20:03.610+0000] {logging_mixin.py:151} INFO - [2025-01-18T00:20:03.610+0000] {dagbag.py:539} INFO - Filling up the DagBag from /home/airflow/.local/lib/python3.8/site-packages/airflow/example_dags/example_branch_operator.py
[2025-01-18T00:20:03.621+0000] {processor.py:839} INFO - DAG(s) dict_keys(['example_branch_operator']) retrieved from /home/airflow/.local/lib/python3.8/site-packages/airflow/example_dags/example_branch_operator.py
[2025-01-18T00:20:03.653+0000] {logging_mixin.py:151} INFO - [2025-01-18T00:20:03.653+0000] {dag.py:2907} INFO - Sync 1 DAGs
[2025-01-18T00:20:03.683+0000] {logging_mixin.py:151} INFO - [2025-01-18T00:20:03.683+0000] {dag.py:3677} INFO - Setting next_dagrun for example_branch_operator to 2025-01-17T00:00:00+00:00, run_after=2025-01-18T00:00:00+00:00
[2025-01-18T00:20:03.732+0000] {processor.py:179} INFO - Processing /home/airflow/.local/lib/python3.8/site-packages/airflow/example_dags/example_branch_operator.py took 0.129 seconds
[2025-01-18T00:20:33.945+0000] {processor.py:157} INFO - Started process (PID=1076) to work on /home/airflow/.local/lib/python3.8/site-packages/airflow/example_dags/example_branch_operator.py
[2025-01-18T00:20:33.946+0000] {processor.py:829} INFO - Processing file /home/airflow/.local/lib/python3.8/site-packages/airflow/example_dags/example_branch_operator.py for tasks to queue
[2025-01-18T00:20:33.949+0000] {logging_mixin.py:151} INFO - [2025-01-18T00:20:33.948+0000] {dagbag.py:539} INFO - Filling up the DagBag from /home/airflow/.local/lib/python3.8/site-packages/airflow/example_dags/example_branch_operator.py
[2025-01-18T00:20:33.959+0000] {processor.py:839} INFO - DAG(s) dict_keys(['example_branch_operator']) retrieved from /home/airflow/.local/lib/python3.8/site-packages/airflow/example_dags/example_branch_operator.py
[2025-01-18T00:20:33.989+0000] {logging_mixin.py:151} INFO - [2025-01-18T00:20:33.989+0000] {dag.py:2907} INFO - Sync 1 DAGs
[2025-01-18T00:20:34.017+0000] {logging_mixin.py:151} INFO - [2025-01-18T00:20:34.017+0000] {dag.py:3677} INFO - Setting next_dagrun for example_branch_operator to 2025-01-17T00:00:00+00:00, run_after=2025-01-18T00:00:00+00:00
[2025-01-18T00:20:34.040+0000] {processor.py:179} INFO - Processing /home/airflow/.local/lib/python3.8/site-packages/airflow/example_dags/example_branch_operator.py took 0.098 seconds
[2025-01-18T00:21:04.986+0000] {processor.py:157} INFO - Started process (PID=1163) to work on /home/airflow/.local/lib/python3.8/site-packages/airflow/example_dags/example_branch_operator.py
[2025-01-18T00:21:04.987+0000] {processor.py:829} INFO - Processing file /home/airflow/.local/lib/python3.8/site-packages/airflow/example_dags/example_branch_operator.py for tasks to queue
[2025-01-18T00:21:04.990+0000] {logging_mixin.py:151} INFO - [2025-01-18T00:21:04.989+0000] {dagbag.py:539} INFO - Filling up the DagBag from /home/airflow/.local/lib/python3.8/site-packages/airflow/example_dags/example_branch_operator.py
[2025-01-18T00:21:05.001+0000] {processor.py:839} INFO - DAG(s) dict_keys(['example_branch_operator']) retrieved from /home/airflow/.local/lib/python3.8/site-packages/airflow/example_dags/example_branch_operator.py
[2025-01-18T00:21:05.031+0000] {logging_mixin.py:151} INFO - [2025-01-18T00:21:05.031+0000] {dag.py:2907} INFO - Sync 1 DAGs
[2025-01-18T00:21:05.072+0000] {logging_mixin.py:151} INFO - [2025-01-18T00:21:05.072+0000] {dag.py:3677} INFO - Setting next_dagrun for example_branch_operator to 2025-01-17T00:00:00+00:00, run_after=2025-01-18T00:00:00+00:00
[2025-01-18T00:21:05.105+0000] {processor.py:179} INFO - Processing /home/airflow/.local/lib/python3.8/site-packages/airflow/example_dags/example_branch_operator.py took 0.122 seconds
[2025-01-18T00:31:59.984+0000] {processor.py:157} INFO - Started process (PID=113) to work on /home/airflow/.local/lib/python3.8/site-packages/airflow/example_dags/example_branch_operator.py
[2025-01-18T00:31:59.987+0000] {processor.py:829} INFO - Processing file /home/airflow/.local/lib/python3.8/site-packages/airflow/example_dags/example_branch_operator.py for tasks to queue
[2025-01-18T00:32:00.005+0000] {logging_mixin.py:151} INFO - [2025-01-18T00:32:00.005+0000] {dagbag.py:539} INFO - Filling up the DagBag from /home/airflow/.local/lib/python3.8/site-packages/airflow/example_dags/example_branch_operator.py
[2025-01-18T00:32:00.116+0000] {processor.py:839} INFO - DAG(s) dict_keys(['example_branch_operator']) retrieved from /home/airflow/.local/lib/python3.8/site-packages/airflow/example_dags/example_branch_operator.py
[2025-01-18T00:32:00.277+0000] {logging_mixin.py:151} INFO - [2025-01-18T00:32:00.277+0000] {dag.py:2907} INFO - Sync 1 DAGs
[2025-01-18T00:32:00.441+0000] {logging_mixin.py:151} INFO - [2025-01-18T00:32:00.440+0000] {dag.py:3677} INFO - Setting next_dagrun for example_branch_operator to 2025-01-17T00:00:00+00:00, run_after=2025-01-18T00:00:00+00:00
[2025-01-18T00:32:00.647+0000] {processor.py:179} INFO - Processing /home/airflow/.local/lib/python3.8/site-packages/airflow/example_dags/example_branch_operator.py took 0.673 seconds
[2025-01-18T00:32:30.811+0000] {processor.py:157} INFO - Started process (PID=198) to work on /home/airflow/.local/lib/python3.8/site-packages/airflow/example_dags/example_branch_operator.py
[2025-01-18T00:32:30.813+0000] {processor.py:829} INFO - Processing file /home/airflow/.local/lib/python3.8/site-packages/airflow/example_dags/example_branch_operator.py for tasks to queue
[2025-01-18T00:32:30.817+0000] {logging_mixin.py:151} INFO - [2025-01-18T00:32:30.817+0000] {dagbag.py:539} INFO - Filling up the DagBag from /home/airflow/.local/lib/python3.8/site-packages/airflow/example_dags/example_branch_operator.py
[2025-01-18T00:32:30.839+0000] {processor.py:839} INFO - DAG(s) dict_keys(['example_branch_operator']) retrieved from /home/airflow/.local/lib/python3.8/site-packages/airflow/example_dags/example_branch_operator.py
[2025-01-18T00:32:30.882+0000] {logging_mixin.py:151} INFO - [2025-01-18T00:32:30.882+0000] {dag.py:2907} INFO - Sync 1 DAGs
[2025-01-18T00:32:30.931+0000] {logging_mixin.py:151} INFO - [2025-01-18T00:32:30.930+0000] {dag.py:3677} INFO - Setting next_dagrun for example_branch_operator to 2025-01-17T00:00:00+00:00, run_after=2025-01-18T00:00:00+00:00
[2025-01-18T00:32:30.969+0000] {processor.py:179} INFO - Processing /home/airflow/.local/lib/python3.8/site-packages/airflow/example_dags/example_branch_operator.py took 0.162 seconds
[2025-01-18T00:54:42.123+0000] {processor.py:157} INFO - Started process (PID=82) to work on /home/airflow/.local/lib/python3.8/site-packages/airflow/example_dags/example_branch_operator.py
[2025-01-18T00:54:42.124+0000] {processor.py:829} INFO - Processing file /home/airflow/.local/lib/python3.8/site-packages/airflow/example_dags/example_branch_operator.py for tasks to queue
[2025-01-18T00:54:42.127+0000] {logging_mixin.py:151} INFO - [2025-01-18T00:54:42.127+0000] {dagbag.py:539} INFO - Filling up the DagBag from /home/airflow/.local/lib/python3.8/site-packages/airflow/example_dags/example_branch_operator.py
[2025-01-18T00:54:42.140+0000] {processor.py:839} INFO - DAG(s) dict_keys(['example_branch_operator']) retrieved from /home/airflow/.local/lib/python3.8/site-packages/airflow/example_dags/example_branch_operator.py
[2025-01-18T00:54:42.178+0000] {logging_mixin.py:151} INFO - [2025-01-18T00:54:42.177+0000] {dag.py:2907} INFO - Sync 1 DAGs
[2025-01-18T00:54:42.214+0000] {logging_mixin.py:151} INFO - [2025-01-18T00:54:42.214+0000] {dag.py:3677} INFO - Setting next_dagrun for example_branch_operator to 2025-01-17T00:00:00+00:00, run_after=2025-01-18T00:00:00+00:00
[2025-01-18T00:54:42.243+0000] {processor.py:179} INFO - Processing /home/airflow/.local/lib/python3.8/site-packages/airflow/example_dags/example_branch_operator.py took 0.125 seconds
[2025-01-18T00:55:12.649+0000] {processor.py:157} INFO - Started process (PID=159) to work on /home/airflow/.local/lib/python3.8/site-packages/airflow/example_dags/example_branch_operator.py
[2025-01-18T00:55:12.651+0000] {processor.py:829} INFO - Processing file /home/airflow/.local/lib/python3.8/site-packages/airflow/example_dags/example_branch_operator.py for tasks to queue
[2025-01-18T00:55:12.655+0000] {logging_mixin.py:151} INFO - [2025-01-18T00:55:12.654+0000] {dagbag.py:539} INFO - Filling up the DagBag from /home/airflow/.local/lib/python3.8/site-packages/airflow/example_dags/example_branch_operator.py
[2025-01-18T00:55:12.672+0000] {processor.py:839} INFO - DAG(s) dict_keys(['example_branch_operator']) retrieved from /home/airflow/.local/lib/python3.8/site-packages/airflow/example_dags/example_branch_operator.py
[2025-01-18T00:55:12.707+0000] {logging_mixin.py:151} INFO - [2025-01-18T00:55:12.706+0000] {dag.py:2907} INFO - Sync 1 DAGs
[2025-01-18T00:55:12.753+0000] {logging_mixin.py:151} INFO - [2025-01-18T00:55:12.753+0000] {dag.py:3677} INFO - Setting next_dagrun for example_branch_operator to 2025-01-17T00:00:00+00:00, run_after=2025-01-18T00:00:00+00:00
[2025-01-18T00:55:12.792+0000] {processor.py:179} INFO - Processing /home/airflow/.local/lib/python3.8/site-packages/airflow/example_dags/example_branch_operator.py took 0.148 seconds
[2025-01-18T00:55:43.184+0000] {processor.py:157} INFO - Started process (PID=245) to work on /home/airflow/.local/lib/python3.8/site-packages/airflow/example_dags/example_branch_operator.py
[2025-01-18T00:55:43.185+0000] {processor.py:829} INFO - Processing file /home/airflow/.local/lib/python3.8/site-packages/airflow/example_dags/example_branch_operator.py for tasks to queue
[2025-01-18T00:55:43.188+0000] {logging_mixin.py:151} INFO - [2025-01-18T00:55:43.188+0000] {dagbag.py:539} INFO - Filling up the DagBag from /home/airflow/.local/lib/python3.8/site-packages/airflow/example_dags/example_branch_operator.py
[2025-01-18T00:55:43.200+0000] {processor.py:839} INFO - DAG(s) dict_keys(['example_branch_operator']) retrieved from /home/airflow/.local/lib/python3.8/site-packages/airflow/example_dags/example_branch_operator.py
[2025-01-18T00:55:43.232+0000] {logging_mixin.py:151} INFO - [2025-01-18T00:55:43.232+0000] {dag.py:2907} INFO - Sync 1 DAGs
[2025-01-18T00:55:43.267+0000] {logging_mixin.py:151} INFO - [2025-01-18T00:55:43.266+0000] {dag.py:3677} INFO - Setting next_dagrun for example_branch_operator to 2025-01-17T00:00:00+00:00, run_after=2025-01-18T00:00:00+00:00
[2025-01-18T00:55:43.291+0000] {processor.py:179} INFO - Processing /home/airflow/.local/lib/python3.8/site-packages/airflow/example_dags/example_branch_operator.py took 0.110 seconds
[2025-01-18T00:56:13.688+0000] {processor.py:157} INFO - Started process (PID=332) to work on /home/airflow/.local/lib/python3.8/site-packages/airflow/example_dags/example_branch_operator.py
[2025-01-18T00:56:13.690+0000] {processor.py:829} INFO - Processing file /home/airflow/.local/lib/python3.8/site-packages/airflow/example_dags/example_branch_operator.py for tasks to queue
[2025-01-18T00:56:13.693+0000] {logging_mixin.py:151} INFO - [2025-01-18T00:56:13.692+0000] {dagbag.py:539} INFO - Filling up the DagBag from /home/airflow/.local/lib/python3.8/site-packages/airflow/example_dags/example_branch_operator.py
[2025-01-18T00:56:13.712+0000] {processor.py:839} INFO - DAG(s) dict_keys(['example_branch_operator']) retrieved from /home/airflow/.local/lib/python3.8/site-packages/airflow/example_dags/example_branch_operator.py
[2025-01-18T00:56:13.749+0000] {logging_mixin.py:151} INFO - [2025-01-18T00:56:13.748+0000] {dag.py:2907} INFO - Sync 1 DAGs
[2025-01-18T00:56:13.784+0000] {logging_mixin.py:151} INFO - [2025-01-18T00:56:13.784+0000] {dag.py:3677} INFO - Setting next_dagrun for example_branch_operator to 2025-01-17T00:00:00+00:00, run_after=2025-01-18T00:00:00+00:00
[2025-01-18T00:56:13.810+0000] {processor.py:179} INFO - Processing /home/airflow/.local/lib/python3.8/site-packages/airflow/example_dags/example_branch_operator.py took 0.127 seconds
[2025-01-18T00:56:44.555+0000] {processor.py:157} INFO - Started process (PID=406) to work on /home/airflow/.local/lib/python3.8/site-packages/airflow/example_dags/example_branch_operator.py
[2025-01-18T00:56:44.558+0000] {processor.py:829} INFO - Processing file /home/airflow/.local/lib/python3.8/site-packages/airflow/example_dags/example_branch_operator.py for tasks to queue
[2025-01-18T00:56:44.566+0000] {logging_mixin.py:151} INFO - [2025-01-18T00:56:44.565+0000] {dagbag.py:539} INFO - Filling up the DagBag from /home/airflow/.local/lib/python3.8/site-packages/airflow/example_dags/example_branch_operator.py
[2025-01-18T00:56:44.596+0000] {processor.py:839} INFO - DAG(s) dict_keys(['example_branch_operator']) retrieved from /home/airflow/.local/lib/python3.8/site-packages/airflow/example_dags/example_branch_operator.py
[2025-01-18T00:56:44.695+0000] {logging_mixin.py:151} INFO - [2025-01-18T00:56:44.694+0000] {dag.py:2907} INFO - Sync 1 DAGs
[2025-01-18T00:56:44.761+0000] {logging_mixin.py:151} INFO - [2025-01-18T00:56:44.760+0000] {dag.py:3677} INFO - Setting next_dagrun for example_branch_operator to 2025-01-17T00:00:00+00:00, run_after=2025-01-18T00:00:00+00:00
[2025-01-18T00:56:44.864+0000] {processor.py:179} INFO - Processing /home/airflow/.local/lib/python3.8/site-packages/airflow/example_dags/example_branch_operator.py took 0.318 seconds
[2025-01-18T00:57:14.913+0000] {processor.py:157} INFO - Started process (PID=491) to work on /home/airflow/.local/lib/python3.8/site-packages/airflow/example_dags/example_branch_operator.py
[2025-01-18T00:57:14.914+0000] {processor.py:829} INFO - Processing file /home/airflow/.local/lib/python3.8/site-packages/airflow/example_dags/example_branch_operator.py for tasks to queue
[2025-01-18T00:57:14.918+0000] {logging_mixin.py:151} INFO - [2025-01-18T00:57:14.918+0000] {dagbag.py:539} INFO - Filling up the DagBag from /home/airflow/.local/lib/python3.8/site-packages/airflow/example_dags/example_branch_operator.py
[2025-01-18T00:57:14.941+0000] {processor.py:839} INFO - DAG(s) dict_keys(['example_branch_operator']) retrieved from /home/airflow/.local/lib/python3.8/site-packages/airflow/example_dags/example_branch_operator.py
[2025-01-18T00:57:14.984+0000] {logging_mixin.py:151} INFO - [2025-01-18T00:57:14.983+0000] {dag.py:2907} INFO - Sync 1 DAGs
[2025-01-18T00:57:15.036+0000] {logging_mixin.py:151} INFO - [2025-01-18T00:57:15.036+0000] {dag.py:3677} INFO - Setting next_dagrun for example_branch_operator to 2025-01-17T00:00:00+00:00, run_after=2025-01-18T00:00:00+00:00
[2025-01-18T00:57:15.066+0000] {processor.py:179} INFO - Processing /home/airflow/.local/lib/python3.8/site-packages/airflow/example_dags/example_branch_operator.py took 0.158 seconds
[2025-01-18T00:57:45.266+0000] {processor.py:157} INFO - Started process (PID=570) to work on /home/airflow/.local/lib/python3.8/site-packages/airflow/example_dags/example_branch_operator.py
[2025-01-18T00:57:45.268+0000] {processor.py:829} INFO - Processing file /home/airflow/.local/lib/python3.8/site-packages/airflow/example_dags/example_branch_operator.py for tasks to queue
[2025-01-18T00:57:45.274+0000] {logging_mixin.py:151} INFO - [2025-01-18T00:57:45.273+0000] {dagbag.py:539} INFO - Filling up the DagBag from /home/airflow/.local/lib/python3.8/site-packages/airflow/example_dags/example_branch_operator.py
[2025-01-18T00:57:45.304+0000] {processor.py:839} INFO - DAG(s) dict_keys(['example_branch_operator']) retrieved from /home/airflow/.local/lib/python3.8/site-packages/airflow/example_dags/example_branch_operator.py
[2025-01-18T00:57:45.391+0000] {logging_mixin.py:151} INFO - [2025-01-18T00:57:45.391+0000] {dag.py:2907} INFO - Sync 1 DAGs
[2025-01-18T00:57:45.457+0000] {logging_mixin.py:151} INFO - [2025-01-18T00:57:45.456+0000] {dag.py:3677} INFO - Setting next_dagrun for example_branch_operator to 2025-01-17T00:00:00+00:00, run_after=2025-01-18T00:00:00+00:00
[2025-01-18T00:57:45.494+0000] {processor.py:179} INFO - Processing /home/airflow/.local/lib/python3.8/site-packages/airflow/example_dags/example_branch_operator.py took 0.239 seconds
[2025-01-18T00:58:16.018+0000] {processor.py:157} INFO - Started process (PID=656) to work on /home/airflow/.local/lib/python3.8/site-packages/airflow/example_dags/example_branch_operator.py
[2025-01-18T00:58:16.022+0000] {processor.py:829} INFO - Processing file /home/airflow/.local/lib/python3.8/site-packages/airflow/example_dags/example_branch_operator.py for tasks to queue
[2025-01-18T00:58:16.027+0000] {logging_mixin.py:151} INFO - [2025-01-18T00:58:16.027+0000] {dagbag.py:539} INFO - Filling up the DagBag from /home/airflow/.local/lib/python3.8/site-packages/airflow/example_dags/example_branch_operator.py
[2025-01-18T00:58:16.059+0000] {processor.py:839} INFO - DAG(s) dict_keys(['example_branch_operator']) retrieved from /home/airflow/.local/lib/python3.8/site-packages/airflow/example_dags/example_branch_operator.py
[2025-01-18T00:58:16.137+0000] {logging_mixin.py:151} INFO - [2025-01-18T00:58:16.137+0000] {dag.py:2907} INFO - Sync 1 DAGs
[2025-01-18T00:58:16.223+0000] {logging_mixin.py:151} INFO - [2025-01-18T00:58:16.222+0000] {dag.py:3677} INFO - Setting next_dagrun for example_branch_operator to 2025-01-17T00:00:00+00:00, run_after=2025-01-18T00:00:00+00:00
[2025-01-18T00:58:16.273+0000] {processor.py:179} INFO - Processing /home/airflow/.local/lib/python3.8/site-packages/airflow/example_dags/example_branch_operator.py took 0.263 seconds
[2025-01-18T00:58:48.759+0000] {processor.py:157} INFO - Started process (PID=738) to work on /home/airflow/.local/lib/python3.8/site-packages/airflow/example_dags/example_branch_operator.py
[2025-01-18T00:58:48.763+0000] {processor.py:829} INFO - Processing file /home/airflow/.local/lib/python3.8/site-packages/airflow/example_dags/example_branch_operator.py for tasks to queue
[2025-01-18T00:58:48.799+0000] {logging_mixin.py:151} INFO - [2025-01-18T00:58:48.795+0000] {dagbag.py:539} INFO - Filling up the DagBag from /home/airflow/.local/lib/python3.8/site-packages/airflow/example_dags/example_branch_operator.py
[2025-01-18T00:58:48.923+0000] {processor.py:839} INFO - DAG(s) dict_keys(['example_branch_operator']) retrieved from /home/airflow/.local/lib/python3.8/site-packages/airflow/example_dags/example_branch_operator.py
[2025-01-18T00:58:49.105+0000] {logging_mixin.py:151} INFO - [2025-01-18T00:58:49.105+0000] {dag.py:2907} INFO - Sync 1 DAGs
[2025-01-18T00:58:49.418+0000] {logging_mixin.py:151} INFO - [2025-01-18T00:58:49.416+0000] {dag.py:3677} INFO - Setting next_dagrun for example_branch_operator to 2025-01-17T00:00:00+00:00, run_after=2025-01-18T00:00:00+00:00
[2025-01-18T00:58:49.582+0000] {processor.py:179} INFO - Processing /home/airflow/.local/lib/python3.8/site-packages/airflow/example_dags/example_branch_operator.py took 0.880 seconds
[2025-01-18T00:59:19.781+0000] {processor.py:157} INFO - Started process (PID=815) to work on /home/airflow/.local/lib/python3.8/site-packages/airflow/example_dags/example_branch_operator.py
[2025-01-18T00:59:19.783+0000] {processor.py:829} INFO - Processing file /home/airflow/.local/lib/python3.8/site-packages/airflow/example_dags/example_branch_operator.py for tasks to queue
[2025-01-18T00:59:19.785+0000] {logging_mixin.py:151} INFO - [2025-01-18T00:59:19.785+0000] {dagbag.py:539} INFO - Filling up the DagBag from /home/airflow/.local/lib/python3.8/site-packages/airflow/example_dags/example_branch_operator.py
[2025-01-18T00:59:19.798+0000] {processor.py:839} INFO - DAG(s) dict_keys(['example_branch_operator']) retrieved from /home/airflow/.local/lib/python3.8/site-packages/airflow/example_dags/example_branch_operator.py
[2025-01-18T00:59:19.827+0000] {logging_mixin.py:151} INFO - [2025-01-18T00:59:19.827+0000] {dag.py:2907} INFO - Sync 1 DAGs
[2025-01-18T00:59:19.864+0000] {logging_mixin.py:151} INFO - [2025-01-18T00:59:19.863+0000] {dag.py:3677} INFO - Setting next_dagrun for example_branch_operator to 2025-01-17T00:00:00+00:00, run_after=2025-01-18T00:00:00+00:00
[2025-01-18T00:59:19.894+0000] {processor.py:179} INFO - Processing /home/airflow/.local/lib/python3.8/site-packages/airflow/example_dags/example_branch_operator.py took 0.117 seconds
[2025-01-18T00:59:50.291+0000] {processor.py:157} INFO - Started process (PID=901) to work on /home/airflow/.local/lib/python3.8/site-packages/airflow/example_dags/example_branch_operator.py
[2025-01-18T00:59:50.293+0000] {processor.py:829} INFO - Processing file /home/airflow/.local/lib/python3.8/site-packages/airflow/example_dags/example_branch_operator.py for tasks to queue
[2025-01-18T00:59:50.298+0000] {logging_mixin.py:151} INFO - [2025-01-18T00:59:50.298+0000] {dagbag.py:539} INFO - Filling up the DagBag from /home/airflow/.local/lib/python3.8/site-packages/airflow/example_dags/example_branch_operator.py
[2025-01-18T00:59:50.325+0000] {processor.py:839} INFO - DAG(s) dict_keys(['example_branch_operator']) retrieved from /home/airflow/.local/lib/python3.8/site-packages/airflow/example_dags/example_branch_operator.py
[2025-01-18T00:59:50.382+0000] {logging_mixin.py:151} INFO - [2025-01-18T00:59:50.382+0000] {dag.py:2907} INFO - Sync 1 DAGs
[2025-01-18T00:59:50.453+0000] {logging_mixin.py:151} INFO - [2025-01-18T00:59:50.452+0000] {dag.py:3677} INFO - Setting next_dagrun for example_branch_operator to 2025-01-17T00:00:00+00:00, run_after=2025-01-18T00:00:00+00:00
[2025-01-18T00:59:50.516+0000] {processor.py:179} INFO - Processing /home/airflow/.local/lib/python3.8/site-packages/airflow/example_dags/example_branch_operator.py took 0.235 seconds
[2025-01-18T01:00:21.506+0000] {processor.py:157} INFO - Started process (PID=976) to work on /home/airflow/.local/lib/python3.8/site-packages/airflow/example_dags/example_branch_operator.py
[2025-01-18T01:00:21.513+0000] {processor.py:829} INFO - Processing file /home/airflow/.local/lib/python3.8/site-packages/airflow/example_dags/example_branch_operator.py for tasks to queue
[2025-01-18T01:00:21.529+0000] {logging_mixin.py:151} INFO - [2025-01-18T01:00:21.528+0000] {dagbag.py:539} INFO - Filling up the DagBag from /home/airflow/.local/lib/python3.8/site-packages/airflow/example_dags/example_branch_operator.py
[2025-01-18T01:00:21.624+0000] {processor.py:839} INFO - DAG(s) dict_keys(['example_branch_operator']) retrieved from /home/airflow/.local/lib/python3.8/site-packages/airflow/example_dags/example_branch_operator.py
[2025-01-18T01:00:21.717+0000] {logging_mixin.py:151} INFO - [2025-01-18T01:00:21.716+0000] {dag.py:2907} INFO - Sync 1 DAGs
[2025-01-18T01:00:21.826+0000] {logging_mixin.py:151} INFO - [2025-01-18T01:00:21.825+0000] {dag.py:3677} INFO - Setting next_dagrun for example_branch_operator to 2025-01-17T00:00:00+00:00, run_after=2025-01-18T00:00:00+00:00
[2025-01-18T01:00:21.965+0000] {processor.py:179} INFO - Processing /home/airflow/.local/lib/python3.8/site-packages/airflow/example_dags/example_branch_operator.py took 0.477 seconds
[2025-01-18T01:00:52.933+0000] {processor.py:157} INFO - Started process (PID=1054) to work on /home/airflow/.local/lib/python3.8/site-packages/airflow/example_dags/example_branch_operator.py
[2025-01-18T01:00:52.934+0000] {processor.py:829} INFO - Processing file /home/airflow/.local/lib/python3.8/site-packages/airflow/example_dags/example_branch_operator.py for tasks to queue
[2025-01-18T01:00:52.937+0000] {logging_mixin.py:151} INFO - [2025-01-18T01:00:52.937+0000] {dagbag.py:539} INFO - Filling up the DagBag from /home/airflow/.local/lib/python3.8/site-packages/airflow/example_dags/example_branch_operator.py
[2025-01-18T01:00:52.951+0000] {processor.py:839} INFO - DAG(s) dict_keys(['example_branch_operator']) retrieved from /home/airflow/.local/lib/python3.8/site-packages/airflow/example_dags/example_branch_operator.py
[2025-01-18T01:00:52.988+0000] {logging_mixin.py:151} INFO - [2025-01-18T01:00:52.988+0000] {dag.py:2907} INFO - Sync 1 DAGs
[2025-01-18T01:00:53.020+0000] {logging_mixin.py:151} INFO - [2025-01-18T01:00:53.019+0000] {dag.py:3677} INFO - Setting next_dagrun for example_branch_operator to 2025-01-17T00:00:00+00:00, run_after=2025-01-18T00:00:00+00:00
[2025-01-18T01:00:53.058+0000] {processor.py:179} INFO - Processing /home/airflow/.local/lib/python3.8/site-packages/airflow/example_dags/example_branch_operator.py took 0.131 seconds
[2025-01-18T01:01:23.583+0000] {processor.py:157} INFO - Started process (PID=1140) to work on /home/airflow/.local/lib/python3.8/site-packages/airflow/example_dags/example_branch_operator.py
[2025-01-18T01:01:23.584+0000] {processor.py:829} INFO - Processing file /home/airflow/.local/lib/python3.8/site-packages/airflow/example_dags/example_branch_operator.py for tasks to queue
[2025-01-18T01:01:23.587+0000] {logging_mixin.py:151} INFO - [2025-01-18T01:01:23.587+0000] {dagbag.py:539} INFO - Filling up the DagBag from /home/airflow/.local/lib/python3.8/site-packages/airflow/example_dags/example_branch_operator.py
[2025-01-18T01:01:23.598+0000] {processor.py:839} INFO - DAG(s) dict_keys(['example_branch_operator']) retrieved from /home/airflow/.local/lib/python3.8/site-packages/airflow/example_dags/example_branch_operator.py
[2025-01-18T01:01:23.634+0000] {logging_mixin.py:151} INFO - [2025-01-18T01:01:23.634+0000] {dag.py:2907} INFO - Sync 1 DAGs
[2025-01-18T01:01:23.692+0000] {logging_mixin.py:151} INFO - [2025-01-18T01:01:23.692+0000] {dag.py:3677} INFO - Setting next_dagrun for example_branch_operator to 2025-01-17T00:00:00+00:00, run_after=2025-01-18T00:00:00+00:00
[2025-01-18T01:01:23.728+0000] {processor.py:179} INFO - Processing /home/airflow/.local/lib/python3.8/site-packages/airflow/example_dags/example_branch_operator.py took 0.149 seconds
[2025-01-18T01:01:54.109+0000] {processor.py:157} INFO - Started process (PID=1227) to work on /home/airflow/.local/lib/python3.8/site-packages/airflow/example_dags/example_branch_operator.py
[2025-01-18T01:01:54.110+0000] {processor.py:829} INFO - Processing file /home/airflow/.local/lib/python3.8/site-packages/airflow/example_dags/example_branch_operator.py for tasks to queue
[2025-01-18T01:01:54.112+0000] {logging_mixin.py:151} INFO - [2025-01-18T01:01:54.112+0000] {dagbag.py:539} INFO - Filling up the DagBag from /home/airflow/.local/lib/python3.8/site-packages/airflow/example_dags/example_branch_operator.py
[2025-01-18T01:01:54.121+0000] {processor.py:839} INFO - DAG(s) dict_keys(['example_branch_operator']) retrieved from /home/airflow/.local/lib/python3.8/site-packages/airflow/example_dags/example_branch_operator.py
[2025-01-18T01:01:54.146+0000] {logging_mixin.py:151} INFO - [2025-01-18T01:01:54.146+0000] {dag.py:2907} INFO - Sync 1 DAGs
[2025-01-18T01:01:54.168+0000] {logging_mixin.py:151} INFO - [2025-01-18T01:01:54.168+0000] {dag.py:3677} INFO - Setting next_dagrun for example_branch_operator to 2025-01-17T00:00:00+00:00, run_after=2025-01-18T00:00:00+00:00
[2025-01-18T01:01:54.192+0000] {processor.py:179} INFO - Processing /home/airflow/.local/lib/python3.8/site-packages/airflow/example_dags/example_branch_operator.py took 0.087 seconds
[2025-01-18T01:02:24.644+0000] {processor.py:157} INFO - Started process (PID=1320) to work on /home/airflow/.local/lib/python3.8/site-packages/airflow/example_dags/example_branch_operator.py
[2025-01-18T01:02:24.647+0000] {processor.py:829} INFO - Processing file /home/airflow/.local/lib/python3.8/site-packages/airflow/example_dags/example_branch_operator.py for tasks to queue
[2025-01-18T01:02:24.653+0000] {logging_mixin.py:151} INFO - [2025-01-18T01:02:24.653+0000] {dagbag.py:539} INFO - Filling up the DagBag from /home/airflow/.local/lib/python3.8/site-packages/airflow/example_dags/example_branch_operator.py
[2025-01-18T01:02:24.688+0000] {processor.py:839} INFO - DAG(s) dict_keys(['example_branch_operator']) retrieved from /home/airflow/.local/lib/python3.8/site-packages/airflow/example_dags/example_branch_operator.py
[2025-01-18T01:02:24.777+0000] {logging_mixin.py:151} INFO - [2025-01-18T01:02:24.777+0000] {dag.py:2907} INFO - Sync 1 DAGs
[2025-01-18T01:02:24.861+0000] {logging_mixin.py:151} INFO - [2025-01-18T01:02:24.861+0000] {dag.py:3677} INFO - Setting next_dagrun for example_branch_operator to 2025-01-17T00:00:00+00:00, run_after=2025-01-18T00:00:00+00:00
[2025-01-18T01:02:24.957+0000] {processor.py:179} INFO - Processing /home/airflow/.local/lib/python3.8/site-packages/airflow/example_dags/example_branch_operator.py took 0.322 seconds
[2025-01-18T13:40:26.415+0000] {processor.py:157} INFO - Started process (PID=82) to work on /home/airflow/.local/lib/python3.8/site-packages/airflow/example_dags/example_branch_operator.py
[2025-01-18T13:40:26.418+0000] {processor.py:829} INFO - Processing file /home/airflow/.local/lib/python3.8/site-packages/airflow/example_dags/example_branch_operator.py for tasks to queue
[2025-01-18T13:40:26.424+0000] {logging_mixin.py:151} INFO - [2025-01-18T13:40:26.424+0000] {dagbag.py:539} INFO - Filling up the DagBag from /home/airflow/.local/lib/python3.8/site-packages/airflow/example_dags/example_branch_operator.py
[2025-01-18T13:40:26.455+0000] {processor.py:839} INFO - DAG(s) dict_keys(['example_branch_operator']) retrieved from /home/airflow/.local/lib/python3.8/site-packages/airflow/example_dags/example_branch_operator.py
[2025-01-18T13:40:26.520+0000] {logging_mixin.py:151} INFO - [2025-01-18T13:40:26.520+0000] {dag.py:2907} INFO - Sync 1 DAGs
[2025-01-18T13:40:26.584+0000] {logging_mixin.py:151} INFO - [2025-01-18T13:40:26.583+0000] {dag.py:3677} INFO - Setting next_dagrun for example_branch_operator to 2025-01-17T00:00:00+00:00, run_after=2025-01-18T00:00:00+00:00
[2025-01-18T13:40:26.620+0000] {processor.py:179} INFO - Processing /home/airflow/.local/lib/python3.8/site-packages/airflow/example_dags/example_branch_operator.py took 0.212 seconds
[2025-01-18T13:40:56.683+0000] {processor.py:157} INFO - Started process (PID=159) to work on /home/airflow/.local/lib/python3.8/site-packages/airflow/example_dags/example_branch_operator.py
[2025-01-18T13:40:56.685+0000] {processor.py:829} INFO - Processing file /home/airflow/.local/lib/python3.8/site-packages/airflow/example_dags/example_branch_operator.py for tasks to queue
[2025-01-18T13:40:56.690+0000] {logging_mixin.py:151} INFO - [2025-01-18T13:40:56.689+0000] {dagbag.py:539} INFO - Filling up the DagBag from /home/airflow/.local/lib/python3.8/site-packages/airflow/example_dags/example_branch_operator.py
[2025-01-18T13:40:56.709+0000] {processor.py:839} INFO - DAG(s) dict_keys(['example_branch_operator']) retrieved from /home/airflow/.local/lib/python3.8/site-packages/airflow/example_dags/example_branch_operator.py
[2025-01-18T13:40:56.748+0000] {logging_mixin.py:151} INFO - [2025-01-18T13:40:56.747+0000] {dag.py:2907} INFO - Sync 1 DAGs
[2025-01-18T13:40:56.783+0000] {logging_mixin.py:151} INFO - [2025-01-18T13:40:56.782+0000] {dag.py:3677} INFO - Setting next_dagrun for example_branch_operator to 2025-01-17T00:00:00+00:00, run_after=2025-01-18T00:00:00+00:00
[2025-01-18T13:40:56.805+0000] {processor.py:179} INFO - Processing /home/airflow/.local/lib/python3.8/site-packages/airflow/example_dags/example_branch_operator.py took 0.127 seconds
[2025-01-18T13:41:27.038+0000] {processor.py:157} INFO - Started process (PID=246) to work on /home/airflow/.local/lib/python3.8/site-packages/airflow/example_dags/example_branch_operator.py
[2025-01-18T13:41:27.040+0000] {processor.py:829} INFO - Processing file /home/airflow/.local/lib/python3.8/site-packages/airflow/example_dags/example_branch_operator.py for tasks to queue
[2025-01-18T13:41:27.042+0000] {logging_mixin.py:151} INFO - [2025-01-18T13:41:27.042+0000] {dagbag.py:539} INFO - Filling up the DagBag from /home/airflow/.local/lib/python3.8/site-packages/airflow/example_dags/example_branch_operator.py
[2025-01-18T13:41:27.054+0000] {processor.py:839} INFO - DAG(s) dict_keys(['example_branch_operator']) retrieved from /home/airflow/.local/lib/python3.8/site-packages/airflow/example_dags/example_branch_operator.py
[2025-01-18T13:41:27.093+0000] {logging_mixin.py:151} INFO - [2025-01-18T13:41:27.093+0000] {dag.py:2907} INFO - Sync 1 DAGs
[2025-01-18T13:41:27.145+0000] {logging_mixin.py:151} INFO - [2025-01-18T13:41:27.144+0000] {dag.py:3677} INFO - Setting next_dagrun for example_branch_operator to 2025-01-17T00:00:00+00:00, run_after=2025-01-18T00:00:00+00:00
[2025-01-18T13:41:27.184+0000] {processor.py:179} INFO - Processing /home/airflow/.local/lib/python3.8/site-packages/airflow/example_dags/example_branch_operator.py took 0.149 seconds
[2025-01-18T13:41:58.284+0000] {processor.py:157} INFO - Started process (PID=332) to work on /home/airflow/.local/lib/python3.8/site-packages/airflow/example_dags/example_branch_operator.py
[2025-01-18T13:41:58.287+0000] {processor.py:829} INFO - Processing file /home/airflow/.local/lib/python3.8/site-packages/airflow/example_dags/example_branch_operator.py for tasks to queue
[2025-01-18T13:41:58.294+0000] {logging_mixin.py:151} INFO - [2025-01-18T13:41:58.294+0000] {dagbag.py:539} INFO - Filling up the DagBag from /home/airflow/.local/lib/python3.8/site-packages/airflow/example_dags/example_branch_operator.py
[2025-01-18T13:41:58.337+0000] {processor.py:839} INFO - DAG(s) dict_keys(['example_branch_operator']) retrieved from /home/airflow/.local/lib/python3.8/site-packages/airflow/example_dags/example_branch_operator.py
[2025-01-18T13:41:58.426+0000] {logging_mixin.py:151} INFO - [2025-01-18T13:41:58.425+0000] {dag.py:2907} INFO - Sync 1 DAGs
[2025-01-18T13:41:58.537+0000] {logging_mixin.py:151} INFO - [2025-01-18T13:41:58.537+0000] {dag.py:3677} INFO - Setting next_dagrun for example_branch_operator to 2025-01-17T00:00:00+00:00, run_after=2025-01-18T00:00:00+00:00
[2025-01-18T13:41:58.599+0000] {processor.py:179} INFO - Processing /home/airflow/.local/lib/python3.8/site-packages/airflow/example_dags/example_branch_operator.py took 0.322 seconds
[2025-01-18T13:42:28.749+0000] {processor.py:157} INFO - Started process (PID=399) to work on /home/airflow/.local/lib/python3.8/site-packages/airflow/example_dags/example_branch_operator.py
[2025-01-18T13:42:28.751+0000] {processor.py:829} INFO - Processing file /home/airflow/.local/lib/python3.8/site-packages/airflow/example_dags/example_branch_operator.py for tasks to queue
[2025-01-18T13:42:28.755+0000] {logging_mixin.py:151} INFO - [2025-01-18T13:42:28.755+0000] {dagbag.py:539} INFO - Filling up the DagBag from /home/airflow/.local/lib/python3.8/site-packages/airflow/example_dags/example_branch_operator.py
[2025-01-18T13:42:28.769+0000] {processor.py:839} INFO - DAG(s) dict_keys(['example_branch_operator']) retrieved from /home/airflow/.local/lib/python3.8/site-packages/airflow/example_dags/example_branch_operator.py
[2025-01-18T13:42:28.800+0000] {logging_mixin.py:151} INFO - [2025-01-18T13:42:28.800+0000] {dag.py:2907} INFO - Sync 1 DAGs
[2025-01-18T13:42:28.831+0000] {logging_mixin.py:151} INFO - [2025-01-18T13:42:28.831+0000] {dag.py:3677} INFO - Setting next_dagrun for example_branch_operator to 2025-01-17T00:00:00+00:00, run_after=2025-01-18T00:00:00+00:00
[2025-01-18T13:42:28.857+0000] {processor.py:179} INFO - Processing /home/airflow/.local/lib/python3.8/site-packages/airflow/example_dags/example_branch_operator.py took 0.113 seconds
[2025-01-18T13:42:59.372+0000] {processor.py:157} INFO - Started process (PID=485) to work on /home/airflow/.local/lib/python3.8/site-packages/airflow/example_dags/example_branch_operator.py
[2025-01-18T13:42:59.375+0000] {processor.py:829} INFO - Processing file /home/airflow/.local/lib/python3.8/site-packages/airflow/example_dags/example_branch_operator.py for tasks to queue
[2025-01-18T13:42:59.390+0000] {logging_mixin.py:151} INFO - [2025-01-18T13:42:59.389+0000] {dagbag.py:539} INFO - Filling up the DagBag from /home/airflow/.local/lib/python3.8/site-packages/airflow/example_dags/example_branch_operator.py
[2025-01-18T13:42:59.416+0000] {processor.py:839} INFO - DAG(s) dict_keys(['example_branch_operator']) retrieved from /home/airflow/.local/lib/python3.8/site-packages/airflow/example_dags/example_branch_operator.py
[2025-01-18T13:42:59.487+0000] {logging_mixin.py:151} INFO - [2025-01-18T13:42:59.487+0000] {dag.py:2907} INFO - Sync 1 DAGs
[2025-01-18T13:42:59.593+0000] {logging_mixin.py:151} INFO - [2025-01-18T13:42:59.592+0000] {dag.py:3677} INFO - Setting next_dagrun for example_branch_operator to 2025-01-17T00:00:00+00:00, run_after=2025-01-18T00:00:00+00:00
[2025-01-18T13:42:59.649+0000] {processor.py:179} INFO - Processing /home/airflow/.local/lib/python3.8/site-packages/airflow/example_dags/example_branch_operator.py took 0.284 seconds
[2025-01-18T13:43:30.178+0000] {processor.py:157} INFO - Started process (PID=559) to work on /home/airflow/.local/lib/python3.8/site-packages/airflow/example_dags/example_branch_operator.py
[2025-01-18T13:43:30.190+0000] {processor.py:829} INFO - Processing file /home/airflow/.local/lib/python3.8/site-packages/airflow/example_dags/example_branch_operator.py for tasks to queue
[2025-01-18T13:43:30.199+0000] {logging_mixin.py:151} INFO - [2025-01-18T13:43:30.199+0000] {dagbag.py:539} INFO - Filling up the DagBag from /home/airflow/.local/lib/python3.8/site-packages/airflow/example_dags/example_branch_operator.py
[2025-01-18T13:43:30.260+0000] {processor.py:839} INFO - DAG(s) dict_keys(['example_branch_operator']) retrieved from /home/airflow/.local/lib/python3.8/site-packages/airflow/example_dags/example_branch_operator.py
[2025-01-18T13:43:30.366+0000] {logging_mixin.py:151} INFO - [2025-01-18T13:43:30.366+0000] {dag.py:2907} INFO - Sync 1 DAGs
[2025-01-18T13:43:30.468+0000] {logging_mixin.py:151} INFO - [2025-01-18T13:43:30.467+0000] {dag.py:3677} INFO - Setting next_dagrun for example_branch_operator to 2025-01-17T00:00:00+00:00, run_after=2025-01-18T00:00:00+00:00
[2025-01-18T13:43:30.540+0000] {processor.py:179} INFO - Processing /home/airflow/.local/lib/python3.8/site-packages/airflow/example_dags/example_branch_operator.py took 0.368 seconds
[2025-01-18T13:44:00.788+0000] {processor.py:157} INFO - Started process (PID=638) to work on /home/airflow/.local/lib/python3.8/site-packages/airflow/example_dags/example_branch_operator.py
[2025-01-18T13:44:00.790+0000] {processor.py:829} INFO - Processing file /home/airflow/.local/lib/python3.8/site-packages/airflow/example_dags/example_branch_operator.py for tasks to queue
[2025-01-18T13:44:00.793+0000] {logging_mixin.py:151} INFO - [2025-01-18T13:44:00.793+0000] {dagbag.py:539} INFO - Filling up the DagBag from /home/airflow/.local/lib/python3.8/site-packages/airflow/example_dags/example_branch_operator.py
[2025-01-18T13:44:00.812+0000] {processor.py:839} INFO - DAG(s) dict_keys(['example_branch_operator']) retrieved from /home/airflow/.local/lib/python3.8/site-packages/airflow/example_dags/example_branch_operator.py
[2025-01-18T13:44:00.849+0000] {logging_mixin.py:151} INFO - [2025-01-18T13:44:00.848+0000] {dag.py:2907} INFO - Sync 1 DAGs
[2025-01-18T13:44:00.895+0000] {logging_mixin.py:151} INFO - [2025-01-18T13:44:00.894+0000] {dag.py:3677} INFO - Setting next_dagrun for example_branch_operator to 2025-01-17T00:00:00+00:00, run_after=2025-01-18T00:00:00+00:00
[2025-01-18T13:44:00.930+0000] {processor.py:179} INFO - Processing /home/airflow/.local/lib/python3.8/site-packages/airflow/example_dags/example_branch_operator.py took 0.147 seconds
[2025-01-18T13:44:31.070+0000] {processor.py:157} INFO - Started process (PID=724) to work on /home/airflow/.local/lib/python3.8/site-packages/airflow/example_dags/example_branch_operator.py
[2025-01-18T13:44:31.071+0000] {processor.py:829} INFO - Processing file /home/airflow/.local/lib/python3.8/site-packages/airflow/example_dags/example_branch_operator.py for tasks to queue
[2025-01-18T13:44:31.073+0000] {logging_mixin.py:151} INFO - [2025-01-18T13:44:31.073+0000] {dagbag.py:539} INFO - Filling up the DagBag from /home/airflow/.local/lib/python3.8/site-packages/airflow/example_dags/example_branch_operator.py
[2025-01-18T13:44:31.084+0000] {processor.py:839} INFO - DAG(s) dict_keys(['example_branch_operator']) retrieved from /home/airflow/.local/lib/python3.8/site-packages/airflow/example_dags/example_branch_operator.py
[2025-01-18T13:44:31.112+0000] {logging_mixin.py:151} INFO - [2025-01-18T13:44:31.112+0000] {dag.py:2907} INFO - Sync 1 DAGs
[2025-01-18T13:44:31.146+0000] {logging_mixin.py:151} INFO - [2025-01-18T13:44:31.145+0000] {dag.py:3677} INFO - Setting next_dagrun for example_branch_operator to 2025-01-17T00:00:00+00:00, run_after=2025-01-18T00:00:00+00:00
[2025-01-18T13:44:31.176+0000] {processor.py:179} INFO - Processing /home/airflow/.local/lib/python3.8/site-packages/airflow/example_dags/example_branch_operator.py took 0.110 seconds
[2025-01-18T13:45:01.606+0000] {processor.py:157} INFO - Started process (PID=810) to work on /home/airflow/.local/lib/python3.8/site-packages/airflow/example_dags/example_branch_operator.py
[2025-01-18T13:45:01.607+0000] {processor.py:829} INFO - Processing file /home/airflow/.local/lib/python3.8/site-packages/airflow/example_dags/example_branch_operator.py for tasks to queue
[2025-01-18T13:45:01.610+0000] {logging_mixin.py:151} INFO - [2025-01-18T13:45:01.610+0000] {dagbag.py:539} INFO - Filling up the DagBag from /home/airflow/.local/lib/python3.8/site-packages/airflow/example_dags/example_branch_operator.py
[2025-01-18T13:45:01.628+0000] {processor.py:839} INFO - DAG(s) dict_keys(['example_branch_operator']) retrieved from /home/airflow/.local/lib/python3.8/site-packages/airflow/example_dags/example_branch_operator.py
[2025-01-18T13:45:01.661+0000] {logging_mixin.py:151} INFO - [2025-01-18T13:45:01.660+0000] {dag.py:2907} INFO - Sync 1 DAGs
[2025-01-18T13:45:01.701+0000] {logging_mixin.py:151} INFO - [2025-01-18T13:45:01.701+0000] {dag.py:3677} INFO - Setting next_dagrun for example_branch_operator to 2025-01-17T00:00:00+00:00, run_after=2025-01-18T00:00:00+00:00
[2025-01-18T13:45:01.731+0000] {processor.py:179} INFO - Processing /home/airflow/.local/lib/python3.8/site-packages/airflow/example_dags/example_branch_operator.py took 0.129 seconds
[2025-01-18T13:45:31.953+0000] {processor.py:157} INFO - Started process (PID=896) to work on /home/airflow/.local/lib/python3.8/site-packages/airflow/example_dags/example_branch_operator.py
[2025-01-18T13:45:31.954+0000] {processor.py:829} INFO - Processing file /home/airflow/.local/lib/python3.8/site-packages/airflow/example_dags/example_branch_operator.py for tasks to queue
[2025-01-18T13:45:31.958+0000] {logging_mixin.py:151} INFO - [2025-01-18T13:45:31.957+0000] {dagbag.py:539} INFO - Filling up the DagBag from /home/airflow/.local/lib/python3.8/site-packages/airflow/example_dags/example_branch_operator.py
[2025-01-18T13:45:31.975+0000] {processor.py:839} INFO - DAG(s) dict_keys(['example_branch_operator']) retrieved from /home/airflow/.local/lib/python3.8/site-packages/airflow/example_dags/example_branch_operator.py
[2025-01-18T13:45:32.018+0000] {logging_mixin.py:151} INFO - [2025-01-18T13:45:32.017+0000] {dag.py:2907} INFO - Sync 1 DAGs
[2025-01-18T13:45:32.066+0000] {logging_mixin.py:151} INFO - [2025-01-18T13:45:32.066+0000] {dag.py:3677} INFO - Setting next_dagrun for example_branch_operator to 2025-01-17T00:00:00+00:00, run_after=2025-01-18T00:00:00+00:00
[2025-01-18T13:45:32.098+0000] {processor.py:179} INFO - Processing /home/airflow/.local/lib/python3.8/site-packages/airflow/example_dags/example_branch_operator.py took 0.151 seconds
[2025-01-18T13:46:02.433+0000] {processor.py:157} INFO - Started process (PID=983) to work on /home/airflow/.local/lib/python3.8/site-packages/airflow/example_dags/example_branch_operator.py
[2025-01-18T13:46:02.434+0000] {processor.py:829} INFO - Processing file /home/airflow/.local/lib/python3.8/site-packages/airflow/example_dags/example_branch_operator.py for tasks to queue
[2025-01-18T13:46:02.438+0000] {logging_mixin.py:151} INFO - [2025-01-18T13:46:02.437+0000] {dagbag.py:539} INFO - Filling up the DagBag from /home/airflow/.local/lib/python3.8/site-packages/airflow/example_dags/example_branch_operator.py
[2025-01-18T13:46:02.457+0000] {processor.py:839} INFO - DAG(s) dict_keys(['example_branch_operator']) retrieved from /home/airflow/.local/lib/python3.8/site-packages/airflow/example_dags/example_branch_operator.py
[2025-01-18T13:46:02.504+0000] {logging_mixin.py:151} INFO - [2025-01-18T13:46:02.504+0000] {dag.py:2907} INFO - Sync 1 DAGs
[2025-01-18T13:46:02.554+0000] {logging_mixin.py:151} INFO - [2025-01-18T13:46:02.553+0000] {dag.py:3677} INFO - Setting next_dagrun for example_branch_operator to 2025-01-17T00:00:00+00:00, run_after=2025-01-18T00:00:00+00:00
[2025-01-18T13:46:02.597+0000] {processor.py:179} INFO - Processing /home/airflow/.local/lib/python3.8/site-packages/airflow/example_dags/example_branch_operator.py took 0.169 seconds
[2025-01-18T13:46:32.877+0000] {processor.py:157} INFO - Started process (PID=1058) to work on /home/airflow/.local/lib/python3.8/site-packages/airflow/example_dags/example_branch_operator.py
[2025-01-18T13:46:32.879+0000] {processor.py:829} INFO - Processing file /home/airflow/.local/lib/python3.8/site-packages/airflow/example_dags/example_branch_operator.py for tasks to queue
[2025-01-18T13:46:32.883+0000] {logging_mixin.py:151} INFO - [2025-01-18T13:46:32.883+0000] {dagbag.py:539} INFO - Filling up the DagBag from /home/airflow/.local/lib/python3.8/site-packages/airflow/example_dags/example_branch_operator.py
[2025-01-18T13:46:32.902+0000] {processor.py:839} INFO - DAG(s) dict_keys(['example_branch_operator']) retrieved from /home/airflow/.local/lib/python3.8/site-packages/airflow/example_dags/example_branch_operator.py
[2025-01-18T13:46:32.945+0000] {logging_mixin.py:151} INFO - [2025-01-18T13:46:32.945+0000] {dag.py:2907} INFO - Sync 1 DAGs
[2025-01-18T13:46:32.978+0000] {logging_mixin.py:151} INFO - [2025-01-18T13:46:32.978+0000] {dag.py:3677} INFO - Setting next_dagrun for example_branch_operator to 2025-01-17T00:00:00+00:00, run_after=2025-01-18T00:00:00+00:00
[2025-01-18T13:46:33.003+0000] {processor.py:179} INFO - Processing /home/airflow/.local/lib/python3.8/site-packages/airflow/example_dags/example_branch_operator.py took 0.132 seconds
[2025-01-18T13:47:03.198+0000] {processor.py:157} INFO - Started process (PID=1144) to work on /home/airflow/.local/lib/python3.8/site-packages/airflow/example_dags/example_branch_operator.py
[2025-01-18T13:47:03.200+0000] {processor.py:829} INFO - Processing file /home/airflow/.local/lib/python3.8/site-packages/airflow/example_dags/example_branch_operator.py for tasks to queue
[2025-01-18T13:47:03.204+0000] {logging_mixin.py:151} INFO - [2025-01-18T13:47:03.203+0000] {dagbag.py:539} INFO - Filling up the DagBag from /home/airflow/.local/lib/python3.8/site-packages/airflow/example_dags/example_branch_operator.py
[2025-01-18T13:47:03.227+0000] {processor.py:839} INFO - DAG(s) dict_keys(['example_branch_operator']) retrieved from /home/airflow/.local/lib/python3.8/site-packages/airflow/example_dags/example_branch_operator.py
[2025-01-18T13:47:03.270+0000] {logging_mixin.py:151} INFO - [2025-01-18T13:47:03.269+0000] {dag.py:2907} INFO - Sync 1 DAGs
[2025-01-18T13:47:03.312+0000] {logging_mixin.py:151} INFO - [2025-01-18T13:47:03.312+0000] {dag.py:3677} INFO - Setting next_dagrun for example_branch_operator to 2025-01-17T00:00:00+00:00, run_after=2025-01-18T00:00:00+00:00
[2025-01-18T13:47:03.351+0000] {processor.py:179} INFO - Processing /home/airflow/.local/lib/python3.8/site-packages/airflow/example_dags/example_branch_operator.py took 0.160 seconds
[2025-01-18T13:47:33.995+0000] {processor.py:157} INFO - Started process (PID=1230) to work on /home/airflow/.local/lib/python3.8/site-packages/airflow/example_dags/example_branch_operator.py
[2025-01-18T13:47:33.999+0000] {processor.py:829} INFO - Processing file /home/airflow/.local/lib/python3.8/site-packages/airflow/example_dags/example_branch_operator.py for tasks to queue
[2025-01-18T13:47:34.004+0000] {logging_mixin.py:151} INFO - [2025-01-18T13:47:34.003+0000] {dagbag.py:539} INFO - Filling up the DagBag from /home/airflow/.local/lib/python3.8/site-packages/airflow/example_dags/example_branch_operator.py
[2025-01-18T13:47:34.053+0000] {processor.py:839} INFO - DAG(s) dict_keys(['example_branch_operator']) retrieved from /home/airflow/.local/lib/python3.8/site-packages/airflow/example_dags/example_branch_operator.py
[2025-01-18T13:47:34.168+0000] {logging_mixin.py:151} INFO - [2025-01-18T13:47:34.168+0000] {dag.py:2907} INFO - Sync 1 DAGs
[2025-01-18T13:47:34.265+0000] {logging_mixin.py:151} INFO - [2025-01-18T13:47:34.264+0000] {dag.py:3677} INFO - Setting next_dagrun for example_branch_operator to 2025-01-17T00:00:00+00:00, run_after=2025-01-18T00:00:00+00:00
[2025-01-18T13:47:34.318+0000] {processor.py:179} INFO - Processing /home/airflow/.local/lib/python3.8/site-packages/airflow/example_dags/example_branch_operator.py took 0.339 seconds
[2025-01-18T13:48:04.786+0000] {processor.py:157} INFO - Started process (PID=1308) to work on /home/airflow/.local/lib/python3.8/site-packages/airflow/example_dags/example_branch_operator.py
[2025-01-18T13:48:04.788+0000] {processor.py:829} INFO - Processing file /home/airflow/.local/lib/python3.8/site-packages/airflow/example_dags/example_branch_operator.py for tasks to queue
[2025-01-18T13:48:04.792+0000] {logging_mixin.py:151} INFO - [2025-01-18T13:48:04.792+0000] {dagbag.py:539} INFO - Filling up the DagBag from /home/airflow/.local/lib/python3.8/site-packages/airflow/example_dags/example_branch_operator.py
[2025-01-18T13:48:04.813+0000] {processor.py:839} INFO - DAG(s) dict_keys(['example_branch_operator']) retrieved from /home/airflow/.local/lib/python3.8/site-packages/airflow/example_dags/example_branch_operator.py
[2025-01-18T13:48:04.860+0000] {logging_mixin.py:151} INFO - [2025-01-18T13:48:04.859+0000] {dag.py:2907} INFO - Sync 1 DAGs
[2025-01-18T13:48:04.908+0000] {logging_mixin.py:151} INFO - [2025-01-18T13:48:04.908+0000] {dag.py:3677} INFO - Setting next_dagrun for example_branch_operator to 2025-01-17T00:00:00+00:00, run_after=2025-01-18T00:00:00+00:00
[2025-01-18T13:48:04.955+0000] {processor.py:179} INFO - Processing /home/airflow/.local/lib/python3.8/site-packages/airflow/example_dags/example_branch_operator.py took 0.176 seconds
[2025-01-18T13:48:35.160+0000] {processor.py:157} INFO - Started process (PID=1394) to work on /home/airflow/.local/lib/python3.8/site-packages/airflow/example_dags/example_branch_operator.py
[2025-01-18T13:48:35.161+0000] {processor.py:829} INFO - Processing file /home/airflow/.local/lib/python3.8/site-packages/airflow/example_dags/example_branch_operator.py for tasks to queue
[2025-01-18T13:48:35.164+0000] {logging_mixin.py:151} INFO - [2025-01-18T13:48:35.164+0000] {dagbag.py:539} INFO - Filling up the DagBag from /home/airflow/.local/lib/python3.8/site-packages/airflow/example_dags/example_branch_operator.py
[2025-01-18T13:48:35.180+0000] {processor.py:839} INFO - DAG(s) dict_keys(['example_branch_operator']) retrieved from /home/airflow/.local/lib/python3.8/site-packages/airflow/example_dags/example_branch_operator.py
[2025-01-18T13:48:35.213+0000] {logging_mixin.py:151} INFO - [2025-01-18T13:48:35.213+0000] {dag.py:2907} INFO - Sync 1 DAGs
[2025-01-18T13:48:35.258+0000] {logging_mixin.py:151} INFO - [2025-01-18T13:48:35.257+0000] {dag.py:3677} INFO - Setting next_dagrun for example_branch_operator to 2025-01-17T00:00:00+00:00, run_after=2025-01-18T00:00:00+00:00
[2025-01-18T13:48:35.287+0000] {processor.py:179} INFO - Processing /home/airflow/.local/lib/python3.8/site-packages/airflow/example_dags/example_branch_operator.py took 0.130 seconds
[2025-01-18T13:49:05.679+0000] {processor.py:157} INFO - Started process (PID=1481) to work on /home/airflow/.local/lib/python3.8/site-packages/airflow/example_dags/example_branch_operator.py
[2025-01-18T13:49:05.682+0000] {processor.py:829} INFO - Processing file /home/airflow/.local/lib/python3.8/site-packages/airflow/example_dags/example_branch_operator.py for tasks to queue
[2025-01-18T13:49:05.688+0000] {logging_mixin.py:151} INFO - [2025-01-18T13:49:05.687+0000] {dagbag.py:539} INFO - Filling up the DagBag from /home/airflow/.local/lib/python3.8/site-packages/airflow/example_dags/example_branch_operator.py
[2025-01-18T13:49:05.714+0000] {processor.py:839} INFO - DAG(s) dict_keys(['example_branch_operator']) retrieved from /home/airflow/.local/lib/python3.8/site-packages/airflow/example_dags/example_branch_operator.py
[2025-01-18T13:49:05.796+0000] {logging_mixin.py:151} INFO - [2025-01-18T13:49:05.796+0000] {dag.py:2907} INFO - Sync 1 DAGs
[2025-01-18T13:49:05.913+0000] {logging_mixin.py:151} INFO - [2025-01-18T13:49:05.913+0000] {dag.py:3677} INFO - Setting next_dagrun for example_branch_operator to 2025-01-17T00:00:00+00:00, run_after=2025-01-18T00:00:00+00:00
[2025-01-18T13:49:06.008+0000] {processor.py:179} INFO - Processing /home/airflow/.local/lib/python3.8/site-packages/airflow/example_dags/example_branch_operator.py took 0.336 seconds
[2025-01-18T13:49:36.930+0000] {processor.py:157} INFO - Started process (PID=1567) to work on /home/airflow/.local/lib/python3.8/site-packages/airflow/example_dags/example_branch_operator.py
[2025-01-18T13:49:36.931+0000] {processor.py:829} INFO - Processing file /home/airflow/.local/lib/python3.8/site-packages/airflow/example_dags/example_branch_operator.py for tasks to queue
[2025-01-18T13:49:36.933+0000] {logging_mixin.py:151} INFO - [2025-01-18T13:49:36.933+0000] {dagbag.py:539} INFO - Filling up the DagBag from /home/airflow/.local/lib/python3.8/site-packages/airflow/example_dags/example_branch_operator.py
[2025-01-18T13:49:36.944+0000] {processor.py:839} INFO - DAG(s) dict_keys(['example_branch_operator']) retrieved from /home/airflow/.local/lib/python3.8/site-packages/airflow/example_dags/example_branch_operator.py
[2025-01-18T13:49:36.970+0000] {logging_mixin.py:151} INFO - [2025-01-18T13:49:36.970+0000] {dag.py:2907} INFO - Sync 1 DAGs
[2025-01-18T13:49:36.997+0000] {logging_mixin.py:151} INFO - [2025-01-18T13:49:36.997+0000] {dag.py:3677} INFO - Setting next_dagrun for example_branch_operator to 2025-01-17T00:00:00+00:00, run_after=2025-01-18T00:00:00+00:00
[2025-01-18T13:49:37.016+0000] {processor.py:179} INFO - Processing /home/airflow/.local/lib/python3.8/site-packages/airflow/example_dags/example_branch_operator.py took 0.090 seconds
[2025-01-18T13:50:07.894+0000] {processor.py:157} INFO - Started process (PID=1654) to work on /home/airflow/.local/lib/python3.8/site-packages/airflow/example_dags/example_branch_operator.py
[2025-01-18T13:50:07.896+0000] {processor.py:829} INFO - Processing file /home/airflow/.local/lib/python3.8/site-packages/airflow/example_dags/example_branch_operator.py for tasks to queue
[2025-01-18T13:50:07.900+0000] {logging_mixin.py:151} INFO - [2025-01-18T13:50:07.899+0000] {dagbag.py:539} INFO - Filling up the DagBag from /home/airflow/.local/lib/python3.8/site-packages/airflow/example_dags/example_branch_operator.py
[2025-01-18T13:50:07.916+0000] {processor.py:839} INFO - DAG(s) dict_keys(['example_branch_operator']) retrieved from /home/airflow/.local/lib/python3.8/site-packages/airflow/example_dags/example_branch_operator.py
[2025-01-18T13:50:07.953+0000] {logging_mixin.py:151} INFO - [2025-01-18T13:50:07.953+0000] {dag.py:2907} INFO - Sync 1 DAGs
[2025-01-18T13:50:07.990+0000] {logging_mixin.py:151} INFO - [2025-01-18T13:50:07.989+0000] {dag.py:3677} INFO - Setting next_dagrun for example_branch_operator to 2025-01-17T00:00:00+00:00, run_after=2025-01-18T00:00:00+00:00
[2025-01-18T13:50:08.012+0000] {processor.py:179} INFO - Processing /home/airflow/.local/lib/python3.8/site-packages/airflow/example_dags/example_branch_operator.py took 0.121 seconds
[2025-01-18T13:50:38.442+0000] {processor.py:157} INFO - Started process (PID=1767) to work on /home/airflow/.local/lib/python3.8/site-packages/airflow/example_dags/example_branch_operator.py
[2025-01-18T13:50:38.443+0000] {processor.py:829} INFO - Processing file /home/airflow/.local/lib/python3.8/site-packages/airflow/example_dags/example_branch_operator.py for tasks to queue
[2025-01-18T13:50:38.446+0000] {logging_mixin.py:151} INFO - [2025-01-18T13:50:38.446+0000] {dagbag.py:539} INFO - Filling up the DagBag from /home/airflow/.local/lib/python3.8/site-packages/airflow/example_dags/example_branch_operator.py
[2025-01-18T13:50:38.461+0000] {processor.py:839} INFO - DAG(s) dict_keys(['example_branch_operator']) retrieved from /home/airflow/.local/lib/python3.8/site-packages/airflow/example_dags/example_branch_operator.py
[2025-01-18T13:50:38.485+0000] {logging_mixin.py:151} INFO - [2025-01-18T13:50:38.485+0000] {dag.py:2907} INFO - Sync 1 DAGs
[2025-01-18T13:50:38.507+0000] {logging_mixin.py:151} INFO - [2025-01-18T13:50:38.507+0000] {dag.py:3677} INFO - Setting next_dagrun for example_branch_operator to 2025-01-17T00:00:00+00:00, run_after=2025-01-18T00:00:00+00:00
[2025-01-18T13:50:38.526+0000] {processor.py:179} INFO - Processing /home/airflow/.local/lib/python3.8/site-packages/airflow/example_dags/example_branch_operator.py took 0.090 seconds
[2025-01-18T13:51:08.756+0000] {processor.py:157} INFO - Started process (PID=1853) to work on /home/airflow/.local/lib/python3.8/site-packages/airflow/example_dags/example_branch_operator.py
[2025-01-18T13:51:08.757+0000] {processor.py:829} INFO - Processing file /home/airflow/.local/lib/python3.8/site-packages/airflow/example_dags/example_branch_operator.py for tasks to queue
[2025-01-18T13:51:08.760+0000] {logging_mixin.py:151} INFO - [2025-01-18T13:51:08.760+0000] {dagbag.py:539} INFO - Filling up the DagBag from /home/airflow/.local/lib/python3.8/site-packages/airflow/example_dags/example_branch_operator.py
[2025-01-18T13:51:08.774+0000] {processor.py:839} INFO - DAG(s) dict_keys(['example_branch_operator']) retrieved from /home/airflow/.local/lib/python3.8/site-packages/airflow/example_dags/example_branch_operator.py
[2025-01-18T13:51:08.813+0000] {logging_mixin.py:151} INFO - [2025-01-18T13:51:08.812+0000] {dag.py:2907} INFO - Sync 1 DAGs
[2025-01-18T13:51:08.854+0000] {logging_mixin.py:151} INFO - [2025-01-18T13:51:08.854+0000] {dag.py:3677} INFO - Setting next_dagrun for example_branch_operator to 2025-01-17T00:00:00+00:00, run_after=2025-01-18T00:00:00+00:00
[2025-01-18T13:51:08.887+0000] {processor.py:179} INFO - Processing /home/airflow/.local/lib/python3.8/site-packages/airflow/example_dags/example_branch_operator.py took 0.137 seconds
[2025-01-18T15:08:30.679+0000] {processor.py:157} INFO - Started process (PID=16096) to work on /home/airflow/.local/lib/python3.8/site-packages/airflow/example_dags/example_branch_operator.py
[2025-01-18T15:08:30.680+0000] {processor.py:829} INFO - Processing file /home/airflow/.local/lib/python3.8/site-packages/airflow/example_dags/example_branch_operator.py for tasks to queue
[2025-01-18T15:08:30.682+0000] {logging_mixin.py:151} INFO - [2025-01-18T15:08:30.682+0000] {dagbag.py:539} INFO - Filling up the DagBag from /home/airflow/.local/lib/python3.8/site-packages/airflow/example_dags/example_branch_operator.py
[2025-01-18T15:08:30.692+0000] {processor.py:839} INFO - DAG(s) dict_keys(['example_branch_operator']) retrieved from /home/airflow/.local/lib/python3.8/site-packages/airflow/example_dags/example_branch_operator.py
[2025-01-18T15:08:30.718+0000] {logging_mixin.py:151} INFO - [2025-01-18T15:08:30.718+0000] {dag.py:2907} INFO - Sync 1 DAGs
[2025-01-18T15:08:30.741+0000] {logging_mixin.py:151} INFO - [2025-01-18T15:08:30.741+0000] {dag.py:3677} INFO - Setting next_dagrun for example_branch_operator to 2025-01-17T00:00:00+00:00, run_after=2025-01-18T00:00:00+00:00
[2025-01-18T15:08:30.758+0000] {processor.py:179} INFO - Processing /home/airflow/.local/lib/python3.8/site-packages/airflow/example_dags/example_branch_operator.py took 0.082 seconds
[2025-01-18T15:09:01.305+0000] {processor.py:157} INFO - Started process (PID=16219) to work on /home/airflow/.local/lib/python3.8/site-packages/airflow/example_dags/example_branch_operator.py
[2025-01-18T15:09:01.307+0000] {processor.py:829} INFO - Processing file /home/airflow/.local/lib/python3.8/site-packages/airflow/example_dags/example_branch_operator.py for tasks to queue
[2025-01-18T15:09:01.309+0000] {logging_mixin.py:151} INFO - [2025-01-18T15:09:01.309+0000] {dagbag.py:539} INFO - Filling up the DagBag from /home/airflow/.local/lib/python3.8/site-packages/airflow/example_dags/example_branch_operator.py
[2025-01-18T15:09:01.318+0000] {processor.py:839} INFO - DAG(s) dict_keys(['example_branch_operator']) retrieved from /home/airflow/.local/lib/python3.8/site-packages/airflow/example_dags/example_branch_operator.py
[2025-01-18T15:09:01.342+0000] {logging_mixin.py:151} INFO - [2025-01-18T15:09:01.341+0000] {dag.py:2907} INFO - Sync 1 DAGs
[2025-01-18T15:09:01.363+0000] {logging_mixin.py:151} INFO - [2025-01-18T15:09:01.363+0000] {dag.py:3677} INFO - Setting next_dagrun for example_branch_operator to 2025-01-17T00:00:00+00:00, run_after=2025-01-18T00:00:00+00:00
[2025-01-18T15:09:01.380+0000] {processor.py:179} INFO - Processing /home/airflow/.local/lib/python3.8/site-packages/airflow/example_dags/example_branch_operator.py took 0.077 seconds
