[2025-01-18T00:11:25.291+0000] {processor.py:157} INFO - Started process (PID=151) to work on /home/airflow/.local/lib/python3.8/site-packages/airflow/example_dags/example_local_kubernetes_executor.py
[2025-01-18T00:11:25.295+0000] {processor.py:829} INFO - Processing file /home/airflow/.local/lib/python3.8/site-packages/airflow/example_dags/example_local_kubernetes_executor.py for tasks to queue
[2025-01-18T00:11:25.308+0000] {logging_mixin.py:151} INFO - [2025-01-18T00:11:25.307+0000] {dagbag.py:539} INFO - Filling up the DagBag from /home/airflow/.local/lib/python3.8/site-packages/airflow/example_dags/example_local_kubernetes_executor.py
[2025-01-18T00:11:25.375+0000] {processor.py:839} INFO - DAG(s) dict_keys(['example_local_kubernetes_executor']) retrieved from /home/airflow/.local/lib/python3.8/site-packages/airflow/example_dags/example_local_kubernetes_executor.py
[2025-01-18T00:11:25.463+0000] {logging_mixin.py:151} INFO - [2025-01-18T00:11:25.462+0000] {dag.py:2907} INFO - Sync 1 DAGs
[2025-01-18T00:11:25.511+0000] {logging_mixin.py:151} INFO - [2025-01-18T00:11:25.510+0000] {dag.py:3677} INFO - Setting next_dagrun for example_local_kubernetes_executor to None, run_after=None
[2025-01-18T00:11:25.600+0000] {processor.py:179} INFO - Processing /home/airflow/.local/lib/python3.8/site-packages/airflow/example_dags/example_local_kubernetes_executor.py took 0.317 seconds
[2025-01-18T00:11:56.664+0000] {processor.py:157} INFO - Started process (PID=252) to work on /home/airflow/.local/lib/python3.8/site-packages/airflow/example_dags/example_local_kubernetes_executor.py
[2025-01-18T00:11:56.666+0000] {processor.py:829} INFO - Processing file /home/airflow/.local/lib/python3.8/site-packages/airflow/example_dags/example_local_kubernetes_executor.py for tasks to queue
[2025-01-18T00:11:56.670+0000] {logging_mixin.py:151} INFO - [2025-01-18T00:11:56.670+0000] {dagbag.py:539} INFO - Filling up the DagBag from /home/airflow/.local/lib/python3.8/site-packages/airflow/example_dags/example_local_kubernetes_executor.py
[2025-01-18T00:11:56.691+0000] {processor.py:839} INFO - DAG(s) dict_keys(['example_local_kubernetes_executor']) retrieved from /home/airflow/.local/lib/python3.8/site-packages/airflow/example_dags/example_local_kubernetes_executor.py
[2025-01-18T00:11:56.738+0000] {logging_mixin.py:151} INFO - [2025-01-18T00:11:56.738+0000] {dag.py:2907} INFO - Sync 1 DAGs
[2025-01-18T00:11:56.810+0000] {logging_mixin.py:151} INFO - [2025-01-18T00:11:56.810+0000] {dag.py:3677} INFO - Setting next_dagrun for example_local_kubernetes_executor to None, run_after=None
[2025-01-18T00:11:56.900+0000] {processor.py:179} INFO - Processing /home/airflow/.local/lib/python3.8/site-packages/airflow/example_dags/example_local_kubernetes_executor.py took 0.244 seconds
[2025-01-18T00:12:27.682+0000] {processor.py:157} INFO - Started process (PID=337) to work on /home/airflow/.local/lib/python3.8/site-packages/airflow/example_dags/example_local_kubernetes_executor.py
[2025-01-18T00:12:27.683+0000] {processor.py:829} INFO - Processing file /home/airflow/.local/lib/python3.8/site-packages/airflow/example_dags/example_local_kubernetes_executor.py for tasks to queue
[2025-01-18T00:12:27.685+0000] {logging_mixin.py:151} INFO - [2025-01-18T00:12:27.685+0000] {dagbag.py:539} INFO - Filling up the DagBag from /home/airflow/.local/lib/python3.8/site-packages/airflow/example_dags/example_local_kubernetes_executor.py
[2025-01-18T00:12:27.726+0000] {processor.py:839} INFO - DAG(s) dict_keys(['example_local_kubernetes_executor']) retrieved from /home/airflow/.local/lib/python3.8/site-packages/airflow/example_dags/example_local_kubernetes_executor.py
[2025-01-18T00:12:27.934+0000] {logging_mixin.py:151} INFO - [2025-01-18T00:12:27.933+0000] {dag.py:2907} INFO - Sync 1 DAGs
[2025-01-18T00:12:27.960+0000] {logging_mixin.py:151} INFO - [2025-01-18T00:12:27.960+0000] {dag.py:3677} INFO - Setting next_dagrun for example_local_kubernetes_executor to None, run_after=None
[2025-01-18T00:12:27.989+0000] {processor.py:179} INFO - Processing /home/airflow/.local/lib/python3.8/site-packages/airflow/example_dags/example_local_kubernetes_executor.py took 0.313 seconds
[2025-01-18T00:12:58.103+0000] {processor.py:157} INFO - Started process (PID=423) to work on /home/airflow/.local/lib/python3.8/site-packages/airflow/example_dags/example_local_kubernetes_executor.py
[2025-01-18T00:12:58.105+0000] {processor.py:829} INFO - Processing file /home/airflow/.local/lib/python3.8/site-packages/airflow/example_dags/example_local_kubernetes_executor.py for tasks to queue
[2025-01-18T00:12:58.112+0000] {logging_mixin.py:151} INFO - [2025-01-18T00:12:58.111+0000] {dagbag.py:539} INFO - Filling up the DagBag from /home/airflow/.local/lib/python3.8/site-packages/airflow/example_dags/example_local_kubernetes_executor.py
[2025-01-18T00:12:58.151+0000] {processor.py:839} INFO - DAG(s) dict_keys(['example_local_kubernetes_executor']) retrieved from /home/airflow/.local/lib/python3.8/site-packages/airflow/example_dags/example_local_kubernetes_executor.py
[2025-01-18T00:12:58.223+0000] {logging_mixin.py:151} INFO - [2025-01-18T00:12:58.222+0000] {dag.py:2907} INFO - Sync 1 DAGs
[2025-01-18T00:12:58.261+0000] {logging_mixin.py:151} INFO - [2025-01-18T00:12:58.260+0000] {dag.py:3677} INFO - Setting next_dagrun for example_local_kubernetes_executor to None, run_after=None
[2025-01-18T00:12:58.310+0000] {processor.py:179} INFO - Processing /home/airflow/.local/lib/python3.8/site-packages/airflow/example_dags/example_local_kubernetes_executor.py took 0.217 seconds
[2025-01-18T00:14:28.678+0000] {processor.py:157} INFO - Started process (PID=122) to work on /home/airflow/.local/lib/python3.8/site-packages/airflow/example_dags/example_local_kubernetes_executor.py
[2025-01-18T00:14:28.679+0000] {processor.py:829} INFO - Processing file /home/airflow/.local/lib/python3.8/site-packages/airflow/example_dags/example_local_kubernetes_executor.py for tasks to queue
[2025-01-18T00:14:28.683+0000] {logging_mixin.py:151} INFO - [2025-01-18T00:14:28.683+0000] {dagbag.py:539} INFO - Filling up the DagBag from /home/airflow/.local/lib/python3.8/site-packages/airflow/example_dags/example_local_kubernetes_executor.py
[2025-01-18T00:14:28.701+0000] {processor.py:839} INFO - DAG(s) dict_keys(['example_local_kubernetes_executor']) retrieved from /home/airflow/.local/lib/python3.8/site-packages/airflow/example_dags/example_local_kubernetes_executor.py
[2025-01-18T00:14:28.733+0000] {logging_mixin.py:151} INFO - [2025-01-18T00:14:28.733+0000] {dag.py:2907} INFO - Sync 1 DAGs
[2025-01-18T00:14:28.757+0000] {logging_mixin.py:151} INFO - [2025-01-18T00:14:28.757+0000] {dag.py:3677} INFO - Setting next_dagrun for example_local_kubernetes_executor to None, run_after=None
[2025-01-18T00:14:28.788+0000] {processor.py:179} INFO - Processing /home/airflow/.local/lib/python3.8/site-packages/airflow/example_dags/example_local_kubernetes_executor.py took 0.116 seconds
[2025-01-18T00:14:58.901+0000] {processor.py:157} INFO - Started process (PID=189) to work on /home/airflow/.local/lib/python3.8/site-packages/airflow/example_dags/example_local_kubernetes_executor.py
[2025-01-18T00:14:58.903+0000] {processor.py:829} INFO - Processing file /home/airflow/.local/lib/python3.8/site-packages/airflow/example_dags/example_local_kubernetes_executor.py for tasks to queue
[2025-01-18T00:14:58.906+0000] {logging_mixin.py:151} INFO - [2025-01-18T00:14:58.906+0000] {dagbag.py:539} INFO - Filling up the DagBag from /home/airflow/.local/lib/python3.8/site-packages/airflow/example_dags/example_local_kubernetes_executor.py
[2025-01-18T00:14:58.918+0000] {processor.py:839} INFO - DAG(s) dict_keys(['example_local_kubernetes_executor']) retrieved from /home/airflow/.local/lib/python3.8/site-packages/airflow/example_dags/example_local_kubernetes_executor.py
[2025-01-18T00:14:58.946+0000] {logging_mixin.py:151} INFO - [2025-01-18T00:14:58.946+0000] {dag.py:2907} INFO - Sync 1 DAGs
[2025-01-18T00:14:58.965+0000] {logging_mixin.py:151} INFO - [2025-01-18T00:14:58.965+0000] {dag.py:3677} INFO - Setting next_dagrun for example_local_kubernetes_executor to None, run_after=None
[2025-01-18T00:14:58.992+0000] {processor.py:179} INFO - Processing /home/airflow/.local/lib/python3.8/site-packages/airflow/example_dags/example_local_kubernetes_executor.py took 0.098 seconds
[2025-01-18T00:15:29.673+0000] {processor.py:157} INFO - Started process (PID=275) to work on /home/airflow/.local/lib/python3.8/site-packages/airflow/example_dags/example_local_kubernetes_executor.py
[2025-01-18T00:15:29.674+0000] {processor.py:829} INFO - Processing file /home/airflow/.local/lib/python3.8/site-packages/airflow/example_dags/example_local_kubernetes_executor.py for tasks to queue
[2025-01-18T00:15:29.677+0000] {logging_mixin.py:151} INFO - [2025-01-18T00:15:29.677+0000] {dagbag.py:539} INFO - Filling up the DagBag from /home/airflow/.local/lib/python3.8/site-packages/airflow/example_dags/example_local_kubernetes_executor.py
[2025-01-18T00:15:29.689+0000] {processor.py:839} INFO - DAG(s) dict_keys(['example_local_kubernetes_executor']) retrieved from /home/airflow/.local/lib/python3.8/site-packages/airflow/example_dags/example_local_kubernetes_executor.py
[2025-01-18T00:15:29.716+0000] {logging_mixin.py:151} INFO - [2025-01-18T00:15:29.715+0000] {dag.py:2907} INFO - Sync 1 DAGs
[2025-01-18T00:15:29.737+0000] {logging_mixin.py:151} INFO - [2025-01-18T00:15:29.736+0000] {dag.py:3677} INFO - Setting next_dagrun for example_local_kubernetes_executor to None, run_after=None
[2025-01-18T00:15:29.762+0000] {processor.py:179} INFO - Processing /home/airflow/.local/lib/python3.8/site-packages/airflow/example_dags/example_local_kubernetes_executor.py took 0.094 seconds
[2025-01-18T00:16:00.004+0000] {processor.py:157} INFO - Started process (PID=361) to work on /home/airflow/.local/lib/python3.8/site-packages/airflow/example_dags/example_local_kubernetes_executor.py
[2025-01-18T00:16:00.006+0000] {processor.py:829} INFO - Processing file /home/airflow/.local/lib/python3.8/site-packages/airflow/example_dags/example_local_kubernetes_executor.py for tasks to queue
[2025-01-18T00:16:00.010+0000] {logging_mixin.py:151} INFO - [2025-01-18T00:16:00.009+0000] {dagbag.py:539} INFO - Filling up the DagBag from /home/airflow/.local/lib/python3.8/site-packages/airflow/example_dags/example_local_kubernetes_executor.py
[2025-01-18T00:16:00.032+0000] {processor.py:839} INFO - DAG(s) dict_keys(['example_local_kubernetes_executor']) retrieved from /home/airflow/.local/lib/python3.8/site-packages/airflow/example_dags/example_local_kubernetes_executor.py
[2025-01-18T00:16:00.074+0000] {logging_mixin.py:151} INFO - [2025-01-18T00:16:00.074+0000] {dag.py:2907} INFO - Sync 1 DAGs
[2025-01-18T00:16:00.105+0000] {logging_mixin.py:151} INFO - [2025-01-18T00:16:00.104+0000] {dag.py:3677} INFO - Setting next_dagrun for example_local_kubernetes_executor to None, run_after=None
[2025-01-18T00:16:00.156+0000] {processor.py:179} INFO - Processing /home/airflow/.local/lib/python3.8/site-packages/airflow/example_dags/example_local_kubernetes_executor.py took 0.157 seconds
[2025-01-18T00:16:32.484+0000] {processor.py:157} INFO - Started process (PID=447) to work on /home/airflow/.local/lib/python3.8/site-packages/airflow/example_dags/example_local_kubernetes_executor.py
[2025-01-18T00:16:32.486+0000] {processor.py:829} INFO - Processing file /home/airflow/.local/lib/python3.8/site-packages/airflow/example_dags/example_local_kubernetes_executor.py for tasks to queue
[2025-01-18T00:16:32.490+0000] {logging_mixin.py:151} INFO - [2025-01-18T00:16:32.490+0000] {dagbag.py:539} INFO - Filling up the DagBag from /home/airflow/.local/lib/python3.8/site-packages/airflow/example_dags/example_local_kubernetes_executor.py
[2025-01-18T00:16:32.508+0000] {processor.py:839} INFO - DAG(s) dict_keys(['example_local_kubernetes_executor']) retrieved from /home/airflow/.local/lib/python3.8/site-packages/airflow/example_dags/example_local_kubernetes_executor.py
[2025-01-18T00:16:32.549+0000] {logging_mixin.py:151} INFO - [2025-01-18T00:16:32.548+0000] {dag.py:2907} INFO - Sync 1 DAGs
[2025-01-18T00:16:32.587+0000] {logging_mixin.py:151} INFO - [2025-01-18T00:16:32.587+0000] {dag.py:3677} INFO - Setting next_dagrun for example_local_kubernetes_executor to None, run_after=None
[2025-01-18T00:16:32.649+0000] {processor.py:179} INFO - Processing /home/airflow/.local/lib/python3.8/site-packages/airflow/example_dags/example_local_kubernetes_executor.py took 0.172 seconds
[2025-01-18T00:17:02.777+0000] {processor.py:157} INFO - Started process (PID=542) to work on /home/airflow/.local/lib/python3.8/site-packages/airflow/example_dags/example_local_kubernetes_executor.py
[2025-01-18T00:17:02.779+0000] {processor.py:829} INFO - Processing file /home/airflow/.local/lib/python3.8/site-packages/airflow/example_dags/example_local_kubernetes_executor.py for tasks to queue
[2025-01-18T00:17:02.784+0000] {logging_mixin.py:151} INFO - [2025-01-18T00:17:02.783+0000] {dagbag.py:539} INFO - Filling up the DagBag from /home/airflow/.local/lib/python3.8/site-packages/airflow/example_dags/example_local_kubernetes_executor.py
[2025-01-18T00:17:02.800+0000] {processor.py:839} INFO - DAG(s) dict_keys(['example_local_kubernetes_executor']) retrieved from /home/airflow/.local/lib/python3.8/site-packages/airflow/example_dags/example_local_kubernetes_executor.py
[2025-01-18T00:17:02.833+0000] {logging_mixin.py:151} INFO - [2025-01-18T00:17:02.833+0000] {dag.py:2907} INFO - Sync 1 DAGs
[2025-01-18T00:17:02.859+0000] {logging_mixin.py:151} INFO - [2025-01-18T00:17:02.859+0000] {dag.py:3677} INFO - Setting next_dagrun for example_local_kubernetes_executor to None, run_after=None
[2025-01-18T00:17:02.889+0000] {processor.py:179} INFO - Processing /home/airflow/.local/lib/python3.8/site-packages/airflow/example_dags/example_local_kubernetes_executor.py took 0.118 seconds
[2025-01-18T00:17:37.088+0000] {processor.py:157} INFO - Started process (PID=628) to work on /home/airflow/.local/lib/python3.8/site-packages/airflow/example_dags/example_local_kubernetes_executor.py
[2025-01-18T00:17:37.090+0000] {processor.py:829} INFO - Processing file /home/airflow/.local/lib/python3.8/site-packages/airflow/example_dags/example_local_kubernetes_executor.py for tasks to queue
[2025-01-18T00:17:37.124+0000] {logging_mixin.py:151} INFO - [2025-01-18T00:17:37.123+0000] {dagbag.py:539} INFO - Filling up the DagBag from /home/airflow/.local/lib/python3.8/site-packages/airflow/example_dags/example_local_kubernetes_executor.py
[2025-01-18T00:17:37.155+0000] {processor.py:839} INFO - DAG(s) dict_keys(['example_local_kubernetes_executor']) retrieved from /home/airflow/.local/lib/python3.8/site-packages/airflow/example_dags/example_local_kubernetes_executor.py
[2025-01-18T00:17:37.224+0000] {logging_mixin.py:151} INFO - [2025-01-18T00:17:37.223+0000] {dag.py:2907} INFO - Sync 1 DAGs
[2025-01-18T00:17:37.275+0000] {logging_mixin.py:151} INFO - [2025-01-18T00:17:37.274+0000] {dag.py:3677} INFO - Setting next_dagrun for example_local_kubernetes_executor to None, run_after=None
[2025-01-18T00:17:37.331+0000] {processor.py:179} INFO - Processing /home/airflow/.local/lib/python3.8/site-packages/airflow/example_dags/example_local_kubernetes_executor.py took 0.266 seconds
[2025-01-18T00:18:08.194+0000] {processor.py:157} INFO - Started process (PID=714) to work on /home/airflow/.local/lib/python3.8/site-packages/airflow/example_dags/example_local_kubernetes_executor.py
[2025-01-18T00:18:08.195+0000] {processor.py:829} INFO - Processing file /home/airflow/.local/lib/python3.8/site-packages/airflow/example_dags/example_local_kubernetes_executor.py for tasks to queue
[2025-01-18T00:18:08.200+0000] {logging_mixin.py:151} INFO - [2025-01-18T00:18:08.200+0000] {dagbag.py:539} INFO - Filling up the DagBag from /home/airflow/.local/lib/python3.8/site-packages/airflow/example_dags/example_local_kubernetes_executor.py
[2025-01-18T00:18:08.215+0000] {processor.py:839} INFO - DAG(s) dict_keys(['example_local_kubernetes_executor']) retrieved from /home/airflow/.local/lib/python3.8/site-packages/airflow/example_dags/example_local_kubernetes_executor.py
[2025-01-18T00:18:08.244+0000] {logging_mixin.py:151} INFO - [2025-01-18T00:18:08.244+0000] {dag.py:2907} INFO - Sync 1 DAGs
[2025-01-18T00:18:08.263+0000] {logging_mixin.py:151} INFO - [2025-01-18T00:18:08.263+0000] {dag.py:3677} INFO - Setting next_dagrun for example_local_kubernetes_executor to None, run_after=None
[2025-01-18T00:18:08.290+0000] {processor.py:179} INFO - Processing /home/airflow/.local/lib/python3.8/site-packages/airflow/example_dags/example_local_kubernetes_executor.py took 0.102 seconds
[2025-01-18T00:18:38.631+0000] {processor.py:157} INFO - Started process (PID=789) to work on /home/airflow/.local/lib/python3.8/site-packages/airflow/example_dags/example_local_kubernetes_executor.py
[2025-01-18T00:18:38.637+0000] {processor.py:829} INFO - Processing file /home/airflow/.local/lib/python3.8/site-packages/airflow/example_dags/example_local_kubernetes_executor.py for tasks to queue
[2025-01-18T00:18:38.643+0000] {logging_mixin.py:151} INFO - [2025-01-18T00:18:38.642+0000] {dagbag.py:539} INFO - Filling up the DagBag from /home/airflow/.local/lib/python3.8/site-packages/airflow/example_dags/example_local_kubernetes_executor.py
[2025-01-18T00:18:38.687+0000] {processor.py:839} INFO - DAG(s) dict_keys(['example_local_kubernetes_executor']) retrieved from /home/airflow/.local/lib/python3.8/site-packages/airflow/example_dags/example_local_kubernetes_executor.py
[2025-01-18T00:18:38.766+0000] {logging_mixin.py:151} INFO - [2025-01-18T00:18:38.766+0000] {dag.py:2907} INFO - Sync 1 DAGs
[2025-01-18T00:18:38.842+0000] {logging_mixin.py:151} INFO - [2025-01-18T00:18:38.842+0000] {dag.py:3677} INFO - Setting next_dagrun for example_local_kubernetes_executor to None, run_after=None
[2025-01-18T00:18:38.902+0000] {processor.py:179} INFO - Processing /home/airflow/.local/lib/python3.8/site-packages/airflow/example_dags/example_local_kubernetes_executor.py took 0.281 seconds
[2025-01-18T00:19:09.062+0000] {processor.py:157} INFO - Started process (PID=867) to work on /home/airflow/.local/lib/python3.8/site-packages/airflow/example_dags/example_local_kubernetes_executor.py
[2025-01-18T00:19:09.064+0000] {processor.py:829} INFO - Processing file /home/airflow/.local/lib/python3.8/site-packages/airflow/example_dags/example_local_kubernetes_executor.py for tasks to queue
[2025-01-18T00:19:09.067+0000] {logging_mixin.py:151} INFO - [2025-01-18T00:19:09.067+0000] {dagbag.py:539} INFO - Filling up the DagBag from /home/airflow/.local/lib/python3.8/site-packages/airflow/example_dags/example_local_kubernetes_executor.py
[2025-01-18T00:19:09.081+0000] {processor.py:839} INFO - DAG(s) dict_keys(['example_local_kubernetes_executor']) retrieved from /home/airflow/.local/lib/python3.8/site-packages/airflow/example_dags/example_local_kubernetes_executor.py
[2025-01-18T00:19:09.116+0000] {logging_mixin.py:151} INFO - [2025-01-18T00:19:09.116+0000] {dag.py:2907} INFO - Sync 1 DAGs
[2025-01-18T00:19:09.140+0000] {logging_mixin.py:151} INFO - [2025-01-18T00:19:09.140+0000] {dag.py:3677} INFO - Setting next_dagrun for example_local_kubernetes_executor to None, run_after=None
[2025-01-18T00:19:09.180+0000] {processor.py:179} INFO - Processing /home/airflow/.local/lib/python3.8/site-packages/airflow/example_dags/example_local_kubernetes_executor.py took 0.124 seconds
[2025-01-18T00:19:39.270+0000] {processor.py:157} INFO - Started process (PID=953) to work on /home/airflow/.local/lib/python3.8/site-packages/airflow/example_dags/example_local_kubernetes_executor.py
[2025-01-18T00:19:39.272+0000] {processor.py:829} INFO - Processing file /home/airflow/.local/lib/python3.8/site-packages/airflow/example_dags/example_local_kubernetes_executor.py for tasks to queue
[2025-01-18T00:19:39.275+0000] {logging_mixin.py:151} INFO - [2025-01-18T00:19:39.275+0000] {dagbag.py:539} INFO - Filling up the DagBag from /home/airflow/.local/lib/python3.8/site-packages/airflow/example_dags/example_local_kubernetes_executor.py
[2025-01-18T00:19:39.287+0000] {processor.py:839} INFO - DAG(s) dict_keys(['example_local_kubernetes_executor']) retrieved from /home/airflow/.local/lib/python3.8/site-packages/airflow/example_dags/example_local_kubernetes_executor.py
[2025-01-18T00:19:39.316+0000] {logging_mixin.py:151} INFO - [2025-01-18T00:19:39.315+0000] {dag.py:2907} INFO - Sync 1 DAGs
[2025-01-18T00:19:39.337+0000] {logging_mixin.py:151} INFO - [2025-01-18T00:19:39.336+0000] {dag.py:3677} INFO - Setting next_dagrun for example_local_kubernetes_executor to None, run_after=None
[2025-01-18T00:19:39.367+0000] {processor.py:179} INFO - Processing /home/airflow/.local/lib/python3.8/site-packages/airflow/example_dags/example_local_kubernetes_executor.py took 0.101 seconds
[2025-01-18T00:20:09.623+0000] {processor.py:157} INFO - Started process (PID=1039) to work on /home/airflow/.local/lib/python3.8/site-packages/airflow/example_dags/example_local_kubernetes_executor.py
[2025-01-18T00:20:09.625+0000] {processor.py:829} INFO - Processing file /home/airflow/.local/lib/python3.8/site-packages/airflow/example_dags/example_local_kubernetes_executor.py for tasks to queue
[2025-01-18T00:20:09.629+0000] {logging_mixin.py:151} INFO - [2025-01-18T00:20:09.629+0000] {dagbag.py:539} INFO - Filling up the DagBag from /home/airflow/.local/lib/python3.8/site-packages/airflow/example_dags/example_local_kubernetes_executor.py
[2025-01-18T00:20:09.644+0000] {processor.py:839} INFO - DAG(s) dict_keys(['example_local_kubernetes_executor']) retrieved from /home/airflow/.local/lib/python3.8/site-packages/airflow/example_dags/example_local_kubernetes_executor.py
[2025-01-18T00:20:09.678+0000] {logging_mixin.py:151} INFO - [2025-01-18T00:20:09.677+0000] {dag.py:2907} INFO - Sync 1 DAGs
[2025-01-18T00:20:09.703+0000] {logging_mixin.py:151} INFO - [2025-01-18T00:20:09.702+0000] {dag.py:3677} INFO - Setting next_dagrun for example_local_kubernetes_executor to None, run_after=None
[2025-01-18T00:20:09.735+0000] {processor.py:179} INFO - Processing /home/airflow/.local/lib/python3.8/site-packages/airflow/example_dags/example_local_kubernetes_executor.py took 0.117 seconds
[2025-01-18T00:20:40.333+0000] {processor.py:157} INFO - Started process (PID=1125) to work on /home/airflow/.local/lib/python3.8/site-packages/airflow/example_dags/example_local_kubernetes_executor.py
[2025-01-18T00:20:40.335+0000] {processor.py:829} INFO - Processing file /home/airflow/.local/lib/python3.8/site-packages/airflow/example_dags/example_local_kubernetes_executor.py for tasks to queue
[2025-01-18T00:20:40.338+0000] {logging_mixin.py:151} INFO - [2025-01-18T00:20:40.338+0000] {dagbag.py:539} INFO - Filling up the DagBag from /home/airflow/.local/lib/python3.8/site-packages/airflow/example_dags/example_local_kubernetes_executor.py
[2025-01-18T00:20:40.354+0000] {processor.py:839} INFO - DAG(s) dict_keys(['example_local_kubernetes_executor']) retrieved from /home/airflow/.local/lib/python3.8/site-packages/airflow/example_dags/example_local_kubernetes_executor.py
[2025-01-18T00:20:40.388+0000] {logging_mixin.py:151} INFO - [2025-01-18T00:20:40.388+0000] {dag.py:2907} INFO - Sync 1 DAGs
[2025-01-18T00:20:40.409+0000] {logging_mixin.py:151} INFO - [2025-01-18T00:20:40.408+0000] {dag.py:3677} INFO - Setting next_dagrun for example_local_kubernetes_executor to None, run_after=None
[2025-01-18T00:20:40.441+0000] {processor.py:179} INFO - Processing /home/airflow/.local/lib/python3.8/site-packages/airflow/example_dags/example_local_kubernetes_executor.py took 0.115 seconds
[2025-01-18T00:21:11.450+0000] {processor.py:157} INFO - Started process (PID=1200) to work on /home/airflow/.local/lib/python3.8/site-packages/airflow/example_dags/example_local_kubernetes_executor.py
[2025-01-18T00:21:11.451+0000] {processor.py:829} INFO - Processing file /home/airflow/.local/lib/python3.8/site-packages/airflow/example_dags/example_local_kubernetes_executor.py for tasks to queue
[2025-01-18T00:21:11.456+0000] {logging_mixin.py:151} INFO - [2025-01-18T00:21:11.455+0000] {dagbag.py:539} INFO - Filling up the DagBag from /home/airflow/.local/lib/python3.8/site-packages/airflow/example_dags/example_local_kubernetes_executor.py
[2025-01-18T00:21:11.474+0000] {processor.py:839} INFO - DAG(s) dict_keys(['example_local_kubernetes_executor']) retrieved from /home/airflow/.local/lib/python3.8/site-packages/airflow/example_dags/example_local_kubernetes_executor.py
[2025-01-18T00:21:11.518+0000] {logging_mixin.py:151} INFO - [2025-01-18T00:21:11.518+0000] {dag.py:2907} INFO - Sync 1 DAGs
[2025-01-18T00:21:11.545+0000] {logging_mixin.py:151} INFO - [2025-01-18T00:21:11.543+0000] {dag.py:3677} INFO - Setting next_dagrun for example_local_kubernetes_executor to None, run_after=None
[2025-01-18T00:21:11.602+0000] {processor.py:179} INFO - Processing /home/airflow/.local/lib/python3.8/site-packages/airflow/example_dags/example_local_kubernetes_executor.py took 0.158 seconds
[2025-01-18T00:32:05.659+0000] {processor.py:157} INFO - Started process (PID=142) to work on /home/airflow/.local/lib/python3.8/site-packages/airflow/example_dags/example_local_kubernetes_executor.py
[2025-01-18T00:32:05.662+0000] {processor.py:829} INFO - Processing file /home/airflow/.local/lib/python3.8/site-packages/airflow/example_dags/example_local_kubernetes_executor.py for tasks to queue
[2025-01-18T00:32:05.667+0000] {logging_mixin.py:151} INFO - [2025-01-18T00:32:05.666+0000] {dagbag.py:539} INFO - Filling up the DagBag from /home/airflow/.local/lib/python3.8/site-packages/airflow/example_dags/example_local_kubernetes_executor.py
[2025-01-18T00:32:05.681+0000] {processor.py:839} INFO - DAG(s) dict_keys(['example_local_kubernetes_executor']) retrieved from /home/airflow/.local/lib/python3.8/site-packages/airflow/example_dags/example_local_kubernetes_executor.py
[2025-01-18T00:32:05.720+0000] {logging_mixin.py:151} INFO - [2025-01-18T00:32:05.719+0000] {dag.py:2907} INFO - Sync 1 DAGs
[2025-01-18T00:32:05.745+0000] {logging_mixin.py:151} INFO - [2025-01-18T00:32:05.745+0000] {dag.py:3677} INFO - Setting next_dagrun for example_local_kubernetes_executor to None, run_after=None
[2025-01-18T00:32:05.783+0000] {processor.py:179} INFO - Processing /home/airflow/.local/lib/python3.8/site-packages/airflow/example_dags/example_local_kubernetes_executor.py took 0.133 seconds
[2025-01-18T00:32:35.988+0000] {processor.py:157} INFO - Started process (PID=227) to work on /home/airflow/.local/lib/python3.8/site-packages/airflow/example_dags/example_local_kubernetes_executor.py
[2025-01-18T00:32:35.991+0000] {processor.py:829} INFO - Processing file /home/airflow/.local/lib/python3.8/site-packages/airflow/example_dags/example_local_kubernetes_executor.py for tasks to queue
[2025-01-18T00:32:35.997+0000] {logging_mixin.py:151} INFO - [2025-01-18T00:32:35.996+0000] {dagbag.py:539} INFO - Filling up the DagBag from /home/airflow/.local/lib/python3.8/site-packages/airflow/example_dags/example_local_kubernetes_executor.py
[2025-01-18T00:32:36.020+0000] {processor.py:839} INFO - DAG(s) dict_keys(['example_local_kubernetes_executor']) retrieved from /home/airflow/.local/lib/python3.8/site-packages/airflow/example_dags/example_local_kubernetes_executor.py
[2025-01-18T00:32:36.070+0000] {logging_mixin.py:151} INFO - [2025-01-18T00:32:36.069+0000] {dag.py:2907} INFO - Sync 1 DAGs
[2025-01-18T00:32:36.119+0000] {logging_mixin.py:151} INFO - [2025-01-18T00:32:36.118+0000] {dag.py:3677} INFO - Setting next_dagrun for example_local_kubernetes_executor to None, run_after=None
[2025-01-18T00:32:36.160+0000] {processor.py:179} INFO - Processing /home/airflow/.local/lib/python3.8/site-packages/airflow/example_dags/example_local_kubernetes_executor.py took 0.179 seconds
[2025-01-18T00:54:45.473+0000] {processor.py:157} INFO - Started process (PID=122) to work on /home/airflow/.local/lib/python3.8/site-packages/airflow/example_dags/example_local_kubernetes_executor.py
[2025-01-18T00:54:45.475+0000] {processor.py:829} INFO - Processing file /home/airflow/.local/lib/python3.8/site-packages/airflow/example_dags/example_local_kubernetes_executor.py for tasks to queue
[2025-01-18T00:54:45.483+0000] {logging_mixin.py:151} INFO - [2025-01-18T00:54:45.483+0000] {dagbag.py:539} INFO - Filling up the DagBag from /home/airflow/.local/lib/python3.8/site-packages/airflow/example_dags/example_local_kubernetes_executor.py
[2025-01-18T00:54:45.505+0000] {processor.py:839} INFO - DAG(s) dict_keys(['example_local_kubernetes_executor']) retrieved from /home/airflow/.local/lib/python3.8/site-packages/airflow/example_dags/example_local_kubernetes_executor.py
[2025-01-18T00:54:45.552+0000] {logging_mixin.py:151} INFO - [2025-01-18T00:54:45.551+0000] {dag.py:2907} INFO - Sync 1 DAGs
[2025-01-18T00:54:45.580+0000] {logging_mixin.py:151} INFO - [2025-01-18T00:54:45.580+0000] {dag.py:3677} INFO - Setting next_dagrun for example_local_kubernetes_executor to None, run_after=None
[2025-01-18T00:54:45.621+0000] {processor.py:179} INFO - Processing /home/airflow/.local/lib/python3.8/site-packages/airflow/example_dags/example_local_kubernetes_executor.py took 0.156 seconds
[2025-01-18T00:55:17.053+0000] {processor.py:157} INFO - Started process (PID=197) to work on /home/airflow/.local/lib/python3.8/site-packages/airflow/example_dags/example_local_kubernetes_executor.py
[2025-01-18T00:55:17.055+0000] {processor.py:829} INFO - Processing file /home/airflow/.local/lib/python3.8/site-packages/airflow/example_dags/example_local_kubernetes_executor.py for tasks to queue
[2025-01-18T00:55:17.061+0000] {logging_mixin.py:151} INFO - [2025-01-18T00:55:17.060+0000] {dagbag.py:539} INFO - Filling up the DagBag from /home/airflow/.local/lib/python3.8/site-packages/airflow/example_dags/example_local_kubernetes_executor.py
[2025-01-18T00:55:17.080+0000] {processor.py:839} INFO - DAG(s) dict_keys(['example_local_kubernetes_executor']) retrieved from /home/airflow/.local/lib/python3.8/site-packages/airflow/example_dags/example_local_kubernetes_executor.py
[2025-01-18T00:55:17.125+0000] {logging_mixin.py:151} INFO - [2025-01-18T00:55:17.124+0000] {dag.py:2907} INFO - Sync 1 DAGs
[2025-01-18T00:55:17.166+0000] {logging_mixin.py:151} INFO - [2025-01-18T00:55:17.164+0000] {dag.py:3677} INFO - Setting next_dagrun for example_local_kubernetes_executor to None, run_after=None
[2025-01-18T00:55:17.206+0000] {processor.py:179} INFO - Processing /home/airflow/.local/lib/python3.8/site-packages/airflow/example_dags/example_local_kubernetes_executor.py took 0.160 seconds
[2025-01-18T00:55:48.056+0000] {processor.py:157} INFO - Started process (PID=283) to work on /home/airflow/.local/lib/python3.8/site-packages/airflow/example_dags/example_local_kubernetes_executor.py
[2025-01-18T00:55:48.058+0000] {processor.py:829} INFO - Processing file /home/airflow/.local/lib/python3.8/site-packages/airflow/example_dags/example_local_kubernetes_executor.py for tasks to queue
[2025-01-18T00:55:48.061+0000] {logging_mixin.py:151} INFO - [2025-01-18T00:55:48.061+0000] {dagbag.py:539} INFO - Filling up the DagBag from /home/airflow/.local/lib/python3.8/site-packages/airflow/example_dags/example_local_kubernetes_executor.py
[2025-01-18T00:55:48.076+0000] {processor.py:839} INFO - DAG(s) dict_keys(['example_local_kubernetes_executor']) retrieved from /home/airflow/.local/lib/python3.8/site-packages/airflow/example_dags/example_local_kubernetes_executor.py
[2025-01-18T00:55:48.111+0000] {logging_mixin.py:151} INFO - [2025-01-18T00:55:48.110+0000] {dag.py:2907} INFO - Sync 1 DAGs
[2025-01-18T00:55:48.129+0000] {logging_mixin.py:151} INFO - [2025-01-18T00:55:48.129+0000] {dag.py:3677} INFO - Setting next_dagrun for example_local_kubernetes_executor to None, run_after=None
[2025-01-18T00:55:48.154+0000] {processor.py:179} INFO - Processing /home/airflow/.local/lib/python3.8/site-packages/airflow/example_dags/example_local_kubernetes_executor.py took 0.104 seconds
[2025-01-18T00:56:18.388+0000] {processor.py:157} INFO - Started process (PID=362) to work on /home/airflow/.local/lib/python3.8/site-packages/airflow/example_dags/example_local_kubernetes_executor.py
[2025-01-18T00:56:18.389+0000] {processor.py:829} INFO - Processing file /home/airflow/.local/lib/python3.8/site-packages/airflow/example_dags/example_local_kubernetes_executor.py for tasks to queue
[2025-01-18T00:56:18.393+0000] {logging_mixin.py:151} INFO - [2025-01-18T00:56:18.392+0000] {dagbag.py:539} INFO - Filling up the DagBag from /home/airflow/.local/lib/python3.8/site-packages/airflow/example_dags/example_local_kubernetes_executor.py
[2025-01-18T00:56:18.413+0000] {processor.py:839} INFO - DAG(s) dict_keys(['example_local_kubernetes_executor']) retrieved from /home/airflow/.local/lib/python3.8/site-packages/airflow/example_dags/example_local_kubernetes_executor.py
[2025-01-18T00:56:18.451+0000] {logging_mixin.py:151} INFO - [2025-01-18T00:56:18.450+0000] {dag.py:2907} INFO - Sync 1 DAGs
[2025-01-18T00:56:18.479+0000] {logging_mixin.py:151} INFO - [2025-01-18T00:56:18.479+0000] {dag.py:3677} INFO - Setting next_dagrun for example_local_kubernetes_executor to None, run_after=None
[2025-01-18T00:56:18.518+0000] {processor.py:179} INFO - Processing /home/airflow/.local/lib/python3.8/site-packages/airflow/example_dags/example_local_kubernetes_executor.py took 0.135 seconds
[2025-01-18T00:56:49.184+0000] {processor.py:157} INFO - Started process (PID=447) to work on /home/airflow/.local/lib/python3.8/site-packages/airflow/example_dags/example_local_kubernetes_executor.py
[2025-01-18T00:56:49.185+0000] {processor.py:829} INFO - Processing file /home/airflow/.local/lib/python3.8/site-packages/airflow/example_dags/example_local_kubernetes_executor.py for tasks to queue
[2025-01-18T00:56:49.188+0000] {logging_mixin.py:151} INFO - [2025-01-18T00:56:49.188+0000] {dagbag.py:539} INFO - Filling up the DagBag from /home/airflow/.local/lib/python3.8/site-packages/airflow/example_dags/example_local_kubernetes_executor.py
[2025-01-18T00:56:49.200+0000] {processor.py:839} INFO - DAG(s) dict_keys(['example_local_kubernetes_executor']) retrieved from /home/airflow/.local/lib/python3.8/site-packages/airflow/example_dags/example_local_kubernetes_executor.py
[2025-01-18T00:56:49.228+0000] {logging_mixin.py:151} INFO - [2025-01-18T00:56:49.227+0000] {dag.py:2907} INFO - Sync 1 DAGs
[2025-01-18T00:56:49.245+0000] {logging_mixin.py:151} INFO - [2025-01-18T00:56:49.245+0000] {dag.py:3677} INFO - Setting next_dagrun for example_local_kubernetes_executor to None, run_after=None
[2025-01-18T00:56:49.268+0000] {processor.py:179} INFO - Processing /home/airflow/.local/lib/python3.8/site-packages/airflow/example_dags/example_local_kubernetes_executor.py took 0.089 seconds
[2025-01-18T00:57:19.500+0000] {processor.py:157} INFO - Started process (PID=533) to work on /home/airflow/.local/lib/python3.8/site-packages/airflow/example_dags/example_local_kubernetes_executor.py
[2025-01-18T00:57:19.501+0000] {processor.py:829} INFO - Processing file /home/airflow/.local/lib/python3.8/site-packages/airflow/example_dags/example_local_kubernetes_executor.py for tasks to queue
[2025-01-18T00:57:19.505+0000] {logging_mixin.py:151} INFO - [2025-01-18T00:57:19.504+0000] {dagbag.py:539} INFO - Filling up the DagBag from /home/airflow/.local/lib/python3.8/site-packages/airflow/example_dags/example_local_kubernetes_executor.py
[2025-01-18T00:57:19.518+0000] {processor.py:839} INFO - DAG(s) dict_keys(['example_local_kubernetes_executor']) retrieved from /home/airflow/.local/lib/python3.8/site-packages/airflow/example_dags/example_local_kubernetes_executor.py
[2025-01-18T00:57:19.551+0000] {logging_mixin.py:151} INFO - [2025-01-18T00:57:19.551+0000] {dag.py:2907} INFO - Sync 1 DAGs
[2025-01-18T00:57:19.575+0000] {logging_mixin.py:151} INFO - [2025-01-18T00:57:19.575+0000] {dag.py:3677} INFO - Setting next_dagrun for example_local_kubernetes_executor to None, run_after=None
[2025-01-18T00:57:19.607+0000] {processor.py:179} INFO - Processing /home/airflow/.local/lib/python3.8/site-packages/airflow/example_dags/example_local_kubernetes_executor.py took 0.111 seconds
[2025-01-18T00:57:50.002+0000] {processor.py:157} INFO - Started process (PID=608) to work on /home/airflow/.local/lib/python3.8/site-packages/airflow/example_dags/example_local_kubernetes_executor.py
[2025-01-18T00:57:50.004+0000] {processor.py:829} INFO - Processing file /home/airflow/.local/lib/python3.8/site-packages/airflow/example_dags/example_local_kubernetes_executor.py for tasks to queue
[2025-01-18T00:57:50.007+0000] {logging_mixin.py:151} INFO - [2025-01-18T00:57:50.007+0000] {dagbag.py:539} INFO - Filling up the DagBag from /home/airflow/.local/lib/python3.8/site-packages/airflow/example_dags/example_local_kubernetes_executor.py
[2025-01-18T00:57:50.019+0000] {processor.py:839} INFO - DAG(s) dict_keys(['example_local_kubernetes_executor']) retrieved from /home/airflow/.local/lib/python3.8/site-packages/airflow/example_dags/example_local_kubernetes_executor.py
[2025-01-18T00:57:50.055+0000] {logging_mixin.py:151} INFO - [2025-01-18T00:57:50.055+0000] {dag.py:2907} INFO - Sync 1 DAGs
[2025-01-18T00:57:50.077+0000] {logging_mixin.py:151} INFO - [2025-01-18T00:57:50.076+0000] {dag.py:3677} INFO - Setting next_dagrun for example_local_kubernetes_executor to None, run_after=None
[2025-01-18T00:57:50.106+0000] {processor.py:179} INFO - Processing /home/airflow/.local/lib/python3.8/site-packages/airflow/example_dags/example_local_kubernetes_executor.py took 0.108 seconds
[2025-01-18T00:58:21.347+0000] {processor.py:157} INFO - Started process (PID=686) to work on /home/airflow/.local/lib/python3.8/site-packages/airflow/example_dags/example_local_kubernetes_executor.py
[2025-01-18T00:58:21.366+0000] {processor.py:829} INFO - Processing file /home/airflow/.local/lib/python3.8/site-packages/airflow/example_dags/example_local_kubernetes_executor.py for tasks to queue
[2025-01-18T00:58:21.374+0000] {logging_mixin.py:151} INFO - [2025-01-18T00:58:21.374+0000] {dagbag.py:539} INFO - Filling up the DagBag from /home/airflow/.local/lib/python3.8/site-packages/airflow/example_dags/example_local_kubernetes_executor.py
[2025-01-18T00:58:21.393+0000] {processor.py:839} INFO - DAG(s) dict_keys(['example_local_kubernetes_executor']) retrieved from /home/airflow/.local/lib/python3.8/site-packages/airflow/example_dags/example_local_kubernetes_executor.py
[2025-01-18T00:58:21.422+0000] {logging_mixin.py:151} INFO - [2025-01-18T00:58:21.422+0000] {dag.py:2907} INFO - Sync 1 DAGs
[2025-01-18T00:58:21.441+0000] {logging_mixin.py:151} INFO - [2025-01-18T00:58:21.440+0000] {dag.py:3677} INFO - Setting next_dagrun for example_local_kubernetes_executor to None, run_after=None
[2025-01-18T00:58:21.466+0000] {processor.py:179} INFO - Processing /home/airflow/.local/lib/python3.8/site-packages/airflow/example_dags/example_local_kubernetes_executor.py took 0.141 seconds
[2025-01-18T00:59:06.020+0000] {processor.py:157} INFO - Started process (PID=786) to work on /home/airflow/.local/lib/python3.8/site-packages/airflow/example_dags/example_local_kubernetes_executor.py
[2025-01-18T00:59:06.023+0000] {processor.py:829} INFO - Processing file /home/airflow/.local/lib/python3.8/site-packages/airflow/example_dags/example_local_kubernetes_executor.py for tasks to queue
[2025-01-18T00:59:06.050+0000] {logging_mixin.py:151} INFO - [2025-01-18T00:59:06.049+0000] {dagbag.py:539} INFO - Filling up the DagBag from /home/airflow/.local/lib/python3.8/site-packages/airflow/example_dags/example_local_kubernetes_executor.py
[2025-01-18T00:59:06.314+0000] {processor.py:839} INFO - DAG(s) dict_keys(['example_local_kubernetes_executor']) retrieved from /home/airflow/.local/lib/python3.8/site-packages/airflow/example_dags/example_local_kubernetes_executor.py
[2025-01-18T00:59:06.558+0000] {logging_mixin.py:151} INFO - [2025-01-18T00:59:06.557+0000] {dag.py:2907} INFO - Sync 1 DAGs
[2025-01-18T00:59:06.595+0000] {logging_mixin.py:151} INFO - [2025-01-18T00:59:06.594+0000] {dag.py:3677} INFO - Setting next_dagrun for example_local_kubernetes_executor to None, run_after=None
[2025-01-18T00:59:06.728+0000] {processor.py:179} INFO - Processing /home/airflow/.local/lib/python3.8/site-packages/airflow/example_dags/example_local_kubernetes_executor.py took 0.727 seconds
[2025-01-18T00:59:37.323+0000] {processor.py:157} INFO - Started process (PID=864) to work on /home/airflow/.local/lib/python3.8/site-packages/airflow/example_dags/example_local_kubernetes_executor.py
[2025-01-18T00:59:37.325+0000] {processor.py:829} INFO - Processing file /home/airflow/.local/lib/python3.8/site-packages/airflow/example_dags/example_local_kubernetes_executor.py for tasks to queue
[2025-01-18T00:59:37.330+0000] {logging_mixin.py:151} INFO - [2025-01-18T00:59:37.330+0000] {dagbag.py:539} INFO - Filling up the DagBag from /home/airflow/.local/lib/python3.8/site-packages/airflow/example_dags/example_local_kubernetes_executor.py
[2025-01-18T00:59:37.353+0000] {processor.py:839} INFO - DAG(s) dict_keys(['example_local_kubernetes_executor']) retrieved from /home/airflow/.local/lib/python3.8/site-packages/airflow/example_dags/example_local_kubernetes_executor.py
[2025-01-18T00:59:37.400+0000] {logging_mixin.py:151} INFO - [2025-01-18T00:59:37.399+0000] {dag.py:2907} INFO - Sync 1 DAGs
[2025-01-18T00:59:37.432+0000] {logging_mixin.py:151} INFO - [2025-01-18T00:59:37.431+0000] {dag.py:3677} INFO - Setting next_dagrun for example_local_kubernetes_executor to None, run_after=None
[2025-01-18T00:59:37.471+0000] {processor.py:179} INFO - Processing /home/airflow/.local/lib/python3.8/site-packages/airflow/example_dags/example_local_kubernetes_executor.py took 0.154 seconds
[2025-01-18T01:00:08.367+0000] {processor.py:157} INFO - Started process (PID=950) to work on /home/airflow/.local/lib/python3.8/site-packages/airflow/example_dags/example_local_kubernetes_executor.py
[2025-01-18T01:00:08.369+0000] {processor.py:829} INFO - Processing file /home/airflow/.local/lib/python3.8/site-packages/airflow/example_dags/example_local_kubernetes_executor.py for tasks to queue
[2025-01-18T01:00:08.373+0000] {logging_mixin.py:151} INFO - [2025-01-18T01:00:08.373+0000] {dagbag.py:539} INFO - Filling up the DagBag from /home/airflow/.local/lib/python3.8/site-packages/airflow/example_dags/example_local_kubernetes_executor.py
[2025-01-18T01:00:08.387+0000] {processor.py:839} INFO - DAG(s) dict_keys(['example_local_kubernetes_executor']) retrieved from /home/airflow/.local/lib/python3.8/site-packages/airflow/example_dags/example_local_kubernetes_executor.py
[2025-01-18T01:00:08.426+0000] {logging_mixin.py:151} INFO - [2025-01-18T01:00:08.425+0000] {dag.py:2907} INFO - Sync 1 DAGs
[2025-01-18T01:00:08.452+0000] {logging_mixin.py:151} INFO - [2025-01-18T01:00:08.451+0000] {dag.py:3677} INFO - Setting next_dagrun for example_local_kubernetes_executor to None, run_after=None
[2025-01-18T01:00:08.495+0000] {processor.py:179} INFO - Processing /home/airflow/.local/lib/python3.8/site-packages/airflow/example_dags/example_local_kubernetes_executor.py took 0.134 seconds
[2025-01-18T01:00:38.789+0000] {processor.py:157} INFO - Started process (PID=1025) to work on /home/airflow/.local/lib/python3.8/site-packages/airflow/example_dags/example_local_kubernetes_executor.py
[2025-01-18T01:00:38.792+0000] {processor.py:829} INFO - Processing file /home/airflow/.local/lib/python3.8/site-packages/airflow/example_dags/example_local_kubernetes_executor.py for tasks to queue
[2025-01-18T01:00:38.799+0000] {logging_mixin.py:151} INFO - [2025-01-18T01:00:38.798+0000] {dagbag.py:539} INFO - Filling up the DagBag from /home/airflow/.local/lib/python3.8/site-packages/airflow/example_dags/example_local_kubernetes_executor.py
[2025-01-18T01:00:38.818+0000] {processor.py:839} INFO - DAG(s) dict_keys(['example_local_kubernetes_executor']) retrieved from /home/airflow/.local/lib/python3.8/site-packages/airflow/example_dags/example_local_kubernetes_executor.py
[2025-01-18T01:00:38.863+0000] {logging_mixin.py:151} INFO - [2025-01-18T01:00:38.863+0000] {dag.py:2907} INFO - Sync 1 DAGs
[2025-01-18T01:00:38.896+0000] {logging_mixin.py:151} INFO - [2025-01-18T01:00:38.896+0000] {dag.py:3677} INFO - Setting next_dagrun for example_local_kubernetes_executor to None, run_after=None
[2025-01-18T01:00:38.953+0000] {processor.py:179} INFO - Processing /home/airflow/.local/lib/python3.8/site-packages/airflow/example_dags/example_local_kubernetes_executor.py took 0.174 seconds
[2025-01-18T01:01:09.343+0000] {processor.py:157} INFO - Started process (PID=1103) to work on /home/airflow/.local/lib/python3.8/site-packages/airflow/example_dags/example_local_kubernetes_executor.py
[2025-01-18T01:01:09.344+0000] {processor.py:829} INFO - Processing file /home/airflow/.local/lib/python3.8/site-packages/airflow/example_dags/example_local_kubernetes_executor.py for tasks to queue
[2025-01-18T01:01:09.347+0000] {logging_mixin.py:151} INFO - [2025-01-18T01:01:09.347+0000] {dagbag.py:539} INFO - Filling up the DagBag from /home/airflow/.local/lib/python3.8/site-packages/airflow/example_dags/example_local_kubernetes_executor.py
[2025-01-18T01:01:09.356+0000] {processor.py:839} INFO - DAG(s) dict_keys(['example_local_kubernetes_executor']) retrieved from /home/airflow/.local/lib/python3.8/site-packages/airflow/example_dags/example_local_kubernetes_executor.py
[2025-01-18T01:01:09.381+0000] {logging_mixin.py:151} INFO - [2025-01-18T01:01:09.381+0000] {dag.py:2907} INFO - Sync 1 DAGs
[2025-01-18T01:01:09.395+0000] {logging_mixin.py:151} INFO - [2025-01-18T01:01:09.395+0000] {dag.py:3677} INFO - Setting next_dagrun for example_local_kubernetes_executor to None, run_after=None
[2025-01-18T01:01:09.416+0000] {processor.py:179} INFO - Processing /home/airflow/.local/lib/python3.8/site-packages/airflow/example_dags/example_local_kubernetes_executor.py took 0.078 seconds
[2025-01-18T01:01:40.296+0000] {processor.py:157} INFO - Started process (PID=1189) to work on /home/airflow/.local/lib/python3.8/site-packages/airflow/example_dags/example_local_kubernetes_executor.py
[2025-01-18T01:01:40.297+0000] {processor.py:829} INFO - Processing file /home/airflow/.local/lib/python3.8/site-packages/airflow/example_dags/example_local_kubernetes_executor.py for tasks to queue
[2025-01-18T01:01:40.300+0000] {logging_mixin.py:151} INFO - [2025-01-18T01:01:40.300+0000] {dagbag.py:539} INFO - Filling up the DagBag from /home/airflow/.local/lib/python3.8/site-packages/airflow/example_dags/example_local_kubernetes_executor.py
[2025-01-18T01:01:40.308+0000] {processor.py:839} INFO - DAG(s) dict_keys(['example_local_kubernetes_executor']) retrieved from /home/airflow/.local/lib/python3.8/site-packages/airflow/example_dags/example_local_kubernetes_executor.py
[2025-01-18T01:01:40.329+0000] {logging_mixin.py:151} INFO - [2025-01-18T01:01:40.329+0000] {dag.py:2907} INFO - Sync 1 DAGs
[2025-01-18T01:01:40.345+0000] {logging_mixin.py:151} INFO - [2025-01-18T01:01:40.345+0000] {dag.py:3677} INFO - Setting next_dagrun for example_local_kubernetes_executor to None, run_after=None
[2025-01-18T01:01:40.366+0000] {processor.py:179} INFO - Processing /home/airflow/.local/lib/python3.8/site-packages/airflow/example_dags/example_local_kubernetes_executor.py took 0.073 seconds
[2025-01-18T01:02:10.757+0000] {processor.py:157} INFO - Started process (PID=1283) to work on /home/airflow/.local/lib/python3.8/site-packages/airflow/example_dags/example_local_kubernetes_executor.py
[2025-01-18T01:02:10.758+0000] {processor.py:829} INFO - Processing file /home/airflow/.local/lib/python3.8/site-packages/airflow/example_dags/example_local_kubernetes_executor.py for tasks to queue
[2025-01-18T01:02:10.761+0000] {logging_mixin.py:151} INFO - [2025-01-18T01:02:10.761+0000] {dagbag.py:539} INFO - Filling up the DagBag from /home/airflow/.local/lib/python3.8/site-packages/airflow/example_dags/example_local_kubernetes_executor.py
[2025-01-18T01:02:10.768+0000] {processor.py:839} INFO - DAG(s) dict_keys(['example_local_kubernetes_executor']) retrieved from /home/airflow/.local/lib/python3.8/site-packages/airflow/example_dags/example_local_kubernetes_executor.py
[2025-01-18T01:02:10.787+0000] {logging_mixin.py:151} INFO - [2025-01-18T01:02:10.787+0000] {dag.py:2907} INFO - Sync 1 DAGs
[2025-01-18T01:02:10.800+0000] {logging_mixin.py:151} INFO - [2025-01-18T01:02:10.800+0000] {dag.py:3677} INFO - Setting next_dagrun for example_local_kubernetes_executor to None, run_after=None
[2025-01-18T01:02:10.827+0000] {processor.py:179} INFO - Processing /home/airflow/.local/lib/python3.8/site-packages/airflow/example_dags/example_local_kubernetes_executor.py took 0.072 seconds
[2025-01-18T13:40:31.997+0000] {processor.py:157} INFO - Started process (PID=122) to work on /home/airflow/.local/lib/python3.8/site-packages/airflow/example_dags/example_local_kubernetes_executor.py
[2025-01-18T13:40:32.002+0000] {processor.py:829} INFO - Processing file /home/airflow/.local/lib/python3.8/site-packages/airflow/example_dags/example_local_kubernetes_executor.py for tasks to queue
[2025-01-18T13:40:32.011+0000] {logging_mixin.py:151} INFO - [2025-01-18T13:40:32.010+0000] {dagbag.py:539} INFO - Filling up the DagBag from /home/airflow/.local/lib/python3.8/site-packages/airflow/example_dags/example_local_kubernetes_executor.py
[2025-01-18T13:40:32.048+0000] {processor.py:839} INFO - DAG(s) dict_keys(['example_local_kubernetes_executor']) retrieved from /home/airflow/.local/lib/python3.8/site-packages/airflow/example_dags/example_local_kubernetes_executor.py
[2025-01-18T13:40:32.116+0000] {logging_mixin.py:151} INFO - [2025-01-18T13:40:32.115+0000] {dag.py:2907} INFO - Sync 1 DAGs
[2025-01-18T13:40:32.166+0000] {logging_mixin.py:151} INFO - [2025-01-18T13:40:32.166+0000] {dag.py:3677} INFO - Setting next_dagrun for example_local_kubernetes_executor to None, run_after=None
[2025-01-18T13:40:32.507+0000] {processor.py:179} INFO - Processing /home/airflow/.local/lib/python3.8/site-packages/airflow/example_dags/example_local_kubernetes_executor.py took 0.518 seconds
[2025-01-18T13:41:02.794+0000] {processor.py:157} INFO - Started process (PID=209) to work on /home/airflow/.local/lib/python3.8/site-packages/airflow/example_dags/example_local_kubernetes_executor.py
[2025-01-18T13:41:02.796+0000] {processor.py:829} INFO - Processing file /home/airflow/.local/lib/python3.8/site-packages/airflow/example_dags/example_local_kubernetes_executor.py for tasks to queue
[2025-01-18T13:41:02.802+0000] {logging_mixin.py:151} INFO - [2025-01-18T13:41:02.802+0000] {dagbag.py:539} INFO - Filling up the DagBag from /home/airflow/.local/lib/python3.8/site-packages/airflow/example_dags/example_local_kubernetes_executor.py
[2025-01-18T13:41:02.819+0000] {processor.py:839} INFO - DAG(s) dict_keys(['example_local_kubernetes_executor']) retrieved from /home/airflow/.local/lib/python3.8/site-packages/airflow/example_dags/example_local_kubernetes_executor.py
[2025-01-18T13:41:02.856+0000] {logging_mixin.py:151} INFO - [2025-01-18T13:41:02.856+0000] {dag.py:2907} INFO - Sync 1 DAGs
[2025-01-18T13:41:02.882+0000] {logging_mixin.py:151} INFO - [2025-01-18T13:41:02.881+0000] {dag.py:3677} INFO - Setting next_dagrun for example_local_kubernetes_executor to None, run_after=None
[2025-01-18T13:41:02.920+0000] {processor.py:179} INFO - Processing /home/airflow/.local/lib/python3.8/site-packages/airflow/example_dags/example_local_kubernetes_executor.py took 0.130 seconds
[2025-01-18T13:41:33.061+0000] {processor.py:157} INFO - Started process (PID=284) to work on /home/airflow/.local/lib/python3.8/site-packages/airflow/example_dags/example_local_kubernetes_executor.py
[2025-01-18T13:41:33.064+0000] {processor.py:829} INFO - Processing file /home/airflow/.local/lib/python3.8/site-packages/airflow/example_dags/example_local_kubernetes_executor.py for tasks to queue
[2025-01-18T13:41:33.070+0000] {logging_mixin.py:151} INFO - [2025-01-18T13:41:33.069+0000] {dagbag.py:539} INFO - Filling up the DagBag from /home/airflow/.local/lib/python3.8/site-packages/airflow/example_dags/example_local_kubernetes_executor.py
[2025-01-18T13:41:33.089+0000] {processor.py:839} INFO - DAG(s) dict_keys(['example_local_kubernetes_executor']) retrieved from /home/airflow/.local/lib/python3.8/site-packages/airflow/example_dags/example_local_kubernetes_executor.py
[2025-01-18T13:41:33.140+0000] {logging_mixin.py:151} INFO - [2025-01-18T13:41:33.139+0000] {dag.py:2907} INFO - Sync 1 DAGs
[2025-01-18T13:41:33.175+0000] {logging_mixin.py:151} INFO - [2025-01-18T13:41:33.174+0000] {dag.py:3677} INFO - Setting next_dagrun for example_local_kubernetes_executor to None, run_after=None
[2025-01-18T13:41:33.217+0000] {processor.py:179} INFO - Processing /home/airflow/.local/lib/python3.8/site-packages/airflow/example_dags/example_local_kubernetes_executor.py took 0.164 seconds
[2025-01-18T13:42:03.985+0000] {processor.py:157} INFO - Started process (PID=362) to work on /home/airflow/.local/lib/python3.8/site-packages/airflow/example_dags/example_local_kubernetes_executor.py
[2025-01-18T13:42:03.987+0000] {processor.py:829} INFO - Processing file /home/airflow/.local/lib/python3.8/site-packages/airflow/example_dags/example_local_kubernetes_executor.py for tasks to queue
[2025-01-18T13:42:03.993+0000] {logging_mixin.py:151} INFO - [2025-01-18T13:42:03.992+0000] {dagbag.py:539} INFO - Filling up the DagBag from /home/airflow/.local/lib/python3.8/site-packages/airflow/example_dags/example_local_kubernetes_executor.py
[2025-01-18T13:42:04.013+0000] {processor.py:839} INFO - DAG(s) dict_keys(['example_local_kubernetes_executor']) retrieved from /home/airflow/.local/lib/python3.8/site-packages/airflow/example_dags/example_local_kubernetes_executor.py
[2025-01-18T13:42:04.067+0000] {logging_mixin.py:151} INFO - [2025-01-18T13:42:04.067+0000] {dag.py:2907} INFO - Sync 1 DAGs
[2025-01-18T13:42:04.111+0000] {logging_mixin.py:151} INFO - [2025-01-18T13:42:04.111+0000] {dag.py:3677} INFO - Setting next_dagrun for example_local_kubernetes_executor to None, run_after=None
[2025-01-18T13:42:04.186+0000] {processor.py:179} INFO - Processing /home/airflow/.local/lib/python3.8/site-packages/airflow/example_dags/example_local_kubernetes_executor.py took 0.207 seconds
[2025-01-18T13:42:34.523+0000] {processor.py:157} INFO - Started process (PID=437) to work on /home/airflow/.local/lib/python3.8/site-packages/airflow/example_dags/example_local_kubernetes_executor.py
[2025-01-18T13:42:34.524+0000] {processor.py:829} INFO - Processing file /home/airflow/.local/lib/python3.8/site-packages/airflow/example_dags/example_local_kubernetes_executor.py for tasks to queue
[2025-01-18T13:42:34.529+0000] {logging_mixin.py:151} INFO - [2025-01-18T13:42:34.529+0000] {dagbag.py:539} INFO - Filling up the DagBag from /home/airflow/.local/lib/python3.8/site-packages/airflow/example_dags/example_local_kubernetes_executor.py
[2025-01-18T13:42:34.546+0000] {processor.py:839} INFO - DAG(s) dict_keys(['example_local_kubernetes_executor']) retrieved from /home/airflow/.local/lib/python3.8/site-packages/airflow/example_dags/example_local_kubernetes_executor.py
[2025-01-18T13:42:34.588+0000] {logging_mixin.py:151} INFO - [2025-01-18T13:42:34.587+0000] {dag.py:2907} INFO - Sync 1 DAGs
[2025-01-18T13:42:34.616+0000] {logging_mixin.py:151} INFO - [2025-01-18T13:42:34.615+0000] {dag.py:3677} INFO - Setting next_dagrun for example_local_kubernetes_executor to None, run_after=None
[2025-01-18T13:42:34.662+0000] {processor.py:179} INFO - Processing /home/airflow/.local/lib/python3.8/site-packages/airflow/example_dags/example_local_kubernetes_executor.py took 0.146 seconds
[2025-01-18T13:43:08.246+0000] {processor.py:157} INFO - Started process (PID=515) to work on /home/airflow/.local/lib/python3.8/site-packages/airflow/example_dags/example_local_kubernetes_executor.py
[2025-01-18T13:43:08.248+0000] {processor.py:829} INFO - Processing file /home/airflow/.local/lib/python3.8/site-packages/airflow/example_dags/example_local_kubernetes_executor.py for tasks to queue
[2025-01-18T13:43:08.285+0000] {logging_mixin.py:151} INFO - [2025-01-18T13:43:08.284+0000] {dagbag.py:539} INFO - Filling up the DagBag from /home/airflow/.local/lib/python3.8/site-packages/airflow/example_dags/example_local_kubernetes_executor.py
[2025-01-18T13:43:08.325+0000] {processor.py:839} INFO - DAG(s) dict_keys(['example_local_kubernetes_executor']) retrieved from /home/airflow/.local/lib/python3.8/site-packages/airflow/example_dags/example_local_kubernetes_executor.py
[2025-01-18T13:43:08.408+0000] {logging_mixin.py:151} INFO - [2025-01-18T13:43:08.408+0000] {dag.py:2907} INFO - Sync 1 DAGs
[2025-01-18T13:43:08.477+0000] {logging_mixin.py:151} INFO - [2025-01-18T13:43:08.477+0000] {dag.py:3677} INFO - Setting next_dagrun for example_local_kubernetes_executor to None, run_after=None
[2025-01-18T13:43:08.561+0000] {processor.py:179} INFO - Processing /home/airflow/.local/lib/python3.8/site-packages/airflow/example_dags/example_local_kubernetes_executor.py took 0.333 seconds
[2025-01-18T13:43:39.328+0000] {processor.py:157} INFO - Started process (PID=601) to work on /home/airflow/.local/lib/python3.8/site-packages/airflow/example_dags/example_local_kubernetes_executor.py
[2025-01-18T13:43:39.330+0000] {processor.py:829} INFO - Processing file /home/airflow/.local/lib/python3.8/site-packages/airflow/example_dags/example_local_kubernetes_executor.py for tasks to queue
[2025-01-18T13:43:39.336+0000] {logging_mixin.py:151} INFO - [2025-01-18T13:43:39.335+0000] {dagbag.py:539} INFO - Filling up the DagBag from /home/airflow/.local/lib/python3.8/site-packages/airflow/example_dags/example_local_kubernetes_executor.py
[2025-01-18T13:43:39.359+0000] {processor.py:839} INFO - DAG(s) dict_keys(['example_local_kubernetes_executor']) retrieved from /home/airflow/.local/lib/python3.8/site-packages/airflow/example_dags/example_local_kubernetes_executor.py
[2025-01-18T13:43:39.411+0000] {logging_mixin.py:151} INFO - [2025-01-18T13:43:39.411+0000] {dag.py:2907} INFO - Sync 1 DAGs
[2025-01-18T13:43:39.442+0000] {logging_mixin.py:151} INFO - [2025-01-18T13:43:39.441+0000] {dag.py:3677} INFO - Setting next_dagrun for example_local_kubernetes_executor to None, run_after=None
[2025-01-18T13:43:39.482+0000] {processor.py:179} INFO - Processing /home/airflow/.local/lib/python3.8/site-packages/airflow/example_dags/example_local_kubernetes_executor.py took 0.162 seconds
[2025-01-18T13:44:09.629+0000] {processor.py:157} INFO - Started process (PID=676) to work on /home/airflow/.local/lib/python3.8/site-packages/airflow/example_dags/example_local_kubernetes_executor.py
[2025-01-18T13:44:09.631+0000] {processor.py:829} INFO - Processing file /home/airflow/.local/lib/python3.8/site-packages/airflow/example_dags/example_local_kubernetes_executor.py for tasks to queue
[2025-01-18T13:44:09.635+0000] {logging_mixin.py:151} INFO - [2025-01-18T13:44:09.634+0000] {dagbag.py:539} INFO - Filling up the DagBag from /home/airflow/.local/lib/python3.8/site-packages/airflow/example_dags/example_local_kubernetes_executor.py
[2025-01-18T13:44:09.648+0000] {processor.py:839} INFO - DAG(s) dict_keys(['example_local_kubernetes_executor']) retrieved from /home/airflow/.local/lib/python3.8/site-packages/airflow/example_dags/example_local_kubernetes_executor.py
[2025-01-18T13:44:09.681+0000] {logging_mixin.py:151} INFO - [2025-01-18T13:44:09.681+0000] {dag.py:2907} INFO - Sync 1 DAGs
[2025-01-18T13:44:09.704+0000] {logging_mixin.py:151} INFO - [2025-01-18T13:44:09.704+0000] {dag.py:3677} INFO - Setting next_dagrun for example_local_kubernetes_executor to None, run_after=None
[2025-01-18T13:44:09.736+0000] {processor.py:179} INFO - Processing /home/airflow/.local/lib/python3.8/site-packages/airflow/example_dags/example_local_kubernetes_executor.py took 0.112 seconds
[2025-01-18T13:44:40.695+0000] {processor.py:157} INFO - Started process (PID=762) to work on /home/airflow/.local/lib/python3.8/site-packages/airflow/example_dags/example_local_kubernetes_executor.py
[2025-01-18T13:44:40.696+0000] {processor.py:829} INFO - Processing file /home/airflow/.local/lib/python3.8/site-packages/airflow/example_dags/example_local_kubernetes_executor.py for tasks to queue
[2025-01-18T13:44:40.700+0000] {logging_mixin.py:151} INFO - [2025-01-18T13:44:40.699+0000] {dagbag.py:539} INFO - Filling up the DagBag from /home/airflow/.local/lib/python3.8/site-packages/airflow/example_dags/example_local_kubernetes_executor.py
[2025-01-18T13:44:40.717+0000] {processor.py:839} INFO - DAG(s) dict_keys(['example_local_kubernetes_executor']) retrieved from /home/airflow/.local/lib/python3.8/site-packages/airflow/example_dags/example_local_kubernetes_executor.py
[2025-01-18T13:44:40.755+0000] {logging_mixin.py:151} INFO - [2025-01-18T13:44:40.754+0000] {dag.py:2907} INFO - Sync 1 DAGs
[2025-01-18T13:44:40.780+0000] {logging_mixin.py:151} INFO - [2025-01-18T13:44:40.779+0000] {dag.py:3677} INFO - Setting next_dagrun for example_local_kubernetes_executor to None, run_after=None
[2025-01-18T13:44:40.817+0000] {processor.py:179} INFO - Processing /home/airflow/.local/lib/python3.8/site-packages/airflow/example_dags/example_local_kubernetes_executor.py took 0.127 seconds
[2025-01-18T13:45:11.331+0000] {processor.py:157} INFO - Started process (PID=840) to work on /home/airflow/.local/lib/python3.8/site-packages/airflow/example_dags/example_local_kubernetes_executor.py
[2025-01-18T13:45:11.333+0000] {processor.py:829} INFO - Processing file /home/airflow/.local/lib/python3.8/site-packages/airflow/example_dags/example_local_kubernetes_executor.py for tasks to queue
[2025-01-18T13:45:11.337+0000] {logging_mixin.py:151} INFO - [2025-01-18T13:45:11.337+0000] {dagbag.py:539} INFO - Filling up the DagBag from /home/airflow/.local/lib/python3.8/site-packages/airflow/example_dags/example_local_kubernetes_executor.py
[2025-01-18T13:45:11.358+0000] {processor.py:839} INFO - DAG(s) dict_keys(['example_local_kubernetes_executor']) retrieved from /home/airflow/.local/lib/python3.8/site-packages/airflow/example_dags/example_local_kubernetes_executor.py
[2025-01-18T13:45:11.403+0000] {logging_mixin.py:151} INFO - [2025-01-18T13:45:11.403+0000] {dag.py:2907} INFO - Sync 1 DAGs
[2025-01-18T13:45:11.430+0000] {logging_mixin.py:151} INFO - [2025-01-18T13:45:11.429+0000] {dag.py:3677} INFO - Setting next_dagrun for example_local_kubernetes_executor to None, run_after=None
[2025-01-18T13:45:11.459+0000] {processor.py:179} INFO - Processing /home/airflow/.local/lib/python3.8/site-packages/airflow/example_dags/example_local_kubernetes_executor.py took 0.135 seconds
[2025-01-18T13:45:41.650+0000] {processor.py:157} INFO - Started process (PID=926) to work on /home/airflow/.local/lib/python3.8/site-packages/airflow/example_dags/example_local_kubernetes_executor.py
[2025-01-18T13:45:41.652+0000] {processor.py:829} INFO - Processing file /home/airflow/.local/lib/python3.8/site-packages/airflow/example_dags/example_local_kubernetes_executor.py for tasks to queue
[2025-01-18T13:45:41.658+0000] {logging_mixin.py:151} INFO - [2025-01-18T13:45:41.657+0000] {dagbag.py:539} INFO - Filling up the DagBag from /home/airflow/.local/lib/python3.8/site-packages/airflow/example_dags/example_local_kubernetes_executor.py
[2025-01-18T13:45:41.674+0000] {processor.py:839} INFO - DAG(s) dict_keys(['example_local_kubernetes_executor']) retrieved from /home/airflow/.local/lib/python3.8/site-packages/airflow/example_dags/example_local_kubernetes_executor.py
[2025-01-18T13:45:41.719+0000] {logging_mixin.py:151} INFO - [2025-01-18T13:45:41.718+0000] {dag.py:2907} INFO - Sync 1 DAGs
[2025-01-18T13:45:41.748+0000] {logging_mixin.py:151} INFO - [2025-01-18T13:45:41.748+0000] {dag.py:3677} INFO - Setting next_dagrun for example_local_kubernetes_executor to None, run_after=None
[2025-01-18T13:45:41.785+0000] {processor.py:179} INFO - Processing /home/airflow/.local/lib/python3.8/site-packages/airflow/example_dags/example_local_kubernetes_executor.py took 0.142 seconds
[2025-01-18T13:46:11.889+0000] {processor.py:157} INFO - Started process (PID=1013) to work on /home/airflow/.local/lib/python3.8/site-packages/airflow/example_dags/example_local_kubernetes_executor.py
[2025-01-18T13:46:11.890+0000] {processor.py:829} INFO - Processing file /home/airflow/.local/lib/python3.8/site-packages/airflow/example_dags/example_local_kubernetes_executor.py for tasks to queue
[2025-01-18T13:46:11.893+0000] {logging_mixin.py:151} INFO - [2025-01-18T13:46:11.892+0000] {dagbag.py:539} INFO - Filling up the DagBag from /home/airflow/.local/lib/python3.8/site-packages/airflow/example_dags/example_local_kubernetes_executor.py
[2025-01-18T13:46:11.901+0000] {processor.py:839} INFO - DAG(s) dict_keys(['example_local_kubernetes_executor']) retrieved from /home/airflow/.local/lib/python3.8/site-packages/airflow/example_dags/example_local_kubernetes_executor.py
[2025-01-18T13:46:11.924+0000] {logging_mixin.py:151} INFO - [2025-01-18T13:46:11.924+0000] {dag.py:2907} INFO - Sync 1 DAGs
[2025-01-18T13:46:11.938+0000] {logging_mixin.py:151} INFO - [2025-01-18T13:46:11.938+0000] {dag.py:3677} INFO - Setting next_dagrun for example_local_kubernetes_executor to None, run_after=None
[2025-01-18T13:46:11.958+0000] {processor.py:179} INFO - Processing /home/airflow/.local/lib/python3.8/site-packages/airflow/example_dags/example_local_kubernetes_executor.py took 0.072 seconds
[2025-01-18T13:46:42.062+0000] {processor.py:157} INFO - Started process (PID=1099) to work on /home/airflow/.local/lib/python3.8/site-packages/airflow/example_dags/example_local_kubernetes_executor.py
[2025-01-18T13:46:42.063+0000] {processor.py:829} INFO - Processing file /home/airflow/.local/lib/python3.8/site-packages/airflow/example_dags/example_local_kubernetes_executor.py for tasks to queue
[2025-01-18T13:46:42.066+0000] {logging_mixin.py:151} INFO - [2025-01-18T13:46:42.066+0000] {dagbag.py:539} INFO - Filling up the DagBag from /home/airflow/.local/lib/python3.8/site-packages/airflow/example_dags/example_local_kubernetes_executor.py
[2025-01-18T13:46:42.076+0000] {processor.py:839} INFO - DAG(s) dict_keys(['example_local_kubernetes_executor']) retrieved from /home/airflow/.local/lib/python3.8/site-packages/airflow/example_dags/example_local_kubernetes_executor.py
[2025-01-18T13:46:42.102+0000] {logging_mixin.py:151} INFO - [2025-01-18T13:46:42.101+0000] {dag.py:2907} INFO - Sync 1 DAGs
[2025-01-18T13:46:42.117+0000] {logging_mixin.py:151} INFO - [2025-01-18T13:46:42.117+0000] {dag.py:3677} INFO - Setting next_dagrun for example_local_kubernetes_executor to None, run_after=None
[2025-01-18T13:46:42.139+0000] {processor.py:179} INFO - Processing /home/airflow/.local/lib/python3.8/site-packages/airflow/example_dags/example_local_kubernetes_executor.py took 0.082 seconds
[2025-01-18T13:47:12.897+0000] {processor.py:157} INFO - Started process (PID=1185) to work on /home/airflow/.local/lib/python3.8/site-packages/airflow/example_dags/example_local_kubernetes_executor.py
[2025-01-18T13:47:12.899+0000] {processor.py:829} INFO - Processing file /home/airflow/.local/lib/python3.8/site-packages/airflow/example_dags/example_local_kubernetes_executor.py for tasks to queue
[2025-01-18T13:47:12.901+0000] {logging_mixin.py:151} INFO - [2025-01-18T13:47:12.901+0000] {dagbag.py:539} INFO - Filling up the DagBag from /home/airflow/.local/lib/python3.8/site-packages/airflow/example_dags/example_local_kubernetes_executor.py
[2025-01-18T13:47:12.915+0000] {processor.py:839} INFO - DAG(s) dict_keys(['example_local_kubernetes_executor']) retrieved from /home/airflow/.local/lib/python3.8/site-packages/airflow/example_dags/example_local_kubernetes_executor.py
[2025-01-18T13:47:12.951+0000] {logging_mixin.py:151} INFO - [2025-01-18T13:47:12.951+0000] {dag.py:2907} INFO - Sync 1 DAGs
[2025-01-18T13:47:12.977+0000] {logging_mixin.py:151} INFO - [2025-01-18T13:47:12.977+0000] {dag.py:3677} INFO - Setting next_dagrun for example_local_kubernetes_executor to None, run_after=None
[2025-01-18T13:47:13.006+0000] {processor.py:179} INFO - Processing /home/airflow/.local/lib/python3.8/site-packages/airflow/example_dags/example_local_kubernetes_executor.py took 0.112 seconds
[2025-01-18T13:47:43.484+0000] {processor.py:157} INFO - Started process (PID=1271) to work on /home/airflow/.local/lib/python3.8/site-packages/airflow/example_dags/example_local_kubernetes_executor.py
[2025-01-18T13:47:43.485+0000] {processor.py:829} INFO - Processing file /home/airflow/.local/lib/python3.8/site-packages/airflow/example_dags/example_local_kubernetes_executor.py for tasks to queue
[2025-01-18T13:47:43.490+0000] {logging_mixin.py:151} INFO - [2025-01-18T13:47:43.489+0000] {dagbag.py:539} INFO - Filling up the DagBag from /home/airflow/.local/lib/python3.8/site-packages/airflow/example_dags/example_local_kubernetes_executor.py
[2025-01-18T13:47:43.505+0000] {processor.py:839} INFO - DAG(s) dict_keys(['example_local_kubernetes_executor']) retrieved from /home/airflow/.local/lib/python3.8/site-packages/airflow/example_dags/example_local_kubernetes_executor.py
[2025-01-18T13:47:43.544+0000] {logging_mixin.py:151} INFO - [2025-01-18T13:47:43.544+0000] {dag.py:2907} INFO - Sync 1 DAGs
[2025-01-18T13:47:43.578+0000] {logging_mixin.py:151} INFO - [2025-01-18T13:47:43.578+0000] {dag.py:3677} INFO - Setting next_dagrun for example_local_kubernetes_executor to None, run_after=None
[2025-01-18T13:47:43.619+0000] {processor.py:179} INFO - Processing /home/airflow/.local/lib/python3.8/site-packages/airflow/example_dags/example_local_kubernetes_executor.py took 0.143 seconds
[2025-01-18T13:48:15.202+0000] {processor.py:157} INFO - Started process (PID=1346) to work on /home/airflow/.local/lib/python3.8/site-packages/airflow/example_dags/example_local_kubernetes_executor.py
[2025-01-18T13:48:15.204+0000] {processor.py:829} INFO - Processing file /home/airflow/.local/lib/python3.8/site-packages/airflow/example_dags/example_local_kubernetes_executor.py for tasks to queue
[2025-01-18T13:48:15.209+0000] {logging_mixin.py:151} INFO - [2025-01-18T13:48:15.209+0000] {dagbag.py:539} INFO - Filling up the DagBag from /home/airflow/.local/lib/python3.8/site-packages/airflow/example_dags/example_local_kubernetes_executor.py
[2025-01-18T13:48:15.230+0000] {processor.py:839} INFO - DAG(s) dict_keys(['example_local_kubernetes_executor']) retrieved from /home/airflow/.local/lib/python3.8/site-packages/airflow/example_dags/example_local_kubernetes_executor.py
[2025-01-18T13:48:15.280+0000] {logging_mixin.py:151} INFO - [2025-01-18T13:48:15.279+0000] {dag.py:2907} INFO - Sync 1 DAGs
[2025-01-18T13:48:15.312+0000] {logging_mixin.py:151} INFO - [2025-01-18T13:48:15.312+0000] {dag.py:3677} INFO - Setting next_dagrun for example_local_kubernetes_executor to None, run_after=None
[2025-01-18T13:48:15.352+0000] {processor.py:179} INFO - Processing /home/airflow/.local/lib/python3.8/site-packages/airflow/example_dags/example_local_kubernetes_executor.py took 0.157 seconds
[2025-01-18T13:48:46.169+0000] {processor.py:157} INFO - Started process (PID=1433) to work on /home/airflow/.local/lib/python3.8/site-packages/airflow/example_dags/example_local_kubernetes_executor.py
[2025-01-18T13:48:46.171+0000] {processor.py:829} INFO - Processing file /home/airflow/.local/lib/python3.8/site-packages/airflow/example_dags/example_local_kubernetes_executor.py for tasks to queue
[2025-01-18T13:48:46.175+0000] {logging_mixin.py:151} INFO - [2025-01-18T13:48:46.175+0000] {dagbag.py:539} INFO - Filling up the DagBag from /home/airflow/.local/lib/python3.8/site-packages/airflow/example_dags/example_local_kubernetes_executor.py
[2025-01-18T13:48:46.191+0000] {processor.py:839} INFO - DAG(s) dict_keys(['example_local_kubernetes_executor']) retrieved from /home/airflow/.local/lib/python3.8/site-packages/airflow/example_dags/example_local_kubernetes_executor.py
[2025-01-18T13:48:46.239+0000] {logging_mixin.py:151} INFO - [2025-01-18T13:48:46.236+0000] {dag.py:2907} INFO - Sync 1 DAGs
[2025-01-18T13:48:46.275+0000] {logging_mixin.py:151} INFO - [2025-01-18T13:48:46.275+0000] {dag.py:3677} INFO - Setting next_dagrun for example_local_kubernetes_executor to None, run_after=None
[2025-01-18T13:48:46.344+0000] {processor.py:179} INFO - Processing /home/airflow/.local/lib/python3.8/site-packages/airflow/example_dags/example_local_kubernetes_executor.py took 0.182 seconds
[2025-01-18T13:49:16.487+0000] {processor.py:157} INFO - Started process (PID=1518) to work on /home/airflow/.local/lib/python3.8/site-packages/airflow/example_dags/example_local_kubernetes_executor.py
[2025-01-18T13:49:16.489+0000] {processor.py:829} INFO - Processing file /home/airflow/.local/lib/python3.8/site-packages/airflow/example_dags/example_local_kubernetes_executor.py for tasks to queue
[2025-01-18T13:49:16.492+0000] {logging_mixin.py:151} INFO - [2025-01-18T13:49:16.492+0000] {dagbag.py:539} INFO - Filling up the DagBag from /home/airflow/.local/lib/python3.8/site-packages/airflow/example_dags/example_local_kubernetes_executor.py
[2025-01-18T13:49:16.507+0000] {processor.py:839} INFO - DAG(s) dict_keys(['example_local_kubernetes_executor']) retrieved from /home/airflow/.local/lib/python3.8/site-packages/airflow/example_dags/example_local_kubernetes_executor.py
[2025-01-18T13:49:16.541+0000] {logging_mixin.py:151} INFO - [2025-01-18T13:49:16.541+0000] {dag.py:2907} INFO - Sync 1 DAGs
[2025-01-18T13:49:16.565+0000] {logging_mixin.py:151} INFO - [2025-01-18T13:49:16.565+0000] {dag.py:3677} INFO - Setting next_dagrun for example_local_kubernetes_executor to None, run_after=None
[2025-01-18T13:49:16.599+0000] {processor.py:179} INFO - Processing /home/airflow/.local/lib/python3.8/site-packages/airflow/example_dags/example_local_kubernetes_executor.py took 0.119 seconds
[2025-01-18T13:49:47.233+0000] {processor.py:157} INFO - Started process (PID=1604) to work on /home/airflow/.local/lib/python3.8/site-packages/airflow/example_dags/example_local_kubernetes_executor.py
[2025-01-18T13:49:47.234+0000] {processor.py:829} INFO - Processing file /home/airflow/.local/lib/python3.8/site-packages/airflow/example_dags/example_local_kubernetes_executor.py for tasks to queue
[2025-01-18T13:49:47.237+0000] {logging_mixin.py:151} INFO - [2025-01-18T13:49:47.237+0000] {dagbag.py:539} INFO - Filling up the DagBag from /home/airflow/.local/lib/python3.8/site-packages/airflow/example_dags/example_local_kubernetes_executor.py
[2025-01-18T13:49:47.250+0000] {processor.py:839} INFO - DAG(s) dict_keys(['example_local_kubernetes_executor']) retrieved from /home/airflow/.local/lib/python3.8/site-packages/airflow/example_dags/example_local_kubernetes_executor.py
[2025-01-18T13:49:47.278+0000] {logging_mixin.py:151} INFO - [2025-01-18T13:49:47.278+0000] {dag.py:2907} INFO - Sync 1 DAGs
[2025-01-18T13:49:47.298+0000] {logging_mixin.py:151} INFO - [2025-01-18T13:49:47.298+0000] {dag.py:3677} INFO - Setting next_dagrun for example_local_kubernetes_executor to None, run_after=None
[2025-01-18T13:49:47.327+0000] {processor.py:179} INFO - Processing /home/airflow/.local/lib/python3.8/site-packages/airflow/example_dags/example_local_kubernetes_executor.py took 0.098 seconds
[2025-01-18T13:50:17.910+0000] {processor.py:157} INFO - Started process (PID=1695) to work on /home/airflow/.local/lib/python3.8/site-packages/airflow/example_dags/example_local_kubernetes_executor.py
[2025-01-18T13:50:17.912+0000] {processor.py:829} INFO - Processing file /home/airflow/.local/lib/python3.8/site-packages/airflow/example_dags/example_local_kubernetes_executor.py for tasks to queue
[2025-01-18T13:50:17.916+0000] {logging_mixin.py:151} INFO - [2025-01-18T13:50:17.916+0000] {dagbag.py:539} INFO - Filling up the DagBag from /home/airflow/.local/lib/python3.8/site-packages/airflow/example_dags/example_local_kubernetes_executor.py
[2025-01-18T13:50:17.932+0000] {processor.py:839} INFO - DAG(s) dict_keys(['example_local_kubernetes_executor']) retrieved from /home/airflow/.local/lib/python3.8/site-packages/airflow/example_dags/example_local_kubernetes_executor.py
[2025-01-18T13:50:17.968+0000] {logging_mixin.py:151} INFO - [2025-01-18T13:50:17.968+0000] {dag.py:2907} INFO - Sync 1 DAGs
[2025-01-18T13:50:17.992+0000] {logging_mixin.py:151} INFO - [2025-01-18T13:50:17.991+0000] {dag.py:3677} INFO - Setting next_dagrun for example_local_kubernetes_executor to None, run_after=None
[2025-01-18T13:50:18.023+0000] {processor.py:179} INFO - Processing /home/airflow/.local/lib/python3.8/site-packages/airflow/example_dags/example_local_kubernetes_executor.py took 0.120 seconds
[2025-01-18T13:50:48.721+0000] {processor.py:157} INFO - Started process (PID=1815) to work on /home/airflow/.local/lib/python3.8/site-packages/airflow/example_dags/example_local_kubernetes_executor.py
[2025-01-18T13:50:48.722+0000] {processor.py:829} INFO - Processing file /home/airflow/.local/lib/python3.8/site-packages/airflow/example_dags/example_local_kubernetes_executor.py for tasks to queue
[2025-01-18T13:50:48.725+0000] {logging_mixin.py:151} INFO - [2025-01-18T13:50:48.725+0000] {dagbag.py:539} INFO - Filling up the DagBag from /home/airflow/.local/lib/python3.8/site-packages/airflow/example_dags/example_local_kubernetes_executor.py
[2025-01-18T13:50:48.735+0000] {processor.py:839} INFO - DAG(s) dict_keys(['example_local_kubernetes_executor']) retrieved from /home/airflow/.local/lib/python3.8/site-packages/airflow/example_dags/example_local_kubernetes_executor.py
[2025-01-18T13:50:48.760+0000] {logging_mixin.py:151} INFO - [2025-01-18T13:50:48.759+0000] {dag.py:2907} INFO - Sync 1 DAGs
[2025-01-18T13:50:48.775+0000] {logging_mixin.py:151} INFO - [2025-01-18T13:50:48.775+0000] {dag.py:3677} INFO - Setting next_dagrun for example_local_kubernetes_executor to None, run_after=None
[2025-01-18T13:50:48.798+0000] {processor.py:179} INFO - Processing /home/airflow/.local/lib/python3.8/site-packages/airflow/example_dags/example_local_kubernetes_executor.py took 0.082 seconds
[2025-01-18T13:51:19.461+0000] {processor.py:157} INFO - Started process (PID=1901) to work on /home/airflow/.local/lib/python3.8/site-packages/airflow/example_dags/example_local_kubernetes_executor.py
[2025-01-18T13:51:19.462+0000] {processor.py:829} INFO - Processing file /home/airflow/.local/lib/python3.8/site-packages/airflow/example_dags/example_local_kubernetes_executor.py for tasks to queue
[2025-01-18T13:51:19.465+0000] {logging_mixin.py:151} INFO - [2025-01-18T13:51:19.465+0000] {dagbag.py:539} INFO - Filling up the DagBag from /home/airflow/.local/lib/python3.8/site-packages/airflow/example_dags/example_local_kubernetes_executor.py
[2025-01-18T13:51:19.473+0000] {processor.py:839} INFO - DAG(s) dict_keys(['example_local_kubernetes_executor']) retrieved from /home/airflow/.local/lib/python3.8/site-packages/airflow/example_dags/example_local_kubernetes_executor.py
[2025-01-18T13:51:19.492+0000] {logging_mixin.py:151} INFO - [2025-01-18T13:51:19.492+0000] {dag.py:2907} INFO - Sync 1 DAGs
[2025-01-18T13:51:19.507+0000] {logging_mixin.py:151} INFO - [2025-01-18T13:51:19.507+0000] {dag.py:3677} INFO - Setting next_dagrun for example_local_kubernetes_executor to None, run_after=None
[2025-01-18T13:51:19.531+0000] {processor.py:179} INFO - Processing /home/airflow/.local/lib/python3.8/site-packages/airflow/example_dags/example_local_kubernetes_executor.py took 0.073 seconds
[2025-01-18T15:08:45.264+0000] {processor.py:157} INFO - Started process (PID=16158) to work on /home/airflow/.local/lib/python3.8/site-packages/airflow/example_dags/example_local_kubernetes_executor.py
[2025-01-18T15:08:45.265+0000] {processor.py:829} INFO - Processing file /home/airflow/.local/lib/python3.8/site-packages/airflow/example_dags/example_local_kubernetes_executor.py for tasks to queue
[2025-01-18T15:08:45.268+0000] {logging_mixin.py:151} INFO - [2025-01-18T15:08:45.268+0000] {dagbag.py:539} INFO - Filling up the DagBag from /home/airflow/.local/lib/python3.8/site-packages/airflow/example_dags/example_local_kubernetes_executor.py
[2025-01-18T15:08:45.276+0000] {processor.py:839} INFO - DAG(s) dict_keys(['example_local_kubernetes_executor']) retrieved from /home/airflow/.local/lib/python3.8/site-packages/airflow/example_dags/example_local_kubernetes_executor.py
[2025-01-18T15:08:45.295+0000] {logging_mixin.py:151} INFO - [2025-01-18T15:08:45.295+0000] {dag.py:2907} INFO - Sync 1 DAGs
[2025-01-18T15:08:45.307+0000] {logging_mixin.py:151} INFO - [2025-01-18T15:08:45.307+0000] {dag.py:3677} INFO - Setting next_dagrun for example_local_kubernetes_executor to None, run_after=None
[2025-01-18T15:08:45.325+0000] {processor.py:179} INFO - Processing /home/airflow/.local/lib/python3.8/site-packages/airflow/example_dags/example_local_kubernetes_executor.py took 0.064 seconds
[2025-01-18T15:09:16.211+0000] {processor.py:157} INFO - Started process (PID=16269) to work on /home/airflow/.local/lib/python3.8/site-packages/airflow/example_dags/example_local_kubernetes_executor.py
[2025-01-18T15:09:16.212+0000] {processor.py:829} INFO - Processing file /home/airflow/.local/lib/python3.8/site-packages/airflow/example_dags/example_local_kubernetes_executor.py for tasks to queue
[2025-01-18T15:09:16.216+0000] {logging_mixin.py:151} INFO - [2025-01-18T15:09:16.216+0000] {dagbag.py:539} INFO - Filling up the DagBag from /home/airflow/.local/lib/python3.8/site-packages/airflow/example_dags/example_local_kubernetes_executor.py
[2025-01-18T15:09:16.229+0000] {processor.py:839} INFO - DAG(s) dict_keys(['example_local_kubernetes_executor']) retrieved from /home/airflow/.local/lib/python3.8/site-packages/airflow/example_dags/example_local_kubernetes_executor.py
[2025-01-18T15:09:16.256+0000] {logging_mixin.py:151} INFO - [2025-01-18T15:09:16.256+0000] {dag.py:2907} INFO - Sync 1 DAGs
[2025-01-18T15:09:16.273+0000] {logging_mixin.py:151} INFO - [2025-01-18T15:09:16.272+0000] {dag.py:3677} INFO - Setting next_dagrun for example_local_kubernetes_executor to None, run_after=None
[2025-01-18T15:09:16.293+0000] {processor.py:179} INFO - Processing /home/airflow/.local/lib/python3.8/site-packages/airflow/example_dags/example_local_kubernetes_executor.py took 0.087 seconds
