[2025-01-18T00:11:15.650+0000] {processor.py:157} INFO - Started process (PID=126) to work on /home/airflow/.local/lib/python3.8/site-packages/airflow/example_dags/example_short_circuit_operator.py
[2025-01-18T00:11:15.654+0000] {processor.py:829} INFO - Processing file /home/airflow/.local/lib/python3.8/site-packages/airflow/example_dags/example_short_circuit_operator.py for tasks to queue
[2025-01-18T00:11:15.700+0000] {logging_mixin.py:151} INFO - [2025-01-18T00:11:15.700+0000] {dagbag.py:539} INFO - Filling up the DagBag from /home/airflow/.local/lib/python3.8/site-packages/airflow/example_dags/example_short_circuit_operator.py
[2025-01-18T00:11:15.749+0000] {processor.py:839} INFO - DAG(s) dict_keys(['example_short_circuit_operator']) retrieved from /home/airflow/.local/lib/python3.8/site-packages/airflow/example_dags/example_short_circuit_operator.py
[2025-01-18T00:11:15.928+0000] {logging_mixin.py:151} INFO - [2025-01-18T00:11:15.927+0000] {dag.py:2907} INFO - Sync 1 DAGs
[2025-01-18T00:11:16.033+0000] {logging_mixin.py:151} INFO - [2025-01-18T00:11:16.032+0000] {dag.py:3677} INFO - Setting next_dagrun for example_short_circuit_operator to 2025-01-17T00:11:16.032171+00:00, run_after=2025-01-18T00:11:16.032171+00:00
[2025-01-18T00:11:16.138+0000] {processor.py:179} INFO - Processing /home/airflow/.local/lib/python3.8/site-packages/airflow/example_dags/example_short_circuit_operator.py took 0.527 seconds
[2025-01-18T00:11:46.764+0000] {processor.py:157} INFO - Started process (PID=218) to work on /home/airflow/.local/lib/python3.8/site-packages/airflow/example_dags/example_short_circuit_operator.py
[2025-01-18T00:11:46.768+0000] {processor.py:829} INFO - Processing file /home/airflow/.local/lib/python3.8/site-packages/airflow/example_dags/example_short_circuit_operator.py for tasks to queue
[2025-01-18T00:11:46.776+0000] {logging_mixin.py:151} INFO - [2025-01-18T00:11:46.775+0000] {dagbag.py:539} INFO - Filling up the DagBag from /home/airflow/.local/lib/python3.8/site-packages/airflow/example_dags/example_short_circuit_operator.py
[2025-01-18T00:11:46.810+0000] {processor.py:839} INFO - DAG(s) dict_keys(['example_short_circuit_operator']) retrieved from /home/airflow/.local/lib/python3.8/site-packages/airflow/example_dags/example_short_circuit_operator.py
[2025-01-18T00:11:46.975+0000] {logging_mixin.py:151} INFO - [2025-01-18T00:11:46.974+0000] {dag.py:2907} INFO - Sync 1 DAGs
[2025-01-18T00:11:47.044+0000] {logging_mixin.py:151} INFO - [2025-01-18T00:11:47.043+0000] {dag.py:3677} INFO - Setting next_dagrun for example_short_circuit_operator to 2025-01-17T00:11:47.043364+00:00, run_after=2025-01-18T00:11:47.043364+00:00
[2025-01-18T00:11:47.189+0000] {processor.py:179} INFO - Processing /home/airflow/.local/lib/python3.8/site-packages/airflow/example_dags/example_short_circuit_operator.py took 0.441 seconds
[2025-01-18T00:12:17.645+0000] {processor.py:157} INFO - Started process (PID=315) to work on /home/airflow/.local/lib/python3.8/site-packages/airflow/example_dags/example_short_circuit_operator.py
[2025-01-18T00:12:17.647+0000] {processor.py:829} INFO - Processing file /home/airflow/.local/lib/python3.8/site-packages/airflow/example_dags/example_short_circuit_operator.py for tasks to queue
[2025-01-18T00:12:17.651+0000] {logging_mixin.py:151} INFO - [2025-01-18T00:12:17.651+0000] {dagbag.py:539} INFO - Filling up the DagBag from /home/airflow/.local/lib/python3.8/site-packages/airflow/example_dags/example_short_circuit_operator.py
[2025-01-18T00:12:17.674+0000] {processor.py:839} INFO - DAG(s) dict_keys(['example_short_circuit_operator']) retrieved from /home/airflow/.local/lib/python3.8/site-packages/airflow/example_dags/example_short_circuit_operator.py
[2025-01-18T00:12:17.729+0000] {logging_mixin.py:151} INFO - [2025-01-18T00:12:17.729+0000] {dag.py:2907} INFO - Sync 1 DAGs
[2025-01-18T00:12:17.788+0000] {logging_mixin.py:151} INFO - [2025-01-18T00:12:17.787+0000] {dag.py:3677} INFO - Setting next_dagrun for example_short_circuit_operator to 2025-01-17T00:12:17.787277+00:00, run_after=2025-01-18T00:12:17.787277+00:00
[2025-01-18T00:12:17.842+0000] {processor.py:179} INFO - Processing /home/airflow/.local/lib/python3.8/site-packages/airflow/example_dags/example_short_circuit_operator.py took 0.205 seconds
[2025-01-18T00:12:48.635+0000] {processor.py:157} INFO - Started process (PID=401) to work on /home/airflow/.local/lib/python3.8/site-packages/airflow/example_dags/example_short_circuit_operator.py
[2025-01-18T00:12:48.636+0000] {processor.py:829} INFO - Processing file /home/airflow/.local/lib/python3.8/site-packages/airflow/example_dags/example_short_circuit_operator.py for tasks to queue
[2025-01-18T00:12:48.640+0000] {logging_mixin.py:151} INFO - [2025-01-18T00:12:48.639+0000] {dagbag.py:539} INFO - Filling up the DagBag from /home/airflow/.local/lib/python3.8/site-packages/airflow/example_dags/example_short_circuit_operator.py
[2025-01-18T00:12:48.654+0000] {processor.py:839} INFO - DAG(s) dict_keys(['example_short_circuit_operator']) retrieved from /home/airflow/.local/lib/python3.8/site-packages/airflow/example_dags/example_short_circuit_operator.py
[2025-01-18T00:12:48.689+0000] {logging_mixin.py:151} INFO - [2025-01-18T00:12:48.688+0000] {dag.py:2907} INFO - Sync 1 DAGs
[2025-01-18T00:12:48.722+0000] {logging_mixin.py:151} INFO - [2025-01-18T00:12:48.722+0000] {dag.py:3677} INFO - Setting next_dagrun for example_short_circuit_operator to 2025-01-17T00:12:48.721802+00:00, run_after=2025-01-18T00:12:48.721802+00:00
[2025-01-18T00:12:48.755+0000] {processor.py:179} INFO - Processing /home/airflow/.local/lib/python3.8/site-packages/airflow/example_dags/example_short_circuit_operator.py took 0.125 seconds
[2025-01-18T00:14:27.068+0000] {processor.py:157} INFO - Started process (PID=108) to work on /home/airflow/.local/lib/python3.8/site-packages/airflow/example_dags/example_short_circuit_operator.py
[2025-01-18T00:14:27.070+0000] {processor.py:829} INFO - Processing file /home/airflow/.local/lib/python3.8/site-packages/airflow/example_dags/example_short_circuit_operator.py for tasks to queue
[2025-01-18T00:14:27.075+0000] {logging_mixin.py:151} INFO - [2025-01-18T00:14:27.075+0000] {dagbag.py:539} INFO - Filling up the DagBag from /home/airflow/.local/lib/python3.8/site-packages/airflow/example_dags/example_short_circuit_operator.py
[2025-01-18T00:14:27.095+0000] {processor.py:839} INFO - DAG(s) dict_keys(['example_short_circuit_operator']) retrieved from /home/airflow/.local/lib/python3.8/site-packages/airflow/example_dags/example_short_circuit_operator.py
[2025-01-18T00:14:27.162+0000] {logging_mixin.py:151} INFO - [2025-01-18T00:14:27.161+0000] {dag.py:2907} INFO - Sync 1 DAGs
[2025-01-18T00:14:27.221+0000] {logging_mixin.py:151} INFO - [2025-01-18T00:14:27.220+0000] {dag.py:3677} INFO - Setting next_dagrun for example_short_circuit_operator to 2025-01-17T00:14:27.220422+00:00, run_after=2025-01-18T00:14:27.220422+00:00
[2025-01-18T00:14:27.261+0000] {processor.py:179} INFO - Processing /home/airflow/.local/lib/python3.8/site-packages/airflow/example_dags/example_short_circuit_operator.py took 0.200 seconds
[2025-01-18T00:14:57.351+0000] {processor.py:157} INFO - Started process (PID=175) to work on /home/airflow/.local/lib/python3.8/site-packages/airflow/example_dags/example_short_circuit_operator.py
[2025-01-18T00:14:57.353+0000] {processor.py:829} INFO - Processing file /home/airflow/.local/lib/python3.8/site-packages/airflow/example_dags/example_short_circuit_operator.py for tasks to queue
[2025-01-18T00:14:57.358+0000] {logging_mixin.py:151} INFO - [2025-01-18T00:14:57.357+0000] {dagbag.py:539} INFO - Filling up the DagBag from /home/airflow/.local/lib/python3.8/site-packages/airflow/example_dags/example_short_circuit_operator.py
[2025-01-18T00:14:57.378+0000] {processor.py:839} INFO - DAG(s) dict_keys(['example_short_circuit_operator']) retrieved from /home/airflow/.local/lib/python3.8/site-packages/airflow/example_dags/example_short_circuit_operator.py
[2025-01-18T00:14:57.424+0000] {logging_mixin.py:151} INFO - [2025-01-18T00:14:57.424+0000] {dag.py:2907} INFO - Sync 1 DAGs
[2025-01-18T00:14:57.479+0000] {logging_mixin.py:151} INFO - [2025-01-18T00:14:57.478+0000] {dag.py:3677} INFO - Setting next_dagrun for example_short_circuit_operator to 2025-01-17T00:14:57.478391+00:00, run_after=2025-01-18T00:14:57.478391+00:00
[2025-01-18T00:14:57.527+0000] {processor.py:179} INFO - Processing /home/airflow/.local/lib/python3.8/site-packages/airflow/example_dags/example_short_circuit_operator.py took 0.184 seconds
[2025-01-18T00:15:27.687+0000] {processor.py:157} INFO - Started process (PID=261) to work on /home/airflow/.local/lib/python3.8/site-packages/airflow/example_dags/example_short_circuit_operator.py
[2025-01-18T00:15:27.689+0000] {processor.py:829} INFO - Processing file /home/airflow/.local/lib/python3.8/site-packages/airflow/example_dags/example_short_circuit_operator.py for tasks to queue
[2025-01-18T00:15:27.692+0000] {logging_mixin.py:151} INFO - [2025-01-18T00:15:27.692+0000] {dagbag.py:539} INFO - Filling up the DagBag from /home/airflow/.local/lib/python3.8/site-packages/airflow/example_dags/example_short_circuit_operator.py
[2025-01-18T00:15:27.705+0000] {processor.py:839} INFO - DAG(s) dict_keys(['example_short_circuit_operator']) retrieved from /home/airflow/.local/lib/python3.8/site-packages/airflow/example_dags/example_short_circuit_operator.py
[2025-01-18T00:15:27.742+0000] {logging_mixin.py:151} INFO - [2025-01-18T00:15:27.741+0000] {dag.py:2907} INFO - Sync 1 DAGs
[2025-01-18T00:15:27.776+0000] {logging_mixin.py:151} INFO - [2025-01-18T00:15:27.775+0000] {dag.py:3677} INFO - Setting next_dagrun for example_short_circuit_operator to 2025-01-17T00:15:27.775519+00:00, run_after=2025-01-18T00:15:27.775519+00:00
[2025-01-18T00:15:27.799+0000] {processor.py:179} INFO - Processing /home/airflow/.local/lib/python3.8/site-packages/airflow/example_dags/example_short_circuit_operator.py took 0.117 seconds
[2025-01-18T00:15:58.641+0000] {processor.py:157} INFO - Started process (PID=347) to work on /home/airflow/.local/lib/python3.8/site-packages/airflow/example_dags/example_short_circuit_operator.py
[2025-01-18T00:15:58.643+0000] {processor.py:829} INFO - Processing file /home/airflow/.local/lib/python3.8/site-packages/airflow/example_dags/example_short_circuit_operator.py for tasks to queue
[2025-01-18T00:15:58.647+0000] {logging_mixin.py:151} INFO - [2025-01-18T00:15:58.646+0000] {dagbag.py:539} INFO - Filling up the DagBag from /home/airflow/.local/lib/python3.8/site-packages/airflow/example_dags/example_short_circuit_operator.py
[2025-01-18T00:15:58.661+0000] {processor.py:839} INFO - DAG(s) dict_keys(['example_short_circuit_operator']) retrieved from /home/airflow/.local/lib/python3.8/site-packages/airflow/example_dags/example_short_circuit_operator.py
[2025-01-18T00:15:58.701+0000] {logging_mixin.py:151} INFO - [2025-01-18T00:15:58.700+0000] {dag.py:2907} INFO - Sync 1 DAGs
[2025-01-18T00:15:58.772+0000] {logging_mixin.py:151} INFO - [2025-01-18T00:15:58.772+0000] {dag.py:3677} INFO - Setting next_dagrun for example_short_circuit_operator to 2025-01-17T00:15:58.771516+00:00, run_after=2025-01-18T00:15:58.771516+00:00
[2025-01-18T00:15:58.813+0000] {processor.py:179} INFO - Processing /home/airflow/.local/lib/python3.8/site-packages/airflow/example_dags/example_short_circuit_operator.py took 0.178 seconds
[2025-01-18T00:16:30.580+0000] {processor.py:157} INFO - Started process (PID=433) to work on /home/airflow/.local/lib/python3.8/site-packages/airflow/example_dags/example_short_circuit_operator.py
[2025-01-18T00:16:30.598+0000] {processor.py:829} INFO - Processing file /home/airflow/.local/lib/python3.8/site-packages/airflow/example_dags/example_short_circuit_operator.py for tasks to queue
[2025-01-18T00:16:30.618+0000] {logging_mixin.py:151} INFO - [2025-01-18T00:16:30.618+0000] {dagbag.py:539} INFO - Filling up the DagBag from /home/airflow/.local/lib/python3.8/site-packages/airflow/example_dags/example_short_circuit_operator.py
[2025-01-18T00:16:30.649+0000] {processor.py:839} INFO - DAG(s) dict_keys(['example_short_circuit_operator']) retrieved from /home/airflow/.local/lib/python3.8/site-packages/airflow/example_dags/example_short_circuit_operator.py
[2025-01-18T00:16:30.723+0000] {logging_mixin.py:151} INFO - [2025-01-18T00:16:30.722+0000] {dag.py:2907} INFO - Sync 1 DAGs
[2025-01-18T00:16:30.832+0000] {logging_mixin.py:151} INFO - [2025-01-18T00:16:30.832+0000] {dag.py:3677} INFO - Setting next_dagrun for example_short_circuit_operator to 2025-01-17T00:16:30.832219+00:00, run_after=2025-01-18T00:16:30.832219+00:00
[2025-01-18T00:16:30.867+0000] {processor.py:179} INFO - Processing /home/airflow/.local/lib/python3.8/site-packages/airflow/example_dags/example_short_circuit_operator.py took 0.298 seconds
[2025-01-18T00:17:01.203+0000] {processor.py:157} INFO - Started process (PID=528) to work on /home/airflow/.local/lib/python3.8/site-packages/airflow/example_dags/example_short_circuit_operator.py
[2025-01-18T00:17:01.205+0000] {processor.py:829} INFO - Processing file /home/airflow/.local/lib/python3.8/site-packages/airflow/example_dags/example_short_circuit_operator.py for tasks to queue
[2025-01-18T00:17:01.209+0000] {logging_mixin.py:151} INFO - [2025-01-18T00:17:01.208+0000] {dagbag.py:539} INFO - Filling up the DagBag from /home/airflow/.local/lib/python3.8/site-packages/airflow/example_dags/example_short_circuit_operator.py
[2025-01-18T00:17:01.228+0000] {processor.py:839} INFO - DAG(s) dict_keys(['example_short_circuit_operator']) retrieved from /home/airflow/.local/lib/python3.8/site-packages/airflow/example_dags/example_short_circuit_operator.py
[2025-01-18T00:17:01.284+0000] {logging_mixin.py:151} INFO - [2025-01-18T00:17:01.283+0000] {dag.py:2907} INFO - Sync 1 DAGs
[2025-01-18T00:17:01.328+0000] {logging_mixin.py:151} INFO - [2025-01-18T00:17:01.328+0000] {dag.py:3677} INFO - Setting next_dagrun for example_short_circuit_operator to 2025-01-17T00:17:01.327922+00:00, run_after=2025-01-18T00:17:01.327922+00:00
[2025-01-18T00:17:01.357+0000] {processor.py:179} INFO - Processing /home/airflow/.local/lib/python3.8/site-packages/airflow/example_dags/example_short_circuit_operator.py took 0.161 seconds
[2025-01-18T00:17:34.234+0000] {processor.py:157} INFO - Started process (PID=614) to work on /home/airflow/.local/lib/python3.8/site-packages/airflow/example_dags/example_short_circuit_operator.py
[2025-01-18T00:17:34.237+0000] {processor.py:829} INFO - Processing file /home/airflow/.local/lib/python3.8/site-packages/airflow/example_dags/example_short_circuit_operator.py for tasks to queue
[2025-01-18T00:17:34.271+0000] {logging_mixin.py:151} INFO - [2025-01-18T00:17:34.271+0000] {dagbag.py:539} INFO - Filling up the DagBag from /home/airflow/.local/lib/python3.8/site-packages/airflow/example_dags/example_short_circuit_operator.py
[2025-01-18T00:17:34.313+0000] {processor.py:839} INFO - DAG(s) dict_keys(['example_short_circuit_operator']) retrieved from /home/airflow/.local/lib/python3.8/site-packages/airflow/example_dags/example_short_circuit_operator.py
[2025-01-18T00:17:34.394+0000] {logging_mixin.py:151} INFO - [2025-01-18T00:17:34.394+0000] {dag.py:2907} INFO - Sync 1 DAGs
[2025-01-18T00:17:34.461+0000] {logging_mixin.py:151} INFO - [2025-01-18T00:17:34.461+0000] {dag.py:3677} INFO - Setting next_dagrun for example_short_circuit_operator to 2025-01-17T00:17:34.459880+00:00, run_after=2025-01-18T00:17:34.459880+00:00
[2025-01-18T00:17:34.511+0000] {processor.py:179} INFO - Processing /home/airflow/.local/lib/python3.8/site-packages/airflow/example_dags/example_short_circuit_operator.py took 0.305 seconds
[2025-01-18T00:18:05.033+0000] {processor.py:157} INFO - Started process (PID=688) to work on /home/airflow/.local/lib/python3.8/site-packages/airflow/example_dags/example_short_circuit_operator.py
[2025-01-18T00:18:05.035+0000] {processor.py:829} INFO - Processing file /home/airflow/.local/lib/python3.8/site-packages/airflow/example_dags/example_short_circuit_operator.py for tasks to queue
[2025-01-18T00:18:05.037+0000] {logging_mixin.py:151} INFO - [2025-01-18T00:18:05.037+0000] {dagbag.py:539} INFO - Filling up the DagBag from /home/airflow/.local/lib/python3.8/site-packages/airflow/example_dags/example_short_circuit_operator.py
[2025-01-18T00:18:05.046+0000] {processor.py:839} INFO - DAG(s) dict_keys(['example_short_circuit_operator']) retrieved from /home/airflow/.local/lib/python3.8/site-packages/airflow/example_dags/example_short_circuit_operator.py
[2025-01-18T00:18:05.086+0000] {logging_mixin.py:151} INFO - [2025-01-18T00:18:05.086+0000] {dag.py:2907} INFO - Sync 1 DAGs
[2025-01-18T00:18:05.118+0000] {logging_mixin.py:151} INFO - [2025-01-18T00:18:05.117+0000] {dag.py:3677} INFO - Setting next_dagrun for example_short_circuit_operator to 2025-01-17T00:18:05.117578+00:00, run_after=2025-01-18T00:18:05.117578+00:00
[2025-01-18T00:18:05.140+0000] {processor.py:179} INFO - Processing /home/airflow/.local/lib/python3.8/site-packages/airflow/example_dags/example_short_circuit_operator.py took 0.111 seconds
[2025-01-18T00:18:35.651+0000] {processor.py:157} INFO - Started process (PID=767) to work on /home/airflow/.local/lib/python3.8/site-packages/airflow/example_dags/example_short_circuit_operator.py
[2025-01-18T00:18:35.652+0000] {processor.py:829} INFO - Processing file /home/airflow/.local/lib/python3.8/site-packages/airflow/example_dags/example_short_circuit_operator.py for tasks to queue
[2025-01-18T00:18:35.655+0000] {logging_mixin.py:151} INFO - [2025-01-18T00:18:35.655+0000] {dagbag.py:539} INFO - Filling up the DagBag from /home/airflow/.local/lib/python3.8/site-packages/airflow/example_dags/example_short_circuit_operator.py
[2025-01-18T00:18:35.667+0000] {processor.py:839} INFO - DAG(s) dict_keys(['example_short_circuit_operator']) retrieved from /home/airflow/.local/lib/python3.8/site-packages/airflow/example_dags/example_short_circuit_operator.py
[2025-01-18T00:18:35.711+0000] {logging_mixin.py:151} INFO - [2025-01-18T00:18:35.710+0000] {dag.py:2907} INFO - Sync 1 DAGs
[2025-01-18T00:18:35.745+0000] {logging_mixin.py:151} INFO - [2025-01-18T00:18:35.745+0000] {dag.py:3677} INFO - Setting next_dagrun for example_short_circuit_operator to 2025-01-17T00:18:35.744868+00:00, run_after=2025-01-18T00:18:35.744868+00:00
[2025-01-18T00:18:35.770+0000] {processor.py:179} INFO - Processing /home/airflow/.local/lib/python3.8/site-packages/airflow/example_dags/example_short_circuit_operator.py took 0.123 seconds
[2025-01-18T00:19:06.020+0000] {processor.py:157} INFO - Started process (PID=853) to work on /home/airflow/.local/lib/python3.8/site-packages/airflow/example_dags/example_short_circuit_operator.py
[2025-01-18T00:19:06.023+0000] {processor.py:829} INFO - Processing file /home/airflow/.local/lib/python3.8/site-packages/airflow/example_dags/example_short_circuit_operator.py for tasks to queue
[2025-01-18T00:19:06.035+0000] {logging_mixin.py:151} INFO - [2025-01-18T00:19:06.035+0000] {dagbag.py:539} INFO - Filling up the DagBag from /home/airflow/.local/lib/python3.8/site-packages/airflow/example_dags/example_short_circuit_operator.py
[2025-01-18T00:19:06.072+0000] {processor.py:839} INFO - DAG(s) dict_keys(['example_short_circuit_operator']) retrieved from /home/airflow/.local/lib/python3.8/site-packages/airflow/example_dags/example_short_circuit_operator.py
[2025-01-18T00:19:06.152+0000] {logging_mixin.py:151} INFO - [2025-01-18T00:19:06.151+0000] {dag.py:2907} INFO - Sync 1 DAGs
[2025-01-18T00:19:06.236+0000] {logging_mixin.py:151} INFO - [2025-01-18T00:19:06.235+0000] {dag.py:3677} INFO - Setting next_dagrun for example_short_circuit_operator to 2025-01-17T00:19:06.235090+00:00, run_after=2025-01-18T00:19:06.235090+00:00
[2025-01-18T00:19:06.323+0000] {processor.py:179} INFO - Processing /home/airflow/.local/lib/python3.8/site-packages/airflow/example_dags/example_short_circuit_operator.py took 0.310 seconds
[2025-01-18T00:19:36.745+0000] {processor.py:157} INFO - Started process (PID=939) to work on /home/airflow/.local/lib/python3.8/site-packages/airflow/example_dags/example_short_circuit_operator.py
[2025-01-18T00:19:36.748+0000] {processor.py:829} INFO - Processing file /home/airflow/.local/lib/python3.8/site-packages/airflow/example_dags/example_short_circuit_operator.py for tasks to queue
[2025-01-18T00:19:36.753+0000] {logging_mixin.py:151} INFO - [2025-01-18T00:19:36.752+0000] {dagbag.py:539} INFO - Filling up the DagBag from /home/airflow/.local/lib/python3.8/site-packages/airflow/example_dags/example_short_circuit_operator.py
[2025-01-18T00:19:36.772+0000] {processor.py:839} INFO - DAG(s) dict_keys(['example_short_circuit_operator']) retrieved from /home/airflow/.local/lib/python3.8/site-packages/airflow/example_dags/example_short_circuit_operator.py
[2025-01-18T00:19:36.825+0000] {logging_mixin.py:151} INFO - [2025-01-18T00:19:36.824+0000] {dag.py:2907} INFO - Sync 1 DAGs
[2025-01-18T00:19:36.871+0000] {logging_mixin.py:151} INFO - [2025-01-18T00:19:36.870+0000] {dag.py:3677} INFO - Setting next_dagrun for example_short_circuit_operator to 2025-01-17T00:19:36.870354+00:00, run_after=2025-01-18T00:19:36.870354+00:00
[2025-01-18T00:19:36.903+0000] {processor.py:179} INFO - Processing /home/airflow/.local/lib/python3.8/site-packages/airflow/example_dags/example_short_circuit_operator.py took 0.168 seconds
[2025-01-18T00:20:07.113+0000] {processor.py:157} INFO - Started process (PID=1025) to work on /home/airflow/.local/lib/python3.8/site-packages/airflow/example_dags/example_short_circuit_operator.py
[2025-01-18T00:20:07.116+0000] {processor.py:829} INFO - Processing file /home/airflow/.local/lib/python3.8/site-packages/airflow/example_dags/example_short_circuit_operator.py for tasks to queue
[2025-01-18T00:20:07.121+0000] {logging_mixin.py:151} INFO - [2025-01-18T00:20:07.121+0000] {dagbag.py:539} INFO - Filling up the DagBag from /home/airflow/.local/lib/python3.8/site-packages/airflow/example_dags/example_short_circuit_operator.py
[2025-01-18T00:20:07.144+0000] {processor.py:839} INFO - DAG(s) dict_keys(['example_short_circuit_operator']) retrieved from /home/airflow/.local/lib/python3.8/site-packages/airflow/example_dags/example_short_circuit_operator.py
[2025-01-18T00:20:07.206+0000] {logging_mixin.py:151} INFO - [2025-01-18T00:20:07.206+0000] {dag.py:2907} INFO - Sync 1 DAGs
[2025-01-18T00:20:07.268+0000] {logging_mixin.py:151} INFO - [2025-01-18T00:20:07.267+0000] {dag.py:3677} INFO - Setting next_dagrun for example_short_circuit_operator to 2025-01-17T00:20:07.267284+00:00, run_after=2025-01-18T00:20:07.267284+00:00
[2025-01-18T00:20:07.312+0000] {processor.py:179} INFO - Processing /home/airflow/.local/lib/python3.8/site-packages/airflow/example_dags/example_short_circuit_operator.py took 0.207 seconds
[2025-01-18T00:20:37.969+0000] {processor.py:157} INFO - Started process (PID=1100) to work on /home/airflow/.local/lib/python3.8/site-packages/airflow/example_dags/example_short_circuit_operator.py
[2025-01-18T00:20:37.970+0000] {processor.py:829} INFO - Processing file /home/airflow/.local/lib/python3.8/site-packages/airflow/example_dags/example_short_circuit_operator.py for tasks to queue
[2025-01-18T00:20:37.974+0000] {logging_mixin.py:151} INFO - [2025-01-18T00:20:37.973+0000] {dagbag.py:539} INFO - Filling up the DagBag from /home/airflow/.local/lib/python3.8/site-packages/airflow/example_dags/example_short_circuit_operator.py
[2025-01-18T00:20:37.984+0000] {processor.py:839} INFO - DAG(s) dict_keys(['example_short_circuit_operator']) retrieved from /home/airflow/.local/lib/python3.8/site-packages/airflow/example_dags/example_short_circuit_operator.py
[2025-01-18T00:20:38.019+0000] {logging_mixin.py:151} INFO - [2025-01-18T00:20:38.018+0000] {dag.py:2907} INFO - Sync 1 DAGs
[2025-01-18T00:20:38.051+0000] {logging_mixin.py:151} INFO - [2025-01-18T00:20:38.051+0000] {dag.py:3677} INFO - Setting next_dagrun for example_short_circuit_operator to 2025-01-17T00:20:38.051056+00:00, run_after=2025-01-18T00:20:38.051056+00:00
[2025-01-18T00:20:38.084+0000] {processor.py:179} INFO - Processing /home/airflow/.local/lib/python3.8/site-packages/airflow/example_dags/example_short_circuit_operator.py took 0.119 seconds
[2025-01-18T00:21:08.485+0000] {processor.py:157} INFO - Started process (PID=1185) to work on /home/airflow/.local/lib/python3.8/site-packages/airflow/example_dags/example_short_circuit_operator.py
[2025-01-18T00:21:08.487+0000] {processor.py:829} INFO - Processing file /home/airflow/.local/lib/python3.8/site-packages/airflow/example_dags/example_short_circuit_operator.py for tasks to queue
[2025-01-18T00:21:08.490+0000] {logging_mixin.py:151} INFO - [2025-01-18T00:21:08.490+0000] {dagbag.py:539} INFO - Filling up the DagBag from /home/airflow/.local/lib/python3.8/site-packages/airflow/example_dags/example_short_circuit_operator.py
[2025-01-18T00:21:08.508+0000] {processor.py:839} INFO - DAG(s) dict_keys(['example_short_circuit_operator']) retrieved from /home/airflow/.local/lib/python3.8/site-packages/airflow/example_dags/example_short_circuit_operator.py
[2025-01-18T00:21:08.545+0000] {logging_mixin.py:151} INFO - [2025-01-18T00:21:08.545+0000] {dag.py:2907} INFO - Sync 1 DAGs
[2025-01-18T00:21:08.587+0000] {logging_mixin.py:151} INFO - [2025-01-18T00:21:08.586+0000] {dag.py:3677} INFO - Setting next_dagrun for example_short_circuit_operator to 2025-01-17T00:21:08.586661+00:00, run_after=2025-01-18T00:21:08.586661+00:00
[2025-01-18T00:21:08.616+0000] {processor.py:179} INFO - Processing /home/airflow/.local/lib/python3.8/site-packages/airflow/example_dags/example_short_circuit_operator.py took 0.135 seconds
[2025-01-18T00:32:03.355+0000] {processor.py:157} INFO - Started process (PID=128) to work on /home/airflow/.local/lib/python3.8/site-packages/airflow/example_dags/example_short_circuit_operator.py
[2025-01-18T00:32:03.360+0000] {processor.py:829} INFO - Processing file /home/airflow/.local/lib/python3.8/site-packages/airflow/example_dags/example_short_circuit_operator.py for tasks to queue
[2025-01-18T00:32:03.365+0000] {logging_mixin.py:151} INFO - [2025-01-18T00:32:03.365+0000] {dagbag.py:539} INFO - Filling up the DagBag from /home/airflow/.local/lib/python3.8/site-packages/airflow/example_dags/example_short_circuit_operator.py
[2025-01-18T00:32:03.389+0000] {processor.py:839} INFO - DAG(s) dict_keys(['example_short_circuit_operator']) retrieved from /home/airflow/.local/lib/python3.8/site-packages/airflow/example_dags/example_short_circuit_operator.py
[2025-01-18T00:32:03.490+0000] {logging_mixin.py:151} INFO - [2025-01-18T00:32:03.489+0000] {dag.py:2907} INFO - Sync 1 DAGs
[2025-01-18T00:32:03.593+0000] {logging_mixin.py:151} INFO - [2025-01-18T00:32:03.592+0000] {dag.py:3677} INFO - Setting next_dagrun for example_short_circuit_operator to 2025-01-17T00:32:03.592420+00:00, run_after=2025-01-18T00:32:03.592420+00:00
[2025-01-18T00:32:03.676+0000] {processor.py:179} INFO - Processing /home/airflow/.local/lib/python3.8/site-packages/airflow/example_dags/example_short_circuit_operator.py took 0.331 seconds
[2025-01-18T00:32:34.342+0000] {processor.py:157} INFO - Started process (PID=213) to work on /home/airflow/.local/lib/python3.8/site-packages/airflow/example_dags/example_short_circuit_operator.py
[2025-01-18T00:32:34.343+0000] {processor.py:829} INFO - Processing file /home/airflow/.local/lib/python3.8/site-packages/airflow/example_dags/example_short_circuit_operator.py for tasks to queue
[2025-01-18T00:32:34.346+0000] {logging_mixin.py:151} INFO - [2025-01-18T00:32:34.346+0000] {dagbag.py:539} INFO - Filling up the DagBag from /home/airflow/.local/lib/python3.8/site-packages/airflow/example_dags/example_short_circuit_operator.py
[2025-01-18T00:32:34.362+0000] {processor.py:839} INFO - DAG(s) dict_keys(['example_short_circuit_operator']) retrieved from /home/airflow/.local/lib/python3.8/site-packages/airflow/example_dags/example_short_circuit_operator.py
[2025-01-18T00:32:34.399+0000] {logging_mixin.py:151} INFO - [2025-01-18T00:32:34.399+0000] {dag.py:2907} INFO - Sync 1 DAGs
[2025-01-18T00:32:34.435+0000] {logging_mixin.py:151} INFO - [2025-01-18T00:32:34.434+0000] {dag.py:3677} INFO - Setting next_dagrun for example_short_circuit_operator to 2025-01-17T00:32:34.434385+00:00, run_after=2025-01-18T00:32:34.434385+00:00
[2025-01-18T00:32:34.462+0000] {processor.py:179} INFO - Processing /home/airflow/.local/lib/python3.8/site-packages/airflow/example_dags/example_short_circuit_operator.py took 0.125 seconds
[2025-01-18T00:54:43.857+0000] {processor.py:157} INFO - Started process (PID=108) to work on /home/airflow/.local/lib/python3.8/site-packages/airflow/example_dags/example_short_circuit_operator.py
[2025-01-18T00:54:43.859+0000] {processor.py:829} INFO - Processing file /home/airflow/.local/lib/python3.8/site-packages/airflow/example_dags/example_short_circuit_operator.py for tasks to queue
[2025-01-18T00:54:43.863+0000] {logging_mixin.py:151} INFO - [2025-01-18T00:54:43.862+0000] {dagbag.py:539} INFO - Filling up the DagBag from /home/airflow/.local/lib/python3.8/site-packages/airflow/example_dags/example_short_circuit_operator.py
[2025-01-18T00:54:43.875+0000] {processor.py:839} INFO - DAG(s) dict_keys(['example_short_circuit_operator']) retrieved from /home/airflow/.local/lib/python3.8/site-packages/airflow/example_dags/example_short_circuit_operator.py
[2025-01-18T00:54:43.918+0000] {logging_mixin.py:151} INFO - [2025-01-18T00:54:43.917+0000] {dag.py:2907} INFO - Sync 1 DAGs
[2025-01-18T00:54:43.964+0000] {logging_mixin.py:151} INFO - [2025-01-18T00:54:43.963+0000] {dag.py:3677} INFO - Setting next_dagrun for example_short_circuit_operator to 2025-01-17T00:54:43.963195+00:00, run_after=2025-01-18T00:54:43.963195+00:00
[2025-01-18T00:54:43.994+0000] {processor.py:179} INFO - Processing /home/airflow/.local/lib/python3.8/site-packages/airflow/example_dags/example_short_circuit_operator.py took 0.142 seconds
[2025-01-18T00:55:15.135+0000] {processor.py:157} INFO - Started process (PID=183) to work on /home/airflow/.local/lib/python3.8/site-packages/airflow/example_dags/example_short_circuit_operator.py
[2025-01-18T00:55:15.138+0000] {processor.py:829} INFO - Processing file /home/airflow/.local/lib/python3.8/site-packages/airflow/example_dags/example_short_circuit_operator.py for tasks to queue
[2025-01-18T00:55:15.143+0000] {logging_mixin.py:151} INFO - [2025-01-18T00:55:15.142+0000] {dagbag.py:539} INFO - Filling up the DagBag from /home/airflow/.local/lib/python3.8/site-packages/airflow/example_dags/example_short_circuit_operator.py
[2025-01-18T00:55:15.163+0000] {processor.py:839} INFO - DAG(s) dict_keys(['example_short_circuit_operator']) retrieved from /home/airflow/.local/lib/python3.8/site-packages/airflow/example_dags/example_short_circuit_operator.py
[2025-01-18T00:55:15.225+0000] {logging_mixin.py:151} INFO - [2025-01-18T00:55:15.224+0000] {dag.py:2907} INFO - Sync 1 DAGs
[2025-01-18T00:55:15.283+0000] {logging_mixin.py:151} INFO - [2025-01-18T00:55:15.283+0000] {dag.py:3677} INFO - Setting next_dagrun for example_short_circuit_operator to 2025-01-17T00:55:15.282553+00:00, run_after=2025-01-18T00:55:15.282553+00:00
[2025-01-18T00:55:15.323+0000] {processor.py:179} INFO - Processing /home/airflow/.local/lib/python3.8/site-packages/airflow/example_dags/example_short_circuit_operator.py took 0.195 seconds
[2025-01-18T00:55:45.527+0000] {processor.py:157} INFO - Started process (PID=268) to work on /home/airflow/.local/lib/python3.8/site-packages/airflow/example_dags/example_short_circuit_operator.py
[2025-01-18T00:55:45.528+0000] {processor.py:829} INFO - Processing file /home/airflow/.local/lib/python3.8/site-packages/airflow/example_dags/example_short_circuit_operator.py for tasks to queue
[2025-01-18T00:55:45.531+0000] {logging_mixin.py:151} INFO - [2025-01-18T00:55:45.531+0000] {dagbag.py:539} INFO - Filling up the DagBag from /home/airflow/.local/lib/python3.8/site-packages/airflow/example_dags/example_short_circuit_operator.py
[2025-01-18T00:55:45.541+0000] {processor.py:839} INFO - DAG(s) dict_keys(['example_short_circuit_operator']) retrieved from /home/airflow/.local/lib/python3.8/site-packages/airflow/example_dags/example_short_circuit_operator.py
[2025-01-18T00:55:45.581+0000] {logging_mixin.py:151} INFO - [2025-01-18T00:55:45.581+0000] {dag.py:2907} INFO - Sync 1 DAGs
[2025-01-18T00:55:45.612+0000] {logging_mixin.py:151} INFO - [2025-01-18T00:55:45.611+0000] {dag.py:3677} INFO - Setting next_dagrun for example_short_circuit_operator to 2025-01-17T00:55:45.611581+00:00, run_after=2025-01-18T00:55:45.611581+00:00
[2025-01-18T00:55:45.640+0000] {processor.py:179} INFO - Processing /home/airflow/.local/lib/python3.8/site-packages/airflow/example_dags/example_short_circuit_operator.py took 0.118 seconds
[2025-01-18T00:56:16.228+0000] {processor.py:157} INFO - Started process (PID=348) to work on /home/airflow/.local/lib/python3.8/site-packages/airflow/example_dags/example_short_circuit_operator.py
[2025-01-18T00:56:16.230+0000] {processor.py:829} INFO - Processing file /home/airflow/.local/lib/python3.8/site-packages/airflow/example_dags/example_short_circuit_operator.py for tasks to queue
[2025-01-18T00:56:16.232+0000] {logging_mixin.py:151} INFO - [2025-01-18T00:56:16.232+0000] {dagbag.py:539} INFO - Filling up the DagBag from /home/airflow/.local/lib/python3.8/site-packages/airflow/example_dags/example_short_circuit_operator.py
[2025-01-18T00:56:16.244+0000] {processor.py:839} INFO - DAG(s) dict_keys(['example_short_circuit_operator']) retrieved from /home/airflow/.local/lib/python3.8/site-packages/airflow/example_dags/example_short_circuit_operator.py
[2025-01-18T00:56:16.280+0000] {logging_mixin.py:151} INFO - [2025-01-18T00:56:16.280+0000] {dag.py:2907} INFO - Sync 1 DAGs
[2025-01-18T00:56:16.320+0000] {logging_mixin.py:151} INFO - [2025-01-18T00:56:16.320+0000] {dag.py:3677} INFO - Setting next_dagrun for example_short_circuit_operator to 2025-01-17T00:56:16.319817+00:00, run_after=2025-01-18T00:56:16.319817+00:00
[2025-01-18T00:56:16.350+0000] {processor.py:179} INFO - Processing /home/airflow/.local/lib/python3.8/site-packages/airflow/example_dags/example_short_circuit_operator.py took 0.126 seconds
[2025-01-18T00:56:47.042+0000] {processor.py:157} INFO - Started process (PID=433) to work on /home/airflow/.local/lib/python3.8/site-packages/airflow/example_dags/example_short_circuit_operator.py
[2025-01-18T00:56:47.043+0000] {processor.py:829} INFO - Processing file /home/airflow/.local/lib/python3.8/site-packages/airflow/example_dags/example_short_circuit_operator.py for tasks to queue
[2025-01-18T00:56:47.046+0000] {logging_mixin.py:151} INFO - [2025-01-18T00:56:47.046+0000] {dagbag.py:539} INFO - Filling up the DagBag from /home/airflow/.local/lib/python3.8/site-packages/airflow/example_dags/example_short_circuit_operator.py
[2025-01-18T00:56:47.061+0000] {processor.py:839} INFO - DAG(s) dict_keys(['example_short_circuit_operator']) retrieved from /home/airflow/.local/lib/python3.8/site-packages/airflow/example_dags/example_short_circuit_operator.py
[2025-01-18T00:56:47.115+0000] {logging_mixin.py:151} INFO - [2025-01-18T00:56:47.114+0000] {dag.py:2907} INFO - Sync 1 DAGs
[2025-01-18T00:56:47.161+0000] {logging_mixin.py:151} INFO - [2025-01-18T00:56:47.161+0000] {dag.py:3677} INFO - Setting next_dagrun for example_short_circuit_operator to 2025-01-17T00:56:47.160611+00:00, run_after=2025-01-18T00:56:47.160611+00:00
[2025-01-18T00:56:47.197+0000] {processor.py:179} INFO - Processing /home/airflow/.local/lib/python3.8/site-packages/airflow/example_dags/example_short_circuit_operator.py took 0.159 seconds
[2025-01-18T00:57:17.974+0000] {processor.py:157} INFO - Started process (PID=508) to work on /home/airflow/.local/lib/python3.8/site-packages/airflow/example_dags/example_short_circuit_operator.py
[2025-01-18T00:57:17.976+0000] {processor.py:829} INFO - Processing file /home/airflow/.local/lib/python3.8/site-packages/airflow/example_dags/example_short_circuit_operator.py for tasks to queue
[2025-01-18T00:57:17.980+0000] {logging_mixin.py:151} INFO - [2025-01-18T00:57:17.980+0000] {dagbag.py:539} INFO - Filling up the DagBag from /home/airflow/.local/lib/python3.8/site-packages/airflow/example_dags/example_short_circuit_operator.py
[2025-01-18T00:57:17.999+0000] {processor.py:839} INFO - DAG(s) dict_keys(['example_short_circuit_operator']) retrieved from /home/airflow/.local/lib/python3.8/site-packages/airflow/example_dags/example_short_circuit_operator.py
[2025-01-18T00:57:18.044+0000] {logging_mixin.py:151} INFO - [2025-01-18T00:57:18.044+0000] {dag.py:2907} INFO - Sync 1 DAGs
[2025-01-18T00:57:18.092+0000] {logging_mixin.py:151} INFO - [2025-01-18T00:57:18.092+0000] {dag.py:3677} INFO - Setting next_dagrun for example_short_circuit_operator to 2025-01-17T00:57:18.091911+00:00, run_after=2025-01-18T00:57:18.091911+00:00
[2025-01-18T00:57:18.124+0000] {processor.py:179} INFO - Processing /home/airflow/.local/lib/python3.8/site-packages/airflow/example_dags/example_short_circuit_operator.py took 0.157 seconds
[2025-01-18T00:57:48.562+0000] {processor.py:157} INFO - Started process (PID=586) to work on /home/airflow/.local/lib/python3.8/site-packages/airflow/example_dags/example_short_circuit_operator.py
[2025-01-18T00:57:48.564+0000] {processor.py:829} INFO - Processing file /home/airflow/.local/lib/python3.8/site-packages/airflow/example_dags/example_short_circuit_operator.py for tasks to queue
[2025-01-18T00:57:48.569+0000] {logging_mixin.py:151} INFO - [2025-01-18T00:57:48.568+0000] {dagbag.py:539} INFO - Filling up the DagBag from /home/airflow/.local/lib/python3.8/site-packages/airflow/example_dags/example_short_circuit_operator.py
[2025-01-18T00:57:48.582+0000] {processor.py:839} INFO - DAG(s) dict_keys(['example_short_circuit_operator']) retrieved from /home/airflow/.local/lib/python3.8/site-packages/airflow/example_dags/example_short_circuit_operator.py
[2025-01-18T00:57:48.627+0000] {logging_mixin.py:151} INFO - [2025-01-18T00:57:48.626+0000] {dag.py:2907} INFO - Sync 1 DAGs
[2025-01-18T00:57:48.663+0000] {logging_mixin.py:151} INFO - [2025-01-18T00:57:48.662+0000] {dag.py:3677} INFO - Setting next_dagrun for example_short_circuit_operator to 2025-01-17T00:57:48.662196+00:00, run_after=2025-01-18T00:57:48.662196+00:00
[2025-01-18T00:57:48.690+0000] {processor.py:179} INFO - Processing /home/airflow/.local/lib/python3.8/site-packages/airflow/example_dags/example_short_circuit_operator.py took 0.133 seconds
[2025-01-18T00:58:19.937+0000] {processor.py:157} INFO - Started process (PID=672) to work on /home/airflow/.local/lib/python3.8/site-packages/airflow/example_dags/example_short_circuit_operator.py
[2025-01-18T00:58:19.939+0000] {processor.py:829} INFO - Processing file /home/airflow/.local/lib/python3.8/site-packages/airflow/example_dags/example_short_circuit_operator.py for tasks to queue
[2025-01-18T00:58:19.942+0000] {logging_mixin.py:151} INFO - [2025-01-18T00:58:19.942+0000] {dagbag.py:539} INFO - Filling up the DagBag from /home/airflow/.local/lib/python3.8/site-packages/airflow/example_dags/example_short_circuit_operator.py
[2025-01-18T00:58:19.959+0000] {processor.py:839} INFO - DAG(s) dict_keys(['example_short_circuit_operator']) retrieved from /home/airflow/.local/lib/python3.8/site-packages/airflow/example_dags/example_short_circuit_operator.py
[2025-01-18T00:58:20.015+0000] {logging_mixin.py:151} INFO - [2025-01-18T00:58:20.014+0000] {dag.py:2907} INFO - Sync 1 DAGs
[2025-01-18T00:58:20.070+0000] {logging_mixin.py:151} INFO - [2025-01-18T00:58:20.070+0000] {dag.py:3677} INFO - Setting next_dagrun for example_short_circuit_operator to 2025-01-17T00:58:20.069892+00:00, run_after=2025-01-18T00:58:20.069892+00:00
[2025-01-18T00:58:20.110+0000] {processor.py:179} INFO - Processing /home/airflow/.local/lib/python3.8/site-packages/airflow/example_dags/example_short_circuit_operator.py took 0.180 seconds
[2025-01-18T00:58:59.679+0000] {processor.py:157} INFO - Started process (PID=765) to work on /home/airflow/.local/lib/python3.8/site-packages/airflow/example_dags/example_short_circuit_operator.py
[2025-01-18T00:58:59.684+0000] {processor.py:829} INFO - Processing file /home/airflow/.local/lib/python3.8/site-packages/airflow/example_dags/example_short_circuit_operator.py for tasks to queue
[2025-01-18T00:58:59.693+0000] {logging_mixin.py:151} INFO - [2025-01-18T00:58:59.691+0000] {dagbag.py:539} INFO - Filling up the DagBag from /home/airflow/.local/lib/python3.8/site-packages/airflow/example_dags/example_short_circuit_operator.py
[2025-01-18T00:58:59.742+0000] {processor.py:839} INFO - DAG(s) dict_keys(['example_short_circuit_operator']) retrieved from /home/airflow/.local/lib/python3.8/site-packages/airflow/example_dags/example_short_circuit_operator.py
[2025-01-18T00:58:59.881+0000] {logging_mixin.py:151} INFO - [2025-01-18T00:58:59.880+0000] {dag.py:2907} INFO - Sync 1 DAGs
[2025-01-18T00:59:00.045+0000] {logging_mixin.py:151} INFO - [2025-01-18T00:59:00.045+0000] {dag.py:3677} INFO - Setting next_dagrun for example_short_circuit_operator to 2025-01-17T00:59:00.036944+00:00, run_after=2025-01-18T00:59:00.036944+00:00
[2025-01-18T00:59:00.275+0000] {processor.py:179} INFO - Processing /home/airflow/.local/lib/python3.8/site-packages/airflow/example_dags/example_short_circuit_operator.py took 0.606 seconds
[2025-01-18T00:59:30.499+0000] {processor.py:157} INFO - Started process (PID=850) to work on /home/airflow/.local/lib/python3.8/site-packages/airflow/example_dags/example_short_circuit_operator.py
[2025-01-18T00:59:30.502+0000] {processor.py:829} INFO - Processing file /home/airflow/.local/lib/python3.8/site-packages/airflow/example_dags/example_short_circuit_operator.py for tasks to queue
[2025-01-18T00:59:30.510+0000] {logging_mixin.py:151} INFO - [2025-01-18T00:59:30.510+0000] {dagbag.py:539} INFO - Filling up the DagBag from /home/airflow/.local/lib/python3.8/site-packages/airflow/example_dags/example_short_circuit_operator.py
[2025-01-18T00:59:30.546+0000] {processor.py:839} INFO - DAG(s) dict_keys(['example_short_circuit_operator']) retrieved from /home/airflow/.local/lib/python3.8/site-packages/airflow/example_dags/example_short_circuit_operator.py
[2025-01-18T00:59:30.630+0000] {logging_mixin.py:151} INFO - [2025-01-18T00:59:30.630+0000] {dag.py:2907} INFO - Sync 1 DAGs
[2025-01-18T00:59:30.783+0000] {logging_mixin.py:151} INFO - [2025-01-18T00:59:30.783+0000] {dag.py:3677} INFO - Setting next_dagrun for example_short_circuit_operator to 2025-01-17T00:59:30.782291+00:00, run_after=2025-01-18T00:59:30.782291+00:00
[2025-01-18T00:59:30.905+0000] {processor.py:179} INFO - Processing /home/airflow/.local/lib/python3.8/site-packages/airflow/example_dags/example_short_circuit_operator.py took 0.414 seconds
[2025-01-18T01:00:01.614+0000] {processor.py:157} INFO - Started process (PID=924) to work on /home/airflow/.local/lib/python3.8/site-packages/airflow/example_dags/example_short_circuit_operator.py
[2025-01-18T01:00:01.616+0000] {processor.py:829} INFO - Processing file /home/airflow/.local/lib/python3.8/site-packages/airflow/example_dags/example_short_circuit_operator.py for tasks to queue
[2025-01-18T01:00:01.622+0000] {logging_mixin.py:151} INFO - [2025-01-18T01:00:01.621+0000] {dagbag.py:539} INFO - Filling up the DagBag from /home/airflow/.local/lib/python3.8/site-packages/airflow/example_dags/example_short_circuit_operator.py
[2025-01-18T01:00:01.640+0000] {processor.py:839} INFO - DAG(s) dict_keys(['example_short_circuit_operator']) retrieved from /home/airflow/.local/lib/python3.8/site-packages/airflow/example_dags/example_short_circuit_operator.py
[2025-01-18T01:00:01.703+0000] {logging_mixin.py:151} INFO - [2025-01-18T01:00:01.703+0000] {dag.py:2907} INFO - Sync 1 DAGs
[2025-01-18T01:00:01.765+0000] {logging_mixin.py:151} INFO - [2025-01-18T01:00:01.764+0000] {dag.py:3677} INFO - Setting next_dagrun for example_short_circuit_operator to 2025-01-17T01:00:01.763804+00:00, run_after=2025-01-18T01:00:01.763804+00:00
[2025-01-18T01:00:01.828+0000] {processor.py:179} INFO - Processing /home/airflow/.local/lib/python3.8/site-packages/airflow/example_dags/example_short_circuit_operator.py took 0.221 seconds
[2025-01-18T01:00:31.968+0000] {processor.py:157} INFO - Started process (PID=1002) to work on /home/airflow/.local/lib/python3.8/site-packages/airflow/example_dags/example_short_circuit_operator.py
[2025-01-18T01:00:31.970+0000] {processor.py:829} INFO - Processing file /home/airflow/.local/lib/python3.8/site-packages/airflow/example_dags/example_short_circuit_operator.py for tasks to queue
[2025-01-18T01:00:31.978+0000] {logging_mixin.py:151} INFO - [2025-01-18T01:00:31.977+0000] {dagbag.py:539} INFO - Filling up the DagBag from /home/airflow/.local/lib/python3.8/site-packages/airflow/example_dags/example_short_circuit_operator.py
[2025-01-18T01:00:32.003+0000] {processor.py:839} INFO - DAG(s) dict_keys(['example_short_circuit_operator']) retrieved from /home/airflow/.local/lib/python3.8/site-packages/airflow/example_dags/example_short_circuit_operator.py
[2025-01-18T01:00:32.076+0000] {logging_mixin.py:151} INFO - [2025-01-18T01:00:32.076+0000] {dag.py:2907} INFO - Sync 1 DAGs
[2025-01-18T01:00:32.148+0000] {logging_mixin.py:151} INFO - [2025-01-18T01:00:32.147+0000] {dag.py:3677} INFO - Setting next_dagrun for example_short_circuit_operator to 2025-01-17T01:00:32.146853+00:00, run_after=2025-01-18T01:00:32.146853+00:00
[2025-01-18T01:00:32.194+0000] {processor.py:179} INFO - Processing /home/airflow/.local/lib/python3.8/site-packages/airflow/example_dags/example_short_circuit_operator.py took 0.233 seconds
[2025-01-18T01:01:02.480+0000] {processor.py:157} INFO - Started process (PID=1088) to work on /home/airflow/.local/lib/python3.8/site-packages/airflow/example_dags/example_short_circuit_operator.py
[2025-01-18T01:01:02.481+0000] {processor.py:829} INFO - Processing file /home/airflow/.local/lib/python3.8/site-packages/airflow/example_dags/example_short_circuit_operator.py for tasks to queue
[2025-01-18T01:01:02.485+0000] {logging_mixin.py:151} INFO - [2025-01-18T01:01:02.484+0000] {dagbag.py:539} INFO - Filling up the DagBag from /home/airflow/.local/lib/python3.8/site-packages/airflow/example_dags/example_short_circuit_operator.py
[2025-01-18T01:01:02.498+0000] {processor.py:839} INFO - DAG(s) dict_keys(['example_short_circuit_operator']) retrieved from /home/airflow/.local/lib/python3.8/site-packages/airflow/example_dags/example_short_circuit_operator.py
[2025-01-18T01:01:02.548+0000] {logging_mixin.py:151} INFO - [2025-01-18T01:01:02.547+0000] {dag.py:2907} INFO - Sync 1 DAGs
[2025-01-18T01:01:02.597+0000] {logging_mixin.py:151} INFO - [2025-01-18T01:01:02.596+0000] {dag.py:3677} INFO - Setting next_dagrun for example_short_circuit_operator to 2025-01-17T01:01:02.596493+00:00, run_after=2025-01-18T01:01:02.596493+00:00
[2025-01-18T01:01:02.634+0000] {processor.py:179} INFO - Processing /home/airflow/.local/lib/python3.8/site-packages/airflow/example_dags/example_short_circuit_operator.py took 0.158 seconds
[2025-01-18T01:01:33.273+0000] {processor.py:157} INFO - Started process (PID=1174) to work on /home/airflow/.local/lib/python3.8/site-packages/airflow/example_dags/example_short_circuit_operator.py
[2025-01-18T01:01:33.275+0000] {processor.py:829} INFO - Processing file /home/airflow/.local/lib/python3.8/site-packages/airflow/example_dags/example_short_circuit_operator.py for tasks to queue
[2025-01-18T01:01:33.280+0000] {logging_mixin.py:151} INFO - [2025-01-18T01:01:33.280+0000] {dagbag.py:539} INFO - Filling up the DagBag from /home/airflow/.local/lib/python3.8/site-packages/airflow/example_dags/example_short_circuit_operator.py
[2025-01-18T01:01:33.304+0000] {processor.py:839} INFO - DAG(s) dict_keys(['example_short_circuit_operator']) retrieved from /home/airflow/.local/lib/python3.8/site-packages/airflow/example_dags/example_short_circuit_operator.py
[2025-01-18T01:01:33.356+0000] {logging_mixin.py:151} INFO - [2025-01-18T01:01:33.356+0000] {dag.py:2907} INFO - Sync 1 DAGs
[2025-01-18T01:01:33.420+0000] {logging_mixin.py:151} INFO - [2025-01-18T01:01:33.420+0000] {dag.py:3677} INFO - Setting next_dagrun for example_short_circuit_operator to 2025-01-17T01:01:33.419805+00:00, run_after=2025-01-18T01:01:33.419805+00:00
[2025-01-18T01:01:33.488+0000] {processor.py:179} INFO - Processing /home/airflow/.local/lib/python3.8/site-packages/airflow/example_dags/example_short_circuit_operator.py took 0.221 seconds
[2025-01-18T01:02:03.975+0000] {processor.py:157} INFO - Started process (PID=1261) to work on /home/airflow/.local/lib/python3.8/site-packages/airflow/example_dags/example_short_circuit_operator.py
[2025-01-18T01:02:03.976+0000] {processor.py:829} INFO - Processing file /home/airflow/.local/lib/python3.8/site-packages/airflow/example_dags/example_short_circuit_operator.py for tasks to queue
[2025-01-18T01:02:03.978+0000] {logging_mixin.py:151} INFO - [2025-01-18T01:02:03.978+0000] {dagbag.py:539} INFO - Filling up the DagBag from /home/airflow/.local/lib/python3.8/site-packages/airflow/example_dags/example_short_circuit_operator.py
[2025-01-18T01:02:03.985+0000] {processor.py:839} INFO - DAG(s) dict_keys(['example_short_circuit_operator']) retrieved from /home/airflow/.local/lib/python3.8/site-packages/airflow/example_dags/example_short_circuit_operator.py
[2025-01-18T01:02:04.009+0000] {logging_mixin.py:151} INFO - [2025-01-18T01:02:04.009+0000] {dag.py:2907} INFO - Sync 1 DAGs
[2025-01-18T01:02:04.030+0000] {logging_mixin.py:151} INFO - [2025-01-18T01:02:04.030+0000] {dag.py:3677} INFO - Setting next_dagrun for example_short_circuit_operator to 2025-01-17T01:02:04.030243+00:00, run_after=2025-01-18T01:02:04.030243+00:00
[2025-01-18T01:02:04.056+0000] {processor.py:179} INFO - Processing /home/airflow/.local/lib/python3.8/site-packages/airflow/example_dags/example_short_circuit_operator.py took 0.084 seconds
[2025-01-18T13:40:29.441+0000] {processor.py:157} INFO - Started process (PID=108) to work on /home/airflow/.local/lib/python3.8/site-packages/airflow/example_dags/example_short_circuit_operator.py
[2025-01-18T13:40:29.445+0000] {processor.py:829} INFO - Processing file /home/airflow/.local/lib/python3.8/site-packages/airflow/example_dags/example_short_circuit_operator.py for tasks to queue
[2025-01-18T13:40:29.456+0000] {logging_mixin.py:151} INFO - [2025-01-18T13:40:29.455+0000] {dagbag.py:539} INFO - Filling up the DagBag from /home/airflow/.local/lib/python3.8/site-packages/airflow/example_dags/example_short_circuit_operator.py
[2025-01-18T13:40:29.485+0000] {processor.py:839} INFO - DAG(s) dict_keys(['example_short_circuit_operator']) retrieved from /home/airflow/.local/lib/python3.8/site-packages/airflow/example_dags/example_short_circuit_operator.py
[2025-01-18T13:40:29.567+0000] {logging_mixin.py:151} INFO - [2025-01-18T13:40:29.566+0000] {dag.py:2907} INFO - Sync 1 DAGs
[2025-01-18T13:40:29.628+0000] {logging_mixin.py:151} INFO - [2025-01-18T13:40:29.627+0000] {dag.py:3677} INFO - Setting next_dagrun for example_short_circuit_operator to 2025-01-17T13:40:29.627248+00:00, run_after=2025-01-18T13:40:29.627248+00:00
[2025-01-18T13:40:29.689+0000] {processor.py:179} INFO - Processing /home/airflow/.local/lib/python3.8/site-packages/airflow/example_dags/example_short_circuit_operator.py took 0.258 seconds
[2025-01-18T13:40:59.820+0000] {processor.py:157} INFO - Started process (PID=183) to work on /home/airflow/.local/lib/python3.8/site-packages/airflow/example_dags/example_short_circuit_operator.py
[2025-01-18T13:40:59.822+0000] {processor.py:829} INFO - Processing file /home/airflow/.local/lib/python3.8/site-packages/airflow/example_dags/example_short_circuit_operator.py for tasks to queue
[2025-01-18T13:40:59.827+0000] {logging_mixin.py:151} INFO - [2025-01-18T13:40:59.826+0000] {dagbag.py:539} INFO - Filling up the DagBag from /home/airflow/.local/lib/python3.8/site-packages/airflow/example_dags/example_short_circuit_operator.py
[2025-01-18T13:40:59.847+0000] {processor.py:839} INFO - DAG(s) dict_keys(['example_short_circuit_operator']) retrieved from /home/airflow/.local/lib/python3.8/site-packages/airflow/example_dags/example_short_circuit_operator.py
[2025-01-18T13:40:59.902+0000] {logging_mixin.py:151} INFO - [2025-01-18T13:40:59.902+0000] {dag.py:2907} INFO - Sync 1 DAGs
[2025-01-18T13:40:59.960+0000] {logging_mixin.py:151} INFO - [2025-01-18T13:40:59.960+0000] {dag.py:3677} INFO - Setting next_dagrun for example_short_circuit_operator to 2025-01-17T13:40:59.959707+00:00, run_after=2025-01-18T13:40:59.959707+00:00
[2025-01-18T13:41:00.013+0000] {processor.py:179} INFO - Processing /home/airflow/.local/lib/python3.8/site-packages/airflow/example_dags/example_short_circuit_operator.py took 0.200 seconds
[2025-01-18T13:41:30.626+0000] {processor.py:157} INFO - Started process (PID=262) to work on /home/airflow/.local/lib/python3.8/site-packages/airflow/example_dags/example_short_circuit_operator.py
[2025-01-18T13:41:30.627+0000] {processor.py:829} INFO - Processing file /home/airflow/.local/lib/python3.8/site-packages/airflow/example_dags/example_short_circuit_operator.py for tasks to queue
[2025-01-18T13:41:30.630+0000] {logging_mixin.py:151} INFO - [2025-01-18T13:41:30.630+0000] {dagbag.py:539} INFO - Filling up the DagBag from /home/airflow/.local/lib/python3.8/site-packages/airflow/example_dags/example_short_circuit_operator.py
[2025-01-18T13:41:30.642+0000] {processor.py:839} INFO - DAG(s) dict_keys(['example_short_circuit_operator']) retrieved from /home/airflow/.local/lib/python3.8/site-packages/airflow/example_dags/example_short_circuit_operator.py
[2025-01-18T13:41:30.680+0000] {logging_mixin.py:151} INFO - [2025-01-18T13:41:30.679+0000] {dag.py:2907} INFO - Sync 1 DAGs
[2025-01-18T13:41:30.712+0000] {logging_mixin.py:151} INFO - [2025-01-18T13:41:30.712+0000] {dag.py:3677} INFO - Setting next_dagrun for example_short_circuit_operator to 2025-01-17T13:41:30.712143+00:00, run_after=2025-01-18T13:41:30.712143+00:00
[2025-01-18T13:41:30.737+0000] {processor.py:179} INFO - Processing /home/airflow/.local/lib/python3.8/site-packages/airflow/example_dags/example_short_circuit_operator.py took 0.115 seconds
[2025-01-18T13:42:01.141+0000] {processor.py:157} INFO - Started process (PID=348) to work on /home/airflow/.local/lib/python3.8/site-packages/airflow/example_dags/example_short_circuit_operator.py
[2025-01-18T13:42:01.142+0000] {processor.py:829} INFO - Processing file /home/airflow/.local/lib/python3.8/site-packages/airflow/example_dags/example_short_circuit_operator.py for tasks to queue
[2025-01-18T13:42:01.146+0000] {logging_mixin.py:151} INFO - [2025-01-18T13:42:01.146+0000] {dagbag.py:539} INFO - Filling up the DagBag from /home/airflow/.local/lib/python3.8/site-packages/airflow/example_dags/example_short_circuit_operator.py
[2025-01-18T13:42:01.163+0000] {processor.py:839} INFO - DAG(s) dict_keys(['example_short_circuit_operator']) retrieved from /home/airflow/.local/lib/python3.8/site-packages/airflow/example_dags/example_short_circuit_operator.py
[2025-01-18T13:42:01.215+0000] {logging_mixin.py:151} INFO - [2025-01-18T13:42:01.215+0000] {dag.py:2907} INFO - Sync 1 DAGs
[2025-01-18T13:42:01.289+0000] {logging_mixin.py:151} INFO - [2025-01-18T13:42:01.289+0000] {dag.py:3677} INFO - Setting next_dagrun for example_short_circuit_operator to 2025-01-17T13:42:01.288639+00:00, run_after=2025-01-18T13:42:01.288639+00:00
[2025-01-18T13:42:01.342+0000] {processor.py:179} INFO - Processing /home/airflow/.local/lib/python3.8/site-packages/airflow/example_dags/example_short_circuit_operator.py took 0.207 seconds
[2025-01-18T13:42:31.788+0000] {processor.py:157} INFO - Started process (PID=422) to work on /home/airflow/.local/lib/python3.8/site-packages/airflow/example_dags/example_short_circuit_operator.py
[2025-01-18T13:42:31.790+0000] {processor.py:829} INFO - Processing file /home/airflow/.local/lib/python3.8/site-packages/airflow/example_dags/example_short_circuit_operator.py for tasks to queue
[2025-01-18T13:42:31.795+0000] {logging_mixin.py:151} INFO - [2025-01-18T13:42:31.794+0000] {dagbag.py:539} INFO - Filling up the DagBag from /home/airflow/.local/lib/python3.8/site-packages/airflow/example_dags/example_short_circuit_operator.py
[2025-01-18T13:42:31.815+0000] {processor.py:839} INFO - DAG(s) dict_keys(['example_short_circuit_operator']) retrieved from /home/airflow/.local/lib/python3.8/site-packages/airflow/example_dags/example_short_circuit_operator.py
[2025-01-18T13:42:31.877+0000] {logging_mixin.py:151} INFO - [2025-01-18T13:42:31.876+0000] {dag.py:2907} INFO - Sync 1 DAGs
[2025-01-18T13:42:31.938+0000] {logging_mixin.py:151} INFO - [2025-01-18T13:42:31.937+0000] {dag.py:3677} INFO - Setting next_dagrun for example_short_circuit_operator to 2025-01-17T13:42:31.937486+00:00, run_after=2025-01-18T13:42:31.937486+00:00
[2025-01-18T13:42:31.985+0000] {processor.py:179} INFO - Processing /home/airflow/.local/lib/python3.8/site-packages/airflow/example_dags/example_short_circuit_operator.py took 0.206 seconds
[2025-01-18T13:43:04.309+0000] {processor.py:157} INFO - Started process (PID=501) to work on /home/airflow/.local/lib/python3.8/site-packages/airflow/example_dags/example_short_circuit_operator.py
[2025-01-18T13:43:04.311+0000] {processor.py:829} INFO - Processing file /home/airflow/.local/lib/python3.8/site-packages/airflow/example_dags/example_short_circuit_operator.py for tasks to queue
[2025-01-18T13:43:04.324+0000] {logging_mixin.py:151} INFO - [2025-01-18T13:43:04.323+0000] {dagbag.py:539} INFO - Filling up the DagBag from /home/airflow/.local/lib/python3.8/site-packages/airflow/example_dags/example_short_circuit_operator.py
[2025-01-18T13:43:04.374+0000] {processor.py:839} INFO - DAG(s) dict_keys(['example_short_circuit_operator']) retrieved from /home/airflow/.local/lib/python3.8/site-packages/airflow/example_dags/example_short_circuit_operator.py
[2025-01-18T13:43:04.491+0000] {logging_mixin.py:151} INFO - [2025-01-18T13:43:04.490+0000] {dag.py:2907} INFO - Sync 1 DAGs
[2025-01-18T13:43:04.599+0000] {logging_mixin.py:151} INFO - [2025-01-18T13:43:04.590+0000] {dag.py:3677} INFO - Setting next_dagrun for example_short_circuit_operator to 2025-01-17T13:43:04.589832+00:00, run_after=2025-01-18T13:43:04.589832+00:00
[2025-01-18T13:43:04.674+0000] {processor.py:179} INFO - Processing /home/airflow/.local/lib/python3.8/site-packages/airflow/example_dags/example_short_circuit_operator.py took 0.382 seconds
[2025-01-18T13:43:35.045+0000] {processor.py:157} INFO - Started process (PID=576) to work on /home/airflow/.local/lib/python3.8/site-packages/airflow/example_dags/example_short_circuit_operator.py
[2025-01-18T13:43:35.047+0000] {processor.py:829} INFO - Processing file /home/airflow/.local/lib/python3.8/site-packages/airflow/example_dags/example_short_circuit_operator.py for tasks to queue
[2025-01-18T13:43:35.052+0000] {logging_mixin.py:151} INFO - [2025-01-18T13:43:35.051+0000] {dagbag.py:539} INFO - Filling up the DagBag from /home/airflow/.local/lib/python3.8/site-packages/airflow/example_dags/example_short_circuit_operator.py
[2025-01-18T13:43:35.080+0000] {processor.py:839} INFO - DAG(s) dict_keys(['example_short_circuit_operator']) retrieved from /home/airflow/.local/lib/python3.8/site-packages/airflow/example_dags/example_short_circuit_operator.py
[2025-01-18T13:43:35.149+0000] {logging_mixin.py:151} INFO - [2025-01-18T13:43:35.149+0000] {dag.py:2907} INFO - Sync 1 DAGs
[2025-01-18T13:43:35.219+0000] {logging_mixin.py:151} INFO - [2025-01-18T13:43:35.219+0000] {dag.py:3677} INFO - Setting next_dagrun for example_short_circuit_operator to 2025-01-17T13:43:35.218633+00:00, run_after=2025-01-18T13:43:35.218633+00:00
[2025-01-18T13:43:35.258+0000] {processor.py:179} INFO - Processing /home/airflow/.local/lib/python3.8/site-packages/airflow/example_dags/example_short_circuit_operator.py took 0.222 seconds
[2025-01-18T13:44:05.403+0000] {processor.py:157} INFO - Started process (PID=654) to work on /home/airflow/.local/lib/python3.8/site-packages/airflow/example_dags/example_short_circuit_operator.py
[2025-01-18T13:44:05.405+0000] {processor.py:829} INFO - Processing file /home/airflow/.local/lib/python3.8/site-packages/airflow/example_dags/example_short_circuit_operator.py for tasks to queue
[2025-01-18T13:44:05.408+0000] {logging_mixin.py:151} INFO - [2025-01-18T13:44:05.407+0000] {dagbag.py:539} INFO - Filling up the DagBag from /home/airflow/.local/lib/python3.8/site-packages/airflow/example_dags/example_short_circuit_operator.py
[2025-01-18T13:44:05.421+0000] {processor.py:839} INFO - DAG(s) dict_keys(['example_short_circuit_operator']) retrieved from /home/airflow/.local/lib/python3.8/site-packages/airflow/example_dags/example_short_circuit_operator.py
[2025-01-18T13:44:05.460+0000] {logging_mixin.py:151} INFO - [2025-01-18T13:44:05.460+0000] {dag.py:2907} INFO - Sync 1 DAGs
[2025-01-18T13:44:05.495+0000] {logging_mixin.py:151} INFO - [2025-01-18T13:44:05.494+0000] {dag.py:3677} INFO - Setting next_dagrun for example_short_circuit_operator to 2025-01-17T13:44:05.494505+00:00, run_after=2025-01-18T13:44:05.494505+00:00
[2025-01-18T13:44:05.520+0000] {processor.py:179} INFO - Processing /home/airflow/.local/lib/python3.8/site-packages/airflow/example_dags/example_short_circuit_operator.py took 0.120 seconds
[2025-01-18T13:44:36.434+0000] {processor.py:157} INFO - Started process (PID=740) to work on /home/airflow/.local/lib/python3.8/site-packages/airflow/example_dags/example_short_circuit_operator.py
[2025-01-18T13:44:36.435+0000] {processor.py:829} INFO - Processing file /home/airflow/.local/lib/python3.8/site-packages/airflow/example_dags/example_short_circuit_operator.py for tasks to queue
[2025-01-18T13:44:36.438+0000] {logging_mixin.py:151} INFO - [2025-01-18T13:44:36.438+0000] {dagbag.py:539} INFO - Filling up the DagBag from /home/airflow/.local/lib/python3.8/site-packages/airflow/example_dags/example_short_circuit_operator.py
[2025-01-18T13:44:36.449+0000] {processor.py:839} INFO - DAG(s) dict_keys(['example_short_circuit_operator']) retrieved from /home/airflow/.local/lib/python3.8/site-packages/airflow/example_dags/example_short_circuit_operator.py
[2025-01-18T13:44:36.483+0000] {logging_mixin.py:151} INFO - [2025-01-18T13:44:36.483+0000] {dag.py:2907} INFO - Sync 1 DAGs
[2025-01-18T13:44:36.513+0000] {logging_mixin.py:151} INFO - [2025-01-18T13:44:36.513+0000] {dag.py:3677} INFO - Setting next_dagrun for example_short_circuit_operator to 2025-01-17T13:44:36.512796+00:00, run_after=2025-01-18T13:44:36.512796+00:00
[2025-01-18T13:44:36.534+0000] {processor.py:179} INFO - Processing /home/airflow/.local/lib/python3.8/site-packages/airflow/example_dags/example_short_circuit_operator.py took 0.105 seconds
[2025-01-18T13:45:07.500+0000] {processor.py:157} INFO - Started process (PID=826) to work on /home/airflow/.local/lib/python3.8/site-packages/airflow/example_dags/example_short_circuit_operator.py
[2025-01-18T13:45:07.502+0000] {processor.py:829} INFO - Processing file /home/airflow/.local/lib/python3.8/site-packages/airflow/example_dags/example_short_circuit_operator.py for tasks to queue
[2025-01-18T13:45:07.506+0000] {logging_mixin.py:151} INFO - [2025-01-18T13:45:07.506+0000] {dagbag.py:539} INFO - Filling up the DagBag from /home/airflow/.local/lib/python3.8/site-packages/airflow/example_dags/example_short_circuit_operator.py
[2025-01-18T13:45:07.524+0000] {processor.py:839} INFO - DAG(s) dict_keys(['example_short_circuit_operator']) retrieved from /home/airflow/.local/lib/python3.8/site-packages/airflow/example_dags/example_short_circuit_operator.py
[2025-01-18T13:45:07.592+0000] {logging_mixin.py:151} INFO - [2025-01-18T13:45:07.592+0000] {dag.py:2907} INFO - Sync 1 DAGs
[2025-01-18T13:45:07.645+0000] {logging_mixin.py:151} INFO - [2025-01-18T13:45:07.645+0000] {dag.py:3677} INFO - Setting next_dagrun for example_short_circuit_operator to 2025-01-17T13:45:07.645121+00:00, run_after=2025-01-18T13:45:07.645121+00:00
[2025-01-18T13:45:07.680+0000] {processor.py:179} INFO - Processing /home/airflow/.local/lib/python3.8/site-packages/airflow/example_dags/example_short_circuit_operator.py took 0.188 seconds
[2025-01-18T13:45:38.207+0000] {processor.py:157} INFO - Started process (PID=912) to work on /home/airflow/.local/lib/python3.8/site-packages/airflow/example_dags/example_short_circuit_operator.py
[2025-01-18T13:45:38.209+0000] {processor.py:829} INFO - Processing file /home/airflow/.local/lib/python3.8/site-packages/airflow/example_dags/example_short_circuit_operator.py for tasks to queue
[2025-01-18T13:45:38.211+0000] {logging_mixin.py:151} INFO - [2025-01-18T13:45:38.211+0000] {dagbag.py:539} INFO - Filling up the DagBag from /home/airflow/.local/lib/python3.8/site-packages/airflow/example_dags/example_short_circuit_operator.py
[2025-01-18T13:45:38.221+0000] {processor.py:839} INFO - DAG(s) dict_keys(['example_short_circuit_operator']) retrieved from /home/airflow/.local/lib/python3.8/site-packages/airflow/example_dags/example_short_circuit_operator.py
[2025-01-18T13:45:38.249+0000] {logging_mixin.py:151} INFO - [2025-01-18T13:45:38.248+0000] {dag.py:2907} INFO - Sync 1 DAGs
[2025-01-18T13:45:38.278+0000] {logging_mixin.py:151} INFO - [2025-01-18T13:45:38.278+0000] {dag.py:3677} INFO - Setting next_dagrun for example_short_circuit_operator to 2025-01-17T13:45:38.278154+00:00, run_after=2025-01-18T13:45:38.278154+00:00
[2025-01-18T13:45:38.300+0000] {processor.py:179} INFO - Processing /home/airflow/.local/lib/python3.8/site-packages/airflow/example_dags/example_short_circuit_operator.py took 0.097 seconds
[2025-01-18T13:46:08.726+0000] {processor.py:157} INFO - Started process (PID=999) to work on /home/airflow/.local/lib/python3.8/site-packages/airflow/example_dags/example_short_circuit_operator.py
[2025-01-18T13:46:08.728+0000] {processor.py:829} INFO - Processing file /home/airflow/.local/lib/python3.8/site-packages/airflow/example_dags/example_short_circuit_operator.py for tasks to queue
[2025-01-18T13:46:08.732+0000] {logging_mixin.py:151} INFO - [2025-01-18T13:46:08.731+0000] {dagbag.py:539} INFO - Filling up the DagBag from /home/airflow/.local/lib/python3.8/site-packages/airflow/example_dags/example_short_circuit_operator.py
[2025-01-18T13:46:08.746+0000] {processor.py:839} INFO - DAG(s) dict_keys(['example_short_circuit_operator']) retrieved from /home/airflow/.local/lib/python3.8/site-packages/airflow/example_dags/example_short_circuit_operator.py
[2025-01-18T13:46:08.788+0000] {logging_mixin.py:151} INFO - [2025-01-18T13:46:08.787+0000] {dag.py:2907} INFO - Sync 1 DAGs
[2025-01-18T13:46:08.815+0000] {logging_mixin.py:151} INFO - [2025-01-18T13:46:08.815+0000] {dag.py:3677} INFO - Setting next_dagrun for example_short_circuit_operator to 2025-01-17T13:46:08.815074+00:00, run_after=2025-01-18T13:46:08.815074+00:00
[2025-01-18T13:46:08.835+0000] {processor.py:179} INFO - Processing /home/airflow/.local/lib/python3.8/site-packages/airflow/example_dags/example_short_circuit_operator.py took 0.114 seconds
[2025-01-18T13:46:39.061+0000] {processor.py:157} INFO - Started process (PID=1085) to work on /home/airflow/.local/lib/python3.8/site-packages/airflow/example_dags/example_short_circuit_operator.py
[2025-01-18T13:46:39.062+0000] {processor.py:829} INFO - Processing file /home/airflow/.local/lib/python3.8/site-packages/airflow/example_dags/example_short_circuit_operator.py for tasks to queue
[2025-01-18T13:46:39.064+0000] {logging_mixin.py:151} INFO - [2025-01-18T13:46:39.063+0000] {dagbag.py:539} INFO - Filling up the DagBag from /home/airflow/.local/lib/python3.8/site-packages/airflow/example_dags/example_short_circuit_operator.py
[2025-01-18T13:46:39.071+0000] {processor.py:839} INFO - DAG(s) dict_keys(['example_short_circuit_operator']) retrieved from /home/airflow/.local/lib/python3.8/site-packages/airflow/example_dags/example_short_circuit_operator.py
[2025-01-18T13:46:39.094+0000] {logging_mixin.py:151} INFO - [2025-01-18T13:46:39.094+0000] {dag.py:2907} INFO - Sync 1 DAGs
[2025-01-18T13:46:39.118+0000] {logging_mixin.py:151} INFO - [2025-01-18T13:46:39.118+0000] {dag.py:3677} INFO - Setting next_dagrun for example_short_circuit_operator to 2025-01-17T13:46:39.117934+00:00, run_after=2025-01-18T13:46:39.117934+00:00
[2025-01-18T13:46:39.134+0000] {processor.py:179} INFO - Processing /home/airflow/.local/lib/python3.8/site-packages/airflow/example_dags/example_short_circuit_operator.py took 0.076 seconds
[2025-01-18T13:47:09.716+0000] {processor.py:157} INFO - Started process (PID=1171) to work on /home/airflow/.local/lib/python3.8/site-packages/airflow/example_dags/example_short_circuit_operator.py
[2025-01-18T13:47:09.718+0000] {processor.py:829} INFO - Processing file /home/airflow/.local/lib/python3.8/site-packages/airflow/example_dags/example_short_circuit_operator.py for tasks to queue
[2025-01-18T13:47:09.722+0000] {logging_mixin.py:151} INFO - [2025-01-18T13:47:09.722+0000] {dagbag.py:539} INFO - Filling up the DagBag from /home/airflow/.local/lib/python3.8/site-packages/airflow/example_dags/example_short_circuit_operator.py
[2025-01-18T13:47:09.737+0000] {processor.py:839} INFO - DAG(s) dict_keys(['example_short_circuit_operator']) retrieved from /home/airflow/.local/lib/python3.8/site-packages/airflow/example_dags/example_short_circuit_operator.py
[2025-01-18T13:47:09.785+0000] {logging_mixin.py:151} INFO - [2025-01-18T13:47:09.785+0000] {dag.py:2907} INFO - Sync 1 DAGs
[2025-01-18T13:47:09.836+0000] {logging_mixin.py:151} INFO - [2025-01-18T13:47:09.835+0000] {dag.py:3677} INFO - Setting next_dagrun for example_short_circuit_operator to 2025-01-17T13:47:09.835538+00:00, run_after=2025-01-18T13:47:09.835538+00:00
[2025-01-18T13:47:09.866+0000] {processor.py:179} INFO - Processing /home/airflow/.local/lib/python3.8/site-packages/airflow/example_dags/example_short_circuit_operator.py took 0.156 seconds
[2025-01-18T13:47:39.986+0000] {processor.py:157} INFO - Started process (PID=1257) to work on /home/airflow/.local/lib/python3.8/site-packages/airflow/example_dags/example_short_circuit_operator.py
[2025-01-18T13:47:39.988+0000] {processor.py:829} INFO - Processing file /home/airflow/.local/lib/python3.8/site-packages/airflow/example_dags/example_short_circuit_operator.py for tasks to queue
[2025-01-18T13:47:39.992+0000] {logging_mixin.py:151} INFO - [2025-01-18T13:47:39.992+0000] {dagbag.py:539} INFO - Filling up the DagBag from /home/airflow/.local/lib/python3.8/site-packages/airflow/example_dags/example_short_circuit_operator.py
[2025-01-18T13:47:40.008+0000] {processor.py:839} INFO - DAG(s) dict_keys(['example_short_circuit_operator']) retrieved from /home/airflow/.local/lib/python3.8/site-packages/airflow/example_dags/example_short_circuit_operator.py
[2025-01-18T13:47:40.055+0000] {logging_mixin.py:151} INFO - [2025-01-18T13:47:40.054+0000] {dag.py:2907} INFO - Sync 1 DAGs
[2025-01-18T13:47:40.090+0000] {logging_mixin.py:151} INFO - [2025-01-18T13:47:40.090+0000] {dag.py:3677} INFO - Setting next_dagrun for example_short_circuit_operator to 2025-01-17T13:47:40.090025+00:00, run_after=2025-01-18T13:47:40.090025+00:00
[2025-01-18T13:47:40.119+0000] {processor.py:179} INFO - Processing /home/airflow/.local/lib/python3.8/site-packages/airflow/example_dags/example_short_circuit_operator.py took 0.139 seconds
[2025-01-18T13:48:12.127+0000] {processor.py:157} INFO - Started process (PID=1332) to work on /home/airflow/.local/lib/python3.8/site-packages/airflow/example_dags/example_short_circuit_operator.py
[2025-01-18T13:48:12.129+0000] {processor.py:829} INFO - Processing file /home/airflow/.local/lib/python3.8/site-packages/airflow/example_dags/example_short_circuit_operator.py for tasks to queue
[2025-01-18T13:48:12.137+0000] {logging_mixin.py:151} INFO - [2025-01-18T13:48:12.135+0000] {dagbag.py:539} INFO - Filling up the DagBag from /home/airflow/.local/lib/python3.8/site-packages/airflow/example_dags/example_short_circuit_operator.py
[2025-01-18T13:48:12.168+0000] {processor.py:839} INFO - DAG(s) dict_keys(['example_short_circuit_operator']) retrieved from /home/airflow/.local/lib/python3.8/site-packages/airflow/example_dags/example_short_circuit_operator.py
[2025-01-18T13:48:12.297+0000] {logging_mixin.py:151} INFO - [2025-01-18T13:48:12.296+0000] {dag.py:2907} INFO - Sync 1 DAGs
[2025-01-18T13:48:12.382+0000] {logging_mixin.py:151} INFO - [2025-01-18T13:48:12.382+0000] {dag.py:3677} INFO - Setting next_dagrun for example_short_circuit_operator to 2025-01-17T13:48:12.382004+00:00, run_after=2025-01-18T13:48:12.382004+00:00
[2025-01-18T13:48:12.489+0000] {processor.py:179} INFO - Processing /home/airflow/.local/lib/python3.8/site-packages/airflow/example_dags/example_short_circuit_operator.py took 0.370 seconds
[2025-01-18T13:48:42.636+0000] {processor.py:157} INFO - Started process (PID=1410) to work on /home/airflow/.local/lib/python3.8/site-packages/airflow/example_dags/example_short_circuit_operator.py
[2025-01-18T13:48:42.638+0000] {processor.py:829} INFO - Processing file /home/airflow/.local/lib/python3.8/site-packages/airflow/example_dags/example_short_circuit_operator.py for tasks to queue
[2025-01-18T13:48:42.643+0000] {logging_mixin.py:151} INFO - [2025-01-18T13:48:42.642+0000] {dagbag.py:539} INFO - Filling up the DagBag from /home/airflow/.local/lib/python3.8/site-packages/airflow/example_dags/example_short_circuit_operator.py
[2025-01-18T13:48:42.662+0000] {processor.py:839} INFO - DAG(s) dict_keys(['example_short_circuit_operator']) retrieved from /home/airflow/.local/lib/python3.8/site-packages/airflow/example_dags/example_short_circuit_operator.py
[2025-01-18T13:48:42.711+0000] {logging_mixin.py:151} INFO - [2025-01-18T13:48:42.710+0000] {dag.py:2907} INFO - Sync 1 DAGs
[2025-01-18T13:48:42.762+0000] {logging_mixin.py:151} INFO - [2025-01-18T13:48:42.762+0000] {dag.py:3677} INFO - Setting next_dagrun for example_short_circuit_operator to 2025-01-17T13:48:42.762195+00:00, run_after=2025-01-18T13:48:42.762195+00:00
[2025-01-18T13:48:42.800+0000] {processor.py:179} INFO - Processing /home/airflow/.local/lib/python3.8/site-packages/airflow/example_dags/example_short_circuit_operator.py took 0.169 seconds
[2025-01-18T13:49:13.115+0000] {processor.py:157} INFO - Started process (PID=1497) to work on /home/airflow/.local/lib/python3.8/site-packages/airflow/example_dags/example_short_circuit_operator.py
[2025-01-18T13:49:13.117+0000] {processor.py:829} INFO - Processing file /home/airflow/.local/lib/python3.8/site-packages/airflow/example_dags/example_short_circuit_operator.py for tasks to queue
[2025-01-18T13:49:13.119+0000] {logging_mixin.py:151} INFO - [2025-01-18T13:49:13.119+0000] {dagbag.py:539} INFO - Filling up the DagBag from /home/airflow/.local/lib/python3.8/site-packages/airflow/example_dags/example_short_circuit_operator.py
[2025-01-18T13:49:13.130+0000] {processor.py:839} INFO - DAG(s) dict_keys(['example_short_circuit_operator']) retrieved from /home/airflow/.local/lib/python3.8/site-packages/airflow/example_dags/example_short_circuit_operator.py
[2025-01-18T13:49:13.161+0000] {logging_mixin.py:151} INFO - [2025-01-18T13:49:13.161+0000] {dag.py:2907} INFO - Sync 1 DAGs
[2025-01-18T13:49:13.193+0000] {logging_mixin.py:151} INFO - [2025-01-18T13:49:13.193+0000] {dag.py:3677} INFO - Setting next_dagrun for example_short_circuit_operator to 2025-01-17T13:49:13.192955+00:00, run_after=2025-01-18T13:49:13.192955+00:00
[2025-01-18T13:49:13.222+0000] {processor.py:179} INFO - Processing /home/airflow/.local/lib/python3.8/site-packages/airflow/example_dags/example_short_circuit_operator.py took 0.111 seconds
[2025-01-18T13:49:44.086+0000] {processor.py:157} INFO - Started process (PID=1583) to work on /home/airflow/.local/lib/python3.8/site-packages/airflow/example_dags/example_short_circuit_operator.py
[2025-01-18T13:49:44.088+0000] {processor.py:829} INFO - Processing file /home/airflow/.local/lib/python3.8/site-packages/airflow/example_dags/example_short_circuit_operator.py for tasks to queue
[2025-01-18T13:49:44.091+0000] {logging_mixin.py:151} INFO - [2025-01-18T13:49:44.090+0000] {dagbag.py:539} INFO - Filling up the DagBag from /home/airflow/.local/lib/python3.8/site-packages/airflow/example_dags/example_short_circuit_operator.py
[2025-01-18T13:49:44.101+0000] {processor.py:839} INFO - DAG(s) dict_keys(['example_short_circuit_operator']) retrieved from /home/airflow/.local/lib/python3.8/site-packages/airflow/example_dags/example_short_circuit_operator.py
[2025-01-18T13:49:44.133+0000] {logging_mixin.py:151} INFO - [2025-01-18T13:49:44.133+0000] {dag.py:2907} INFO - Sync 1 DAGs
[2025-01-18T13:49:44.167+0000] {logging_mixin.py:151} INFO - [2025-01-18T13:49:44.166+0000] {dag.py:3677} INFO - Setting next_dagrun for example_short_circuit_operator to 2025-01-17T13:49:44.166600+00:00, run_after=2025-01-18T13:49:44.166600+00:00
[2025-01-18T13:49:44.194+0000] {processor.py:179} INFO - Processing /home/airflow/.local/lib/python3.8/site-packages/airflow/example_dags/example_short_circuit_operator.py took 0.112 seconds
[2025-01-18T13:50:15.305+0000] {processor.py:157} INFO - Started process (PID=1672) to work on /home/airflow/.local/lib/python3.8/site-packages/airflow/example_dags/example_short_circuit_operator.py
[2025-01-18T13:50:15.306+0000] {processor.py:829} INFO - Processing file /home/airflow/.local/lib/python3.8/site-packages/airflow/example_dags/example_short_circuit_operator.py for tasks to queue
[2025-01-18T13:50:15.309+0000] {logging_mixin.py:151} INFO - [2025-01-18T13:50:15.309+0000] {dagbag.py:539} INFO - Filling up the DagBag from /home/airflow/.local/lib/python3.8/site-packages/airflow/example_dags/example_short_circuit_operator.py
[2025-01-18T13:50:15.319+0000] {processor.py:839} INFO - DAG(s) dict_keys(['example_short_circuit_operator']) retrieved from /home/airflow/.local/lib/python3.8/site-packages/airflow/example_dags/example_short_circuit_operator.py
[2025-01-18T13:50:15.350+0000] {logging_mixin.py:151} INFO - [2025-01-18T13:50:15.350+0000] {dag.py:2907} INFO - Sync 1 DAGs
[2025-01-18T13:50:15.382+0000] {logging_mixin.py:151} INFO - [2025-01-18T13:50:15.382+0000] {dag.py:3677} INFO - Setting next_dagrun for example_short_circuit_operator to 2025-01-17T13:50:15.381824+00:00, run_after=2025-01-18T13:50:15.381824+00:00
[2025-01-18T13:50:15.409+0000] {processor.py:179} INFO - Processing /home/airflow/.local/lib/python3.8/site-packages/airflow/example_dags/example_short_circuit_operator.py took 0.108 seconds
[2025-01-18T13:50:45.571+0000] {processor.py:157} INFO - Started process (PID=1782) to work on /home/airflow/.local/lib/python3.8/site-packages/airflow/example_dags/example_short_circuit_operator.py
[2025-01-18T13:50:45.573+0000] {processor.py:829} INFO - Processing file /home/airflow/.local/lib/python3.8/site-packages/airflow/example_dags/example_short_circuit_operator.py for tasks to queue
[2025-01-18T13:50:45.578+0000] {logging_mixin.py:151} INFO - [2025-01-18T13:50:45.577+0000] {dagbag.py:539} INFO - Filling up the DagBag from /home/airflow/.local/lib/python3.8/site-packages/airflow/example_dags/example_short_circuit_operator.py
[2025-01-18T13:50:45.595+0000] {processor.py:839} INFO - DAG(s) dict_keys(['example_short_circuit_operator']) retrieved from /home/airflow/.local/lib/python3.8/site-packages/airflow/example_dags/example_short_circuit_operator.py
[2025-01-18T13:50:45.644+0000] {logging_mixin.py:151} INFO - [2025-01-18T13:50:45.644+0000] {dag.py:2907} INFO - Sync 1 DAGs
[2025-01-18T13:50:45.678+0000] {logging_mixin.py:151} INFO - [2025-01-18T13:50:45.678+0000] {dag.py:3677} INFO - Setting next_dagrun for example_short_circuit_operator to 2025-01-17T13:50:45.678392+00:00, run_after=2025-01-18T13:50:45.678392+00:00
[2025-01-18T13:50:45.703+0000] {processor.py:179} INFO - Processing /home/airflow/.local/lib/python3.8/site-packages/airflow/example_dags/example_short_circuit_operator.py took 0.141 seconds
[2025-01-18T13:51:15.839+0000] {processor.py:157} INFO - Started process (PID=1868) to work on /home/airflow/.local/lib/python3.8/site-packages/airflow/example_dags/example_short_circuit_operator.py
[2025-01-18T13:51:15.840+0000] {processor.py:829} INFO - Processing file /home/airflow/.local/lib/python3.8/site-packages/airflow/example_dags/example_short_circuit_operator.py for tasks to queue
[2025-01-18T13:51:15.842+0000] {logging_mixin.py:151} INFO - [2025-01-18T13:51:15.842+0000] {dagbag.py:539} INFO - Filling up the DagBag from /home/airflow/.local/lib/python3.8/site-packages/airflow/example_dags/example_short_circuit_operator.py
[2025-01-18T13:51:15.849+0000] {processor.py:839} INFO - DAG(s) dict_keys(['example_short_circuit_operator']) retrieved from /home/airflow/.local/lib/python3.8/site-packages/airflow/example_dags/example_short_circuit_operator.py
[2025-01-18T13:51:15.873+0000] {logging_mixin.py:151} INFO - [2025-01-18T13:51:15.873+0000] {dag.py:2907} INFO - Sync 1 DAGs
[2025-01-18T13:51:15.894+0000] {logging_mixin.py:151} INFO - [2025-01-18T13:51:15.894+0000] {dag.py:3677} INFO - Setting next_dagrun for example_short_circuit_operator to 2025-01-17T13:51:15.894010+00:00, run_after=2025-01-18T13:51:15.894010+00:00
[2025-01-18T13:51:15.911+0000] {processor.py:179} INFO - Processing /home/airflow/.local/lib/python3.8/site-packages/airflow/example_dags/example_short_circuit_operator.py took 0.075 seconds
[2025-01-18T15:08:37.366+0000] {processor.py:157} INFO - Started process (PID=16121) to work on /home/airflow/.local/lib/python3.8/site-packages/airflow/example_dags/example_short_circuit_operator.py
[2025-01-18T15:08:37.367+0000] {processor.py:829} INFO - Processing file /home/airflow/.local/lib/python3.8/site-packages/airflow/example_dags/example_short_circuit_operator.py for tasks to queue
[2025-01-18T15:08:37.369+0000] {logging_mixin.py:151} INFO - [2025-01-18T15:08:37.369+0000] {dagbag.py:539} INFO - Filling up the DagBag from /home/airflow/.local/lib/python3.8/site-packages/airflow/example_dags/example_short_circuit_operator.py
[2025-01-18T15:08:37.376+0000] {processor.py:839} INFO - DAG(s) dict_keys(['example_short_circuit_operator']) retrieved from /home/airflow/.local/lib/python3.8/site-packages/airflow/example_dags/example_short_circuit_operator.py
[2025-01-18T15:08:37.399+0000] {logging_mixin.py:151} INFO - [2025-01-18T15:08:37.399+0000] {dag.py:2907} INFO - Sync 1 DAGs
[2025-01-18T15:08:37.417+0000] {logging_mixin.py:151} INFO - [2025-01-18T15:08:37.417+0000] {dag.py:3677} INFO - Setting next_dagrun for example_short_circuit_operator to 2025-01-17T15:08:37.416976+00:00, run_after=2025-01-18T15:08:37.416976+00:00
[2025-01-18T15:08:37.432+0000] {processor.py:179} INFO - Processing /home/airflow/.local/lib/python3.8/site-packages/airflow/example_dags/example_short_circuit_operator.py took 0.069 seconds
[2025-01-18T15:09:07.975+0000] {processor.py:157} INFO - Started process (PID=16233) to work on /home/airflow/.local/lib/python3.8/site-packages/airflow/example_dags/example_short_circuit_operator.py
[2025-01-18T15:09:07.976+0000] {processor.py:829} INFO - Processing file /home/airflow/.local/lib/python3.8/site-packages/airflow/example_dags/example_short_circuit_operator.py for tasks to queue
[2025-01-18T15:09:07.979+0000] {logging_mixin.py:151} INFO - [2025-01-18T15:09:07.979+0000] {dagbag.py:539} INFO - Filling up the DagBag from /home/airflow/.local/lib/python3.8/site-packages/airflow/example_dags/example_short_circuit_operator.py
[2025-01-18T15:09:07.988+0000] {processor.py:839} INFO - DAG(s) dict_keys(['example_short_circuit_operator']) retrieved from /home/airflow/.local/lib/python3.8/site-packages/airflow/example_dags/example_short_circuit_operator.py
[2025-01-18T15:09:08.015+0000] {logging_mixin.py:151} INFO - [2025-01-18T15:09:08.015+0000] {dag.py:2907} INFO - Sync 1 DAGs
[2025-01-18T15:09:08.039+0000] {logging_mixin.py:151} INFO - [2025-01-18T15:09:08.039+0000] {dag.py:3677} INFO - Setting next_dagrun for example_short_circuit_operator to 2025-01-17T15:09:08.038815+00:00, run_after=2025-01-18T15:09:08.038815+00:00
[2025-01-18T15:09:08.059+0000] {processor.py:179} INFO - Processing /home/airflow/.local/lib/python3.8/site-packages/airflow/example_dags/example_short_circuit_operator.py took 0.087 seconds
