[2025-01-18T00:11:09.809+0000] {processor.py:157} INFO - Started process (PID=111) to work on /home/airflow/.local/lib/python3.8/site-packages/airflow/example_dags/example_short_circuit_decorator.py
[2025-01-18T00:11:09.812+0000] {processor.py:829} INFO - Processing file /home/airflow/.local/lib/python3.8/site-packages/airflow/example_dags/example_short_circuit_decorator.py for tasks to queue
[2025-01-18T00:11:09.818+0000] {logging_mixin.py:151} INFO - [2025-01-18T00:11:09.818+0000] {dagbag.py:539} INFO - Filling up the DagBag from /home/airflow/.local/lib/python3.8/site-packages/airflow/example_dags/example_short_circuit_decorator.py
[2025-01-18T00:11:09.858+0000] {processor.py:839} INFO - DAG(s) dict_keys(['example_short_circuit_decorator']) retrieved from /home/airflow/.local/lib/python3.8/site-packages/airflow/example_dags/example_short_circuit_decorator.py
[2025-01-18T00:11:09.949+0000] {logging_mixin.py:151} INFO - [2025-01-18T00:11:09.949+0000] {dag.py:2907} INFO - Sync 1 DAGs
[2025-01-18T00:11:10.025+0000] {logging_mixin.py:151} INFO - [2025-01-18T00:11:10.024+0000] {dag.py:3677} INFO - Setting next_dagrun for example_short_circuit_decorator to 2025-01-17T00:11:10.024112+00:00, run_after=2025-01-18T00:11:10.024112+00:00
[2025-01-18T00:11:10.080+0000] {processor.py:179} INFO - Processing /home/airflow/.local/lib/python3.8/site-packages/airflow/example_dags/example_short_circuit_decorator.py took 0.278 seconds
[2025-01-18T00:11:41.250+0000] {processor.py:157} INFO - Started process (PID=211) to work on /home/airflow/.local/lib/python3.8/site-packages/airflow/example_dags/example_short_circuit_decorator.py
[2025-01-18T00:11:41.253+0000] {processor.py:829} INFO - Processing file /home/airflow/.local/lib/python3.8/site-packages/airflow/example_dags/example_short_circuit_decorator.py for tasks to queue
[2025-01-18T00:11:41.259+0000] {logging_mixin.py:151} INFO - [2025-01-18T00:11:41.259+0000] {dagbag.py:539} INFO - Filling up the DagBag from /home/airflow/.local/lib/python3.8/site-packages/airflow/example_dags/example_short_circuit_decorator.py
[2025-01-18T00:11:41.293+0000] {processor.py:839} INFO - DAG(s) dict_keys(['example_short_circuit_decorator']) retrieved from /home/airflow/.local/lib/python3.8/site-packages/airflow/example_dags/example_short_circuit_decorator.py
[2025-01-18T00:11:41.455+0000] {logging_mixin.py:151} INFO - [2025-01-18T00:11:41.454+0000] {dag.py:2907} INFO - Sync 1 DAGs
[2025-01-18T00:11:41.550+0000] {logging_mixin.py:151} INFO - [2025-01-18T00:11:41.549+0000] {dag.py:3677} INFO - Setting next_dagrun for example_short_circuit_decorator to 2025-01-17T00:11:41.548916+00:00, run_after=2025-01-18T00:11:41.548916+00:00
[2025-01-18T00:11:41.627+0000] {processor.py:179} INFO - Processing /home/airflow/.local/lib/python3.8/site-packages/airflow/example_dags/example_short_circuit_decorator.py took 0.385 seconds
[2025-01-18T00:12:11.810+0000] {processor.py:157} INFO - Started process (PID=297) to work on /home/airflow/.local/lib/python3.8/site-packages/airflow/example_dags/example_short_circuit_decorator.py
[2025-01-18T00:12:11.812+0000] {processor.py:829} INFO - Processing file /home/airflow/.local/lib/python3.8/site-packages/airflow/example_dags/example_short_circuit_decorator.py for tasks to queue
[2025-01-18T00:12:11.815+0000] {logging_mixin.py:151} INFO - [2025-01-18T00:12:11.814+0000] {dagbag.py:539} INFO - Filling up the DagBag from /home/airflow/.local/lib/python3.8/site-packages/airflow/example_dags/example_short_circuit_decorator.py
[2025-01-18T00:12:11.829+0000] {processor.py:839} INFO - DAG(s) dict_keys(['example_short_circuit_decorator']) retrieved from /home/airflow/.local/lib/python3.8/site-packages/airflow/example_dags/example_short_circuit_decorator.py
[2025-01-18T00:12:11.866+0000] {logging_mixin.py:151} INFO - [2025-01-18T00:12:11.866+0000] {dag.py:2907} INFO - Sync 1 DAGs
[2025-01-18T00:12:11.904+0000] {logging_mixin.py:151} INFO - [2025-01-18T00:12:11.903+0000] {dag.py:3677} INFO - Setting next_dagrun for example_short_circuit_decorator to 2025-01-17T00:12:11.903677+00:00, run_after=2025-01-18T00:12:11.903677+00:00
[2025-01-18T00:12:11.928+0000] {processor.py:179} INFO - Processing /home/airflow/.local/lib/python3.8/site-packages/airflow/example_dags/example_short_circuit_decorator.py took 0.123 seconds
[2025-01-18T00:12:42.855+0000] {processor.py:157} INFO - Started process (PID=394) to work on /home/airflow/.local/lib/python3.8/site-packages/airflow/example_dags/example_short_circuit_decorator.py
[2025-01-18T00:12:42.856+0000] {processor.py:829} INFO - Processing file /home/airflow/.local/lib/python3.8/site-packages/airflow/example_dags/example_short_circuit_decorator.py for tasks to queue
[2025-01-18T00:12:42.859+0000] {logging_mixin.py:151} INFO - [2025-01-18T00:12:42.858+0000] {dagbag.py:539} INFO - Filling up the DagBag from /home/airflow/.local/lib/python3.8/site-packages/airflow/example_dags/example_short_circuit_decorator.py
[2025-01-18T00:12:42.874+0000] {processor.py:839} INFO - DAG(s) dict_keys(['example_short_circuit_decorator']) retrieved from /home/airflow/.local/lib/python3.8/site-packages/airflow/example_dags/example_short_circuit_decorator.py
[2025-01-18T00:12:42.910+0000] {logging_mixin.py:151} INFO - [2025-01-18T00:12:42.909+0000] {dag.py:2907} INFO - Sync 1 DAGs
[2025-01-18T00:12:42.938+0000] {logging_mixin.py:151} INFO - [2025-01-18T00:12:42.938+0000] {dag.py:3677} INFO - Setting next_dagrun for example_short_circuit_decorator to 2025-01-17T00:12:42.938343+00:00, run_after=2025-01-18T00:12:42.938343+00:00
[2025-01-18T00:12:42.993+0000] {processor.py:179} INFO - Processing /home/airflow/.local/lib/python3.8/site-packages/airflow/example_dags/example_short_circuit_decorator.py took 0.142 seconds
[2025-01-18T00:14:25.703+0000] {processor.py:157} INFO - Started process (PID=90) to work on /home/airflow/.local/lib/python3.8/site-packages/airflow/example_dags/example_short_circuit_decorator.py
[2025-01-18T00:14:25.704+0000] {processor.py:829} INFO - Processing file /home/airflow/.local/lib/python3.8/site-packages/airflow/example_dags/example_short_circuit_decorator.py for tasks to queue
[2025-01-18T00:14:25.709+0000] {logging_mixin.py:151} INFO - [2025-01-18T00:14:25.708+0000] {dagbag.py:539} INFO - Filling up the DagBag from /home/airflow/.local/lib/python3.8/site-packages/airflow/example_dags/example_short_circuit_decorator.py
[2025-01-18T00:14:25.725+0000] {processor.py:839} INFO - DAG(s) dict_keys(['example_short_circuit_decorator']) retrieved from /home/airflow/.local/lib/python3.8/site-packages/airflow/example_dags/example_short_circuit_decorator.py
[2025-01-18T00:14:25.774+0000] {logging_mixin.py:151} INFO - [2025-01-18T00:14:25.773+0000] {dag.py:2907} INFO - Sync 1 DAGs
[2025-01-18T00:14:25.842+0000] {logging_mixin.py:151} INFO - [2025-01-18T00:14:25.841+0000] {dag.py:3677} INFO - Setting next_dagrun for example_short_circuit_decorator to 2025-01-17T00:14:25.841425+00:00, run_after=2025-01-18T00:14:25.841425+00:00
[2025-01-18T00:14:25.898+0000] {processor.py:179} INFO - Processing /home/airflow/.local/lib/python3.8/site-packages/airflow/example_dags/example_short_circuit_decorator.py took 0.201 seconds
[2025-01-18T00:14:56.117+0000] {processor.py:157} INFO - Started process (PID=168) to work on /home/airflow/.local/lib/python3.8/site-packages/airflow/example_dags/example_short_circuit_decorator.py
[2025-01-18T00:14:56.119+0000] {processor.py:829} INFO - Processing file /home/airflow/.local/lib/python3.8/site-packages/airflow/example_dags/example_short_circuit_decorator.py for tasks to queue
[2025-01-18T00:14:56.124+0000] {logging_mixin.py:151} INFO - [2025-01-18T00:14:56.124+0000] {dagbag.py:539} INFO - Filling up the DagBag from /home/airflow/.local/lib/python3.8/site-packages/airflow/example_dags/example_short_circuit_decorator.py
[2025-01-18T00:14:56.153+0000] {processor.py:839} INFO - DAG(s) dict_keys(['example_short_circuit_decorator']) retrieved from /home/airflow/.local/lib/python3.8/site-packages/airflow/example_dags/example_short_circuit_decorator.py
[2025-01-18T00:14:56.219+0000] {logging_mixin.py:151} INFO - [2025-01-18T00:14:56.218+0000] {dag.py:2907} INFO - Sync 1 DAGs
[2025-01-18T00:14:56.291+0000] {logging_mixin.py:151} INFO - [2025-01-18T00:14:56.290+0000] {dag.py:3677} INFO - Setting next_dagrun for example_short_circuit_decorator to 2025-01-17T00:14:56.290342+00:00, run_after=2025-01-18T00:14:56.290342+00:00
[2025-01-18T00:14:56.342+0000] {processor.py:179} INFO - Processing /home/airflow/.local/lib/python3.8/site-packages/airflow/example_dags/example_short_circuit_decorator.py took 0.233 seconds
[2025-01-18T00:15:27.038+0000] {processor.py:157} INFO - Started process (PID=254) to work on /home/airflow/.local/lib/python3.8/site-packages/airflow/example_dags/example_short_circuit_decorator.py
[2025-01-18T00:15:27.039+0000] {processor.py:829} INFO - Processing file /home/airflow/.local/lib/python3.8/site-packages/airflow/example_dags/example_short_circuit_decorator.py for tasks to queue
[2025-01-18T00:15:27.043+0000] {logging_mixin.py:151} INFO - [2025-01-18T00:15:27.042+0000] {dagbag.py:539} INFO - Filling up the DagBag from /home/airflow/.local/lib/python3.8/site-packages/airflow/example_dags/example_short_circuit_decorator.py
[2025-01-18T00:15:27.059+0000] {processor.py:839} INFO - DAG(s) dict_keys(['example_short_circuit_decorator']) retrieved from /home/airflow/.local/lib/python3.8/site-packages/airflow/example_dags/example_short_circuit_decorator.py
[2025-01-18T00:15:27.098+0000] {logging_mixin.py:151} INFO - [2025-01-18T00:15:27.098+0000] {dag.py:2907} INFO - Sync 1 DAGs
[2025-01-18T00:15:27.136+0000] {logging_mixin.py:151} INFO - [2025-01-18T00:15:27.136+0000] {dag.py:3677} INFO - Setting next_dagrun for example_short_circuit_decorator to 2025-01-17T00:15:27.136053+00:00, run_after=2025-01-18T00:15:27.136053+00:00
[2025-01-18T00:15:27.166+0000] {processor.py:179} INFO - Processing /home/airflow/.local/lib/python3.8/site-packages/airflow/example_dags/example_short_circuit_decorator.py took 0.133 seconds
[2025-01-18T00:15:57.709+0000] {processor.py:157} INFO - Started process (PID=340) to work on /home/airflow/.local/lib/python3.8/site-packages/airflow/example_dags/example_short_circuit_decorator.py
[2025-01-18T00:15:57.710+0000] {processor.py:829} INFO - Processing file /home/airflow/.local/lib/python3.8/site-packages/airflow/example_dags/example_short_circuit_decorator.py for tasks to queue
[2025-01-18T00:15:57.715+0000] {logging_mixin.py:151} INFO - [2025-01-18T00:15:57.714+0000] {dagbag.py:539} INFO - Filling up the DagBag from /home/airflow/.local/lib/python3.8/site-packages/airflow/example_dags/example_short_circuit_decorator.py
[2025-01-18T00:15:57.735+0000] {processor.py:839} INFO - DAG(s) dict_keys(['example_short_circuit_decorator']) retrieved from /home/airflow/.local/lib/python3.8/site-packages/airflow/example_dags/example_short_circuit_decorator.py
[2025-01-18T00:15:57.779+0000] {logging_mixin.py:151} INFO - [2025-01-18T00:15:57.778+0000] {dag.py:2907} INFO - Sync 1 DAGs
[2025-01-18T00:15:57.820+0000] {logging_mixin.py:151} INFO - [2025-01-18T00:15:57.820+0000] {dag.py:3677} INFO - Setting next_dagrun for example_short_circuit_decorator to 2025-01-17T00:15:57.819649+00:00, run_after=2025-01-18T00:15:57.819649+00:00
[2025-01-18T00:15:57.863+0000] {processor.py:179} INFO - Processing /home/airflow/.local/lib/python3.8/site-packages/airflow/example_dags/example_short_circuit_decorator.py took 0.162 seconds
[2025-01-18T00:16:29.734+0000] {processor.py:157} INFO - Started process (PID=426) to work on /home/airflow/.local/lib/python3.8/site-packages/airflow/example_dags/example_short_circuit_decorator.py
[2025-01-18T00:16:29.736+0000] {processor.py:829} INFO - Processing file /home/airflow/.local/lib/python3.8/site-packages/airflow/example_dags/example_short_circuit_decorator.py for tasks to queue
[2025-01-18T00:16:29.740+0000] {logging_mixin.py:151} INFO - [2025-01-18T00:16:29.740+0000] {dagbag.py:539} INFO - Filling up the DagBag from /home/airflow/.local/lib/python3.8/site-packages/airflow/example_dags/example_short_circuit_decorator.py
[2025-01-18T00:16:29.764+0000] {processor.py:839} INFO - DAG(s) dict_keys(['example_short_circuit_decorator']) retrieved from /home/airflow/.local/lib/python3.8/site-packages/airflow/example_dags/example_short_circuit_decorator.py
[2025-01-18T00:16:29.806+0000] {logging_mixin.py:151} INFO - [2025-01-18T00:16:29.806+0000] {dag.py:2907} INFO - Sync 1 DAGs
[2025-01-18T00:16:29.854+0000] {logging_mixin.py:151} INFO - [2025-01-18T00:16:29.854+0000] {dag.py:3677} INFO - Setting next_dagrun for example_short_circuit_decorator to 2025-01-17T00:16:29.854129+00:00, run_after=2025-01-18T00:16:29.854129+00:00
[2025-01-18T00:16:29.887+0000] {processor.py:179} INFO - Processing /home/airflow/.local/lib/python3.8/site-packages/airflow/example_dags/example_short_circuit_decorator.py took 0.157 seconds
[2025-01-18T00:17:00.136+0000] {processor.py:157} INFO - Started process (PID=521) to work on /home/airflow/.local/lib/python3.8/site-packages/airflow/example_dags/example_short_circuit_decorator.py
[2025-01-18T00:17:00.138+0000] {processor.py:829} INFO - Processing file /home/airflow/.local/lib/python3.8/site-packages/airflow/example_dags/example_short_circuit_decorator.py for tasks to queue
[2025-01-18T00:17:00.143+0000] {logging_mixin.py:151} INFO - [2025-01-18T00:17:00.142+0000] {dagbag.py:539} INFO - Filling up the DagBag from /home/airflow/.local/lib/python3.8/site-packages/airflow/example_dags/example_short_circuit_decorator.py
[2025-01-18T00:17:00.168+0000] {processor.py:839} INFO - DAG(s) dict_keys(['example_short_circuit_decorator']) retrieved from /home/airflow/.local/lib/python3.8/site-packages/airflow/example_dags/example_short_circuit_decorator.py
[2025-01-18T00:17:00.223+0000] {logging_mixin.py:151} INFO - [2025-01-18T00:17:00.223+0000] {dag.py:2907} INFO - Sync 1 DAGs
[2025-01-18T00:17:00.269+0000] {logging_mixin.py:151} INFO - [2025-01-18T00:17:00.269+0000] {dag.py:3677} INFO - Setting next_dagrun for example_short_circuit_decorator to 2025-01-17T00:17:00.268674+00:00, run_after=2025-01-18T00:17:00.268674+00:00
[2025-01-18T00:17:00.333+0000] {processor.py:179} INFO - Processing /home/airflow/.local/lib/python3.8/site-packages/airflow/example_dags/example_short_circuit_decorator.py took 0.204 seconds
[2025-01-18T00:17:32.076+0000] {processor.py:157} INFO - Started process (PID=596) to work on /home/airflow/.local/lib/python3.8/site-packages/airflow/example_dags/example_short_circuit_decorator.py
[2025-01-18T00:17:32.089+0000] {processor.py:829} INFO - Processing file /home/airflow/.local/lib/python3.8/site-packages/airflow/example_dags/example_short_circuit_decorator.py for tasks to queue
[2025-01-18T00:17:32.110+0000] {logging_mixin.py:151} INFO - [2025-01-18T00:17:32.109+0000] {dagbag.py:539} INFO - Filling up the DagBag from /home/airflow/.local/lib/python3.8/site-packages/airflow/example_dags/example_short_circuit_decorator.py
[2025-01-18T00:17:32.174+0000] {processor.py:839} INFO - DAG(s) dict_keys(['example_short_circuit_decorator']) retrieved from /home/airflow/.local/lib/python3.8/site-packages/airflow/example_dags/example_short_circuit_decorator.py
[2025-01-18T00:17:32.315+0000] {logging_mixin.py:151} INFO - [2025-01-18T00:17:32.314+0000] {dag.py:2907} INFO - Sync 1 DAGs
[2025-01-18T00:17:32.381+0000] {logging_mixin.py:151} INFO - [2025-01-18T00:17:32.380+0000] {dag.py:3677} INFO - Setting next_dagrun for example_short_circuit_decorator to 2025-01-17T00:17:32.380043+00:00, run_after=2025-01-18T00:17:32.380043+00:00
[2025-01-18T00:17:32.487+0000] {processor.py:179} INFO - Processing /home/airflow/.local/lib/python3.8/site-packages/airflow/example_dags/example_short_circuit_decorator.py took 0.428 seconds
[2025-01-18T00:18:02.612+0000] {processor.py:157} INFO - Started process (PID=674) to work on /home/airflow/.local/lib/python3.8/site-packages/airflow/example_dags/example_short_circuit_decorator.py
[2025-01-18T00:18:02.614+0000] {processor.py:829} INFO - Processing file /home/airflow/.local/lib/python3.8/site-packages/airflow/example_dags/example_short_circuit_decorator.py for tasks to queue
[2025-01-18T00:18:02.619+0000] {logging_mixin.py:151} INFO - [2025-01-18T00:18:02.619+0000] {dagbag.py:539} INFO - Filling up the DagBag from /home/airflow/.local/lib/python3.8/site-packages/airflow/example_dags/example_short_circuit_decorator.py
[2025-01-18T00:18:02.636+0000] {processor.py:839} INFO - DAG(s) dict_keys(['example_short_circuit_decorator']) retrieved from /home/airflow/.local/lib/python3.8/site-packages/airflow/example_dags/example_short_circuit_decorator.py
[2025-01-18T00:18:02.683+0000] {logging_mixin.py:151} INFO - [2025-01-18T00:18:02.683+0000] {dag.py:2907} INFO - Sync 1 DAGs
[2025-01-18T00:18:02.738+0000] {logging_mixin.py:151} INFO - [2025-01-18T00:18:02.737+0000] {dag.py:3677} INFO - Setting next_dagrun for example_short_circuit_decorator to 2025-01-17T00:18:02.737521+00:00, run_after=2025-01-18T00:18:02.737521+00:00
[2025-01-18T00:18:02.771+0000] {processor.py:179} INFO - Processing /home/airflow/.local/lib/python3.8/site-packages/airflow/example_dags/example_short_circuit_decorator.py took 0.166 seconds
[2025-01-18T00:18:33.286+0000] {processor.py:157} INFO - Started process (PID=760) to work on /home/airflow/.local/lib/python3.8/site-packages/airflow/example_dags/example_short_circuit_decorator.py
[2025-01-18T00:18:33.287+0000] {processor.py:829} INFO - Processing file /home/airflow/.local/lib/python3.8/site-packages/airflow/example_dags/example_short_circuit_decorator.py for tasks to queue
[2025-01-18T00:18:33.291+0000] {logging_mixin.py:151} INFO - [2025-01-18T00:18:33.290+0000] {dagbag.py:539} INFO - Filling up the DagBag from /home/airflow/.local/lib/python3.8/site-packages/airflow/example_dags/example_short_circuit_decorator.py
[2025-01-18T00:18:33.304+0000] {processor.py:839} INFO - DAG(s) dict_keys(['example_short_circuit_decorator']) retrieved from /home/airflow/.local/lib/python3.8/site-packages/airflow/example_dags/example_short_circuit_decorator.py
[2025-01-18T00:18:33.340+0000] {logging_mixin.py:151} INFO - [2025-01-18T00:18:33.339+0000] {dag.py:2907} INFO - Sync 1 DAGs
[2025-01-18T00:18:33.374+0000] {logging_mixin.py:151} INFO - [2025-01-18T00:18:33.374+0000] {dag.py:3677} INFO - Setting next_dagrun for example_short_circuit_decorator to 2025-01-17T00:18:33.374165+00:00, run_after=2025-01-18T00:18:33.374165+00:00
[2025-01-18T00:18:33.400+0000] {processor.py:179} INFO - Processing /home/airflow/.local/lib/python3.8/site-packages/airflow/example_dags/example_short_circuit_decorator.py took 0.119 seconds
[2025-01-18T00:19:04.243+0000] {processor.py:157} INFO - Started process (PID=846) to work on /home/airflow/.local/lib/python3.8/site-packages/airflow/example_dags/example_short_circuit_decorator.py
[2025-01-18T00:19:04.245+0000] {processor.py:829} INFO - Processing file /home/airflow/.local/lib/python3.8/site-packages/airflow/example_dags/example_short_circuit_decorator.py for tasks to queue
[2025-01-18T00:19:04.250+0000] {logging_mixin.py:151} INFO - [2025-01-18T00:19:04.249+0000] {dagbag.py:539} INFO - Filling up the DagBag from /home/airflow/.local/lib/python3.8/site-packages/airflow/example_dags/example_short_circuit_decorator.py
[2025-01-18T00:19:04.273+0000] {processor.py:839} INFO - DAG(s) dict_keys(['example_short_circuit_decorator']) retrieved from /home/airflow/.local/lib/python3.8/site-packages/airflow/example_dags/example_short_circuit_decorator.py
[2025-01-18T00:19:04.324+0000] {logging_mixin.py:151} INFO - [2025-01-18T00:19:04.324+0000] {dag.py:2907} INFO - Sync 1 DAGs
[2025-01-18T00:19:04.377+0000] {logging_mixin.py:151} INFO - [2025-01-18T00:19:04.376+0000] {dag.py:3677} INFO - Setting next_dagrun for example_short_circuit_decorator to 2025-01-17T00:19:04.376445+00:00, run_after=2025-01-18T00:19:04.376445+00:00
[2025-01-18T00:19:04.409+0000] {processor.py:179} INFO - Processing /home/airflow/.local/lib/python3.8/site-packages/airflow/example_dags/example_short_circuit_decorator.py took 0.173 seconds
[2025-01-18T00:19:34.893+0000] {processor.py:157} INFO - Started process (PID=921) to work on /home/airflow/.local/lib/python3.8/site-packages/airflow/example_dags/example_short_circuit_decorator.py
[2025-01-18T00:19:34.895+0000] {processor.py:829} INFO - Processing file /home/airflow/.local/lib/python3.8/site-packages/airflow/example_dags/example_short_circuit_decorator.py for tasks to queue
[2025-01-18T00:19:34.898+0000] {logging_mixin.py:151} INFO - [2025-01-18T00:19:34.898+0000] {dagbag.py:539} INFO - Filling up the DagBag from /home/airflow/.local/lib/python3.8/site-packages/airflow/example_dags/example_short_circuit_decorator.py
[2025-01-18T00:19:34.919+0000] {processor.py:839} INFO - DAG(s) dict_keys(['example_short_circuit_decorator']) retrieved from /home/airflow/.local/lib/python3.8/site-packages/airflow/example_dags/example_short_circuit_decorator.py
[2025-01-18T00:19:34.968+0000] {logging_mixin.py:151} INFO - [2025-01-18T00:19:34.968+0000] {dag.py:2907} INFO - Sync 1 DAGs
[2025-01-18T00:19:35.012+0000] {logging_mixin.py:151} INFO - [2025-01-18T00:19:35.012+0000] {dag.py:3677} INFO - Setting next_dagrun for example_short_circuit_decorator to 2025-01-17T00:19:35.011895+00:00, run_after=2025-01-18T00:19:35.011895+00:00
[2025-01-18T00:19:35.044+0000] {processor.py:179} INFO - Processing /home/airflow/.local/lib/python3.8/site-packages/airflow/example_dags/example_short_circuit_decorator.py took 0.156 seconds
[2025-01-18T00:20:05.539+0000] {processor.py:157} INFO - Started process (PID=1007) to work on /home/airflow/.local/lib/python3.8/site-packages/airflow/example_dags/example_short_circuit_decorator.py
[2025-01-18T00:20:05.540+0000] {processor.py:829} INFO - Processing file /home/airflow/.local/lib/python3.8/site-packages/airflow/example_dags/example_short_circuit_decorator.py for tasks to queue
[2025-01-18T00:20:05.543+0000] {logging_mixin.py:151} INFO - [2025-01-18T00:20:05.543+0000] {dagbag.py:539} INFO - Filling up the DagBag from /home/airflow/.local/lib/python3.8/site-packages/airflow/example_dags/example_short_circuit_decorator.py
[2025-01-18T00:20:05.562+0000] {processor.py:839} INFO - DAG(s) dict_keys(['example_short_circuit_decorator']) retrieved from /home/airflow/.local/lib/python3.8/site-packages/airflow/example_dags/example_short_circuit_decorator.py
[2025-01-18T00:20:05.603+0000] {logging_mixin.py:151} INFO - [2025-01-18T00:20:05.602+0000] {dag.py:2907} INFO - Sync 1 DAGs
[2025-01-18T00:20:05.646+0000] {logging_mixin.py:151} INFO - [2025-01-18T00:20:05.646+0000] {dag.py:3677} INFO - Setting next_dagrun for example_short_circuit_decorator to 2025-01-17T00:20:05.646242+00:00, run_after=2025-01-18T00:20:05.646242+00:00
[2025-01-18T00:20:05.679+0000] {processor.py:179} INFO - Processing /home/airflow/.local/lib/python3.8/site-packages/airflow/example_dags/example_short_circuit_decorator.py took 0.145 seconds
[2025-01-18T00:20:36.437+0000] {processor.py:157} INFO - Started process (PID=1092) to work on /home/airflow/.local/lib/python3.8/site-packages/airflow/example_dags/example_short_circuit_decorator.py
[2025-01-18T00:20:36.439+0000] {processor.py:829} INFO - Processing file /home/airflow/.local/lib/python3.8/site-packages/airflow/example_dags/example_short_circuit_decorator.py for tasks to queue
[2025-01-18T00:20:36.445+0000] {logging_mixin.py:151} INFO - [2025-01-18T00:20:36.444+0000] {dagbag.py:539} INFO - Filling up the DagBag from /home/airflow/.local/lib/python3.8/site-packages/airflow/example_dags/example_short_circuit_decorator.py
[2025-01-18T00:20:36.478+0000] {processor.py:839} INFO - DAG(s) dict_keys(['example_short_circuit_decorator']) retrieved from /home/airflow/.local/lib/python3.8/site-packages/airflow/example_dags/example_short_circuit_decorator.py
[2025-01-18T00:20:36.554+0000] {logging_mixin.py:151} INFO - [2025-01-18T00:20:36.553+0000] {dag.py:2907} INFO - Sync 1 DAGs
[2025-01-18T00:20:36.605+0000] {logging_mixin.py:151} INFO - [2025-01-18T00:20:36.605+0000] {dag.py:3677} INFO - Setting next_dagrun for example_short_circuit_decorator to 2025-01-17T00:20:36.604852+00:00, run_after=2025-01-18T00:20:36.604852+00:00
[2025-01-18T00:20:36.645+0000] {processor.py:179} INFO - Processing /home/airflow/.local/lib/python3.8/site-packages/airflow/example_dags/example_short_circuit_decorator.py took 0.216 seconds
[2025-01-18T00:21:06.762+0000] {processor.py:157} INFO - Started process (PID=1171) to work on /home/airflow/.local/lib/python3.8/site-packages/airflow/example_dags/example_short_circuit_decorator.py
[2025-01-18T00:21:06.764+0000] {processor.py:829} INFO - Processing file /home/airflow/.local/lib/python3.8/site-packages/airflow/example_dags/example_short_circuit_decorator.py for tasks to queue
[2025-01-18T00:21:06.767+0000] {logging_mixin.py:151} INFO - [2025-01-18T00:21:06.767+0000] {dagbag.py:539} INFO - Filling up the DagBag from /home/airflow/.local/lib/python3.8/site-packages/airflow/example_dags/example_short_circuit_decorator.py
[2025-01-18T00:21:06.785+0000] {processor.py:839} INFO - DAG(s) dict_keys(['example_short_circuit_decorator']) retrieved from /home/airflow/.local/lib/python3.8/site-packages/airflow/example_dags/example_short_circuit_decorator.py
[2025-01-18T00:21:06.830+0000] {logging_mixin.py:151} INFO - [2025-01-18T00:21:06.829+0000] {dag.py:2907} INFO - Sync 1 DAGs
[2025-01-18T00:21:06.868+0000] {logging_mixin.py:151} INFO - [2025-01-18T00:21:06.868+0000] {dag.py:3677} INFO - Setting next_dagrun for example_short_circuit_decorator to 2025-01-17T00:21:06.867850+00:00, run_after=2025-01-18T00:21:06.867850+00:00
[2025-01-18T00:21:06.902+0000] {processor.py:179} INFO - Processing /home/airflow/.local/lib/python3.8/site-packages/airflow/example_dags/example_short_circuit_decorator.py took 0.145 seconds
[2025-01-18T00:32:01.821+0000] {processor.py:157} INFO - Started process (PID=121) to work on /home/airflow/.local/lib/python3.8/site-packages/airflow/example_dags/example_short_circuit_decorator.py
[2025-01-18T00:32:01.824+0000] {processor.py:829} INFO - Processing file /home/airflow/.local/lib/python3.8/site-packages/airflow/example_dags/example_short_circuit_decorator.py for tasks to queue
[2025-01-18T00:32:01.831+0000] {logging_mixin.py:151} INFO - [2025-01-18T00:32:01.831+0000] {dagbag.py:539} INFO - Filling up the DagBag from /home/airflow/.local/lib/python3.8/site-packages/airflow/example_dags/example_short_circuit_decorator.py
[2025-01-18T00:32:01.861+0000] {processor.py:839} INFO - DAG(s) dict_keys(['example_short_circuit_decorator']) retrieved from /home/airflow/.local/lib/python3.8/site-packages/airflow/example_dags/example_short_circuit_decorator.py
[2025-01-18T00:32:01.939+0000] {logging_mixin.py:151} INFO - [2025-01-18T00:32:01.938+0000] {dag.py:2907} INFO - Sync 1 DAGs
[2025-01-18T00:32:02.003+0000] {logging_mixin.py:151} INFO - [2025-01-18T00:32:02.002+0000] {dag.py:3677} INFO - Setting next_dagrun for example_short_circuit_decorator to 2025-01-17T00:32:02.002176+00:00, run_after=2025-01-18T00:32:02.002176+00:00
[2025-01-18T00:32:02.063+0000] {processor.py:179} INFO - Processing /home/airflow/.local/lib/python3.8/site-packages/airflow/example_dags/example_short_circuit_decorator.py took 0.250 seconds
[2025-01-18T00:32:32.525+0000] {processor.py:157} INFO - Started process (PID=206) to work on /home/airflow/.local/lib/python3.8/site-packages/airflow/example_dags/example_short_circuit_decorator.py
[2025-01-18T00:32:32.526+0000] {processor.py:829} INFO - Processing file /home/airflow/.local/lib/python3.8/site-packages/airflow/example_dags/example_short_circuit_decorator.py for tasks to queue
[2025-01-18T00:32:32.529+0000] {logging_mixin.py:151} INFO - [2025-01-18T00:32:32.529+0000] {dagbag.py:539} INFO - Filling up the DagBag from /home/airflow/.local/lib/python3.8/site-packages/airflow/example_dags/example_short_circuit_decorator.py
[2025-01-18T00:32:32.544+0000] {processor.py:839} INFO - DAG(s) dict_keys(['example_short_circuit_decorator']) retrieved from /home/airflow/.local/lib/python3.8/site-packages/airflow/example_dags/example_short_circuit_decorator.py
[2025-01-18T00:32:32.578+0000] {logging_mixin.py:151} INFO - [2025-01-18T00:32:32.578+0000] {dag.py:2907} INFO - Sync 1 DAGs
[2025-01-18T00:32:32.611+0000] {logging_mixin.py:151} INFO - [2025-01-18T00:32:32.611+0000] {dag.py:3677} INFO - Setting next_dagrun for example_short_circuit_decorator to 2025-01-17T00:32:32.610759+00:00, run_after=2025-01-18T00:32:32.610759+00:00
[2025-01-18T00:32:32.634+0000] {processor.py:179} INFO - Processing /home/airflow/.local/lib/python3.8/site-packages/airflow/example_dags/example_short_circuit_decorator.py took 0.115 seconds
[2025-01-18T00:54:43.161+0000] {processor.py:157} INFO - Started process (PID=101) to work on /home/airflow/.local/lib/python3.8/site-packages/airflow/example_dags/example_short_circuit_decorator.py
[2025-01-18T00:54:43.163+0000] {processor.py:829} INFO - Processing file /home/airflow/.local/lib/python3.8/site-packages/airflow/example_dags/example_short_circuit_decorator.py for tasks to queue
[2025-01-18T00:54:43.167+0000] {logging_mixin.py:151} INFO - [2025-01-18T00:54:43.166+0000] {dagbag.py:539} INFO - Filling up the DagBag from /home/airflow/.local/lib/python3.8/site-packages/airflow/example_dags/example_short_circuit_decorator.py
[2025-01-18T00:54:43.180+0000] {processor.py:839} INFO - DAG(s) dict_keys(['example_short_circuit_decorator']) retrieved from /home/airflow/.local/lib/python3.8/site-packages/airflow/example_dags/example_short_circuit_decorator.py
[2025-01-18T00:54:43.215+0000] {logging_mixin.py:151} INFO - [2025-01-18T00:54:43.214+0000] {dag.py:2907} INFO - Sync 1 DAGs
[2025-01-18T00:54:43.262+0000] {logging_mixin.py:151} INFO - [2025-01-18T00:54:43.262+0000] {dag.py:3677} INFO - Setting next_dagrun for example_short_circuit_decorator to 2025-01-17T00:54:43.262093+00:00, run_after=2025-01-18T00:54:43.262093+00:00
[2025-01-18T00:54:43.295+0000] {processor.py:179} INFO - Processing /home/airflow/.local/lib/python3.8/site-packages/airflow/example_dags/example_short_circuit_decorator.py took 0.138 seconds
[2025-01-18T00:55:14.134+0000] {processor.py:157} INFO - Started process (PID=176) to work on /home/airflow/.local/lib/python3.8/site-packages/airflow/example_dags/example_short_circuit_decorator.py
[2025-01-18T00:55:14.136+0000] {processor.py:829} INFO - Processing file /home/airflow/.local/lib/python3.8/site-packages/airflow/example_dags/example_short_circuit_decorator.py for tasks to queue
[2025-01-18T00:55:14.139+0000] {logging_mixin.py:151} INFO - [2025-01-18T00:55:14.139+0000] {dagbag.py:539} INFO - Filling up the DagBag from /home/airflow/.local/lib/python3.8/site-packages/airflow/example_dags/example_short_circuit_decorator.py
[2025-01-18T00:55:14.156+0000] {processor.py:839} INFO - DAG(s) dict_keys(['example_short_circuit_decorator']) retrieved from /home/airflow/.local/lib/python3.8/site-packages/airflow/example_dags/example_short_circuit_decorator.py
[2025-01-18T00:55:14.207+0000] {logging_mixin.py:151} INFO - [2025-01-18T00:55:14.207+0000] {dag.py:2907} INFO - Sync 1 DAGs
[2025-01-18T00:55:14.260+0000] {logging_mixin.py:151} INFO - [2025-01-18T00:55:14.260+0000] {dag.py:3677} INFO - Setting next_dagrun for example_short_circuit_decorator to 2025-01-17T00:55:14.260304+00:00, run_after=2025-01-18T00:55:14.260304+00:00
[2025-01-18T00:55:14.305+0000] {processor.py:179} INFO - Processing /home/airflow/.local/lib/python3.8/site-packages/airflow/example_dags/example_short_circuit_decorator.py took 0.177 seconds
[2025-01-18T00:55:44.936+0000] {processor.py:157} INFO - Started process (PID=254) to work on /home/airflow/.local/lib/python3.8/site-packages/airflow/example_dags/example_short_circuit_decorator.py
[2025-01-18T00:55:44.937+0000] {processor.py:829} INFO - Processing file /home/airflow/.local/lib/python3.8/site-packages/airflow/example_dags/example_short_circuit_decorator.py for tasks to queue
[2025-01-18T00:55:44.941+0000] {logging_mixin.py:151} INFO - [2025-01-18T00:55:44.941+0000] {dagbag.py:539} INFO - Filling up the DagBag from /home/airflow/.local/lib/python3.8/site-packages/airflow/example_dags/example_short_circuit_decorator.py
[2025-01-18T00:55:44.958+0000] {processor.py:839} INFO - DAG(s) dict_keys(['example_short_circuit_decorator']) retrieved from /home/airflow/.local/lib/python3.8/site-packages/airflow/example_dags/example_short_circuit_decorator.py
[2025-01-18T00:55:45.019+0000] {logging_mixin.py:151} INFO - [2025-01-18T00:55:45.018+0000] {dag.py:2907} INFO - Sync 1 DAGs
[2025-01-18T00:55:45.062+0000] {logging_mixin.py:151} INFO - [2025-01-18T00:55:45.061+0000] {dag.py:3677} INFO - Setting next_dagrun for example_short_circuit_decorator to 2025-01-17T00:55:45.061377+00:00, run_after=2025-01-18T00:55:45.061377+00:00
[2025-01-18T00:55:45.108+0000] {processor.py:179} INFO - Processing /home/airflow/.local/lib/python3.8/site-packages/airflow/example_dags/example_short_circuit_decorator.py took 0.178 seconds
[2025-01-18T00:56:15.581+0000] {processor.py:157} INFO - Started process (PID=341) to work on /home/airflow/.local/lib/python3.8/site-packages/airflow/example_dags/example_short_circuit_decorator.py
[2025-01-18T00:56:15.582+0000] {processor.py:829} INFO - Processing file /home/airflow/.local/lib/python3.8/site-packages/airflow/example_dags/example_short_circuit_decorator.py for tasks to queue
[2025-01-18T00:56:15.587+0000] {logging_mixin.py:151} INFO - [2025-01-18T00:56:15.586+0000] {dagbag.py:539} INFO - Filling up the DagBag from /home/airflow/.local/lib/python3.8/site-packages/airflow/example_dags/example_short_circuit_decorator.py
[2025-01-18T00:56:15.606+0000] {processor.py:839} INFO - DAG(s) dict_keys(['example_short_circuit_decorator']) retrieved from /home/airflow/.local/lib/python3.8/site-packages/airflow/example_dags/example_short_circuit_decorator.py
[2025-01-18T00:56:15.650+0000] {logging_mixin.py:151} INFO - [2025-01-18T00:56:15.650+0000] {dag.py:2907} INFO - Sync 1 DAGs
[2025-01-18T00:56:15.690+0000] {logging_mixin.py:151} INFO - [2025-01-18T00:56:15.690+0000] {dag.py:3677} INFO - Setting next_dagrun for example_short_circuit_decorator to 2025-01-17T00:56:15.689886+00:00, run_after=2025-01-18T00:56:15.689886+00:00
[2025-01-18T00:56:15.716+0000] {processor.py:179} INFO - Processing /home/airflow/.local/lib/python3.8/site-packages/airflow/example_dags/example_short_circuit_decorator.py took 0.141 seconds
[2025-01-18T00:56:46.085+0000] {processor.py:157} INFO - Started process (PID=426) to work on /home/airflow/.local/lib/python3.8/site-packages/airflow/example_dags/example_short_circuit_decorator.py
[2025-01-18T00:56:46.087+0000] {processor.py:829} INFO - Processing file /home/airflow/.local/lib/python3.8/site-packages/airflow/example_dags/example_short_circuit_decorator.py for tasks to queue
[2025-01-18T00:56:46.091+0000] {logging_mixin.py:151} INFO - [2025-01-18T00:56:46.091+0000] {dagbag.py:539} INFO - Filling up the DagBag from /home/airflow/.local/lib/python3.8/site-packages/airflow/example_dags/example_short_circuit_decorator.py
[2025-01-18T00:56:46.112+0000] {processor.py:839} INFO - DAG(s) dict_keys(['example_short_circuit_decorator']) retrieved from /home/airflow/.local/lib/python3.8/site-packages/airflow/example_dags/example_short_circuit_decorator.py
[2025-01-18T00:56:46.151+0000] {logging_mixin.py:151} INFO - [2025-01-18T00:56:46.151+0000] {dag.py:2907} INFO - Sync 1 DAGs
[2025-01-18T00:56:46.191+0000] {logging_mixin.py:151} INFO - [2025-01-18T00:56:46.191+0000] {dag.py:3677} INFO - Setting next_dagrun for example_short_circuit_decorator to 2025-01-17T00:56:46.190629+00:00, run_after=2025-01-18T00:56:46.190629+00:00
[2025-01-18T00:56:46.219+0000] {processor.py:179} INFO - Processing /home/airflow/.local/lib/python3.8/site-packages/airflow/example_dags/example_short_circuit_decorator.py took 0.139 seconds
[2025-01-18T00:57:17.122+0000] {processor.py:157} INFO - Started process (PID=501) to work on /home/airflow/.local/lib/python3.8/site-packages/airflow/example_dags/example_short_circuit_decorator.py
[2025-01-18T00:57:17.123+0000] {processor.py:829} INFO - Processing file /home/airflow/.local/lib/python3.8/site-packages/airflow/example_dags/example_short_circuit_decorator.py for tasks to queue
[2025-01-18T00:57:17.127+0000] {logging_mixin.py:151} INFO - [2025-01-18T00:57:17.126+0000] {dagbag.py:539} INFO - Filling up the DagBag from /home/airflow/.local/lib/python3.8/site-packages/airflow/example_dags/example_short_circuit_decorator.py
[2025-01-18T00:57:17.149+0000] {processor.py:839} INFO - DAG(s) dict_keys(['example_short_circuit_decorator']) retrieved from /home/airflow/.local/lib/python3.8/site-packages/airflow/example_dags/example_short_circuit_decorator.py
[2025-01-18T00:57:17.202+0000] {logging_mixin.py:151} INFO - [2025-01-18T00:57:17.201+0000] {dag.py:2907} INFO - Sync 1 DAGs
[2025-01-18T00:57:17.255+0000] {logging_mixin.py:151} INFO - [2025-01-18T00:57:17.255+0000] {dag.py:3677} INFO - Setting next_dagrun for example_short_circuit_decorator to 2025-01-17T00:57:17.254936+00:00, run_after=2025-01-18T00:57:17.254936+00:00
[2025-01-18T00:57:17.293+0000] {processor.py:179} INFO - Processing /home/airflow/.local/lib/python3.8/site-packages/airflow/example_dags/example_short_circuit_decorator.py took 0.178 seconds
[2025-01-18T00:57:47.401+0000] {processor.py:157} INFO - Started process (PID=578) to work on /home/airflow/.local/lib/python3.8/site-packages/airflow/example_dags/example_short_circuit_decorator.py
[2025-01-18T00:57:47.405+0000] {processor.py:829} INFO - Processing file /home/airflow/.local/lib/python3.8/site-packages/airflow/example_dags/example_short_circuit_decorator.py for tasks to queue
[2025-01-18T00:57:47.411+0000] {logging_mixin.py:151} INFO - [2025-01-18T00:57:47.410+0000] {dagbag.py:539} INFO - Filling up the DagBag from /home/airflow/.local/lib/python3.8/site-packages/airflow/example_dags/example_short_circuit_decorator.py
[2025-01-18T00:57:47.435+0000] {processor.py:839} INFO - DAG(s) dict_keys(['example_short_circuit_decorator']) retrieved from /home/airflow/.local/lib/python3.8/site-packages/airflow/example_dags/example_short_circuit_decorator.py
[2025-01-18T00:57:47.488+0000] {logging_mixin.py:151} INFO - [2025-01-18T00:57:47.488+0000] {dag.py:2907} INFO - Sync 1 DAGs
[2025-01-18T00:57:47.544+0000] {logging_mixin.py:151} INFO - [2025-01-18T00:57:47.544+0000] {dag.py:3677} INFO - Setting next_dagrun for example_short_circuit_decorator to 2025-01-17T00:57:47.543619+00:00, run_after=2025-01-18T00:57:47.543619+00:00
[2025-01-18T00:57:47.584+0000] {processor.py:179} INFO - Processing /home/airflow/.local/lib/python3.8/site-packages/airflow/example_dags/example_short_circuit_decorator.py took 0.190 seconds
[2025-01-18T00:58:18.217+0000] {processor.py:157} INFO - Started process (PID=664) to work on /home/airflow/.local/lib/python3.8/site-packages/airflow/example_dags/example_short_circuit_decorator.py
[2025-01-18T00:58:18.222+0000] {processor.py:829} INFO - Processing file /home/airflow/.local/lib/python3.8/site-packages/airflow/example_dags/example_short_circuit_decorator.py for tasks to queue
[2025-01-18T00:58:18.231+0000] {logging_mixin.py:151} INFO - [2025-01-18T00:58:18.230+0000] {dagbag.py:539} INFO - Filling up the DagBag from /home/airflow/.local/lib/python3.8/site-packages/airflow/example_dags/example_short_circuit_decorator.py
[2025-01-18T00:58:18.268+0000] {processor.py:839} INFO - DAG(s) dict_keys(['example_short_circuit_decorator']) retrieved from /home/airflow/.local/lib/python3.8/site-packages/airflow/example_dags/example_short_circuit_decorator.py
[2025-01-18T00:58:18.384+0000] {logging_mixin.py:151} INFO - [2025-01-18T00:58:18.384+0000] {dag.py:2907} INFO - Sync 1 DAGs
[2025-01-18T00:58:18.499+0000] {logging_mixin.py:151} INFO - [2025-01-18T00:58:18.499+0000] {dag.py:3677} INFO - Setting next_dagrun for example_short_circuit_decorator to 2025-01-17T00:58:18.498826+00:00, run_after=2025-01-18T00:58:18.498826+00:00
[2025-01-18T00:58:18.589+0000] {processor.py:179} INFO - Processing /home/airflow/.local/lib/python3.8/site-packages/airflow/example_dags/example_short_circuit_decorator.py took 0.380 seconds
[2025-01-18T00:58:53.661+0000] {processor.py:157} INFO - Started process (PID=747) to work on /home/airflow/.local/lib/python3.8/site-packages/airflow/example_dags/example_short_circuit_decorator.py
[2025-01-18T00:58:53.678+0000] {processor.py:829} INFO - Processing file /home/airflow/.local/lib/python3.8/site-packages/airflow/example_dags/example_short_circuit_decorator.py for tasks to queue
[2025-01-18T00:58:53.755+0000] {logging_mixin.py:151} INFO - [2025-01-18T00:58:53.714+0000] {dagbag.py:539} INFO - Filling up the DagBag from /home/airflow/.local/lib/python3.8/site-packages/airflow/example_dags/example_short_circuit_decorator.py
[2025-01-18T00:58:53.833+0000] {processor.py:839} INFO - DAG(s) dict_keys(['example_short_circuit_decorator']) retrieved from /home/airflow/.local/lib/python3.8/site-packages/airflow/example_dags/example_short_circuit_decorator.py
[2025-01-18T00:58:53.981+0000] {logging_mixin.py:151} INFO - [2025-01-18T00:58:53.980+0000] {dag.py:2907} INFO - Sync 1 DAGs
[2025-01-18T00:58:54.103+0000] {logging_mixin.py:151} INFO - [2025-01-18T00:58:54.103+0000] {dag.py:3677} INFO - Setting next_dagrun for example_short_circuit_decorator to 2025-01-17T00:58:54.102331+00:00, run_after=2025-01-18T00:58:54.102331+00:00
[2025-01-18T00:58:54.400+0000] {processor.py:179} INFO - Processing /home/airflow/.local/lib/python3.8/site-packages/airflow/example_dags/example_short_circuit_decorator.py took 0.813 seconds
[2025-01-18T00:59:24.828+0000] {processor.py:157} INFO - Started process (PID=831) to work on /home/airflow/.local/lib/python3.8/site-packages/airflow/example_dags/example_short_circuit_decorator.py
[2025-01-18T00:59:24.830+0000] {processor.py:829} INFO - Processing file /home/airflow/.local/lib/python3.8/site-packages/airflow/example_dags/example_short_circuit_decorator.py for tasks to queue
[2025-01-18T00:59:24.838+0000] {logging_mixin.py:151} INFO - [2025-01-18T00:59:24.837+0000] {dagbag.py:539} INFO - Filling up the DagBag from /home/airflow/.local/lib/python3.8/site-packages/airflow/example_dags/example_short_circuit_decorator.py
[2025-01-18T00:59:24.881+0000] {processor.py:839} INFO - DAG(s) dict_keys(['example_short_circuit_decorator']) retrieved from /home/airflow/.local/lib/python3.8/site-packages/airflow/example_dags/example_short_circuit_decorator.py
[2025-01-18T00:59:24.989+0000] {logging_mixin.py:151} INFO - [2025-01-18T00:59:24.988+0000] {dag.py:2907} INFO - Sync 1 DAGs
[2025-01-18T00:59:25.088+0000] {logging_mixin.py:151} INFO - [2025-01-18T00:59:25.087+0000] {dag.py:3677} INFO - Setting next_dagrun for example_short_circuit_decorator to 2025-01-17T00:59:25.087039+00:00, run_after=2025-01-18T00:59:25.087039+00:00
[2025-01-18T00:59:25.142+0000] {processor.py:179} INFO - Processing /home/airflow/.local/lib/python3.8/site-packages/airflow/example_dags/example_short_circuit_decorator.py took 0.329 seconds
[2025-01-18T00:59:55.370+0000] {processor.py:157} INFO - Started process (PID=909) to work on /home/airflow/.local/lib/python3.8/site-packages/airflow/example_dags/example_short_circuit_decorator.py
[2025-01-18T00:59:55.373+0000] {processor.py:829} INFO - Processing file /home/airflow/.local/lib/python3.8/site-packages/airflow/example_dags/example_short_circuit_decorator.py for tasks to queue
[2025-01-18T00:59:55.379+0000] {logging_mixin.py:151} INFO - [2025-01-18T00:59:55.379+0000] {dagbag.py:539} INFO - Filling up the DagBag from /home/airflow/.local/lib/python3.8/site-packages/airflow/example_dags/example_short_circuit_decorator.py
[2025-01-18T00:59:55.405+0000] {processor.py:839} INFO - DAG(s) dict_keys(['example_short_circuit_decorator']) retrieved from /home/airflow/.local/lib/python3.8/site-packages/airflow/example_dags/example_short_circuit_decorator.py
[2025-01-18T00:59:55.479+0000] {logging_mixin.py:151} INFO - [2025-01-18T00:59:55.478+0000] {dag.py:2907} INFO - Sync 1 DAGs
[2025-01-18T00:59:55.543+0000] {logging_mixin.py:151} INFO - [2025-01-18T00:59:55.542+0000] {dag.py:3677} INFO - Setting next_dagrun for example_short_circuit_decorator to 2025-01-17T00:59:55.542403+00:00, run_after=2025-01-18T00:59:55.542403+00:00
[2025-01-18T00:59:55.594+0000] {processor.py:179} INFO - Processing /home/airflow/.local/lib/python3.8/site-packages/airflow/example_dags/example_short_circuit_decorator.py took 0.231 seconds
[2025-01-18T01:00:26.262+0000] {processor.py:157} INFO - Started process (PID=995) to work on /home/airflow/.local/lib/python3.8/site-packages/airflow/example_dags/example_short_circuit_decorator.py
[2025-01-18T01:00:26.265+0000] {processor.py:829} INFO - Processing file /home/airflow/.local/lib/python3.8/site-packages/airflow/example_dags/example_short_circuit_decorator.py for tasks to queue
[2025-01-18T01:00:26.270+0000] {logging_mixin.py:151} INFO - [2025-01-18T01:00:26.269+0000] {dagbag.py:539} INFO - Filling up the DagBag from /home/airflow/.local/lib/python3.8/site-packages/airflow/example_dags/example_short_circuit_decorator.py
[2025-01-18T01:00:26.303+0000] {processor.py:839} INFO - DAG(s) dict_keys(['example_short_circuit_decorator']) retrieved from /home/airflow/.local/lib/python3.8/site-packages/airflow/example_dags/example_short_circuit_decorator.py
[2025-01-18T01:00:26.377+0000] {logging_mixin.py:151} INFO - [2025-01-18T01:00:26.376+0000] {dag.py:2907} INFO - Sync 1 DAGs
[2025-01-18T01:00:26.448+0000] {logging_mixin.py:151} INFO - [2025-01-18T01:00:26.447+0000] {dag.py:3677} INFO - Setting next_dagrun for example_short_circuit_decorator to 2025-01-17T01:00:26.446838+00:00, run_after=2025-01-18T01:00:26.446838+00:00
[2025-01-18T01:00:26.496+0000] {processor.py:179} INFO - Processing /home/airflow/.local/lib/python3.8/site-packages/airflow/example_dags/example_short_circuit_decorator.py took 0.241 seconds
[2025-01-18T01:00:56.800+0000] {processor.py:157} INFO - Started process (PID=1081) to work on /home/airflow/.local/lib/python3.8/site-packages/airflow/example_dags/example_short_circuit_decorator.py
[2025-01-18T01:00:56.802+0000] {processor.py:829} INFO - Processing file /home/airflow/.local/lib/python3.8/site-packages/airflow/example_dags/example_short_circuit_decorator.py for tasks to queue
[2025-01-18T01:00:56.808+0000] {logging_mixin.py:151} INFO - [2025-01-18T01:00:56.807+0000] {dagbag.py:539} INFO - Filling up the DagBag from /home/airflow/.local/lib/python3.8/site-packages/airflow/example_dags/example_short_circuit_decorator.py
[2025-01-18T01:00:56.831+0000] {processor.py:839} INFO - DAG(s) dict_keys(['example_short_circuit_decorator']) retrieved from /home/airflow/.local/lib/python3.8/site-packages/airflow/example_dags/example_short_circuit_decorator.py
[2025-01-18T01:00:56.882+0000] {logging_mixin.py:151} INFO - [2025-01-18T01:00:56.882+0000] {dag.py:2907} INFO - Sync 1 DAGs
[2025-01-18T01:00:56.928+0000] {logging_mixin.py:151} INFO - [2025-01-18T01:00:56.927+0000] {dag.py:3677} INFO - Setting next_dagrun for example_short_circuit_decorator to 2025-01-17T01:00:56.926941+00:00, run_after=2025-01-18T01:00:56.926941+00:00
[2025-01-18T01:00:56.960+0000] {processor.py:179} INFO - Processing /home/airflow/.local/lib/python3.8/site-packages/airflow/example_dags/example_short_circuit_decorator.py took 0.202 seconds
[2025-01-18T01:01:27.302+0000] {processor.py:157} INFO - Started process (PID=1156) to work on /home/airflow/.local/lib/python3.8/site-packages/airflow/example_dags/example_short_circuit_decorator.py
[2025-01-18T01:01:27.303+0000] {processor.py:829} INFO - Processing file /home/airflow/.local/lib/python3.8/site-packages/airflow/example_dags/example_short_circuit_decorator.py for tasks to queue
[2025-01-18T01:01:27.307+0000] {logging_mixin.py:151} INFO - [2025-01-18T01:01:27.306+0000] {dagbag.py:539} INFO - Filling up the DagBag from /home/airflow/.local/lib/python3.8/site-packages/airflow/example_dags/example_short_circuit_decorator.py
[2025-01-18T01:01:27.322+0000] {processor.py:839} INFO - DAG(s) dict_keys(['example_short_circuit_decorator']) retrieved from /home/airflow/.local/lib/python3.8/site-packages/airflow/example_dags/example_short_circuit_decorator.py
[2025-01-18T01:01:27.358+0000] {logging_mixin.py:151} INFO - [2025-01-18T01:01:27.357+0000] {dag.py:2907} INFO - Sync 1 DAGs
[2025-01-18T01:01:27.398+0000] {logging_mixin.py:151} INFO - [2025-01-18T01:01:27.397+0000] {dag.py:3677} INFO - Setting next_dagrun for example_short_circuit_decorator to 2025-01-17T01:01:27.397351+00:00, run_after=2025-01-18T01:01:27.397351+00:00
[2025-01-18T01:01:27.429+0000] {processor.py:179} INFO - Processing /home/airflow/.local/lib/python3.8/site-packages/airflow/example_dags/example_short_circuit_decorator.py took 0.132 seconds
[2025-01-18T01:01:57.535+0000] {processor.py:157} INFO - Started process (PID=1242) to work on /home/airflow/.local/lib/python3.8/site-packages/airflow/example_dags/example_short_circuit_decorator.py
[2025-01-18T01:01:57.536+0000] {processor.py:829} INFO - Processing file /home/airflow/.local/lib/python3.8/site-packages/airflow/example_dags/example_short_circuit_decorator.py for tasks to queue
[2025-01-18T01:01:57.538+0000] {logging_mixin.py:151} INFO - [2025-01-18T01:01:57.538+0000] {dagbag.py:539} INFO - Filling up the DagBag from /home/airflow/.local/lib/python3.8/site-packages/airflow/example_dags/example_short_circuit_decorator.py
[2025-01-18T01:01:57.548+0000] {processor.py:839} INFO - DAG(s) dict_keys(['example_short_circuit_decorator']) retrieved from /home/airflow/.local/lib/python3.8/site-packages/airflow/example_dags/example_short_circuit_decorator.py
[2025-01-18T01:01:57.570+0000] {logging_mixin.py:151} INFO - [2025-01-18T01:01:57.569+0000] {dag.py:2907} INFO - Sync 1 DAGs
[2025-01-18T01:01:57.589+0000] {logging_mixin.py:151} INFO - [2025-01-18T01:01:57.589+0000] {dag.py:3677} INFO - Setting next_dagrun for example_short_circuit_decorator to 2025-01-17T01:01:57.589173+00:00, run_after=2025-01-18T01:01:57.589173+00:00
[2025-01-18T01:01:57.606+0000] {processor.py:179} INFO - Processing /home/airflow/.local/lib/python3.8/site-packages/airflow/example_dags/example_short_circuit_decorator.py took 0.074 seconds
[2025-01-18T13:40:28.290+0000] {processor.py:157} INFO - Started process (PID=101) to work on /home/airflow/.local/lib/python3.8/site-packages/airflow/example_dags/example_short_circuit_decorator.py
[2025-01-18T13:40:28.293+0000] {processor.py:829} INFO - Processing file /home/airflow/.local/lib/python3.8/site-packages/airflow/example_dags/example_short_circuit_decorator.py for tasks to queue
[2025-01-18T13:40:28.298+0000] {logging_mixin.py:151} INFO - [2025-01-18T13:40:28.297+0000] {dagbag.py:539} INFO - Filling up the DagBag from /home/airflow/.local/lib/python3.8/site-packages/airflow/example_dags/example_short_circuit_decorator.py
[2025-01-18T13:40:28.320+0000] {processor.py:839} INFO - DAG(s) dict_keys(['example_short_circuit_decorator']) retrieved from /home/airflow/.local/lib/python3.8/site-packages/airflow/example_dags/example_short_circuit_decorator.py
[2025-01-18T13:40:28.391+0000] {logging_mixin.py:151} INFO - [2025-01-18T13:40:28.390+0000] {dag.py:2907} INFO - Sync 1 DAGs
[2025-01-18T13:40:28.464+0000] {logging_mixin.py:151} INFO - [2025-01-18T13:40:28.463+0000] {dag.py:3677} INFO - Setting next_dagrun for example_short_circuit_decorator to 2025-01-17T13:40:28.463302+00:00, run_after=2025-01-18T13:40:28.463302+00:00
[2025-01-18T13:40:28.507+0000] {processor.py:179} INFO - Processing /home/airflow/.local/lib/python3.8/site-packages/airflow/example_dags/example_short_circuit_decorator.py took 0.224 seconds
[2025-01-18T13:40:58.671+0000] {processor.py:157} INFO - Started process (PID=175) to work on /home/airflow/.local/lib/python3.8/site-packages/airflow/example_dags/example_short_circuit_decorator.py
[2025-01-18T13:40:58.673+0000] {processor.py:829} INFO - Processing file /home/airflow/.local/lib/python3.8/site-packages/airflow/example_dags/example_short_circuit_decorator.py for tasks to queue
[2025-01-18T13:40:58.676+0000] {logging_mixin.py:151} INFO - [2025-01-18T13:40:58.676+0000] {dagbag.py:539} INFO - Filling up the DagBag from /home/airflow/.local/lib/python3.8/site-packages/airflow/example_dags/example_short_circuit_decorator.py
[2025-01-18T13:40:58.696+0000] {processor.py:839} INFO - DAG(s) dict_keys(['example_short_circuit_decorator']) retrieved from /home/airflow/.local/lib/python3.8/site-packages/airflow/example_dags/example_short_circuit_decorator.py
[2025-01-18T13:40:58.743+0000] {logging_mixin.py:151} INFO - [2025-01-18T13:40:58.743+0000] {dag.py:2907} INFO - Sync 1 DAGs
[2025-01-18T13:40:58.793+0000] {logging_mixin.py:151} INFO - [2025-01-18T13:40:58.792+0000] {dag.py:3677} INFO - Setting next_dagrun for example_short_circuit_decorator to 2025-01-17T13:40:58.792497+00:00, run_after=2025-01-18T13:40:58.792497+00:00
[2025-01-18T13:40:58.842+0000] {processor.py:179} INFO - Processing /home/airflow/.local/lib/python3.8/site-packages/airflow/example_dags/example_short_circuit_decorator.py took 0.177 seconds
[2025-01-18T13:41:29.000+0000] {processor.py:157} INFO - Started process (PID=256) to work on /home/airflow/.local/lib/python3.8/site-packages/airflow/example_dags/example_short_circuit_decorator.py
[2025-01-18T13:41:29.001+0000] {processor.py:829} INFO - Processing file /home/airflow/.local/lib/python3.8/site-packages/airflow/example_dags/example_short_circuit_decorator.py for tasks to queue
[2025-01-18T13:41:29.005+0000] {logging_mixin.py:151} INFO - [2025-01-18T13:41:29.005+0000] {dagbag.py:539} INFO - Filling up the DagBag from /home/airflow/.local/lib/python3.8/site-packages/airflow/example_dags/example_short_circuit_decorator.py
[2025-01-18T13:41:29.022+0000] {processor.py:839} INFO - DAG(s) dict_keys(['example_short_circuit_decorator']) retrieved from /home/airflow/.local/lib/python3.8/site-packages/airflow/example_dags/example_short_circuit_decorator.py
[2025-01-18T13:41:29.064+0000] {logging_mixin.py:151} INFO - [2025-01-18T13:41:29.064+0000] {dag.py:2907} INFO - Sync 1 DAGs
[2025-01-18T13:41:29.105+0000] {logging_mixin.py:151} INFO - [2025-01-18T13:41:29.105+0000] {dag.py:3677} INFO - Setting next_dagrun for example_short_circuit_decorator to 2025-01-17T13:41:29.105090+00:00, run_after=2025-01-18T13:41:29.105090+00:00
[2025-01-18T13:41:29.138+0000] {processor.py:179} INFO - Processing /home/airflow/.local/lib/python3.8/site-packages/airflow/example_dags/example_short_circuit_decorator.py took 0.143 seconds
[2025-01-18T13:42:00.101+0000] {processor.py:157} INFO - Started process (PID=342) to work on /home/airflow/.local/lib/python3.8/site-packages/airflow/example_dags/example_short_circuit_decorator.py
[2025-01-18T13:42:00.103+0000] {processor.py:829} INFO - Processing file /home/airflow/.local/lib/python3.8/site-packages/airflow/example_dags/example_short_circuit_decorator.py for tasks to queue
[2025-01-18T13:42:00.109+0000] {logging_mixin.py:151} INFO - [2025-01-18T13:42:00.108+0000] {dagbag.py:539} INFO - Filling up the DagBag from /home/airflow/.local/lib/python3.8/site-packages/airflow/example_dags/example_short_circuit_decorator.py
[2025-01-18T13:42:00.140+0000] {processor.py:839} INFO - DAG(s) dict_keys(['example_short_circuit_decorator']) retrieved from /home/airflow/.local/lib/python3.8/site-packages/airflow/example_dags/example_short_circuit_decorator.py
[2025-01-18T13:42:00.219+0000] {logging_mixin.py:151} INFO - [2025-01-18T13:42:00.218+0000] {dag.py:2907} INFO - Sync 1 DAGs
[2025-01-18T13:42:00.294+0000] {logging_mixin.py:151} INFO - [2025-01-18T13:42:00.294+0000] {dag.py:3677} INFO - Setting next_dagrun for example_short_circuit_decorator to 2025-01-17T13:42:00.293765+00:00, run_after=2025-01-18T13:42:00.293765+00:00
[2025-01-18T13:42:00.341+0000] {processor.py:179} INFO - Processing /home/airflow/.local/lib/python3.8/site-packages/airflow/example_dags/example_short_circuit_decorator.py took 0.252 seconds
[2025-01-18T13:42:30.797+0000] {processor.py:157} INFO - Started process (PID=408) to work on /home/airflow/.local/lib/python3.8/site-packages/airflow/example_dags/example_short_circuit_decorator.py
[2025-01-18T13:42:30.800+0000] {processor.py:829} INFO - Processing file /home/airflow/.local/lib/python3.8/site-packages/airflow/example_dags/example_short_circuit_decorator.py for tasks to queue
[2025-01-18T13:42:30.805+0000] {logging_mixin.py:151} INFO - [2025-01-18T13:42:30.804+0000] {dagbag.py:539} INFO - Filling up the DagBag from /home/airflow/.local/lib/python3.8/site-packages/airflow/example_dags/example_short_circuit_decorator.py
[2025-01-18T13:42:30.830+0000] {processor.py:839} INFO - DAG(s) dict_keys(['example_short_circuit_decorator']) retrieved from /home/airflow/.local/lib/python3.8/site-packages/airflow/example_dags/example_short_circuit_decorator.py
[2025-01-18T13:42:30.886+0000] {logging_mixin.py:151} INFO - [2025-01-18T13:42:30.885+0000] {dag.py:2907} INFO - Sync 1 DAGs
[2025-01-18T13:42:30.936+0000] {logging_mixin.py:151} INFO - [2025-01-18T13:42:30.936+0000] {dag.py:3677} INFO - Setting next_dagrun for example_short_circuit_decorator to 2025-01-17T13:42:30.935294+00:00, run_after=2025-01-18T13:42:30.935294+00:00
[2025-01-18T13:42:30.976+0000] {processor.py:179} INFO - Processing /home/airflow/.local/lib/python3.8/site-packages/airflow/example_dags/example_short_circuit_decorator.py took 0.186 seconds
[2025-01-18T13:43:02.335+0000] {processor.py:157} INFO - Started process (PID=494) to work on /home/airflow/.local/lib/python3.8/site-packages/airflow/example_dags/example_short_circuit_decorator.py
[2025-01-18T13:43:02.346+0000] {processor.py:829} INFO - Processing file /home/airflow/.local/lib/python3.8/site-packages/airflow/example_dags/example_short_circuit_decorator.py for tasks to queue
[2025-01-18T13:43:02.360+0000] {logging_mixin.py:151} INFO - [2025-01-18T13:43:02.350+0000] {dagbag.py:539} INFO - Filling up the DagBag from /home/airflow/.local/lib/python3.8/site-packages/airflow/example_dags/example_short_circuit_decorator.py
[2025-01-18T13:43:02.411+0000] {processor.py:839} INFO - DAG(s) dict_keys(['example_short_circuit_decorator']) retrieved from /home/airflow/.local/lib/python3.8/site-packages/airflow/example_dags/example_short_circuit_decorator.py
[2025-01-18T13:43:02.570+0000] {logging_mixin.py:151} INFO - [2025-01-18T13:43:02.569+0000] {dag.py:2907} INFO - Sync 1 DAGs
[2025-01-18T13:43:02.712+0000] {logging_mixin.py:151} INFO - [2025-01-18T13:43:02.711+0000] {dag.py:3677} INFO - Setting next_dagrun for example_short_circuit_decorator to 2025-01-17T13:43:02.711380+00:00, run_after=2025-01-18T13:43:02.711380+00:00
[2025-01-18T13:43:02.774+0000] {processor.py:179} INFO - Processing /home/airflow/.local/lib/python3.8/site-packages/airflow/example_dags/example_short_circuit_decorator.py took 0.446 seconds
[2025-01-18T13:43:33.249+0000] {processor.py:157} INFO - Started process (PID=569) to work on /home/airflow/.local/lib/python3.8/site-packages/airflow/example_dags/example_short_circuit_decorator.py
[2025-01-18T13:43:33.251+0000] {processor.py:829} INFO - Processing file /home/airflow/.local/lib/python3.8/site-packages/airflow/example_dags/example_short_circuit_decorator.py for tasks to queue
[2025-01-18T13:43:33.261+0000] {logging_mixin.py:151} INFO - [2025-01-18T13:43:33.260+0000] {dagbag.py:539} INFO - Filling up the DagBag from /home/airflow/.local/lib/python3.8/site-packages/airflow/example_dags/example_short_circuit_decorator.py
[2025-01-18T13:43:33.305+0000] {processor.py:839} INFO - DAG(s) dict_keys(['example_short_circuit_decorator']) retrieved from /home/airflow/.local/lib/python3.8/site-packages/airflow/example_dags/example_short_circuit_decorator.py
[2025-01-18T13:43:33.418+0000] {logging_mixin.py:151} INFO - [2025-01-18T13:43:33.417+0000] {dag.py:2907} INFO - Sync 1 DAGs
[2025-01-18T13:43:33.501+0000] {logging_mixin.py:151} INFO - [2025-01-18T13:43:33.500+0000] {dag.py:3677} INFO - Setting next_dagrun for example_short_circuit_decorator to 2025-01-17T13:43:33.500178+00:00, run_after=2025-01-18T13:43:33.500178+00:00
[2025-01-18T13:43:33.582+0000] {processor.py:179} INFO - Processing /home/airflow/.local/lib/python3.8/site-packages/airflow/example_dags/example_short_circuit_decorator.py took 0.346 seconds
[2025-01-18T13:44:03.898+0000] {processor.py:157} INFO - Started process (PID=647) to work on /home/airflow/.local/lib/python3.8/site-packages/airflow/example_dags/example_short_circuit_decorator.py
[2025-01-18T13:44:03.899+0000] {processor.py:829} INFO - Processing file /home/airflow/.local/lib/python3.8/site-packages/airflow/example_dags/example_short_circuit_decorator.py for tasks to queue
[2025-01-18T13:44:03.903+0000] {logging_mixin.py:151} INFO - [2025-01-18T13:44:03.903+0000] {dagbag.py:539} INFO - Filling up the DagBag from /home/airflow/.local/lib/python3.8/site-packages/airflow/example_dags/example_short_circuit_decorator.py
[2025-01-18T13:44:03.922+0000] {processor.py:839} INFO - DAG(s) dict_keys(['example_short_circuit_decorator']) retrieved from /home/airflow/.local/lib/python3.8/site-packages/airflow/example_dags/example_short_circuit_decorator.py
[2025-01-18T13:44:03.966+0000] {logging_mixin.py:151} INFO - [2025-01-18T13:44:03.965+0000] {dag.py:2907} INFO - Sync 1 DAGs
[2025-01-18T13:44:04.006+0000] {logging_mixin.py:151} INFO - [2025-01-18T13:44:04.005+0000] {dag.py:3677} INFO - Setting next_dagrun for example_short_circuit_decorator to 2025-01-17T13:44:04.005487+00:00, run_after=2025-01-18T13:44:04.005487+00:00
[2025-01-18T13:44:04.040+0000] {processor.py:179} INFO - Processing /home/airflow/.local/lib/python3.8/site-packages/airflow/example_dags/example_short_circuit_decorator.py took 0.146 seconds
[2025-01-18T13:44:34.912+0000] {processor.py:157} INFO - Started process (PID=733) to work on /home/airflow/.local/lib/python3.8/site-packages/airflow/example_dags/example_short_circuit_decorator.py
[2025-01-18T13:44:34.913+0000] {processor.py:829} INFO - Processing file /home/airflow/.local/lib/python3.8/site-packages/airflow/example_dags/example_short_circuit_decorator.py for tasks to queue
[2025-01-18T13:44:34.916+0000] {logging_mixin.py:151} INFO - [2025-01-18T13:44:34.915+0000] {dagbag.py:539} INFO - Filling up the DagBag from /home/airflow/.local/lib/python3.8/site-packages/airflow/example_dags/example_short_circuit_decorator.py
[2025-01-18T13:44:34.928+0000] {processor.py:839} INFO - DAG(s) dict_keys(['example_short_circuit_decorator']) retrieved from /home/airflow/.local/lib/python3.8/site-packages/airflow/example_dags/example_short_circuit_decorator.py
[2025-01-18T13:44:34.958+0000] {logging_mixin.py:151} INFO - [2025-01-18T13:44:34.957+0000] {dag.py:2907} INFO - Sync 1 DAGs
[2025-01-18T13:44:34.983+0000] {logging_mixin.py:151} INFO - [2025-01-18T13:44:34.983+0000] {dag.py:3677} INFO - Setting next_dagrun for example_short_circuit_decorator to 2025-01-17T13:44:34.983378+00:00, run_after=2025-01-18T13:44:34.983378+00:00
[2025-01-18T13:44:35.004+0000] {processor.py:179} INFO - Processing /home/airflow/.local/lib/python3.8/site-packages/airflow/example_dags/example_short_circuit_decorator.py took 0.096 seconds
[2025-01-18T13:45:05.669+0000] {processor.py:157} INFO - Started process (PID=819) to work on /home/airflow/.local/lib/python3.8/site-packages/airflow/example_dags/example_short_circuit_decorator.py
[2025-01-18T13:45:05.671+0000] {processor.py:829} INFO - Processing file /home/airflow/.local/lib/python3.8/site-packages/airflow/example_dags/example_short_circuit_decorator.py for tasks to queue
[2025-01-18T13:45:05.674+0000] {logging_mixin.py:151} INFO - [2025-01-18T13:45:05.674+0000] {dagbag.py:539} INFO - Filling up the DagBag from /home/airflow/.local/lib/python3.8/site-packages/airflow/example_dags/example_short_circuit_decorator.py
[2025-01-18T13:45:05.692+0000] {processor.py:839} INFO - DAG(s) dict_keys(['example_short_circuit_decorator']) retrieved from /home/airflow/.local/lib/python3.8/site-packages/airflow/example_dags/example_short_circuit_decorator.py
[2025-01-18T13:45:05.746+0000] {logging_mixin.py:151} INFO - [2025-01-18T13:45:05.746+0000] {dag.py:2907} INFO - Sync 1 DAGs
[2025-01-18T13:45:05.811+0000] {logging_mixin.py:151} INFO - [2025-01-18T13:45:05.811+0000] {dag.py:3677} INFO - Setting next_dagrun for example_short_circuit_decorator to 2025-01-17T13:45:05.811211+00:00, run_after=2025-01-18T13:45:05.811211+00:00
[2025-01-18T13:45:05.867+0000] {processor.py:179} INFO - Processing /home/airflow/.local/lib/python3.8/site-packages/airflow/example_dags/example_short_circuit_decorator.py took 0.204 seconds
[2025-01-18T13:45:36.693+0000] {processor.py:157} INFO - Started process (PID=905) to work on /home/airflow/.local/lib/python3.8/site-packages/airflow/example_dags/example_short_circuit_decorator.py
[2025-01-18T13:45:36.695+0000] {processor.py:829} INFO - Processing file /home/airflow/.local/lib/python3.8/site-packages/airflow/example_dags/example_short_circuit_decorator.py for tasks to queue
[2025-01-18T13:45:36.698+0000] {logging_mixin.py:151} INFO - [2025-01-18T13:45:36.698+0000] {dagbag.py:539} INFO - Filling up the DagBag from /home/airflow/.local/lib/python3.8/site-packages/airflow/example_dags/example_short_circuit_decorator.py
[2025-01-18T13:45:36.713+0000] {processor.py:839} INFO - DAG(s) dict_keys(['example_short_circuit_decorator']) retrieved from /home/airflow/.local/lib/python3.8/site-packages/airflow/example_dags/example_short_circuit_decorator.py
[2025-01-18T13:45:36.745+0000] {logging_mixin.py:151} INFO - [2025-01-18T13:45:36.745+0000] {dag.py:2907} INFO - Sync 1 DAGs
[2025-01-18T13:45:36.781+0000] {logging_mixin.py:151} INFO - [2025-01-18T13:45:36.780+0000] {dag.py:3677} INFO - Setting next_dagrun for example_short_circuit_decorator to 2025-01-17T13:45:36.780581+00:00, run_after=2025-01-18T13:45:36.780581+00:00
[2025-01-18T13:45:36.814+0000] {processor.py:179} INFO - Processing /home/airflow/.local/lib/python3.8/site-packages/airflow/example_dags/example_short_circuit_decorator.py took 0.125 seconds
[2025-01-18T13:46:07.173+0000] {processor.py:157} INFO - Started process (PID=992) to work on /home/airflow/.local/lib/python3.8/site-packages/airflow/example_dags/example_short_circuit_decorator.py
[2025-01-18T13:46:07.174+0000] {processor.py:829} INFO - Processing file /home/airflow/.local/lib/python3.8/site-packages/airflow/example_dags/example_short_circuit_decorator.py for tasks to queue
[2025-01-18T13:46:07.177+0000] {logging_mixin.py:151} INFO - [2025-01-18T13:46:07.177+0000] {dagbag.py:539} INFO - Filling up the DagBag from /home/airflow/.local/lib/python3.8/site-packages/airflow/example_dags/example_short_circuit_decorator.py
[2025-01-18T13:46:07.194+0000] {processor.py:839} INFO - DAG(s) dict_keys(['example_short_circuit_decorator']) retrieved from /home/airflow/.local/lib/python3.8/site-packages/airflow/example_dags/example_short_circuit_decorator.py
[2025-01-18T13:46:07.229+0000] {logging_mixin.py:151} INFO - [2025-01-18T13:46:07.229+0000] {dag.py:2907} INFO - Sync 1 DAGs
[2025-01-18T13:46:07.262+0000] {logging_mixin.py:151} INFO - [2025-01-18T13:46:07.261+0000] {dag.py:3677} INFO - Setting next_dagrun for example_short_circuit_decorator to 2025-01-17T13:46:07.261666+00:00, run_after=2025-01-18T13:46:07.261666+00:00
[2025-01-18T13:46:07.290+0000] {processor.py:179} INFO - Processing /home/airflow/.local/lib/python3.8/site-packages/airflow/example_dags/example_short_circuit_decorator.py took 0.122 seconds
[2025-01-18T13:46:37.616+0000] {processor.py:157} INFO - Started process (PID=1078) to work on /home/airflow/.local/lib/python3.8/site-packages/airflow/example_dags/example_short_circuit_decorator.py
[2025-01-18T13:46:37.617+0000] {processor.py:829} INFO - Processing file /home/airflow/.local/lib/python3.8/site-packages/airflow/example_dags/example_short_circuit_decorator.py for tasks to queue
[2025-01-18T13:46:37.619+0000] {logging_mixin.py:151} INFO - [2025-01-18T13:46:37.618+0000] {dagbag.py:539} INFO - Filling up the DagBag from /home/airflow/.local/lib/python3.8/site-packages/airflow/example_dags/example_short_circuit_decorator.py
[2025-01-18T13:46:37.627+0000] {processor.py:839} INFO - DAG(s) dict_keys(['example_short_circuit_decorator']) retrieved from /home/airflow/.local/lib/python3.8/site-packages/airflow/example_dags/example_short_circuit_decorator.py
[2025-01-18T13:46:37.650+0000] {logging_mixin.py:151} INFO - [2025-01-18T13:46:37.650+0000] {dag.py:2907} INFO - Sync 1 DAGs
[2025-01-18T13:46:37.678+0000] {logging_mixin.py:151} INFO - [2025-01-18T13:46:37.678+0000] {dag.py:3677} INFO - Setting next_dagrun for example_short_circuit_decorator to 2025-01-17T13:46:37.678311+00:00, run_after=2025-01-18T13:46:37.678311+00:00
[2025-01-18T13:46:37.705+0000] {processor.py:179} INFO - Processing /home/airflow/.local/lib/python3.8/site-packages/airflow/example_dags/example_short_circuit_decorator.py took 0.092 seconds
[2025-01-18T13:47:08.330+0000] {processor.py:157} INFO - Started process (PID=1165) to work on /home/airflow/.local/lib/python3.8/site-packages/airflow/example_dags/example_short_circuit_decorator.py
[2025-01-18T13:47:08.331+0000] {processor.py:829} INFO - Processing file /home/airflow/.local/lib/python3.8/site-packages/airflow/example_dags/example_short_circuit_decorator.py for tasks to queue
[2025-01-18T13:47:08.334+0000] {logging_mixin.py:151} INFO - [2025-01-18T13:47:08.334+0000] {dagbag.py:539} INFO - Filling up the DagBag from /home/airflow/.local/lib/python3.8/site-packages/airflow/example_dags/example_short_circuit_decorator.py
[2025-01-18T13:47:08.348+0000] {processor.py:839} INFO - DAG(s) dict_keys(['example_short_circuit_decorator']) retrieved from /home/airflow/.local/lib/python3.8/site-packages/airflow/example_dags/example_short_circuit_decorator.py
[2025-01-18T13:47:08.395+0000] {logging_mixin.py:151} INFO - [2025-01-18T13:47:08.394+0000] {dag.py:2907} INFO - Sync 1 DAGs
[2025-01-18T13:47:08.425+0000] {logging_mixin.py:151} INFO - [2025-01-18T13:47:08.424+0000] {dag.py:3677} INFO - Setting next_dagrun for example_short_circuit_decorator to 2025-01-17T13:47:08.424412+00:00, run_after=2025-01-18T13:47:08.424412+00:00
[2025-01-18T13:47:08.451+0000] {processor.py:179} INFO - Processing /home/airflow/.local/lib/python3.8/site-packages/airflow/example_dags/example_short_circuit_decorator.py took 0.125 seconds
[2025-01-18T13:47:39.118+0000] {processor.py:157} INFO - Started process (PID=1250) to work on /home/airflow/.local/lib/python3.8/site-packages/airflow/example_dags/example_short_circuit_decorator.py
[2025-01-18T13:47:39.119+0000] {processor.py:829} INFO - Processing file /home/airflow/.local/lib/python3.8/site-packages/airflow/example_dags/example_short_circuit_decorator.py for tasks to queue
[2025-01-18T13:47:39.124+0000] {logging_mixin.py:151} INFO - [2025-01-18T13:47:39.123+0000] {dagbag.py:539} INFO - Filling up the DagBag from /home/airflow/.local/lib/python3.8/site-packages/airflow/example_dags/example_short_circuit_decorator.py
[2025-01-18T13:47:39.146+0000] {processor.py:839} INFO - DAG(s) dict_keys(['example_short_circuit_decorator']) retrieved from /home/airflow/.local/lib/python3.8/site-packages/airflow/example_dags/example_short_circuit_decorator.py
[2025-01-18T13:47:39.209+0000] {logging_mixin.py:151} INFO - [2025-01-18T13:47:39.208+0000] {dag.py:2907} INFO - Sync 1 DAGs
[2025-01-18T13:47:39.254+0000] {logging_mixin.py:151} INFO - [2025-01-18T13:47:39.254+0000] {dag.py:3677} INFO - Setting next_dagrun for example_short_circuit_decorator to 2025-01-17T13:47:39.254014+00:00, run_after=2025-01-18T13:47:39.254014+00:00
[2025-01-18T13:47:39.292+0000] {processor.py:179} INFO - Processing /home/airflow/.local/lib/python3.8/site-packages/airflow/example_dags/example_short_circuit_decorator.py took 0.181 seconds
[2025-01-18T13:48:10.093+0000] {processor.py:157} INFO - Started process (PID=1324) to work on /home/airflow/.local/lib/python3.8/site-packages/airflow/example_dags/example_short_circuit_decorator.py
[2025-01-18T13:48:10.096+0000] {processor.py:829} INFO - Processing file /home/airflow/.local/lib/python3.8/site-packages/airflow/example_dags/example_short_circuit_decorator.py for tasks to queue
[2025-01-18T13:48:10.102+0000] {logging_mixin.py:151} INFO - [2025-01-18T13:48:10.101+0000] {dagbag.py:539} INFO - Filling up the DagBag from /home/airflow/.local/lib/python3.8/site-packages/airflow/example_dags/example_short_circuit_decorator.py
[2025-01-18T13:48:10.137+0000] {processor.py:839} INFO - DAG(s) dict_keys(['example_short_circuit_decorator']) retrieved from /home/airflow/.local/lib/python3.8/site-packages/airflow/example_dags/example_short_circuit_decorator.py
[2025-01-18T13:48:10.216+0000] {logging_mixin.py:151} INFO - [2025-01-18T13:48:10.215+0000] {dag.py:2907} INFO - Sync 1 DAGs
[2025-01-18T13:48:10.318+0000] {logging_mixin.py:151} INFO - [2025-01-18T13:48:10.317+0000] {dag.py:3677} INFO - Setting next_dagrun for example_short_circuit_decorator to 2025-01-17T13:48:10.314166+00:00, run_after=2025-01-18T13:48:10.314166+00:00
[2025-01-18T13:48:10.384+0000] {processor.py:179} INFO - Processing /home/airflow/.local/lib/python3.8/site-packages/airflow/example_dags/example_short_circuit_decorator.py took 0.300 seconds
[2025-01-18T13:48:40.596+0000] {processor.py:157} INFO - Started process (PID=1402) to work on /home/airflow/.local/lib/python3.8/site-packages/airflow/example_dags/example_short_circuit_decorator.py
[2025-01-18T13:48:40.597+0000] {processor.py:829} INFO - Processing file /home/airflow/.local/lib/python3.8/site-packages/airflow/example_dags/example_short_circuit_decorator.py for tasks to queue
[2025-01-18T13:48:40.599+0000] {logging_mixin.py:151} INFO - [2025-01-18T13:48:40.599+0000] {dagbag.py:539} INFO - Filling up the DagBag from /home/airflow/.local/lib/python3.8/site-packages/airflow/example_dags/example_short_circuit_decorator.py
[2025-01-18T13:48:40.612+0000] {processor.py:839} INFO - DAG(s) dict_keys(['example_short_circuit_decorator']) retrieved from /home/airflow/.local/lib/python3.8/site-packages/airflow/example_dags/example_short_circuit_decorator.py
[2025-01-18T13:48:40.637+0000] {logging_mixin.py:151} INFO - [2025-01-18T13:48:40.637+0000] {dag.py:2907} INFO - Sync 1 DAGs
[2025-01-18T13:48:40.660+0000] {logging_mixin.py:151} INFO - [2025-01-18T13:48:40.659+0000] {dag.py:3677} INFO - Setting next_dagrun for example_short_circuit_decorator to 2025-01-17T13:48:40.659664+00:00, run_after=2025-01-18T13:48:40.659664+00:00
[2025-01-18T13:48:40.687+0000] {processor.py:179} INFO - Processing /home/airflow/.local/lib/python3.8/site-packages/airflow/example_dags/example_short_circuit_decorator.py took 0.093 seconds
[2025-01-18T13:49:11.425+0000] {processor.py:157} INFO - Started process (PID=1489) to work on /home/airflow/.local/lib/python3.8/site-packages/airflow/example_dags/example_short_circuit_decorator.py
[2025-01-18T13:49:11.426+0000] {processor.py:829} INFO - Processing file /home/airflow/.local/lib/python3.8/site-packages/airflow/example_dags/example_short_circuit_decorator.py for tasks to queue
[2025-01-18T13:49:11.428+0000] {logging_mixin.py:151} INFO - [2025-01-18T13:49:11.428+0000] {dagbag.py:539} INFO - Filling up the DagBag from /home/airflow/.local/lib/python3.8/site-packages/airflow/example_dags/example_short_circuit_decorator.py
[2025-01-18T13:49:11.439+0000] {processor.py:839} INFO - DAG(s) dict_keys(['example_short_circuit_decorator']) retrieved from /home/airflow/.local/lib/python3.8/site-packages/airflow/example_dags/example_short_circuit_decorator.py
[2025-01-18T13:49:11.469+0000] {logging_mixin.py:151} INFO - [2025-01-18T13:49:11.469+0000] {dag.py:2907} INFO - Sync 1 DAGs
[2025-01-18T13:49:11.494+0000] {logging_mixin.py:151} INFO - [2025-01-18T13:49:11.493+0000] {dag.py:3677} INFO - Setting next_dagrun for example_short_circuit_decorator to 2025-01-17T13:49:11.493694+00:00, run_after=2025-01-18T13:49:11.493694+00:00
[2025-01-18T13:49:11.514+0000] {processor.py:179} INFO - Processing /home/airflow/.local/lib/python3.8/site-packages/airflow/example_dags/example_short_circuit_decorator.py took 0.093 seconds
[2025-01-18T13:49:42.410+0000] {processor.py:157} INFO - Started process (PID=1575) to work on /home/airflow/.local/lib/python3.8/site-packages/airflow/example_dags/example_short_circuit_decorator.py
[2025-01-18T13:49:42.411+0000] {processor.py:829} INFO - Processing file /home/airflow/.local/lib/python3.8/site-packages/airflow/example_dags/example_short_circuit_decorator.py for tasks to queue
[2025-01-18T13:49:42.414+0000] {logging_mixin.py:151} INFO - [2025-01-18T13:49:42.414+0000] {dagbag.py:539} INFO - Filling up the DagBag from /home/airflow/.local/lib/python3.8/site-packages/airflow/example_dags/example_short_circuit_decorator.py
[2025-01-18T13:49:42.423+0000] {processor.py:839} INFO - DAG(s) dict_keys(['example_short_circuit_decorator']) retrieved from /home/airflow/.local/lib/python3.8/site-packages/airflow/example_dags/example_short_circuit_decorator.py
[2025-01-18T13:49:42.445+0000] {logging_mixin.py:151} INFO - [2025-01-18T13:49:42.445+0000] {dag.py:2907} INFO - Sync 1 DAGs
[2025-01-18T13:49:42.464+0000] {logging_mixin.py:151} INFO - [2025-01-18T13:49:42.464+0000] {dag.py:3677} INFO - Setting next_dagrun for example_short_circuit_decorator to 2025-01-17T13:49:42.464308+00:00, run_after=2025-01-18T13:49:42.464308+00:00
[2025-01-18T13:49:42.481+0000] {processor.py:179} INFO - Processing /home/airflow/.local/lib/python3.8/site-packages/airflow/example_dags/example_short_circuit_decorator.py took 0.074 seconds
[2025-01-18T13:50:13.292+0000] {processor.py:157} INFO - Started process (PID=1662) to work on /home/airflow/.local/lib/python3.8/site-packages/airflow/example_dags/example_short_circuit_decorator.py
[2025-01-18T13:50:13.293+0000] {processor.py:829} INFO - Processing file /home/airflow/.local/lib/python3.8/site-packages/airflow/example_dags/example_short_circuit_decorator.py for tasks to queue
[2025-01-18T13:50:13.296+0000] {logging_mixin.py:151} INFO - [2025-01-18T13:50:13.296+0000] {dagbag.py:539} INFO - Filling up the DagBag from /home/airflow/.local/lib/python3.8/site-packages/airflow/example_dags/example_short_circuit_decorator.py
[2025-01-18T13:50:13.305+0000] {processor.py:839} INFO - DAG(s) dict_keys(['example_short_circuit_decorator']) retrieved from /home/airflow/.local/lib/python3.8/site-packages/airflow/example_dags/example_short_circuit_decorator.py
[2025-01-18T13:50:13.335+0000] {logging_mixin.py:151} INFO - [2025-01-18T13:50:13.335+0000] {dag.py:2907} INFO - Sync 1 DAGs
[2025-01-18T13:50:13.359+0000] {logging_mixin.py:151} INFO - [2025-01-18T13:50:13.358+0000] {dag.py:3677} INFO - Setting next_dagrun for example_short_circuit_decorator to 2025-01-17T13:50:13.358719+00:00, run_after=2025-01-18T13:50:13.358719+00:00
[2025-01-18T13:50:13.382+0000] {processor.py:179} INFO - Processing /home/airflow/.local/lib/python3.8/site-packages/airflow/example_dags/example_short_circuit_decorator.py took 0.093 seconds
[2025-01-18T13:50:43.973+0000] {processor.py:157} INFO - Started process (PID=1775) to work on /home/airflow/.local/lib/python3.8/site-packages/airflow/example_dags/example_short_circuit_decorator.py
[2025-01-18T13:50:43.975+0000] {processor.py:829} INFO - Processing file /home/airflow/.local/lib/python3.8/site-packages/airflow/example_dags/example_short_circuit_decorator.py for tasks to queue
[2025-01-18T13:50:43.978+0000] {logging_mixin.py:151} INFO - [2025-01-18T13:50:43.977+0000] {dagbag.py:539} INFO - Filling up the DagBag from /home/airflow/.local/lib/python3.8/site-packages/airflow/example_dags/example_short_circuit_decorator.py
[2025-01-18T13:50:43.997+0000] {processor.py:839} INFO - DAG(s) dict_keys(['example_short_circuit_decorator']) retrieved from /home/airflow/.local/lib/python3.8/site-packages/airflow/example_dags/example_short_circuit_decorator.py
[2025-01-18T13:50:44.031+0000] {logging_mixin.py:151} INFO - [2025-01-18T13:50:44.031+0000] {dag.py:2907} INFO - Sync 1 DAGs
[2025-01-18T13:50:44.060+0000] {logging_mixin.py:151} INFO - [2025-01-18T13:50:44.060+0000] {dag.py:3677} INFO - Setting next_dagrun for example_short_circuit_decorator to 2025-01-17T13:50:44.060163+00:00, run_after=2025-01-18T13:50:44.060163+00:00
[2025-01-18T13:50:44.085+0000] {processor.py:179} INFO - Processing /home/airflow/.local/lib/python3.8/site-packages/airflow/example_dags/example_short_circuit_decorator.py took 0.115 seconds
[2025-01-18T13:51:14.256+0000] {processor.py:157} INFO - Started process (PID=1861) to work on /home/airflow/.local/lib/python3.8/site-packages/airflow/example_dags/example_short_circuit_decorator.py
[2025-01-18T13:51:14.257+0000] {processor.py:829} INFO - Processing file /home/airflow/.local/lib/python3.8/site-packages/airflow/example_dags/example_short_circuit_decorator.py for tasks to queue
[2025-01-18T13:51:14.260+0000] {logging_mixin.py:151} INFO - [2025-01-18T13:51:14.259+0000] {dagbag.py:539} INFO - Filling up the DagBag from /home/airflow/.local/lib/python3.8/site-packages/airflow/example_dags/example_short_circuit_decorator.py
[2025-01-18T13:51:14.270+0000] {processor.py:839} INFO - DAG(s) dict_keys(['example_short_circuit_decorator']) retrieved from /home/airflow/.local/lib/python3.8/site-packages/airflow/example_dags/example_short_circuit_decorator.py
[2025-01-18T13:51:14.297+0000] {logging_mixin.py:151} INFO - [2025-01-18T13:51:14.297+0000] {dag.py:2907} INFO - Sync 1 DAGs
[2025-01-18T13:51:14.319+0000] {logging_mixin.py:151} INFO - [2025-01-18T13:51:14.319+0000] {dag.py:3677} INFO - Setting next_dagrun for example_short_circuit_decorator to 2025-01-17T13:51:14.319338+00:00, run_after=2025-01-18T13:51:14.319338+00:00
[2025-01-18T13:51:14.339+0000] {processor.py:179} INFO - Processing /home/airflow/.local/lib/python3.8/site-packages/airflow/example_dags/example_short_circuit_decorator.py took 0.086 seconds
[2025-01-18T15:08:34.121+0000] {processor.py:157} INFO - Started process (PID=16115) to work on /home/airflow/.local/lib/python3.8/site-packages/airflow/example_dags/example_short_circuit_decorator.py
[2025-01-18T15:08:34.121+0000] {processor.py:829} INFO - Processing file /home/airflow/.local/lib/python3.8/site-packages/airflow/example_dags/example_short_circuit_decorator.py for tasks to queue
[2025-01-18T15:08:34.123+0000] {logging_mixin.py:151} INFO - [2025-01-18T15:08:34.123+0000] {dagbag.py:539} INFO - Filling up the DagBag from /home/airflow/.local/lib/python3.8/site-packages/airflow/example_dags/example_short_circuit_decorator.py
[2025-01-18T15:08:34.132+0000] {processor.py:839} INFO - DAG(s) dict_keys(['example_short_circuit_decorator']) retrieved from /home/airflow/.local/lib/python3.8/site-packages/airflow/example_dags/example_short_circuit_decorator.py
[2025-01-18T15:08:34.155+0000] {logging_mixin.py:151} INFO - [2025-01-18T15:08:34.154+0000] {dag.py:2907} INFO - Sync 1 DAGs
[2025-01-18T15:08:34.173+0000] {logging_mixin.py:151} INFO - [2025-01-18T15:08:34.173+0000] {dag.py:3677} INFO - Setting next_dagrun for example_short_circuit_decorator to 2025-01-17T15:08:34.173397+00:00, run_after=2025-01-18T15:08:34.173397+00:00
[2025-01-18T15:08:34.190+0000] {processor.py:179} INFO - Processing /home/airflow/.local/lib/python3.8/site-packages/airflow/example_dags/example_short_circuit_decorator.py took 0.073 seconds
[2025-01-18T15:09:04.733+0000] {processor.py:157} INFO - Started process (PID=16227) to work on /home/airflow/.local/lib/python3.8/site-packages/airflow/example_dags/example_short_circuit_decorator.py
[2025-01-18T15:09:04.734+0000] {processor.py:829} INFO - Processing file /home/airflow/.local/lib/python3.8/site-packages/airflow/example_dags/example_short_circuit_decorator.py for tasks to queue
[2025-01-18T15:09:04.736+0000] {logging_mixin.py:151} INFO - [2025-01-18T15:09:04.736+0000] {dagbag.py:539} INFO - Filling up the DagBag from /home/airflow/.local/lib/python3.8/site-packages/airflow/example_dags/example_short_circuit_decorator.py
[2025-01-18T15:09:04.745+0000] {processor.py:839} INFO - DAG(s) dict_keys(['example_short_circuit_decorator']) retrieved from /home/airflow/.local/lib/python3.8/site-packages/airflow/example_dags/example_short_circuit_decorator.py
[2025-01-18T15:09:04.769+0000] {logging_mixin.py:151} INFO - [2025-01-18T15:09:04.769+0000] {dag.py:2907} INFO - Sync 1 DAGs
[2025-01-18T15:09:04.789+0000] {logging_mixin.py:151} INFO - [2025-01-18T15:09:04.788+0000] {dag.py:3677} INFO - Setting next_dagrun for example_short_circuit_decorator to 2025-01-17T15:09:04.788704+00:00, run_after=2025-01-18T15:09:04.788704+00:00
[2025-01-18T15:09:04.806+0000] {processor.py:179} INFO - Processing /home/airflow/.local/lib/python3.8/site-packages/airflow/example_dags/example_short_circuit_decorator.py took 0.077 seconds
