[2025-01-18T00:11:08.980+0000] {processor.py:157} INFO - Started process (PID=109) to work on /home/airflow/.local/lib/python3.8/site-packages/airflow/example_dags/example_setup_teardown.py
[2025-01-18T00:11:08.982+0000] {processor.py:829} INFO - Processing file /home/airflow/.local/lib/python3.8/site-packages/airflow/example_dags/example_setup_teardown.py for tasks to queue
[2025-01-18T00:11:08.989+0000] {logging_mixin.py:151} INFO - [2025-01-18T00:11:08.989+0000] {dagbag.py:539} INFO - Filling up the DagBag from /home/airflow/.local/lib/python3.8/site-packages/airflow/example_dags/example_setup_teardown.py
[2025-01-18T00:11:09.011+0000] {processor.py:839} INFO - DAG(s) dict_keys(['example_setup_teardown']) retrieved from /home/airflow/.local/lib/python3.8/site-packages/airflow/example_dags/example_setup_teardown.py
[2025-01-18T00:11:09.085+0000] {logging_mixin.py:151} INFO - [2025-01-18T00:11:09.085+0000] {dag.py:2907} INFO - Sync 1 DAGs
[2025-01-18T00:11:09.147+0000] {logging_mixin.py:151} INFO - [2025-01-18T00:11:09.147+0000] {dag.py:3677} INFO - Setting next_dagrun for example_setup_teardown to 2025-01-17T00:11:09.146812+00:00, run_after=2025-01-18T00:11:09.146812+00:00
[2025-01-18T00:11:09.208+0000] {processor.py:179} INFO - Processing /home/airflow/.local/lib/python3.8/site-packages/airflow/example_dags/example_setup_teardown.py took 0.239 seconds
[2025-01-18T00:11:40.509+0000] {processor.py:157} INFO - Started process (PID=198) to work on /home/airflow/.local/lib/python3.8/site-packages/airflow/example_dags/example_setup_teardown.py
[2025-01-18T00:11:40.512+0000] {processor.py:829} INFO - Processing file /home/airflow/.local/lib/python3.8/site-packages/airflow/example_dags/example_setup_teardown.py for tasks to queue
[2025-01-18T00:11:40.517+0000] {logging_mixin.py:151} INFO - [2025-01-18T00:11:40.516+0000] {dagbag.py:539} INFO - Filling up the DagBag from /home/airflow/.local/lib/python3.8/site-packages/airflow/example_dags/example_setup_teardown.py
[2025-01-18T00:11:40.535+0000] {processor.py:839} INFO - DAG(s) dict_keys(['example_setup_teardown']) retrieved from /home/airflow/.local/lib/python3.8/site-packages/airflow/example_dags/example_setup_teardown.py
[2025-01-18T00:11:40.617+0000] {logging_mixin.py:151} INFO - [2025-01-18T00:11:40.617+0000] {dag.py:2907} INFO - Sync 1 DAGs
[2025-01-18T00:11:40.698+0000] {logging_mixin.py:151} INFO - [2025-01-18T00:11:40.698+0000] {dag.py:3677} INFO - Setting next_dagrun for example_setup_teardown to 2025-01-17T00:11:40.693449+00:00, run_after=2025-01-18T00:11:40.693449+00:00
[2025-01-18T00:11:40.792+0000] {processor.py:179} INFO - Processing /home/airflow/.local/lib/python3.8/site-packages/airflow/example_dags/example_setup_teardown.py took 0.290 seconds
[2025-01-18T00:12:11.662+0000] {processor.py:157} INFO - Started process (PID=295) to work on /home/airflow/.local/lib/python3.8/site-packages/airflow/example_dags/example_setup_teardown.py
[2025-01-18T00:12:11.664+0000] {processor.py:829} INFO - Processing file /home/airflow/.local/lib/python3.8/site-packages/airflow/example_dags/example_setup_teardown.py for tasks to queue
[2025-01-18T00:12:11.667+0000] {logging_mixin.py:151} INFO - [2025-01-18T00:12:11.667+0000] {dagbag.py:539} INFO - Filling up the DagBag from /home/airflow/.local/lib/python3.8/site-packages/airflow/example_dags/example_setup_teardown.py
[2025-01-18T00:12:11.679+0000] {processor.py:839} INFO - DAG(s) dict_keys(['example_setup_teardown']) retrieved from /home/airflow/.local/lib/python3.8/site-packages/airflow/example_dags/example_setup_teardown.py
[2025-01-18T00:12:11.713+0000] {logging_mixin.py:151} INFO - [2025-01-18T00:12:11.713+0000] {dag.py:2907} INFO - Sync 1 DAGs
[2025-01-18T00:12:11.750+0000] {logging_mixin.py:151} INFO - [2025-01-18T00:12:11.749+0000] {dag.py:3677} INFO - Setting next_dagrun for example_setup_teardown to 2025-01-17T00:12:11.749453+00:00, run_after=2025-01-18T00:12:11.749453+00:00
[2025-01-18T00:12:11.775+0000] {processor.py:179} INFO - Processing /home/airflow/.local/lib/python3.8/site-packages/airflow/example_dags/example_setup_teardown.py took 0.117 seconds
[2025-01-18T00:12:41.830+0000] {processor.py:157} INFO - Started process (PID=381) to work on /home/airflow/.local/lib/python3.8/site-packages/airflow/example_dags/example_setup_teardown.py
[2025-01-18T00:12:41.831+0000] {processor.py:829} INFO - Processing file /home/airflow/.local/lib/python3.8/site-packages/airflow/example_dags/example_setup_teardown.py for tasks to queue
[2025-01-18T00:12:41.834+0000] {logging_mixin.py:151} INFO - [2025-01-18T00:12:41.834+0000] {dagbag.py:539} INFO - Filling up the DagBag from /home/airflow/.local/lib/python3.8/site-packages/airflow/example_dags/example_setup_teardown.py
[2025-01-18T00:12:41.843+0000] {processor.py:839} INFO - DAG(s) dict_keys(['example_setup_teardown']) retrieved from /home/airflow/.local/lib/python3.8/site-packages/airflow/example_dags/example_setup_teardown.py
[2025-01-18T00:12:41.869+0000] {logging_mixin.py:151} INFO - [2025-01-18T00:12:41.869+0000] {dag.py:2907} INFO - Sync 1 DAGs
[2025-01-18T00:12:41.897+0000] {logging_mixin.py:151} INFO - [2025-01-18T00:12:41.896+0000] {dag.py:3677} INFO - Setting next_dagrun for example_setup_teardown to 2025-01-17T00:12:41.896633+00:00, run_after=2025-01-18T00:12:41.896633+00:00
[2025-01-18T00:12:41.921+0000] {processor.py:179} INFO - Processing /home/airflow/.local/lib/python3.8/site-packages/airflow/example_dags/example_setup_teardown.py took 0.095 seconds
[2025-01-18T00:14:25.478+0000] {processor.py:157} INFO - Started process (PID=88) to work on /home/airflow/.local/lib/python3.8/site-packages/airflow/example_dags/example_setup_teardown.py
[2025-01-18T00:14:25.481+0000] {processor.py:829} INFO - Processing file /home/airflow/.local/lib/python3.8/site-packages/airflow/example_dags/example_setup_teardown.py for tasks to queue
[2025-01-18T00:14:25.485+0000] {logging_mixin.py:151} INFO - [2025-01-18T00:14:25.485+0000] {dagbag.py:539} INFO - Filling up the DagBag from /home/airflow/.local/lib/python3.8/site-packages/airflow/example_dags/example_setup_teardown.py
[2025-01-18T00:14:25.505+0000] {processor.py:839} INFO - DAG(s) dict_keys(['example_setup_teardown']) retrieved from /home/airflow/.local/lib/python3.8/site-packages/airflow/example_dags/example_setup_teardown.py
[2025-01-18T00:14:25.561+0000] {logging_mixin.py:151} INFO - [2025-01-18T00:14:25.561+0000] {dag.py:2907} INFO - Sync 1 DAGs
[2025-01-18T00:14:25.615+0000] {logging_mixin.py:151} INFO - [2025-01-18T00:14:25.615+0000] {dag.py:3677} INFO - Setting next_dagrun for example_setup_teardown to 2025-01-17T00:14:25.615078+00:00, run_after=2025-01-18T00:14:25.615078+00:00
[2025-01-18T00:14:25.656+0000] {processor.py:179} INFO - Processing /home/airflow/.local/lib/python3.8/site-packages/airflow/example_dags/example_setup_teardown.py took 0.185 seconds
[2025-01-18T00:14:55.806+0000] {processor.py:157} INFO - Started process (PID=166) to work on /home/airflow/.local/lib/python3.8/site-packages/airflow/example_dags/example_setup_teardown.py
[2025-01-18T00:14:55.810+0000] {processor.py:829} INFO - Processing file /home/airflow/.local/lib/python3.8/site-packages/airflow/example_dags/example_setup_teardown.py for tasks to queue
[2025-01-18T00:14:55.817+0000] {logging_mixin.py:151} INFO - [2025-01-18T00:14:55.816+0000] {dagbag.py:539} INFO - Filling up the DagBag from /home/airflow/.local/lib/python3.8/site-packages/airflow/example_dags/example_setup_teardown.py
[2025-01-18T00:14:55.842+0000] {processor.py:839} INFO - DAG(s) dict_keys(['example_setup_teardown']) retrieved from /home/airflow/.local/lib/python3.8/site-packages/airflow/example_dags/example_setup_teardown.py
[2025-01-18T00:14:55.930+0000] {logging_mixin.py:151} INFO - [2025-01-18T00:14:55.929+0000] {dag.py:2907} INFO - Sync 1 DAGs
[2025-01-18T00:14:56.008+0000] {logging_mixin.py:151} INFO - [2025-01-18T00:14:56.007+0000] {dag.py:3677} INFO - Setting next_dagrun for example_setup_teardown to 2025-01-17T00:14:56.006898+00:00, run_after=2025-01-18T00:14:56.006898+00:00
[2025-01-18T00:14:56.061+0000] {processor.py:179} INFO - Processing /home/airflow/.local/lib/python3.8/site-packages/airflow/example_dags/example_setup_teardown.py took 0.263 seconds
[2025-01-18T00:15:26.655+0000] {processor.py:157} INFO - Started process (PID=252) to work on /home/airflow/.local/lib/python3.8/site-packages/airflow/example_dags/example_setup_teardown.py
[2025-01-18T00:15:26.656+0000] {processor.py:829} INFO - Processing file /home/airflow/.local/lib/python3.8/site-packages/airflow/example_dags/example_setup_teardown.py for tasks to queue
[2025-01-18T00:15:26.660+0000] {logging_mixin.py:151} INFO - [2025-01-18T00:15:26.660+0000] {dagbag.py:539} INFO - Filling up the DagBag from /home/airflow/.local/lib/python3.8/site-packages/airflow/example_dags/example_setup_teardown.py
[2025-01-18T00:15:26.675+0000] {processor.py:839} INFO - DAG(s) dict_keys(['example_setup_teardown']) retrieved from /home/airflow/.local/lib/python3.8/site-packages/airflow/example_dags/example_setup_teardown.py
[2025-01-18T00:15:26.718+0000] {logging_mixin.py:151} INFO - [2025-01-18T00:15:26.718+0000] {dag.py:2907} INFO - Sync 1 DAGs
[2025-01-18T00:15:26.763+0000] {logging_mixin.py:151} INFO - [2025-01-18T00:15:26.762+0000] {dag.py:3677} INFO - Setting next_dagrun for example_setup_teardown to 2025-01-17T00:15:26.762307+00:00, run_after=2025-01-18T00:15:26.762307+00:00
[2025-01-18T00:15:26.803+0000] {processor.py:179} INFO - Processing /home/airflow/.local/lib/python3.8/site-packages/airflow/example_dags/example_setup_teardown.py took 0.157 seconds
[2025-01-18T00:15:57.290+0000] {processor.py:157} INFO - Started process (PID=338) to work on /home/airflow/.local/lib/python3.8/site-packages/airflow/example_dags/example_setup_teardown.py
[2025-01-18T00:15:57.292+0000] {processor.py:829} INFO - Processing file /home/airflow/.local/lib/python3.8/site-packages/airflow/example_dags/example_setup_teardown.py for tasks to queue
[2025-01-18T00:15:57.295+0000] {logging_mixin.py:151} INFO - [2025-01-18T00:15:57.295+0000] {dagbag.py:539} INFO - Filling up the DagBag from /home/airflow/.local/lib/python3.8/site-packages/airflow/example_dags/example_setup_teardown.py
[2025-01-18T00:15:57.308+0000] {processor.py:839} INFO - DAG(s) dict_keys(['example_setup_teardown']) retrieved from /home/airflow/.local/lib/python3.8/site-packages/airflow/example_dags/example_setup_teardown.py
[2025-01-18T00:15:57.348+0000] {logging_mixin.py:151} INFO - [2025-01-18T00:15:57.348+0000] {dag.py:2907} INFO - Sync 1 DAGs
[2025-01-18T00:15:57.400+0000] {logging_mixin.py:151} INFO - [2025-01-18T00:15:57.400+0000] {dag.py:3677} INFO - Setting next_dagrun for example_setup_teardown to 2025-01-17T00:15:57.399938+00:00, run_after=2025-01-18T00:15:57.399938+00:00
[2025-01-18T00:15:57.436+0000] {processor.py:179} INFO - Processing /home/airflow/.local/lib/python3.8/site-packages/airflow/example_dags/example_setup_teardown.py took 0.151 seconds
[2025-01-18T00:16:29.486+0000] {processor.py:157} INFO - Started process (PID=424) to work on /home/airflow/.local/lib/python3.8/site-packages/airflow/example_dags/example_setup_teardown.py
[2025-01-18T00:16:29.489+0000] {processor.py:829} INFO - Processing file /home/airflow/.local/lib/python3.8/site-packages/airflow/example_dags/example_setup_teardown.py for tasks to queue
[2025-01-18T00:16:29.497+0000] {logging_mixin.py:151} INFO - [2025-01-18T00:16:29.496+0000] {dagbag.py:539} INFO - Filling up the DagBag from /home/airflow/.local/lib/python3.8/site-packages/airflow/example_dags/example_setup_teardown.py
[2025-01-18T00:16:29.522+0000] {processor.py:839} INFO - DAG(s) dict_keys(['example_setup_teardown']) retrieved from /home/airflow/.local/lib/python3.8/site-packages/airflow/example_dags/example_setup_teardown.py
[2025-01-18T00:16:29.587+0000] {logging_mixin.py:151} INFO - [2025-01-18T00:16:29.587+0000] {dag.py:2907} INFO - Sync 1 DAGs
[2025-01-18T00:16:29.649+0000] {logging_mixin.py:151} INFO - [2025-01-18T00:16:29.648+0000] {dag.py:3677} INFO - Setting next_dagrun for example_setup_teardown to 2025-01-17T00:16:29.648342+00:00, run_after=2025-01-18T00:16:29.648342+00:00
[2025-01-18T00:16:29.694+0000] {processor.py:179} INFO - Processing /home/airflow/.local/lib/python3.8/site-packages/airflow/example_dags/example_setup_teardown.py took 0.224 seconds
[2025-01-18T00:16:59.896+0000] {processor.py:157} INFO - Started process (PID=519) to work on /home/airflow/.local/lib/python3.8/site-packages/airflow/example_dags/example_setup_teardown.py
[2025-01-18T00:16:59.898+0000] {processor.py:829} INFO - Processing file /home/airflow/.local/lib/python3.8/site-packages/airflow/example_dags/example_setup_teardown.py for tasks to queue
[2025-01-18T00:16:59.904+0000] {logging_mixin.py:151} INFO - [2025-01-18T00:16:59.903+0000] {dagbag.py:539} INFO - Filling up the DagBag from /home/airflow/.local/lib/python3.8/site-packages/airflow/example_dags/example_setup_teardown.py
[2025-01-18T00:16:59.925+0000] {processor.py:839} INFO - DAG(s) dict_keys(['example_setup_teardown']) retrieved from /home/airflow/.local/lib/python3.8/site-packages/airflow/example_dags/example_setup_teardown.py
[2025-01-18T00:16:59.987+0000] {logging_mixin.py:151} INFO - [2025-01-18T00:16:59.987+0000] {dag.py:2907} INFO - Sync 1 DAGs
[2025-01-18T00:17:00.045+0000] {logging_mixin.py:151} INFO - [2025-01-18T00:17:00.045+0000] {dag.py:3677} INFO - Setting next_dagrun for example_setup_teardown to 2025-01-17T00:17:00.044579+00:00, run_after=2025-01-18T00:17:00.044579+00:00
[2025-01-18T00:17:00.083+0000] {processor.py:179} INFO - Processing /home/airflow/.local/lib/python3.8/site-packages/airflow/example_dags/example_setup_teardown.py took 0.195 seconds
[2025-01-18T00:17:31.523+0000] {processor.py:157} INFO - Started process (PID=594) to work on /home/airflow/.local/lib/python3.8/site-packages/airflow/example_dags/example_setup_teardown.py
[2025-01-18T00:17:31.537+0000] {processor.py:829} INFO - Processing file /home/airflow/.local/lib/python3.8/site-packages/airflow/example_dags/example_setup_teardown.py for tasks to queue
[2025-01-18T00:17:31.554+0000] {logging_mixin.py:151} INFO - [2025-01-18T00:17:31.553+0000] {dagbag.py:539} INFO - Filling up the DagBag from /home/airflow/.local/lib/python3.8/site-packages/airflow/example_dags/example_setup_teardown.py
[2025-01-18T00:17:31.612+0000] {processor.py:839} INFO - DAG(s) dict_keys(['example_setup_teardown']) retrieved from /home/airflow/.local/lib/python3.8/site-packages/airflow/example_dags/example_setup_teardown.py
[2025-01-18T00:17:31.705+0000] {logging_mixin.py:151} INFO - [2025-01-18T00:17:31.705+0000] {dag.py:2907} INFO - Sync 1 DAGs
[2025-01-18T00:17:31.824+0000] {logging_mixin.py:151} INFO - [2025-01-18T00:17:31.824+0000] {dag.py:3677} INFO - Setting next_dagrun for example_setup_teardown to 2025-01-17T00:17:31.824003+00:00, run_after=2025-01-18T00:17:31.824003+00:00
[2025-01-18T00:17:31.935+0000] {processor.py:179} INFO - Processing /home/airflow/.local/lib/python3.8/site-packages/airflow/example_dags/example_setup_teardown.py took 0.427 seconds
[2025-01-18T00:18:02.413+0000] {processor.py:157} INFO - Started process (PID=672) to work on /home/airflow/.local/lib/python3.8/site-packages/airflow/example_dags/example_setup_teardown.py
[2025-01-18T00:18:02.415+0000] {processor.py:829} INFO - Processing file /home/airflow/.local/lib/python3.8/site-packages/airflow/example_dags/example_setup_teardown.py for tasks to queue
[2025-01-18T00:18:02.419+0000] {logging_mixin.py:151} INFO - [2025-01-18T00:18:02.418+0000] {dagbag.py:539} INFO - Filling up the DagBag from /home/airflow/.local/lib/python3.8/site-packages/airflow/example_dags/example_setup_teardown.py
[2025-01-18T00:18:02.437+0000] {processor.py:839} INFO - DAG(s) dict_keys(['example_setup_teardown']) retrieved from /home/airflow/.local/lib/python3.8/site-packages/airflow/example_dags/example_setup_teardown.py
[2025-01-18T00:18:02.482+0000] {logging_mixin.py:151} INFO - [2025-01-18T00:18:02.481+0000] {dag.py:2907} INFO - Sync 1 DAGs
[2025-01-18T00:18:02.537+0000] {logging_mixin.py:151} INFO - [2025-01-18T00:18:02.537+0000] {dag.py:3677} INFO - Setting next_dagrun for example_setup_teardown to 2025-01-17T00:18:02.536878+00:00, run_after=2025-01-18T00:18:02.536878+00:00
[2025-01-18T00:18:02.568+0000] {processor.py:179} INFO - Processing /home/airflow/.local/lib/python3.8/site-packages/airflow/example_dags/example_setup_teardown.py took 0.161 seconds
[2025-01-18T00:18:33.134+0000] {processor.py:157} INFO - Started process (PID=758) to work on /home/airflow/.local/lib/python3.8/site-packages/airflow/example_dags/example_setup_teardown.py
[2025-01-18T00:18:33.135+0000] {processor.py:829} INFO - Processing file /home/airflow/.local/lib/python3.8/site-packages/airflow/example_dags/example_setup_teardown.py for tasks to queue
[2025-01-18T00:18:33.139+0000] {logging_mixin.py:151} INFO - [2025-01-18T00:18:33.138+0000] {dagbag.py:539} INFO - Filling up the DagBag from /home/airflow/.local/lib/python3.8/site-packages/airflow/example_dags/example_setup_teardown.py
[2025-01-18T00:18:33.152+0000] {processor.py:839} INFO - DAG(s) dict_keys(['example_setup_teardown']) retrieved from /home/airflow/.local/lib/python3.8/site-packages/airflow/example_dags/example_setup_teardown.py
[2025-01-18T00:18:33.185+0000] {logging_mixin.py:151} INFO - [2025-01-18T00:18:33.185+0000] {dag.py:2907} INFO - Sync 1 DAGs
[2025-01-18T00:18:33.216+0000] {logging_mixin.py:151} INFO - [2025-01-18T00:18:33.216+0000] {dag.py:3677} INFO - Setting next_dagrun for example_setup_teardown to 2025-01-17T00:18:33.215942+00:00, run_after=2025-01-18T00:18:33.215942+00:00
[2025-01-18T00:18:33.240+0000] {processor.py:179} INFO - Processing /home/airflow/.local/lib/python3.8/site-packages/airflow/example_dags/example_setup_teardown.py took 0.110 seconds
[2025-01-18T00:19:04.066+0000] {processor.py:157} INFO - Started process (PID=844) to work on /home/airflow/.local/lib/python3.8/site-packages/airflow/example_dags/example_setup_teardown.py
[2025-01-18T00:19:04.067+0000] {processor.py:829} INFO - Processing file /home/airflow/.local/lib/python3.8/site-packages/airflow/example_dags/example_setup_teardown.py for tasks to queue
[2025-01-18T00:19:04.071+0000] {logging_mixin.py:151} INFO - [2025-01-18T00:19:04.071+0000] {dagbag.py:539} INFO - Filling up the DagBag from /home/airflow/.local/lib/python3.8/site-packages/airflow/example_dags/example_setup_teardown.py
[2025-01-18T00:19:04.084+0000] {processor.py:839} INFO - DAG(s) dict_keys(['example_setup_teardown']) retrieved from /home/airflow/.local/lib/python3.8/site-packages/airflow/example_dags/example_setup_teardown.py
[2025-01-18T00:19:04.124+0000] {logging_mixin.py:151} INFO - [2025-01-18T00:19:04.124+0000] {dag.py:2907} INFO - Sync 1 DAGs
[2025-01-18T00:19:04.163+0000] {logging_mixin.py:151} INFO - [2025-01-18T00:19:04.163+0000] {dag.py:3677} INFO - Setting next_dagrun for example_setup_teardown to 2025-01-17T00:19:04.162626+00:00, run_after=2025-01-18T00:19:04.162626+00:00
[2025-01-18T00:19:04.198+0000] {processor.py:179} INFO - Processing /home/airflow/.local/lib/python3.8/site-packages/airflow/example_dags/example_setup_teardown.py took 0.137 seconds
[2025-01-18T00:19:34.739+0000] {processor.py:157} INFO - Started process (PID=919) to work on /home/airflow/.local/lib/python3.8/site-packages/airflow/example_dags/example_setup_teardown.py
[2025-01-18T00:19:34.740+0000] {processor.py:829} INFO - Processing file /home/airflow/.local/lib/python3.8/site-packages/airflow/example_dags/example_setup_teardown.py for tasks to queue
[2025-01-18T00:19:34.743+0000] {logging_mixin.py:151} INFO - [2025-01-18T00:19:34.743+0000] {dagbag.py:539} INFO - Filling up the DagBag from /home/airflow/.local/lib/python3.8/site-packages/airflow/example_dags/example_setup_teardown.py
[2025-01-18T00:19:34.754+0000] {processor.py:839} INFO - DAG(s) dict_keys(['example_setup_teardown']) retrieved from /home/airflow/.local/lib/python3.8/site-packages/airflow/example_dags/example_setup_teardown.py
[2025-01-18T00:19:34.788+0000] {logging_mixin.py:151} INFO - [2025-01-18T00:19:34.788+0000] {dag.py:2907} INFO - Sync 1 DAGs
[2025-01-18T00:19:34.824+0000] {logging_mixin.py:151} INFO - [2025-01-18T00:19:34.824+0000] {dag.py:3677} INFO - Setting next_dagrun for example_setup_teardown to 2025-01-17T00:19:34.824173+00:00, run_after=2025-01-18T00:19:34.824173+00:00
[2025-01-18T00:19:34.852+0000] {processor.py:179} INFO - Processing /home/airflow/.local/lib/python3.8/site-packages/airflow/example_dags/example_setup_teardown.py took 0.118 seconds
[2025-01-18T00:20:05.232+0000] {processor.py:157} INFO - Started process (PID=1005) to work on /home/airflow/.local/lib/python3.8/site-packages/airflow/example_dags/example_setup_teardown.py
[2025-01-18T00:20:05.233+0000] {processor.py:829} INFO - Processing file /home/airflow/.local/lib/python3.8/site-packages/airflow/example_dags/example_setup_teardown.py for tasks to queue
[2025-01-18T00:20:05.237+0000] {logging_mixin.py:151} INFO - [2025-01-18T00:20:05.237+0000] {dagbag.py:539} INFO - Filling up the DagBag from /home/airflow/.local/lib/python3.8/site-packages/airflow/example_dags/example_setup_teardown.py
[2025-01-18T00:20:05.247+0000] {processor.py:839} INFO - DAG(s) dict_keys(['example_setup_teardown']) retrieved from /home/airflow/.local/lib/python3.8/site-packages/airflow/example_dags/example_setup_teardown.py
[2025-01-18T00:20:05.279+0000] {logging_mixin.py:151} INFO - [2025-01-18T00:20:05.278+0000] {dag.py:2907} INFO - Sync 1 DAGs
[2025-01-18T00:20:05.318+0000] {logging_mixin.py:151} INFO - [2025-01-18T00:20:05.318+0000] {dag.py:3677} INFO - Setting next_dagrun for example_setup_teardown to 2025-01-17T00:20:05.317559+00:00, run_after=2025-01-18T00:20:05.317559+00:00
[2025-01-18T00:20:05.346+0000] {processor.py:179} INFO - Processing /home/airflow/.local/lib/python3.8/site-packages/airflow/example_dags/example_setup_teardown.py took 0.119 seconds
[2025-01-18T00:20:35.404+0000] {processor.py:157} INFO - Started process (PID=1083) to work on /home/airflow/.local/lib/python3.8/site-packages/airflow/example_dags/example_setup_teardown.py
[2025-01-18T00:20:35.405+0000] {processor.py:829} INFO - Processing file /home/airflow/.local/lib/python3.8/site-packages/airflow/example_dags/example_setup_teardown.py for tasks to queue
[2025-01-18T00:20:35.408+0000] {logging_mixin.py:151} INFO - [2025-01-18T00:20:35.408+0000] {dagbag.py:539} INFO - Filling up the DagBag from /home/airflow/.local/lib/python3.8/site-packages/airflow/example_dags/example_setup_teardown.py
[2025-01-18T00:20:35.414+0000] {processor.py:839} INFO - DAG(s) dict_keys(['example_setup_teardown']) retrieved from /home/airflow/.local/lib/python3.8/site-packages/airflow/example_dags/example_setup_teardown.py
[2025-01-18T00:20:35.437+0000] {logging_mixin.py:151} INFO - [2025-01-18T00:20:35.437+0000] {dag.py:2907} INFO - Sync 1 DAGs
[2025-01-18T00:20:35.460+0000] {logging_mixin.py:151} INFO - [2025-01-18T00:20:35.460+0000] {dag.py:3677} INFO - Setting next_dagrun for example_setup_teardown to 2025-01-17T00:20:35.460125+00:00, run_after=2025-01-18T00:20:35.460125+00:00
[2025-01-18T00:20:35.480+0000] {processor.py:179} INFO - Processing /home/airflow/.local/lib/python3.8/site-packages/airflow/example_dags/example_setup_teardown.py took 0.079 seconds
[2025-01-18T00:21:05.652+0000] {processor.py:157} INFO - Started process (PID=1169) to work on /home/airflow/.local/lib/python3.8/site-packages/airflow/example_dags/example_setup_teardown.py
[2025-01-18T00:21:05.654+0000] {processor.py:829} INFO - Processing file /home/airflow/.local/lib/python3.8/site-packages/airflow/example_dags/example_setup_teardown.py for tasks to queue
[2025-01-18T00:21:05.657+0000] {logging_mixin.py:151} INFO - [2025-01-18T00:21:05.656+0000] {dagbag.py:539} INFO - Filling up the DagBag from /home/airflow/.local/lib/python3.8/site-packages/airflow/example_dags/example_setup_teardown.py
[2025-01-18T00:21:05.669+0000] {processor.py:839} INFO - DAG(s) dict_keys(['example_setup_teardown']) retrieved from /home/airflow/.local/lib/python3.8/site-packages/airflow/example_dags/example_setup_teardown.py
[2025-01-18T00:21:05.700+0000] {logging_mixin.py:151} INFO - [2025-01-18T00:21:05.700+0000] {dag.py:2907} INFO - Sync 1 DAGs
[2025-01-18T00:21:05.735+0000] {logging_mixin.py:151} INFO - [2025-01-18T00:21:05.735+0000] {dag.py:3677} INFO - Setting next_dagrun for example_setup_teardown to 2025-01-17T00:21:05.734729+00:00, run_after=2025-01-18T00:21:05.734729+00:00
[2025-01-18T00:21:05.760+0000] {processor.py:179} INFO - Processing /home/airflow/.local/lib/python3.8/site-packages/airflow/example_dags/example_setup_teardown.py took 0.113 seconds
[2025-01-18T00:32:01.544+0000] {processor.py:157} INFO - Started process (PID=119) to work on /home/airflow/.local/lib/python3.8/site-packages/airflow/example_dags/example_setup_teardown.py
[2025-01-18T00:32:01.558+0000] {processor.py:829} INFO - Processing file /home/airflow/.local/lib/python3.8/site-packages/airflow/example_dags/example_setup_teardown.py for tasks to queue
[2025-01-18T00:32:01.569+0000] {logging_mixin.py:151} INFO - [2025-01-18T00:32:01.569+0000] {dagbag.py:539} INFO - Filling up the DagBag from /home/airflow/.local/lib/python3.8/site-packages/airflow/example_dags/example_setup_teardown.py
[2025-01-18T00:32:01.593+0000] {processor.py:839} INFO - DAG(s) dict_keys(['example_setup_teardown']) retrieved from /home/airflow/.local/lib/python3.8/site-packages/airflow/example_dags/example_setup_teardown.py
[2025-01-18T00:32:01.666+0000] {logging_mixin.py:151} INFO - [2025-01-18T00:32:01.665+0000] {dag.py:2907} INFO - Sync 1 DAGs
[2025-01-18T00:32:01.732+0000] {logging_mixin.py:151} INFO - [2025-01-18T00:32:01.732+0000] {dag.py:3677} INFO - Setting next_dagrun for example_setup_teardown to 2025-01-17T00:32:01.731517+00:00, run_after=2025-01-18T00:32:01.731517+00:00
[2025-01-18T00:32:01.853+0000] {processor.py:179} INFO - Processing /home/airflow/.local/lib/python3.8/site-packages/airflow/example_dags/example_setup_teardown.py took 0.320 seconds
[2025-01-18T00:32:32.365+0000] {processor.py:157} INFO - Started process (PID=204) to work on /home/airflow/.local/lib/python3.8/site-packages/airflow/example_dags/example_setup_teardown.py
[2025-01-18T00:32:32.367+0000] {processor.py:829} INFO - Processing file /home/airflow/.local/lib/python3.8/site-packages/airflow/example_dags/example_setup_teardown.py for tasks to queue
[2025-01-18T00:32:32.371+0000] {logging_mixin.py:151} INFO - [2025-01-18T00:32:32.370+0000] {dagbag.py:539} INFO - Filling up the DagBag from /home/airflow/.local/lib/python3.8/site-packages/airflow/example_dags/example_setup_teardown.py
[2025-01-18T00:32:32.384+0000] {processor.py:839} INFO - DAG(s) dict_keys(['example_setup_teardown']) retrieved from /home/airflow/.local/lib/python3.8/site-packages/airflow/example_dags/example_setup_teardown.py
[2025-01-18T00:32:32.413+0000] {logging_mixin.py:151} INFO - [2025-01-18T00:32:32.412+0000] {dag.py:2907} INFO - Sync 1 DAGs
[2025-01-18T00:32:32.453+0000] {logging_mixin.py:151} INFO - [2025-01-18T00:32:32.453+0000] {dag.py:3677} INFO - Setting next_dagrun for example_setup_teardown to 2025-01-17T00:32:32.452947+00:00, run_after=2025-01-18T00:32:32.452947+00:00
[2025-01-18T00:32:32.477+0000] {processor.py:179} INFO - Processing /home/airflow/.local/lib/python3.8/site-packages/airflow/example_dags/example_setup_teardown.py took 0.118 seconds
[2025-01-18T00:54:43.004+0000] {processor.py:157} INFO - Started process (PID=99) to work on /home/airflow/.local/lib/python3.8/site-packages/airflow/example_dags/example_setup_teardown.py
[2025-01-18T00:54:43.006+0000] {processor.py:829} INFO - Processing file /home/airflow/.local/lib/python3.8/site-packages/airflow/example_dags/example_setup_teardown.py for tasks to queue
[2025-01-18T00:54:43.010+0000] {logging_mixin.py:151} INFO - [2025-01-18T00:54:43.010+0000] {dagbag.py:539} INFO - Filling up the DagBag from /home/airflow/.local/lib/python3.8/site-packages/airflow/example_dags/example_setup_teardown.py
[2025-01-18T00:54:43.023+0000] {processor.py:839} INFO - DAG(s) dict_keys(['example_setup_teardown']) retrieved from /home/airflow/.local/lib/python3.8/site-packages/airflow/example_dags/example_setup_teardown.py
[2025-01-18T00:54:43.056+0000] {logging_mixin.py:151} INFO - [2025-01-18T00:54:43.056+0000] {dag.py:2907} INFO - Sync 1 DAGs
[2025-01-18T00:54:43.100+0000] {logging_mixin.py:151} INFO - [2025-01-18T00:54:43.100+0000] {dag.py:3677} INFO - Setting next_dagrun for example_setup_teardown to 2025-01-17T00:54:43.099944+00:00, run_after=2025-01-18T00:54:43.099944+00:00
[2025-01-18T00:54:43.128+0000] {processor.py:179} INFO - Processing /home/airflow/.local/lib/python3.8/site-packages/airflow/example_dags/example_setup_teardown.py took 0.129 seconds
[2025-01-18T00:55:13.592+0000] {processor.py:157} INFO - Started process (PID=173) to work on /home/airflow/.local/lib/python3.8/site-packages/airflow/example_dags/example_setup_teardown.py
[2025-01-18T00:55:13.594+0000] {processor.py:829} INFO - Processing file /home/airflow/.local/lib/python3.8/site-packages/airflow/example_dags/example_setup_teardown.py for tasks to queue
[2025-01-18T00:55:13.599+0000] {logging_mixin.py:151} INFO - [2025-01-18T00:55:13.599+0000] {dagbag.py:539} INFO - Filling up the DagBag from /home/airflow/.local/lib/python3.8/site-packages/airflow/example_dags/example_setup_teardown.py
[2025-01-18T00:55:13.620+0000] {processor.py:839} INFO - DAG(s) dict_keys(['example_setup_teardown']) retrieved from /home/airflow/.local/lib/python3.8/site-packages/airflow/example_dags/example_setup_teardown.py
[2025-01-18T00:55:13.678+0000] {logging_mixin.py:151} INFO - [2025-01-18T00:55:13.677+0000] {dag.py:2907} INFO - Sync 1 DAGs
[2025-01-18T00:55:13.766+0000] {logging_mixin.py:151} INFO - [2025-01-18T00:55:13.766+0000] {dag.py:3677} INFO - Setting next_dagrun for example_setup_teardown to 2025-01-17T00:55:13.765662+00:00, run_after=2025-01-18T00:55:13.765662+00:00
[2025-01-18T00:55:13.839+0000] {processor.py:179} INFO - Processing /home/airflow/.local/lib/python3.8/site-packages/airflow/example_dags/example_setup_teardown.py took 0.253 seconds
[2025-01-18T00:55:44.652+0000] {processor.py:157} INFO - Started process (PID=252) to work on /home/airflow/.local/lib/python3.8/site-packages/airflow/example_dags/example_setup_teardown.py
[2025-01-18T00:55:44.654+0000] {processor.py:829} INFO - Processing file /home/airflow/.local/lib/python3.8/site-packages/airflow/example_dags/example_setup_teardown.py for tasks to queue
[2025-01-18T00:55:44.656+0000] {logging_mixin.py:151} INFO - [2025-01-18T00:55:44.656+0000] {dagbag.py:539} INFO - Filling up the DagBag from /home/airflow/.local/lib/python3.8/site-packages/airflow/example_dags/example_setup_teardown.py
[2025-01-18T00:55:44.666+0000] {processor.py:839} INFO - DAG(s) dict_keys(['example_setup_teardown']) retrieved from /home/airflow/.local/lib/python3.8/site-packages/airflow/example_dags/example_setup_teardown.py
[2025-01-18T00:55:44.694+0000] {logging_mixin.py:151} INFO - [2025-01-18T00:55:44.693+0000] {dag.py:2907} INFO - Sync 1 DAGs
[2025-01-18T00:55:44.722+0000] {logging_mixin.py:151} INFO - [2025-01-18T00:55:44.722+0000] {dag.py:3677} INFO - Setting next_dagrun for example_setup_teardown to 2025-01-17T00:55:44.722443+00:00, run_after=2025-01-18T00:55:44.722443+00:00
[2025-01-18T00:55:44.743+0000] {processor.py:179} INFO - Processing /home/airflow/.local/lib/python3.8/site-packages/airflow/example_dags/example_setup_teardown.py took 0.095 seconds
[2025-01-18T00:56:15.149+0000] {processor.py:157} INFO - Started process (PID=339) to work on /home/airflow/.local/lib/python3.8/site-packages/airflow/example_dags/example_setup_teardown.py
[2025-01-18T00:56:15.151+0000] {processor.py:829} INFO - Processing file /home/airflow/.local/lib/python3.8/site-packages/airflow/example_dags/example_setup_teardown.py for tasks to queue
[2025-01-18T00:56:15.155+0000] {logging_mixin.py:151} INFO - [2025-01-18T00:56:15.155+0000] {dagbag.py:539} INFO - Filling up the DagBag from /home/airflow/.local/lib/python3.8/site-packages/airflow/example_dags/example_setup_teardown.py
[2025-01-18T00:56:15.170+0000] {processor.py:839} INFO - DAG(s) dict_keys(['example_setup_teardown']) retrieved from /home/airflow/.local/lib/python3.8/site-packages/airflow/example_dags/example_setup_teardown.py
[2025-01-18T00:56:15.226+0000] {logging_mixin.py:151} INFO - [2025-01-18T00:56:15.225+0000] {dag.py:2907} INFO - Sync 1 DAGs
[2025-01-18T00:56:15.314+0000] {logging_mixin.py:151} INFO - [2025-01-18T00:56:15.314+0000] {dag.py:3677} INFO - Setting next_dagrun for example_setup_teardown to 2025-01-17T00:56:15.313912+00:00, run_after=2025-01-18T00:56:15.313912+00:00
[2025-01-18T00:56:15.359+0000] {processor.py:179} INFO - Processing /home/airflow/.local/lib/python3.8/site-packages/airflow/example_dags/example_setup_teardown.py took 0.216 seconds
[2025-01-18T00:56:45.576+0000] {processor.py:157} INFO - Started process (PID=423) to work on /home/airflow/.local/lib/python3.8/site-packages/airflow/example_dags/example_setup_teardown.py
[2025-01-18T00:56:45.578+0000] {processor.py:829} INFO - Processing file /home/airflow/.local/lib/python3.8/site-packages/airflow/example_dags/example_setup_teardown.py for tasks to queue
[2025-01-18T00:56:45.584+0000] {logging_mixin.py:151} INFO - [2025-01-18T00:56:45.583+0000] {dagbag.py:539} INFO - Filling up the DagBag from /home/airflow/.local/lib/python3.8/site-packages/airflow/example_dags/example_setup_teardown.py
[2025-01-18T00:56:45.614+0000] {processor.py:839} INFO - DAG(s) dict_keys(['example_setup_teardown']) retrieved from /home/airflow/.local/lib/python3.8/site-packages/airflow/example_dags/example_setup_teardown.py
[2025-01-18T00:56:45.677+0000] {logging_mixin.py:151} INFO - [2025-01-18T00:56:45.676+0000] {dag.py:2907} INFO - Sync 1 DAGs
[2025-01-18T00:56:45.735+0000] {logging_mixin.py:151} INFO - [2025-01-18T00:56:45.735+0000] {dag.py:3677} INFO - Setting next_dagrun for example_setup_teardown to 2025-01-17T00:56:45.734610+00:00, run_after=2025-01-18T00:56:45.734610+00:00
[2025-01-18T00:56:45.775+0000] {processor.py:179} INFO - Processing /home/airflow/.local/lib/python3.8/site-packages/airflow/example_dags/example_setup_teardown.py took 0.206 seconds
[2025-01-18T00:57:15.909+0000] {processor.py:157} INFO - Started process (PID=498) to work on /home/airflow/.local/lib/python3.8/site-packages/airflow/example_dags/example_setup_teardown.py
[2025-01-18T00:57:15.911+0000] {processor.py:829} INFO - Processing file /home/airflow/.local/lib/python3.8/site-packages/airflow/example_dags/example_setup_teardown.py for tasks to queue
[2025-01-18T00:57:15.914+0000] {logging_mixin.py:151} INFO - [2025-01-18T00:57:15.914+0000] {dagbag.py:539} INFO - Filling up the DagBag from /home/airflow/.local/lib/python3.8/site-packages/airflow/example_dags/example_setup_teardown.py
[2025-01-18T00:57:15.928+0000] {processor.py:839} INFO - DAG(s) dict_keys(['example_setup_teardown']) retrieved from /home/airflow/.local/lib/python3.8/site-packages/airflow/example_dags/example_setup_teardown.py
[2025-01-18T00:57:15.964+0000] {logging_mixin.py:151} INFO - [2025-01-18T00:57:15.964+0000] {dag.py:2907} INFO - Sync 1 DAGs
[2025-01-18T00:57:16.004+0000] {logging_mixin.py:151} INFO - [2025-01-18T00:57:16.004+0000] {dag.py:3677} INFO - Setting next_dagrun for example_setup_teardown to 2025-01-17T00:57:16.004134+00:00, run_after=2025-01-18T00:57:16.004134+00:00
[2025-01-18T00:57:16.034+0000] {processor.py:179} INFO - Processing /home/airflow/.local/lib/python3.8/site-packages/airflow/example_dags/example_setup_teardown.py took 0.129 seconds
[2025-01-18T00:57:46.381+0000] {processor.py:157} INFO - Started process (PID=576) to work on /home/airflow/.local/lib/python3.8/site-packages/airflow/example_dags/example_setup_teardown.py
[2025-01-18T00:57:46.384+0000] {processor.py:829} INFO - Processing file /home/airflow/.local/lib/python3.8/site-packages/airflow/example_dags/example_setup_teardown.py for tasks to queue
[2025-01-18T00:57:46.391+0000] {logging_mixin.py:151} INFO - [2025-01-18T00:57:46.390+0000] {dagbag.py:539} INFO - Filling up the DagBag from /home/airflow/.local/lib/python3.8/site-packages/airflow/example_dags/example_setup_teardown.py
[2025-01-18T00:57:46.416+0000] {processor.py:839} INFO - DAG(s) dict_keys(['example_setup_teardown']) retrieved from /home/airflow/.local/lib/python3.8/site-packages/airflow/example_dags/example_setup_teardown.py
[2025-01-18T00:57:46.480+0000] {logging_mixin.py:151} INFO - [2025-01-18T00:57:46.480+0000] {dag.py:2907} INFO - Sync 1 DAGs
[2025-01-18T00:57:46.553+0000] {logging_mixin.py:151} INFO - [2025-01-18T00:57:46.552+0000] {dag.py:3677} INFO - Setting next_dagrun for example_setup_teardown to 2025-01-17T00:57:46.552280+00:00, run_after=2025-01-18T00:57:46.552280+00:00
[2025-01-18T00:57:46.619+0000] {processor.py:179} INFO - Processing /home/airflow/.local/lib/python3.8/site-packages/airflow/example_dags/example_setup_teardown.py took 0.249 seconds
[2025-01-18T00:58:17.045+0000] {processor.py:157} INFO - Started process (PID=662) to work on /home/airflow/.local/lib/python3.8/site-packages/airflow/example_dags/example_setup_teardown.py
[2025-01-18T00:58:17.047+0000] {processor.py:829} INFO - Processing file /home/airflow/.local/lib/python3.8/site-packages/airflow/example_dags/example_setup_teardown.py for tasks to queue
[2025-01-18T00:58:17.053+0000] {logging_mixin.py:151} INFO - [2025-01-18T00:58:17.052+0000] {dagbag.py:539} INFO - Filling up the DagBag from /home/airflow/.local/lib/python3.8/site-packages/airflow/example_dags/example_setup_teardown.py
[2025-01-18T00:58:17.068+0000] {processor.py:839} INFO - DAG(s) dict_keys(['example_setup_teardown']) retrieved from /home/airflow/.local/lib/python3.8/site-packages/airflow/example_dags/example_setup_teardown.py
[2025-01-18T00:58:17.112+0000] {logging_mixin.py:151} INFO - [2025-01-18T00:58:17.111+0000] {dag.py:2907} INFO - Sync 1 DAGs
[2025-01-18T00:58:17.162+0000] {logging_mixin.py:151} INFO - [2025-01-18T00:58:17.161+0000] {dag.py:3677} INFO - Setting next_dagrun for example_setup_teardown to 2025-01-17T00:58:17.161473+00:00, run_after=2025-01-18T00:58:17.161473+00:00
[2025-01-18T00:58:17.210+0000] {processor.py:179} INFO - Processing /home/airflow/.local/lib/python3.8/site-packages/airflow/example_dags/example_setup_teardown.py took 0.171 seconds
[2025-01-18T00:58:51.652+0000] {processor.py:157} INFO - Started process (PID=744) to work on /home/airflow/.local/lib/python3.8/site-packages/airflow/example_dags/example_setup_teardown.py
[2025-01-18T00:58:51.768+0000] {processor.py:829} INFO - Processing file /home/airflow/.local/lib/python3.8/site-packages/airflow/example_dags/example_setup_teardown.py for tasks to queue
[2025-01-18T00:58:51.816+0000] {logging_mixin.py:151} INFO - [2025-01-18T00:58:51.815+0000] {dagbag.py:539} INFO - Filling up the DagBag from /home/airflow/.local/lib/python3.8/site-packages/airflow/example_dags/example_setup_teardown.py
[2025-01-18T00:58:51.870+0000] {processor.py:839} INFO - DAG(s) dict_keys(['example_setup_teardown']) retrieved from /home/airflow/.local/lib/python3.8/site-packages/airflow/example_dags/example_setup_teardown.py
[2025-01-18T00:58:52.010+0000] {logging_mixin.py:151} INFO - [2025-01-18T00:58:52.009+0000] {dag.py:2907} INFO - Sync 1 DAGs
[2025-01-18T00:58:52.208+0000] {logging_mixin.py:151} INFO - [2025-01-18T00:58:52.207+0000] {dag.py:3677} INFO - Setting next_dagrun for example_setup_teardown to 2025-01-17T00:58:52.207096+00:00, run_after=2025-01-18T00:58:52.207096+00:00
[2025-01-18T00:58:52.342+0000] {processor.py:179} INFO - Processing /home/airflow/.local/lib/python3.8/site-packages/airflow/example_dags/example_setup_teardown.py took 0.729 seconds
[2025-01-18T00:59:23.395+0000] {processor.py:157} INFO - Started process (PID=829) to work on /home/airflow/.local/lib/python3.8/site-packages/airflow/example_dags/example_setup_teardown.py
[2025-01-18T00:59:23.397+0000] {processor.py:829} INFO - Processing file /home/airflow/.local/lib/python3.8/site-packages/airflow/example_dags/example_setup_teardown.py for tasks to queue
[2025-01-18T00:59:23.405+0000] {logging_mixin.py:151} INFO - [2025-01-18T00:59:23.405+0000] {dagbag.py:539} INFO - Filling up the DagBag from /home/airflow/.local/lib/python3.8/site-packages/airflow/example_dags/example_setup_teardown.py
[2025-01-18T00:59:23.431+0000] {processor.py:839} INFO - DAG(s) dict_keys(['example_setup_teardown']) retrieved from /home/airflow/.local/lib/python3.8/site-packages/airflow/example_dags/example_setup_teardown.py
[2025-01-18T00:59:23.492+0000] {logging_mixin.py:151} INFO - [2025-01-18T00:59:23.491+0000] {dag.py:2907} INFO - Sync 1 DAGs
[2025-01-18T00:59:23.571+0000] {logging_mixin.py:151} INFO - [2025-01-18T00:59:23.570+0000] {dag.py:3677} INFO - Setting next_dagrun for example_setup_teardown to 2025-01-17T00:59:23.570291+00:00, run_after=2025-01-18T00:59:23.570291+00:00
[2025-01-18T00:59:23.632+0000] {processor.py:179} INFO - Processing /home/airflow/.local/lib/python3.8/site-packages/airflow/example_dags/example_setup_teardown.py took 0.249 seconds
[2025-01-18T00:59:54.061+0000] {processor.py:157} INFO - Started process (PID=907) to work on /home/airflow/.local/lib/python3.8/site-packages/airflow/example_dags/example_setup_teardown.py
[2025-01-18T00:59:54.066+0000] {processor.py:829} INFO - Processing file /home/airflow/.local/lib/python3.8/site-packages/airflow/example_dags/example_setup_teardown.py for tasks to queue
[2025-01-18T00:59:54.072+0000] {logging_mixin.py:151} INFO - [2025-01-18T00:59:54.071+0000] {dagbag.py:539} INFO - Filling up the DagBag from /home/airflow/.local/lib/python3.8/site-packages/airflow/example_dags/example_setup_teardown.py
[2025-01-18T00:59:54.096+0000] {processor.py:839} INFO - DAG(s) dict_keys(['example_setup_teardown']) retrieved from /home/airflow/.local/lib/python3.8/site-packages/airflow/example_dags/example_setup_teardown.py
[2025-01-18T00:59:54.154+0000] {logging_mixin.py:151} INFO - [2025-01-18T00:59:54.153+0000] {dag.py:2907} INFO - Sync 1 DAGs
[2025-01-18T00:59:54.230+0000] {logging_mixin.py:151} INFO - [2025-01-18T00:59:54.230+0000] {dag.py:3677} INFO - Setting next_dagrun for example_setup_teardown to 2025-01-17T00:59:54.229810+00:00, run_after=2025-01-18T00:59:54.229810+00:00
[2025-01-18T00:59:54.287+0000] {processor.py:179} INFO - Processing /home/airflow/.local/lib/python3.8/site-packages/airflow/example_dags/example_setup_teardown.py took 0.238 seconds
[2025-01-18T01:00:24.903+0000] {processor.py:157} INFO - Started process (PID=993) to work on /home/airflow/.local/lib/python3.8/site-packages/airflow/example_dags/example_setup_teardown.py
[2025-01-18T01:00:24.904+0000] {processor.py:829} INFO - Processing file /home/airflow/.local/lib/python3.8/site-packages/airflow/example_dags/example_setup_teardown.py for tasks to queue
[2025-01-18T01:00:24.909+0000] {logging_mixin.py:151} INFO - [2025-01-18T01:00:24.908+0000] {dagbag.py:539} INFO - Filling up the DagBag from /home/airflow/.local/lib/python3.8/site-packages/airflow/example_dags/example_setup_teardown.py
[2025-01-18T01:00:24.923+0000] {processor.py:839} INFO - DAG(s) dict_keys(['example_setup_teardown']) retrieved from /home/airflow/.local/lib/python3.8/site-packages/airflow/example_dags/example_setup_teardown.py
[2025-01-18T01:00:24.974+0000] {logging_mixin.py:151} INFO - [2025-01-18T01:00:24.974+0000] {dag.py:2907} INFO - Sync 1 DAGs
[2025-01-18T01:00:25.035+0000] {logging_mixin.py:151} INFO - [2025-01-18T01:00:25.034+0000] {dag.py:3677} INFO - Setting next_dagrun for example_setup_teardown to 2025-01-17T01:00:25.034094+00:00, run_after=2025-01-18T01:00:25.034094+00:00
[2025-01-18T01:00:25.186+0000] {processor.py:179} INFO - Processing /home/airflow/.local/lib/python3.8/site-packages/airflow/example_dags/example_setup_teardown.py took 0.290 seconds
[2025-01-18T01:00:55.529+0000] {processor.py:157} INFO - Started process (PID=1068) to work on /home/airflow/.local/lib/python3.8/site-packages/airflow/example_dags/example_setup_teardown.py
[2025-01-18T01:00:55.531+0000] {processor.py:829} INFO - Processing file /home/airflow/.local/lib/python3.8/site-packages/airflow/example_dags/example_setup_teardown.py for tasks to queue
[2025-01-18T01:00:55.535+0000] {logging_mixin.py:151} INFO - [2025-01-18T01:00:55.534+0000] {dagbag.py:539} INFO - Filling up the DagBag from /home/airflow/.local/lib/python3.8/site-packages/airflow/example_dags/example_setup_teardown.py
[2025-01-18T01:00:55.549+0000] {processor.py:839} INFO - DAG(s) dict_keys(['example_setup_teardown']) retrieved from /home/airflow/.local/lib/python3.8/site-packages/airflow/example_dags/example_setup_teardown.py
[2025-01-18T01:00:55.592+0000] {logging_mixin.py:151} INFO - [2025-01-18T01:00:55.592+0000] {dag.py:2907} INFO - Sync 1 DAGs
[2025-01-18T01:00:55.644+0000] {logging_mixin.py:151} INFO - [2025-01-18T01:00:55.643+0000] {dag.py:3677} INFO - Setting next_dagrun for example_setup_teardown to 2025-01-17T01:00:55.643376+00:00, run_after=2025-01-18T01:00:55.643376+00:00
[2025-01-18T01:00:55.684+0000] {processor.py:179} INFO - Processing /home/airflow/.local/lib/python3.8/site-packages/airflow/example_dags/example_setup_teardown.py took 0.162 seconds
[2025-01-18T01:01:26.112+0000] {processor.py:157} INFO - Started process (PID=1153) to work on /home/airflow/.local/lib/python3.8/site-packages/airflow/example_dags/example_setup_teardown.py
[2025-01-18T01:01:26.113+0000] {processor.py:829} INFO - Processing file /home/airflow/.local/lib/python3.8/site-packages/airflow/example_dags/example_setup_teardown.py for tasks to queue
[2025-01-18T01:01:26.118+0000] {logging_mixin.py:151} INFO - [2025-01-18T01:01:26.117+0000] {dagbag.py:539} INFO - Filling up the DagBag from /home/airflow/.local/lib/python3.8/site-packages/airflow/example_dags/example_setup_teardown.py
[2025-01-18T01:01:26.131+0000] {processor.py:839} INFO - DAG(s) dict_keys(['example_setup_teardown']) retrieved from /home/airflow/.local/lib/python3.8/site-packages/airflow/example_dags/example_setup_teardown.py
[2025-01-18T01:01:26.171+0000] {logging_mixin.py:151} INFO - [2025-01-18T01:01:26.171+0000] {dag.py:2907} INFO - Sync 1 DAGs
[2025-01-18T01:01:26.223+0000] {logging_mixin.py:151} INFO - [2025-01-18T01:01:26.223+0000] {dag.py:3677} INFO - Setting next_dagrun for example_setup_teardown to 2025-01-17T01:01:26.222899+00:00, run_after=2025-01-18T01:01:26.222899+00:00
[2025-01-18T01:01:26.264+0000] {processor.py:179} INFO - Processing /home/airflow/.local/lib/python3.8/site-packages/airflow/example_dags/example_setup_teardown.py took 0.159 seconds
[2025-01-18T01:01:56.453+0000] {processor.py:157} INFO - Started process (PID=1233) to work on /home/airflow/.local/lib/python3.8/site-packages/airflow/example_dags/example_setup_teardown.py
[2025-01-18T01:01:56.454+0000] {processor.py:829} INFO - Processing file /home/airflow/.local/lib/python3.8/site-packages/airflow/example_dags/example_setup_teardown.py for tasks to queue
[2025-01-18T01:01:56.457+0000] {logging_mixin.py:151} INFO - [2025-01-18T01:01:56.457+0000] {dagbag.py:539} INFO - Filling up the DagBag from /home/airflow/.local/lib/python3.8/site-packages/airflow/example_dags/example_setup_teardown.py
[2025-01-18T01:01:56.467+0000] {processor.py:839} INFO - DAG(s) dict_keys(['example_setup_teardown']) retrieved from /home/airflow/.local/lib/python3.8/site-packages/airflow/example_dags/example_setup_teardown.py
[2025-01-18T01:01:56.491+0000] {logging_mixin.py:151} INFO - [2025-01-18T01:01:56.491+0000] {dag.py:2907} INFO - Sync 1 DAGs
[2025-01-18T01:01:56.510+0000] {logging_mixin.py:151} INFO - [2025-01-18T01:01:56.510+0000] {dag.py:3677} INFO - Setting next_dagrun for example_setup_teardown to 2025-01-17T01:01:56.510553+00:00, run_after=2025-01-18T01:01:56.510553+00:00
[2025-01-18T01:01:56.528+0000] {processor.py:179} INFO - Processing /home/airflow/.local/lib/python3.8/site-packages/airflow/example_dags/example_setup_teardown.py took 0.079 seconds
[2025-01-18T01:02:27.396+0000] {processor.py:157} INFO - Started process (PID=1338) to work on /home/airflow/.local/lib/python3.8/site-packages/airflow/example_dags/example_setup_teardown.py
[2025-01-18T01:02:27.397+0000] {processor.py:829} INFO - Processing file /home/airflow/.local/lib/python3.8/site-packages/airflow/example_dags/example_setup_teardown.py for tasks to queue
[2025-01-18T01:02:27.402+0000] {logging_mixin.py:151} INFO - [2025-01-18T01:02:27.401+0000] {dagbag.py:539} INFO - Filling up the DagBag from /home/airflow/.local/lib/python3.8/site-packages/airflow/example_dags/example_setup_teardown.py
[2025-01-18T01:02:27.419+0000] {processor.py:839} INFO - DAG(s) dict_keys(['example_setup_teardown']) retrieved from /home/airflow/.local/lib/python3.8/site-packages/airflow/example_dags/example_setup_teardown.py
[2025-01-18T01:02:27.465+0000] {logging_mixin.py:151} INFO - [2025-01-18T01:02:27.465+0000] {dag.py:2907} INFO - Sync 1 DAGs
[2025-01-18T01:02:27.516+0000] {logging_mixin.py:151} INFO - [2025-01-18T01:02:27.516+0000] {dag.py:3677} INFO - Setting next_dagrun for example_setup_teardown to 2025-01-17T01:02:27.515503+00:00, run_after=2025-01-18T01:02:27.515503+00:00
[2025-01-18T01:02:27.549+0000] {processor.py:179} INFO - Processing /home/airflow/.local/lib/python3.8/site-packages/airflow/example_dags/example_setup_teardown.py took 0.159 seconds
[2025-01-18T13:40:27.926+0000] {processor.py:157} INFO - Started process (PID=88) to work on /home/airflow/.local/lib/python3.8/site-packages/airflow/example_dags/example_setup_teardown.py
[2025-01-18T13:40:27.930+0000] {processor.py:829} INFO - Processing file /home/airflow/.local/lib/python3.8/site-packages/airflow/example_dags/example_setup_teardown.py for tasks to queue
[2025-01-18T13:40:27.937+0000] {logging_mixin.py:151} INFO - [2025-01-18T13:40:27.936+0000] {dagbag.py:539} INFO - Filling up the DagBag from /home/airflow/.local/lib/python3.8/site-packages/airflow/example_dags/example_setup_teardown.py
[2025-01-18T13:40:27.957+0000] {processor.py:839} INFO - DAG(s) dict_keys(['example_setup_teardown']) retrieved from /home/airflow/.local/lib/python3.8/site-packages/airflow/example_dags/example_setup_teardown.py
[2025-01-18T13:40:28.024+0000] {logging_mixin.py:151} INFO - [2025-01-18T13:40:28.023+0000] {dag.py:2907} INFO - Sync 1 DAGs
[2025-01-18T13:40:28.099+0000] {logging_mixin.py:151} INFO - [2025-01-18T13:40:28.098+0000] {dag.py:3677} INFO - Setting next_dagrun for example_setup_teardown to 2025-01-17T13:40:28.098523+00:00, run_after=2025-01-18T13:40:28.098523+00:00
[2025-01-18T13:40:28.152+0000] {processor.py:179} INFO - Processing /home/airflow/.local/lib/python3.8/site-packages/airflow/example_dags/example_setup_teardown.py took 0.233 seconds
[2025-01-18T13:40:58.230+0000] {processor.py:157} INFO - Started process (PID=165) to work on /home/airflow/.local/lib/python3.8/site-packages/airflow/example_dags/example_setup_teardown.py
[2025-01-18T13:40:58.231+0000] {processor.py:829} INFO - Processing file /home/airflow/.local/lib/python3.8/site-packages/airflow/example_dags/example_setup_teardown.py for tasks to queue
[2025-01-18T13:40:58.234+0000] {logging_mixin.py:151} INFO - [2025-01-18T13:40:58.234+0000] {dagbag.py:539} INFO - Filling up the DagBag from /home/airflow/.local/lib/python3.8/site-packages/airflow/example_dags/example_setup_teardown.py
[2025-01-18T13:40:58.246+0000] {processor.py:839} INFO - DAG(s) dict_keys(['example_setup_teardown']) retrieved from /home/airflow/.local/lib/python3.8/site-packages/airflow/example_dags/example_setup_teardown.py
[2025-01-18T13:40:58.274+0000] {logging_mixin.py:151} INFO - [2025-01-18T13:40:58.274+0000] {dag.py:2907} INFO - Sync 1 DAGs
[2025-01-18T13:40:58.303+0000] {logging_mixin.py:151} INFO - [2025-01-18T13:40:58.303+0000] {dag.py:3677} INFO - Setting next_dagrun for example_setup_teardown to 2025-01-17T13:40:58.303112+00:00, run_after=2025-01-18T13:40:58.303112+00:00
[2025-01-18T13:40:58.326+0000] {processor.py:179} INFO - Processing /home/airflow/.local/lib/python3.8/site-packages/airflow/example_dags/example_setup_teardown.py took 0.101 seconds
[2025-01-18T13:41:28.763+0000] {processor.py:157} INFO - Started process (PID=253) to work on /home/airflow/.local/lib/python3.8/site-packages/airflow/example_dags/example_setup_teardown.py
[2025-01-18T13:41:28.764+0000] {processor.py:829} INFO - Processing file /home/airflow/.local/lib/python3.8/site-packages/airflow/example_dags/example_setup_teardown.py for tasks to queue
[2025-01-18T13:41:28.768+0000] {logging_mixin.py:151} INFO - [2025-01-18T13:41:28.767+0000] {dagbag.py:539} INFO - Filling up the DagBag from /home/airflow/.local/lib/python3.8/site-packages/airflow/example_dags/example_setup_teardown.py
[2025-01-18T13:41:28.779+0000] {processor.py:839} INFO - DAG(s) dict_keys(['example_setup_teardown']) retrieved from /home/airflow/.local/lib/python3.8/site-packages/airflow/example_dags/example_setup_teardown.py
[2025-01-18T13:41:28.815+0000] {logging_mixin.py:151} INFO - [2025-01-18T13:41:28.815+0000] {dag.py:2907} INFO - Sync 1 DAGs
[2025-01-18T13:41:28.855+0000] {logging_mixin.py:151} INFO - [2025-01-18T13:41:28.854+0000] {dag.py:3677} INFO - Setting next_dagrun for example_setup_teardown to 2025-01-17T13:41:28.854541+00:00, run_after=2025-01-18T13:41:28.854541+00:00
[2025-01-18T13:41:28.885+0000] {processor.py:179} INFO - Processing /home/airflow/.local/lib/python3.8/site-packages/airflow/example_dags/example_setup_teardown.py took 0.127 seconds
[2025-01-18T13:41:59.746+0000] {processor.py:157} INFO - Started process (PID=339) to work on /home/airflow/.local/lib/python3.8/site-packages/airflow/example_dags/example_setup_teardown.py
[2025-01-18T13:41:59.748+0000] {processor.py:829} INFO - Processing file /home/airflow/.local/lib/python3.8/site-packages/airflow/example_dags/example_setup_teardown.py for tasks to queue
[2025-01-18T13:41:59.753+0000] {logging_mixin.py:151} INFO - [2025-01-18T13:41:59.752+0000] {dagbag.py:539} INFO - Filling up the DagBag from /home/airflow/.local/lib/python3.8/site-packages/airflow/example_dags/example_setup_teardown.py
[2025-01-18T13:41:59.781+0000] {processor.py:839} INFO - DAG(s) dict_keys(['example_setup_teardown']) retrieved from /home/airflow/.local/lib/python3.8/site-packages/airflow/example_dags/example_setup_teardown.py
[2025-01-18T13:41:59.841+0000] {logging_mixin.py:151} INFO - [2025-01-18T13:41:59.841+0000] {dag.py:2907} INFO - Sync 1 DAGs
[2025-01-18T13:41:59.893+0000] {logging_mixin.py:151} INFO - [2025-01-18T13:41:59.893+0000] {dag.py:3677} INFO - Setting next_dagrun for example_setup_teardown to 2025-01-17T13:41:59.892612+00:00, run_after=2025-01-18T13:41:59.892612+00:00
[2025-01-18T13:41:59.928+0000] {processor.py:179} INFO - Processing /home/airflow/.local/lib/python3.8/site-packages/airflow/example_dags/example_setup_teardown.py took 0.191 seconds
[2025-01-18T13:42:30.587+0000] {processor.py:157} INFO - Started process (PID=406) to work on /home/airflow/.local/lib/python3.8/site-packages/airflow/example_dags/example_setup_teardown.py
[2025-01-18T13:42:30.589+0000] {processor.py:829} INFO - Processing file /home/airflow/.local/lib/python3.8/site-packages/airflow/example_dags/example_setup_teardown.py for tasks to queue
[2025-01-18T13:42:30.595+0000] {logging_mixin.py:151} INFO - [2025-01-18T13:42:30.594+0000] {dagbag.py:539} INFO - Filling up the DagBag from /home/airflow/.local/lib/python3.8/site-packages/airflow/example_dags/example_setup_teardown.py
[2025-01-18T13:42:30.612+0000] {processor.py:839} INFO - DAG(s) dict_keys(['example_setup_teardown']) retrieved from /home/airflow/.local/lib/python3.8/site-packages/airflow/example_dags/example_setup_teardown.py
[2025-01-18T13:42:30.657+0000] {logging_mixin.py:151} INFO - [2025-01-18T13:42:30.657+0000] {dag.py:2907} INFO - Sync 1 DAGs
[2025-01-18T13:42:30.707+0000] {logging_mixin.py:151} INFO - [2025-01-18T13:42:30.707+0000] {dag.py:3677} INFO - Setting next_dagrun for example_setup_teardown to 2025-01-17T13:42:30.706958+00:00, run_after=2025-01-18T13:42:30.706958+00:00
[2025-01-18T13:42:30.748+0000] {processor.py:179} INFO - Processing /home/airflow/.local/lib/python3.8/site-packages/airflow/example_dags/example_setup_teardown.py took 0.168 seconds
[2025-01-18T13:43:01.793+0000] {processor.py:157} INFO - Started process (PID=492) to work on /home/airflow/.local/lib/python3.8/site-packages/airflow/example_dags/example_setup_teardown.py
[2025-01-18T13:43:01.807+0000] {processor.py:829} INFO - Processing file /home/airflow/.local/lib/python3.8/site-packages/airflow/example_dags/example_setup_teardown.py for tasks to queue
[2025-01-18T13:43:01.822+0000] {logging_mixin.py:151} INFO - [2025-01-18T13:43:01.811+0000] {dagbag.py:539} INFO - Filling up the DagBag from /home/airflow/.local/lib/python3.8/site-packages/airflow/example_dags/example_setup_teardown.py
[2025-01-18T13:43:01.870+0000] {processor.py:839} INFO - DAG(s) dict_keys(['example_setup_teardown']) retrieved from /home/airflow/.local/lib/python3.8/site-packages/airflow/example_dags/example_setup_teardown.py
[2025-01-18T13:43:01.996+0000] {logging_mixin.py:151} INFO - [2025-01-18T13:43:01.986+0000] {dag.py:2907} INFO - Sync 1 DAGs
[2025-01-18T13:43:02.133+0000] {logging_mixin.py:151} INFO - [2025-01-18T13:43:02.132+0000] {dag.py:3677} INFO - Setting next_dagrun for example_setup_teardown to 2025-01-17T13:43:02.132183+00:00, run_after=2025-01-18T13:43:02.132183+00:00
[2025-01-18T13:43:02.246+0000] {processor.py:179} INFO - Processing /home/airflow/.local/lib/python3.8/site-packages/airflow/example_dags/example_setup_teardown.py took 0.469 seconds
[2025-01-18T13:43:32.895+0000] {processor.py:157} INFO - Started process (PID=567) to work on /home/airflow/.local/lib/python3.8/site-packages/airflow/example_dags/example_setup_teardown.py
[2025-01-18T13:43:32.904+0000] {processor.py:829} INFO - Processing file /home/airflow/.local/lib/python3.8/site-packages/airflow/example_dags/example_setup_teardown.py for tasks to queue
[2025-01-18T13:43:32.909+0000] {logging_mixin.py:151} INFO - [2025-01-18T13:43:32.908+0000] {dagbag.py:539} INFO - Filling up the DagBag from /home/airflow/.local/lib/python3.8/site-packages/airflow/example_dags/example_setup_teardown.py
[2025-01-18T13:43:32.931+0000] {processor.py:839} INFO - DAG(s) dict_keys(['example_setup_teardown']) retrieved from /home/airflow/.local/lib/python3.8/site-packages/airflow/example_dags/example_setup_teardown.py
[2025-01-18T13:43:33.031+0000] {logging_mixin.py:151} INFO - [2025-01-18T13:43:33.030+0000] {dag.py:2907} INFO - Sync 1 DAGs
[2025-01-18T13:43:33.115+0000] {logging_mixin.py:151} INFO - [2025-01-18T13:43:33.114+0000] {dag.py:3677} INFO - Setting next_dagrun for example_setup_teardown to 2025-01-17T13:43:33.114300+00:00, run_after=2025-01-18T13:43:33.114300+00:00
[2025-01-18T13:43:33.179+0000] {processor.py:179} INFO - Processing /home/airflow/.local/lib/python3.8/site-packages/airflow/example_dags/example_setup_teardown.py took 0.292 seconds
[2025-01-18T13:44:03.632+0000] {processor.py:157} INFO - Started process (PID=645) to work on /home/airflow/.local/lib/python3.8/site-packages/airflow/example_dags/example_setup_teardown.py
[2025-01-18T13:44:03.633+0000] {processor.py:829} INFO - Processing file /home/airflow/.local/lib/python3.8/site-packages/airflow/example_dags/example_setup_teardown.py for tasks to queue
[2025-01-18T13:44:03.637+0000] {logging_mixin.py:151} INFO - [2025-01-18T13:44:03.636+0000] {dagbag.py:539} INFO - Filling up the DagBag from /home/airflow/.local/lib/python3.8/site-packages/airflow/example_dags/example_setup_teardown.py
[2025-01-18T13:44:03.647+0000] {processor.py:839} INFO - DAG(s) dict_keys(['example_setup_teardown']) retrieved from /home/airflow/.local/lib/python3.8/site-packages/airflow/example_dags/example_setup_teardown.py
[2025-01-18T13:44:03.676+0000] {logging_mixin.py:151} INFO - [2025-01-18T13:44:03.676+0000] {dag.py:2907} INFO - Sync 1 DAGs
[2025-01-18T13:44:03.703+0000] {logging_mixin.py:151} INFO - [2025-01-18T13:44:03.703+0000] {dag.py:3677} INFO - Setting next_dagrun for example_setup_teardown to 2025-01-17T13:44:03.702750+00:00, run_after=2025-01-18T13:44:03.702750+00:00
[2025-01-18T13:44:03.726+0000] {processor.py:179} INFO - Processing /home/airflow/.local/lib/python3.8/site-packages/airflow/example_dags/example_setup_teardown.py took 0.098 seconds
[2025-01-18T13:44:34.634+0000] {processor.py:157} INFO - Started process (PID=731) to work on /home/airflow/.local/lib/python3.8/site-packages/airflow/example_dags/example_setup_teardown.py
[2025-01-18T13:44:34.636+0000] {processor.py:829} INFO - Processing file /home/airflow/.local/lib/python3.8/site-packages/airflow/example_dags/example_setup_teardown.py for tasks to queue
[2025-01-18T13:44:34.638+0000] {logging_mixin.py:151} INFO - [2025-01-18T13:44:34.638+0000] {dagbag.py:539} INFO - Filling up the DagBag from /home/airflow/.local/lib/python3.8/site-packages/airflow/example_dags/example_setup_teardown.py
[2025-01-18T13:44:34.648+0000] {processor.py:839} INFO - DAG(s) dict_keys(['example_setup_teardown']) retrieved from /home/airflow/.local/lib/python3.8/site-packages/airflow/example_dags/example_setup_teardown.py
[2025-01-18T13:44:34.678+0000] {logging_mixin.py:151} INFO - [2025-01-18T13:44:34.678+0000] {dag.py:2907} INFO - Sync 1 DAGs
[2025-01-18T13:44:34.713+0000] {logging_mixin.py:151} INFO - [2025-01-18T13:44:34.712+0000] {dag.py:3677} INFO - Setting next_dagrun for example_setup_teardown to 2025-01-17T13:44:34.712539+00:00, run_after=2025-01-18T13:44:34.712539+00:00
[2025-01-18T13:44:34.739+0000] {processor.py:179} INFO - Processing /home/airflow/.local/lib/python3.8/site-packages/airflow/example_dags/example_setup_teardown.py took 0.108 seconds
[2025-01-18T13:45:05.344+0000] {processor.py:157} INFO - Started process (PID=817) to work on /home/airflow/.local/lib/python3.8/site-packages/airflow/example_dags/example_setup_teardown.py
[2025-01-18T13:45:05.346+0000] {processor.py:829} INFO - Processing file /home/airflow/.local/lib/python3.8/site-packages/airflow/example_dags/example_setup_teardown.py for tasks to queue
[2025-01-18T13:45:05.353+0000] {logging_mixin.py:151} INFO - [2025-01-18T13:45:05.351+0000] {dagbag.py:539} INFO - Filling up the DagBag from /home/airflow/.local/lib/python3.8/site-packages/airflow/example_dags/example_setup_teardown.py
[2025-01-18T13:45:05.373+0000] {processor.py:839} INFO - DAG(s) dict_keys(['example_setup_teardown']) retrieved from /home/airflow/.local/lib/python3.8/site-packages/airflow/example_dags/example_setup_teardown.py
[2025-01-18T13:45:05.424+0000] {logging_mixin.py:151} INFO - [2025-01-18T13:45:05.423+0000] {dag.py:2907} INFO - Sync 1 DAGs
[2025-01-18T13:45:05.474+0000] {logging_mixin.py:151} INFO - [2025-01-18T13:45:05.473+0000] {dag.py:3677} INFO - Setting next_dagrun for example_setup_teardown to 2025-01-17T13:45:05.473418+00:00, run_after=2025-01-18T13:45:05.473418+00:00
[2025-01-18T13:45:05.513+0000] {processor.py:179} INFO - Processing /home/airflow/.local/lib/python3.8/site-packages/airflow/example_dags/example_setup_teardown.py took 0.174 seconds
[2025-01-18T13:45:36.403+0000] {processor.py:157} INFO - Started process (PID=903) to work on /home/airflow/.local/lib/python3.8/site-packages/airflow/example_dags/example_setup_teardown.py
[2025-01-18T13:45:36.405+0000] {processor.py:829} INFO - Processing file /home/airflow/.local/lib/python3.8/site-packages/airflow/example_dags/example_setup_teardown.py for tasks to queue
[2025-01-18T13:45:36.409+0000] {logging_mixin.py:151} INFO - [2025-01-18T13:45:36.409+0000] {dagbag.py:539} INFO - Filling up the DagBag from /home/airflow/.local/lib/python3.8/site-packages/airflow/example_dags/example_setup_teardown.py
[2025-01-18T13:45:36.422+0000] {processor.py:839} INFO - DAG(s) dict_keys(['example_setup_teardown']) retrieved from /home/airflow/.local/lib/python3.8/site-packages/airflow/example_dags/example_setup_teardown.py
[2025-01-18T13:45:36.458+0000] {logging_mixin.py:151} INFO - [2025-01-18T13:45:36.458+0000] {dag.py:2907} INFO - Sync 1 DAGs
[2025-01-18T13:45:36.499+0000] {logging_mixin.py:151} INFO - [2025-01-18T13:45:36.498+0000] {dag.py:3677} INFO - Setting next_dagrun for example_setup_teardown to 2025-01-17T13:45:36.498619+00:00, run_after=2025-01-18T13:45:36.498619+00:00
[2025-01-18T13:45:36.531+0000] {processor.py:179} INFO - Processing /home/airflow/.local/lib/python3.8/site-packages/airflow/example_dags/example_setup_teardown.py took 0.133 seconds
[2025-01-18T13:46:06.914+0000] {processor.py:157} INFO - Started process (PID=990) to work on /home/airflow/.local/lib/python3.8/site-packages/airflow/example_dags/example_setup_teardown.py
[2025-01-18T13:46:06.915+0000] {processor.py:829} INFO - Processing file /home/airflow/.local/lib/python3.8/site-packages/airflow/example_dags/example_setup_teardown.py for tasks to queue
[2025-01-18T13:46:06.918+0000] {logging_mixin.py:151} INFO - [2025-01-18T13:46:06.917+0000] {dagbag.py:539} INFO - Filling up the DagBag from /home/airflow/.local/lib/python3.8/site-packages/airflow/example_dags/example_setup_teardown.py
[2025-01-18T13:46:06.927+0000] {processor.py:839} INFO - DAG(s) dict_keys(['example_setup_teardown']) retrieved from /home/airflow/.local/lib/python3.8/site-packages/airflow/example_dags/example_setup_teardown.py
[2025-01-18T13:46:06.951+0000] {logging_mixin.py:151} INFO - [2025-01-18T13:46:06.951+0000] {dag.py:2907} INFO - Sync 1 DAGs
[2025-01-18T13:46:06.979+0000] {logging_mixin.py:151} INFO - [2025-01-18T13:46:06.979+0000] {dag.py:3677} INFO - Setting next_dagrun for example_setup_teardown to 2025-01-17T13:46:06.978774+00:00, run_after=2025-01-18T13:46:06.978774+00:00
[2025-01-18T13:46:07.003+0000] {processor.py:179} INFO - Processing /home/airflow/.local/lib/python3.8/site-packages/airflow/example_dags/example_setup_teardown.py took 0.092 seconds
[2025-01-18T13:46:37.185+0000] {processor.py:157} INFO - Started process (PID=1075) to work on /home/airflow/.local/lib/python3.8/site-packages/airflow/example_dags/example_setup_teardown.py
[2025-01-18T13:46:37.186+0000] {processor.py:829} INFO - Processing file /home/airflow/.local/lib/python3.8/site-packages/airflow/example_dags/example_setup_teardown.py for tasks to queue
[2025-01-18T13:46:37.190+0000] {logging_mixin.py:151} INFO - [2025-01-18T13:46:37.190+0000] {dagbag.py:539} INFO - Filling up the DagBag from /home/airflow/.local/lib/python3.8/site-packages/airflow/example_dags/example_setup_teardown.py
[2025-01-18T13:46:37.198+0000] {processor.py:839} INFO - DAG(s) dict_keys(['example_setup_teardown']) retrieved from /home/airflow/.local/lib/python3.8/site-packages/airflow/example_dags/example_setup_teardown.py
[2025-01-18T13:46:37.228+0000] {logging_mixin.py:151} INFO - [2025-01-18T13:46:37.228+0000] {dag.py:2907} INFO - Sync 1 DAGs
[2025-01-18T13:46:37.256+0000] {logging_mixin.py:151} INFO - [2025-01-18T13:46:37.255+0000] {dag.py:3677} INFO - Setting next_dagrun for example_setup_teardown to 2025-01-17T13:46:37.255713+00:00, run_after=2025-01-18T13:46:37.255713+00:00
[2025-01-18T13:46:37.282+0000] {processor.py:179} INFO - Processing /home/airflow/.local/lib/python3.8/site-packages/airflow/example_dags/example_setup_teardown.py took 0.101 seconds
[2025-01-18T13:47:07.594+0000] {processor.py:157} INFO - Started process (PID=1161) to work on /home/airflow/.local/lib/python3.8/site-packages/airflow/example_dags/example_setup_teardown.py
[2025-01-18T13:47:07.595+0000] {processor.py:829} INFO - Processing file /home/airflow/.local/lib/python3.8/site-packages/airflow/example_dags/example_setup_teardown.py for tasks to queue
[2025-01-18T13:47:07.599+0000] {logging_mixin.py:151} INFO - [2025-01-18T13:47:07.598+0000] {dagbag.py:539} INFO - Filling up the DagBag from /home/airflow/.local/lib/python3.8/site-packages/airflow/example_dags/example_setup_teardown.py
[2025-01-18T13:47:07.608+0000] {processor.py:839} INFO - DAG(s) dict_keys(['example_setup_teardown']) retrieved from /home/airflow/.local/lib/python3.8/site-packages/airflow/example_dags/example_setup_teardown.py
[2025-01-18T13:47:07.640+0000] {logging_mixin.py:151} INFO - [2025-01-18T13:47:07.639+0000] {dag.py:2907} INFO - Sync 1 DAGs
[2025-01-18T13:47:07.676+0000] {logging_mixin.py:151} INFO - [2025-01-18T13:47:07.676+0000] {dag.py:3677} INFO - Setting next_dagrun for example_setup_teardown to 2025-01-17T13:47:07.675851+00:00, run_after=2025-01-18T13:47:07.675851+00:00
[2025-01-18T13:47:07.707+0000] {processor.py:179} INFO - Processing /home/airflow/.local/lib/python3.8/site-packages/airflow/example_dags/example_setup_teardown.py took 0.119 seconds
[2025-01-18T13:47:37.905+0000] {processor.py:157} INFO - Started process (PID=1247) to work on /home/airflow/.local/lib/python3.8/site-packages/airflow/example_dags/example_setup_teardown.py
[2025-01-18T13:47:37.907+0000] {processor.py:829} INFO - Processing file /home/airflow/.local/lib/python3.8/site-packages/airflow/example_dags/example_setup_teardown.py for tasks to queue
[2025-01-18T13:47:37.912+0000] {logging_mixin.py:151} INFO - [2025-01-18T13:47:37.911+0000] {dagbag.py:539} INFO - Filling up the DagBag from /home/airflow/.local/lib/python3.8/site-packages/airflow/example_dags/example_setup_teardown.py
[2025-01-18T13:47:37.927+0000] {processor.py:839} INFO - DAG(s) dict_keys(['example_setup_teardown']) retrieved from /home/airflow/.local/lib/python3.8/site-packages/airflow/example_dags/example_setup_teardown.py
[2025-01-18T13:47:37.971+0000] {logging_mixin.py:151} INFO - [2025-01-18T13:47:37.971+0000] {dag.py:2907} INFO - Sync 1 DAGs
[2025-01-18T13:47:38.021+0000] {logging_mixin.py:151} INFO - [2025-01-18T13:47:38.021+0000] {dag.py:3677} INFO - Setting next_dagrun for example_setup_teardown to 2025-01-17T13:47:38.020881+00:00, run_after=2025-01-18T13:47:38.020881+00:00
[2025-01-18T13:47:38.061+0000] {processor.py:179} INFO - Processing /home/airflow/.local/lib/python3.8/site-packages/airflow/example_dags/example_setup_teardown.py took 0.164 seconds
[2025-01-18T13:48:08.669+0000] {processor.py:157} INFO - Started process (PID=1314) to work on /home/airflow/.local/lib/python3.8/site-packages/airflow/example_dags/example_setup_teardown.py
[2025-01-18T13:48:08.672+0000] {processor.py:829} INFO - Processing file /home/airflow/.local/lib/python3.8/site-packages/airflow/example_dags/example_setup_teardown.py for tasks to queue
[2025-01-18T13:48:08.679+0000] {logging_mixin.py:151} INFO - [2025-01-18T13:48:08.678+0000] {dagbag.py:539} INFO - Filling up the DagBag from /home/airflow/.local/lib/python3.8/site-packages/airflow/example_dags/example_setup_teardown.py
[2025-01-18T13:48:08.713+0000] {processor.py:839} INFO - DAG(s) dict_keys(['example_setup_teardown']) retrieved from /home/airflow/.local/lib/python3.8/site-packages/airflow/example_dags/example_setup_teardown.py
[2025-01-18T13:48:08.799+0000] {logging_mixin.py:151} INFO - [2025-01-18T13:48:08.799+0000] {dag.py:2907} INFO - Sync 1 DAGs
[2025-01-18T13:48:08.888+0000] {logging_mixin.py:151} INFO - [2025-01-18T13:48:08.887+0000] {dag.py:3677} INFO - Setting next_dagrun for example_setup_teardown to 2025-01-17T13:48:08.887321+00:00, run_after=2025-01-18T13:48:08.887321+00:00
[2025-01-18T13:48:08.958+0000] {processor.py:179} INFO - Processing /home/airflow/.local/lib/python3.8/site-packages/airflow/example_dags/example_setup_teardown.py took 0.297 seconds
[2025-01-18T13:48:39.558+0000] {processor.py:157} INFO - Started process (PID=1400) to work on /home/airflow/.local/lib/python3.8/site-packages/airflow/example_dags/example_setup_teardown.py
[2025-01-18T13:48:39.559+0000] {processor.py:829} INFO - Processing file /home/airflow/.local/lib/python3.8/site-packages/airflow/example_dags/example_setup_teardown.py for tasks to queue
[2025-01-18T13:48:39.561+0000] {logging_mixin.py:151} INFO - [2025-01-18T13:48:39.561+0000] {dagbag.py:539} INFO - Filling up the DagBag from /home/airflow/.local/lib/python3.8/site-packages/airflow/example_dags/example_setup_teardown.py
[2025-01-18T13:48:39.568+0000] {processor.py:839} INFO - DAG(s) dict_keys(['example_setup_teardown']) retrieved from /home/airflow/.local/lib/python3.8/site-packages/airflow/example_dags/example_setup_teardown.py
[2025-01-18T13:48:39.587+0000] {logging_mixin.py:151} INFO - [2025-01-18T13:48:39.587+0000] {dag.py:2907} INFO - Sync 1 DAGs
[2025-01-18T13:48:39.611+0000] {logging_mixin.py:151} INFO - [2025-01-18T13:48:39.611+0000] {dag.py:3677} INFO - Setting next_dagrun for example_setup_teardown to 2025-01-17T13:48:39.611427+00:00, run_after=2025-01-18T13:48:39.611427+00:00
[2025-01-18T13:48:39.637+0000] {processor.py:179} INFO - Processing /home/airflow/.local/lib/python3.8/site-packages/airflow/example_dags/example_setup_teardown.py took 0.082 seconds
[2025-01-18T13:49:10.395+0000] {processor.py:157} INFO - Started process (PID=1487) to work on /home/airflow/.local/lib/python3.8/site-packages/airflow/example_dags/example_setup_teardown.py
[2025-01-18T13:49:10.396+0000] {processor.py:829} INFO - Processing file /home/airflow/.local/lib/python3.8/site-packages/airflow/example_dags/example_setup_teardown.py for tasks to queue
[2025-01-18T13:49:10.399+0000] {logging_mixin.py:151} INFO - [2025-01-18T13:49:10.399+0000] {dagbag.py:539} INFO - Filling up the DagBag from /home/airflow/.local/lib/python3.8/site-packages/airflow/example_dags/example_setup_teardown.py
[2025-01-18T13:49:10.408+0000] {processor.py:839} INFO - DAG(s) dict_keys(['example_setup_teardown']) retrieved from /home/airflow/.local/lib/python3.8/site-packages/airflow/example_dags/example_setup_teardown.py
[2025-01-18T13:49:10.435+0000] {logging_mixin.py:151} INFO - [2025-01-18T13:49:10.434+0000] {dag.py:2907} INFO - Sync 1 DAGs
[2025-01-18T13:49:10.468+0000] {logging_mixin.py:151} INFO - [2025-01-18T13:49:10.467+0000] {dag.py:3677} INFO - Setting next_dagrun for example_setup_teardown to 2025-01-17T13:49:10.467767+00:00, run_after=2025-01-18T13:49:10.467767+00:00
[2025-01-18T13:49:10.491+0000] {processor.py:179} INFO - Processing /home/airflow/.local/lib/python3.8/site-packages/airflow/example_dags/example_setup_teardown.py took 0.101 seconds
[2025-01-18T13:49:41.283+0000] {processor.py:157} INFO - Started process (PID=1573) to work on /home/airflow/.local/lib/python3.8/site-packages/airflow/example_dags/example_setup_teardown.py
[2025-01-18T13:49:41.285+0000] {processor.py:829} INFO - Processing file /home/airflow/.local/lib/python3.8/site-packages/airflow/example_dags/example_setup_teardown.py for tasks to queue
[2025-01-18T13:49:41.287+0000] {logging_mixin.py:151} INFO - [2025-01-18T13:49:41.287+0000] {dagbag.py:539} INFO - Filling up the DagBag from /home/airflow/.local/lib/python3.8/site-packages/airflow/example_dags/example_setup_teardown.py
[2025-01-18T13:49:41.295+0000] {processor.py:839} INFO - DAG(s) dict_keys(['example_setup_teardown']) retrieved from /home/airflow/.local/lib/python3.8/site-packages/airflow/example_dags/example_setup_teardown.py
[2025-01-18T13:49:41.320+0000] {logging_mixin.py:151} INFO - [2025-01-18T13:49:41.320+0000] {dag.py:2907} INFO - Sync 1 DAGs
[2025-01-18T13:49:41.349+0000] {logging_mixin.py:151} INFO - [2025-01-18T13:49:41.349+0000] {dag.py:3677} INFO - Setting next_dagrun for example_setup_teardown to 2025-01-17T13:49:41.349479+00:00, run_after=2025-01-18T13:49:41.349479+00:00
[2025-01-18T13:49:41.371+0000] {processor.py:179} INFO - Processing /home/airflow/.local/lib/python3.8/site-packages/airflow/example_dags/example_setup_teardown.py took 0.092 seconds
[2025-01-18T13:50:12.273+0000] {processor.py:157} INFO - Started process (PID=1660) to work on /home/airflow/.local/lib/python3.8/site-packages/airflow/example_dags/example_setup_teardown.py
[2025-01-18T13:50:12.274+0000] {processor.py:829} INFO - Processing file /home/airflow/.local/lib/python3.8/site-packages/airflow/example_dags/example_setup_teardown.py for tasks to queue
[2025-01-18T13:50:12.277+0000] {logging_mixin.py:151} INFO - [2025-01-18T13:50:12.277+0000] {dagbag.py:539} INFO - Filling up the DagBag from /home/airflow/.local/lib/python3.8/site-packages/airflow/example_dags/example_setup_teardown.py
[2025-01-18T13:50:12.285+0000] {processor.py:839} INFO - DAG(s) dict_keys(['example_setup_teardown']) retrieved from /home/airflow/.local/lib/python3.8/site-packages/airflow/example_dags/example_setup_teardown.py
[2025-01-18T13:50:12.307+0000] {logging_mixin.py:151} INFO - [2025-01-18T13:50:12.307+0000] {dag.py:2907} INFO - Sync 1 DAGs
[2025-01-18T13:50:12.334+0000] {logging_mixin.py:151} INFO - [2025-01-18T13:50:12.334+0000] {dag.py:3677} INFO - Setting next_dagrun for example_setup_teardown to 2025-01-17T13:50:12.334162+00:00, run_after=2025-01-18T13:50:12.334162+00:00
[2025-01-18T13:50:12.356+0000] {processor.py:179} INFO - Processing /home/airflow/.local/lib/python3.8/site-packages/airflow/example_dags/example_setup_teardown.py took 0.086 seconds
[2025-01-18T13:50:42.826+0000] {processor.py:157} INFO - Started process (PID=1773) to work on /home/airflow/.local/lib/python3.8/site-packages/airflow/example_dags/example_setup_teardown.py
[2025-01-18T13:50:42.827+0000] {processor.py:829} INFO - Processing file /home/airflow/.local/lib/python3.8/site-packages/airflow/example_dags/example_setup_teardown.py for tasks to queue
[2025-01-18T13:50:42.831+0000] {logging_mixin.py:151} INFO - [2025-01-18T13:50:42.830+0000] {dagbag.py:539} INFO - Filling up the DagBag from /home/airflow/.local/lib/python3.8/site-packages/airflow/example_dags/example_setup_teardown.py
[2025-01-18T13:50:42.840+0000] {processor.py:839} INFO - DAG(s) dict_keys(['example_setup_teardown']) retrieved from /home/airflow/.local/lib/python3.8/site-packages/airflow/example_dags/example_setup_teardown.py
[2025-01-18T13:50:42.872+0000] {logging_mixin.py:151} INFO - [2025-01-18T13:50:42.872+0000] {dag.py:2907} INFO - Sync 1 DAGs
[2025-01-18T13:50:42.908+0000] {logging_mixin.py:151} INFO - [2025-01-18T13:50:42.908+0000] {dag.py:3677} INFO - Setting next_dagrun for example_setup_teardown to 2025-01-17T13:50:42.907738+00:00, run_after=2025-01-18T13:50:42.907738+00:00
[2025-01-18T13:50:42.934+0000] {processor.py:179} INFO - Processing /home/airflow/.local/lib/python3.8/site-packages/airflow/example_dags/example_setup_teardown.py took 0.112 seconds
[2025-01-18T13:51:13.138+0000] {processor.py:157} INFO - Started process (PID=1859) to work on /home/airflow/.local/lib/python3.8/site-packages/airflow/example_dags/example_setup_teardown.py
[2025-01-18T13:51:13.139+0000] {processor.py:829} INFO - Processing file /home/airflow/.local/lib/python3.8/site-packages/airflow/example_dags/example_setup_teardown.py for tasks to queue
[2025-01-18T13:51:13.142+0000] {logging_mixin.py:151} INFO - [2025-01-18T13:51:13.142+0000] {dagbag.py:539} INFO - Filling up the DagBag from /home/airflow/.local/lib/python3.8/site-packages/airflow/example_dags/example_setup_teardown.py
[2025-01-18T13:51:13.151+0000] {processor.py:839} INFO - DAG(s) dict_keys(['example_setup_teardown']) retrieved from /home/airflow/.local/lib/python3.8/site-packages/airflow/example_dags/example_setup_teardown.py
[2025-01-18T13:51:13.178+0000] {logging_mixin.py:151} INFO - [2025-01-18T13:51:13.178+0000] {dag.py:2907} INFO - Sync 1 DAGs
[2025-01-18T13:51:13.206+0000] {logging_mixin.py:151} INFO - [2025-01-18T13:51:13.205+0000] {dag.py:3677} INFO - Setting next_dagrun for example_setup_teardown to 2025-01-17T13:51:13.205504+00:00, run_after=2025-01-18T13:51:13.205504+00:00
[2025-01-18T13:51:13.228+0000] {processor.py:179} INFO - Processing /home/airflow/.local/lib/python3.8/site-packages/airflow/example_dags/example_setup_teardown.py took 0.094 seconds
