[2025-01-18T00:11:09.330+0000] {processor.py:157} INFO - Started process (PID=110) to work on /home/airflow/.local/lib/python3.8/site-packages/airflow/example_dags/example_external_task_marker_dag.py
[2025-01-18T00:11:09.336+0000] {processor.py:829} INFO - Processing file /home/airflow/.local/lib/python3.8/site-packages/airflow/example_dags/example_external_task_marker_dag.py for tasks to queue
[2025-01-18T00:11:09.350+0000] {logging_mixin.py:151} INFO - [2025-01-18T00:11:09.349+0000] {dagbag.py:539} INFO - Filling up the DagBag from /home/airflow/.local/lib/python3.8/site-packages/airflow/example_dags/example_external_task_marker_dag.py
[2025-01-18T00:11:09.386+0000] {processor.py:839} INFO - DAG(s) dict_keys(['example_external_task_marker_child', 'example_external_task_marker_parent']) retrieved from /home/airflow/.local/lib/python3.8/site-packages/airflow/example_dags/example_external_task_marker_dag.py
[2025-01-18T00:11:09.514+0000] {logging_mixin.py:151} INFO - [2025-01-18T00:11:09.514+0000] {dag.py:2907} INFO - Sync 2 DAGs
[2025-01-18T00:11:09.579+0000] {logging_mixin.py:151} INFO - [2025-01-18T00:11:09.579+0000] {dag.py:3677} INFO - Setting next_dagrun for example_external_task_marker_child to None, run_after=None
[2025-01-18T00:11:09.605+0000] {logging_mixin.py:151} INFO - [2025-01-18T00:11:09.604+0000] {dag.py:3677} INFO - Setting next_dagrun for example_external_task_marker_parent to None, run_after=None
[2025-01-18T00:11:09.684+0000] {processor.py:179} INFO - Processing /home/airflow/.local/lib/python3.8/site-packages/airflow/example_dags/example_external_task_marker_dag.py took 0.373 seconds
[2025-01-18T00:11:40.897+0000] {processor.py:157} INFO - Started process (PID=199) to work on /home/airflow/.local/lib/python3.8/site-packages/airflow/example_dags/example_external_task_marker_dag.py
[2025-01-18T00:11:40.907+0000] {processor.py:829} INFO - Processing file /home/airflow/.local/lib/python3.8/site-packages/airflow/example_dags/example_external_task_marker_dag.py for tasks to queue
[2025-01-18T00:11:40.914+0000] {logging_mixin.py:151} INFO - [2025-01-18T00:11:40.913+0000] {dagbag.py:539} INFO - Filling up the DagBag from /home/airflow/.local/lib/python3.8/site-packages/airflow/example_dags/example_external_task_marker_dag.py
[2025-01-18T00:11:40.932+0000] {processor.py:839} INFO - DAG(s) dict_keys(['example_external_task_marker_child', 'example_external_task_marker_parent']) retrieved from /home/airflow/.local/lib/python3.8/site-packages/airflow/example_dags/example_external_task_marker_dag.py
[2025-01-18T00:11:41.061+0000] {logging_mixin.py:151} INFO - [2025-01-18T00:11:41.061+0000] {dag.py:2907} INFO - Sync 2 DAGs
[2025-01-18T00:11:41.109+0000] {logging_mixin.py:151} INFO - [2025-01-18T00:11:41.109+0000] {dag.py:3677} INFO - Setting next_dagrun for example_external_task_marker_child to None, run_after=None
[2025-01-18T00:11:41.118+0000] {logging_mixin.py:151} INFO - [2025-01-18T00:11:41.118+0000] {dag.py:3677} INFO - Setting next_dagrun for example_external_task_marker_parent to None, run_after=None
[2025-01-18T00:11:41.173+0000] {processor.py:179} INFO - Processing /home/airflow/.local/lib/python3.8/site-packages/airflow/example_dags/example_external_task_marker_dag.py took 0.288 seconds
[2025-01-18T00:12:11.662+0000] {processor.py:157} INFO - Started process (PID=296) to work on /home/airflow/.local/lib/python3.8/site-packages/airflow/example_dags/example_external_task_marker_dag.py
[2025-01-18T00:12:11.664+0000] {processor.py:829} INFO - Processing file /home/airflow/.local/lib/python3.8/site-packages/airflow/example_dags/example_external_task_marker_dag.py for tasks to queue
[2025-01-18T00:12:11.667+0000] {logging_mixin.py:151} INFO - [2025-01-18T00:12:11.667+0000] {dagbag.py:539} INFO - Filling up the DagBag from /home/airflow/.local/lib/python3.8/site-packages/airflow/example_dags/example_external_task_marker_dag.py
[2025-01-18T00:12:11.678+0000] {processor.py:839} INFO - DAG(s) dict_keys(['example_external_task_marker_parent', 'example_external_task_marker_child']) retrieved from /home/airflow/.local/lib/python3.8/site-packages/airflow/example_dags/example_external_task_marker_dag.py
[2025-01-18T00:12:11.719+0000] {logging_mixin.py:151} INFO - [2025-01-18T00:12:11.719+0000] {dag.py:2907} INFO - Sync 2 DAGs
[2025-01-18T00:12:11.739+0000] {logging_mixin.py:151} INFO - [2025-01-18T00:12:11.739+0000] {dag.py:3677} INFO - Setting next_dagrun for example_external_task_marker_child to None, run_after=None
[2025-01-18T00:12:11.744+0000] {logging_mixin.py:151} INFO - [2025-01-18T00:12:11.744+0000] {dag.py:3677} INFO - Setting next_dagrun for example_external_task_marker_parent to None, run_after=None
[2025-01-18T00:12:11.768+0000] {processor.py:179} INFO - Processing /home/airflow/.local/lib/python3.8/site-packages/airflow/example_dags/example_external_task_marker_dag.py took 0.111 seconds
[2025-01-18T00:12:41.830+0000] {processor.py:157} INFO - Started process (PID=382) to work on /home/airflow/.local/lib/python3.8/site-packages/airflow/example_dags/example_external_task_marker_dag.py
[2025-01-18T00:12:41.832+0000] {processor.py:829} INFO - Processing file /home/airflow/.local/lib/python3.8/site-packages/airflow/example_dags/example_external_task_marker_dag.py for tasks to queue
[2025-01-18T00:12:41.835+0000] {logging_mixin.py:151} INFO - [2025-01-18T00:12:41.834+0000] {dagbag.py:539} INFO - Filling up the DagBag from /home/airflow/.local/lib/python3.8/site-packages/airflow/example_dags/example_external_task_marker_dag.py
[2025-01-18T00:12:41.842+0000] {processor.py:839} INFO - DAG(s) dict_keys(['example_external_task_marker_child', 'example_external_task_marker_parent']) retrieved from /home/airflow/.local/lib/python3.8/site-packages/airflow/example_dags/example_external_task_marker_dag.py
[2025-01-18T00:12:41.871+0000] {logging_mixin.py:151} INFO - [2025-01-18T00:12:41.871+0000] {dag.py:2907} INFO - Sync 2 DAGs
[2025-01-18T00:12:41.889+0000] {logging_mixin.py:151} INFO - [2025-01-18T00:12:41.889+0000] {dag.py:3677} INFO - Setting next_dagrun for example_external_task_marker_child to None, run_after=None
[2025-01-18T00:12:41.893+0000] {logging_mixin.py:151} INFO - [2025-01-18T00:12:41.893+0000] {dag.py:3677} INFO - Setting next_dagrun for example_external_task_marker_parent to None, run_after=None
[2025-01-18T00:12:41.913+0000] {processor.py:179} INFO - Processing /home/airflow/.local/lib/python3.8/site-packages/airflow/example_dags/example_external_task_marker_dag.py took 0.087 seconds
[2025-01-18T00:14:25.566+0000] {processor.py:157} INFO - Started process (PID=89) to work on /home/airflow/.local/lib/python3.8/site-packages/airflow/example_dags/example_external_task_marker_dag.py
[2025-01-18T00:14:25.568+0000] {processor.py:829} INFO - Processing file /home/airflow/.local/lib/python3.8/site-packages/airflow/example_dags/example_external_task_marker_dag.py for tasks to queue
[2025-01-18T00:14:25.573+0000] {logging_mixin.py:151} INFO - [2025-01-18T00:14:25.572+0000] {dagbag.py:539} INFO - Filling up the DagBag from /home/airflow/.local/lib/python3.8/site-packages/airflow/example_dags/example_external_task_marker_dag.py
[2025-01-18T00:14:25.588+0000] {processor.py:839} INFO - DAG(s) dict_keys(['example_external_task_marker_parent', 'example_external_task_marker_child']) retrieved from /home/airflow/.local/lib/python3.8/site-packages/airflow/example_dags/example_external_task_marker_dag.py
[2025-01-18T00:14:25.648+0000] {logging_mixin.py:151} INFO - [2025-01-18T00:14:25.648+0000] {dag.py:2907} INFO - Sync 2 DAGs
[2025-01-18T00:14:25.681+0000] {logging_mixin.py:151} INFO - [2025-01-18T00:14:25.680+0000] {dag.py:3677} INFO - Setting next_dagrun for example_external_task_marker_child to None, run_after=None
[2025-01-18T00:14:25.689+0000] {logging_mixin.py:151} INFO - [2025-01-18T00:14:25.688+0000] {dag.py:3677} INFO - Setting next_dagrun for example_external_task_marker_parent to None, run_after=None
[2025-01-18T00:14:25.722+0000] {processor.py:179} INFO - Processing /home/airflow/.local/lib/python3.8/site-packages/airflow/example_dags/example_external_task_marker_dag.py took 0.163 seconds
[2025-01-18T00:14:55.982+0000] {processor.py:157} INFO - Started process (PID=167) to work on /home/airflow/.local/lib/python3.8/site-packages/airflow/example_dags/example_external_task_marker_dag.py
[2025-01-18T00:14:55.989+0000] {processor.py:829} INFO - Processing file /home/airflow/.local/lib/python3.8/site-packages/airflow/example_dags/example_external_task_marker_dag.py for tasks to queue
[2025-01-18T00:14:55.996+0000] {logging_mixin.py:151} INFO - [2025-01-18T00:14:55.995+0000] {dagbag.py:539} INFO - Filling up the DagBag from /home/airflow/.local/lib/python3.8/site-packages/airflow/example_dags/example_external_task_marker_dag.py
[2025-01-18T00:14:56.014+0000] {processor.py:839} INFO - DAG(s) dict_keys(['example_external_task_marker_child', 'example_external_task_marker_parent']) retrieved from /home/airflow/.local/lib/python3.8/site-packages/airflow/example_dags/example_external_task_marker_dag.py
[2025-01-18T00:14:56.074+0000] {logging_mixin.py:151} INFO - [2025-01-18T00:14:56.073+0000] {dag.py:2907} INFO - Sync 2 DAGs
[2025-01-18T00:14:56.107+0000] {logging_mixin.py:151} INFO - [2025-01-18T00:14:56.107+0000] {dag.py:3677} INFO - Setting next_dagrun for example_external_task_marker_child to None, run_after=None
[2025-01-18T00:14:56.116+0000] {logging_mixin.py:151} INFO - [2025-01-18T00:14:56.115+0000] {dag.py:3677} INFO - Setting next_dagrun for example_external_task_marker_parent to None, run_after=None
[2025-01-18T00:14:56.159+0000] {processor.py:179} INFO - Processing /home/airflow/.local/lib/python3.8/site-packages/airflow/example_dags/example_external_task_marker_dag.py took 0.187 seconds
[2025-01-18T00:15:26.853+0000] {processor.py:157} INFO - Started process (PID=253) to work on /home/airflow/.local/lib/python3.8/site-packages/airflow/example_dags/example_external_task_marker_dag.py
[2025-01-18T00:15:26.860+0000] {processor.py:829} INFO - Processing file /home/airflow/.local/lib/python3.8/site-packages/airflow/example_dags/example_external_task_marker_dag.py for tasks to queue
[2025-01-18T00:15:26.873+0000] {logging_mixin.py:151} INFO - [2025-01-18T00:15:26.872+0000] {dagbag.py:539} INFO - Filling up the DagBag from /home/airflow/.local/lib/python3.8/site-packages/airflow/example_dags/example_external_task_marker_dag.py
[2025-01-18T00:15:26.889+0000] {processor.py:839} INFO - DAG(s) dict_keys(['example_external_task_marker_parent', 'example_external_task_marker_child']) retrieved from /home/airflow/.local/lib/python3.8/site-packages/airflow/example_dags/example_external_task_marker_dag.py
[2025-01-18T00:15:26.931+0000] {logging_mixin.py:151} INFO - [2025-01-18T00:15:26.931+0000] {dag.py:2907} INFO - Sync 2 DAGs
[2025-01-18T00:15:26.954+0000] {logging_mixin.py:151} INFO - [2025-01-18T00:15:26.953+0000] {dag.py:3677} INFO - Setting next_dagrun for example_external_task_marker_child to None, run_after=None
[2025-01-18T00:15:26.963+0000] {logging_mixin.py:151} INFO - [2025-01-18T00:15:26.962+0000] {dag.py:3677} INFO - Setting next_dagrun for example_external_task_marker_parent to None, run_after=None
[2025-01-18T00:15:26.992+0000] {processor.py:179} INFO - Processing /home/airflow/.local/lib/python3.8/site-packages/airflow/example_dags/example_external_task_marker_dag.py took 0.144 seconds
[2025-01-18T00:15:57.492+0000] {processor.py:157} INFO - Started process (PID=339) to work on /home/airflow/.local/lib/python3.8/site-packages/airflow/example_dags/example_external_task_marker_dag.py
[2025-01-18T00:15:57.494+0000] {processor.py:829} INFO - Processing file /home/airflow/.local/lib/python3.8/site-packages/airflow/example_dags/example_external_task_marker_dag.py for tasks to queue
[2025-01-18T00:15:57.498+0000] {logging_mixin.py:151} INFO - [2025-01-18T00:15:57.497+0000] {dagbag.py:539} INFO - Filling up the DagBag from /home/airflow/.local/lib/python3.8/site-packages/airflow/example_dags/example_external_task_marker_dag.py
[2025-01-18T00:15:57.511+0000] {processor.py:839} INFO - DAG(s) dict_keys(['example_external_task_marker_parent', 'example_external_task_marker_child']) retrieved from /home/airflow/.local/lib/python3.8/site-packages/airflow/example_dags/example_external_task_marker_dag.py
[2025-01-18T00:15:57.564+0000] {logging_mixin.py:151} INFO - [2025-01-18T00:15:57.564+0000] {dag.py:2907} INFO - Sync 2 DAGs
[2025-01-18T00:15:57.596+0000] {logging_mixin.py:151} INFO - [2025-01-18T00:15:57.596+0000] {dag.py:3677} INFO - Setting next_dagrun for example_external_task_marker_child to None, run_after=None
[2025-01-18T00:15:57.602+0000] {logging_mixin.py:151} INFO - [2025-01-18T00:15:57.602+0000] {dag.py:3677} INFO - Setting next_dagrun for example_external_task_marker_parent to None, run_after=None
[2025-01-18T00:15:57.633+0000] {processor.py:179} INFO - Processing /home/airflow/.local/lib/python3.8/site-packages/airflow/example_dags/example_external_task_marker_dag.py took 0.147 seconds
[2025-01-18T00:16:29.549+0000] {processor.py:157} INFO - Started process (PID=425) to work on /home/airflow/.local/lib/python3.8/site-packages/airflow/example_dags/example_external_task_marker_dag.py
[2025-01-18T00:16:29.551+0000] {processor.py:829} INFO - Processing file /home/airflow/.local/lib/python3.8/site-packages/airflow/example_dags/example_external_task_marker_dag.py for tasks to queue
[2025-01-18T00:16:29.559+0000] {logging_mixin.py:151} INFO - [2025-01-18T00:16:29.557+0000] {dagbag.py:539} INFO - Filling up the DagBag from /home/airflow/.local/lib/python3.8/site-packages/airflow/example_dags/example_external_task_marker_dag.py
[2025-01-18T00:16:29.580+0000] {processor.py:839} INFO - DAG(s) dict_keys(['example_external_task_marker_child', 'example_external_task_marker_parent']) retrieved from /home/airflow/.local/lib/python3.8/site-packages/airflow/example_dags/example_external_task_marker_dag.py
[2025-01-18T00:16:29.648+0000] {logging_mixin.py:151} INFO - [2025-01-18T00:16:29.647+0000] {dag.py:2907} INFO - Sync 2 DAGs
[2025-01-18T00:16:29.680+0000] {logging_mixin.py:151} INFO - [2025-01-18T00:16:29.680+0000] {dag.py:3677} INFO - Setting next_dagrun for example_external_task_marker_child to None, run_after=None
[2025-01-18T00:16:29.690+0000] {logging_mixin.py:151} INFO - [2025-01-18T00:16:29.690+0000] {dag.py:3677} INFO - Setting next_dagrun for example_external_task_marker_parent to None, run_after=None
[2025-01-18T00:16:29.723+0000] {processor.py:179} INFO - Processing /home/airflow/.local/lib/python3.8/site-packages/airflow/example_dags/example_external_task_marker_dag.py took 0.184 seconds
[2025-01-18T00:16:59.964+0000] {processor.py:157} INFO - Started process (PID=520) to work on /home/airflow/.local/lib/python3.8/site-packages/airflow/example_dags/example_external_task_marker_dag.py
[2025-01-18T00:16:59.966+0000] {processor.py:829} INFO - Processing file /home/airflow/.local/lib/python3.8/site-packages/airflow/example_dags/example_external_task_marker_dag.py for tasks to queue
[2025-01-18T00:16:59.971+0000] {logging_mixin.py:151} INFO - [2025-01-18T00:16:59.970+0000] {dagbag.py:539} INFO - Filling up the DagBag from /home/airflow/.local/lib/python3.8/site-packages/airflow/example_dags/example_external_task_marker_dag.py
[2025-01-18T00:16:59.985+0000] {processor.py:839} INFO - DAG(s) dict_keys(['example_external_task_marker_child', 'example_external_task_marker_parent']) retrieved from /home/airflow/.local/lib/python3.8/site-packages/airflow/example_dags/example_external_task_marker_dag.py
[2025-01-18T00:17:00.043+0000] {logging_mixin.py:151} INFO - [2025-01-18T00:17:00.043+0000] {dag.py:2907} INFO - Sync 2 DAGs
[2025-01-18T00:17:00.073+0000] {logging_mixin.py:151} INFO - [2025-01-18T00:17:00.073+0000] {dag.py:3677} INFO - Setting next_dagrun for example_external_task_marker_child to None, run_after=None
[2025-01-18T00:17:00.081+0000] {logging_mixin.py:151} INFO - [2025-01-18T00:17:00.081+0000] {dag.py:3677} INFO - Setting next_dagrun for example_external_task_marker_parent to None, run_after=None
[2025-01-18T00:17:00.121+0000] {processor.py:179} INFO - Processing /home/airflow/.local/lib/python3.8/site-packages/airflow/example_dags/example_external_task_marker_dag.py took 0.169 seconds
[2025-01-18T00:17:32.084+0000] {processor.py:157} INFO - Started process (PID=595) to work on /home/airflow/.local/lib/python3.8/site-packages/airflow/example_dags/example_external_task_marker_dag.py
[2025-01-18T00:17:32.088+0000] {processor.py:829} INFO - Processing file /home/airflow/.local/lib/python3.8/site-packages/airflow/example_dags/example_external_task_marker_dag.py for tasks to queue
[2025-01-18T00:17:32.108+0000] {logging_mixin.py:151} INFO - [2025-01-18T00:17:32.107+0000] {dagbag.py:539} INFO - Filling up the DagBag from /home/airflow/.local/lib/python3.8/site-packages/airflow/example_dags/example_external_task_marker_dag.py
[2025-01-18T00:17:32.148+0000] {processor.py:839} INFO - DAG(s) dict_keys(['example_external_task_marker_parent', 'example_external_task_marker_child']) retrieved from /home/airflow/.local/lib/python3.8/site-packages/airflow/example_dags/example_external_task_marker_dag.py
[2025-01-18T00:17:32.238+0000] {logging_mixin.py:151} INFO - [2025-01-18T00:17:32.237+0000] {dag.py:2907} INFO - Sync 2 DAGs
[2025-01-18T00:17:32.313+0000] {logging_mixin.py:151} INFO - [2025-01-18T00:17:32.313+0000] {dag.py:3677} INFO - Setting next_dagrun for example_external_task_marker_child to None, run_after=None
[2025-01-18T00:17:32.336+0000] {logging_mixin.py:151} INFO - [2025-01-18T00:17:32.335+0000] {dag.py:3677} INFO - Setting next_dagrun for example_external_task_marker_parent to None, run_after=None
[2025-01-18T00:17:32.388+0000] {processor.py:179} INFO - Processing /home/airflow/.local/lib/python3.8/site-packages/airflow/example_dags/example_external_task_marker_dag.py took 0.346 seconds
[2025-01-18T00:18:02.474+0000] {processor.py:157} INFO - Started process (PID=673) to work on /home/airflow/.local/lib/python3.8/site-packages/airflow/example_dags/example_external_task_marker_dag.py
[2025-01-18T00:18:02.478+0000] {processor.py:829} INFO - Processing file /home/airflow/.local/lib/python3.8/site-packages/airflow/example_dags/example_external_task_marker_dag.py for tasks to queue
[2025-01-18T00:18:02.485+0000] {logging_mixin.py:151} INFO - [2025-01-18T00:18:02.484+0000] {dagbag.py:539} INFO - Filling up the DagBag from /home/airflow/.local/lib/python3.8/site-packages/airflow/example_dags/example_external_task_marker_dag.py
[2025-01-18T00:18:02.499+0000] {processor.py:839} INFO - DAG(s) dict_keys(['example_external_task_marker_child', 'example_external_task_marker_parent']) retrieved from /home/airflow/.local/lib/python3.8/site-packages/airflow/example_dags/example_external_task_marker_dag.py
[2025-01-18T00:18:02.545+0000] {logging_mixin.py:151} INFO - [2025-01-18T00:18:02.545+0000] {dag.py:2907} INFO - Sync 2 DAGs
[2025-01-18T00:18:02.570+0000] {logging_mixin.py:151} INFO - [2025-01-18T00:18:02.569+0000] {dag.py:3677} INFO - Setting next_dagrun for example_external_task_marker_child to None, run_after=None
[2025-01-18T00:18:02.576+0000] {logging_mixin.py:151} INFO - [2025-01-18T00:18:02.576+0000] {dag.py:3677} INFO - Setting next_dagrun for example_external_task_marker_parent to None, run_after=None
[2025-01-18T00:18:02.609+0000] {processor.py:179} INFO - Processing /home/airflow/.local/lib/python3.8/site-packages/airflow/example_dags/example_external_task_marker_dag.py took 0.142 seconds
[2025-01-18T00:18:33.146+0000] {processor.py:157} INFO - Started process (PID=759) to work on /home/airflow/.local/lib/python3.8/site-packages/airflow/example_dags/example_external_task_marker_dag.py
[2025-01-18T00:18:33.148+0000] {processor.py:829} INFO - Processing file /home/airflow/.local/lib/python3.8/site-packages/airflow/example_dags/example_external_task_marker_dag.py for tasks to queue
[2025-01-18T00:18:33.151+0000] {logging_mixin.py:151} INFO - [2025-01-18T00:18:33.151+0000] {dagbag.py:539} INFO - Filling up the DagBag from /home/airflow/.local/lib/python3.8/site-packages/airflow/example_dags/example_external_task_marker_dag.py
[2025-01-18T00:18:33.163+0000] {processor.py:839} INFO - DAG(s) dict_keys(['example_external_task_marker_parent', 'example_external_task_marker_child']) retrieved from /home/airflow/.local/lib/python3.8/site-packages/airflow/example_dags/example_external_task_marker_dag.py
[2025-01-18T00:18:33.202+0000] {logging_mixin.py:151} INFO - [2025-01-18T00:18:33.201+0000] {dag.py:2907} INFO - Sync 2 DAGs
[2025-01-18T00:18:33.222+0000] {logging_mixin.py:151} INFO - [2025-01-18T00:18:33.222+0000] {dag.py:3677} INFO - Setting next_dagrun for example_external_task_marker_child to None, run_after=None
[2025-01-18T00:18:33.227+0000] {logging_mixin.py:151} INFO - [2025-01-18T00:18:33.227+0000] {dag.py:3677} INFO - Setting next_dagrun for example_external_task_marker_parent to None, run_after=None
[2025-01-18T00:18:33.251+0000] {processor.py:179} INFO - Processing /home/airflow/.local/lib/python3.8/site-packages/airflow/example_dags/example_external_task_marker_dag.py took 0.109 seconds
[2025-01-18T00:19:04.113+0000] {processor.py:157} INFO - Started process (PID=845) to work on /home/airflow/.local/lib/python3.8/site-packages/airflow/example_dags/example_external_task_marker_dag.py
[2025-01-18T00:19:04.115+0000] {processor.py:829} INFO - Processing file /home/airflow/.local/lib/python3.8/site-packages/airflow/example_dags/example_external_task_marker_dag.py for tasks to queue
[2025-01-18T00:19:04.119+0000] {logging_mixin.py:151} INFO - [2025-01-18T00:19:04.118+0000] {dagbag.py:539} INFO - Filling up the DagBag from /home/airflow/.local/lib/python3.8/site-packages/airflow/example_dags/example_external_task_marker_dag.py
[2025-01-18T00:19:04.130+0000] {processor.py:839} INFO - DAG(s) dict_keys(['example_external_task_marker_parent', 'example_external_task_marker_child']) retrieved from /home/airflow/.local/lib/python3.8/site-packages/airflow/example_dags/example_external_task_marker_dag.py
[2025-01-18T00:19:04.177+0000] {logging_mixin.py:151} INFO - [2025-01-18T00:19:04.176+0000] {dag.py:2907} INFO - Sync 2 DAGs
[2025-01-18T00:19:04.203+0000] {logging_mixin.py:151} INFO - [2025-01-18T00:19:04.203+0000] {dag.py:3677} INFO - Setting next_dagrun for example_external_task_marker_child to None, run_after=None
[2025-01-18T00:19:04.211+0000] {logging_mixin.py:151} INFO - [2025-01-18T00:19:04.211+0000] {dag.py:3677} INFO - Setting next_dagrun for example_external_task_marker_parent to None, run_after=None
[2025-01-18T00:19:04.249+0000] {processor.py:179} INFO - Processing /home/airflow/.local/lib/python3.8/site-packages/airflow/example_dags/example_external_task_marker_dag.py took 0.141 seconds
[2025-01-18T00:19:34.787+0000] {processor.py:157} INFO - Started process (PID=920) to work on /home/airflow/.local/lib/python3.8/site-packages/airflow/example_dags/example_external_task_marker_dag.py
[2025-01-18T00:19:34.789+0000] {processor.py:829} INFO - Processing file /home/airflow/.local/lib/python3.8/site-packages/airflow/example_dags/example_external_task_marker_dag.py for tasks to queue
[2025-01-18T00:19:34.792+0000] {logging_mixin.py:151} INFO - [2025-01-18T00:19:34.791+0000] {dagbag.py:539} INFO - Filling up the DagBag from /home/airflow/.local/lib/python3.8/site-packages/airflow/example_dags/example_external_task_marker_dag.py
[2025-01-18T00:19:34.802+0000] {processor.py:839} INFO - DAG(s) dict_keys(['example_external_task_marker_parent', 'example_external_task_marker_child']) retrieved from /home/airflow/.local/lib/python3.8/site-packages/airflow/example_dags/example_external_task_marker_dag.py
[2025-01-18T00:19:34.844+0000] {logging_mixin.py:151} INFO - [2025-01-18T00:19:34.843+0000] {dag.py:2907} INFO - Sync 2 DAGs
[2025-01-18T00:19:34.866+0000] {logging_mixin.py:151} INFO - [2025-01-18T00:19:34.866+0000] {dag.py:3677} INFO - Setting next_dagrun for example_external_task_marker_child to None, run_after=None
[2025-01-18T00:19:34.872+0000] {logging_mixin.py:151} INFO - [2025-01-18T00:19:34.872+0000] {dag.py:3677} INFO - Setting next_dagrun for example_external_task_marker_parent to None, run_after=None
[2025-01-18T00:19:34.904+0000] {processor.py:179} INFO - Processing /home/airflow/.local/lib/python3.8/site-packages/airflow/example_dags/example_external_task_marker_dag.py took 0.121 seconds
[2025-01-18T00:20:05.390+0000] {processor.py:157} INFO - Started process (PID=1006) to work on /home/airflow/.local/lib/python3.8/site-packages/airflow/example_dags/example_external_task_marker_dag.py
[2025-01-18T00:20:05.392+0000] {processor.py:829} INFO - Processing file /home/airflow/.local/lib/python3.8/site-packages/airflow/example_dags/example_external_task_marker_dag.py for tasks to queue
[2025-01-18T00:20:05.395+0000] {logging_mixin.py:151} INFO - [2025-01-18T00:20:05.394+0000] {dagbag.py:539} INFO - Filling up the DagBag from /home/airflow/.local/lib/python3.8/site-packages/airflow/example_dags/example_external_task_marker_dag.py
[2025-01-18T00:20:05.405+0000] {processor.py:839} INFO - DAG(s) dict_keys(['example_external_task_marker_child', 'example_external_task_marker_parent']) retrieved from /home/airflow/.local/lib/python3.8/site-packages/airflow/example_dags/example_external_task_marker_dag.py
[2025-01-18T00:20:05.441+0000] {logging_mixin.py:151} INFO - [2025-01-18T00:20:05.440+0000] {dag.py:2907} INFO - Sync 2 DAGs
[2025-01-18T00:20:05.461+0000] {logging_mixin.py:151} INFO - [2025-01-18T00:20:05.461+0000] {dag.py:3677} INFO - Setting next_dagrun for example_external_task_marker_child to None, run_after=None
[2025-01-18T00:20:05.468+0000] {logging_mixin.py:151} INFO - [2025-01-18T00:20:05.468+0000] {dag.py:3677} INFO - Setting next_dagrun for example_external_task_marker_parent to None, run_after=None
[2025-01-18T00:20:05.493+0000] {processor.py:179} INFO - Processing /home/airflow/.local/lib/python3.8/site-packages/airflow/example_dags/example_external_task_marker_dag.py took 0.108 seconds
[2025-01-18T00:20:36.436+0000] {processor.py:157} INFO - Started process (PID=1091) to work on /home/airflow/.local/lib/python3.8/site-packages/airflow/example_dags/example_external_task_marker_dag.py
[2025-01-18T00:20:36.438+0000] {processor.py:829} INFO - Processing file /home/airflow/.local/lib/python3.8/site-packages/airflow/example_dags/example_external_task_marker_dag.py for tasks to queue
[2025-01-18T00:20:36.443+0000] {logging_mixin.py:151} INFO - [2025-01-18T00:20:36.443+0000] {dagbag.py:539} INFO - Filling up the DagBag from /home/airflow/.local/lib/python3.8/site-packages/airflow/example_dags/example_external_task_marker_dag.py
[2025-01-18T00:20:36.459+0000] {processor.py:839} INFO - DAG(s) dict_keys(['example_external_task_marker_parent', 'example_external_task_marker_child']) retrieved from /home/airflow/.local/lib/python3.8/site-packages/airflow/example_dags/example_external_task_marker_dag.py
[2025-01-18T00:20:36.529+0000] {logging_mixin.py:151} INFO - [2025-01-18T00:20:36.529+0000] {dag.py:2907} INFO - Sync 2 DAGs
[2025-01-18T00:20:36.571+0000] {logging_mixin.py:151} INFO - [2025-01-18T00:20:36.570+0000] {dag.py:3677} INFO - Setting next_dagrun for example_external_task_marker_child to None, run_after=None
[2025-01-18T00:20:36.577+0000] {logging_mixin.py:151} INFO - [2025-01-18T00:20:36.576+0000] {dag.py:3677} INFO - Setting next_dagrun for example_external_task_marker_parent to None, run_after=None
[2025-01-18T00:20:36.610+0000] {processor.py:179} INFO - Processing /home/airflow/.local/lib/python3.8/site-packages/airflow/example_dags/example_external_task_marker_dag.py took 0.183 seconds
[2025-01-18T00:21:06.761+0000] {processor.py:157} INFO - Started process (PID=1170) to work on /home/airflow/.local/lib/python3.8/site-packages/airflow/example_dags/example_external_task_marker_dag.py
[2025-01-18T00:21:06.763+0000] {processor.py:829} INFO - Processing file /home/airflow/.local/lib/python3.8/site-packages/airflow/example_dags/example_external_task_marker_dag.py for tasks to queue
[2025-01-18T00:21:06.767+0000] {logging_mixin.py:151} INFO - [2025-01-18T00:21:06.767+0000] {dagbag.py:539} INFO - Filling up the DagBag from /home/airflow/.local/lib/python3.8/site-packages/airflow/example_dags/example_external_task_marker_dag.py
[2025-01-18T00:21:06.777+0000] {processor.py:839} INFO - DAG(s) dict_keys(['example_external_task_marker_child', 'example_external_task_marker_parent']) retrieved from /home/airflow/.local/lib/python3.8/site-packages/airflow/example_dags/example_external_task_marker_dag.py
[2025-01-18T00:21:06.827+0000] {logging_mixin.py:151} INFO - [2025-01-18T00:21:06.827+0000] {dag.py:2907} INFO - Sync 2 DAGs
[2025-01-18T00:21:06.852+0000] {logging_mixin.py:151} INFO - [2025-01-18T00:21:06.851+0000] {dag.py:3677} INFO - Setting next_dagrun for example_external_task_marker_child to None, run_after=None
[2025-01-18T00:21:06.859+0000] {logging_mixin.py:151} INFO - [2025-01-18T00:21:06.858+0000] {dag.py:3677} INFO - Setting next_dagrun for example_external_task_marker_parent to None, run_after=None
[2025-01-18T00:21:06.895+0000] {processor.py:179} INFO - Processing /home/airflow/.local/lib/python3.8/site-packages/airflow/example_dags/example_external_task_marker_dag.py took 0.140 seconds
[2025-01-18T00:32:01.591+0000] {processor.py:157} INFO - Started process (PID=120) to work on /home/airflow/.local/lib/python3.8/site-packages/airflow/example_dags/example_external_task_marker_dag.py
[2025-01-18T00:32:01.593+0000] {processor.py:829} INFO - Processing file /home/airflow/.local/lib/python3.8/site-packages/airflow/example_dags/example_external_task_marker_dag.py for tasks to queue
[2025-01-18T00:32:01.599+0000] {logging_mixin.py:151} INFO - [2025-01-18T00:32:01.598+0000] {dagbag.py:539} INFO - Filling up the DagBag from /home/airflow/.local/lib/python3.8/site-packages/airflow/example_dags/example_external_task_marker_dag.py
[2025-01-18T00:32:01.613+0000] {processor.py:839} INFO - DAG(s) dict_keys(['example_external_task_marker_parent', 'example_external_task_marker_child']) retrieved from /home/airflow/.local/lib/python3.8/site-packages/airflow/example_dags/example_external_task_marker_dag.py
[2025-01-18T00:32:01.668+0000] {logging_mixin.py:151} INFO - [2025-01-18T00:32:01.668+0000] {dag.py:2907} INFO - Sync 2 DAGs
[2025-01-18T00:32:01.713+0000] {logging_mixin.py:151} INFO - [2025-01-18T00:32:01.712+0000] {dag.py:3677} INFO - Setting next_dagrun for example_external_task_marker_child to None, run_after=None
[2025-01-18T00:32:01.724+0000] {logging_mixin.py:151} INFO - [2025-01-18T00:32:01.723+0000] {dag.py:3677} INFO - Setting next_dagrun for example_external_task_marker_parent to None, run_after=None
[2025-01-18T00:32:01.763+0000] {processor.py:179} INFO - Processing /home/airflow/.local/lib/python3.8/site-packages/airflow/example_dags/example_external_task_marker_dag.py took 0.191 seconds
[2025-01-18T00:32:32.390+0000] {processor.py:157} INFO - Started process (PID=205) to work on /home/airflow/.local/lib/python3.8/site-packages/airflow/example_dags/example_external_task_marker_dag.py
[2025-01-18T00:32:32.391+0000] {processor.py:829} INFO - Processing file /home/airflow/.local/lib/python3.8/site-packages/airflow/example_dags/example_external_task_marker_dag.py for tasks to queue
[2025-01-18T00:32:32.394+0000] {logging_mixin.py:151} INFO - [2025-01-18T00:32:32.394+0000] {dagbag.py:539} INFO - Filling up the DagBag from /home/airflow/.local/lib/python3.8/site-packages/airflow/example_dags/example_external_task_marker_dag.py
[2025-01-18T00:32:32.404+0000] {processor.py:839} INFO - DAG(s) dict_keys(['example_external_task_marker_parent', 'example_external_task_marker_child']) retrieved from /home/airflow/.local/lib/python3.8/site-packages/airflow/example_dags/example_external_task_marker_dag.py
[2025-01-18T00:32:32.439+0000] {logging_mixin.py:151} INFO - [2025-01-18T00:32:32.439+0000] {dag.py:2907} INFO - Sync 2 DAGs
[2025-01-18T00:32:32.458+0000] {logging_mixin.py:151} INFO - [2025-01-18T00:32:32.457+0000] {dag.py:3677} INFO - Setting next_dagrun for example_external_task_marker_child to None, run_after=None
[2025-01-18T00:32:32.462+0000] {logging_mixin.py:151} INFO - [2025-01-18T00:32:32.462+0000] {dag.py:3677} INFO - Setting next_dagrun for example_external_task_marker_parent to None, run_after=None
[2025-01-18T00:32:32.486+0000] {processor.py:179} INFO - Processing /home/airflow/.local/lib/python3.8/site-packages/airflow/example_dags/example_external_task_marker_dag.py took 0.101 seconds
[2025-01-18T00:54:43.112+0000] {processor.py:157} INFO - Started process (PID=100) to work on /home/airflow/.local/lib/python3.8/site-packages/airflow/example_dags/example_external_task_marker_dag.py
[2025-01-18T00:54:43.114+0000] {processor.py:829} INFO - Processing file /home/airflow/.local/lib/python3.8/site-packages/airflow/example_dags/example_external_task_marker_dag.py for tasks to queue
[2025-01-18T00:54:43.117+0000] {logging_mixin.py:151} INFO - [2025-01-18T00:54:43.117+0000] {dagbag.py:539} INFO - Filling up the DagBag from /home/airflow/.local/lib/python3.8/site-packages/airflow/example_dags/example_external_task_marker_dag.py
[2025-01-18T00:54:43.126+0000] {processor.py:839} INFO - DAG(s) dict_keys(['example_external_task_marker_parent', 'example_external_task_marker_child']) retrieved from /home/airflow/.local/lib/python3.8/site-packages/airflow/example_dags/example_external_task_marker_dag.py
[2025-01-18T00:54:43.163+0000] {logging_mixin.py:151} INFO - [2025-01-18T00:54:43.163+0000] {dag.py:2907} INFO - Sync 2 DAGs
[2025-01-18T00:54:43.183+0000] {logging_mixin.py:151} INFO - [2025-01-18T00:54:43.183+0000] {dag.py:3677} INFO - Setting next_dagrun for example_external_task_marker_child to None, run_after=None
[2025-01-18T00:54:43.188+0000] {logging_mixin.py:151} INFO - [2025-01-18T00:54:43.188+0000] {dag.py:3677} INFO - Setting next_dagrun for example_external_task_marker_parent to None, run_after=None
[2025-01-18T00:54:43.210+0000] {processor.py:179} INFO - Processing /home/airflow/.local/lib/python3.8/site-packages/airflow/example_dags/example_external_task_marker_dag.py took 0.102 seconds
[2025-01-18T00:55:13.910+0000] {processor.py:157} INFO - Started process (PID=175) to work on /home/airflow/.local/lib/python3.8/site-packages/airflow/example_dags/example_external_task_marker_dag.py
[2025-01-18T00:55:13.914+0000] {processor.py:829} INFO - Processing file /home/airflow/.local/lib/python3.8/site-packages/airflow/example_dags/example_external_task_marker_dag.py for tasks to queue
[2025-01-18T00:55:13.920+0000] {logging_mixin.py:151} INFO - [2025-01-18T00:55:13.919+0000] {dagbag.py:539} INFO - Filling up the DagBag from /home/airflow/.local/lib/python3.8/site-packages/airflow/example_dags/example_external_task_marker_dag.py
[2025-01-18T00:55:13.933+0000] {processor.py:839} INFO - DAG(s) dict_keys(['example_external_task_marker_parent', 'example_external_task_marker_child']) retrieved from /home/airflow/.local/lib/python3.8/site-packages/airflow/example_dags/example_external_task_marker_dag.py
[2025-01-18T00:55:13.991+0000] {logging_mixin.py:151} INFO - [2025-01-18T00:55:13.990+0000] {dag.py:2907} INFO - Sync 2 DAGs
[2025-01-18T00:55:14.026+0000] {logging_mixin.py:151} INFO - [2025-01-18T00:55:14.026+0000] {dag.py:3677} INFO - Setting next_dagrun for example_external_task_marker_child to None, run_after=None
[2025-01-18T00:55:14.054+0000] {logging_mixin.py:151} INFO - [2025-01-18T00:55:14.054+0000] {dag.py:3677} INFO - Setting next_dagrun for example_external_task_marker_parent to None, run_after=None
[2025-01-18T00:55:14.087+0000] {processor.py:179} INFO - Processing /home/airflow/.local/lib/python3.8/site-packages/airflow/example_dags/example_external_task_marker_dag.py took 0.183 seconds
[2025-01-18T00:55:44.779+0000] {processor.py:157} INFO - Started process (PID=253) to work on /home/airflow/.local/lib/python3.8/site-packages/airflow/example_dags/example_external_task_marker_dag.py
[2025-01-18T00:55:44.781+0000] {processor.py:829} INFO - Processing file /home/airflow/.local/lib/python3.8/site-packages/airflow/example_dags/example_external_task_marker_dag.py for tasks to queue
[2025-01-18T00:55:44.785+0000] {logging_mixin.py:151} INFO - [2025-01-18T00:55:44.785+0000] {dagbag.py:539} INFO - Filling up the DagBag from /home/airflow/.local/lib/python3.8/site-packages/airflow/example_dags/example_external_task_marker_dag.py
[2025-01-18T00:55:44.795+0000] {processor.py:839} INFO - DAG(s) dict_keys(['example_external_task_marker_parent', 'example_external_task_marker_child']) retrieved from /home/airflow/.local/lib/python3.8/site-packages/airflow/example_dags/example_external_task_marker_dag.py
[2025-01-18T00:55:44.833+0000] {logging_mixin.py:151} INFO - [2025-01-18T00:55:44.833+0000] {dag.py:2907} INFO - Sync 2 DAGs
[2025-01-18T00:55:44.857+0000] {logging_mixin.py:151} INFO - [2025-01-18T00:55:44.857+0000] {dag.py:3677} INFO - Setting next_dagrun for example_external_task_marker_child to None, run_after=None
[2025-01-18T00:55:44.862+0000] {logging_mixin.py:151} INFO - [2025-01-18T00:55:44.862+0000] {dag.py:3677} INFO - Setting next_dagrun for example_external_task_marker_parent to None, run_after=None
[2025-01-18T00:55:44.885+0000] {processor.py:179} INFO - Processing /home/airflow/.local/lib/python3.8/site-packages/airflow/example_dags/example_external_task_marker_dag.py took 0.111 seconds
[2025-01-18T00:56:15.407+0000] {processor.py:157} INFO - Started process (PID=340) to work on /home/airflow/.local/lib/python3.8/site-packages/airflow/example_dags/example_external_task_marker_dag.py
[2025-01-18T00:56:15.409+0000] {processor.py:829} INFO - Processing file /home/airflow/.local/lib/python3.8/site-packages/airflow/example_dags/example_external_task_marker_dag.py for tasks to queue
[2025-01-18T00:56:15.414+0000] {logging_mixin.py:151} INFO - [2025-01-18T00:56:15.413+0000] {dagbag.py:539} INFO - Filling up the DagBag from /home/airflow/.local/lib/python3.8/site-packages/airflow/example_dags/example_external_task_marker_dag.py
[2025-01-18T00:56:15.427+0000] {processor.py:839} INFO - DAG(s) dict_keys(['example_external_task_marker_child', 'example_external_task_marker_parent']) retrieved from /home/airflow/.local/lib/python3.8/site-packages/airflow/example_dags/example_external_task_marker_dag.py
[2025-01-18T00:56:15.471+0000] {logging_mixin.py:151} INFO - [2025-01-18T00:56:15.471+0000] {dag.py:2907} INFO - Sync 2 DAGs
[2025-01-18T00:56:15.498+0000] {logging_mixin.py:151} INFO - [2025-01-18T00:56:15.497+0000] {dag.py:3677} INFO - Setting next_dagrun for example_external_task_marker_child to None, run_after=None
[2025-01-18T00:56:15.505+0000] {logging_mixin.py:151} INFO - [2025-01-18T00:56:15.505+0000] {dag.py:3677} INFO - Setting next_dagrun for example_external_task_marker_parent to None, run_after=None
[2025-01-18T00:56:15.533+0000] {processor.py:179} INFO - Processing /home/airflow/.local/lib/python3.8/site-packages/airflow/example_dags/example_external_task_marker_dag.py took 0.133 seconds
[2025-01-18T00:56:45.828+0000] {processor.py:157} INFO - Started process (PID=425) to work on /home/airflow/.local/lib/python3.8/site-packages/airflow/example_dags/example_external_task_marker_dag.py
[2025-01-18T00:56:45.829+0000] {processor.py:829} INFO - Processing file /home/airflow/.local/lib/python3.8/site-packages/airflow/example_dags/example_external_task_marker_dag.py for tasks to queue
[2025-01-18T00:56:45.834+0000] {logging_mixin.py:151} INFO - [2025-01-18T00:56:45.833+0000] {dagbag.py:539} INFO - Filling up the DagBag from /home/airflow/.local/lib/python3.8/site-packages/airflow/example_dags/example_external_task_marker_dag.py
[2025-01-18T00:56:45.850+0000] {processor.py:839} INFO - DAG(s) dict_keys(['example_external_task_marker_child', 'example_external_task_marker_parent']) retrieved from /home/airflow/.local/lib/python3.8/site-packages/airflow/example_dags/example_external_task_marker_dag.py
[2025-01-18T00:56:45.915+0000] {logging_mixin.py:151} INFO - [2025-01-18T00:56:45.914+0000] {dag.py:2907} INFO - Sync 2 DAGs
[2025-01-18T00:56:45.961+0000] {logging_mixin.py:151} INFO - [2025-01-18T00:56:45.961+0000] {dag.py:3677} INFO - Setting next_dagrun for example_external_task_marker_child to None, run_after=None
[2025-01-18T00:56:45.976+0000] {logging_mixin.py:151} INFO - [2025-01-18T00:56:45.976+0000] {dag.py:3677} INFO - Setting next_dagrun for example_external_task_marker_parent to None, run_after=None
[2025-01-18T00:56:46.030+0000] {processor.py:179} INFO - Processing /home/airflow/.local/lib/python3.8/site-packages/airflow/example_dags/example_external_task_marker_dag.py took 0.210 seconds
[2025-01-18T00:57:16.944+0000] {processor.py:157} INFO - Started process (PID=500) to work on /home/airflow/.local/lib/python3.8/site-packages/airflow/example_dags/example_external_task_marker_dag.py
[2025-01-18T00:57:16.945+0000] {processor.py:829} INFO - Processing file /home/airflow/.local/lib/python3.8/site-packages/airflow/example_dags/example_external_task_marker_dag.py for tasks to queue
[2025-01-18T00:57:16.949+0000] {logging_mixin.py:151} INFO - [2025-01-18T00:57:16.949+0000] {dagbag.py:539} INFO - Filling up the DagBag from /home/airflow/.local/lib/python3.8/site-packages/airflow/example_dags/example_external_task_marker_dag.py
[2025-01-18T00:57:16.958+0000] {processor.py:839} INFO - DAG(s) dict_keys(['example_external_task_marker_parent', 'example_external_task_marker_child']) retrieved from /home/airflow/.local/lib/python3.8/site-packages/airflow/example_dags/example_external_task_marker_dag.py
[2025-01-18T00:57:17.005+0000] {logging_mixin.py:151} INFO - [2025-01-18T00:57:17.005+0000] {dag.py:2907} INFO - Sync 2 DAGs
[2025-01-18T00:57:17.033+0000] {logging_mixin.py:151} INFO - [2025-01-18T00:57:17.032+0000] {dag.py:3677} INFO - Setting next_dagrun for example_external_task_marker_child to None, run_after=None
[2025-01-18T00:57:17.041+0000] {logging_mixin.py:151} INFO - [2025-01-18T00:57:17.040+0000] {dag.py:3677} INFO - Setting next_dagrun for example_external_task_marker_parent to None, run_after=None
[2025-01-18T00:57:17.074+0000] {processor.py:179} INFO - Processing /home/airflow/.local/lib/python3.8/site-packages/airflow/example_dags/example_external_task_marker_dag.py took 0.135 seconds
[2025-01-18T00:57:47.401+0000] {processor.py:157} INFO - Started process (PID=577) to work on /home/airflow/.local/lib/python3.8/site-packages/airflow/example_dags/example_external_task_marker_dag.py
[2025-01-18T00:57:47.403+0000] {processor.py:829} INFO - Processing file /home/airflow/.local/lib/python3.8/site-packages/airflow/example_dags/example_external_task_marker_dag.py for tasks to queue
[2025-01-18T00:57:47.408+0000] {logging_mixin.py:151} INFO - [2025-01-18T00:57:47.407+0000] {dagbag.py:539} INFO - Filling up the DagBag from /home/airflow/.local/lib/python3.8/site-packages/airflow/example_dags/example_external_task_marker_dag.py
[2025-01-18T00:57:47.422+0000] {processor.py:839} INFO - DAG(s) dict_keys(['example_external_task_marker_child', 'example_external_task_marker_parent']) retrieved from /home/airflow/.local/lib/python3.8/site-packages/airflow/example_dags/example_external_task_marker_dag.py
[2025-01-18T00:57:47.476+0000] {logging_mixin.py:151} INFO - [2025-01-18T00:57:47.475+0000] {dag.py:2907} INFO - Sync 2 DAGs
[2025-01-18T00:57:47.505+0000] {logging_mixin.py:151} INFO - [2025-01-18T00:57:47.505+0000] {dag.py:3677} INFO - Setting next_dagrun for example_external_task_marker_child to None, run_after=None
[2025-01-18T00:57:47.514+0000] {logging_mixin.py:151} INFO - [2025-01-18T00:57:47.514+0000] {dag.py:3677} INFO - Setting next_dagrun for example_external_task_marker_parent to None, run_after=None
[2025-01-18T00:57:47.550+0000] {processor.py:179} INFO - Processing /home/airflow/.local/lib/python3.8/site-packages/airflow/example_dags/example_external_task_marker_dag.py took 0.158 seconds
[2025-01-18T00:58:18.217+0000] {processor.py:157} INFO - Started process (PID=663) to work on /home/airflow/.local/lib/python3.8/site-packages/airflow/example_dags/example_external_task_marker_dag.py
[2025-01-18T00:58:18.219+0000] {processor.py:829} INFO - Processing file /home/airflow/.local/lib/python3.8/site-packages/airflow/example_dags/example_external_task_marker_dag.py for tasks to queue
[2025-01-18T00:58:18.235+0000] {logging_mixin.py:151} INFO - [2025-01-18T00:58:18.234+0000] {dagbag.py:539} INFO - Filling up the DagBag from /home/airflow/.local/lib/python3.8/site-packages/airflow/example_dags/example_external_task_marker_dag.py
[2025-01-18T00:58:18.256+0000] {processor.py:839} INFO - DAG(s) dict_keys(['example_external_task_marker_child', 'example_external_task_marker_parent']) retrieved from /home/airflow/.local/lib/python3.8/site-packages/airflow/example_dags/example_external_task_marker_dag.py
[2025-01-18T00:58:18.342+0000] {logging_mixin.py:151} INFO - [2025-01-18T00:58:18.341+0000] {dag.py:2907} INFO - Sync 2 DAGs
[2025-01-18T00:58:18.419+0000] {logging_mixin.py:151} INFO - [2025-01-18T00:58:18.418+0000] {dag.py:3677} INFO - Setting next_dagrun for example_external_task_marker_child to None, run_after=None
[2025-01-18T00:58:18.437+0000] {logging_mixin.py:151} INFO - [2025-01-18T00:58:18.437+0000] {dag.py:3677} INFO - Setting next_dagrun for example_external_task_marker_parent to None, run_after=None
[2025-01-18T00:58:18.564+0000] {processor.py:179} INFO - Processing /home/airflow/.local/lib/python3.8/site-packages/airflow/example_dags/example_external_task_marker_dag.py took 0.355 seconds
[2025-01-18T00:58:52.515+0000] {processor.py:157} INFO - Started process (PID=746) to work on /home/airflow/.local/lib/python3.8/site-packages/airflow/example_dags/example_external_task_marker_dag.py
[2025-01-18T00:58:52.591+0000] {processor.py:829} INFO - Processing file /home/airflow/.local/lib/python3.8/site-packages/airflow/example_dags/example_external_task_marker_dag.py for tasks to queue
[2025-01-18T00:58:52.615+0000] {logging_mixin.py:151} INFO - [2025-01-18T00:58:52.614+0000] {dagbag.py:539} INFO - Filling up the DagBag from /home/airflow/.local/lib/python3.8/site-packages/airflow/example_dags/example_external_task_marker_dag.py
[2025-01-18T00:58:52.649+0000] {processor.py:839} INFO - DAG(s) dict_keys(['example_external_task_marker_parent', 'example_external_task_marker_child']) retrieved from /home/airflow/.local/lib/python3.8/site-packages/airflow/example_dags/example_external_task_marker_dag.py
[2025-01-18T00:58:52.928+0000] {logging_mixin.py:151} INFO - [2025-01-18T00:58:52.927+0000] {dag.py:2907} INFO - Sync 2 DAGs
[2025-01-18T00:58:53.172+0000] {logging_mixin.py:151} INFO - [2025-01-18T00:58:53.172+0000] {dag.py:3677} INFO - Setting next_dagrun for example_external_task_marker_child to None, run_after=None
[2025-01-18T00:58:53.241+0000] {logging_mixin.py:151} INFO - [2025-01-18T00:58:53.240+0000] {dag.py:3677} INFO - Setting next_dagrun for example_external_task_marker_parent to None, run_after=None
[2025-01-18T00:58:53.391+0000] {processor.py:179} INFO - Processing /home/airflow/.local/lib/python3.8/site-packages/airflow/example_dags/example_external_task_marker_dag.py took 0.903 seconds
[2025-01-18T00:59:23.785+0000] {processor.py:157} INFO - Started process (PID=830) to work on /home/airflow/.local/lib/python3.8/site-packages/airflow/example_dags/example_external_task_marker_dag.py
[2025-01-18T00:59:23.792+0000] {processor.py:829} INFO - Processing file /home/airflow/.local/lib/python3.8/site-packages/airflow/example_dags/example_external_task_marker_dag.py for tasks to queue
[2025-01-18T00:59:23.799+0000] {logging_mixin.py:151} INFO - [2025-01-18T00:59:23.798+0000] {dagbag.py:539} INFO - Filling up the DagBag from /home/airflow/.local/lib/python3.8/site-packages/airflow/example_dags/example_external_task_marker_dag.py
[2025-01-18T00:59:23.829+0000] {processor.py:839} INFO - DAG(s) dict_keys(['example_external_task_marker_child', 'example_external_task_marker_parent']) retrieved from /home/airflow/.local/lib/python3.8/site-packages/airflow/example_dags/example_external_task_marker_dag.py
[2025-01-18T00:59:23.913+0000] {logging_mixin.py:151} INFO - [2025-01-18T00:59:23.912+0000] {dag.py:2907} INFO - Sync 2 DAGs
[2025-01-18T00:59:23.953+0000] {logging_mixin.py:151} INFO - [2025-01-18T00:59:23.952+0000] {dag.py:3677} INFO - Setting next_dagrun for example_external_task_marker_child to None, run_after=None
[2025-01-18T00:59:23.962+0000] {logging_mixin.py:151} INFO - [2025-01-18T00:59:23.961+0000] {dag.py:3677} INFO - Setting next_dagrun for example_external_task_marker_parent to None, run_after=None
[2025-01-18T00:59:24.005+0000] {processor.py:179} INFO - Processing /home/airflow/.local/lib/python3.8/site-packages/airflow/example_dags/example_external_task_marker_dag.py took 0.232 seconds
[2025-01-18T00:59:54.095+0000] {processor.py:157} INFO - Started process (PID=908) to work on /home/airflow/.local/lib/python3.8/site-packages/airflow/example_dags/example_external_task_marker_dag.py
[2025-01-18T00:59:54.097+0000] {processor.py:829} INFO - Processing file /home/airflow/.local/lib/python3.8/site-packages/airflow/example_dags/example_external_task_marker_dag.py for tasks to queue
[2025-01-18T00:59:54.102+0000] {logging_mixin.py:151} INFO - [2025-01-18T00:59:54.102+0000] {dagbag.py:539} INFO - Filling up the DagBag from /home/airflow/.local/lib/python3.8/site-packages/airflow/example_dags/example_external_task_marker_dag.py
[2025-01-18T00:59:54.122+0000] {processor.py:839} INFO - DAG(s) dict_keys(['example_external_task_marker_parent', 'example_external_task_marker_child']) retrieved from /home/airflow/.local/lib/python3.8/site-packages/airflow/example_dags/example_external_task_marker_dag.py
[2025-01-18T00:59:54.187+0000] {logging_mixin.py:151} INFO - [2025-01-18T00:59:54.186+0000] {dag.py:2907} INFO - Sync 2 DAGs
[2025-01-18T00:59:54.239+0000] {logging_mixin.py:151} INFO - [2025-01-18T00:59:54.238+0000] {dag.py:3677} INFO - Setting next_dagrun for example_external_task_marker_child to None, run_after=None
[2025-01-18T00:59:54.248+0000] {logging_mixin.py:151} INFO - [2025-01-18T00:59:54.248+0000] {dag.py:3677} INFO - Setting next_dagrun for example_external_task_marker_parent to None, run_after=None
[2025-01-18T00:59:54.298+0000] {processor.py:179} INFO - Processing /home/airflow/.local/lib/python3.8/site-packages/airflow/example_dags/example_external_task_marker_dag.py took 0.214 seconds
[2025-01-18T01:00:24.909+0000] {processor.py:157} INFO - Started process (PID=994) to work on /home/airflow/.local/lib/python3.8/site-packages/airflow/example_dags/example_external_task_marker_dag.py
[2025-01-18T01:00:24.911+0000] {processor.py:829} INFO - Processing file /home/airflow/.local/lib/python3.8/site-packages/airflow/example_dags/example_external_task_marker_dag.py for tasks to queue
[2025-01-18T01:00:24.915+0000] {logging_mixin.py:151} INFO - [2025-01-18T01:00:24.915+0000] {dagbag.py:539} INFO - Filling up the DagBag from /home/airflow/.local/lib/python3.8/site-packages/airflow/example_dags/example_external_task_marker_dag.py
[2025-01-18T01:00:24.927+0000] {processor.py:839} INFO - DAG(s) dict_keys(['example_external_task_marker_child', 'example_external_task_marker_parent']) retrieved from /home/airflow/.local/lib/python3.8/site-packages/airflow/example_dags/example_external_task_marker_dag.py
[2025-01-18T01:00:24.987+0000] {logging_mixin.py:151} INFO - [2025-01-18T01:00:24.987+0000] {dag.py:2907} INFO - Sync 2 DAGs
[2025-01-18T01:00:25.022+0000] {logging_mixin.py:151} INFO - [2025-01-18T01:00:25.021+0000] {dag.py:3677} INFO - Setting next_dagrun for example_external_task_marker_child to None, run_after=None
[2025-01-18T01:00:25.030+0000] {logging_mixin.py:151} INFO - [2025-01-18T01:00:25.030+0000] {dag.py:3677} INFO - Setting next_dagrun for example_external_task_marker_parent to None, run_after=None
[2025-01-18T01:00:25.140+0000] {processor.py:179} INFO - Processing /home/airflow/.local/lib/python3.8/site-packages/airflow/example_dags/example_external_task_marker_dag.py took 0.237 seconds
[2025-01-18T01:00:55.532+0000] {processor.py:157} INFO - Started process (PID=1069) to work on /home/airflow/.local/lib/python3.8/site-packages/airflow/example_dags/example_external_task_marker_dag.py
[2025-01-18T01:00:55.533+0000] {processor.py:829} INFO - Processing file /home/airflow/.local/lib/python3.8/site-packages/airflow/example_dags/example_external_task_marker_dag.py for tasks to queue
[2025-01-18T01:00:55.537+0000] {logging_mixin.py:151} INFO - [2025-01-18T01:00:55.537+0000] {dagbag.py:539} INFO - Filling up the DagBag from /home/airflow/.local/lib/python3.8/site-packages/airflow/example_dags/example_external_task_marker_dag.py
[2025-01-18T01:00:55.549+0000] {processor.py:839} INFO - DAG(s) dict_keys(['example_external_task_marker_parent', 'example_external_task_marker_child']) retrieved from /home/airflow/.local/lib/python3.8/site-packages/airflow/example_dags/example_external_task_marker_dag.py
[2025-01-18T01:00:55.602+0000] {logging_mixin.py:151} INFO - [2025-01-18T01:00:55.601+0000] {dag.py:2907} INFO - Sync 2 DAGs
[2025-01-18T01:00:55.630+0000] {logging_mixin.py:151} INFO - [2025-01-18T01:00:55.629+0000] {dag.py:3677} INFO - Setting next_dagrun for example_external_task_marker_child to None, run_after=None
[2025-01-18T01:00:55.638+0000] {logging_mixin.py:151} INFO - [2025-01-18T01:00:55.637+0000] {dag.py:3677} INFO - Setting next_dagrun for example_external_task_marker_parent to None, run_after=None
[2025-01-18T01:00:55.669+0000] {processor.py:179} INFO - Processing /home/airflow/.local/lib/python3.8/site-packages/airflow/example_dags/example_external_task_marker_dag.py took 0.143 seconds
[2025-01-18T01:01:26.111+0000] {processor.py:157} INFO - Started process (PID=1154) to work on /home/airflow/.local/lib/python3.8/site-packages/airflow/example_dags/example_external_task_marker_dag.py
[2025-01-18T01:01:26.113+0000] {processor.py:829} INFO - Processing file /home/airflow/.local/lib/python3.8/site-packages/airflow/example_dags/example_external_task_marker_dag.py for tasks to queue
[2025-01-18T01:01:26.118+0000] {logging_mixin.py:151} INFO - [2025-01-18T01:01:26.117+0000] {dagbag.py:539} INFO - Filling up the DagBag from /home/airflow/.local/lib/python3.8/site-packages/airflow/example_dags/example_external_task_marker_dag.py
[2025-01-18T01:01:26.130+0000] {processor.py:839} INFO - DAG(s) dict_keys(['example_external_task_marker_child', 'example_external_task_marker_parent']) retrieved from /home/airflow/.local/lib/python3.8/site-packages/airflow/example_dags/example_external_task_marker_dag.py
[2025-01-18T01:01:26.176+0000] {logging_mixin.py:151} INFO - [2025-01-18T01:01:26.175+0000] {dag.py:2907} INFO - Sync 2 DAGs
[2025-01-18T01:01:26.209+0000] {logging_mixin.py:151} INFO - [2025-01-18T01:01:26.208+0000] {dag.py:3677} INFO - Setting next_dagrun for example_external_task_marker_child to None, run_after=None
[2025-01-18T01:01:26.216+0000] {logging_mixin.py:151} INFO - [2025-01-18T01:01:26.216+0000] {dag.py:3677} INFO - Setting next_dagrun for example_external_task_marker_parent to None, run_after=None
[2025-01-18T01:01:26.251+0000] {processor.py:179} INFO - Processing /home/airflow/.local/lib/python3.8/site-packages/airflow/example_dags/example_external_task_marker_dag.py took 0.146 seconds
[2025-01-18T01:01:56.453+0000] {processor.py:157} INFO - Started process (PID=1234) to work on /home/airflow/.local/lib/python3.8/site-packages/airflow/example_dags/example_external_task_marker_dag.py
[2025-01-18T01:01:56.455+0000] {processor.py:829} INFO - Processing file /home/airflow/.local/lib/python3.8/site-packages/airflow/example_dags/example_external_task_marker_dag.py for tasks to queue
[2025-01-18T01:01:56.457+0000] {logging_mixin.py:151} INFO - [2025-01-18T01:01:56.457+0000] {dagbag.py:539} INFO - Filling up the DagBag from /home/airflow/.local/lib/python3.8/site-packages/airflow/example_dags/example_external_task_marker_dag.py
[2025-01-18T01:01:56.466+0000] {processor.py:839} INFO - DAG(s) dict_keys(['example_external_task_marker_parent', 'example_external_task_marker_child']) retrieved from /home/airflow/.local/lib/python3.8/site-packages/airflow/example_dags/example_external_task_marker_dag.py
[2025-01-18T01:01:56.494+0000] {logging_mixin.py:151} INFO - [2025-01-18T01:01:56.493+0000] {dag.py:2907} INFO - Sync 2 DAGs
[2025-01-18T01:01:56.505+0000] {logging_mixin.py:151} INFO - [2025-01-18T01:01:56.505+0000] {dag.py:3677} INFO - Setting next_dagrun for example_external_task_marker_child to None, run_after=None
[2025-01-18T01:01:56.508+0000] {logging_mixin.py:151} INFO - [2025-01-18T01:01:56.508+0000] {dag.py:3677} INFO - Setting next_dagrun for example_external_task_marker_parent to None, run_after=None
[2025-01-18T01:01:56.524+0000] {processor.py:179} INFO - Processing /home/airflow/.local/lib/python3.8/site-packages/airflow/example_dags/example_external_task_marker_dag.py took 0.074 seconds
[2025-01-18T01:02:27.396+0000] {processor.py:157} INFO - Started process (PID=1339) to work on /home/airflow/.local/lib/python3.8/site-packages/airflow/example_dags/example_external_task_marker_dag.py
[2025-01-18T01:02:27.397+0000] {processor.py:829} INFO - Processing file /home/airflow/.local/lib/python3.8/site-packages/airflow/example_dags/example_external_task_marker_dag.py for tasks to queue
[2025-01-18T01:02:27.401+0000] {logging_mixin.py:151} INFO - [2025-01-18T01:02:27.401+0000] {dagbag.py:539} INFO - Filling up the DagBag from /home/airflow/.local/lib/python3.8/site-packages/airflow/example_dags/example_external_task_marker_dag.py
[2025-01-18T01:02:27.416+0000] {processor.py:839} INFO - DAG(s) dict_keys(['example_external_task_marker_parent', 'example_external_task_marker_child']) retrieved from /home/airflow/.local/lib/python3.8/site-packages/airflow/example_dags/example_external_task_marker_dag.py
[2025-01-18T01:02:27.471+0000] {logging_mixin.py:151} INFO - [2025-01-18T01:02:27.471+0000] {dag.py:2907} INFO - Sync 2 DAGs
[2025-01-18T01:02:27.502+0000] {logging_mixin.py:151} INFO - [2025-01-18T01:02:27.501+0000] {dag.py:3677} INFO - Setting next_dagrun for example_external_task_marker_child to None, run_after=None
[2025-01-18T01:02:27.510+0000] {logging_mixin.py:151} INFO - [2025-01-18T01:02:27.509+0000] {dag.py:3677} INFO - Setting next_dagrun for example_external_task_marker_parent to None, run_after=None
[2025-01-18T01:02:27.539+0000] {processor.py:179} INFO - Processing /home/airflow/.local/lib/python3.8/site-packages/airflow/example_dags/example_external_task_marker_dag.py took 0.148 seconds
[2025-01-18T13:40:28.214+0000] {processor.py:157} INFO - Started process (PID=100) to work on /home/airflow/.local/lib/python3.8/site-packages/airflow/example_dags/example_external_task_marker_dag.py
[2025-01-18T13:40:28.219+0000] {processor.py:829} INFO - Processing file /home/airflow/.local/lib/python3.8/site-packages/airflow/example_dags/example_external_task_marker_dag.py for tasks to queue
[2025-01-18T13:40:28.224+0000] {logging_mixin.py:151} INFO - [2025-01-18T13:40:28.223+0000] {dagbag.py:539} INFO - Filling up the DagBag from /home/airflow/.local/lib/python3.8/site-packages/airflow/example_dags/example_external_task_marker_dag.py
[2025-01-18T13:40:28.243+0000] {processor.py:839} INFO - DAG(s) dict_keys(['example_external_task_marker_parent', 'example_external_task_marker_child']) retrieved from /home/airflow/.local/lib/python3.8/site-packages/airflow/example_dags/example_external_task_marker_dag.py
[2025-01-18T13:40:28.298+0000] {logging_mixin.py:151} INFO - [2025-01-18T13:40:28.298+0000] {dag.py:2907} INFO - Sync 2 DAGs
[2025-01-18T13:40:28.331+0000] {logging_mixin.py:151} INFO - [2025-01-18T13:40:28.331+0000] {dag.py:3677} INFO - Setting next_dagrun for example_external_task_marker_child to None, run_after=None
[2025-01-18T13:40:28.339+0000] {logging_mixin.py:151} INFO - [2025-01-18T13:40:28.339+0000] {dag.py:3677} INFO - Setting next_dagrun for example_external_task_marker_parent to None, run_after=None
[2025-01-18T13:40:28.380+0000] {processor.py:179} INFO - Processing /home/airflow/.local/lib/python3.8/site-packages/airflow/example_dags/example_external_task_marker_dag.py took 0.175 seconds
[2025-01-18T13:40:58.503+0000] {processor.py:157} INFO - Started process (PID=174) to work on /home/airflow/.local/lib/python3.8/site-packages/airflow/example_dags/example_external_task_marker_dag.py
[2025-01-18T13:40:58.504+0000] {processor.py:829} INFO - Processing file /home/airflow/.local/lib/python3.8/site-packages/airflow/example_dags/example_external_task_marker_dag.py for tasks to queue
[2025-01-18T13:40:58.506+0000] {logging_mixin.py:151} INFO - [2025-01-18T13:40:58.506+0000] {dagbag.py:539} INFO - Filling up the DagBag from /home/airflow/.local/lib/python3.8/site-packages/airflow/example_dags/example_external_task_marker_dag.py
[2025-01-18T13:40:58.514+0000] {processor.py:839} INFO - DAG(s) dict_keys(['example_external_task_marker_parent', 'example_external_task_marker_child']) retrieved from /home/airflow/.local/lib/python3.8/site-packages/airflow/example_dags/example_external_task_marker_dag.py
[2025-01-18T13:40:58.547+0000] {logging_mixin.py:151} INFO - [2025-01-18T13:40:58.547+0000] {dag.py:2907} INFO - Sync 2 DAGs
[2025-01-18T13:40:58.566+0000] {logging_mixin.py:151} INFO - [2025-01-18T13:40:58.566+0000] {dag.py:3677} INFO - Setting next_dagrun for example_external_task_marker_child to None, run_after=None
[2025-01-18T13:40:58.571+0000] {logging_mixin.py:151} INFO - [2025-01-18T13:40:58.571+0000] {dag.py:3677} INFO - Setting next_dagrun for example_external_task_marker_parent to None, run_after=None
[2025-01-18T13:40:58.602+0000] {processor.py:179} INFO - Processing /home/airflow/.local/lib/python3.8/site-packages/airflow/example_dags/example_external_task_marker_dag.py took 0.104 seconds
[2025-01-18T13:41:28.841+0000] {processor.py:157} INFO - Started process (PID=254) to work on /home/airflow/.local/lib/python3.8/site-packages/airflow/example_dags/example_external_task_marker_dag.py
[2025-01-18T13:41:28.842+0000] {processor.py:829} INFO - Processing file /home/airflow/.local/lib/python3.8/site-packages/airflow/example_dags/example_external_task_marker_dag.py for tasks to queue
[2025-01-18T13:41:28.846+0000] {logging_mixin.py:151} INFO - [2025-01-18T13:41:28.846+0000] {dagbag.py:539} INFO - Filling up the DagBag from /home/airflow/.local/lib/python3.8/site-packages/airflow/example_dags/example_external_task_marker_dag.py
[2025-01-18T13:41:28.857+0000] {processor.py:839} INFO - DAG(s) dict_keys(['example_external_task_marker_child', 'example_external_task_marker_parent']) retrieved from /home/airflow/.local/lib/python3.8/site-packages/airflow/example_dags/example_external_task_marker_dag.py
[2025-01-18T13:41:28.902+0000] {logging_mixin.py:151} INFO - [2025-01-18T13:41:28.901+0000] {dag.py:2907} INFO - Sync 2 DAGs
[2025-01-18T13:41:28.929+0000] {logging_mixin.py:151} INFO - [2025-01-18T13:41:28.929+0000] {dag.py:3677} INFO - Setting next_dagrun for example_external_task_marker_child to None, run_after=None
[2025-01-18T13:41:28.936+0000] {logging_mixin.py:151} INFO - [2025-01-18T13:41:28.935+0000] {dag.py:3677} INFO - Setting next_dagrun for example_external_task_marker_parent to None, run_after=None
[2025-01-18T13:41:28.964+0000] {processor.py:179} INFO - Processing /home/airflow/.local/lib/python3.8/site-packages/airflow/example_dags/example_external_task_marker_dag.py took 0.129 seconds
[2025-01-18T13:41:59.838+0000] {processor.py:157} INFO - Started process (PID=340) to work on /home/airflow/.local/lib/python3.8/site-packages/airflow/example_dags/example_external_task_marker_dag.py
[2025-01-18T13:41:59.840+0000] {processor.py:829} INFO - Processing file /home/airflow/.local/lib/python3.8/site-packages/airflow/example_dags/example_external_task_marker_dag.py for tasks to queue
[2025-01-18T13:41:59.848+0000] {logging_mixin.py:151} INFO - [2025-01-18T13:41:59.847+0000] {dagbag.py:539} INFO - Filling up the DagBag from /home/airflow/.local/lib/python3.8/site-packages/airflow/example_dags/example_external_task_marker_dag.py
[2025-01-18T13:41:59.868+0000] {processor.py:839} INFO - DAG(s) dict_keys(['example_external_task_marker_child', 'example_external_task_marker_parent']) retrieved from /home/airflow/.local/lib/python3.8/site-packages/airflow/example_dags/example_external_task_marker_dag.py
[2025-01-18T13:41:59.920+0000] {logging_mixin.py:151} INFO - [2025-01-18T13:41:59.919+0000] {dag.py:2907} INFO - Sync 2 DAGs
[2025-01-18T13:41:59.957+0000] {logging_mixin.py:151} INFO - [2025-01-18T13:41:59.957+0000] {dag.py:3677} INFO - Setting next_dagrun for example_external_task_marker_child to None, run_after=None
[2025-01-18T13:41:59.970+0000] {logging_mixin.py:151} INFO - [2025-01-18T13:41:59.969+0000] {dag.py:3677} INFO - Setting next_dagrun for example_external_task_marker_parent to None, run_after=None
[2025-01-18T13:42:00.019+0000] {processor.py:179} INFO - Processing /home/airflow/.local/lib/python3.8/site-packages/airflow/example_dags/example_external_task_marker_dag.py took 0.187 seconds
[2025-01-18T13:42:30.760+0000] {processor.py:157} INFO - Started process (PID=407) to work on /home/airflow/.local/lib/python3.8/site-packages/airflow/example_dags/example_external_task_marker_dag.py
[2025-01-18T13:42:30.761+0000] {processor.py:829} INFO - Processing file /home/airflow/.local/lib/python3.8/site-packages/airflow/example_dags/example_external_task_marker_dag.py for tasks to queue
[2025-01-18T13:42:30.766+0000] {logging_mixin.py:151} INFO - [2025-01-18T13:42:30.765+0000] {dagbag.py:539} INFO - Filling up the DagBag from /home/airflow/.local/lib/python3.8/site-packages/airflow/example_dags/example_external_task_marker_dag.py
[2025-01-18T13:42:30.780+0000] {processor.py:839} INFO - DAG(s) dict_keys(['example_external_task_marker_child', 'example_external_task_marker_parent']) retrieved from /home/airflow/.local/lib/python3.8/site-packages/airflow/example_dags/example_external_task_marker_dag.py
[2025-01-18T13:42:30.839+0000] {logging_mixin.py:151} INFO - [2025-01-18T13:42:30.838+0000] {dag.py:2907} INFO - Sync 2 DAGs
[2025-01-18T13:42:30.874+0000] {logging_mixin.py:151} INFO - [2025-01-18T13:42:30.873+0000] {dag.py:3677} INFO - Setting next_dagrun for example_external_task_marker_child to None, run_after=None
[2025-01-18T13:42:30.882+0000] {logging_mixin.py:151} INFO - [2025-01-18T13:42:30.881+0000] {dag.py:3677} INFO - Setting next_dagrun for example_external_task_marker_parent to None, run_after=None
[2025-01-18T13:42:30.914+0000] {processor.py:179} INFO - Processing /home/airflow/.local/lib/python3.8/site-packages/airflow/example_dags/example_external_task_marker_dag.py took 0.162 seconds
[2025-01-18T13:43:02.200+0000] {processor.py:157} INFO - Started process (PID=493) to work on /home/airflow/.local/lib/python3.8/site-packages/airflow/example_dags/example_external_task_marker_dag.py
[2025-01-18T13:43:02.202+0000] {processor.py:829} INFO - Processing file /home/airflow/.local/lib/python3.8/site-packages/airflow/example_dags/example_external_task_marker_dag.py for tasks to queue
[2025-01-18T13:43:02.217+0000] {logging_mixin.py:151} INFO - [2025-01-18T13:43:02.216+0000] {dagbag.py:539} INFO - Filling up the DagBag from /home/airflow/.local/lib/python3.8/site-packages/airflow/example_dags/example_external_task_marker_dag.py
[2025-01-18T13:43:02.252+0000] {processor.py:839} INFO - DAG(s) dict_keys(['example_external_task_marker_parent', 'example_external_task_marker_child']) retrieved from /home/airflow/.local/lib/python3.8/site-packages/airflow/example_dags/example_external_task_marker_dag.py
[2025-01-18T13:43:02.366+0000] {logging_mixin.py:151} INFO - [2025-01-18T13:43:02.366+0000] {dag.py:2907} INFO - Sync 2 DAGs
[2025-01-18T13:43:02.443+0000] {logging_mixin.py:151} INFO - [2025-01-18T13:43:02.442+0000] {dag.py:3677} INFO - Setting next_dagrun for example_external_task_marker_child to None, run_after=None
[2025-01-18T13:43:02.461+0000] {logging_mixin.py:151} INFO - [2025-01-18T13:43:02.461+0000] {dag.py:3677} INFO - Setting next_dagrun for example_external_task_marker_parent to None, run_after=None
[2025-01-18T13:43:02.564+0000] {processor.py:179} INFO - Processing /home/airflow/.local/lib/python3.8/site-packages/airflow/example_dags/example_external_task_marker_dag.py took 0.379 seconds
[2025-01-18T13:43:33.227+0000] {processor.py:157} INFO - Started process (PID=568) to work on /home/airflow/.local/lib/python3.8/site-packages/airflow/example_dags/example_external_task_marker_dag.py
[2025-01-18T13:43:33.229+0000] {processor.py:829} INFO - Processing file /home/airflow/.local/lib/python3.8/site-packages/airflow/example_dags/example_external_task_marker_dag.py for tasks to queue
[2025-01-18T13:43:33.237+0000] {logging_mixin.py:151} INFO - [2025-01-18T13:43:33.236+0000] {dagbag.py:539} INFO - Filling up the DagBag from /home/airflow/.local/lib/python3.8/site-packages/airflow/example_dags/example_external_task_marker_dag.py
[2025-01-18T13:43:33.257+0000] {processor.py:839} INFO - DAG(s) dict_keys(['example_external_task_marker_child', 'example_external_task_marker_parent']) retrieved from /home/airflow/.local/lib/python3.8/site-packages/airflow/example_dags/example_external_task_marker_dag.py
[2025-01-18T13:43:33.323+0000] {logging_mixin.py:151} INFO - [2025-01-18T13:43:33.323+0000] {dag.py:2907} INFO - Sync 2 DAGs
[2025-01-18T13:43:33.394+0000] {logging_mixin.py:151} INFO - [2025-01-18T13:43:33.394+0000] {dag.py:3677} INFO - Setting next_dagrun for example_external_task_marker_child to None, run_after=None
[2025-01-18T13:43:33.411+0000] {logging_mixin.py:151} INFO - [2025-01-18T13:43:33.410+0000] {dag.py:3677} INFO - Setting next_dagrun for example_external_task_marker_parent to None, run_after=None
[2025-01-18T13:43:33.455+0000] {processor.py:179} INFO - Processing /home/airflow/.local/lib/python3.8/site-packages/airflow/example_dags/example_external_task_marker_dag.py took 0.241 seconds
[2025-01-18T13:44:03.771+0000] {processor.py:157} INFO - Started process (PID=646) to work on /home/airflow/.local/lib/python3.8/site-packages/airflow/example_dags/example_external_task_marker_dag.py
[2025-01-18T13:44:03.772+0000] {processor.py:829} INFO - Processing file /home/airflow/.local/lib/python3.8/site-packages/airflow/example_dags/example_external_task_marker_dag.py for tasks to queue
[2025-01-18T13:44:03.775+0000] {logging_mixin.py:151} INFO - [2025-01-18T13:44:03.774+0000] {dagbag.py:539} INFO - Filling up the DagBag from /home/airflow/.local/lib/python3.8/site-packages/airflow/example_dags/example_external_task_marker_dag.py
[2025-01-18T13:44:03.783+0000] {processor.py:839} INFO - DAG(s) dict_keys(['example_external_task_marker_child', 'example_external_task_marker_parent']) retrieved from /home/airflow/.local/lib/python3.8/site-packages/airflow/example_dags/example_external_task_marker_dag.py
[2025-01-18T13:44:03.815+0000] {logging_mixin.py:151} INFO - [2025-01-18T13:44:03.815+0000] {dag.py:2907} INFO - Sync 2 DAGs
[2025-01-18T13:44:03.833+0000] {logging_mixin.py:151} INFO - [2025-01-18T13:44:03.833+0000] {dag.py:3677} INFO - Setting next_dagrun for example_external_task_marker_child to None, run_after=None
[2025-01-18T13:44:03.838+0000] {logging_mixin.py:151} INFO - [2025-01-18T13:44:03.837+0000] {dag.py:3677} INFO - Setting next_dagrun for example_external_task_marker_parent to None, run_after=None
[2025-01-18T13:44:03.858+0000] {processor.py:179} INFO - Processing /home/airflow/.local/lib/python3.8/site-packages/airflow/example_dags/example_external_task_marker_dag.py took 0.091 seconds
[2025-01-18T13:44:34.777+0000] {processor.py:157} INFO - Started process (PID=732) to work on /home/airflow/.local/lib/python3.8/site-packages/airflow/example_dags/example_external_task_marker_dag.py
[2025-01-18T13:44:34.778+0000] {processor.py:829} INFO - Processing file /home/airflow/.local/lib/python3.8/site-packages/airflow/example_dags/example_external_task_marker_dag.py for tasks to queue
[2025-01-18T13:44:34.781+0000] {logging_mixin.py:151} INFO - [2025-01-18T13:44:34.781+0000] {dagbag.py:539} INFO - Filling up the DagBag from /home/airflow/.local/lib/python3.8/site-packages/airflow/example_dags/example_external_task_marker_dag.py
[2025-01-18T13:44:34.792+0000] {processor.py:839} INFO - DAG(s) dict_keys(['example_external_task_marker_parent', 'example_external_task_marker_child']) retrieved from /home/airflow/.local/lib/python3.8/site-packages/airflow/example_dags/example_external_task_marker_dag.py
[2025-01-18T13:44:34.828+0000] {logging_mixin.py:151} INFO - [2025-01-18T13:44:34.827+0000] {dag.py:2907} INFO - Sync 2 DAGs
[2025-01-18T13:44:34.848+0000] {logging_mixin.py:151} INFO - [2025-01-18T13:44:34.848+0000] {dag.py:3677} INFO - Setting next_dagrun for example_external_task_marker_child to None, run_after=None
[2025-01-18T13:44:34.854+0000] {logging_mixin.py:151} INFO - [2025-01-18T13:44:34.854+0000] {dag.py:3677} INFO - Setting next_dagrun for example_external_task_marker_parent to None, run_after=None
[2025-01-18T13:44:34.880+0000] {processor.py:179} INFO - Processing /home/airflow/.local/lib/python3.8/site-packages/airflow/example_dags/example_external_task_marker_dag.py took 0.108 seconds
[2025-01-18T13:45:05.568+0000] {processor.py:157} INFO - Started process (PID=818) to work on /home/airflow/.local/lib/python3.8/site-packages/airflow/example_dags/example_external_task_marker_dag.py
[2025-01-18T13:45:05.570+0000] {processor.py:829} INFO - Processing file /home/airflow/.local/lib/python3.8/site-packages/airflow/example_dags/example_external_task_marker_dag.py for tasks to queue
[2025-01-18T13:45:05.574+0000] {logging_mixin.py:151} INFO - [2025-01-18T13:45:05.574+0000] {dagbag.py:539} INFO - Filling up the DagBag from /home/airflow/.local/lib/python3.8/site-packages/airflow/example_dags/example_external_task_marker_dag.py
[2025-01-18T13:45:05.587+0000] {processor.py:839} INFO - DAG(s) dict_keys(['example_external_task_marker_child', 'example_external_task_marker_parent']) retrieved from /home/airflow/.local/lib/python3.8/site-packages/airflow/example_dags/example_external_task_marker_dag.py
[2025-01-18T13:45:05.639+0000] {logging_mixin.py:151} INFO - [2025-01-18T13:45:05.639+0000] {dag.py:2907} INFO - Sync 2 DAGs
[2025-01-18T13:45:05.669+0000] {logging_mixin.py:151} INFO - [2025-01-18T13:45:05.668+0000] {dag.py:3677} INFO - Setting next_dagrun for example_external_task_marker_child to None, run_after=None
[2025-01-18T13:45:05.674+0000] {logging_mixin.py:151} INFO - [2025-01-18T13:45:05.674+0000] {dag.py:3677} INFO - Setting next_dagrun for example_external_task_marker_parent to None, run_after=None
[2025-01-18T13:45:05.704+0000] {processor.py:179} INFO - Processing /home/airflow/.local/lib/python3.8/site-packages/airflow/example_dags/example_external_task_marker_dag.py took 0.142 seconds
[2025-01-18T13:45:36.566+0000] {processor.py:157} INFO - Started process (PID=904) to work on /home/airflow/.local/lib/python3.8/site-packages/airflow/example_dags/example_external_task_marker_dag.py
[2025-01-18T13:45:36.567+0000] {processor.py:829} INFO - Processing file /home/airflow/.local/lib/python3.8/site-packages/airflow/example_dags/example_external_task_marker_dag.py for tasks to queue
[2025-01-18T13:45:36.570+0000] {logging_mixin.py:151} INFO - [2025-01-18T13:45:36.570+0000] {dagbag.py:539} INFO - Filling up the DagBag from /home/airflow/.local/lib/python3.8/site-packages/airflow/example_dags/example_external_task_marker_dag.py
[2025-01-18T13:45:36.579+0000] {processor.py:839} INFO - DAG(s) dict_keys(['example_external_task_marker_child', 'example_external_task_marker_parent']) retrieved from /home/airflow/.local/lib/python3.8/site-packages/airflow/example_dags/example_external_task_marker_dag.py
[2025-01-18T13:45:36.614+0000] {logging_mixin.py:151} INFO - [2025-01-18T13:45:36.614+0000] {dag.py:2907} INFO - Sync 2 DAGs
[2025-01-18T13:45:36.632+0000] {logging_mixin.py:151} INFO - [2025-01-18T13:45:36.632+0000] {dag.py:3677} INFO - Setting next_dagrun for example_external_task_marker_child to None, run_after=None
[2025-01-18T13:45:36.638+0000] {logging_mixin.py:151} INFO - [2025-01-18T13:45:36.638+0000] {dag.py:3677} INFO - Setting next_dagrun for example_external_task_marker_parent to None, run_after=None
[2025-01-18T13:45:36.659+0000] {processor.py:179} INFO - Processing /home/airflow/.local/lib/python3.8/site-packages/airflow/example_dags/example_external_task_marker_dag.py took 0.099 seconds
[2025-01-18T13:46:07.041+0000] {processor.py:157} INFO - Started process (PID=991) to work on /home/airflow/.local/lib/python3.8/site-packages/airflow/example_dags/example_external_task_marker_dag.py
[2025-01-18T13:46:07.042+0000] {processor.py:829} INFO - Processing file /home/airflow/.local/lib/python3.8/site-packages/airflow/example_dags/example_external_task_marker_dag.py for tasks to queue
[2025-01-18T13:46:07.045+0000] {logging_mixin.py:151} INFO - [2025-01-18T13:46:07.044+0000] {dagbag.py:539} INFO - Filling up the DagBag from /home/airflow/.local/lib/python3.8/site-packages/airflow/example_dags/example_external_task_marker_dag.py
[2025-01-18T13:46:07.052+0000] {processor.py:839} INFO - DAG(s) dict_keys(['example_external_task_marker_child', 'example_external_task_marker_parent']) retrieved from /home/airflow/.local/lib/python3.8/site-packages/airflow/example_dags/example_external_task_marker_dag.py
[2025-01-18T13:46:07.086+0000] {logging_mixin.py:151} INFO - [2025-01-18T13:46:07.085+0000] {dag.py:2907} INFO - Sync 2 DAGs
[2025-01-18T13:46:07.105+0000] {logging_mixin.py:151} INFO - [2025-01-18T13:46:07.105+0000] {dag.py:3677} INFO - Setting next_dagrun for example_external_task_marker_child to None, run_after=None
[2025-01-18T13:46:07.110+0000] {logging_mixin.py:151} INFO - [2025-01-18T13:46:07.109+0000] {dag.py:3677} INFO - Setting next_dagrun for example_external_task_marker_parent to None, run_after=None
[2025-01-18T13:46:07.132+0000] {processor.py:179} INFO - Processing /home/airflow/.local/lib/python3.8/site-packages/airflow/example_dags/example_external_task_marker_dag.py took 0.095 seconds
[2025-01-18T13:46:37.185+0000] {processor.py:157} INFO - Started process (PID=1076) to work on /home/airflow/.local/lib/python3.8/site-packages/airflow/example_dags/example_external_task_marker_dag.py
[2025-01-18T13:46:37.186+0000] {processor.py:829} INFO - Processing file /home/airflow/.local/lib/python3.8/site-packages/airflow/example_dags/example_external_task_marker_dag.py for tasks to queue
[2025-01-18T13:46:37.190+0000] {logging_mixin.py:151} INFO - [2025-01-18T13:46:37.189+0000] {dagbag.py:539} INFO - Filling up the DagBag from /home/airflow/.local/lib/python3.8/site-packages/airflow/example_dags/example_external_task_marker_dag.py
[2025-01-18T13:46:37.198+0000] {processor.py:839} INFO - DAG(s) dict_keys(['example_external_task_marker_parent', 'example_external_task_marker_child']) retrieved from /home/airflow/.local/lib/python3.8/site-packages/airflow/example_dags/example_external_task_marker_dag.py
[2025-01-18T13:46:37.232+0000] {logging_mixin.py:151} INFO - [2025-01-18T13:46:37.232+0000] {dag.py:2907} INFO - Sync 2 DAGs
[2025-01-18T13:46:37.249+0000] {logging_mixin.py:151} INFO - [2025-01-18T13:46:37.249+0000] {dag.py:3677} INFO - Setting next_dagrun for example_external_task_marker_child to None, run_after=None
[2025-01-18T13:46:37.253+0000] {logging_mixin.py:151} INFO - [2025-01-18T13:46:37.253+0000] {dag.py:3677} INFO - Setting next_dagrun for example_external_task_marker_parent to None, run_after=None
[2025-01-18T13:46:37.278+0000] {processor.py:179} INFO - Processing /home/airflow/.local/lib/python3.8/site-packages/airflow/example_dags/example_external_task_marker_dag.py took 0.096 seconds
[2025-01-18T13:47:07.594+0000] {processor.py:157} INFO - Started process (PID=1162) to work on /home/airflow/.local/lib/python3.8/site-packages/airflow/example_dags/example_external_task_marker_dag.py
[2025-01-18T13:47:07.595+0000] {processor.py:829} INFO - Processing file /home/airflow/.local/lib/python3.8/site-packages/airflow/example_dags/example_external_task_marker_dag.py for tasks to queue
[2025-01-18T13:47:07.599+0000] {logging_mixin.py:151} INFO - [2025-01-18T13:47:07.598+0000] {dagbag.py:539} INFO - Filling up the DagBag from /home/airflow/.local/lib/python3.8/site-packages/airflow/example_dags/example_external_task_marker_dag.py
[2025-01-18T13:47:07.607+0000] {processor.py:839} INFO - DAG(s) dict_keys(['example_external_task_marker_child', 'example_external_task_marker_parent']) retrieved from /home/airflow/.local/lib/python3.8/site-packages/airflow/example_dags/example_external_task_marker_dag.py
[2025-01-18T13:47:07.643+0000] {logging_mixin.py:151} INFO - [2025-01-18T13:47:07.643+0000] {dag.py:2907} INFO - Sync 2 DAGs
[2025-01-18T13:47:07.665+0000] {logging_mixin.py:151} INFO - [2025-01-18T13:47:07.665+0000] {dag.py:3677} INFO - Setting next_dagrun for example_external_task_marker_child to None, run_after=None
[2025-01-18T13:47:07.670+0000] {logging_mixin.py:151} INFO - [2025-01-18T13:47:07.670+0000] {dag.py:3677} INFO - Setting next_dagrun for example_external_task_marker_parent to None, run_after=None
[2025-01-18T13:47:07.694+0000] {processor.py:179} INFO - Processing /home/airflow/.local/lib/python3.8/site-packages/airflow/example_dags/example_external_task_marker_dag.py took 0.106 seconds
[2025-01-18T13:47:37.905+0000] {processor.py:157} INFO - Started process (PID=1248) to work on /home/airflow/.local/lib/python3.8/site-packages/airflow/example_dags/example_external_task_marker_dag.py
[2025-01-18T13:47:37.907+0000] {processor.py:829} INFO - Processing file /home/airflow/.local/lib/python3.8/site-packages/airflow/example_dags/example_external_task_marker_dag.py for tasks to queue
[2025-01-18T13:47:37.911+0000] {logging_mixin.py:151} INFO - [2025-01-18T13:47:37.911+0000] {dagbag.py:539} INFO - Filling up the DagBag from /home/airflow/.local/lib/python3.8/site-packages/airflow/example_dags/example_external_task_marker_dag.py
[2025-01-18T13:47:37.925+0000] {processor.py:839} INFO - DAG(s) dict_keys(['example_external_task_marker_parent', 'example_external_task_marker_child']) retrieved from /home/airflow/.local/lib/python3.8/site-packages/airflow/example_dags/example_external_task_marker_dag.py
[2025-01-18T13:47:37.975+0000] {logging_mixin.py:151} INFO - [2025-01-18T13:47:37.975+0000] {dag.py:2907} INFO - Sync 2 DAGs
[2025-01-18T13:47:38.004+0000] {logging_mixin.py:151} INFO - [2025-01-18T13:47:38.003+0000] {dag.py:3677} INFO - Setting next_dagrun for example_external_task_marker_child to None, run_after=None
[2025-01-18T13:47:38.010+0000] {logging_mixin.py:151} INFO - [2025-01-18T13:47:38.010+0000] {dag.py:3677} INFO - Setting next_dagrun for example_external_task_marker_parent to None, run_after=None
[2025-01-18T13:47:38.043+0000] {processor.py:179} INFO - Processing /home/airflow/.local/lib/python3.8/site-packages/airflow/example_dags/example_external_task_marker_dag.py took 0.145 seconds
[2025-01-18T13:48:08.674+0000] {processor.py:157} INFO - Started process (PID=1315) to work on /home/airflow/.local/lib/python3.8/site-packages/airflow/example_dags/example_external_task_marker_dag.py
[2025-01-18T13:48:08.681+0000] {processor.py:829} INFO - Processing file /home/airflow/.local/lib/python3.8/site-packages/airflow/example_dags/example_external_task_marker_dag.py for tasks to queue
[2025-01-18T13:48:08.688+0000] {logging_mixin.py:151} INFO - [2025-01-18T13:48:08.687+0000] {dagbag.py:539} INFO - Filling up the DagBag from /home/airflow/.local/lib/python3.8/site-packages/airflow/example_dags/example_external_task_marker_dag.py
[2025-01-18T13:48:08.724+0000] {processor.py:839} INFO - DAG(s) dict_keys(['example_external_task_marker_child', 'example_external_task_marker_parent']) retrieved from /home/airflow/.local/lib/python3.8/site-packages/airflow/example_dags/example_external_task_marker_dag.py
[2025-01-18T13:48:08.834+0000] {logging_mixin.py:151} INFO - [2025-01-18T13:48:08.833+0000] {dag.py:2907} INFO - Sync 2 DAGs
[2025-01-18T13:48:08.890+0000] {logging_mixin.py:151} INFO - [2025-01-18T13:48:08.890+0000] {dag.py:3677} INFO - Setting next_dagrun for example_external_task_marker_child to None, run_after=None
[2025-01-18T13:48:08.910+0000] {logging_mixin.py:151} INFO - [2025-01-18T13:48:08.909+0000] {dag.py:3677} INFO - Setting next_dagrun for example_external_task_marker_parent to None, run_after=None
[2025-01-18T13:48:08.977+0000] {processor.py:179} INFO - Processing /home/airflow/.local/lib/python3.8/site-packages/airflow/example_dags/example_external_task_marker_dag.py took 0.314 seconds
[2025-01-18T13:48:39.558+0000] {processor.py:157} INFO - Started process (PID=1401) to work on /home/airflow/.local/lib/python3.8/site-packages/airflow/example_dags/example_external_task_marker_dag.py
[2025-01-18T13:48:39.559+0000] {processor.py:829} INFO - Processing file /home/airflow/.local/lib/python3.8/site-packages/airflow/example_dags/example_external_task_marker_dag.py for tasks to queue
[2025-01-18T13:48:39.561+0000] {logging_mixin.py:151} INFO - [2025-01-18T13:48:39.561+0000] {dagbag.py:539} INFO - Filling up the DagBag from /home/airflow/.local/lib/python3.8/site-packages/airflow/example_dags/example_external_task_marker_dag.py
[2025-01-18T13:48:39.567+0000] {processor.py:839} INFO - DAG(s) dict_keys(['example_external_task_marker_parent', 'example_external_task_marker_child']) retrieved from /home/airflow/.local/lib/python3.8/site-packages/airflow/example_dags/example_external_task_marker_dag.py
[2025-01-18T13:48:39.591+0000] {logging_mixin.py:151} INFO - [2025-01-18T13:48:39.591+0000] {dag.py:2907} INFO - Sync 2 DAGs
[2025-01-18T13:48:39.607+0000] {logging_mixin.py:151} INFO - [2025-01-18T13:48:39.607+0000] {dag.py:3677} INFO - Setting next_dagrun for example_external_task_marker_child to None, run_after=None
[2025-01-18T13:48:39.610+0000] {logging_mixin.py:151} INFO - [2025-01-18T13:48:39.610+0000] {dag.py:3677} INFO - Setting next_dagrun for example_external_task_marker_parent to None, run_after=None
[2025-01-18T13:48:39.636+0000] {processor.py:179} INFO - Processing /home/airflow/.local/lib/python3.8/site-packages/airflow/example_dags/example_external_task_marker_dag.py took 0.080 seconds
[2025-01-18T13:49:10.396+0000] {processor.py:157} INFO - Started process (PID=1488) to work on /home/airflow/.local/lib/python3.8/site-packages/airflow/example_dags/example_external_task_marker_dag.py
[2025-01-18T13:49:10.397+0000] {processor.py:829} INFO - Processing file /home/airflow/.local/lib/python3.8/site-packages/airflow/example_dags/example_external_task_marker_dag.py for tasks to queue
[2025-01-18T13:49:10.400+0000] {logging_mixin.py:151} INFO - [2025-01-18T13:49:10.399+0000] {dagbag.py:539} INFO - Filling up the DagBag from /home/airflow/.local/lib/python3.8/site-packages/airflow/example_dags/example_external_task_marker_dag.py
[2025-01-18T13:49:10.408+0000] {processor.py:839} INFO - DAG(s) dict_keys(['example_external_task_marker_parent', 'example_external_task_marker_child']) retrieved from /home/airflow/.local/lib/python3.8/site-packages/airflow/example_dags/example_external_task_marker_dag.py
[2025-01-18T13:49:10.440+0000] {logging_mixin.py:151} INFO - [2025-01-18T13:49:10.439+0000] {dag.py:2907} INFO - Sync 2 DAGs
[2025-01-18T13:49:10.458+0000] {logging_mixin.py:151} INFO - [2025-01-18T13:49:10.458+0000] {dag.py:3677} INFO - Setting next_dagrun for example_external_task_marker_child to None, run_after=None
[2025-01-18T13:49:10.463+0000] {logging_mixin.py:151} INFO - [2025-01-18T13:49:10.463+0000] {dag.py:3677} INFO - Setting next_dagrun for example_external_task_marker_parent to None, run_after=None
[2025-01-18T13:49:10.491+0000] {processor.py:179} INFO - Processing /home/airflow/.local/lib/python3.8/site-packages/airflow/example_dags/example_external_task_marker_dag.py took 0.099 seconds
[2025-01-18T13:49:41.283+0000] {processor.py:157} INFO - Started process (PID=1574) to work on /home/airflow/.local/lib/python3.8/site-packages/airflow/example_dags/example_external_task_marker_dag.py
[2025-01-18T13:49:41.285+0000] {processor.py:829} INFO - Processing file /home/airflow/.local/lib/python3.8/site-packages/airflow/example_dags/example_external_task_marker_dag.py for tasks to queue
[2025-01-18T13:49:41.287+0000] {logging_mixin.py:151} INFO - [2025-01-18T13:49:41.287+0000] {dagbag.py:539} INFO - Filling up the DagBag from /home/airflow/.local/lib/python3.8/site-packages/airflow/example_dags/example_external_task_marker_dag.py
[2025-01-18T13:49:41.294+0000] {processor.py:839} INFO - DAG(s) dict_keys(['example_external_task_marker_child', 'example_external_task_marker_parent']) retrieved from /home/airflow/.local/lib/python3.8/site-packages/airflow/example_dags/example_external_task_marker_dag.py
[2025-01-18T13:49:41.325+0000] {logging_mixin.py:151} INFO - [2025-01-18T13:49:41.325+0000] {dag.py:2907} INFO - Sync 2 DAGs
[2025-01-18T13:49:41.342+0000] {logging_mixin.py:151} INFO - [2025-01-18T13:49:41.342+0000] {dag.py:3677} INFO - Setting next_dagrun for example_external_task_marker_child to None, run_after=None
[2025-01-18T13:49:41.346+0000] {logging_mixin.py:151} INFO - [2025-01-18T13:49:41.346+0000] {dag.py:3677} INFO - Setting next_dagrun for example_external_task_marker_parent to None, run_after=None
[2025-01-18T13:49:41.366+0000] {processor.py:179} INFO - Processing /home/airflow/.local/lib/python3.8/site-packages/airflow/example_dags/example_external_task_marker_dag.py took 0.086 seconds
[2025-01-18T13:50:12.273+0000] {processor.py:157} INFO - Started process (PID=1661) to work on /home/airflow/.local/lib/python3.8/site-packages/airflow/example_dags/example_external_task_marker_dag.py
[2025-01-18T13:50:12.274+0000] {processor.py:829} INFO - Processing file /home/airflow/.local/lib/python3.8/site-packages/airflow/example_dags/example_external_task_marker_dag.py for tasks to queue
[2025-01-18T13:50:12.277+0000] {logging_mixin.py:151} INFO - [2025-01-18T13:50:12.277+0000] {dagbag.py:539} INFO - Filling up the DagBag from /home/airflow/.local/lib/python3.8/site-packages/airflow/example_dags/example_external_task_marker_dag.py
[2025-01-18T13:50:12.284+0000] {processor.py:839} INFO - DAG(s) dict_keys(['example_external_task_marker_parent', 'example_external_task_marker_child']) retrieved from /home/airflow/.local/lib/python3.8/site-packages/airflow/example_dags/example_external_task_marker_dag.py
[2025-01-18T13:50:12.311+0000] {logging_mixin.py:151} INFO - [2025-01-18T13:50:12.311+0000] {dag.py:2907} INFO - Sync 2 DAGs
[2025-01-18T13:50:12.327+0000] {logging_mixin.py:151} INFO - [2025-01-18T13:50:12.327+0000] {dag.py:3677} INFO - Setting next_dagrun for example_external_task_marker_child to None, run_after=None
[2025-01-18T13:50:12.332+0000] {logging_mixin.py:151} INFO - [2025-01-18T13:50:12.332+0000] {dag.py:3677} INFO - Setting next_dagrun for example_external_task_marker_parent to None, run_after=None
[2025-01-18T13:50:12.353+0000] {processor.py:179} INFO - Processing /home/airflow/.local/lib/python3.8/site-packages/airflow/example_dags/example_external_task_marker_dag.py took 0.083 seconds
[2025-01-18T13:50:42.826+0000] {processor.py:157} INFO - Started process (PID=1774) to work on /home/airflow/.local/lib/python3.8/site-packages/airflow/example_dags/example_external_task_marker_dag.py
[2025-01-18T13:50:42.827+0000] {processor.py:829} INFO - Processing file /home/airflow/.local/lib/python3.8/site-packages/airflow/example_dags/example_external_task_marker_dag.py for tasks to queue
[2025-01-18T13:50:42.831+0000] {logging_mixin.py:151} INFO - [2025-01-18T13:50:42.830+0000] {dagbag.py:539} INFO - Filling up the DagBag from /home/airflow/.local/lib/python3.8/site-packages/airflow/example_dags/example_external_task_marker_dag.py
[2025-01-18T13:50:42.840+0000] {processor.py:839} INFO - DAG(s) dict_keys(['example_external_task_marker_parent', 'example_external_task_marker_child']) retrieved from /home/airflow/.local/lib/python3.8/site-packages/airflow/example_dags/example_external_task_marker_dag.py
[2025-01-18T13:50:42.873+0000] {logging_mixin.py:151} INFO - [2025-01-18T13:50:42.873+0000] {dag.py:2907} INFO - Sync 2 DAGs
[2025-01-18T13:50:42.892+0000] {logging_mixin.py:151} INFO - [2025-01-18T13:50:42.892+0000] {dag.py:3677} INFO - Setting next_dagrun for example_external_task_marker_child to None, run_after=None
[2025-01-18T13:50:42.898+0000] {logging_mixin.py:151} INFO - [2025-01-18T13:50:42.897+0000] {dag.py:3677} INFO - Setting next_dagrun for example_external_task_marker_parent to None, run_after=None
[2025-01-18T13:50:42.930+0000] {processor.py:179} INFO - Processing /home/airflow/.local/lib/python3.8/site-packages/airflow/example_dags/example_external_task_marker_dag.py took 0.108 seconds
[2025-01-18T13:51:13.138+0000] {processor.py:157} INFO - Started process (PID=1860) to work on /home/airflow/.local/lib/python3.8/site-packages/airflow/example_dags/example_external_task_marker_dag.py
[2025-01-18T13:51:13.139+0000] {processor.py:829} INFO - Processing file /home/airflow/.local/lib/python3.8/site-packages/airflow/example_dags/example_external_task_marker_dag.py for tasks to queue
[2025-01-18T13:51:13.142+0000] {logging_mixin.py:151} INFO - [2025-01-18T13:51:13.142+0000] {dagbag.py:539} INFO - Filling up the DagBag from /home/airflow/.local/lib/python3.8/site-packages/airflow/example_dags/example_external_task_marker_dag.py
[2025-01-18T13:51:13.149+0000] {processor.py:839} INFO - DAG(s) dict_keys(['example_external_task_marker_child', 'example_external_task_marker_parent']) retrieved from /home/airflow/.local/lib/python3.8/site-packages/airflow/example_dags/example_external_task_marker_dag.py
[2025-01-18T13:51:13.179+0000] {logging_mixin.py:151} INFO - [2025-01-18T13:51:13.179+0000] {dag.py:2907} INFO - Sync 2 DAGs
[2025-01-18T13:51:13.195+0000] {logging_mixin.py:151} INFO - [2025-01-18T13:51:13.194+0000] {dag.py:3677} INFO - Setting next_dagrun for example_external_task_marker_child to None, run_after=None
[2025-01-18T13:51:13.199+0000] {logging_mixin.py:151} INFO - [2025-01-18T13:51:13.199+0000] {dag.py:3677} INFO - Setting next_dagrun for example_external_task_marker_parent to None, run_after=None
[2025-01-18T13:51:13.217+0000] {processor.py:179} INFO - Processing /home/airflow/.local/lib/python3.8/site-packages/airflow/example_dags/example_external_task_marker_dag.py took 0.083 seconds
[2025-01-18T15:08:34.033+0000] {processor.py:157} INFO - Started process (PID=16114) to work on /home/airflow/.local/lib/python3.8/site-packages/airflow/example_dags/example_external_task_marker_dag.py
[2025-01-18T15:08:34.034+0000] {processor.py:829} INFO - Processing file /home/airflow/.local/lib/python3.8/site-packages/airflow/example_dags/example_external_task_marker_dag.py for tasks to queue
[2025-01-18T15:08:34.036+0000] {logging_mixin.py:151} INFO - [2025-01-18T15:08:34.036+0000] {dagbag.py:539} INFO - Filling up the DagBag from /home/airflow/.local/lib/python3.8/site-packages/airflow/example_dags/example_external_task_marker_dag.py
[2025-01-18T15:08:34.042+0000] {processor.py:839} INFO - DAG(s) dict_keys(['example_external_task_marker_child', 'example_external_task_marker_parent']) retrieved from /home/airflow/.local/lib/python3.8/site-packages/airflow/example_dags/example_external_task_marker_dag.py
[2025-01-18T15:08:34.064+0000] {logging_mixin.py:151} INFO - [2025-01-18T15:08:34.064+0000] {dag.py:2907} INFO - Sync 2 DAGs
[2025-01-18T15:08:34.075+0000] {logging_mixin.py:151} INFO - [2025-01-18T15:08:34.075+0000] {dag.py:3677} INFO - Setting next_dagrun for example_external_task_marker_child to None, run_after=None
[2025-01-18T15:08:34.078+0000] {logging_mixin.py:151} INFO - [2025-01-18T15:08:34.078+0000] {dag.py:3677} INFO - Setting next_dagrun for example_external_task_marker_parent to None, run_after=None
[2025-01-18T15:08:34.093+0000] {processor.py:179} INFO - Processing /home/airflow/.local/lib/python3.8/site-packages/airflow/example_dags/example_external_task_marker_dag.py took 0.063 seconds
[2025-01-18T15:09:04.632+0000] {processor.py:157} INFO - Started process (PID=16226) to work on /home/airflow/.local/lib/python3.8/site-packages/airflow/example_dags/example_external_task_marker_dag.py
[2025-01-18T15:09:04.632+0000] {processor.py:829} INFO - Processing file /home/airflow/.local/lib/python3.8/site-packages/airflow/example_dags/example_external_task_marker_dag.py for tasks to queue
[2025-01-18T15:09:04.634+0000] {logging_mixin.py:151} INFO - [2025-01-18T15:09:04.634+0000] {dagbag.py:539} INFO - Filling up the DagBag from /home/airflow/.local/lib/python3.8/site-packages/airflow/example_dags/example_external_task_marker_dag.py
[2025-01-18T15:09:04.640+0000] {processor.py:839} INFO - DAG(s) dict_keys(['example_external_task_marker_child', 'example_external_task_marker_parent']) retrieved from /home/airflow/.local/lib/python3.8/site-packages/airflow/example_dags/example_external_task_marker_dag.py
[2025-01-18T15:09:04.664+0000] {logging_mixin.py:151} INFO - [2025-01-18T15:09:04.664+0000] {dag.py:2907} INFO - Sync 2 DAGs
[2025-01-18T15:09:04.678+0000] {logging_mixin.py:151} INFO - [2025-01-18T15:09:04.678+0000] {dag.py:3677} INFO - Setting next_dagrun for example_external_task_marker_child to None, run_after=None
[2025-01-18T15:09:04.683+0000] {logging_mixin.py:151} INFO - [2025-01-18T15:09:04.682+0000] {dag.py:3677} INFO - Setting next_dagrun for example_external_task_marker_parent to None, run_after=None
[2025-01-18T15:09:04.700+0000] {processor.py:179} INFO - Processing /home/airflow/.local/lib/python3.8/site-packages/airflow/example_dags/example_external_task_marker_dag.py took 0.071 seconds
