[2025-01-18T00:11:28.632+0000] {processor.py:157} INFO - Started process (PID=158) to work on /home/airflow/.local/lib/python3.8/site-packages/airflow/example_dags/example_task_group_decorator.py
[2025-01-18T00:11:28.646+0000] {processor.py:829} INFO - Processing file /home/airflow/.local/lib/python3.8/site-packages/airflow/example_dags/example_task_group_decorator.py for tasks to queue
[2025-01-18T00:11:28.653+0000] {logging_mixin.py:151} INFO - [2025-01-18T00:11:28.652+0000] {dagbag.py:539} INFO - Filling up the DagBag from /home/airflow/.local/lib/python3.8/site-packages/airflow/example_dags/example_task_group_decorator.py
[2025-01-18T00:11:28.769+0000] {processor.py:839} INFO - DAG(s) dict_keys(['example_task_group_decorator']) retrieved from /home/airflow/.local/lib/python3.8/site-packages/airflow/example_dags/example_task_group_decorator.py
[2025-01-18T00:11:28.882+0000] {logging_mixin.py:151} INFO - [2025-01-18T00:11:28.882+0000] {dag.py:2907} INFO - Sync 1 DAGs
[2025-01-18T00:11:28.987+0000] {logging_mixin.py:151} INFO - [2025-01-18T00:11:28.987+0000] {dag.py:3677} INFO - Setting next_dagrun for example_task_group_decorator to 2025-01-17T00:11:28.986670+00:00, run_after=2025-01-18T00:11:28.986670+00:00
[2025-01-18T00:11:29.054+0000] {processor.py:179} INFO - Processing /home/airflow/.local/lib/python3.8/site-packages/airflow/example_dags/example_task_group_decorator.py took 0.431 seconds
[2025-01-18T00:11:59.411+0000] {processor.py:157} INFO - Started process (PID=270) to work on /home/airflow/.local/lib/python3.8/site-packages/airflow/example_dags/example_task_group_decorator.py
[2025-01-18T00:11:59.416+0000] {processor.py:829} INFO - Processing file /home/airflow/.local/lib/python3.8/site-packages/airflow/example_dags/example_task_group_decorator.py for tasks to queue
[2025-01-18T00:11:59.423+0000] {logging_mixin.py:151} INFO - [2025-01-18T00:11:59.422+0000] {dagbag.py:539} INFO - Filling up the DagBag from /home/airflow/.local/lib/python3.8/site-packages/airflow/example_dags/example_task_group_decorator.py
[2025-01-18T00:11:59.537+0000] {processor.py:839} INFO - DAG(s) dict_keys(['example_task_group_decorator']) retrieved from /home/airflow/.local/lib/python3.8/site-packages/airflow/example_dags/example_task_group_decorator.py
[2025-01-18T00:11:59.681+0000] {logging_mixin.py:151} INFO - [2025-01-18T00:11:59.680+0000] {dag.py:2907} INFO - Sync 1 DAGs
[2025-01-18T00:11:59.753+0000] {logging_mixin.py:151} INFO - [2025-01-18T00:11:59.752+0000] {dag.py:3677} INFO - Setting next_dagrun for example_task_group_decorator to 2025-01-17T00:11:59.751760+00:00, run_after=2025-01-18T00:11:59.751760+00:00
[2025-01-18T00:11:59.833+0000] {processor.py:179} INFO - Processing /home/airflow/.local/lib/python3.8/site-packages/airflow/example_dags/example_task_group_decorator.py took 0.430 seconds
[2025-01-18T00:12:29.938+0000] {processor.py:157} INFO - Started process (PID=356) to work on /home/airflow/.local/lib/python3.8/site-packages/airflow/example_dags/example_task_group_decorator.py
[2025-01-18T00:12:29.939+0000] {processor.py:829} INFO - Processing file /home/airflow/.local/lib/python3.8/site-packages/airflow/example_dags/example_task_group_decorator.py for tasks to queue
[2025-01-18T00:12:29.942+0000] {logging_mixin.py:151} INFO - [2025-01-18T00:12:29.942+0000] {dagbag.py:539} INFO - Filling up the DagBag from /home/airflow/.local/lib/python3.8/site-packages/airflow/example_dags/example_task_group_decorator.py
[2025-01-18T00:12:29.965+0000] {processor.py:839} INFO - DAG(s) dict_keys(['example_task_group_decorator']) retrieved from /home/airflow/.local/lib/python3.8/site-packages/airflow/example_dags/example_task_group_decorator.py
[2025-01-18T00:12:29.993+0000] {logging_mixin.py:151} INFO - [2025-01-18T00:12:29.993+0000] {dag.py:2907} INFO - Sync 1 DAGs
[2025-01-18T00:12:30.020+0000] {logging_mixin.py:151} INFO - [2025-01-18T00:12:30.020+0000] {dag.py:3677} INFO - Setting next_dagrun for example_task_group_decorator to 2025-01-17T00:12:30.019840+00:00, run_after=2025-01-18T00:12:30.019840+00:00
[2025-01-18T00:12:30.041+0000] {processor.py:179} INFO - Processing /home/airflow/.local/lib/python3.8/site-packages/airflow/example_dags/example_task_group_decorator.py took 0.108 seconds
[2025-01-18T00:13:00.177+0000] {processor.py:157} INFO - Started process (PID=431) to work on /home/airflow/.local/lib/python3.8/site-packages/airflow/example_dags/example_task_group_decorator.py
[2025-01-18T00:13:00.179+0000] {processor.py:829} INFO - Processing file /home/airflow/.local/lib/python3.8/site-packages/airflow/example_dags/example_task_group_decorator.py for tasks to queue
[2025-01-18T00:13:00.185+0000] {logging_mixin.py:151} INFO - [2025-01-18T00:13:00.184+0000] {dagbag.py:539} INFO - Filling up the DagBag from /home/airflow/.local/lib/python3.8/site-packages/airflow/example_dags/example_task_group_decorator.py
[2025-01-18T00:13:00.233+0000] {processor.py:839} INFO - DAG(s) dict_keys(['example_task_group_decorator']) retrieved from /home/airflow/.local/lib/python3.8/site-packages/airflow/example_dags/example_task_group_decorator.py
[2025-01-18T00:13:00.304+0000] {logging_mixin.py:151} INFO - [2025-01-18T00:13:00.303+0000] {dag.py:2907} INFO - Sync 1 DAGs
[2025-01-18T00:13:00.360+0000] {logging_mixin.py:151} INFO - [2025-01-18T00:13:00.360+0000] {dag.py:3677} INFO - Setting next_dagrun for example_task_group_decorator to 2025-01-17T00:13:00.359846+00:00, run_after=2025-01-18T00:13:00.359846+00:00
[2025-01-18T00:13:00.403+0000] {processor.py:179} INFO - Processing /home/airflow/.local/lib/python3.8/site-packages/airflow/example_dags/example_task_group_decorator.py took 0.236 seconds
[2025-01-18T00:14:29.397+0000] {processor.py:157} INFO - Started process (PID=129) to work on /home/airflow/.local/lib/python3.8/site-packages/airflow/example_dags/example_task_group_decorator.py
[2025-01-18T00:14:29.399+0000] {processor.py:829} INFO - Processing file /home/airflow/.local/lib/python3.8/site-packages/airflow/example_dags/example_task_group_decorator.py for tasks to queue
[2025-01-18T00:14:29.405+0000] {logging_mixin.py:151} INFO - [2025-01-18T00:14:29.404+0000] {dagbag.py:539} INFO - Filling up the DagBag from /home/airflow/.local/lib/python3.8/site-packages/airflow/example_dags/example_task_group_decorator.py
[2025-01-18T00:14:29.440+0000] {processor.py:839} INFO - DAG(s) dict_keys(['example_task_group_decorator']) retrieved from /home/airflow/.local/lib/python3.8/site-packages/airflow/example_dags/example_task_group_decorator.py
[2025-01-18T00:14:29.501+0000] {logging_mixin.py:151} INFO - [2025-01-18T00:14:29.501+0000] {dag.py:2907} INFO - Sync 1 DAGs
[2025-01-18T00:14:29.572+0000] {logging_mixin.py:151} INFO - [2025-01-18T00:14:29.571+0000] {dag.py:3677} INFO - Setting next_dagrun for example_task_group_decorator to 2025-01-17T00:14:29.569601+00:00, run_after=2025-01-18T00:14:29.569601+00:00
[2025-01-18T00:14:29.615+0000] {processor.py:179} INFO - Processing /home/airflow/.local/lib/python3.8/site-packages/airflow/example_dags/example_task_group_decorator.py took 0.225 seconds
[2025-01-18T00:14:59.802+0000] {processor.py:157} INFO - Started process (PID=196) to work on /home/airflow/.local/lib/python3.8/site-packages/airflow/example_dags/example_task_group_decorator.py
[2025-01-18T00:14:59.803+0000] {processor.py:829} INFO - Processing file /home/airflow/.local/lib/python3.8/site-packages/airflow/example_dags/example_task_group_decorator.py for tasks to queue
[2025-01-18T00:14:59.807+0000] {logging_mixin.py:151} INFO - [2025-01-18T00:14:59.807+0000] {dagbag.py:539} INFO - Filling up the DagBag from /home/airflow/.local/lib/python3.8/site-packages/airflow/example_dags/example_task_group_decorator.py
[2025-01-18T00:14:59.835+0000] {processor.py:839} INFO - DAG(s) dict_keys(['example_task_group_decorator']) retrieved from /home/airflow/.local/lib/python3.8/site-packages/airflow/example_dags/example_task_group_decorator.py
[2025-01-18T00:14:59.872+0000] {logging_mixin.py:151} INFO - [2025-01-18T00:14:59.871+0000] {dag.py:2907} INFO - Sync 1 DAGs
[2025-01-18T00:14:59.907+0000] {logging_mixin.py:151} INFO - [2025-01-18T00:14:59.907+0000] {dag.py:3677} INFO - Setting next_dagrun for example_task_group_decorator to 2025-01-17T00:14:59.906769+00:00, run_after=2025-01-18T00:14:59.906769+00:00
[2025-01-18T00:14:59.934+0000] {processor.py:179} INFO - Processing /home/airflow/.local/lib/python3.8/site-packages/airflow/example_dags/example_task_group_decorator.py took 0.137 seconds
[2025-01-18T00:15:30.196+0000] {processor.py:157} INFO - Started process (PID=282) to work on /home/airflow/.local/lib/python3.8/site-packages/airflow/example_dags/example_task_group_decorator.py
[2025-01-18T00:15:30.198+0000] {processor.py:829} INFO - Processing file /home/airflow/.local/lib/python3.8/site-packages/airflow/example_dags/example_task_group_decorator.py for tasks to queue
[2025-01-18T00:15:30.201+0000] {logging_mixin.py:151} INFO - [2025-01-18T00:15:30.201+0000] {dagbag.py:539} INFO - Filling up the DagBag from /home/airflow/.local/lib/python3.8/site-packages/airflow/example_dags/example_task_group_decorator.py
[2025-01-18T00:15:30.222+0000] {processor.py:839} INFO - DAG(s) dict_keys(['example_task_group_decorator']) retrieved from /home/airflow/.local/lib/python3.8/site-packages/airflow/example_dags/example_task_group_decorator.py
[2025-01-18T00:15:30.257+0000] {logging_mixin.py:151} INFO - [2025-01-18T00:15:30.257+0000] {dag.py:2907} INFO - Sync 1 DAGs
[2025-01-18T00:15:30.292+0000] {logging_mixin.py:151} INFO - [2025-01-18T00:15:30.291+0000] {dag.py:3677} INFO - Setting next_dagrun for example_task_group_decorator to 2025-01-17T00:15:30.291548+00:00, run_after=2025-01-18T00:15:30.291548+00:00
[2025-01-18T00:15:30.331+0000] {processor.py:179} INFO - Processing /home/airflow/.local/lib/python3.8/site-packages/airflow/example_dags/example_task_group_decorator.py took 0.138 seconds
[2025-01-18T00:16:00.705+0000] {processor.py:157} INFO - Started process (PID=368) to work on /home/airflow/.local/lib/python3.8/site-packages/airflow/example_dags/example_task_group_decorator.py
[2025-01-18T00:16:00.706+0000] {processor.py:829} INFO - Processing file /home/airflow/.local/lib/python3.8/site-packages/airflow/example_dags/example_task_group_decorator.py for tasks to queue
[2025-01-18T00:16:00.710+0000] {logging_mixin.py:151} INFO - [2025-01-18T00:16:00.710+0000] {dagbag.py:539} INFO - Filling up the DagBag from /home/airflow/.local/lib/python3.8/site-packages/airflow/example_dags/example_task_group_decorator.py
[2025-01-18T00:16:00.732+0000] {processor.py:839} INFO - DAG(s) dict_keys(['example_task_group_decorator']) retrieved from /home/airflow/.local/lib/python3.8/site-packages/airflow/example_dags/example_task_group_decorator.py
[2025-01-18T00:16:00.769+0000] {logging_mixin.py:151} INFO - [2025-01-18T00:16:00.769+0000] {dag.py:2907} INFO - Sync 1 DAGs
[2025-01-18T00:16:00.800+0000] {logging_mixin.py:151} INFO - [2025-01-18T00:16:00.800+0000] {dag.py:3677} INFO - Setting next_dagrun for example_task_group_decorator to 2025-01-17T00:16:00.799872+00:00, run_after=2025-01-18T00:16:00.799872+00:00
[2025-01-18T00:16:00.827+0000] {processor.py:179} INFO - Processing /home/airflow/.local/lib/python3.8/site-packages/airflow/example_dags/example_task_group_decorator.py took 0.127 seconds
[2025-01-18T00:16:33.407+0000] {processor.py:157} INFO - Started process (PID=454) to work on /home/airflow/.local/lib/python3.8/site-packages/airflow/example_dags/example_task_group_decorator.py
[2025-01-18T00:16:33.410+0000] {processor.py:829} INFO - Processing file /home/airflow/.local/lib/python3.8/site-packages/airflow/example_dags/example_task_group_decorator.py for tasks to queue
[2025-01-18T00:16:33.423+0000] {logging_mixin.py:151} INFO - [2025-01-18T00:16:33.422+0000] {dagbag.py:539} INFO - Filling up the DagBag from /home/airflow/.local/lib/python3.8/site-packages/airflow/example_dags/example_task_group_decorator.py
[2025-01-18T00:16:33.482+0000] {processor.py:839} INFO - DAG(s) dict_keys(['example_task_group_decorator']) retrieved from /home/airflow/.local/lib/python3.8/site-packages/airflow/example_dags/example_task_group_decorator.py
[2025-01-18T00:16:33.567+0000] {logging_mixin.py:151} INFO - [2025-01-18T00:16:33.566+0000] {dag.py:2907} INFO - Sync 1 DAGs
[2025-01-18T00:16:33.678+0000] {logging_mixin.py:151} INFO - [2025-01-18T00:16:33.677+0000] {dag.py:3677} INFO - Setting next_dagrun for example_task_group_decorator to 2025-01-17T00:16:33.676608+00:00, run_after=2025-01-18T00:16:33.676608+00:00
[2025-01-18T00:16:33.749+0000] {processor.py:179} INFO - Processing /home/airflow/.local/lib/python3.8/site-packages/airflow/example_dags/example_task_group_decorator.py took 0.356 seconds
[2025-01-18T00:17:04.441+0000] {processor.py:157} INFO - Started process (PID=549) to work on /home/airflow/.local/lib/python3.8/site-packages/airflow/example_dags/example_task_group_decorator.py
[2025-01-18T00:17:04.443+0000] {processor.py:829} INFO - Processing file /home/airflow/.local/lib/python3.8/site-packages/airflow/example_dags/example_task_group_decorator.py for tasks to queue
[2025-01-18T00:17:04.448+0000] {logging_mixin.py:151} INFO - [2025-01-18T00:17:04.447+0000] {dagbag.py:539} INFO - Filling up the DagBag from /home/airflow/.local/lib/python3.8/site-packages/airflow/example_dags/example_task_group_decorator.py
[2025-01-18T00:17:04.469+0000] {processor.py:839} INFO - DAG(s) dict_keys(['example_task_group_decorator']) retrieved from /home/airflow/.local/lib/python3.8/site-packages/airflow/example_dags/example_task_group_decorator.py
[2025-01-18T00:17:04.506+0000] {logging_mixin.py:151} INFO - [2025-01-18T00:17:04.506+0000] {dag.py:2907} INFO - Sync 1 DAGs
[2025-01-18T00:17:04.538+0000] {logging_mixin.py:151} INFO - [2025-01-18T00:17:04.538+0000] {dag.py:3677} INFO - Setting next_dagrun for example_task_group_decorator to 2025-01-17T00:17:04.538272+00:00, run_after=2025-01-18T00:17:04.538272+00:00
[2025-01-18T00:17:04.566+0000] {processor.py:179} INFO - Processing /home/airflow/.local/lib/python3.8/site-packages/airflow/example_dags/example_task_group_decorator.py took 0.128 seconds
[2025-01-18T00:17:38.555+0000] {processor.py:157} INFO - Started process (PID=635) to work on /home/airflow/.local/lib/python3.8/site-packages/airflow/example_dags/example_task_group_decorator.py
[2025-01-18T00:17:38.558+0000] {processor.py:829} INFO - Processing file /home/airflow/.local/lib/python3.8/site-packages/airflow/example_dags/example_task_group_decorator.py for tasks to queue
[2025-01-18T00:17:38.564+0000] {logging_mixin.py:151} INFO - [2025-01-18T00:17:38.563+0000] {dagbag.py:539} INFO - Filling up the DagBag from /home/airflow/.local/lib/python3.8/site-packages/airflow/example_dags/example_task_group_decorator.py
[2025-01-18T00:17:38.627+0000] {processor.py:839} INFO - DAG(s) dict_keys(['example_task_group_decorator']) retrieved from /home/airflow/.local/lib/python3.8/site-packages/airflow/example_dags/example_task_group_decorator.py
[2025-01-18T00:17:38.707+0000] {logging_mixin.py:151} INFO - [2025-01-18T00:17:38.707+0000] {dag.py:2907} INFO - Sync 1 DAGs
[2025-01-18T00:17:38.761+0000] {logging_mixin.py:151} INFO - [2025-01-18T00:17:38.761+0000] {dag.py:3677} INFO - Setting next_dagrun for example_task_group_decorator to 2025-01-17T00:17:38.761042+00:00, run_after=2025-01-18T00:17:38.761042+00:00
[2025-01-18T00:17:38.816+0000] {processor.py:179} INFO - Processing /home/airflow/.local/lib/python3.8/site-packages/airflow/example_dags/example_task_group_decorator.py took 0.268 seconds
[2025-01-18T00:18:09.008+0000] {processor.py:157} INFO - Started process (PID=721) to work on /home/airflow/.local/lib/python3.8/site-packages/airflow/example_dags/example_task_group_decorator.py
[2025-01-18T00:18:09.010+0000] {processor.py:829} INFO - Processing file /home/airflow/.local/lib/python3.8/site-packages/airflow/example_dags/example_task_group_decorator.py for tasks to queue
[2025-01-18T00:18:09.015+0000] {logging_mixin.py:151} INFO - [2025-01-18T00:18:09.014+0000] {dagbag.py:539} INFO - Filling up the DagBag from /home/airflow/.local/lib/python3.8/site-packages/airflow/example_dags/example_task_group_decorator.py
[2025-01-18T00:18:09.045+0000] {processor.py:839} INFO - DAG(s) dict_keys(['example_task_group_decorator']) retrieved from /home/airflow/.local/lib/python3.8/site-packages/airflow/example_dags/example_task_group_decorator.py
[2025-01-18T00:18:09.096+0000] {logging_mixin.py:151} INFO - [2025-01-18T00:18:09.095+0000] {dag.py:2907} INFO - Sync 1 DAGs
[2025-01-18T00:18:09.143+0000] {logging_mixin.py:151} INFO - [2025-01-18T00:18:09.143+0000] {dag.py:3677} INFO - Setting next_dagrun for example_task_group_decorator to 2025-01-17T00:18:09.143154+00:00, run_after=2025-01-18T00:18:09.143154+00:00
[2025-01-18T00:18:09.187+0000] {processor.py:179} INFO - Processing /home/airflow/.local/lib/python3.8/site-packages/airflow/example_dags/example_task_group_decorator.py took 0.184 seconds
[2025-01-18T00:18:40.038+0000] {processor.py:157} INFO - Started process (PID=796) to work on /home/airflow/.local/lib/python3.8/site-packages/airflow/example_dags/example_task_group_decorator.py
[2025-01-18T00:18:40.040+0000] {processor.py:829} INFO - Processing file /home/airflow/.local/lib/python3.8/site-packages/airflow/example_dags/example_task_group_decorator.py for tasks to queue
[2025-01-18T00:18:40.049+0000] {logging_mixin.py:151} INFO - [2025-01-18T00:18:40.048+0000] {dagbag.py:539} INFO - Filling up the DagBag from /home/airflow/.local/lib/python3.8/site-packages/airflow/example_dags/example_task_group_decorator.py
[2025-01-18T00:18:40.119+0000] {processor.py:839} INFO - DAG(s) dict_keys(['example_task_group_decorator']) retrieved from /home/airflow/.local/lib/python3.8/site-packages/airflow/example_dags/example_task_group_decorator.py
[2025-01-18T00:18:40.201+0000] {logging_mixin.py:151} INFO - [2025-01-18T00:18:40.201+0000] {dag.py:2907} INFO - Sync 1 DAGs
[2025-01-18T00:18:40.256+0000] {logging_mixin.py:151} INFO - [2025-01-18T00:18:40.256+0000] {dag.py:3677} INFO - Setting next_dagrun for example_task_group_decorator to 2025-01-17T00:18:40.255722+00:00, run_after=2025-01-18T00:18:40.255722+00:00
[2025-01-18T00:18:40.299+0000] {processor.py:179} INFO - Processing /home/airflow/.local/lib/python3.8/site-packages/airflow/example_dags/example_task_group_decorator.py took 0.270 seconds
[2025-01-18T00:19:10.584+0000] {processor.py:157} INFO - Started process (PID=874) to work on /home/airflow/.local/lib/python3.8/site-packages/airflow/example_dags/example_task_group_decorator.py
[2025-01-18T00:19:10.586+0000] {processor.py:829} INFO - Processing file /home/airflow/.local/lib/python3.8/site-packages/airflow/example_dags/example_task_group_decorator.py for tasks to queue
[2025-01-18T00:19:10.590+0000] {logging_mixin.py:151} INFO - [2025-01-18T00:19:10.589+0000] {dagbag.py:539} INFO - Filling up the DagBag from /home/airflow/.local/lib/python3.8/site-packages/airflow/example_dags/example_task_group_decorator.py
[2025-01-18T00:19:10.618+0000] {processor.py:839} INFO - DAG(s) dict_keys(['example_task_group_decorator']) retrieved from /home/airflow/.local/lib/python3.8/site-packages/airflow/example_dags/example_task_group_decorator.py
[2025-01-18T00:19:10.664+0000] {logging_mixin.py:151} INFO - [2025-01-18T00:19:10.663+0000] {dag.py:2907} INFO - Sync 1 DAGs
[2025-01-18T00:19:10.716+0000] {logging_mixin.py:151} INFO - [2025-01-18T00:19:10.714+0000] {dag.py:3677} INFO - Setting next_dagrun for example_task_group_decorator to 2025-01-17T00:19:10.714125+00:00, run_after=2025-01-18T00:19:10.714125+00:00
[2025-01-18T00:19:10.757+0000] {processor.py:179} INFO - Processing /home/airflow/.local/lib/python3.8/site-packages/airflow/example_dags/example_task_group_decorator.py took 0.178 seconds
[2025-01-18T00:19:40.869+0000] {processor.py:157} INFO - Started process (PID=960) to work on /home/airflow/.local/lib/python3.8/site-packages/airflow/example_dags/example_task_group_decorator.py
[2025-01-18T00:19:40.870+0000] {processor.py:829} INFO - Processing file /home/airflow/.local/lib/python3.8/site-packages/airflow/example_dags/example_task_group_decorator.py for tasks to queue
[2025-01-18T00:19:40.874+0000] {logging_mixin.py:151} INFO - [2025-01-18T00:19:40.874+0000] {dagbag.py:539} INFO - Filling up the DagBag from /home/airflow/.local/lib/python3.8/site-packages/airflow/example_dags/example_task_group_decorator.py
[2025-01-18T00:19:40.900+0000] {processor.py:839} INFO - DAG(s) dict_keys(['example_task_group_decorator']) retrieved from /home/airflow/.local/lib/python3.8/site-packages/airflow/example_dags/example_task_group_decorator.py
[2025-01-18T00:19:40.939+0000] {logging_mixin.py:151} INFO - [2025-01-18T00:19:40.939+0000] {dag.py:2907} INFO - Sync 1 DAGs
[2025-01-18T00:19:40.980+0000] {logging_mixin.py:151} INFO - [2025-01-18T00:19:40.980+0000] {dag.py:3677} INFO - Setting next_dagrun for example_task_group_decorator to 2025-01-17T00:19:40.979755+00:00, run_after=2025-01-18T00:19:40.979755+00:00
[2025-01-18T00:19:41.011+0000] {processor.py:179} INFO - Processing /home/airflow/.local/lib/python3.8/site-packages/airflow/example_dags/example_task_group_decorator.py took 0.146 seconds
[2025-01-18T00:20:11.202+0000] {processor.py:157} INFO - Started process (PID=1046) to work on /home/airflow/.local/lib/python3.8/site-packages/airflow/example_dags/example_task_group_decorator.py
[2025-01-18T00:20:11.204+0000] {processor.py:829} INFO - Processing file /home/airflow/.local/lib/python3.8/site-packages/airflow/example_dags/example_task_group_decorator.py for tasks to queue
[2025-01-18T00:20:11.207+0000] {logging_mixin.py:151} INFO - [2025-01-18T00:20:11.207+0000] {dagbag.py:539} INFO - Filling up the DagBag from /home/airflow/.local/lib/python3.8/site-packages/airflow/example_dags/example_task_group_decorator.py
[2025-01-18T00:20:11.227+0000] {processor.py:839} INFO - DAG(s) dict_keys(['example_task_group_decorator']) retrieved from /home/airflow/.local/lib/python3.8/site-packages/airflow/example_dags/example_task_group_decorator.py
[2025-01-18T00:20:11.261+0000] {logging_mixin.py:151} INFO - [2025-01-18T00:20:11.260+0000] {dag.py:2907} INFO - Sync 1 DAGs
[2025-01-18T00:20:11.288+0000] {logging_mixin.py:151} INFO - [2025-01-18T00:20:11.288+0000] {dag.py:3677} INFO - Setting next_dagrun for example_task_group_decorator to 2025-01-17T00:20:11.287974+00:00, run_after=2025-01-18T00:20:11.287974+00:00
[2025-01-18T00:20:11.314+0000] {processor.py:179} INFO - Processing /home/airflow/.local/lib/python3.8/site-packages/airflow/example_dags/example_task_group_decorator.py took 0.115 seconds
[2025-01-18T00:20:42.054+0000] {processor.py:157} INFO - Started process (PID=1132) to work on /home/airflow/.local/lib/python3.8/site-packages/airflow/example_dags/example_task_group_decorator.py
[2025-01-18T00:20:42.055+0000] {processor.py:829} INFO - Processing file /home/airflow/.local/lib/python3.8/site-packages/airflow/example_dags/example_task_group_decorator.py for tasks to queue
[2025-01-18T00:20:42.059+0000] {logging_mixin.py:151} INFO - [2025-01-18T00:20:42.059+0000] {dagbag.py:539} INFO - Filling up the DagBag from /home/airflow/.local/lib/python3.8/site-packages/airflow/example_dags/example_task_group_decorator.py
[2025-01-18T00:20:42.084+0000] {processor.py:839} INFO - DAG(s) dict_keys(['example_task_group_decorator']) retrieved from /home/airflow/.local/lib/python3.8/site-packages/airflow/example_dags/example_task_group_decorator.py
[2025-01-18T00:20:42.126+0000] {logging_mixin.py:151} INFO - [2025-01-18T00:20:42.125+0000] {dag.py:2907} INFO - Sync 1 DAGs
[2025-01-18T00:20:42.173+0000] {logging_mixin.py:151} INFO - [2025-01-18T00:20:42.173+0000] {dag.py:3677} INFO - Setting next_dagrun for example_task_group_decorator to 2025-01-17T00:20:42.172970+00:00, run_after=2025-01-18T00:20:42.172970+00:00
[2025-01-18T00:20:42.209+0000] {processor.py:179} INFO - Processing /home/airflow/.local/lib/python3.8/site-packages/airflow/example_dags/example_task_group_decorator.py took 0.160 seconds
[2025-01-18T00:21:12.520+0000] {processor.py:157} INFO - Started process (PID=1218) to work on /home/airflow/.local/lib/python3.8/site-packages/airflow/example_dags/example_task_group_decorator.py
[2025-01-18T00:21:12.521+0000] {processor.py:829} INFO - Processing file /home/airflow/.local/lib/python3.8/site-packages/airflow/example_dags/example_task_group_decorator.py for tasks to queue
[2025-01-18T00:21:12.525+0000] {logging_mixin.py:151} INFO - [2025-01-18T00:21:12.524+0000] {dagbag.py:539} INFO - Filling up the DagBag from /home/airflow/.local/lib/python3.8/site-packages/airflow/example_dags/example_task_group_decorator.py
[2025-01-18T00:21:12.555+0000] {processor.py:839} INFO - DAG(s) dict_keys(['example_task_group_decorator']) retrieved from /home/airflow/.local/lib/python3.8/site-packages/airflow/example_dags/example_task_group_decorator.py
[2025-01-18T00:21:12.648+0000] {logging_mixin.py:151} INFO - [2025-01-18T00:21:12.648+0000] {dag.py:2907} INFO - Sync 1 DAGs
[2025-01-18T00:21:12.689+0000] {logging_mixin.py:151} INFO - [2025-01-18T00:21:12.689+0000] {dag.py:3677} INFO - Setting next_dagrun for example_task_group_decorator to 2025-01-17T00:21:12.689001+00:00, run_after=2025-01-18T00:21:12.689001+00:00
[2025-01-18T00:21:12.722+0000] {processor.py:179} INFO - Processing /home/airflow/.local/lib/python3.8/site-packages/airflow/example_dags/example_task_group_decorator.py took 0.207 seconds
[2025-01-18T00:32:06.653+0000] {processor.py:157} INFO - Started process (PID=150) to work on /home/airflow/.local/lib/python3.8/site-packages/airflow/example_dags/example_task_group_decorator.py
[2025-01-18T00:32:06.655+0000] {processor.py:829} INFO - Processing file /home/airflow/.local/lib/python3.8/site-packages/airflow/example_dags/example_task_group_decorator.py for tasks to queue
[2025-01-18T00:32:06.662+0000] {logging_mixin.py:151} INFO - [2025-01-18T00:32:06.661+0000] {dagbag.py:539} INFO - Filling up the DagBag from /home/airflow/.local/lib/python3.8/site-packages/airflow/example_dags/example_task_group_decorator.py
[2025-01-18T00:32:06.700+0000] {processor.py:839} INFO - DAG(s) dict_keys(['example_task_group_decorator']) retrieved from /home/airflow/.local/lib/python3.8/site-packages/airflow/example_dags/example_task_group_decorator.py
[2025-01-18T00:32:06.768+0000] {logging_mixin.py:151} INFO - [2025-01-18T00:32:06.768+0000] {dag.py:2907} INFO - Sync 1 DAGs
[2025-01-18T00:32:06.815+0000] {logging_mixin.py:151} INFO - [2025-01-18T00:32:06.814+0000] {dag.py:3677} INFO - Setting next_dagrun for example_task_group_decorator to 2025-01-17T00:32:06.814424+00:00, run_after=2025-01-18T00:32:06.814424+00:00
[2025-01-18T00:32:06.846+0000] {processor.py:179} INFO - Processing /home/airflow/.local/lib/python3.8/site-packages/airflow/example_dags/example_task_group_decorator.py took 0.200 seconds
[2025-01-18T00:32:36.958+0000] {processor.py:157} INFO - Started process (PID=235) to work on /home/airflow/.local/lib/python3.8/site-packages/airflow/example_dags/example_task_group_decorator.py
[2025-01-18T00:32:36.959+0000] {processor.py:829} INFO - Processing file /home/airflow/.local/lib/python3.8/site-packages/airflow/example_dags/example_task_group_decorator.py for tasks to queue
[2025-01-18T00:32:36.962+0000] {logging_mixin.py:151} INFO - [2025-01-18T00:32:36.962+0000] {dagbag.py:539} INFO - Filling up the DagBag from /home/airflow/.local/lib/python3.8/site-packages/airflow/example_dags/example_task_group_decorator.py
[2025-01-18T00:32:36.986+0000] {processor.py:839} INFO - DAG(s) dict_keys(['example_task_group_decorator']) retrieved from /home/airflow/.local/lib/python3.8/site-packages/airflow/example_dags/example_task_group_decorator.py
[2025-01-18T00:32:37.027+0000] {logging_mixin.py:151} INFO - [2025-01-18T00:32:37.027+0000] {dag.py:2907} INFO - Sync 1 DAGs
[2025-01-18T00:32:37.060+0000] {logging_mixin.py:151} INFO - [2025-01-18T00:32:37.060+0000] {dag.py:3677} INFO - Setting next_dagrun for example_task_group_decorator to 2025-01-17T00:32:37.059895+00:00, run_after=2025-01-18T00:32:37.059895+00:00
[2025-01-18T00:32:37.092+0000] {processor.py:179} INFO - Processing /home/airflow/.local/lib/python3.8/site-packages/airflow/example_dags/example_task_group_decorator.py took 0.139 seconds
[2025-01-18T00:54:46.020+0000] {processor.py:157} INFO - Started process (PID=129) to work on /home/airflow/.local/lib/python3.8/site-packages/airflow/example_dags/example_task_group_decorator.py
[2025-01-18T00:54:46.022+0000] {processor.py:829} INFO - Processing file /home/airflow/.local/lib/python3.8/site-packages/airflow/example_dags/example_task_group_decorator.py for tasks to queue
[2025-01-18T00:54:46.025+0000] {logging_mixin.py:151} INFO - [2025-01-18T00:54:46.025+0000] {dagbag.py:539} INFO - Filling up the DagBag from /home/airflow/.local/lib/python3.8/site-packages/airflow/example_dags/example_task_group_decorator.py
[2025-01-18T00:54:46.046+0000] {processor.py:839} INFO - DAG(s) dict_keys(['example_task_group_decorator']) retrieved from /home/airflow/.local/lib/python3.8/site-packages/airflow/example_dags/example_task_group_decorator.py
[2025-01-18T00:54:46.079+0000] {logging_mixin.py:151} INFO - [2025-01-18T00:54:46.079+0000] {dag.py:2907} INFO - Sync 1 DAGs
[2025-01-18T00:54:46.108+0000] {logging_mixin.py:151} INFO - [2025-01-18T00:54:46.107+0000] {dag.py:3677} INFO - Setting next_dagrun for example_task_group_decorator to 2025-01-17T00:54:46.107574+00:00, run_after=2025-01-18T00:54:46.107574+00:00
[2025-01-18T00:54:46.132+0000] {processor.py:179} INFO - Processing /home/airflow/.local/lib/python3.8/site-packages/airflow/example_dags/example_task_group_decorator.py took 0.116 seconds
[2025-01-18T00:55:17.853+0000] {processor.py:157} INFO - Started process (PID=215) to work on /home/airflow/.local/lib/python3.8/site-packages/airflow/example_dags/example_task_group_decorator.py
[2025-01-18T00:55:17.855+0000] {processor.py:829} INFO - Processing file /home/airflow/.local/lib/python3.8/site-packages/airflow/example_dags/example_task_group_decorator.py for tasks to queue
[2025-01-18T00:55:17.860+0000] {logging_mixin.py:151} INFO - [2025-01-18T00:55:17.860+0000] {dagbag.py:539} INFO - Filling up the DagBag from /home/airflow/.local/lib/python3.8/site-packages/airflow/example_dags/example_task_group_decorator.py
[2025-01-18T00:55:17.885+0000] {processor.py:839} INFO - DAG(s) dict_keys(['example_task_group_decorator']) retrieved from /home/airflow/.local/lib/python3.8/site-packages/airflow/example_dags/example_task_group_decorator.py
[2025-01-18T00:55:17.929+0000] {logging_mixin.py:151} INFO - [2025-01-18T00:55:17.929+0000] {dag.py:2907} INFO - Sync 1 DAGs
[2025-01-18T00:55:17.968+0000] {logging_mixin.py:151} INFO - [2025-01-18T00:55:17.967+0000] {dag.py:3677} INFO - Setting next_dagrun for example_task_group_decorator to 2025-01-17T00:55:17.967527+00:00, run_after=2025-01-18T00:55:17.967527+00:00
[2025-01-18T00:55:17.991+0000] {processor.py:179} INFO - Processing /home/airflow/.local/lib/python3.8/site-packages/airflow/example_dags/example_task_group_decorator.py took 0.144 seconds
[2025-01-18T00:55:48.662+0000] {processor.py:157} INFO - Started process (PID=290) to work on /home/airflow/.local/lib/python3.8/site-packages/airflow/example_dags/example_task_group_decorator.py
[2025-01-18T00:55:48.663+0000] {processor.py:829} INFO - Processing file /home/airflow/.local/lib/python3.8/site-packages/airflow/example_dags/example_task_group_decorator.py for tasks to queue
[2025-01-18T00:55:48.667+0000] {logging_mixin.py:151} INFO - [2025-01-18T00:55:48.666+0000] {dagbag.py:539} INFO - Filling up the DagBag from /home/airflow/.local/lib/python3.8/site-packages/airflow/example_dags/example_task_group_decorator.py
[2025-01-18T00:55:48.692+0000] {processor.py:839} INFO - DAG(s) dict_keys(['example_task_group_decorator']) retrieved from /home/airflow/.local/lib/python3.8/site-packages/airflow/example_dags/example_task_group_decorator.py
[2025-01-18T00:55:48.742+0000] {logging_mixin.py:151} INFO - [2025-01-18T00:55:48.742+0000] {dag.py:2907} INFO - Sync 1 DAGs
[2025-01-18T00:55:48.796+0000] {logging_mixin.py:151} INFO - [2025-01-18T00:55:48.796+0000] {dag.py:3677} INFO - Setting next_dagrun for example_task_group_decorator to 2025-01-17T00:55:48.795867+00:00, run_after=2025-01-18T00:55:48.795867+00:00
[2025-01-18T00:55:48.833+0000] {processor.py:179} INFO - Processing /home/airflow/.local/lib/python3.8/site-packages/airflow/example_dags/example_task_group_decorator.py took 0.177 seconds
[2025-01-18T00:56:19.280+0000] {processor.py:157} INFO - Started process (PID=376) to work on /home/airflow/.local/lib/python3.8/site-packages/airflow/example_dags/example_task_group_decorator.py
[2025-01-18T00:56:19.282+0000] {processor.py:829} INFO - Processing file /home/airflow/.local/lib/python3.8/site-packages/airflow/example_dags/example_task_group_decorator.py for tasks to queue
[2025-01-18T00:56:19.287+0000] {logging_mixin.py:151} INFO - [2025-01-18T00:56:19.286+0000] {dagbag.py:539} INFO - Filling up the DagBag from /home/airflow/.local/lib/python3.8/site-packages/airflow/example_dags/example_task_group_decorator.py
[2025-01-18T00:56:19.322+0000] {processor.py:839} INFO - DAG(s) dict_keys(['example_task_group_decorator']) retrieved from /home/airflow/.local/lib/python3.8/site-packages/airflow/example_dags/example_task_group_decorator.py
[2025-01-18T00:56:19.393+0000] {logging_mixin.py:151} INFO - [2025-01-18T00:56:19.392+0000] {dag.py:2907} INFO - Sync 1 DAGs
[2025-01-18T00:56:19.469+0000] {logging_mixin.py:151} INFO - [2025-01-18T00:56:19.468+0000] {dag.py:3677} INFO - Setting next_dagrun for example_task_group_decorator to 2025-01-17T00:56:19.467523+00:00, run_after=2025-01-18T00:56:19.467523+00:00
[2025-01-18T00:56:19.506+0000] {processor.py:179} INFO - Processing /home/airflow/.local/lib/python3.8/site-packages/airflow/example_dags/example_task_group_decorator.py took 0.233 seconds
[2025-01-18T00:56:49.742+0000] {processor.py:157} INFO - Started process (PID=455) to work on /home/airflow/.local/lib/python3.8/site-packages/airflow/example_dags/example_task_group_decorator.py
[2025-01-18T00:56:49.744+0000] {processor.py:829} INFO - Processing file /home/airflow/.local/lib/python3.8/site-packages/airflow/example_dags/example_task_group_decorator.py for tasks to queue
[2025-01-18T00:56:49.747+0000] {logging_mixin.py:151} INFO - [2025-01-18T00:56:49.747+0000] {dagbag.py:539} INFO - Filling up the DagBag from /home/airflow/.local/lib/python3.8/site-packages/airflow/example_dags/example_task_group_decorator.py
[2025-01-18T00:56:49.777+0000] {processor.py:839} INFO - DAG(s) dict_keys(['example_task_group_decorator']) retrieved from /home/airflow/.local/lib/python3.8/site-packages/airflow/example_dags/example_task_group_decorator.py
[2025-01-18T00:56:49.816+0000] {logging_mixin.py:151} INFO - [2025-01-18T00:56:49.816+0000] {dag.py:2907} INFO - Sync 1 DAGs
[2025-01-18T00:56:49.852+0000] {logging_mixin.py:151} INFO - [2025-01-18T00:56:49.852+0000] {dag.py:3677} INFO - Setting next_dagrun for example_task_group_decorator to 2025-01-17T00:56:49.852206+00:00, run_after=2025-01-18T00:56:49.852206+00:00
[2025-01-18T00:56:49.878+0000] {processor.py:179} INFO - Processing /home/airflow/.local/lib/python3.8/site-packages/airflow/example_dags/example_task_group_decorator.py took 0.140 seconds
[2025-01-18T00:57:20.189+0000] {processor.py:157} INFO - Started process (PID=540) to work on /home/airflow/.local/lib/python3.8/site-packages/airflow/example_dags/example_task_group_decorator.py
[2025-01-18T00:57:20.190+0000] {processor.py:829} INFO - Processing file /home/airflow/.local/lib/python3.8/site-packages/airflow/example_dags/example_task_group_decorator.py for tasks to queue
[2025-01-18T00:57:20.195+0000] {logging_mixin.py:151} INFO - [2025-01-18T00:57:20.194+0000] {dagbag.py:539} INFO - Filling up the DagBag from /home/airflow/.local/lib/python3.8/site-packages/airflow/example_dags/example_task_group_decorator.py
[2025-01-18T00:57:20.219+0000] {processor.py:839} INFO - DAG(s) dict_keys(['example_task_group_decorator']) retrieved from /home/airflow/.local/lib/python3.8/site-packages/airflow/example_dags/example_task_group_decorator.py
[2025-01-18T00:57:20.265+0000] {logging_mixin.py:151} INFO - [2025-01-18T00:57:20.265+0000] {dag.py:2907} INFO - Sync 1 DAGs
[2025-01-18T00:57:20.305+0000] {logging_mixin.py:151} INFO - [2025-01-18T00:57:20.305+0000] {dag.py:3677} INFO - Setting next_dagrun for example_task_group_decorator to 2025-01-17T00:57:20.304882+00:00, run_after=2025-01-18T00:57:20.304882+00:00
[2025-01-18T00:57:20.335+0000] {processor.py:179} INFO - Processing /home/airflow/.local/lib/python3.8/site-packages/airflow/example_dags/example_task_group_decorator.py took 0.152 seconds
[2025-01-18T00:57:50.957+0000] {processor.py:157} INFO - Started process (PID=615) to work on /home/airflow/.local/lib/python3.8/site-packages/airflow/example_dags/example_task_group_decorator.py
[2025-01-18T00:57:50.959+0000] {processor.py:829} INFO - Processing file /home/airflow/.local/lib/python3.8/site-packages/airflow/example_dags/example_task_group_decorator.py for tasks to queue
[2025-01-18T00:57:50.965+0000] {logging_mixin.py:151} INFO - [2025-01-18T00:57:50.964+0000] {dagbag.py:539} INFO - Filling up the DagBag from /home/airflow/.local/lib/python3.8/site-packages/airflow/example_dags/example_task_group_decorator.py
[2025-01-18T00:57:51.001+0000] {processor.py:839} INFO - DAG(s) dict_keys(['example_task_group_decorator']) retrieved from /home/airflow/.local/lib/python3.8/site-packages/airflow/example_dags/example_task_group_decorator.py
[2025-01-18T00:57:51.055+0000] {logging_mixin.py:151} INFO - [2025-01-18T00:57:51.055+0000] {dag.py:2907} INFO - Sync 1 DAGs
[2025-01-18T00:57:51.098+0000] {logging_mixin.py:151} INFO - [2025-01-18T00:57:51.097+0000] {dag.py:3677} INFO - Setting next_dagrun for example_task_group_decorator to 2025-01-17T00:57:51.097180+00:00, run_after=2025-01-18T00:57:51.097180+00:00
[2025-01-18T00:57:51.129+0000] {processor.py:179} INFO - Processing /home/airflow/.local/lib/python3.8/site-packages/airflow/example_dags/example_task_group_decorator.py took 0.177 seconds
[2025-01-18T00:58:21.957+0000] {processor.py:157} INFO - Started process (PID=693) to work on /home/airflow/.local/lib/python3.8/site-packages/airflow/example_dags/example_task_group_decorator.py
[2025-01-18T00:58:21.959+0000] {processor.py:829} INFO - Processing file /home/airflow/.local/lib/python3.8/site-packages/airflow/example_dags/example_task_group_decorator.py for tasks to queue
[2025-01-18T00:58:21.967+0000] {logging_mixin.py:151} INFO - [2025-01-18T00:58:21.966+0000] {dagbag.py:539} INFO - Filling up the DagBag from /home/airflow/.local/lib/python3.8/site-packages/airflow/example_dags/example_task_group_decorator.py
[2025-01-18T00:58:22.014+0000] {processor.py:839} INFO - DAG(s) dict_keys(['example_task_group_decorator']) retrieved from /home/airflow/.local/lib/python3.8/site-packages/airflow/example_dags/example_task_group_decorator.py
[2025-01-18T00:58:22.129+0000] {logging_mixin.py:151} INFO - [2025-01-18T00:58:22.129+0000] {dag.py:2907} INFO - Sync 1 DAGs
[2025-01-18T00:58:22.206+0000] {logging_mixin.py:151} INFO - [2025-01-18T00:58:22.205+0000] {dag.py:3677} INFO - Setting next_dagrun for example_task_group_decorator to 2025-01-17T00:58:22.205364+00:00, run_after=2025-01-18T00:58:22.205364+00:00
[2025-01-18T00:58:22.259+0000] {processor.py:179} INFO - Processing /home/airflow/.local/lib/python3.8/site-packages/airflow/example_dags/example_task_group_decorator.py took 0.309 seconds
[2025-01-18T00:59:08.795+0000] {processor.py:157} INFO - Started process (PID=793) to work on /home/airflow/.local/lib/python3.8/site-packages/airflow/example_dags/example_task_group_decorator.py
[2025-01-18T00:59:08.797+0000] {processor.py:829} INFO - Processing file /home/airflow/.local/lib/python3.8/site-packages/airflow/example_dags/example_task_group_decorator.py for tasks to queue
[2025-01-18T00:59:08.805+0000] {logging_mixin.py:151} INFO - [2025-01-18T00:59:08.804+0000] {dagbag.py:539} INFO - Filling up the DagBag from /home/airflow/.local/lib/python3.8/site-packages/airflow/example_dags/example_task_group_decorator.py
[2025-01-18T00:59:08.926+0000] {processor.py:839} INFO - DAG(s) dict_keys(['example_task_group_decorator']) retrieved from /home/airflow/.local/lib/python3.8/site-packages/airflow/example_dags/example_task_group_decorator.py
[2025-01-18T00:59:09.025+0000] {logging_mixin.py:151} INFO - [2025-01-18T00:59:09.025+0000] {dag.py:2907} INFO - Sync 1 DAGs
[2025-01-18T00:59:09.128+0000] {logging_mixin.py:151} INFO - [2025-01-18T00:59:09.127+0000] {dag.py:3677} INFO - Setting next_dagrun for example_task_group_decorator to 2025-01-17T00:59:09.127000+00:00, run_after=2025-01-18T00:59:09.127000+00:00
[2025-01-18T00:59:09.203+0000] {processor.py:179} INFO - Processing /home/airflow/.local/lib/python3.8/site-packages/airflow/example_dags/example_task_group_decorator.py took 0.416 seconds
[2025-01-18T00:59:39.397+0000] {processor.py:157} INFO - Started process (PID=871) to work on /home/airflow/.local/lib/python3.8/site-packages/airflow/example_dags/example_task_group_decorator.py
[2025-01-18T00:59:39.400+0000] {processor.py:829} INFO - Processing file /home/airflow/.local/lib/python3.8/site-packages/airflow/example_dags/example_task_group_decorator.py for tasks to queue
[2025-01-18T00:59:39.406+0000] {logging_mixin.py:151} INFO - [2025-01-18T00:59:39.405+0000] {dagbag.py:539} INFO - Filling up the DagBag from /home/airflow/.local/lib/python3.8/site-packages/airflow/example_dags/example_task_group_decorator.py
[2025-01-18T00:59:39.447+0000] {processor.py:839} INFO - DAG(s) dict_keys(['example_task_group_decorator']) retrieved from /home/airflow/.local/lib/python3.8/site-packages/airflow/example_dags/example_task_group_decorator.py
[2025-01-18T00:59:39.516+0000] {logging_mixin.py:151} INFO - [2025-01-18T00:59:39.516+0000] {dag.py:2907} INFO - Sync 1 DAGs
[2025-01-18T00:59:39.570+0000] {logging_mixin.py:151} INFO - [2025-01-18T00:59:39.570+0000] {dag.py:3677} INFO - Setting next_dagrun for example_task_group_decorator to 2025-01-17T00:59:39.569843+00:00, run_after=2025-01-18T00:59:39.569843+00:00
[2025-01-18T00:59:39.607+0000] {processor.py:179} INFO - Processing /home/airflow/.local/lib/python3.8/site-packages/airflow/example_dags/example_task_group_decorator.py took 0.217 seconds
[2025-01-18T01:00:10.001+0000] {processor.py:157} INFO - Started process (PID=957) to work on /home/airflow/.local/lib/python3.8/site-packages/airflow/example_dags/example_task_group_decorator.py
[2025-01-18T01:00:10.002+0000] {processor.py:829} INFO - Processing file /home/airflow/.local/lib/python3.8/site-packages/airflow/example_dags/example_task_group_decorator.py for tasks to queue
[2025-01-18T01:00:10.006+0000] {logging_mixin.py:151} INFO - [2025-01-18T01:00:10.006+0000] {dagbag.py:539} INFO - Filling up the DagBag from /home/airflow/.local/lib/python3.8/site-packages/airflow/example_dags/example_task_group_decorator.py
[2025-01-18T01:00:10.043+0000] {processor.py:839} INFO - DAG(s) dict_keys(['example_task_group_decorator']) retrieved from /home/airflow/.local/lib/python3.8/site-packages/airflow/example_dags/example_task_group_decorator.py
[2025-01-18T01:00:10.086+0000] {logging_mixin.py:151} INFO - [2025-01-18T01:00:10.086+0000] {dag.py:2907} INFO - Sync 1 DAGs
[2025-01-18T01:00:10.126+0000] {logging_mixin.py:151} INFO - [2025-01-18T01:00:10.125+0000] {dag.py:3677} INFO - Setting next_dagrun for example_task_group_decorator to 2025-01-17T01:00:10.125450+00:00, run_after=2025-01-18T01:00:10.125450+00:00
[2025-01-18T01:00:10.157+0000] {processor.py:179} INFO - Processing /home/airflow/.local/lib/python3.8/site-packages/airflow/example_dags/example_task_group_decorator.py took 0.162 seconds
[2025-01-18T01:00:40.562+0000] {processor.py:157} INFO - Started process (PID=1043) to work on /home/airflow/.local/lib/python3.8/site-packages/airflow/example_dags/example_task_group_decorator.py
[2025-01-18T01:00:40.564+0000] {processor.py:829} INFO - Processing file /home/airflow/.local/lib/python3.8/site-packages/airflow/example_dags/example_task_group_decorator.py for tasks to queue
[2025-01-18T01:00:40.569+0000] {logging_mixin.py:151} INFO - [2025-01-18T01:00:40.569+0000] {dagbag.py:539} INFO - Filling up the DagBag from /home/airflow/.local/lib/python3.8/site-packages/airflow/example_dags/example_task_group_decorator.py
[2025-01-18T01:00:40.609+0000] {processor.py:839} INFO - DAG(s) dict_keys(['example_task_group_decorator']) retrieved from /home/airflow/.local/lib/python3.8/site-packages/airflow/example_dags/example_task_group_decorator.py
[2025-01-18T01:00:40.680+0000] {logging_mixin.py:151} INFO - [2025-01-18T01:00:40.679+0000] {dag.py:2907} INFO - Sync 1 DAGs
[2025-01-18T01:00:40.754+0000] {logging_mixin.py:151} INFO - [2025-01-18T01:00:40.754+0000] {dag.py:3677} INFO - Setting next_dagrun for example_task_group_decorator to 2025-01-17T01:00:40.753448+00:00, run_after=2025-01-18T01:00:40.753448+00:00
[2025-01-18T01:00:40.811+0000] {processor.py:179} INFO - Processing /home/airflow/.local/lib/python3.8/site-packages/airflow/example_dags/example_task_group_decorator.py took 0.257 seconds
[2025-01-18T01:01:11.710+0000] {processor.py:157} INFO - Started process (PID=1118) to work on /home/airflow/.local/lib/python3.8/site-packages/airflow/example_dags/example_task_group_decorator.py
[2025-01-18T01:01:11.711+0000] {processor.py:829} INFO - Processing file /home/airflow/.local/lib/python3.8/site-packages/airflow/example_dags/example_task_group_decorator.py for tasks to queue
[2025-01-18T01:01:11.715+0000] {logging_mixin.py:151} INFO - [2025-01-18T01:01:11.714+0000] {dagbag.py:539} INFO - Filling up the DagBag from /home/airflow/.local/lib/python3.8/site-packages/airflow/example_dags/example_task_group_decorator.py
[2025-01-18T01:01:11.744+0000] {processor.py:839} INFO - DAG(s) dict_keys(['example_task_group_decorator']) retrieved from /home/airflow/.local/lib/python3.8/site-packages/airflow/example_dags/example_task_group_decorator.py
[2025-01-18T01:01:11.787+0000] {logging_mixin.py:151} INFO - [2025-01-18T01:01:11.787+0000] {dag.py:2907} INFO - Sync 1 DAGs
[2025-01-18T01:01:11.830+0000] {logging_mixin.py:151} INFO - [2025-01-18T01:01:11.829+0000] {dag.py:3677} INFO - Setting next_dagrun for example_task_group_decorator to 2025-01-17T01:01:11.829360+00:00, run_after=2025-01-18T01:01:11.829360+00:00
[2025-01-18T01:01:11.860+0000] {processor.py:179} INFO - Processing /home/airflow/.local/lib/python3.8/site-packages/airflow/example_dags/example_task_group_decorator.py took 0.155 seconds
[2025-01-18T01:01:42.639+0000] {processor.py:157} INFO - Started process (PID=1196) to work on /home/airflow/.local/lib/python3.8/site-packages/airflow/example_dags/example_task_group_decorator.py
[2025-01-18T01:01:42.640+0000] {processor.py:829} INFO - Processing file /home/airflow/.local/lib/python3.8/site-packages/airflow/example_dags/example_task_group_decorator.py for tasks to queue
[2025-01-18T01:01:42.642+0000] {logging_mixin.py:151} INFO - [2025-01-18T01:01:42.642+0000] {dagbag.py:539} INFO - Filling up the DagBag from /home/airflow/.local/lib/python3.8/site-packages/airflow/example_dags/example_task_group_decorator.py
[2025-01-18T01:01:42.659+0000] {processor.py:839} INFO - DAG(s) dict_keys(['example_task_group_decorator']) retrieved from /home/airflow/.local/lib/python3.8/site-packages/airflow/example_dags/example_task_group_decorator.py
[2025-01-18T01:01:42.687+0000] {logging_mixin.py:151} INFO - [2025-01-18T01:01:42.686+0000] {dag.py:2907} INFO - Sync 1 DAGs
[2025-01-18T01:01:42.711+0000] {logging_mixin.py:151} INFO - [2025-01-18T01:01:42.711+0000] {dag.py:3677} INFO - Setting next_dagrun for example_task_group_decorator to 2025-01-17T01:01:42.711174+00:00, run_after=2025-01-18T01:01:42.711174+00:00
[2025-01-18T01:01:42.730+0000] {processor.py:179} INFO - Processing /home/airflow/.local/lib/python3.8/site-packages/airflow/example_dags/example_task_group_decorator.py took 0.095 seconds
[2025-01-18T01:02:13.125+0000] {processor.py:157} INFO - Started process (PID=1302) to work on /home/airflow/.local/lib/python3.8/site-packages/airflow/example_dags/example_task_group_decorator.py
[2025-01-18T01:02:13.126+0000] {processor.py:829} INFO - Processing file /home/airflow/.local/lib/python3.8/site-packages/airflow/example_dags/example_task_group_decorator.py for tasks to queue
[2025-01-18T01:02:13.129+0000] {logging_mixin.py:151} INFO - [2025-01-18T01:02:13.129+0000] {dagbag.py:539} INFO - Filling up the DagBag from /home/airflow/.local/lib/python3.8/site-packages/airflow/example_dags/example_task_group_decorator.py
[2025-01-18T01:02:13.145+0000] {processor.py:839} INFO - DAG(s) dict_keys(['example_task_group_decorator']) retrieved from /home/airflow/.local/lib/python3.8/site-packages/airflow/example_dags/example_task_group_decorator.py
[2025-01-18T01:02:13.174+0000] {logging_mixin.py:151} INFO - [2025-01-18T01:02:13.174+0000] {dag.py:2907} INFO - Sync 1 DAGs
[2025-01-18T01:02:13.197+0000] {logging_mixin.py:151} INFO - [2025-01-18T01:02:13.197+0000] {dag.py:3677} INFO - Setting next_dagrun for example_task_group_decorator to 2025-01-17T01:02:13.197278+00:00, run_after=2025-01-18T01:02:13.197278+00:00
[2025-01-18T01:02:13.218+0000] {processor.py:179} INFO - Processing /home/airflow/.local/lib/python3.8/site-packages/airflow/example_dags/example_task_group_decorator.py took 0.096 seconds
[2025-01-18T13:40:33.464+0000] {processor.py:157} INFO - Started process (PID=129) to work on /home/airflow/.local/lib/python3.8/site-packages/airflow/example_dags/example_task_group_decorator.py
[2025-01-18T13:40:33.466+0000] {processor.py:829} INFO - Processing file /home/airflow/.local/lib/python3.8/site-packages/airflow/example_dags/example_task_group_decorator.py for tasks to queue
[2025-01-18T13:40:33.471+0000] {logging_mixin.py:151} INFO - [2025-01-18T13:40:33.471+0000] {dagbag.py:539} INFO - Filling up the DagBag from /home/airflow/.local/lib/python3.8/site-packages/airflow/example_dags/example_task_group_decorator.py
[2025-01-18T13:40:33.510+0000] {processor.py:839} INFO - DAG(s) dict_keys(['example_task_group_decorator']) retrieved from /home/airflow/.local/lib/python3.8/site-packages/airflow/example_dags/example_task_group_decorator.py
[2025-01-18T13:40:33.580+0000] {logging_mixin.py:151} INFO - [2025-01-18T13:40:33.580+0000] {dag.py:2907} INFO - Sync 1 DAGs
[2025-01-18T13:40:33.631+0000] {logging_mixin.py:151} INFO - [2025-01-18T13:40:33.631+0000] {dag.py:3677} INFO - Setting next_dagrun for example_task_group_decorator to 2025-01-17T13:40:33.630577+00:00, run_after=2025-01-18T13:40:33.630577+00:00
[2025-01-18T13:40:33.683+0000] {processor.py:179} INFO - Processing /home/airflow/.local/lib/python3.8/site-packages/airflow/example_dags/example_task_group_decorator.py took 0.226 seconds
[2025-01-18T13:41:04.429+0000] {processor.py:157} INFO - Started process (PID=215) to work on /home/airflow/.local/lib/python3.8/site-packages/airflow/example_dags/example_task_group_decorator.py
[2025-01-18T13:41:04.431+0000] {processor.py:829} INFO - Processing file /home/airflow/.local/lib/python3.8/site-packages/airflow/example_dags/example_task_group_decorator.py for tasks to queue
[2025-01-18T13:41:04.437+0000] {logging_mixin.py:151} INFO - [2025-01-18T13:41:04.436+0000] {dagbag.py:539} INFO - Filling up the DagBag from /home/airflow/.local/lib/python3.8/site-packages/airflow/example_dags/example_task_group_decorator.py
[2025-01-18T13:41:04.471+0000] {processor.py:839} INFO - DAG(s) dict_keys(['example_task_group_decorator']) retrieved from /home/airflow/.local/lib/python3.8/site-packages/airflow/example_dags/example_task_group_decorator.py
[2025-01-18T13:41:04.527+0000] {logging_mixin.py:151} INFO - [2025-01-18T13:41:04.526+0000] {dag.py:2907} INFO - Sync 1 DAGs
[2025-01-18T13:41:04.568+0000] {logging_mixin.py:151} INFO - [2025-01-18T13:41:04.567+0000] {dag.py:3677} INFO - Setting next_dagrun for example_task_group_decorator to 2025-01-17T13:41:04.567591+00:00, run_after=2025-01-18T13:41:04.567591+00:00
[2025-01-18T13:41:04.604+0000] {processor.py:179} INFO - Processing /home/airflow/.local/lib/python3.8/site-packages/airflow/example_dags/example_task_group_decorator.py took 0.181 seconds
[2025-01-18T13:41:34.896+0000] {processor.py:157} INFO - Started process (PID=291) to work on /home/airflow/.local/lib/python3.8/site-packages/airflow/example_dags/example_task_group_decorator.py
[2025-01-18T13:41:34.898+0000] {processor.py:829} INFO - Processing file /home/airflow/.local/lib/python3.8/site-packages/airflow/example_dags/example_task_group_decorator.py for tasks to queue
[2025-01-18T13:41:34.903+0000] {logging_mixin.py:151} INFO - [2025-01-18T13:41:34.902+0000] {dagbag.py:539} INFO - Filling up the DagBag from /home/airflow/.local/lib/python3.8/site-packages/airflow/example_dags/example_task_group_decorator.py
[2025-01-18T13:41:34.936+0000] {processor.py:839} INFO - DAG(s) dict_keys(['example_task_group_decorator']) retrieved from /home/airflow/.local/lib/python3.8/site-packages/airflow/example_dags/example_task_group_decorator.py
[2025-01-18T13:41:34.991+0000] {logging_mixin.py:151} INFO - [2025-01-18T13:41:34.991+0000] {dag.py:2907} INFO - Sync 1 DAGs
[2025-01-18T13:41:35.036+0000] {logging_mixin.py:151} INFO - [2025-01-18T13:41:35.035+0000] {dag.py:3677} INFO - Setting next_dagrun for example_task_group_decorator to 2025-01-17T13:41:35.035457+00:00, run_after=2025-01-18T13:41:35.035457+00:00
[2025-01-18T13:41:35.078+0000] {processor.py:179} INFO - Processing /home/airflow/.local/lib/python3.8/site-packages/airflow/example_dags/example_task_group_decorator.py took 0.189 seconds
[2025-01-18T13:42:06.054+0000] {processor.py:157} INFO - Started process (PID=369) to work on /home/airflow/.local/lib/python3.8/site-packages/airflow/example_dags/example_task_group_decorator.py
[2025-01-18T13:42:06.056+0000] {processor.py:829} INFO - Processing file /home/airflow/.local/lib/python3.8/site-packages/airflow/example_dags/example_task_group_decorator.py for tasks to queue
[2025-01-18T13:42:06.070+0000] {logging_mixin.py:151} INFO - [2025-01-18T13:42:06.069+0000] {dagbag.py:539} INFO - Filling up the DagBag from /home/airflow/.local/lib/python3.8/site-packages/airflow/example_dags/example_task_group_decorator.py
[2025-01-18T13:42:06.133+0000] {processor.py:839} INFO - DAG(s) dict_keys(['example_task_group_decorator']) retrieved from /home/airflow/.local/lib/python3.8/site-packages/airflow/example_dags/example_task_group_decorator.py
[2025-01-18T13:42:06.217+0000] {logging_mixin.py:151} INFO - [2025-01-18T13:42:06.217+0000] {dag.py:2907} INFO - Sync 1 DAGs
[2025-01-18T13:42:06.280+0000] {logging_mixin.py:151} INFO - [2025-01-18T13:42:06.279+0000] {dag.py:3677} INFO - Setting next_dagrun for example_task_group_decorator to 2025-01-17T13:42:06.279277+00:00, run_after=2025-01-18T13:42:06.279277+00:00
[2025-01-18T13:42:06.328+0000] {processor.py:179} INFO - Processing /home/airflow/.local/lib/python3.8/site-packages/airflow/example_dags/example_task_group_decorator.py took 0.289 seconds
[2025-01-18T13:42:36.648+0000] {processor.py:157} INFO - Started process (PID=455) to work on /home/airflow/.local/lib/python3.8/site-packages/airflow/example_dags/example_task_group_decorator.py
[2025-01-18T13:42:36.649+0000] {processor.py:829} INFO - Processing file /home/airflow/.local/lib/python3.8/site-packages/airflow/example_dags/example_task_group_decorator.py for tasks to queue
[2025-01-18T13:42:36.655+0000] {logging_mixin.py:151} INFO - [2025-01-18T13:42:36.655+0000] {dagbag.py:539} INFO - Filling up the DagBag from /home/airflow/.local/lib/python3.8/site-packages/airflow/example_dags/example_task_group_decorator.py
[2025-01-18T13:42:36.694+0000] {processor.py:839} INFO - DAG(s) dict_keys(['example_task_group_decorator']) retrieved from /home/airflow/.local/lib/python3.8/site-packages/airflow/example_dags/example_task_group_decorator.py
[2025-01-18T13:42:36.758+0000] {logging_mixin.py:151} INFO - [2025-01-18T13:42:36.758+0000] {dag.py:2907} INFO - Sync 1 DAGs
[2025-01-18T13:42:36.820+0000] {logging_mixin.py:151} INFO - [2025-01-18T13:42:36.819+0000] {dag.py:3677} INFO - Setting next_dagrun for example_task_group_decorator to 2025-01-17T13:42:36.818944+00:00, run_after=2025-01-18T13:42:36.818944+00:00
[2025-01-18T13:42:36.874+0000] {processor.py:179} INFO - Processing /home/airflow/.local/lib/python3.8/site-packages/airflow/example_dags/example_task_group_decorator.py took 0.233 seconds
[2025-01-18T13:43:09.934+0000] {processor.py:157} INFO - Started process (PID=529) to work on /home/airflow/.local/lib/python3.8/site-packages/airflow/example_dags/example_task_group_decorator.py
[2025-01-18T13:43:09.936+0000] {processor.py:829} INFO - Processing file /home/airflow/.local/lib/python3.8/site-packages/airflow/example_dags/example_task_group_decorator.py for tasks to queue
[2025-01-18T13:43:09.959+0000] {logging_mixin.py:151} INFO - [2025-01-18T13:43:09.958+0000] {dagbag.py:539} INFO - Filling up the DagBag from /home/airflow/.local/lib/python3.8/site-packages/airflow/example_dags/example_task_group_decorator.py
[2025-01-18T13:43:10.055+0000] {processor.py:839} INFO - DAG(s) dict_keys(['example_task_group_decorator']) retrieved from /home/airflow/.local/lib/python3.8/site-packages/airflow/example_dags/example_task_group_decorator.py
[2025-01-18T13:43:10.214+0000] {logging_mixin.py:151} INFO - [2025-01-18T13:43:10.214+0000] {dag.py:2907} INFO - Sync 1 DAGs
[2025-01-18T13:43:10.344+0000] {logging_mixin.py:151} INFO - [2025-01-18T13:43:10.343+0000] {dag.py:3677} INFO - Setting next_dagrun for example_task_group_decorator to 2025-01-17T13:43:10.343373+00:00, run_after=2025-01-18T13:43:10.343373+00:00
[2025-01-18T13:43:10.456+0000] {processor.py:179} INFO - Processing /home/airflow/.local/lib/python3.8/site-packages/airflow/example_dags/example_task_group_decorator.py took 0.537 seconds
[2025-01-18T13:43:40.726+0000] {processor.py:157} INFO - Started process (PID=608) to work on /home/airflow/.local/lib/python3.8/site-packages/airflow/example_dags/example_task_group_decorator.py
[2025-01-18T13:43:40.728+0000] {processor.py:829} INFO - Processing file /home/airflow/.local/lib/python3.8/site-packages/airflow/example_dags/example_task_group_decorator.py for tasks to queue
[2025-01-18T13:43:40.737+0000] {logging_mixin.py:151} INFO - [2025-01-18T13:43:40.736+0000] {dagbag.py:539} INFO - Filling up the DagBag from /home/airflow/.local/lib/python3.8/site-packages/airflow/example_dags/example_task_group_decorator.py
[2025-01-18T13:43:40.781+0000] {processor.py:839} INFO - DAG(s) dict_keys(['example_task_group_decorator']) retrieved from /home/airflow/.local/lib/python3.8/site-packages/airflow/example_dags/example_task_group_decorator.py
[2025-01-18T13:43:40.850+0000] {logging_mixin.py:151} INFO - [2025-01-18T13:43:40.849+0000] {dag.py:2907} INFO - Sync 1 DAGs
[2025-01-18T13:43:40.923+0000] {logging_mixin.py:151} INFO - [2025-01-18T13:43:40.923+0000] {dag.py:3677} INFO - Setting next_dagrun for example_task_group_decorator to 2025-01-17T13:43:40.922751+00:00, run_after=2025-01-18T13:43:40.922751+00:00
[2025-01-18T13:43:40.988+0000] {processor.py:179} INFO - Processing /home/airflow/.local/lib/python3.8/site-packages/airflow/example_dags/example_task_group_decorator.py took 0.268 seconds
[2025-01-18T13:44:11.405+0000] {processor.py:157} INFO - Started process (PID=694) to work on /home/airflow/.local/lib/python3.8/site-packages/airflow/example_dags/example_task_group_decorator.py
[2025-01-18T13:44:11.406+0000] {processor.py:829} INFO - Processing file /home/airflow/.local/lib/python3.8/site-packages/airflow/example_dags/example_task_group_decorator.py for tasks to queue
[2025-01-18T13:44:11.410+0000] {logging_mixin.py:151} INFO - [2025-01-18T13:44:11.410+0000] {dagbag.py:539} INFO - Filling up the DagBag from /home/airflow/.local/lib/python3.8/site-packages/airflow/example_dags/example_task_group_decorator.py
[2025-01-18T13:44:11.439+0000] {processor.py:839} INFO - DAG(s) dict_keys(['example_task_group_decorator']) retrieved from /home/airflow/.local/lib/python3.8/site-packages/airflow/example_dags/example_task_group_decorator.py
[2025-01-18T13:44:11.492+0000] {logging_mixin.py:151} INFO - [2025-01-18T13:44:11.492+0000] {dag.py:2907} INFO - Sync 1 DAGs
[2025-01-18T13:44:11.537+0000] {logging_mixin.py:151} INFO - [2025-01-18T13:44:11.537+0000] {dag.py:3677} INFO - Setting next_dagrun for example_task_group_decorator to 2025-01-17T13:44:11.536737+00:00, run_after=2025-01-18T13:44:11.536737+00:00
[2025-01-18T13:44:11.575+0000] {processor.py:179} INFO - Processing /home/airflow/.local/lib/python3.8/site-packages/airflow/example_dags/example_task_group_decorator.py took 0.175 seconds
[2025-01-18T13:44:41.754+0000] {processor.py:157} INFO - Started process (PID=769) to work on /home/airflow/.local/lib/python3.8/site-packages/airflow/example_dags/example_task_group_decorator.py
[2025-01-18T13:44:41.755+0000] {processor.py:829} INFO - Processing file /home/airflow/.local/lib/python3.8/site-packages/airflow/example_dags/example_task_group_decorator.py for tasks to queue
[2025-01-18T13:44:41.759+0000] {logging_mixin.py:151} INFO - [2025-01-18T13:44:41.759+0000] {dagbag.py:539} INFO - Filling up the DagBag from /home/airflow/.local/lib/python3.8/site-packages/airflow/example_dags/example_task_group_decorator.py
[2025-01-18T13:44:41.797+0000] {processor.py:839} INFO - DAG(s) dict_keys(['example_task_group_decorator']) retrieved from /home/airflow/.local/lib/python3.8/site-packages/airflow/example_dags/example_task_group_decorator.py
[2025-01-18T13:44:41.855+0000] {logging_mixin.py:151} INFO - [2025-01-18T13:44:41.855+0000] {dag.py:2907} INFO - Sync 1 DAGs
[2025-01-18T13:44:41.907+0000] {logging_mixin.py:151} INFO - [2025-01-18T13:44:41.906+0000] {dag.py:3677} INFO - Setting next_dagrun for example_task_group_decorator to 2025-01-17T13:44:41.906267+00:00, run_after=2025-01-18T13:44:41.906267+00:00
[2025-01-18T13:44:41.942+0000] {processor.py:179} INFO - Processing /home/airflow/.local/lib/python3.8/site-packages/airflow/example_dags/example_task_group_decorator.py took 0.195 seconds
[2025-01-18T13:45:12.459+0000] {processor.py:157} INFO - Started process (PID=855) to work on /home/airflow/.local/lib/python3.8/site-packages/airflow/example_dags/example_task_group_decorator.py
[2025-01-18T13:45:12.461+0000] {processor.py:829} INFO - Processing file /home/airflow/.local/lib/python3.8/site-packages/airflow/example_dags/example_task_group_decorator.py for tasks to queue
[2025-01-18T13:45:12.465+0000] {logging_mixin.py:151} INFO - [2025-01-18T13:45:12.464+0000] {dagbag.py:539} INFO - Filling up the DagBag from /home/airflow/.local/lib/python3.8/site-packages/airflow/example_dags/example_task_group_decorator.py
[2025-01-18T13:45:12.500+0000] {processor.py:839} INFO - DAG(s) dict_keys(['example_task_group_decorator']) retrieved from /home/airflow/.local/lib/python3.8/site-packages/airflow/example_dags/example_task_group_decorator.py
[2025-01-18T13:45:12.545+0000] {logging_mixin.py:151} INFO - [2025-01-18T13:45:12.544+0000] {dag.py:2907} INFO - Sync 1 DAGs
[2025-01-18T13:45:12.588+0000] {logging_mixin.py:151} INFO - [2025-01-18T13:45:12.588+0000] {dag.py:3677} INFO - Setting next_dagrun for example_task_group_decorator to 2025-01-17T13:45:12.588283+00:00, run_after=2025-01-18T13:45:12.588283+00:00
[2025-01-18T13:45:12.623+0000] {processor.py:179} INFO - Processing /home/airflow/.local/lib/python3.8/site-packages/airflow/example_dags/example_task_group_decorator.py took 0.168 seconds
[2025-01-18T13:45:43.334+0000] {processor.py:157} INFO - Started process (PID=933) to work on /home/airflow/.local/lib/python3.8/site-packages/airflow/example_dags/example_task_group_decorator.py
[2025-01-18T13:45:43.336+0000] {processor.py:829} INFO - Processing file /home/airflow/.local/lib/python3.8/site-packages/airflow/example_dags/example_task_group_decorator.py for tasks to queue
[2025-01-18T13:45:43.340+0000] {logging_mixin.py:151} INFO - [2025-01-18T13:45:43.340+0000] {dagbag.py:539} INFO - Filling up the DagBag from /home/airflow/.local/lib/python3.8/site-packages/airflow/example_dags/example_task_group_decorator.py
[2025-01-18T13:45:43.372+0000] {processor.py:839} INFO - DAG(s) dict_keys(['example_task_group_decorator']) retrieved from /home/airflow/.local/lib/python3.8/site-packages/airflow/example_dags/example_task_group_decorator.py
[2025-01-18T13:45:43.420+0000] {logging_mixin.py:151} INFO - [2025-01-18T13:45:43.420+0000] {dag.py:2907} INFO - Sync 1 DAGs
[2025-01-18T13:45:43.464+0000] {logging_mixin.py:151} INFO - [2025-01-18T13:45:43.464+0000] {dag.py:3677} INFO - Setting next_dagrun for example_task_group_decorator to 2025-01-17T13:45:43.463732+00:00, run_after=2025-01-18T13:45:43.463732+00:00
[2025-01-18T13:45:43.501+0000] {processor.py:179} INFO - Processing /home/airflow/.local/lib/python3.8/site-packages/airflow/example_dags/example_task_group_decorator.py took 0.171 seconds
[2025-01-18T13:46:13.620+0000] {processor.py:157} INFO - Started process (PID=1020) to work on /home/airflow/.local/lib/python3.8/site-packages/airflow/example_dags/example_task_group_decorator.py
[2025-01-18T13:46:13.622+0000] {processor.py:829} INFO - Processing file /home/airflow/.local/lib/python3.8/site-packages/airflow/example_dags/example_task_group_decorator.py for tasks to queue
[2025-01-18T13:46:13.625+0000] {logging_mixin.py:151} INFO - [2025-01-18T13:46:13.625+0000] {dagbag.py:539} INFO - Filling up the DagBag from /home/airflow/.local/lib/python3.8/site-packages/airflow/example_dags/example_task_group_decorator.py
[2025-01-18T13:46:13.651+0000] {processor.py:839} INFO - DAG(s) dict_keys(['example_task_group_decorator']) retrieved from /home/airflow/.local/lib/python3.8/site-packages/airflow/example_dags/example_task_group_decorator.py
[2025-01-18T13:46:13.693+0000] {logging_mixin.py:151} INFO - [2025-01-18T13:46:13.693+0000] {dag.py:2907} INFO - Sync 1 DAGs
[2025-01-18T13:46:13.724+0000] {logging_mixin.py:151} INFO - [2025-01-18T13:46:13.724+0000] {dag.py:3677} INFO - Setting next_dagrun for example_task_group_decorator to 2025-01-17T13:46:13.724098+00:00, run_after=2025-01-18T13:46:13.724098+00:00
[2025-01-18T13:46:13.748+0000] {processor.py:179} INFO - Processing /home/airflow/.local/lib/python3.8/site-packages/airflow/example_dags/example_task_group_decorator.py took 0.133 seconds
[2025-01-18T13:46:43.803+0000] {processor.py:157} INFO - Started process (PID=1106) to work on /home/airflow/.local/lib/python3.8/site-packages/airflow/example_dags/example_task_group_decorator.py
[2025-01-18T13:46:43.805+0000] {processor.py:829} INFO - Processing file /home/airflow/.local/lib/python3.8/site-packages/airflow/example_dags/example_task_group_decorator.py for tasks to queue
[2025-01-18T13:46:43.810+0000] {logging_mixin.py:151} INFO - [2025-01-18T13:46:43.809+0000] {dagbag.py:539} INFO - Filling up the DagBag from /home/airflow/.local/lib/python3.8/site-packages/airflow/example_dags/example_task_group_decorator.py
[2025-01-18T13:46:43.844+0000] {processor.py:839} INFO - DAG(s) dict_keys(['example_task_group_decorator']) retrieved from /home/airflow/.local/lib/python3.8/site-packages/airflow/example_dags/example_task_group_decorator.py
[2025-01-18T13:46:43.892+0000] {logging_mixin.py:151} INFO - [2025-01-18T13:46:43.891+0000] {dag.py:2907} INFO - Sync 1 DAGs
[2025-01-18T13:46:43.930+0000] {logging_mixin.py:151} INFO - [2025-01-18T13:46:43.930+0000] {dag.py:3677} INFO - Setting next_dagrun for example_task_group_decorator to 2025-01-17T13:46:43.929851+00:00, run_after=2025-01-18T13:46:43.929851+00:00
[2025-01-18T13:46:43.963+0000] {processor.py:179} INFO - Processing /home/airflow/.local/lib/python3.8/site-packages/airflow/example_dags/example_task_group_decorator.py took 0.166 seconds
[2025-01-18T13:47:14.341+0000] {processor.py:157} INFO - Started process (PID=1192) to work on /home/airflow/.local/lib/python3.8/site-packages/airflow/example_dags/example_task_group_decorator.py
[2025-01-18T13:47:14.342+0000] {processor.py:829} INFO - Processing file /home/airflow/.local/lib/python3.8/site-packages/airflow/example_dags/example_task_group_decorator.py for tasks to queue
[2025-01-18T13:47:14.344+0000] {logging_mixin.py:151} INFO - [2025-01-18T13:47:14.344+0000] {dagbag.py:539} INFO - Filling up the DagBag from /home/airflow/.local/lib/python3.8/site-packages/airflow/example_dags/example_task_group_decorator.py
[2025-01-18T13:47:14.358+0000] {processor.py:839} INFO - DAG(s) dict_keys(['example_task_group_decorator']) retrieved from /home/airflow/.local/lib/python3.8/site-packages/airflow/example_dags/example_task_group_decorator.py
[2025-01-18T13:47:14.382+0000] {logging_mixin.py:151} INFO - [2025-01-18T13:47:14.381+0000] {dag.py:2907} INFO - Sync 1 DAGs
[2025-01-18T13:47:14.402+0000] {logging_mixin.py:151} INFO - [2025-01-18T13:47:14.402+0000] {dag.py:3677} INFO - Setting next_dagrun for example_task_group_decorator to 2025-01-17T13:47:14.402534+00:00, run_after=2025-01-18T13:47:14.402534+00:00
[2025-01-18T13:47:14.422+0000] {processor.py:179} INFO - Processing /home/airflow/.local/lib/python3.8/site-packages/airflow/example_dags/example_task_group_decorator.py took 0.083 seconds
[2025-01-18T13:47:45.571+0000] {processor.py:157} INFO - Started process (PID=1278) to work on /home/airflow/.local/lib/python3.8/site-packages/airflow/example_dags/example_task_group_decorator.py
[2025-01-18T13:47:45.574+0000] {processor.py:829} INFO - Processing file /home/airflow/.local/lib/python3.8/site-packages/airflow/example_dags/example_task_group_decorator.py for tasks to queue
[2025-01-18T13:47:45.582+0000] {logging_mixin.py:151} INFO - [2025-01-18T13:47:45.582+0000] {dagbag.py:539} INFO - Filling up the DagBag from /home/airflow/.local/lib/python3.8/site-packages/airflow/example_dags/example_task_group_decorator.py
[2025-01-18T13:47:45.642+0000] {processor.py:839} INFO - DAG(s) dict_keys(['example_task_group_decorator']) retrieved from /home/airflow/.local/lib/python3.8/site-packages/airflow/example_dags/example_task_group_decorator.py
[2025-01-18T13:47:45.711+0000] {logging_mixin.py:151} INFO - [2025-01-18T13:47:45.711+0000] {dag.py:2907} INFO - Sync 1 DAGs
[2025-01-18T13:47:45.772+0000] {logging_mixin.py:151} INFO - [2025-01-18T13:47:45.772+0000] {dag.py:3677} INFO - Setting next_dagrun for example_task_group_decorator to 2025-01-17T13:47:45.771757+00:00, run_after=2025-01-18T13:47:45.771757+00:00
[2025-01-18T13:47:45.835+0000] {processor.py:179} INFO - Processing /home/airflow/.local/lib/python3.8/site-packages/airflow/example_dags/example_task_group_decorator.py took 0.270 seconds
[2025-01-18T13:48:16.121+0000] {processor.py:157} INFO - Started process (PID=1364) to work on /home/airflow/.local/lib/python3.8/site-packages/airflow/example_dags/example_task_group_decorator.py
[2025-01-18T13:48:16.122+0000] {processor.py:829} INFO - Processing file /home/airflow/.local/lib/python3.8/site-packages/airflow/example_dags/example_task_group_decorator.py for tasks to queue
[2025-01-18T13:48:16.130+0000] {logging_mixin.py:151} INFO - [2025-01-18T13:48:16.130+0000] {dagbag.py:539} INFO - Filling up the DagBag from /home/airflow/.local/lib/python3.8/site-packages/airflow/example_dags/example_task_group_decorator.py
[2025-01-18T13:48:16.172+0000] {processor.py:839} INFO - DAG(s) dict_keys(['example_task_group_decorator']) retrieved from /home/airflow/.local/lib/python3.8/site-packages/airflow/example_dags/example_task_group_decorator.py
[2025-01-18T13:48:16.230+0000] {logging_mixin.py:151} INFO - [2025-01-18T13:48:16.230+0000] {dag.py:2907} INFO - Sync 1 DAGs
[2025-01-18T13:48:16.284+0000] {logging_mixin.py:151} INFO - [2025-01-18T13:48:16.284+0000] {dag.py:3677} INFO - Setting next_dagrun for example_task_group_decorator to 2025-01-17T13:48:16.283694+00:00, run_after=2025-01-18T13:48:16.283694+00:00
[2025-01-18T13:48:16.333+0000] {processor.py:179} INFO - Processing /home/airflow/.local/lib/python3.8/site-packages/airflow/example_dags/example_task_group_decorator.py took 0.220 seconds
[2025-01-18T13:48:47.145+0000] {processor.py:157} INFO - Started process (PID=1440) to work on /home/airflow/.local/lib/python3.8/site-packages/airflow/example_dags/example_task_group_decorator.py
[2025-01-18T13:48:47.147+0000] {processor.py:829} INFO - Processing file /home/airflow/.local/lib/python3.8/site-packages/airflow/example_dags/example_task_group_decorator.py for tasks to queue
[2025-01-18T13:48:47.153+0000] {logging_mixin.py:151} INFO - [2025-01-18T13:48:47.152+0000] {dagbag.py:539} INFO - Filling up the DagBag from /home/airflow/.local/lib/python3.8/site-packages/airflow/example_dags/example_task_group_decorator.py
[2025-01-18T13:48:47.192+0000] {processor.py:839} INFO - DAG(s) dict_keys(['example_task_group_decorator']) retrieved from /home/airflow/.local/lib/python3.8/site-packages/airflow/example_dags/example_task_group_decorator.py
[2025-01-18T13:48:47.248+0000] {logging_mixin.py:151} INFO - [2025-01-18T13:48:47.248+0000] {dag.py:2907} INFO - Sync 1 DAGs
[2025-01-18T13:48:47.296+0000] {logging_mixin.py:151} INFO - [2025-01-18T13:48:47.296+0000] {dag.py:3677} INFO - Setting next_dagrun for example_task_group_decorator to 2025-01-17T13:48:47.295624+00:00, run_after=2025-01-18T13:48:47.295624+00:00
[2025-01-18T13:48:47.332+0000] {processor.py:179} INFO - Processing /home/airflow/.local/lib/python3.8/site-packages/airflow/example_dags/example_task_group_decorator.py took 0.193 seconds
[2025-01-18T13:49:17.491+0000] {processor.py:157} INFO - Started process (PID=1526) to work on /home/airflow/.local/lib/python3.8/site-packages/airflow/example_dags/example_task_group_decorator.py
[2025-01-18T13:49:17.493+0000] {processor.py:829} INFO - Processing file /home/airflow/.local/lib/python3.8/site-packages/airflow/example_dags/example_task_group_decorator.py for tasks to queue
[2025-01-18T13:49:17.497+0000] {logging_mixin.py:151} INFO - [2025-01-18T13:49:17.497+0000] {dagbag.py:539} INFO - Filling up the DagBag from /home/airflow/.local/lib/python3.8/site-packages/airflow/example_dags/example_task_group_decorator.py
[2025-01-18T13:49:17.525+0000] {processor.py:839} INFO - DAG(s) dict_keys(['example_task_group_decorator']) retrieved from /home/airflow/.local/lib/python3.8/site-packages/airflow/example_dags/example_task_group_decorator.py
[2025-01-18T13:49:17.574+0000] {logging_mixin.py:151} INFO - [2025-01-18T13:49:17.573+0000] {dag.py:2907} INFO - Sync 1 DAGs
[2025-01-18T13:49:17.614+0000] {logging_mixin.py:151} INFO - [2025-01-18T13:49:17.614+0000] {dag.py:3677} INFO - Setting next_dagrun for example_task_group_decorator to 2025-01-17T13:49:17.613731+00:00, run_after=2025-01-18T13:49:17.613731+00:00
[2025-01-18T13:49:17.644+0000] {processor.py:179} INFO - Processing /home/airflow/.local/lib/python3.8/site-packages/airflow/example_dags/example_task_group_decorator.py took 0.159 seconds
[2025-01-18T13:49:47.965+0000] {processor.py:157} INFO - Started process (PID=1612) to work on /home/airflow/.local/lib/python3.8/site-packages/airflow/example_dags/example_task_group_decorator.py
[2025-01-18T13:49:47.966+0000] {processor.py:829} INFO - Processing file /home/airflow/.local/lib/python3.8/site-packages/airflow/example_dags/example_task_group_decorator.py for tasks to queue
[2025-01-18T13:49:47.971+0000] {logging_mixin.py:151} INFO - [2025-01-18T13:49:47.971+0000] {dagbag.py:539} INFO - Filling up the DagBag from /home/airflow/.local/lib/python3.8/site-packages/airflow/example_dags/example_task_group_decorator.py
[2025-01-18T13:49:48.004+0000] {processor.py:839} INFO - DAG(s) dict_keys(['example_task_group_decorator']) retrieved from /home/airflow/.local/lib/python3.8/site-packages/airflow/example_dags/example_task_group_decorator.py
[2025-01-18T13:49:48.053+0000] {logging_mixin.py:151} INFO - [2025-01-18T13:49:48.053+0000] {dag.py:2907} INFO - Sync 1 DAGs
[2025-01-18T13:49:48.092+0000] {logging_mixin.py:151} INFO - [2025-01-18T13:49:48.092+0000] {dag.py:3677} INFO - Setting next_dagrun for example_task_group_decorator to 2025-01-17T13:49:48.091892+00:00, run_after=2025-01-18T13:49:48.091892+00:00
[2025-01-18T13:49:48.124+0000] {processor.py:179} INFO - Processing /home/airflow/.local/lib/python3.8/site-packages/airflow/example_dags/example_task_group_decorator.py took 0.165 seconds
[2025-01-18T13:50:19.370+0000] {processor.py:157} INFO - Started process (PID=1702) to work on /home/airflow/.local/lib/python3.8/site-packages/airflow/example_dags/example_task_group_decorator.py
[2025-01-18T13:50:19.371+0000] {processor.py:829} INFO - Processing file /home/airflow/.local/lib/python3.8/site-packages/airflow/example_dags/example_task_group_decorator.py for tasks to queue
[2025-01-18T13:50:19.375+0000] {logging_mixin.py:151} INFO - [2025-01-18T13:50:19.375+0000] {dagbag.py:539} INFO - Filling up the DagBag from /home/airflow/.local/lib/python3.8/site-packages/airflow/example_dags/example_task_group_decorator.py
[2025-01-18T13:50:19.406+0000] {processor.py:839} INFO - DAG(s) dict_keys(['example_task_group_decorator']) retrieved from /home/airflow/.local/lib/python3.8/site-packages/airflow/example_dags/example_task_group_decorator.py
[2025-01-18T13:50:19.456+0000] {logging_mixin.py:151} INFO - [2025-01-18T13:50:19.456+0000] {dag.py:2907} INFO - Sync 1 DAGs
[2025-01-18T13:50:19.495+0000] {logging_mixin.py:151} INFO - [2025-01-18T13:50:19.495+0000] {dag.py:3677} INFO - Setting next_dagrun for example_task_group_decorator to 2025-01-17T13:50:19.494866+00:00, run_after=2025-01-18T13:50:19.494866+00:00
[2025-01-18T13:50:19.527+0000] {processor.py:179} INFO - Processing /home/airflow/.local/lib/python3.8/site-packages/airflow/example_dags/example_task_group_decorator.py took 0.162 seconds
[2025-01-18T13:50:50.197+0000] {processor.py:157} INFO - Started process (PID=1822) to work on /home/airflow/.local/lib/python3.8/site-packages/airflow/example_dags/example_task_group_decorator.py
[2025-01-18T13:50:50.198+0000] {processor.py:829} INFO - Processing file /home/airflow/.local/lib/python3.8/site-packages/airflow/example_dags/example_task_group_decorator.py for tasks to queue
[2025-01-18T13:50:50.201+0000] {logging_mixin.py:151} INFO - [2025-01-18T13:50:50.200+0000] {dagbag.py:539} INFO - Filling up the DagBag from /home/airflow/.local/lib/python3.8/site-packages/airflow/example_dags/example_task_group_decorator.py
[2025-01-18T13:50:50.217+0000] {processor.py:839} INFO - DAG(s) dict_keys(['example_task_group_decorator']) retrieved from /home/airflow/.local/lib/python3.8/site-packages/airflow/example_dags/example_task_group_decorator.py
[2025-01-18T13:50:50.244+0000] {logging_mixin.py:151} INFO - [2025-01-18T13:50:50.244+0000] {dag.py:2907} INFO - Sync 1 DAGs
[2025-01-18T13:50:50.267+0000] {logging_mixin.py:151} INFO - [2025-01-18T13:50:50.267+0000] {dag.py:3677} INFO - Setting next_dagrun for example_task_group_decorator to 2025-01-17T13:50:50.267144+00:00, run_after=2025-01-18T13:50:50.267144+00:00
[2025-01-18T13:50:50.289+0000] {processor.py:179} INFO - Processing /home/airflow/.local/lib/python3.8/site-packages/airflow/example_dags/example_task_group_decorator.py took 0.095 seconds
[2025-01-18T13:51:20.877+0000] {processor.py:157} INFO - Started process (PID=1908) to work on /home/airflow/.local/lib/python3.8/site-packages/airflow/example_dags/example_task_group_decorator.py
[2025-01-18T13:51:20.877+0000] {processor.py:829} INFO - Processing file /home/airflow/.local/lib/python3.8/site-packages/airflow/example_dags/example_task_group_decorator.py for tasks to queue
[2025-01-18T13:51:20.880+0000] {logging_mixin.py:151} INFO - [2025-01-18T13:51:20.880+0000] {dagbag.py:539} INFO - Filling up the DagBag from /home/airflow/.local/lib/python3.8/site-packages/airflow/example_dags/example_task_group_decorator.py
[2025-01-18T13:51:20.896+0000] {processor.py:839} INFO - DAG(s) dict_keys(['example_task_group_decorator']) retrieved from /home/airflow/.local/lib/python3.8/site-packages/airflow/example_dags/example_task_group_decorator.py
[2025-01-18T13:51:20.921+0000] {logging_mixin.py:151} INFO - [2025-01-18T13:51:20.921+0000] {dag.py:2907} INFO - Sync 1 DAGs
[2025-01-18T13:51:20.941+0000] {logging_mixin.py:151} INFO - [2025-01-18T13:51:20.941+0000] {dag.py:3677} INFO - Setting next_dagrun for example_task_group_decorator to 2025-01-17T13:51:20.941611+00:00, run_after=2025-01-18T13:51:20.941611+00:00
[2025-01-18T13:51:20.961+0000] {processor.py:179} INFO - Processing /home/airflow/.local/lib/python3.8/site-packages/airflow/example_dags/example_task_group_decorator.py took 0.087 seconds
