[2025-01-18T00:11:16.396+0000] {processor.py:157} INFO - Started process (PID=127) to work on /home/airflow/.local/lib/python3.8/site-packages/airflow/example_dags/example_branch_operator_decorator.py
[2025-01-18T00:11:16.405+0000] {processor.py:829} INFO - Processing file /home/airflow/.local/lib/python3.8/site-packages/airflow/example_dags/example_branch_operator_decorator.py for tasks to queue
[2025-01-18T00:11:16.412+0000] {logging_mixin.py:151} INFO - [2025-01-18T00:11:16.411+0000] {dagbag.py:539} INFO - Filling up the DagBag from /home/airflow/.local/lib/python3.8/site-packages/airflow/example_dags/example_branch_operator_decorator.py
[2025-01-18T00:11:16.453+0000] {processor.py:839} INFO - DAG(s) dict_keys(['example_branch_python_operator_decorator']) retrieved from /home/airflow/.local/lib/python3.8/site-packages/airflow/example_dags/example_branch_operator_decorator.py
[2025-01-18T00:11:16.623+0000] {logging_mixin.py:151} INFO - [2025-01-18T00:11:16.622+0000] {dag.py:2907} INFO - Sync 1 DAGs
[2025-01-18T00:11:16.785+0000] {logging_mixin.py:151} INFO - [2025-01-18T00:11:16.784+0000] {dag.py:3677} INFO - Setting next_dagrun for example_branch_python_operator_decorator to 2025-01-17T00:00:00+00:00, run_after=2025-01-18T00:00:00+00:00
[2025-01-18T00:11:16.865+0000] {processor.py:179} INFO - Processing /home/airflow/.local/lib/python3.8/site-packages/airflow/example_dags/example_branch_operator_decorator.py took 0.491 seconds
[2025-01-18T00:11:47.303+0000] {processor.py:157} INFO - Started process (PID=219) to work on /home/airflow/.local/lib/python3.8/site-packages/airflow/example_dags/example_branch_operator_decorator.py
[2025-01-18T00:11:47.326+0000] {processor.py:829} INFO - Processing file /home/airflow/.local/lib/python3.8/site-packages/airflow/example_dags/example_branch_operator_decorator.py for tasks to queue
[2025-01-18T00:11:47.332+0000] {logging_mixin.py:151} INFO - [2025-01-18T00:11:47.331+0000] {dagbag.py:539} INFO - Filling up the DagBag from /home/airflow/.local/lib/python3.8/site-packages/airflow/example_dags/example_branch_operator_decorator.py
[2025-01-18T00:11:47.375+0000] {processor.py:839} INFO - DAG(s) dict_keys(['example_branch_python_operator_decorator']) retrieved from /home/airflow/.local/lib/python3.8/site-packages/airflow/example_dags/example_branch_operator_decorator.py
[2025-01-18T00:11:47.456+0000] {logging_mixin.py:151} INFO - [2025-01-18T00:11:47.456+0000] {dag.py:2907} INFO - Sync 1 DAGs
[2025-01-18T00:11:47.557+0000] {logging_mixin.py:151} INFO - [2025-01-18T00:11:47.556+0000] {dag.py:3677} INFO - Setting next_dagrun for example_branch_python_operator_decorator to 2025-01-17T00:00:00+00:00, run_after=2025-01-18T00:00:00+00:00
[2025-01-18T00:11:47.676+0000] {processor.py:179} INFO - Processing /home/airflow/.local/lib/python3.8/site-packages/airflow/example_dags/example_branch_operator_decorator.py took 0.386 seconds
[2025-01-18T00:12:17.904+0000] {processor.py:157} INFO - Started process (PID=316) to work on /home/airflow/.local/lib/python3.8/site-packages/airflow/example_dags/example_branch_operator_decorator.py
[2025-01-18T00:12:17.906+0000] {processor.py:829} INFO - Processing file /home/airflow/.local/lib/python3.8/site-packages/airflow/example_dags/example_branch_operator_decorator.py for tasks to queue
[2025-01-18T00:12:17.911+0000] {logging_mixin.py:151} INFO - [2025-01-18T00:12:17.910+0000] {dagbag.py:539} INFO - Filling up the DagBag from /home/airflow/.local/lib/python3.8/site-packages/airflow/example_dags/example_branch_operator_decorator.py
[2025-01-18T00:12:17.943+0000] {processor.py:839} INFO - DAG(s) dict_keys(['example_branch_python_operator_decorator']) retrieved from /home/airflow/.local/lib/python3.8/site-packages/airflow/example_dags/example_branch_operator_decorator.py
[2025-01-18T00:12:18.011+0000] {logging_mixin.py:151} INFO - [2025-01-18T00:12:18.011+0000] {dag.py:2907} INFO - Sync 1 DAGs
[2025-01-18T00:12:18.098+0000] {logging_mixin.py:151} INFO - [2025-01-18T00:12:18.097+0000] {dag.py:3677} INFO - Setting next_dagrun for example_branch_python_operator_decorator to 2025-01-17T00:00:00+00:00, run_after=2025-01-18T00:00:00+00:00
[2025-01-18T00:12:18.149+0000] {processor.py:179} INFO - Processing /home/airflow/.local/lib/python3.8/site-packages/airflow/example_dags/example_branch_operator_decorator.py took 0.250 seconds
[2025-01-18T00:12:48.636+0000] {processor.py:157} INFO - Started process (PID=402) to work on /home/airflow/.local/lib/python3.8/site-packages/airflow/example_dags/example_branch_operator_decorator.py
[2025-01-18T00:12:48.637+0000] {processor.py:829} INFO - Processing file /home/airflow/.local/lib/python3.8/site-packages/airflow/example_dags/example_branch_operator_decorator.py for tasks to queue
[2025-01-18T00:12:48.640+0000] {logging_mixin.py:151} INFO - [2025-01-18T00:12:48.640+0000] {dagbag.py:539} INFO - Filling up the DagBag from /home/airflow/.local/lib/python3.8/site-packages/airflow/example_dags/example_branch_operator_decorator.py
[2025-01-18T00:12:48.679+0000] {processor.py:839} INFO - DAG(s) dict_keys(['example_branch_python_operator_decorator']) retrieved from /home/airflow/.local/lib/python3.8/site-packages/airflow/example_dags/example_branch_operator_decorator.py
[2025-01-18T00:12:48.714+0000] {logging_mixin.py:151} INFO - [2025-01-18T00:12:48.714+0000] {dag.py:2907} INFO - Sync 1 DAGs
[2025-01-18T00:12:48.756+0000] {logging_mixin.py:151} INFO - [2025-01-18T00:12:48.755+0000] {dag.py:3677} INFO - Setting next_dagrun for example_branch_python_operator_decorator to 2025-01-17T00:00:00+00:00, run_after=2025-01-18T00:00:00+00:00
[2025-01-18T00:12:48.796+0000] {processor.py:179} INFO - Processing /home/airflow/.local/lib/python3.8/site-packages/airflow/example_dags/example_branch_operator_decorator.py took 0.166 seconds
[2025-01-18T00:14:27.111+0000] {processor.py:157} INFO - Started process (PID=109) to work on /home/airflow/.local/lib/python3.8/site-packages/airflow/example_dags/example_branch_operator_decorator.py
[2025-01-18T00:14:27.113+0000] {processor.py:829} INFO - Processing file /home/airflow/.local/lib/python3.8/site-packages/airflow/example_dags/example_branch_operator_decorator.py for tasks to queue
[2025-01-18T00:14:27.119+0000] {logging_mixin.py:151} INFO - [2025-01-18T00:14:27.119+0000] {dagbag.py:539} INFO - Filling up the DagBag from /home/airflow/.local/lib/python3.8/site-packages/airflow/example_dags/example_branch_operator_decorator.py
[2025-01-18T00:14:27.147+0000] {processor.py:839} INFO - DAG(s) dict_keys(['example_branch_python_operator_decorator']) retrieved from /home/airflow/.local/lib/python3.8/site-packages/airflow/example_dags/example_branch_operator_decorator.py
[2025-01-18T00:14:27.213+0000] {logging_mixin.py:151} INFO - [2025-01-18T00:14:27.213+0000] {dag.py:2907} INFO - Sync 1 DAGs
[2025-01-18T00:14:27.277+0000] {logging_mixin.py:151} INFO - [2025-01-18T00:14:27.277+0000] {dag.py:3677} INFO - Setting next_dagrun for example_branch_python_operator_decorator to 2025-01-17T00:00:00+00:00, run_after=2025-01-18T00:00:00+00:00
[2025-01-18T00:14:27.318+0000] {processor.py:179} INFO - Processing /home/airflow/.local/lib/python3.8/site-packages/airflow/example_dags/example_branch_operator_decorator.py took 0.215 seconds
[2025-01-18T00:14:57.389+0000] {processor.py:157} INFO - Started process (PID=176) to work on /home/airflow/.local/lib/python3.8/site-packages/airflow/example_dags/example_branch_operator_decorator.py
[2025-01-18T00:14:57.391+0000] {processor.py:829} INFO - Processing file /home/airflow/.local/lib/python3.8/site-packages/airflow/example_dags/example_branch_operator_decorator.py for tasks to queue
[2025-01-18T00:14:57.396+0000] {logging_mixin.py:151} INFO - [2025-01-18T00:14:57.396+0000] {dagbag.py:539} INFO - Filling up the DagBag from /home/airflow/.local/lib/python3.8/site-packages/airflow/example_dags/example_branch_operator_decorator.py
[2025-01-18T00:14:57.418+0000] {processor.py:839} INFO - DAG(s) dict_keys(['example_branch_python_operator_decorator']) retrieved from /home/airflow/.local/lib/python3.8/site-packages/airflow/example_dags/example_branch_operator_decorator.py
[2025-01-18T00:14:57.474+0000] {logging_mixin.py:151} INFO - [2025-01-18T00:14:57.474+0000] {dag.py:2907} INFO - Sync 1 DAGs
[2025-01-18T00:14:57.543+0000] {logging_mixin.py:151} INFO - [2025-01-18T00:14:57.542+0000] {dag.py:3677} INFO - Setting next_dagrun for example_branch_python_operator_decorator to 2025-01-17T00:00:00+00:00, run_after=2025-01-18T00:00:00+00:00
[2025-01-18T00:14:57.587+0000] {processor.py:179} INFO - Processing /home/airflow/.local/lib/python3.8/site-packages/airflow/example_dags/example_branch_operator_decorator.py took 0.205 seconds
[2025-01-18T00:15:27.790+0000] {processor.py:157} INFO - Started process (PID=262) to work on /home/airflow/.local/lib/python3.8/site-packages/airflow/example_dags/example_branch_operator_decorator.py
[2025-01-18T00:15:27.792+0000] {processor.py:829} INFO - Processing file /home/airflow/.local/lib/python3.8/site-packages/airflow/example_dags/example_branch_operator_decorator.py for tasks to queue
[2025-01-18T00:15:27.795+0000] {logging_mixin.py:151} INFO - [2025-01-18T00:15:27.794+0000] {dagbag.py:539} INFO - Filling up the DagBag from /home/airflow/.local/lib/python3.8/site-packages/airflow/example_dags/example_branch_operator_decorator.py
[2025-01-18T00:15:27.812+0000] {processor.py:839} INFO - DAG(s) dict_keys(['example_branch_python_operator_decorator']) retrieved from /home/airflow/.local/lib/python3.8/site-packages/airflow/example_dags/example_branch_operator_decorator.py
[2025-01-18T00:15:27.844+0000] {logging_mixin.py:151} INFO - [2025-01-18T00:15:27.844+0000] {dag.py:2907} INFO - Sync 1 DAGs
[2025-01-18T00:15:27.878+0000] {logging_mixin.py:151} INFO - [2025-01-18T00:15:27.878+0000] {dag.py:3677} INFO - Setting next_dagrun for example_branch_python_operator_decorator to 2025-01-17T00:00:00+00:00, run_after=2025-01-18T00:00:00+00:00
[2025-01-18T00:15:27.905+0000] {processor.py:179} INFO - Processing /home/airflow/.local/lib/python3.8/site-packages/airflow/example_dags/example_branch_operator_decorator.py took 0.120 seconds
[2025-01-18T00:15:58.814+0000] {processor.py:157} INFO - Started process (PID=348) to work on /home/airflow/.local/lib/python3.8/site-packages/airflow/example_dags/example_branch_operator_decorator.py
[2025-01-18T00:15:58.815+0000] {processor.py:829} INFO - Processing file /home/airflow/.local/lib/python3.8/site-packages/airflow/example_dags/example_branch_operator_decorator.py for tasks to queue
[2025-01-18T00:15:58.819+0000] {logging_mixin.py:151} INFO - [2025-01-18T00:15:58.818+0000] {dagbag.py:539} INFO - Filling up the DagBag from /home/airflow/.local/lib/python3.8/site-packages/airflow/example_dags/example_branch_operator_decorator.py
[2025-01-18T00:15:58.840+0000] {processor.py:839} INFO - DAG(s) dict_keys(['example_branch_python_operator_decorator']) retrieved from /home/airflow/.local/lib/python3.8/site-packages/airflow/example_dags/example_branch_operator_decorator.py
[2025-01-18T00:15:58.879+0000] {logging_mixin.py:151} INFO - [2025-01-18T00:15:58.879+0000] {dag.py:2907} INFO - Sync 1 DAGs
[2025-01-18T00:15:58.932+0000] {logging_mixin.py:151} INFO - [2025-01-18T00:15:58.931+0000] {dag.py:3677} INFO - Setting next_dagrun for example_branch_python_operator_decorator to 2025-01-17T00:00:00+00:00, run_after=2025-01-18T00:00:00+00:00
[2025-01-18T00:15:58.965+0000] {processor.py:179} INFO - Processing /home/airflow/.local/lib/python3.8/site-packages/airflow/example_dags/example_branch_operator_decorator.py took 0.156 seconds
[2025-01-18T00:16:30.750+0000] {processor.py:157} INFO - Started process (PID=434) to work on /home/airflow/.local/lib/python3.8/site-packages/airflow/example_dags/example_branch_operator_decorator.py
[2025-01-18T00:16:30.766+0000] {processor.py:829} INFO - Processing file /home/airflow/.local/lib/python3.8/site-packages/airflow/example_dags/example_branch_operator_decorator.py for tasks to queue
[2025-01-18T00:16:30.778+0000] {logging_mixin.py:151} INFO - [2025-01-18T00:16:30.777+0000] {dagbag.py:539} INFO - Filling up the DagBag from /home/airflow/.local/lib/python3.8/site-packages/airflow/example_dags/example_branch_operator_decorator.py
[2025-01-18T00:16:30.817+0000] {processor.py:839} INFO - DAG(s) dict_keys(['example_branch_python_operator_decorator']) retrieved from /home/airflow/.local/lib/python3.8/site-packages/airflow/example_dags/example_branch_operator_decorator.py
[2025-01-18T00:16:30.870+0000] {logging_mixin.py:151} INFO - [2025-01-18T00:16:30.869+0000] {dag.py:2907} INFO - Sync 1 DAGs
[2025-01-18T00:16:30.928+0000] {logging_mixin.py:151} INFO - [2025-01-18T00:16:30.927+0000] {dag.py:3677} INFO - Setting next_dagrun for example_branch_python_operator_decorator to 2025-01-17T00:00:00+00:00, run_after=2025-01-18T00:00:00+00:00
[2025-01-18T00:16:30.961+0000] {processor.py:179} INFO - Processing /home/airflow/.local/lib/python3.8/site-packages/airflow/example_dags/example_branch_operator_decorator.py took 0.223 seconds
[2025-01-18T00:17:01.281+0000] {processor.py:157} INFO - Started process (PID=529) to work on /home/airflow/.local/lib/python3.8/site-packages/airflow/example_dags/example_branch_operator_decorator.py
[2025-01-18T00:17:01.282+0000] {processor.py:829} INFO - Processing file /home/airflow/.local/lib/python3.8/site-packages/airflow/example_dags/example_branch_operator_decorator.py for tasks to queue
[2025-01-18T00:17:01.287+0000] {logging_mixin.py:151} INFO - [2025-01-18T00:17:01.286+0000] {dagbag.py:539} INFO - Filling up the DagBag from /home/airflow/.local/lib/python3.8/site-packages/airflow/example_dags/example_branch_operator_decorator.py
[2025-01-18T00:17:01.308+0000] {processor.py:839} INFO - DAG(s) dict_keys(['example_branch_python_operator_decorator']) retrieved from /home/airflow/.local/lib/python3.8/site-packages/airflow/example_dags/example_branch_operator_decorator.py
[2025-01-18T00:17:01.351+0000] {logging_mixin.py:151} INFO - [2025-01-18T00:17:01.351+0000] {dag.py:2907} INFO - Sync 1 DAGs
[2025-01-18T00:17:01.404+0000] {logging_mixin.py:151} INFO - [2025-01-18T00:17:01.404+0000] {dag.py:3677} INFO - Setting next_dagrun for example_branch_python_operator_decorator to 2025-01-17T00:00:00+00:00, run_after=2025-01-18T00:00:00+00:00
[2025-01-18T00:17:01.441+0000] {processor.py:179} INFO - Processing /home/airflow/.local/lib/python3.8/site-packages/airflow/example_dags/example_branch_operator_decorator.py took 0.166 seconds
[2025-01-18T00:17:34.198+0000] {processor.py:157} INFO - Started process (PID=615) to work on /home/airflow/.local/lib/python3.8/site-packages/airflow/example_dags/example_branch_operator_decorator.py
[2025-01-18T00:17:34.202+0000] {processor.py:829} INFO - Processing file /home/airflow/.local/lib/python3.8/site-packages/airflow/example_dags/example_branch_operator_decorator.py for tasks to queue
[2025-01-18T00:17:34.218+0000] {logging_mixin.py:151} INFO - [2025-01-18T00:17:34.218+0000] {dagbag.py:539} INFO - Filling up the DagBag from /home/airflow/.local/lib/python3.8/site-packages/airflow/example_dags/example_branch_operator_decorator.py
[2025-01-18T00:17:34.258+0000] {processor.py:839} INFO - DAG(s) dict_keys(['example_branch_python_operator_decorator']) retrieved from /home/airflow/.local/lib/python3.8/site-packages/airflow/example_dags/example_branch_operator_decorator.py
[2025-01-18T00:17:34.340+0000] {logging_mixin.py:151} INFO - [2025-01-18T00:17:34.339+0000] {dag.py:2907} INFO - Sync 1 DAGs
[2025-01-18T00:17:34.422+0000] {logging_mixin.py:151} INFO - [2025-01-18T00:17:34.421+0000] {dag.py:3677} INFO - Setting next_dagrun for example_branch_python_operator_decorator to 2025-01-17T00:00:00+00:00, run_after=2025-01-18T00:00:00+00:00
[2025-01-18T00:17:34.480+0000] {processor.py:179} INFO - Processing /home/airflow/.local/lib/python3.8/site-packages/airflow/example_dags/example_branch_operator_decorator.py took 0.289 seconds
[2025-01-18T00:18:05.178+0000] {processor.py:157} INFO - Started process (PID=689) to work on /home/airflow/.local/lib/python3.8/site-packages/airflow/example_dags/example_branch_operator_decorator.py
[2025-01-18T00:18:05.179+0000] {processor.py:829} INFO - Processing file /home/airflow/.local/lib/python3.8/site-packages/airflow/example_dags/example_branch_operator_decorator.py for tasks to queue
[2025-01-18T00:18:05.183+0000] {logging_mixin.py:151} INFO - [2025-01-18T00:18:05.182+0000] {dagbag.py:539} INFO - Filling up the DagBag from /home/airflow/.local/lib/python3.8/site-packages/airflow/example_dags/example_branch_operator_decorator.py
[2025-01-18T00:18:05.197+0000] {processor.py:839} INFO - DAG(s) dict_keys(['example_branch_python_operator_decorator']) retrieved from /home/airflow/.local/lib/python3.8/site-packages/airflow/example_dags/example_branch_operator_decorator.py
[2025-01-18T00:18:05.228+0000] {logging_mixin.py:151} INFO - [2025-01-18T00:18:05.228+0000] {dag.py:2907} INFO - Sync 1 DAGs
[2025-01-18T00:18:05.260+0000] {logging_mixin.py:151} INFO - [2025-01-18T00:18:05.260+0000] {dag.py:3677} INFO - Setting next_dagrun for example_branch_python_operator_decorator to 2025-01-17T00:00:00+00:00, run_after=2025-01-18T00:00:00+00:00
[2025-01-18T00:18:05.284+0000] {processor.py:179} INFO - Processing /home/airflow/.local/lib/python3.8/site-packages/airflow/example_dags/example_branch_operator_decorator.py took 0.111 seconds
[2025-01-18T00:18:35.804+0000] {processor.py:157} INFO - Started process (PID=768) to work on /home/airflow/.local/lib/python3.8/site-packages/airflow/example_dags/example_branch_operator_decorator.py
[2025-01-18T00:18:35.806+0000] {processor.py:829} INFO - Processing file /home/airflow/.local/lib/python3.8/site-packages/airflow/example_dags/example_branch_operator_decorator.py for tasks to queue
[2025-01-18T00:18:35.809+0000] {logging_mixin.py:151} INFO - [2025-01-18T00:18:35.809+0000] {dagbag.py:539} INFO - Filling up the DagBag from /home/airflow/.local/lib/python3.8/site-packages/airflow/example_dags/example_branch_operator_decorator.py
[2025-01-18T00:18:35.827+0000] {processor.py:839} INFO - DAG(s) dict_keys(['example_branch_python_operator_decorator']) retrieved from /home/airflow/.local/lib/python3.8/site-packages/airflow/example_dags/example_branch_operator_decorator.py
[2025-01-18T00:18:35.862+0000] {logging_mixin.py:151} INFO - [2025-01-18T00:18:35.861+0000] {dag.py:2907} INFO - Sync 1 DAGs
[2025-01-18T00:18:35.901+0000] {logging_mixin.py:151} INFO - [2025-01-18T00:18:35.900+0000] {dag.py:3677} INFO - Setting next_dagrun for example_branch_python_operator_decorator to 2025-01-17T00:00:00+00:00, run_after=2025-01-18T00:00:00+00:00
[2025-01-18T00:18:35.932+0000] {processor.py:179} INFO - Processing /home/airflow/.local/lib/python3.8/site-packages/airflow/example_dags/example_branch_operator_decorator.py took 0.133 seconds
[2025-01-18T00:19:06.407+0000] {processor.py:157} INFO - Started process (PID=854) to work on /home/airflow/.local/lib/python3.8/site-packages/airflow/example_dags/example_branch_operator_decorator.py
[2025-01-18T00:19:06.410+0000] {processor.py:829} INFO - Processing file /home/airflow/.local/lib/python3.8/site-packages/airflow/example_dags/example_branch_operator_decorator.py for tasks to queue
[2025-01-18T00:19:06.415+0000] {logging_mixin.py:151} INFO - [2025-01-18T00:19:06.415+0000] {dagbag.py:539} INFO - Filling up the DagBag from /home/airflow/.local/lib/python3.8/site-packages/airflow/example_dags/example_branch_operator_decorator.py
[2025-01-18T00:19:06.460+0000] {processor.py:839} INFO - DAG(s) dict_keys(['example_branch_python_operator_decorator']) retrieved from /home/airflow/.local/lib/python3.8/site-packages/airflow/example_dags/example_branch_operator_decorator.py
[2025-01-18T00:19:06.546+0000] {logging_mixin.py:151} INFO - [2025-01-18T00:19:06.545+0000] {dag.py:2907} INFO - Sync 1 DAGs
[2025-01-18T00:19:06.634+0000] {logging_mixin.py:151} INFO - [2025-01-18T00:19:06.633+0000] {dag.py:3677} INFO - Setting next_dagrun for example_branch_python_operator_decorator to 2025-01-17T00:00:00+00:00, run_after=2025-01-18T00:00:00+00:00
[2025-01-18T00:19:06.698+0000] {processor.py:179} INFO - Processing /home/airflow/.local/lib/python3.8/site-packages/airflow/example_dags/example_branch_operator_decorator.py took 0.304 seconds
[2025-01-18T00:19:36.955+0000] {processor.py:157} INFO - Started process (PID=940) to work on /home/airflow/.local/lib/python3.8/site-packages/airflow/example_dags/example_branch_operator_decorator.py
[2025-01-18T00:19:36.957+0000] {processor.py:829} INFO - Processing file /home/airflow/.local/lib/python3.8/site-packages/airflow/example_dags/example_branch_operator_decorator.py for tasks to queue
[2025-01-18T00:19:36.960+0000] {logging_mixin.py:151} INFO - [2025-01-18T00:19:36.960+0000] {dagbag.py:539} INFO - Filling up the DagBag from /home/airflow/.local/lib/python3.8/site-packages/airflow/example_dags/example_branch_operator_decorator.py
[2025-01-18T00:19:36.977+0000] {processor.py:839} INFO - DAG(s) dict_keys(['example_branch_python_operator_decorator']) retrieved from /home/airflow/.local/lib/python3.8/site-packages/airflow/example_dags/example_branch_operator_decorator.py
[2025-01-18T00:19:37.014+0000] {logging_mixin.py:151} INFO - [2025-01-18T00:19:37.013+0000] {dag.py:2907} INFO - Sync 1 DAGs
[2025-01-18T00:19:37.058+0000] {logging_mixin.py:151} INFO - [2025-01-18T00:19:37.057+0000] {dag.py:3677} INFO - Setting next_dagrun for example_branch_python_operator_decorator to 2025-01-17T00:00:00+00:00, run_after=2025-01-18T00:00:00+00:00
[2025-01-18T00:19:37.085+0000] {processor.py:179} INFO - Processing /home/airflow/.local/lib/python3.8/site-packages/airflow/example_dags/example_branch_operator_decorator.py took 0.136 seconds
[2025-01-18T00:20:07.380+0000] {processor.py:157} INFO - Started process (PID=1026) to work on /home/airflow/.local/lib/python3.8/site-packages/airflow/example_dags/example_branch_operator_decorator.py
[2025-01-18T00:20:07.382+0000] {processor.py:829} INFO - Processing file /home/airflow/.local/lib/python3.8/site-packages/airflow/example_dags/example_branch_operator_decorator.py for tasks to queue
[2025-01-18T00:20:07.387+0000] {logging_mixin.py:151} INFO - [2025-01-18T00:20:07.386+0000] {dagbag.py:539} INFO - Filling up the DagBag from /home/airflow/.local/lib/python3.8/site-packages/airflow/example_dags/example_branch_operator_decorator.py
[2025-01-18T00:20:07.414+0000] {processor.py:839} INFO - DAG(s) dict_keys(['example_branch_python_operator_decorator']) retrieved from /home/airflow/.local/lib/python3.8/site-packages/airflow/example_dags/example_branch_operator_decorator.py
[2025-01-18T00:20:07.466+0000] {logging_mixin.py:151} INFO - [2025-01-18T00:20:07.465+0000] {dag.py:2907} INFO - Sync 1 DAGs
[2025-01-18T00:20:07.523+0000] {logging_mixin.py:151} INFO - [2025-01-18T00:20:07.522+0000] {dag.py:3677} INFO - Setting next_dagrun for example_branch_python_operator_decorator to 2025-01-17T00:00:00+00:00, run_after=2025-01-18T00:00:00+00:00
[2025-01-18T00:20:07.564+0000] {processor.py:179} INFO - Processing /home/airflow/.local/lib/python3.8/site-packages/airflow/example_dags/example_branch_operator_decorator.py took 0.190 seconds
[2025-01-18T00:20:38.133+0000] {processor.py:157} INFO - Started process (PID=1101) to work on /home/airflow/.local/lib/python3.8/site-packages/airflow/example_dags/example_branch_operator_decorator.py
[2025-01-18T00:20:38.135+0000] {processor.py:829} INFO - Processing file /home/airflow/.local/lib/python3.8/site-packages/airflow/example_dags/example_branch_operator_decorator.py for tasks to queue
[2025-01-18T00:20:38.139+0000] {logging_mixin.py:151} INFO - [2025-01-18T00:20:38.138+0000] {dagbag.py:539} INFO - Filling up the DagBag from /home/airflow/.local/lib/python3.8/site-packages/airflow/example_dags/example_branch_operator_decorator.py
[2025-01-18T00:20:38.154+0000] {processor.py:839} INFO - DAG(s) dict_keys(['example_branch_python_operator_decorator']) retrieved from /home/airflow/.local/lib/python3.8/site-packages/airflow/example_dags/example_branch_operator_decorator.py
[2025-01-18T00:20:38.190+0000] {logging_mixin.py:151} INFO - [2025-01-18T00:20:38.189+0000] {dag.py:2907} INFO - Sync 1 DAGs
[2025-01-18T00:20:38.232+0000] {logging_mixin.py:151} INFO - [2025-01-18T00:20:38.232+0000] {dag.py:3677} INFO - Setting next_dagrun for example_branch_python_operator_decorator to 2025-01-17T00:00:00+00:00, run_after=2025-01-18T00:00:00+00:00
[2025-01-18T00:20:38.263+0000] {processor.py:179} INFO - Processing /home/airflow/.local/lib/python3.8/site-packages/airflow/example_dags/example_branch_operator_decorator.py took 0.137 seconds
[2025-01-18T00:21:08.649+0000] {processor.py:157} INFO - Started process (PID=1187) to work on /home/airflow/.local/lib/python3.8/site-packages/airflow/example_dags/example_branch_operator_decorator.py
[2025-01-18T00:21:08.653+0000] {processor.py:829} INFO - Processing file /home/airflow/.local/lib/python3.8/site-packages/airflow/example_dags/example_branch_operator_decorator.py for tasks to queue
[2025-01-18T00:21:08.658+0000] {logging_mixin.py:151} INFO - [2025-01-18T00:21:08.657+0000] {dagbag.py:539} INFO - Filling up the DagBag from /home/airflow/.local/lib/python3.8/site-packages/airflow/example_dags/example_branch_operator_decorator.py
[2025-01-18T00:21:08.695+0000] {processor.py:839} INFO - DAG(s) dict_keys(['example_branch_python_operator_decorator']) retrieved from /home/airflow/.local/lib/python3.8/site-packages/airflow/example_dags/example_branch_operator_decorator.py
[2025-01-18T00:21:08.742+0000] {logging_mixin.py:151} INFO - [2025-01-18T00:21:08.741+0000] {dag.py:2907} INFO - Sync 1 DAGs
[2025-01-18T00:21:08.803+0000] {logging_mixin.py:151} INFO - [2025-01-18T00:21:08.802+0000] {dag.py:3677} INFO - Setting next_dagrun for example_branch_python_operator_decorator to 2025-01-17T00:00:00+00:00, run_after=2025-01-18T00:00:00+00:00
[2025-01-18T00:21:08.846+0000] {processor.py:179} INFO - Processing /home/airflow/.local/lib/python3.8/site-packages/airflow/example_dags/example_branch_operator_decorator.py took 0.206 seconds
[2025-01-18T00:32:03.589+0000] {processor.py:157} INFO - Started process (PID=129) to work on /home/airflow/.local/lib/python3.8/site-packages/airflow/example_dags/example_branch_operator_decorator.py
[2025-01-18T00:32:03.594+0000] {processor.py:829} INFO - Processing file /home/airflow/.local/lib/python3.8/site-packages/airflow/example_dags/example_branch_operator_decorator.py for tasks to queue
[2025-01-18T00:32:03.602+0000] {logging_mixin.py:151} INFO - [2025-01-18T00:32:03.600+0000] {dagbag.py:539} INFO - Filling up the DagBag from /home/airflow/.local/lib/python3.8/site-packages/airflow/example_dags/example_branch_operator_decorator.py
[2025-01-18T00:32:03.637+0000] {processor.py:839} INFO - DAG(s) dict_keys(['example_branch_python_operator_decorator']) retrieved from /home/airflow/.local/lib/python3.8/site-packages/airflow/example_dags/example_branch_operator_decorator.py
[2025-01-18T00:32:03.721+0000] {logging_mixin.py:151} INFO - [2025-01-18T00:32:03.720+0000] {dag.py:2907} INFO - Sync 1 DAGs
[2025-01-18T00:32:03.792+0000] {logging_mixin.py:151} INFO - [2025-01-18T00:32:03.791+0000] {dag.py:3677} INFO - Setting next_dagrun for example_branch_python_operator_decorator to 2025-01-17T00:00:00+00:00, run_after=2025-01-18T00:00:00+00:00
[2025-01-18T00:32:03.846+0000] {processor.py:179} INFO - Processing /home/airflow/.local/lib/python3.8/site-packages/airflow/example_dags/example_branch_operator_decorator.py took 0.271 seconds
[2025-01-18T00:32:34.399+0000] {processor.py:157} INFO - Started process (PID=214) to work on /home/airflow/.local/lib/python3.8/site-packages/airflow/example_dags/example_branch_operator_decorator.py
[2025-01-18T00:32:34.400+0000] {processor.py:829} INFO - Processing file /home/airflow/.local/lib/python3.8/site-packages/airflow/example_dags/example_branch_operator_decorator.py for tasks to queue
[2025-01-18T00:32:34.403+0000] {logging_mixin.py:151} INFO - [2025-01-18T00:32:34.403+0000] {dagbag.py:539} INFO - Filling up the DagBag from /home/airflow/.local/lib/python3.8/site-packages/airflow/example_dags/example_branch_operator_decorator.py
[2025-01-18T00:32:34.420+0000] {processor.py:839} INFO - DAG(s) dict_keys(['example_branch_python_operator_decorator']) retrieved from /home/airflow/.local/lib/python3.8/site-packages/airflow/example_dags/example_branch_operator_decorator.py
[2025-01-18T00:32:34.458+0000] {logging_mixin.py:151} INFO - [2025-01-18T00:32:34.458+0000] {dag.py:2907} INFO - Sync 1 DAGs
[2025-01-18T00:32:34.500+0000] {logging_mixin.py:151} INFO - [2025-01-18T00:32:34.500+0000] {dag.py:3677} INFO - Setting next_dagrun for example_branch_python_operator_decorator to 2025-01-17T00:00:00+00:00, run_after=2025-01-18T00:00:00+00:00
[2025-01-18T00:32:34.525+0000] {processor.py:179} INFO - Processing /home/airflow/.local/lib/python3.8/site-packages/airflow/example_dags/example_branch_operator_decorator.py took 0.130 seconds
[2025-01-18T00:54:43.993+0000] {processor.py:157} INFO - Started process (PID=109) to work on /home/airflow/.local/lib/python3.8/site-packages/airflow/example_dags/example_branch_operator_decorator.py
[2025-01-18T00:54:43.995+0000] {processor.py:829} INFO - Processing file /home/airflow/.local/lib/python3.8/site-packages/airflow/example_dags/example_branch_operator_decorator.py for tasks to queue
[2025-01-18T00:54:44.000+0000] {logging_mixin.py:151} INFO - [2025-01-18T00:54:43.999+0000] {dagbag.py:539} INFO - Filling up the DagBag from /home/airflow/.local/lib/python3.8/site-packages/airflow/example_dags/example_branch_operator_decorator.py
[2025-01-18T00:54:44.022+0000] {processor.py:839} INFO - DAG(s) dict_keys(['example_branch_python_operator_decorator']) retrieved from /home/airflow/.local/lib/python3.8/site-packages/airflow/example_dags/example_branch_operator_decorator.py
[2025-01-18T00:54:44.058+0000] {logging_mixin.py:151} INFO - [2025-01-18T00:54:44.058+0000] {dag.py:2907} INFO - Sync 1 DAGs
[2025-01-18T00:54:44.106+0000] {logging_mixin.py:151} INFO - [2025-01-18T00:54:44.105+0000] {dag.py:3677} INFO - Setting next_dagrun for example_branch_python_operator_decorator to 2025-01-17T00:00:00+00:00, run_after=2025-01-18T00:00:00+00:00
[2025-01-18T00:54:44.135+0000] {processor.py:179} INFO - Processing /home/airflow/.local/lib/python3.8/site-packages/airflow/example_dags/example_branch_operator_decorator.py took 0.147 seconds
[2025-01-18T00:55:15.176+0000] {processor.py:157} INFO - Started process (PID=184) to work on /home/airflow/.local/lib/python3.8/site-packages/airflow/example_dags/example_branch_operator_decorator.py
[2025-01-18T00:55:15.180+0000] {processor.py:829} INFO - Processing file /home/airflow/.local/lib/python3.8/site-packages/airflow/example_dags/example_branch_operator_decorator.py for tasks to queue
[2025-01-18T00:55:15.185+0000] {logging_mixin.py:151} INFO - [2025-01-18T00:55:15.184+0000] {dagbag.py:539} INFO - Filling up the DagBag from /home/airflow/.local/lib/python3.8/site-packages/airflow/example_dags/example_branch_operator_decorator.py
[2025-01-18T00:55:15.211+0000] {processor.py:839} INFO - DAG(s) dict_keys(['example_branch_python_operator_decorator']) retrieved from /home/airflow/.local/lib/python3.8/site-packages/airflow/example_dags/example_branch_operator_decorator.py
[2025-01-18T00:55:15.283+0000] {logging_mixin.py:151} INFO - [2025-01-18T00:55:15.283+0000] {dag.py:2907} INFO - Sync 1 DAGs
[2025-01-18T00:55:15.403+0000] {logging_mixin.py:151} INFO - [2025-01-18T00:55:15.403+0000] {dag.py:3677} INFO - Setting next_dagrun for example_branch_python_operator_decorator to 2025-01-17T00:00:00+00:00, run_after=2025-01-18T00:00:00+00:00
[2025-01-18T00:55:15.490+0000] {processor.py:179} INFO - Processing /home/airflow/.local/lib/python3.8/site-packages/airflow/example_dags/example_branch_operator_decorator.py took 0.322 seconds
[2025-01-18T00:55:45.637+0000] {processor.py:157} INFO - Started process (PID=269) to work on /home/airflow/.local/lib/python3.8/site-packages/airflow/example_dags/example_branch_operator_decorator.py
[2025-01-18T00:55:45.638+0000] {processor.py:829} INFO - Processing file /home/airflow/.local/lib/python3.8/site-packages/airflow/example_dags/example_branch_operator_decorator.py for tasks to queue
[2025-01-18T00:55:45.641+0000] {logging_mixin.py:151} INFO - [2025-01-18T00:55:45.641+0000] {dagbag.py:539} INFO - Filling up the DagBag from /home/airflow/.local/lib/python3.8/site-packages/airflow/example_dags/example_branch_operator_decorator.py
[2025-01-18T00:55:45.663+0000] {processor.py:839} INFO - DAG(s) dict_keys(['example_branch_python_operator_decorator']) retrieved from /home/airflow/.local/lib/python3.8/site-packages/airflow/example_dags/example_branch_operator_decorator.py
[2025-01-18T00:55:45.701+0000] {logging_mixin.py:151} INFO - [2025-01-18T00:55:45.701+0000] {dag.py:2907} INFO - Sync 1 DAGs
[2025-01-18T00:55:45.733+0000] {logging_mixin.py:151} INFO - [2025-01-18T00:55:45.732+0000] {dag.py:3677} INFO - Setting next_dagrun for example_branch_python_operator_decorator to 2025-01-17T00:00:00+00:00, run_after=2025-01-18T00:00:00+00:00
[2025-01-18T00:55:45.760+0000] {processor.py:179} INFO - Processing /home/airflow/.local/lib/python3.8/site-packages/airflow/example_dags/example_branch_operator_decorator.py took 0.128 seconds
[2025-01-18T00:56:16.314+0000] {processor.py:157} INFO - Started process (PID=349) to work on /home/airflow/.local/lib/python3.8/site-packages/airflow/example_dags/example_branch_operator_decorator.py
[2025-01-18T00:56:16.316+0000] {processor.py:829} INFO - Processing file /home/airflow/.local/lib/python3.8/site-packages/airflow/example_dags/example_branch_operator_decorator.py for tasks to queue
[2025-01-18T00:56:16.320+0000] {logging_mixin.py:151} INFO - [2025-01-18T00:56:16.319+0000] {dagbag.py:539} INFO - Filling up the DagBag from /home/airflow/.local/lib/python3.8/site-packages/airflow/example_dags/example_branch_operator_decorator.py
[2025-01-18T00:56:16.339+0000] {processor.py:839} INFO - DAG(s) dict_keys(['example_branch_python_operator_decorator']) retrieved from /home/airflow/.local/lib/python3.8/site-packages/airflow/example_dags/example_branch_operator_decorator.py
[2025-01-18T00:56:16.378+0000] {logging_mixin.py:151} INFO - [2025-01-18T00:56:16.377+0000] {dag.py:2907} INFO - Sync 1 DAGs
[2025-01-18T00:56:16.413+0000] {logging_mixin.py:151} INFO - [2025-01-18T00:56:16.413+0000] {dag.py:3677} INFO - Setting next_dagrun for example_branch_python_operator_decorator to 2025-01-17T00:00:00+00:00, run_after=2025-01-18T00:00:00+00:00
[2025-01-18T00:56:16.440+0000] {processor.py:179} INFO - Processing /home/airflow/.local/lib/python3.8/site-packages/airflow/example_dags/example_branch_operator_decorator.py took 0.131 seconds
[2025-01-18T00:56:47.053+0000] {processor.py:157} INFO - Started process (PID=434) to work on /home/airflow/.local/lib/python3.8/site-packages/airflow/example_dags/example_branch_operator_decorator.py
[2025-01-18T00:56:47.055+0000] {processor.py:829} INFO - Processing file /home/airflow/.local/lib/python3.8/site-packages/airflow/example_dags/example_branch_operator_decorator.py for tasks to queue
[2025-01-18T00:56:47.058+0000] {logging_mixin.py:151} INFO - [2025-01-18T00:56:47.058+0000] {dagbag.py:539} INFO - Filling up the DagBag from /home/airflow/.local/lib/python3.8/site-packages/airflow/example_dags/example_branch_operator_decorator.py
[2025-01-18T00:56:47.076+0000] {processor.py:839} INFO - DAG(s) dict_keys(['example_branch_python_operator_decorator']) retrieved from /home/airflow/.local/lib/python3.8/site-packages/airflow/example_dags/example_branch_operator_decorator.py
[2025-01-18T00:56:47.125+0000] {logging_mixin.py:151} INFO - [2025-01-18T00:56:47.125+0000] {dag.py:2907} INFO - Sync 1 DAGs
[2025-01-18T00:56:47.172+0000] {logging_mixin.py:151} INFO - [2025-01-18T00:56:47.171+0000] {dag.py:3677} INFO - Setting next_dagrun for example_branch_python_operator_decorator to 2025-01-17T00:00:00+00:00, run_after=2025-01-18T00:00:00+00:00
[2025-01-18T00:56:47.211+0000] {processor.py:179} INFO - Processing /home/airflow/.local/lib/python3.8/site-packages/airflow/example_dags/example_branch_operator_decorator.py took 0.162 seconds
[2025-01-18T00:57:18.091+0000] {processor.py:157} INFO - Started process (PID=509) to work on /home/airflow/.local/lib/python3.8/site-packages/airflow/example_dags/example_branch_operator_decorator.py
[2025-01-18T00:57:18.095+0000] {processor.py:829} INFO - Processing file /home/airflow/.local/lib/python3.8/site-packages/airflow/example_dags/example_branch_operator_decorator.py for tasks to queue
[2025-01-18T00:57:18.101+0000] {logging_mixin.py:151} INFO - [2025-01-18T00:57:18.100+0000] {dagbag.py:539} INFO - Filling up the DagBag from /home/airflow/.local/lib/python3.8/site-packages/airflow/example_dags/example_branch_operator_decorator.py
[2025-01-18T00:57:18.122+0000] {processor.py:839} INFO - DAG(s) dict_keys(['example_branch_python_operator_decorator']) retrieved from /home/airflow/.local/lib/python3.8/site-packages/airflow/example_dags/example_branch_operator_decorator.py
[2025-01-18T00:57:18.170+0000] {logging_mixin.py:151} INFO - [2025-01-18T00:57:18.170+0000] {dag.py:2907} INFO - Sync 1 DAGs
[2025-01-18T00:57:18.219+0000] {logging_mixin.py:151} INFO - [2025-01-18T00:57:18.218+0000] {dag.py:3677} INFO - Setting next_dagrun for example_branch_python_operator_decorator to 2025-01-17T00:00:00+00:00, run_after=2025-01-18T00:00:00+00:00
[2025-01-18T00:57:18.257+0000] {processor.py:179} INFO - Processing /home/airflow/.local/lib/python3.8/site-packages/airflow/example_dags/example_branch_operator_decorator.py took 0.172 seconds
[2025-01-18T00:57:48.699+0000] {processor.py:157} INFO - Started process (PID=587) to work on /home/airflow/.local/lib/python3.8/site-packages/airflow/example_dags/example_branch_operator_decorator.py
[2025-01-18T00:57:48.700+0000] {processor.py:829} INFO - Processing file /home/airflow/.local/lib/python3.8/site-packages/airflow/example_dags/example_branch_operator_decorator.py for tasks to queue
[2025-01-18T00:57:48.705+0000] {logging_mixin.py:151} INFO - [2025-01-18T00:57:48.704+0000] {dagbag.py:539} INFO - Filling up the DagBag from /home/airflow/.local/lib/python3.8/site-packages/airflow/example_dags/example_branch_operator_decorator.py
[2025-01-18T00:57:48.725+0000] {processor.py:839} INFO - DAG(s) dict_keys(['example_branch_python_operator_decorator']) retrieved from /home/airflow/.local/lib/python3.8/site-packages/airflow/example_dags/example_branch_operator_decorator.py
[2025-01-18T00:57:48.760+0000] {logging_mixin.py:151} INFO - [2025-01-18T00:57:48.760+0000] {dag.py:2907} INFO - Sync 1 DAGs
[2025-01-18T00:57:48.805+0000] {logging_mixin.py:151} INFO - [2025-01-18T00:57:48.804+0000] {dag.py:3677} INFO - Setting next_dagrun for example_branch_python_operator_decorator to 2025-01-17T00:00:00+00:00, run_after=2025-01-18T00:00:00+00:00
[2025-01-18T00:57:48.829+0000] {processor.py:179} INFO - Processing /home/airflow/.local/lib/python3.8/site-packages/airflow/example_dags/example_branch_operator_decorator.py took 0.136 seconds
[2025-01-18T00:58:20.054+0000] {processor.py:157} INFO - Started process (PID=673) to work on /home/airflow/.local/lib/python3.8/site-packages/airflow/example_dags/example_branch_operator_decorator.py
[2025-01-18T00:58:20.055+0000] {processor.py:829} INFO - Processing file /home/airflow/.local/lib/python3.8/site-packages/airflow/example_dags/example_branch_operator_decorator.py for tasks to queue
[2025-01-18T00:58:20.061+0000] {logging_mixin.py:151} INFO - [2025-01-18T00:58:20.060+0000] {dagbag.py:539} INFO - Filling up the DagBag from /home/airflow/.local/lib/python3.8/site-packages/airflow/example_dags/example_branch_operator_decorator.py
[2025-01-18T00:58:20.089+0000] {processor.py:839} INFO - DAG(s) dict_keys(['example_branch_python_operator_decorator']) retrieved from /home/airflow/.local/lib/python3.8/site-packages/airflow/example_dags/example_branch_operator_decorator.py
[2025-01-18T00:58:20.144+0000] {logging_mixin.py:151} INFO - [2025-01-18T00:58:20.143+0000] {dag.py:2907} INFO - Sync 1 DAGs
[2025-01-18T00:58:20.194+0000] {logging_mixin.py:151} INFO - [2025-01-18T00:58:20.194+0000] {dag.py:3677} INFO - Setting next_dagrun for example_branch_python_operator_decorator to 2025-01-17T00:00:00+00:00, run_after=2025-01-18T00:00:00+00:00
[2025-01-18T00:58:20.224+0000] {processor.py:179} INFO - Processing /home/airflow/.local/lib/python3.8/site-packages/airflow/example_dags/example_branch_operator_decorator.py took 0.176 seconds
[2025-01-18T00:59:00.040+0000] {processor.py:157} INFO - Started process (PID=766) to work on /home/airflow/.local/lib/python3.8/site-packages/airflow/example_dags/example_branch_operator_decorator.py
[2025-01-18T00:59:00.042+0000] {processor.py:829} INFO - Processing file /home/airflow/.local/lib/python3.8/site-packages/airflow/example_dags/example_branch_operator_decorator.py for tasks to queue
[2025-01-18T00:59:00.101+0000] {logging_mixin.py:151} INFO - [2025-01-18T00:59:00.100+0000] {dagbag.py:539} INFO - Filling up the DagBag from /home/airflow/.local/lib/python3.8/site-packages/airflow/example_dags/example_branch_operator_decorator.py
[2025-01-18T00:59:00.353+0000] {processor.py:839} INFO - DAG(s) dict_keys(['example_branch_python_operator_decorator']) retrieved from /home/airflow/.local/lib/python3.8/site-packages/airflow/example_dags/example_branch_operator_decorator.py
[2025-01-18T00:59:00.537+0000] {logging_mixin.py:151} INFO - [2025-01-18T00:59:00.537+0000] {dag.py:2907} INFO - Sync 1 DAGs
[2025-01-18T00:59:00.709+0000] {logging_mixin.py:151} INFO - [2025-01-18T00:59:00.709+0000] {dag.py:3677} INFO - Setting next_dagrun for example_branch_python_operator_decorator to 2025-01-17T00:00:00+00:00, run_after=2025-01-18T00:00:00+00:00
[2025-01-18T00:59:00.806+0000] {processor.py:179} INFO - Processing /home/airflow/.local/lib/python3.8/site-packages/airflow/example_dags/example_branch_operator_decorator.py took 0.782 seconds
[2025-01-18T00:59:31.057+0000] {processor.py:157} INFO - Started process (PID=851) to work on /home/airflow/.local/lib/python3.8/site-packages/airflow/example_dags/example_branch_operator_decorator.py
[2025-01-18T00:59:31.059+0000] {processor.py:829} INFO - Processing file /home/airflow/.local/lib/python3.8/site-packages/airflow/example_dags/example_branch_operator_decorator.py for tasks to queue
[2025-01-18T00:59:31.065+0000] {logging_mixin.py:151} INFO - [2025-01-18T00:59:31.064+0000] {dagbag.py:539} INFO - Filling up the DagBag from /home/airflow/.local/lib/python3.8/site-packages/airflow/example_dags/example_branch_operator_decorator.py
[2025-01-18T00:59:31.125+0000] {processor.py:839} INFO - DAG(s) dict_keys(['example_branch_python_operator_decorator']) retrieved from /home/airflow/.local/lib/python3.8/site-packages/airflow/example_dags/example_branch_operator_decorator.py
[2025-01-18T00:59:31.220+0000] {logging_mixin.py:151} INFO - [2025-01-18T00:59:31.220+0000] {dag.py:2907} INFO - Sync 1 DAGs
[2025-01-18T00:59:31.325+0000] {logging_mixin.py:151} INFO - [2025-01-18T00:59:31.325+0000] {dag.py:3677} INFO - Setting next_dagrun for example_branch_python_operator_decorator to 2025-01-17T00:00:00+00:00, run_after=2025-01-18T00:00:00+00:00
[2025-01-18T00:59:31.364+0000] {processor.py:179} INFO - Processing /home/airflow/.local/lib/python3.8/site-packages/airflow/example_dags/example_branch_operator_decorator.py took 0.322 seconds
[2025-01-18T01:00:01.865+0000] {processor.py:157} INFO - Started process (PID=926) to work on /home/airflow/.local/lib/python3.8/site-packages/airflow/example_dags/example_branch_operator_decorator.py
[2025-01-18T01:00:01.867+0000] {processor.py:829} INFO - Processing file /home/airflow/.local/lib/python3.8/site-packages/airflow/example_dags/example_branch_operator_decorator.py for tasks to queue
[2025-01-18T01:00:01.872+0000] {logging_mixin.py:151} INFO - [2025-01-18T01:00:01.872+0000] {dagbag.py:539} INFO - Filling up the DagBag from /home/airflow/.local/lib/python3.8/site-packages/airflow/example_dags/example_branch_operator_decorator.py
[2025-01-18T01:00:01.895+0000] {processor.py:839} INFO - DAG(s) dict_keys(['example_branch_python_operator_decorator']) retrieved from /home/airflow/.local/lib/python3.8/site-packages/airflow/example_dags/example_branch_operator_decorator.py
[2025-01-18T01:00:01.940+0000] {logging_mixin.py:151} INFO - [2025-01-18T01:00:01.940+0000] {dag.py:2907} INFO - Sync 1 DAGs
[2025-01-18T01:00:01.995+0000] {logging_mixin.py:151} INFO - [2025-01-18T01:00:01.995+0000] {dag.py:3677} INFO - Setting next_dagrun for example_branch_python_operator_decorator to 2025-01-17T00:00:00+00:00, run_after=2025-01-18T00:00:00+00:00
[2025-01-18T01:00:02.036+0000] {processor.py:179} INFO - Processing /home/airflow/.local/lib/python3.8/site-packages/airflow/example_dags/example_branch_operator_decorator.py took 0.176 seconds
[2025-01-18T01:00:32.331+0000] {processor.py:157} INFO - Started process (PID=1004) to work on /home/airflow/.local/lib/python3.8/site-packages/airflow/example_dags/example_branch_operator_decorator.py
[2025-01-18T01:00:32.334+0000] {processor.py:829} INFO - Processing file /home/airflow/.local/lib/python3.8/site-packages/airflow/example_dags/example_branch_operator_decorator.py for tasks to queue
[2025-01-18T01:00:32.351+0000] {logging_mixin.py:151} INFO - [2025-01-18T01:00:32.350+0000] {dagbag.py:539} INFO - Filling up the DagBag from /home/airflow/.local/lib/python3.8/site-packages/airflow/example_dags/example_branch_operator_decorator.py
[2025-01-18T01:00:32.403+0000] {processor.py:839} INFO - DAG(s) dict_keys(['example_branch_python_operator_decorator']) retrieved from /home/airflow/.local/lib/python3.8/site-packages/airflow/example_dags/example_branch_operator_decorator.py
[2025-01-18T01:00:32.502+0000] {logging_mixin.py:151} INFO - [2025-01-18T01:00:32.501+0000] {dag.py:2907} INFO - Sync 1 DAGs
[2025-01-18T01:00:32.599+0000] {logging_mixin.py:151} INFO - [2025-01-18T01:00:32.598+0000] {dag.py:3677} INFO - Setting next_dagrun for example_branch_python_operator_decorator to 2025-01-17T00:00:00+00:00, run_after=2025-01-18T00:00:00+00:00
[2025-01-18T01:00:32.649+0000] {processor.py:179} INFO - Processing /home/airflow/.local/lib/python3.8/site-packages/airflow/example_dags/example_branch_operator_decorator.py took 0.353 seconds
[2025-01-18T01:01:03.492+0000] {processor.py:157} INFO - Started process (PID=1090) to work on /home/airflow/.local/lib/python3.8/site-packages/airflow/example_dags/example_branch_operator_decorator.py
[2025-01-18T01:01:03.493+0000] {processor.py:829} INFO - Processing file /home/airflow/.local/lib/python3.8/site-packages/airflow/example_dags/example_branch_operator_decorator.py for tasks to queue
[2025-01-18T01:01:03.495+0000] {logging_mixin.py:151} INFO - [2025-01-18T01:01:03.495+0000] {dagbag.py:539} INFO - Filling up the DagBag from /home/airflow/.local/lib/python3.8/site-packages/airflow/example_dags/example_branch_operator_decorator.py
[2025-01-18T01:01:03.506+0000] {processor.py:839} INFO - DAG(s) dict_keys(['example_branch_python_operator_decorator']) retrieved from /home/airflow/.local/lib/python3.8/site-packages/airflow/example_dags/example_branch_operator_decorator.py
[2025-01-18T01:01:03.535+0000] {logging_mixin.py:151} INFO - [2025-01-18T01:01:03.535+0000] {dag.py:2907} INFO - Sync 1 DAGs
[2025-01-18T01:01:03.560+0000] {logging_mixin.py:151} INFO - [2025-01-18T01:01:03.560+0000] {dag.py:3677} INFO - Setting next_dagrun for example_branch_python_operator_decorator to 2025-01-17T00:00:00+00:00, run_after=2025-01-18T00:00:00+00:00
[2025-01-18T01:01:03.582+0000] {processor.py:179} INFO - Processing /home/airflow/.local/lib/python3.8/site-packages/airflow/example_dags/example_branch_operator_decorator.py took 0.092 seconds
[2025-01-18T01:01:34.296+0000] {processor.py:157} INFO - Started process (PID=1176) to work on /home/airflow/.local/lib/python3.8/site-packages/airflow/example_dags/example_branch_operator_decorator.py
[2025-01-18T01:01:34.297+0000] {processor.py:829} INFO - Processing file /home/airflow/.local/lib/python3.8/site-packages/airflow/example_dags/example_branch_operator_decorator.py for tasks to queue
[2025-01-18T01:01:34.300+0000] {logging_mixin.py:151} INFO - [2025-01-18T01:01:34.300+0000] {dagbag.py:539} INFO - Filling up the DagBag from /home/airflow/.local/lib/python3.8/site-packages/airflow/example_dags/example_branch_operator_decorator.py
[2025-01-18T01:01:34.318+0000] {processor.py:839} INFO - DAG(s) dict_keys(['example_branch_python_operator_decorator']) retrieved from /home/airflow/.local/lib/python3.8/site-packages/airflow/example_dags/example_branch_operator_decorator.py
[2025-01-18T01:01:34.356+0000] {logging_mixin.py:151} INFO - [2025-01-18T01:01:34.356+0000] {dag.py:2907} INFO - Sync 1 DAGs
[2025-01-18T01:01:34.400+0000] {logging_mixin.py:151} INFO - [2025-01-18T01:01:34.399+0000] {dag.py:3677} INFO - Setting next_dagrun for example_branch_python_operator_decorator to 2025-01-17T00:00:00+00:00, run_after=2025-01-18T00:00:00+00:00
[2025-01-18T01:01:34.428+0000] {processor.py:179} INFO - Processing /home/airflow/.local/lib/python3.8/site-packages/airflow/example_dags/example_branch_operator_decorator.py took 0.139 seconds
[2025-01-18T01:02:05.090+0000] {processor.py:157} INFO - Started process (PID=1263) to work on /home/airflow/.local/lib/python3.8/site-packages/airflow/example_dags/example_branch_operator_decorator.py
[2025-01-18T01:02:05.091+0000] {processor.py:829} INFO - Processing file /home/airflow/.local/lib/python3.8/site-packages/airflow/example_dags/example_branch_operator_decorator.py for tasks to queue
[2025-01-18T01:02:05.093+0000] {logging_mixin.py:151} INFO - [2025-01-18T01:02:05.093+0000] {dagbag.py:539} INFO - Filling up the DagBag from /home/airflow/.local/lib/python3.8/site-packages/airflow/example_dags/example_branch_operator_decorator.py
[2025-01-18T01:02:05.103+0000] {processor.py:839} INFO - DAG(s) dict_keys(['example_branch_python_operator_decorator']) retrieved from /home/airflow/.local/lib/python3.8/site-packages/airflow/example_dags/example_branch_operator_decorator.py
[2025-01-18T01:02:05.125+0000] {logging_mixin.py:151} INFO - [2025-01-18T01:02:05.125+0000] {dag.py:2907} INFO - Sync 1 DAGs
[2025-01-18T01:02:05.146+0000] {logging_mixin.py:151} INFO - [2025-01-18T01:02:05.146+0000] {dag.py:3677} INFO - Setting next_dagrun for example_branch_python_operator_decorator to 2025-01-17T00:00:00+00:00, run_after=2025-01-18T00:00:00+00:00
[2025-01-18T01:02:05.167+0000] {processor.py:179} INFO - Processing /home/airflow/.local/lib/python3.8/site-packages/airflow/example_dags/example_branch_operator_decorator.py took 0.079 seconds
[2025-01-18T13:40:29.684+0000] {processor.py:157} INFO - Started process (PID=109) to work on /home/airflow/.local/lib/python3.8/site-packages/airflow/example_dags/example_branch_operator_decorator.py
[2025-01-18T13:40:29.689+0000] {processor.py:829} INFO - Processing file /home/airflow/.local/lib/python3.8/site-packages/airflow/example_dags/example_branch_operator_decorator.py for tasks to queue
[2025-01-18T13:40:29.696+0000] {logging_mixin.py:151} INFO - [2025-01-18T13:40:29.694+0000] {dagbag.py:539} INFO - Filling up the DagBag from /home/airflow/.local/lib/python3.8/site-packages/airflow/example_dags/example_branch_operator_decorator.py
[2025-01-18T13:40:29.738+0000] {processor.py:839} INFO - DAG(s) dict_keys(['example_branch_python_operator_decorator']) retrieved from /home/airflow/.local/lib/python3.8/site-packages/airflow/example_dags/example_branch_operator_decorator.py
[2025-01-18T13:40:29.805+0000] {logging_mixin.py:151} INFO - [2025-01-18T13:40:29.805+0000] {dag.py:2907} INFO - Sync 1 DAGs
[2025-01-18T13:40:29.892+0000] {logging_mixin.py:151} INFO - [2025-01-18T13:40:29.892+0000] {dag.py:3677} INFO - Setting next_dagrun for example_branch_python_operator_decorator to 2025-01-17T00:00:00+00:00, run_after=2025-01-18T00:00:00+00:00
[2025-01-18T13:40:29.942+0000] {processor.py:179} INFO - Processing /home/airflow/.local/lib/python3.8/site-packages/airflow/example_dags/example_branch_operator_decorator.py took 0.270 seconds
[2025-01-18T13:41:00.081+0000] {processor.py:157} INFO - Started process (PID=184) to work on /home/airflow/.local/lib/python3.8/site-packages/airflow/example_dags/example_branch_operator_decorator.py
[2025-01-18T13:41:00.083+0000] {processor.py:829} INFO - Processing file /home/airflow/.local/lib/python3.8/site-packages/airflow/example_dags/example_branch_operator_decorator.py for tasks to queue
[2025-01-18T13:41:00.088+0000] {logging_mixin.py:151} INFO - [2025-01-18T13:41:00.087+0000] {dagbag.py:539} INFO - Filling up the DagBag from /home/airflow/.local/lib/python3.8/site-packages/airflow/example_dags/example_branch_operator_decorator.py
[2025-01-18T13:41:00.115+0000] {processor.py:839} INFO - DAG(s) dict_keys(['example_branch_python_operator_decorator']) retrieved from /home/airflow/.local/lib/python3.8/site-packages/airflow/example_dags/example_branch_operator_decorator.py
[2025-01-18T13:41:00.156+0000] {logging_mixin.py:151} INFO - [2025-01-18T13:41:00.156+0000] {dag.py:2907} INFO - Sync 1 DAGs
[2025-01-18T13:41:00.203+0000] {logging_mixin.py:151} INFO - [2025-01-18T13:41:00.203+0000] {dag.py:3677} INFO - Setting next_dagrun for example_branch_python_operator_decorator to 2025-01-17T00:00:00+00:00, run_after=2025-01-18T00:00:00+00:00
[2025-01-18T13:41:00.233+0000] {processor.py:179} INFO - Processing /home/airflow/.local/lib/python3.8/site-packages/airflow/example_dags/example_branch_operator_decorator.py took 0.163 seconds
[2025-01-18T13:41:30.690+0000] {processor.py:157} INFO - Started process (PID=263) to work on /home/airflow/.local/lib/python3.8/site-packages/airflow/example_dags/example_branch_operator_decorator.py
[2025-01-18T13:41:30.691+0000] {processor.py:829} INFO - Processing file /home/airflow/.local/lib/python3.8/site-packages/airflow/example_dags/example_branch_operator_decorator.py for tasks to queue
[2025-01-18T13:41:30.695+0000] {logging_mixin.py:151} INFO - [2025-01-18T13:41:30.694+0000] {dagbag.py:539} INFO - Filling up the DagBag from /home/airflow/.local/lib/python3.8/site-packages/airflow/example_dags/example_branch_operator_decorator.py
[2025-01-18T13:41:30.711+0000] {processor.py:839} INFO - DAG(s) dict_keys(['example_branch_python_operator_decorator']) retrieved from /home/airflow/.local/lib/python3.8/site-packages/airflow/example_dags/example_branch_operator_decorator.py
[2025-01-18T13:41:30.746+0000] {logging_mixin.py:151} INFO - [2025-01-18T13:41:30.746+0000] {dag.py:2907} INFO - Sync 1 DAGs
[2025-01-18T13:41:30.786+0000] {logging_mixin.py:151} INFO - [2025-01-18T13:41:30.786+0000] {dag.py:3677} INFO - Setting next_dagrun for example_branch_python_operator_decorator to 2025-01-17T00:00:00+00:00, run_after=2025-01-18T00:00:00+00:00
[2025-01-18T13:41:30.811+0000] {processor.py:179} INFO - Processing /home/airflow/.local/lib/python3.8/site-packages/airflow/example_dags/example_branch_operator_decorator.py took 0.126 seconds
[2025-01-18T13:42:01.427+0000] {processor.py:157} INFO - Started process (PID=349) to work on /home/airflow/.local/lib/python3.8/site-packages/airflow/example_dags/example_branch_operator_decorator.py
[2025-01-18T13:42:01.429+0000] {processor.py:829} INFO - Processing file /home/airflow/.local/lib/python3.8/site-packages/airflow/example_dags/example_branch_operator_decorator.py for tasks to queue
[2025-01-18T13:42:01.435+0000] {logging_mixin.py:151} INFO - [2025-01-18T13:42:01.434+0000] {dagbag.py:539} INFO - Filling up the DagBag from /home/airflow/.local/lib/python3.8/site-packages/airflow/example_dags/example_branch_operator_decorator.py
[2025-01-18T13:42:01.467+0000] {processor.py:839} INFO - DAG(s) dict_keys(['example_branch_python_operator_decorator']) retrieved from /home/airflow/.local/lib/python3.8/site-packages/airflow/example_dags/example_branch_operator_decorator.py
[2025-01-18T13:42:01.531+0000] {logging_mixin.py:151} INFO - [2025-01-18T13:42:01.530+0000] {dag.py:2907} INFO - Sync 1 DAGs
[2025-01-18T13:42:01.591+0000] {logging_mixin.py:151} INFO - [2025-01-18T13:42:01.590+0000] {dag.py:3677} INFO - Setting next_dagrun for example_branch_python_operator_decorator to 2025-01-17T00:00:00+00:00, run_after=2025-01-18T00:00:00+00:00
[2025-01-18T13:42:01.635+0000] {processor.py:179} INFO - Processing /home/airflow/.local/lib/python3.8/site-packages/airflow/example_dags/example_branch_operator_decorator.py took 0.225 seconds
[2025-01-18T13:42:31.966+0000] {processor.py:157} INFO - Started process (PID=424) to work on /home/airflow/.local/lib/python3.8/site-packages/airflow/example_dags/example_branch_operator_decorator.py
[2025-01-18T13:42:31.969+0000] {processor.py:829} INFO - Processing file /home/airflow/.local/lib/python3.8/site-packages/airflow/example_dags/example_branch_operator_decorator.py for tasks to queue
[2025-01-18T13:42:31.974+0000] {logging_mixin.py:151} INFO - [2025-01-18T13:42:31.974+0000] {dagbag.py:539} INFO - Filling up the DagBag from /home/airflow/.local/lib/python3.8/site-packages/airflow/example_dags/example_branch_operator_decorator.py
[2025-01-18T13:42:32.006+0000] {processor.py:839} INFO - DAG(s) dict_keys(['example_branch_python_operator_decorator']) retrieved from /home/airflow/.local/lib/python3.8/site-packages/airflow/example_dags/example_branch_operator_decorator.py
[2025-01-18T13:42:32.067+0000] {logging_mixin.py:151} INFO - [2025-01-18T13:42:32.067+0000] {dag.py:2907} INFO - Sync 1 DAGs
[2025-01-18T13:42:32.122+0000] {logging_mixin.py:151} INFO - [2025-01-18T13:42:32.121+0000] {dag.py:3677} INFO - Setting next_dagrun for example_branch_python_operator_decorator to 2025-01-17T00:00:00+00:00, run_after=2025-01-18T00:00:00+00:00
[2025-01-18T13:42:32.154+0000] {processor.py:179} INFO - Processing /home/airflow/.local/lib/python3.8/site-packages/airflow/example_dags/example_branch_operator_decorator.py took 0.195 seconds
[2025-01-18T13:43:04.565+0000] {processor.py:157} INFO - Started process (PID=502) to work on /home/airflow/.local/lib/python3.8/site-packages/airflow/example_dags/example_branch_operator_decorator.py
[2025-01-18T13:43:04.566+0000] {processor.py:829} INFO - Processing file /home/airflow/.local/lib/python3.8/site-packages/airflow/example_dags/example_branch_operator_decorator.py for tasks to queue
[2025-01-18T13:43:04.580+0000] {logging_mixin.py:151} INFO - [2025-01-18T13:43:04.580+0000] {dagbag.py:539} INFO - Filling up the DagBag from /home/airflow/.local/lib/python3.8/site-packages/airflow/example_dags/example_branch_operator_decorator.py
[2025-01-18T13:43:04.646+0000] {processor.py:839} INFO - DAG(s) dict_keys(['example_branch_python_operator_decorator']) retrieved from /home/airflow/.local/lib/python3.8/site-packages/airflow/example_dags/example_branch_operator_decorator.py
[2025-01-18T13:43:04.791+0000] {logging_mixin.py:151} INFO - [2025-01-18T13:43:04.791+0000] {dag.py:2907} INFO - Sync 1 DAGs
[2025-01-18T13:43:04.922+0000] {logging_mixin.py:151} INFO - [2025-01-18T13:43:04.921+0000] {dag.py:3677} INFO - Setting next_dagrun for example_branch_python_operator_decorator to 2025-01-17T00:00:00+00:00, run_after=2025-01-18T00:00:00+00:00
[2025-01-18T13:43:05.006+0000] {processor.py:179} INFO - Processing /home/airflow/.local/lib/python3.8/site-packages/airflow/example_dags/example_branch_operator_decorator.py took 0.456 seconds
[2025-01-18T13:43:35.334+0000] {processor.py:157} INFO - Started process (PID=577) to work on /home/airflow/.local/lib/python3.8/site-packages/airflow/example_dags/example_branch_operator_decorator.py
[2025-01-18T13:43:35.336+0000] {processor.py:829} INFO - Processing file /home/airflow/.local/lib/python3.8/site-packages/airflow/example_dags/example_branch_operator_decorator.py for tasks to queue
[2025-01-18T13:43:35.341+0000] {logging_mixin.py:151} INFO - [2025-01-18T13:43:35.340+0000] {dagbag.py:539} INFO - Filling up the DagBag from /home/airflow/.local/lib/python3.8/site-packages/airflow/example_dags/example_branch_operator_decorator.py
[2025-01-18T13:43:35.371+0000] {processor.py:839} INFO - DAG(s) dict_keys(['example_branch_python_operator_decorator']) retrieved from /home/airflow/.local/lib/python3.8/site-packages/airflow/example_dags/example_branch_operator_decorator.py
[2025-01-18T13:43:35.446+0000] {logging_mixin.py:151} INFO - [2025-01-18T13:43:35.445+0000] {dag.py:2907} INFO - Sync 1 DAGs
[2025-01-18T13:43:35.527+0000] {logging_mixin.py:151} INFO - [2025-01-18T13:43:35.526+0000] {dag.py:3677} INFO - Setting next_dagrun for example_branch_python_operator_decorator to 2025-01-17T00:00:00+00:00, run_after=2025-01-18T00:00:00+00:00
[2025-01-18T13:43:35.608+0000] {processor.py:179} INFO - Processing /home/airflow/.local/lib/python3.8/site-packages/airflow/example_dags/example_branch_operator_decorator.py took 0.289 seconds
[2025-01-18T13:44:06.508+0000] {processor.py:157} INFO - Started process (PID=655) to work on /home/airflow/.local/lib/python3.8/site-packages/airflow/example_dags/example_branch_operator_decorator.py
[2025-01-18T13:44:06.510+0000] {processor.py:829} INFO - Processing file /home/airflow/.local/lib/python3.8/site-packages/airflow/example_dags/example_branch_operator_decorator.py for tasks to queue
[2025-01-18T13:44:06.513+0000] {logging_mixin.py:151} INFO - [2025-01-18T13:44:06.513+0000] {dagbag.py:539} INFO - Filling up the DagBag from /home/airflow/.local/lib/python3.8/site-packages/airflow/example_dags/example_branch_operator_decorator.py
[2025-01-18T13:44:06.533+0000] {processor.py:839} INFO - DAG(s) dict_keys(['example_branch_python_operator_decorator']) retrieved from /home/airflow/.local/lib/python3.8/site-packages/airflow/example_dags/example_branch_operator_decorator.py
[2025-01-18T13:44:06.573+0000] {logging_mixin.py:151} INFO - [2025-01-18T13:44:06.572+0000] {dag.py:2907} INFO - Sync 1 DAGs
[2025-01-18T13:44:06.618+0000] {logging_mixin.py:151} INFO - [2025-01-18T13:44:06.618+0000] {dag.py:3677} INFO - Setting next_dagrun for example_branch_python_operator_decorator to 2025-01-17T00:00:00+00:00, run_after=2025-01-18T00:00:00+00:00
[2025-01-18T13:44:06.650+0000] {processor.py:179} INFO - Processing /home/airflow/.local/lib/python3.8/site-packages/airflow/example_dags/example_branch_operator_decorator.py took 0.148 seconds
[2025-01-18T13:44:37.515+0000] {processor.py:157} INFO - Started process (PID=741) to work on /home/airflow/.local/lib/python3.8/site-packages/airflow/example_dags/example_branch_operator_decorator.py
[2025-01-18T13:44:37.517+0000] {processor.py:829} INFO - Processing file /home/airflow/.local/lib/python3.8/site-packages/airflow/example_dags/example_branch_operator_decorator.py for tasks to queue
[2025-01-18T13:44:37.519+0000] {logging_mixin.py:151} INFO - [2025-01-18T13:44:37.519+0000] {dagbag.py:539} INFO - Filling up the DagBag from /home/airflow/.local/lib/python3.8/site-packages/airflow/example_dags/example_branch_operator_decorator.py
[2025-01-18T13:44:37.532+0000] {processor.py:839} INFO - DAG(s) dict_keys(['example_branch_python_operator_decorator']) retrieved from /home/airflow/.local/lib/python3.8/site-packages/airflow/example_dags/example_branch_operator_decorator.py
[2025-01-18T13:44:37.567+0000] {logging_mixin.py:151} INFO - [2025-01-18T13:44:37.567+0000] {dag.py:2907} INFO - Sync 1 DAGs
[2025-01-18T13:44:37.601+0000] {logging_mixin.py:151} INFO - [2025-01-18T13:44:37.600+0000] {dag.py:3677} INFO - Setting next_dagrun for example_branch_python_operator_decorator to 2025-01-17T00:00:00+00:00, run_after=2025-01-18T00:00:00+00:00
[2025-01-18T13:44:37.625+0000] {processor.py:179} INFO - Processing /home/airflow/.local/lib/python3.8/site-packages/airflow/example_dags/example_branch_operator_decorator.py took 0.114 seconds
[2025-01-18T13:45:07.729+0000] {processor.py:157} INFO - Started process (PID=827) to work on /home/airflow/.local/lib/python3.8/site-packages/airflow/example_dags/example_branch_operator_decorator.py
[2025-01-18T13:45:07.731+0000] {processor.py:829} INFO - Processing file /home/airflow/.local/lib/python3.8/site-packages/airflow/example_dags/example_branch_operator_decorator.py for tasks to queue
[2025-01-18T13:45:07.736+0000] {logging_mixin.py:151} INFO - [2025-01-18T13:45:07.735+0000] {dagbag.py:539} INFO - Filling up the DagBag from /home/airflow/.local/lib/python3.8/site-packages/airflow/example_dags/example_branch_operator_decorator.py
[2025-01-18T13:45:07.762+0000] {processor.py:839} INFO - DAG(s) dict_keys(['example_branch_python_operator_decorator']) retrieved from /home/airflow/.local/lib/python3.8/site-packages/airflow/example_dags/example_branch_operator_decorator.py
[2025-01-18T13:45:07.822+0000] {logging_mixin.py:151} INFO - [2025-01-18T13:45:07.821+0000] {dag.py:2907} INFO - Sync 1 DAGs
[2025-01-18T13:45:07.906+0000] {logging_mixin.py:151} INFO - [2025-01-18T13:45:07.905+0000] {dag.py:3677} INFO - Setting next_dagrun for example_branch_python_operator_decorator to 2025-01-17T00:00:00+00:00, run_after=2025-01-18T00:00:00+00:00
[2025-01-18T13:45:07.958+0000] {processor.py:179} INFO - Processing /home/airflow/.local/lib/python3.8/site-packages/airflow/example_dags/example_branch_operator_decorator.py took 0.235 seconds
[2025-01-18T13:45:38.277+0000] {processor.py:157} INFO - Started process (PID=913) to work on /home/airflow/.local/lib/python3.8/site-packages/airflow/example_dags/example_branch_operator_decorator.py
[2025-01-18T13:45:38.278+0000] {processor.py:829} INFO - Processing file /home/airflow/.local/lib/python3.8/site-packages/airflow/example_dags/example_branch_operator_decorator.py for tasks to queue
[2025-01-18T13:45:38.281+0000] {logging_mixin.py:151} INFO - [2025-01-18T13:45:38.281+0000] {dagbag.py:539} INFO - Filling up the DagBag from /home/airflow/.local/lib/python3.8/site-packages/airflow/example_dags/example_branch_operator_decorator.py
[2025-01-18T13:45:38.294+0000] {processor.py:839} INFO - DAG(s) dict_keys(['example_branch_python_operator_decorator']) retrieved from /home/airflow/.local/lib/python3.8/site-packages/airflow/example_dags/example_branch_operator_decorator.py
[2025-01-18T13:45:38.325+0000] {logging_mixin.py:151} INFO - [2025-01-18T13:45:38.325+0000] {dag.py:2907} INFO - Sync 1 DAGs
[2025-01-18T13:45:38.367+0000] {logging_mixin.py:151} INFO - [2025-01-18T13:45:38.367+0000] {dag.py:3677} INFO - Setting next_dagrun for example_branch_python_operator_decorator to 2025-01-17T00:00:00+00:00, run_after=2025-01-18T00:00:00+00:00
[2025-01-18T13:45:38.397+0000] {processor.py:179} INFO - Processing /home/airflow/.local/lib/python3.8/site-packages/airflow/example_dags/example_branch_operator_decorator.py took 0.124 seconds
[2025-01-18T13:46:08.782+0000] {processor.py:157} INFO - Started process (PID=1000) to work on /home/airflow/.local/lib/python3.8/site-packages/airflow/example_dags/example_branch_operator_decorator.py
[2025-01-18T13:46:08.783+0000] {processor.py:829} INFO - Processing file /home/airflow/.local/lib/python3.8/site-packages/airflow/example_dags/example_branch_operator_decorator.py for tasks to queue
[2025-01-18T13:46:08.786+0000] {logging_mixin.py:151} INFO - [2025-01-18T13:46:08.786+0000] {dagbag.py:539} INFO - Filling up the DagBag from /home/airflow/.local/lib/python3.8/site-packages/airflow/example_dags/example_branch_operator_decorator.py
[2025-01-18T13:46:08.800+0000] {processor.py:839} INFO - DAG(s) dict_keys(['example_branch_python_operator_decorator']) retrieved from /home/airflow/.local/lib/python3.8/site-packages/airflow/example_dags/example_branch_operator_decorator.py
[2025-01-18T13:46:08.828+0000] {logging_mixin.py:151} INFO - [2025-01-18T13:46:08.828+0000] {dag.py:2907} INFO - Sync 1 DAGs
[2025-01-18T13:46:08.858+0000] {logging_mixin.py:151} INFO - [2025-01-18T13:46:08.858+0000] {dag.py:3677} INFO - Setting next_dagrun for example_branch_python_operator_decorator to 2025-01-17T00:00:00+00:00, run_after=2025-01-18T00:00:00+00:00
[2025-01-18T13:46:08.878+0000] {processor.py:179} INFO - Processing /home/airflow/.local/lib/python3.8/site-packages/airflow/example_dags/example_branch_operator_decorator.py took 0.100 seconds
[2025-01-18T13:46:39.114+0000] {processor.py:157} INFO - Started process (PID=1086) to work on /home/airflow/.local/lib/python3.8/site-packages/airflow/example_dags/example_branch_operator_decorator.py
[2025-01-18T13:46:39.115+0000] {processor.py:829} INFO - Processing file /home/airflow/.local/lib/python3.8/site-packages/airflow/example_dags/example_branch_operator_decorator.py for tasks to queue
[2025-01-18T13:46:39.117+0000] {logging_mixin.py:151} INFO - [2025-01-18T13:46:39.117+0000] {dagbag.py:539} INFO - Filling up the DagBag from /home/airflow/.local/lib/python3.8/site-packages/airflow/example_dags/example_branch_operator_decorator.py
[2025-01-18T13:46:39.128+0000] {processor.py:839} INFO - DAG(s) dict_keys(['example_branch_python_operator_decorator']) retrieved from /home/airflow/.local/lib/python3.8/site-packages/airflow/example_dags/example_branch_operator_decorator.py
[2025-01-18T13:46:39.155+0000] {logging_mixin.py:151} INFO - [2025-01-18T13:46:39.155+0000] {dag.py:2907} INFO - Sync 1 DAGs
[2025-01-18T13:46:39.181+0000] {logging_mixin.py:151} INFO - [2025-01-18T13:46:39.181+0000] {dag.py:3677} INFO - Setting next_dagrun for example_branch_python_operator_decorator to 2025-01-17T00:00:00+00:00, run_after=2025-01-18T00:00:00+00:00
[2025-01-18T13:46:39.200+0000] {processor.py:179} INFO - Processing /home/airflow/.local/lib/python3.8/site-packages/airflow/example_dags/example_branch_operator_decorator.py took 0.089 seconds
[2025-01-18T13:47:09.826+0000] {processor.py:157} INFO - Started process (PID=1172) to work on /home/airflow/.local/lib/python3.8/site-packages/airflow/example_dags/example_branch_operator_decorator.py
[2025-01-18T13:47:09.827+0000] {processor.py:829} INFO - Processing file /home/airflow/.local/lib/python3.8/site-packages/airflow/example_dags/example_branch_operator_decorator.py for tasks to queue
[2025-01-18T13:47:09.832+0000] {logging_mixin.py:151} INFO - [2025-01-18T13:47:09.831+0000] {dagbag.py:539} INFO - Filling up the DagBag from /home/airflow/.local/lib/python3.8/site-packages/airflow/example_dags/example_branch_operator_decorator.py
[2025-01-18T13:47:09.850+0000] {processor.py:839} INFO - DAG(s) dict_keys(['example_branch_python_operator_decorator']) retrieved from /home/airflow/.local/lib/python3.8/site-packages/airflow/example_dags/example_branch_operator_decorator.py
[2025-01-18T13:47:09.889+0000] {logging_mixin.py:151} INFO - [2025-01-18T13:47:09.889+0000] {dag.py:2907} INFO - Sync 1 DAGs
[2025-01-18T13:47:09.930+0000] {logging_mixin.py:151} INFO - [2025-01-18T13:47:09.929+0000] {dag.py:3677} INFO - Setting next_dagrun for example_branch_python_operator_decorator to 2025-01-17T00:00:00+00:00, run_after=2025-01-18T00:00:00+00:00
[2025-01-18T13:47:09.985+0000] {processor.py:179} INFO - Processing /home/airflow/.local/lib/python3.8/site-packages/airflow/example_dags/example_branch_operator_decorator.py took 0.166 seconds
[2025-01-18T13:47:40.162+0000] {processor.py:157} INFO - Started process (PID=1258) to work on /home/airflow/.local/lib/python3.8/site-packages/airflow/example_dags/example_branch_operator_decorator.py
[2025-01-18T13:47:40.163+0000] {processor.py:829} INFO - Processing file /home/airflow/.local/lib/python3.8/site-packages/airflow/example_dags/example_branch_operator_decorator.py for tasks to queue
[2025-01-18T13:47:40.166+0000] {logging_mixin.py:151} INFO - [2025-01-18T13:47:40.166+0000] {dagbag.py:539} INFO - Filling up the DagBag from /home/airflow/.local/lib/python3.8/site-packages/airflow/example_dags/example_branch_operator_decorator.py
[2025-01-18T13:47:40.183+0000] {processor.py:839} INFO - DAG(s) dict_keys(['example_branch_python_operator_decorator']) retrieved from /home/airflow/.local/lib/python3.8/site-packages/airflow/example_dags/example_branch_operator_decorator.py
[2025-01-18T13:47:40.225+0000] {logging_mixin.py:151} INFO - [2025-01-18T13:47:40.225+0000] {dag.py:2907} INFO - Sync 1 DAGs
[2025-01-18T13:47:40.267+0000] {logging_mixin.py:151} INFO - [2025-01-18T13:47:40.266+0000] {dag.py:3677} INFO - Setting next_dagrun for example_branch_python_operator_decorator to 2025-01-17T00:00:00+00:00, run_after=2025-01-18T00:00:00+00:00
[2025-01-18T13:47:40.294+0000] {processor.py:179} INFO - Processing /home/airflow/.local/lib/python3.8/site-packages/airflow/example_dags/example_branch_operator_decorator.py took 0.137 seconds
[2025-01-18T13:48:12.127+0000] {processor.py:157} INFO - Started process (PID=1333) to work on /home/airflow/.local/lib/python3.8/site-packages/airflow/example_dags/example_branch_operator_decorator.py
[2025-01-18T13:48:12.129+0000] {processor.py:829} INFO - Processing file /home/airflow/.local/lib/python3.8/site-packages/airflow/example_dags/example_branch_operator_decorator.py for tasks to queue
[2025-01-18T13:48:12.134+0000] {logging_mixin.py:151} INFO - [2025-01-18T13:48:12.134+0000] {dagbag.py:539} INFO - Filling up the DagBag from /home/airflow/.local/lib/python3.8/site-packages/airflow/example_dags/example_branch_operator_decorator.py
[2025-01-18T13:48:12.203+0000] {processor.py:839} INFO - DAG(s) dict_keys(['example_branch_python_operator_decorator']) retrieved from /home/airflow/.local/lib/python3.8/site-packages/airflow/example_dags/example_branch_operator_decorator.py
[2025-01-18T13:48:12.285+0000] {logging_mixin.py:151} INFO - [2025-01-18T13:48:12.285+0000] {dag.py:2907} INFO - Sync 1 DAGs
[2025-01-18T13:48:12.366+0000] {logging_mixin.py:151} INFO - [2025-01-18T13:48:12.366+0000] {dag.py:3677} INFO - Setting next_dagrun for example_branch_python_operator_decorator to 2025-01-17T00:00:00+00:00, run_after=2025-01-18T00:00:00+00:00
[2025-01-18T13:48:12.483+0000] {processor.py:179} INFO - Processing /home/airflow/.local/lib/python3.8/site-packages/airflow/example_dags/example_branch_operator_decorator.py took 0.367 seconds
[2025-01-18T13:48:42.636+0000] {processor.py:157} INFO - Started process (PID=1411) to work on /home/airflow/.local/lib/python3.8/site-packages/airflow/example_dags/example_branch_operator_decorator.py
[2025-01-18T13:48:42.637+0000] {processor.py:829} INFO - Processing file /home/airflow/.local/lib/python3.8/site-packages/airflow/example_dags/example_branch_operator_decorator.py for tasks to queue
[2025-01-18T13:48:42.640+0000] {logging_mixin.py:151} INFO - [2025-01-18T13:48:42.640+0000] {dagbag.py:539} INFO - Filling up the DagBag from /home/airflow/.local/lib/python3.8/site-packages/airflow/example_dags/example_branch_operator_decorator.py
[2025-01-18T13:48:42.662+0000] {processor.py:839} INFO - DAG(s) dict_keys(['example_branch_python_operator_decorator']) retrieved from /home/airflow/.local/lib/python3.8/site-packages/airflow/example_dags/example_branch_operator_decorator.py
[2025-01-18T13:48:42.707+0000] {logging_mixin.py:151} INFO - [2025-01-18T13:48:42.707+0000] {dag.py:2907} INFO - Sync 1 DAGs
[2025-01-18T13:48:42.760+0000] {logging_mixin.py:151} INFO - [2025-01-18T13:48:42.759+0000] {dag.py:3677} INFO - Setting next_dagrun for example_branch_python_operator_decorator to 2025-01-17T00:00:00+00:00, run_after=2025-01-18T00:00:00+00:00
[2025-01-18T13:48:42.801+0000] {processor.py:179} INFO - Processing /home/airflow/.local/lib/python3.8/site-packages/airflow/example_dags/example_branch_operator_decorator.py took 0.170 seconds
[2025-01-18T13:49:13.263+0000] {processor.py:157} INFO - Started process (PID=1498) to work on /home/airflow/.local/lib/python3.8/site-packages/airflow/example_dags/example_branch_operator_decorator.py
[2025-01-18T13:49:13.264+0000] {processor.py:829} INFO - Processing file /home/airflow/.local/lib/python3.8/site-packages/airflow/example_dags/example_branch_operator_decorator.py for tasks to queue
[2025-01-18T13:49:13.267+0000] {logging_mixin.py:151} INFO - [2025-01-18T13:49:13.267+0000] {dagbag.py:539} INFO - Filling up the DagBag from /home/airflow/.local/lib/python3.8/site-packages/airflow/example_dags/example_branch_operator_decorator.py
[2025-01-18T13:49:13.283+0000] {processor.py:839} INFO - DAG(s) dict_keys(['example_branch_python_operator_decorator']) retrieved from /home/airflow/.local/lib/python3.8/site-packages/airflow/example_dags/example_branch_operator_decorator.py
[2025-01-18T13:49:13.323+0000] {logging_mixin.py:151} INFO - [2025-01-18T13:49:13.323+0000] {dag.py:2907} INFO - Sync 1 DAGs
[2025-01-18T13:49:13.362+0000] {logging_mixin.py:151} INFO - [2025-01-18T13:49:13.362+0000] {dag.py:3677} INFO - Setting next_dagrun for example_branch_python_operator_decorator to 2025-01-17T00:00:00+00:00, run_after=2025-01-18T00:00:00+00:00
[2025-01-18T13:49:13.390+0000] {processor.py:179} INFO - Processing /home/airflow/.local/lib/python3.8/site-packages/airflow/example_dags/example_branch_operator_decorator.py took 0.131 seconds
[2025-01-18T13:49:44.179+0000] {processor.py:157} INFO - Started process (PID=1584) to work on /home/airflow/.local/lib/python3.8/site-packages/airflow/example_dags/example_branch_operator_decorator.py
[2025-01-18T13:49:44.180+0000] {processor.py:829} INFO - Processing file /home/airflow/.local/lib/python3.8/site-packages/airflow/example_dags/example_branch_operator_decorator.py for tasks to queue
[2025-01-18T13:49:44.184+0000] {logging_mixin.py:151} INFO - [2025-01-18T13:49:44.183+0000] {dagbag.py:539} INFO - Filling up the DagBag from /home/airflow/.local/lib/python3.8/site-packages/airflow/example_dags/example_branch_operator_decorator.py
[2025-01-18T13:49:44.201+0000] {processor.py:839} INFO - DAG(s) dict_keys(['example_branch_python_operator_decorator']) retrieved from /home/airflow/.local/lib/python3.8/site-packages/airflow/example_dags/example_branch_operator_decorator.py
[2025-01-18T13:49:44.240+0000] {logging_mixin.py:151} INFO - [2025-01-18T13:49:44.239+0000] {dag.py:2907} INFO - Sync 1 DAGs
[2025-01-18T13:49:44.273+0000] {logging_mixin.py:151} INFO - [2025-01-18T13:49:44.272+0000] {dag.py:3677} INFO - Setting next_dagrun for example_branch_python_operator_decorator to 2025-01-17T00:00:00+00:00, run_after=2025-01-18T00:00:00+00:00
[2025-01-18T13:49:44.297+0000] {processor.py:179} INFO - Processing /home/airflow/.local/lib/python3.8/site-packages/airflow/example_dags/example_branch_operator_decorator.py took 0.122 seconds
[2025-01-18T13:50:15.445+0000] {processor.py:157} INFO - Started process (PID=1673) to work on /home/airflow/.local/lib/python3.8/site-packages/airflow/example_dags/example_branch_operator_decorator.py
[2025-01-18T13:50:15.446+0000] {processor.py:829} INFO - Processing file /home/airflow/.local/lib/python3.8/site-packages/airflow/example_dags/example_branch_operator_decorator.py for tasks to queue
[2025-01-18T13:50:15.450+0000] {logging_mixin.py:151} INFO - [2025-01-18T13:50:15.450+0000] {dagbag.py:539} INFO - Filling up the DagBag from /home/airflow/.local/lib/python3.8/site-packages/airflow/example_dags/example_branch_operator_decorator.py
[2025-01-18T13:50:15.466+0000] {processor.py:839} INFO - DAG(s) dict_keys(['example_branch_python_operator_decorator']) retrieved from /home/airflow/.local/lib/python3.8/site-packages/airflow/example_dags/example_branch_operator_decorator.py
[2025-01-18T13:50:15.501+0000] {logging_mixin.py:151} INFO - [2025-01-18T13:50:15.501+0000] {dag.py:2907} INFO - Sync 1 DAGs
[2025-01-18T13:50:15.538+0000] {logging_mixin.py:151} INFO - [2025-01-18T13:50:15.538+0000] {dag.py:3677} INFO - Setting next_dagrun for example_branch_python_operator_decorator to 2025-01-17T00:00:00+00:00, run_after=2025-01-18T00:00:00+00:00
[2025-01-18T13:50:15.566+0000] {processor.py:179} INFO - Processing /home/airflow/.local/lib/python3.8/site-packages/airflow/example_dags/example_branch_operator_decorator.py took 0.126 seconds
[2025-01-18T13:50:45.678+0000] {processor.py:157} INFO - Started process (PID=1783) to work on /home/airflow/.local/lib/python3.8/site-packages/airflow/example_dags/example_branch_operator_decorator.py
[2025-01-18T13:50:45.680+0000] {processor.py:829} INFO - Processing file /home/airflow/.local/lib/python3.8/site-packages/airflow/example_dags/example_branch_operator_decorator.py for tasks to queue
[2025-01-18T13:50:45.683+0000] {logging_mixin.py:151} INFO - [2025-01-18T13:50:45.682+0000] {dagbag.py:539} INFO - Filling up the DagBag from /home/airflow/.local/lib/python3.8/site-packages/airflow/example_dags/example_branch_operator_decorator.py
[2025-01-18T13:50:45.698+0000] {processor.py:839} INFO - DAG(s) dict_keys(['example_branch_python_operator_decorator']) retrieved from /home/airflow/.local/lib/python3.8/site-packages/airflow/example_dags/example_branch_operator_decorator.py
[2025-01-18T13:50:45.730+0000] {logging_mixin.py:151} INFO - [2025-01-18T13:50:45.730+0000] {dag.py:2907} INFO - Sync 1 DAGs
[2025-01-18T13:50:45.765+0000] {logging_mixin.py:151} INFO - [2025-01-18T13:50:45.764+0000] {dag.py:3677} INFO - Setting next_dagrun for example_branch_python_operator_decorator to 2025-01-17T00:00:00+00:00, run_after=2025-01-18T00:00:00+00:00
[2025-01-18T13:50:45.788+0000] {processor.py:179} INFO - Processing /home/airflow/.local/lib/python3.8/site-packages/airflow/example_dags/example_branch_operator_decorator.py took 0.115 seconds
[2025-01-18T13:51:15.839+0000] {processor.py:157} INFO - Started process (PID=1869) to work on /home/airflow/.local/lib/python3.8/site-packages/airflow/example_dags/example_branch_operator_decorator.py
[2025-01-18T13:51:15.840+0000] {processor.py:829} INFO - Processing file /home/airflow/.local/lib/python3.8/site-packages/airflow/example_dags/example_branch_operator_decorator.py for tasks to queue
[2025-01-18T13:51:15.842+0000] {logging_mixin.py:151} INFO - [2025-01-18T13:51:15.842+0000] {dagbag.py:539} INFO - Filling up the DagBag from /home/airflow/.local/lib/python3.8/site-packages/airflow/example_dags/example_branch_operator_decorator.py
[2025-01-18T13:51:15.852+0000] {processor.py:839} INFO - DAG(s) dict_keys(['example_branch_python_operator_decorator']) retrieved from /home/airflow/.local/lib/python3.8/site-packages/airflow/example_dags/example_branch_operator_decorator.py
[2025-01-18T13:51:15.874+0000] {logging_mixin.py:151} INFO - [2025-01-18T13:51:15.874+0000] {dag.py:2907} INFO - Sync 1 DAGs
[2025-01-18T13:51:15.895+0000] {logging_mixin.py:151} INFO - [2025-01-18T13:51:15.895+0000] {dag.py:3677} INFO - Setting next_dagrun for example_branch_python_operator_decorator to 2025-01-17T00:00:00+00:00, run_after=2025-01-18T00:00:00+00:00
[2025-01-18T13:51:15.912+0000] {processor.py:179} INFO - Processing /home/airflow/.local/lib/python3.8/site-packages/airflow/example_dags/example_branch_operator_decorator.py took 0.076 seconds
[2025-01-18T15:08:38.480+0000] {processor.py:157} INFO - Started process (PID=16125) to work on /home/airflow/.local/lib/python3.8/site-packages/airflow/example_dags/example_branch_operator_decorator.py
[2025-01-18T15:08:38.481+0000] {processor.py:829} INFO - Processing file /home/airflow/.local/lib/python3.8/site-packages/airflow/example_dags/example_branch_operator_decorator.py for tasks to queue
[2025-01-18T15:08:38.483+0000] {logging_mixin.py:151} INFO - [2025-01-18T15:08:38.483+0000] {dagbag.py:539} INFO - Filling up the DagBag from /home/airflow/.local/lib/python3.8/site-packages/airflow/example_dags/example_branch_operator_decorator.py
[2025-01-18T15:08:38.492+0000] {processor.py:839} INFO - DAG(s) dict_keys(['example_branch_python_operator_decorator']) retrieved from /home/airflow/.local/lib/python3.8/site-packages/airflow/example_dags/example_branch_operator_decorator.py
[2025-01-18T15:08:38.514+0000] {logging_mixin.py:151} INFO - [2025-01-18T15:08:38.514+0000] {dag.py:2907} INFO - Sync 1 DAGs
[2025-01-18T15:08:38.534+0000] {logging_mixin.py:151} INFO - [2025-01-18T15:08:38.534+0000] {dag.py:3677} INFO - Setting next_dagrun for example_branch_python_operator_decorator to 2025-01-17T00:00:00+00:00, run_after=2025-01-18T00:00:00+00:00
[2025-01-18T15:08:38.558+0000] {processor.py:179} INFO - Processing /home/airflow/.local/lib/python3.8/site-packages/airflow/example_dags/example_branch_operator_decorator.py took 0.081 seconds
[2025-01-18T15:09:09.118+0000] {processor.py:157} INFO - Started process (PID=16237) to work on /home/airflow/.local/lib/python3.8/site-packages/airflow/example_dags/example_branch_operator_decorator.py
[2025-01-18T15:09:09.120+0000] {processor.py:829} INFO - Processing file /home/airflow/.local/lib/python3.8/site-packages/airflow/example_dags/example_branch_operator_decorator.py for tasks to queue
[2025-01-18T15:09:09.124+0000] {logging_mixin.py:151} INFO - [2025-01-18T15:09:09.123+0000] {dagbag.py:539} INFO - Filling up the DagBag from /home/airflow/.local/lib/python3.8/site-packages/airflow/example_dags/example_branch_operator_decorator.py
[2025-01-18T15:09:09.141+0000] {processor.py:839} INFO - DAG(s) dict_keys(['example_branch_python_operator_decorator']) retrieved from /home/airflow/.local/lib/python3.8/site-packages/airflow/example_dags/example_branch_operator_decorator.py
[2025-01-18T15:09:09.189+0000] {logging_mixin.py:151} INFO - [2025-01-18T15:09:09.188+0000] {dag.py:2907} INFO - Sync 1 DAGs
[2025-01-18T15:09:09.231+0000] {logging_mixin.py:151} INFO - [2025-01-18T15:09:09.230+0000] {dag.py:3677} INFO - Setting next_dagrun for example_branch_python_operator_decorator to 2025-01-17T00:00:00+00:00, run_after=2025-01-18T00:00:00+00:00
[2025-01-18T15:09:09.253+0000] {processor.py:179} INFO - Processing /home/airflow/.local/lib/python3.8/site-packages/airflow/example_dags/example_branch_operator_decorator.py took 0.140 seconds
