[2025-01-18T00:11:13.960+0000] {processor.py:157} INFO - Started process (PID=125) to work on /home/airflow/.local/lib/python3.8/site-packages/airflow/example_dags/example_task_group.py
[2025-01-18T00:11:14.016+0000] {processor.py:829} INFO - Processing file /home/airflow/.local/lib/python3.8/site-packages/airflow/example_dags/example_task_group.py for tasks to queue
[2025-01-18T00:11:14.049+0000] {logging_mixin.py:151} INFO - [2025-01-18T00:11:14.048+0000] {dagbag.py:539} INFO - Filling up the DagBag from /home/airflow/.local/lib/python3.8/site-packages/airflow/example_dags/example_task_group.py
[2025-01-18T00:11:14.100+0000] {processor.py:839} INFO - DAG(s) dict_keys(['example_task_group']) retrieved from /home/airflow/.local/lib/python3.8/site-packages/airflow/example_dags/example_task_group.py
[2025-01-18T00:11:14.220+0000] {logging_mixin.py:151} INFO - [2025-01-18T00:11:14.220+0000] {dag.py:2907} INFO - Sync 1 DAGs
[2025-01-18T00:11:14.519+0000] {logging_mixin.py:151} INFO - [2025-01-18T00:11:14.519+0000] {dag.py:3677} INFO - Setting next_dagrun for example_task_group to 2025-01-17T00:11:14.517440+00:00, run_after=2025-01-18T00:11:14.517440+00:00
[2025-01-18T00:11:14.611+0000] {processor.py:179} INFO - Processing /home/airflow/.local/lib/python3.8/site-packages/airflow/example_dags/example_task_group.py took 0.678 seconds
[2025-01-18T00:11:45.141+0000] {processor.py:157} INFO - Started process (PID=217) to work on /home/airflow/.local/lib/python3.8/site-packages/airflow/example_dags/example_task_group.py
[2025-01-18T00:11:45.148+0000] {processor.py:829} INFO - Processing file /home/airflow/.local/lib/python3.8/site-packages/airflow/example_dags/example_task_group.py for tasks to queue
[2025-01-18T00:11:45.159+0000] {logging_mixin.py:151} INFO - [2025-01-18T00:11:45.159+0000] {dagbag.py:539} INFO - Filling up the DagBag from /home/airflow/.local/lib/python3.8/site-packages/airflow/example_dags/example_task_group.py
[2025-01-18T00:11:45.206+0000] {processor.py:839} INFO - DAG(s) dict_keys(['example_task_group']) retrieved from /home/airflow/.local/lib/python3.8/site-packages/airflow/example_dags/example_task_group.py
[2025-01-18T00:11:45.290+0000] {logging_mixin.py:151} INFO - [2025-01-18T00:11:45.290+0000] {dag.py:2907} INFO - Sync 1 DAGs
[2025-01-18T00:11:45.375+0000] {logging_mixin.py:151} INFO - [2025-01-18T00:11:45.375+0000] {dag.py:3677} INFO - Setting next_dagrun for example_task_group to 2025-01-17T00:11:45.374501+00:00, run_after=2025-01-18T00:11:45.374501+00:00
[2025-01-18T00:11:45.563+0000] {processor.py:179} INFO - Processing /home/airflow/.local/lib/python3.8/site-packages/airflow/example_dags/example_task_group.py took 0.429 seconds
[2025-01-18T00:12:16.536+0000] {processor.py:157} INFO - Started process (PID=314) to work on /home/airflow/.local/lib/python3.8/site-packages/airflow/example_dags/example_task_group.py
[2025-01-18T00:12:16.539+0000] {processor.py:829} INFO - Processing file /home/airflow/.local/lib/python3.8/site-packages/airflow/example_dags/example_task_group.py for tasks to queue
[2025-01-18T00:12:16.543+0000] {logging_mixin.py:151} INFO - [2025-01-18T00:12:16.543+0000] {dagbag.py:539} INFO - Filling up the DagBag from /home/airflow/.local/lib/python3.8/site-packages/airflow/example_dags/example_task_group.py
[2025-01-18T00:12:16.560+0000] {processor.py:839} INFO - DAG(s) dict_keys(['example_task_group']) retrieved from /home/airflow/.local/lib/python3.8/site-packages/airflow/example_dags/example_task_group.py
[2025-01-18T00:12:16.607+0000] {logging_mixin.py:151} INFO - [2025-01-18T00:12:16.606+0000] {dag.py:2907} INFO - Sync 1 DAGs
[2025-01-18T00:12:16.657+0000] {logging_mixin.py:151} INFO - [2025-01-18T00:12:16.657+0000] {dag.py:3677} INFO - Setting next_dagrun for example_task_group to 2025-01-17T00:12:16.655361+00:00, run_after=2025-01-18T00:12:16.655361+00:00
[2025-01-18T00:12:16.689+0000] {processor.py:179} INFO - Processing /home/airflow/.local/lib/python3.8/site-packages/airflow/example_dags/example_task_group.py took 0.165 seconds
[2025-01-18T00:12:47.496+0000] {processor.py:157} INFO - Started process (PID=400) to work on /home/airflow/.local/lib/python3.8/site-packages/airflow/example_dags/example_task_group.py
[2025-01-18T00:12:47.497+0000] {processor.py:829} INFO - Processing file /home/airflow/.local/lib/python3.8/site-packages/airflow/example_dags/example_task_group.py for tasks to queue
[2025-01-18T00:12:47.502+0000] {logging_mixin.py:151} INFO - [2025-01-18T00:12:47.502+0000] {dagbag.py:539} INFO - Filling up the DagBag from /home/airflow/.local/lib/python3.8/site-packages/airflow/example_dags/example_task_group.py
[2025-01-18T00:12:47.516+0000] {processor.py:839} INFO - DAG(s) dict_keys(['example_task_group']) retrieved from /home/airflow/.local/lib/python3.8/site-packages/airflow/example_dags/example_task_group.py
[2025-01-18T00:12:47.549+0000] {logging_mixin.py:151} INFO - [2025-01-18T00:12:47.549+0000] {dag.py:2907} INFO - Sync 1 DAGs
[2025-01-18T00:12:47.582+0000] {logging_mixin.py:151} INFO - [2025-01-18T00:12:47.581+0000] {dag.py:3677} INFO - Setting next_dagrun for example_task_group to 2025-01-17T00:12:47.581410+00:00, run_after=2025-01-18T00:12:47.581410+00:00
[2025-01-18T00:12:47.608+0000] {processor.py:179} INFO - Processing /home/airflow/.local/lib/python3.8/site-packages/airflow/example_dags/example_task_group.py took 0.117 seconds
[2025-01-18T00:14:26.723+0000] {processor.py:157} INFO - Started process (PID=96) to work on /home/airflow/.local/lib/python3.8/site-packages/airflow/example_dags/example_task_group.py
[2025-01-18T00:14:26.724+0000] {processor.py:829} INFO - Processing file /home/airflow/.local/lib/python3.8/site-packages/airflow/example_dags/example_task_group.py for tasks to queue
[2025-01-18T00:14:26.728+0000] {logging_mixin.py:151} INFO - [2025-01-18T00:14:26.728+0000] {dagbag.py:539} INFO - Filling up the DagBag from /home/airflow/.local/lib/python3.8/site-packages/airflow/example_dags/example_task_group.py
[2025-01-18T00:14:26.744+0000] {processor.py:839} INFO - DAG(s) dict_keys(['example_task_group']) retrieved from /home/airflow/.local/lib/python3.8/site-packages/airflow/example_dags/example_task_group.py
[2025-01-18T00:14:26.841+0000] {logging_mixin.py:151} INFO - [2025-01-18T00:14:26.840+0000] {dag.py:2907} INFO - Sync 1 DAGs
[2025-01-18T00:14:26.977+0000] {logging_mixin.py:151} INFO - [2025-01-18T00:14:26.977+0000] {dag.py:3677} INFO - Setting next_dagrun for example_task_group to 2025-01-17T00:14:26.976520+00:00, run_after=2025-01-18T00:14:26.976520+00:00
[2025-01-18T00:14:27.021+0000] {processor.py:179} INFO - Processing /home/airflow/.local/lib/python3.8/site-packages/airflow/example_dags/example_task_group.py took 0.305 seconds
[2025-01-18T00:14:57.169+0000] {processor.py:157} INFO - Started process (PID=174) to work on /home/airflow/.local/lib/python3.8/site-packages/airflow/example_dags/example_task_group.py
[2025-01-18T00:14:57.171+0000] {processor.py:829} INFO - Processing file /home/airflow/.local/lib/python3.8/site-packages/airflow/example_dags/example_task_group.py for tasks to queue
[2025-01-18T00:14:57.175+0000] {logging_mixin.py:151} INFO - [2025-01-18T00:14:57.175+0000] {dagbag.py:539} INFO - Filling up the DagBag from /home/airflow/.local/lib/python3.8/site-packages/airflow/example_dags/example_task_group.py
[2025-01-18T00:14:57.191+0000] {processor.py:839} INFO - DAG(s) dict_keys(['example_task_group']) retrieved from /home/airflow/.local/lib/python3.8/site-packages/airflow/example_dags/example_task_group.py
[2025-01-18T00:14:57.241+0000] {logging_mixin.py:151} INFO - [2025-01-18T00:14:57.241+0000] {dag.py:2907} INFO - Sync 1 DAGs
[2025-01-18T00:14:57.292+0000] {logging_mixin.py:151} INFO - [2025-01-18T00:14:57.291+0000] {dag.py:3677} INFO - Setting next_dagrun for example_task_group to 2025-01-17T00:14:57.291145+00:00, run_after=2025-01-18T00:14:57.291145+00:00
[2025-01-18T00:14:57.336+0000] {processor.py:179} INFO - Processing /home/airflow/.local/lib/python3.8/site-packages/airflow/example_dags/example_task_group.py took 0.172 seconds
[2025-01-18T00:15:27.646+0000] {processor.py:157} INFO - Started process (PID=260) to work on /home/airflow/.local/lib/python3.8/site-packages/airflow/example_dags/example_task_group.py
[2025-01-18T00:15:27.647+0000] {processor.py:829} INFO - Processing file /home/airflow/.local/lib/python3.8/site-packages/airflow/example_dags/example_task_group.py for tasks to queue
[2025-01-18T00:15:27.651+0000] {logging_mixin.py:151} INFO - [2025-01-18T00:15:27.650+0000] {dagbag.py:539} INFO - Filling up the DagBag from /home/airflow/.local/lib/python3.8/site-packages/airflow/example_dags/example_task_group.py
[2025-01-18T00:15:27.663+0000] {processor.py:839} INFO - DAG(s) dict_keys(['example_task_group']) retrieved from /home/airflow/.local/lib/python3.8/site-packages/airflow/example_dags/example_task_group.py
[2025-01-18T00:15:27.696+0000] {logging_mixin.py:151} INFO - [2025-01-18T00:15:27.696+0000] {dag.py:2907} INFO - Sync 1 DAGs
[2025-01-18T00:15:27.729+0000] {logging_mixin.py:151} INFO - [2025-01-18T00:15:27.728+0000] {dag.py:3677} INFO - Setting next_dagrun for example_task_group to 2025-01-17T00:15:27.728652+00:00, run_after=2025-01-18T00:15:27.728652+00:00
[2025-01-18T00:15:27.755+0000] {processor.py:179} INFO - Processing /home/airflow/.local/lib/python3.8/site-packages/airflow/example_dags/example_task_group.py took 0.113 seconds
[2025-01-18T00:15:58.609+0000] {processor.py:157} INFO - Started process (PID=346) to work on /home/airflow/.local/lib/python3.8/site-packages/airflow/example_dags/example_task_group.py
[2025-01-18T00:15:58.611+0000] {processor.py:829} INFO - Processing file /home/airflow/.local/lib/python3.8/site-packages/airflow/example_dags/example_task_group.py for tasks to queue
[2025-01-18T00:15:58.615+0000] {logging_mixin.py:151} INFO - [2025-01-18T00:15:58.614+0000] {dagbag.py:539} INFO - Filling up the DagBag from /home/airflow/.local/lib/python3.8/site-packages/airflow/example_dags/example_task_group.py
[2025-01-18T00:15:58.632+0000] {processor.py:839} INFO - DAG(s) dict_keys(['example_task_group']) retrieved from /home/airflow/.local/lib/python3.8/site-packages/airflow/example_dags/example_task_group.py
[2025-01-18T00:15:58.670+0000] {logging_mixin.py:151} INFO - [2025-01-18T00:15:58.669+0000] {dag.py:2907} INFO - Sync 1 DAGs
[2025-01-18T00:15:58.706+0000] {logging_mixin.py:151} INFO - [2025-01-18T00:15:58.705+0000] {dag.py:3677} INFO - Setting next_dagrun for example_task_group to 2025-01-17T00:15:58.705507+00:00, run_after=2025-01-18T00:15:58.705507+00:00
[2025-01-18T00:15:58.760+0000] {processor.py:179} INFO - Processing /home/airflow/.local/lib/python3.8/site-packages/airflow/example_dags/example_task_group.py took 0.159 seconds
[2025-01-18T00:16:30.424+0000] {processor.py:157} INFO - Started process (PID=432) to work on /home/airflow/.local/lib/python3.8/site-packages/airflow/example_dags/example_task_group.py
[2025-01-18T00:16:30.426+0000] {processor.py:829} INFO - Processing file /home/airflow/.local/lib/python3.8/site-packages/airflow/example_dags/example_task_group.py for tasks to queue
[2025-01-18T00:16:30.431+0000] {logging_mixin.py:151} INFO - [2025-01-18T00:16:30.431+0000] {dagbag.py:539} INFO - Filling up the DagBag from /home/airflow/.local/lib/python3.8/site-packages/airflow/example_dags/example_task_group.py
[2025-01-18T00:16:30.452+0000] {processor.py:839} INFO - DAG(s) dict_keys(['example_task_group']) retrieved from /home/airflow/.local/lib/python3.8/site-packages/airflow/example_dags/example_task_group.py
[2025-01-18T00:16:30.510+0000] {logging_mixin.py:151} INFO - [2025-01-18T00:16:30.510+0000] {dag.py:2907} INFO - Sync 1 DAGs
[2025-01-18T00:16:30.606+0000] {logging_mixin.py:151} INFO - [2025-01-18T00:16:30.605+0000] {dag.py:3677} INFO - Setting next_dagrun for example_task_group to 2025-01-17T00:16:30.599779+00:00, run_after=2025-01-18T00:16:30.599779+00:00
[2025-01-18T00:16:30.671+0000] {processor.py:179} INFO - Processing /home/airflow/.local/lib/python3.8/site-packages/airflow/example_dags/example_task_group.py took 0.251 seconds
[2025-01-18T00:17:01.080+0000] {processor.py:157} INFO - Started process (PID=527) to work on /home/airflow/.local/lib/python3.8/site-packages/airflow/example_dags/example_task_group.py
[2025-01-18T00:17:01.082+0000] {processor.py:829} INFO - Processing file /home/airflow/.local/lib/python3.8/site-packages/airflow/example_dags/example_task_group.py for tasks to queue
[2025-01-18T00:17:01.086+0000] {logging_mixin.py:151} INFO - [2025-01-18T00:17:01.085+0000] {dagbag.py:539} INFO - Filling up the DagBag from /home/airflow/.local/lib/python3.8/site-packages/airflow/example_dags/example_task_group.py
[2025-01-18T00:17:01.103+0000] {processor.py:839} INFO - DAG(s) dict_keys(['example_task_group']) retrieved from /home/airflow/.local/lib/python3.8/site-packages/airflow/example_dags/example_task_group.py
[2025-01-18T00:17:01.148+0000] {logging_mixin.py:151} INFO - [2025-01-18T00:17:01.148+0000] {dag.py:2907} INFO - Sync 1 DAGs
[2025-01-18T00:17:01.196+0000] {logging_mixin.py:151} INFO - [2025-01-18T00:17:01.195+0000] {dag.py:3677} INFO - Setting next_dagrun for example_task_group to 2025-01-17T00:17:01.195319+00:00, run_after=2025-01-18T00:17:01.195319+00:00
[2025-01-18T00:17:01.235+0000] {processor.py:179} INFO - Processing /home/airflow/.local/lib/python3.8/site-packages/airflow/example_dags/example_task_group.py took 0.162 seconds
[2025-01-18T00:17:33.855+0000] {processor.py:157} INFO - Started process (PID=602) to work on /home/airflow/.local/lib/python3.8/site-packages/airflow/example_dags/example_task_group.py
[2025-01-18T00:17:33.859+0000] {processor.py:829} INFO - Processing file /home/airflow/.local/lib/python3.8/site-packages/airflow/example_dags/example_task_group.py for tasks to queue
[2025-01-18T00:17:33.865+0000] {logging_mixin.py:151} INFO - [2025-01-18T00:17:33.864+0000] {dagbag.py:539} INFO - Filling up the DagBag from /home/airflow/.local/lib/python3.8/site-packages/airflow/example_dags/example_task_group.py
[2025-01-18T00:17:33.888+0000] {processor.py:839} INFO - DAG(s) dict_keys(['example_task_group']) retrieved from /home/airflow/.local/lib/python3.8/site-packages/airflow/example_dags/example_task_group.py
[2025-01-18T00:17:33.950+0000] {logging_mixin.py:151} INFO - [2025-01-18T00:17:33.949+0000] {dag.py:2907} INFO - Sync 1 DAGs
[2025-01-18T00:17:34.019+0000] {logging_mixin.py:151} INFO - [2025-01-18T00:17:34.018+0000] {dag.py:3677} INFO - Setting next_dagrun for example_task_group to 2025-01-17T00:17:34.018137+00:00, run_after=2025-01-18T00:17:34.018137+00:00
[2025-01-18T00:17:34.085+0000] {processor.py:179} INFO - Processing /home/airflow/.local/lib/python3.8/site-packages/airflow/example_dags/example_task_group.py took 0.239 seconds
[2025-01-18T00:18:05.033+0000] {processor.py:157} INFO - Started process (PID=687) to work on /home/airflow/.local/lib/python3.8/site-packages/airflow/example_dags/example_task_group.py
[2025-01-18T00:18:05.034+0000] {processor.py:829} INFO - Processing file /home/airflow/.local/lib/python3.8/site-packages/airflow/example_dags/example_task_group.py for tasks to queue
[2025-01-18T00:18:05.037+0000] {logging_mixin.py:151} INFO - [2025-01-18T00:18:05.037+0000] {dagbag.py:539} INFO - Filling up the DagBag from /home/airflow/.local/lib/python3.8/site-packages/airflow/example_dags/example_task_group.py
[2025-01-18T00:18:05.049+0000] {processor.py:839} INFO - DAG(s) dict_keys(['example_task_group']) retrieved from /home/airflow/.local/lib/python3.8/site-packages/airflow/example_dags/example_task_group.py
[2025-01-18T00:18:05.077+0000] {logging_mixin.py:151} INFO - [2025-01-18T00:18:05.076+0000] {dag.py:2907} INFO - Sync 1 DAGs
[2025-01-18T00:18:05.112+0000] {logging_mixin.py:151} INFO - [2025-01-18T00:18:05.112+0000] {dag.py:3677} INFO - Setting next_dagrun for example_task_group to 2025-01-17T00:18:05.112321+00:00, run_after=2025-01-18T00:18:05.112321+00:00
[2025-01-18T00:18:05.137+0000] {processor.py:179} INFO - Processing /home/airflow/.local/lib/python3.8/site-packages/airflow/example_dags/example_task_group.py took 0.108 seconds
[2025-01-18T00:18:35.651+0000] {processor.py:157} INFO - Started process (PID=766) to work on /home/airflow/.local/lib/python3.8/site-packages/airflow/example_dags/example_task_group.py
[2025-01-18T00:18:35.652+0000] {processor.py:829} INFO - Processing file /home/airflow/.local/lib/python3.8/site-packages/airflow/example_dags/example_task_group.py for tasks to queue
[2025-01-18T00:18:35.656+0000] {logging_mixin.py:151} INFO - [2025-01-18T00:18:35.655+0000] {dagbag.py:539} INFO - Filling up the DagBag from /home/airflow/.local/lib/python3.8/site-packages/airflow/example_dags/example_task_group.py
[2025-01-18T00:18:35.665+0000] {processor.py:839} INFO - DAG(s) dict_keys(['example_task_group']) retrieved from /home/airflow/.local/lib/python3.8/site-packages/airflow/example_dags/example_task_group.py
[2025-01-18T00:18:35.706+0000] {logging_mixin.py:151} INFO - [2025-01-18T00:18:35.706+0000] {dag.py:2907} INFO - Sync 1 DAGs
[2025-01-18T00:18:35.739+0000] {logging_mixin.py:151} INFO - [2025-01-18T00:18:35.738+0000] {dag.py:3677} INFO - Setting next_dagrun for example_task_group to 2025-01-17T00:18:35.738452+00:00, run_after=2025-01-18T00:18:35.738452+00:00
[2025-01-18T00:18:35.766+0000] {processor.py:179} INFO - Processing /home/airflow/.local/lib/python3.8/site-packages/airflow/example_dags/example_task_group.py took 0.119 seconds
[2025-01-18T00:19:06.020+0000] {processor.py:157} INFO - Started process (PID=852) to work on /home/airflow/.local/lib/python3.8/site-packages/airflow/example_dags/example_task_group.py
[2025-01-18T00:19:06.023+0000] {processor.py:829} INFO - Processing file /home/airflow/.local/lib/python3.8/site-packages/airflow/example_dags/example_task_group.py for tasks to queue
[2025-01-18T00:19:06.030+0000] {logging_mixin.py:151} INFO - [2025-01-18T00:19:06.029+0000] {dagbag.py:539} INFO - Filling up the DagBag from /home/airflow/.local/lib/python3.8/site-packages/airflow/example_dags/example_task_group.py
[2025-01-18T00:19:06.063+0000] {processor.py:839} INFO - DAG(s) dict_keys(['example_task_group']) retrieved from /home/airflow/.local/lib/python3.8/site-packages/airflow/example_dags/example_task_group.py
[2025-01-18T00:19:06.143+0000] {logging_mixin.py:151} INFO - [2025-01-18T00:19:06.143+0000] {dag.py:2907} INFO - Sync 1 DAGs
[2025-01-18T00:19:06.234+0000] {logging_mixin.py:151} INFO - [2025-01-18T00:19:06.234+0000] {dag.py:3677} INFO - Setting next_dagrun for example_task_group to 2025-01-17T00:19:06.233938+00:00, run_after=2025-01-18T00:19:06.233938+00:00
[2025-01-18T00:19:06.307+0000] {processor.py:179} INFO - Processing /home/airflow/.local/lib/python3.8/site-packages/airflow/example_dags/example_task_group.py took 0.295 seconds
[2025-01-18T00:19:36.744+0000] {processor.py:157} INFO - Started process (PID=938) to work on /home/airflow/.local/lib/python3.8/site-packages/airflow/example_dags/example_task_group.py
[2025-01-18T00:19:36.746+0000] {processor.py:829} INFO - Processing file /home/airflow/.local/lib/python3.8/site-packages/airflow/example_dags/example_task_group.py for tasks to queue
[2025-01-18T00:19:36.751+0000] {logging_mixin.py:151} INFO - [2025-01-18T00:19:36.750+0000] {dagbag.py:539} INFO - Filling up the DagBag from /home/airflow/.local/lib/python3.8/site-packages/airflow/example_dags/example_task_group.py
[2025-01-18T00:19:36.769+0000] {processor.py:839} INFO - DAG(s) dict_keys(['example_task_group']) retrieved from /home/airflow/.local/lib/python3.8/site-packages/airflow/example_dags/example_task_group.py
[2025-01-18T00:19:36.819+0000] {logging_mixin.py:151} INFO - [2025-01-18T00:19:36.819+0000] {dag.py:2907} INFO - Sync 1 DAGs
[2025-01-18T00:19:36.870+0000] {logging_mixin.py:151} INFO - [2025-01-18T00:19:36.870+0000] {dag.py:3677} INFO - Setting next_dagrun for example_task_group to 2025-01-17T00:19:36.869845+00:00, run_after=2025-01-18T00:19:36.869845+00:00
[2025-01-18T00:19:36.903+0000] {processor.py:179} INFO - Processing /home/airflow/.local/lib/python3.8/site-packages/airflow/example_dags/example_task_group.py took 0.168 seconds
[2025-01-18T00:20:07.111+0000] {processor.py:157} INFO - Started process (PID=1024) to work on /home/airflow/.local/lib/python3.8/site-packages/airflow/example_dags/example_task_group.py
[2025-01-18T00:20:07.113+0000] {processor.py:829} INFO - Processing file /home/airflow/.local/lib/python3.8/site-packages/airflow/example_dags/example_task_group.py for tasks to queue
[2025-01-18T00:20:07.119+0000] {logging_mixin.py:151} INFO - [2025-01-18T00:20:07.118+0000] {dagbag.py:539} INFO - Filling up the DagBag from /home/airflow/.local/lib/python3.8/site-packages/airflow/example_dags/example_task_group.py
[2025-01-18T00:20:07.139+0000] {processor.py:839} INFO - DAG(s) dict_keys(['example_task_group']) retrieved from /home/airflow/.local/lib/python3.8/site-packages/airflow/example_dags/example_task_group.py
[2025-01-18T00:20:07.199+0000] {logging_mixin.py:151} INFO - [2025-01-18T00:20:07.199+0000] {dag.py:2907} INFO - Sync 1 DAGs
[2025-01-18T00:20:07.260+0000] {logging_mixin.py:151} INFO - [2025-01-18T00:20:07.260+0000] {dag.py:3677} INFO - Setting next_dagrun for example_task_group to 2025-01-17T00:20:07.259430+00:00, run_after=2025-01-18T00:20:07.259430+00:00
[2025-01-18T00:20:07.306+0000] {processor.py:179} INFO - Processing /home/airflow/.local/lib/python3.8/site-packages/airflow/example_dags/example_task_group.py took 0.203 seconds
[2025-01-18T00:20:37.969+0000] {processor.py:157} INFO - Started process (PID=1099) to work on /home/airflow/.local/lib/python3.8/site-packages/airflow/example_dags/example_task_group.py
[2025-01-18T00:20:37.970+0000] {processor.py:829} INFO - Processing file /home/airflow/.local/lib/python3.8/site-packages/airflow/example_dags/example_task_group.py for tasks to queue
[2025-01-18T00:20:37.974+0000] {logging_mixin.py:151} INFO - [2025-01-18T00:20:37.973+0000] {dagbag.py:539} INFO - Filling up the DagBag from /home/airflow/.local/lib/python3.8/site-packages/airflow/example_dags/example_task_group.py
[2025-01-18T00:20:37.985+0000] {processor.py:839} INFO - DAG(s) dict_keys(['example_task_group']) retrieved from /home/airflow/.local/lib/python3.8/site-packages/airflow/example_dags/example_task_group.py
[2025-01-18T00:20:38.017+0000] {logging_mixin.py:151} INFO - [2025-01-18T00:20:38.017+0000] {dag.py:2907} INFO - Sync 1 DAGs
[2025-01-18T00:20:38.051+0000] {logging_mixin.py:151} INFO - [2025-01-18T00:20:38.051+0000] {dag.py:3677} INFO - Setting next_dagrun for example_task_group to 2025-01-17T00:20:38.050930+00:00, run_after=2025-01-18T00:20:38.050930+00:00
[2025-01-18T00:20:38.086+0000] {processor.py:179} INFO - Processing /home/airflow/.local/lib/python3.8/site-packages/airflow/example_dags/example_task_group.py took 0.122 seconds
[2025-01-18T00:21:08.485+0000] {processor.py:157} INFO - Started process (PID=1184) to work on /home/airflow/.local/lib/python3.8/site-packages/airflow/example_dags/example_task_group.py
[2025-01-18T00:21:08.487+0000] {processor.py:829} INFO - Processing file /home/airflow/.local/lib/python3.8/site-packages/airflow/example_dags/example_task_group.py for tasks to queue
[2025-01-18T00:21:08.490+0000] {logging_mixin.py:151} INFO - [2025-01-18T00:21:08.490+0000] {dagbag.py:539} INFO - Filling up the DagBag from /home/airflow/.local/lib/python3.8/site-packages/airflow/example_dags/example_task_group.py
[2025-01-18T00:21:08.506+0000] {processor.py:839} INFO - DAG(s) dict_keys(['example_task_group']) retrieved from /home/airflow/.local/lib/python3.8/site-packages/airflow/example_dags/example_task_group.py
[2025-01-18T00:21:08.541+0000] {logging_mixin.py:151} INFO - [2025-01-18T00:21:08.540+0000] {dag.py:2907} INFO - Sync 1 DAGs
[2025-01-18T00:21:08.574+0000] {logging_mixin.py:151} INFO - [2025-01-18T00:21:08.573+0000] {dag.py:3677} INFO - Setting next_dagrun for example_task_group to 2025-01-17T00:21:08.573555+00:00, run_after=2025-01-18T00:21:08.573555+00:00
[2025-01-18T00:21:08.602+0000] {processor.py:179} INFO - Processing /home/airflow/.local/lib/python3.8/site-packages/airflow/example_dags/example_task_group.py took 0.122 seconds
[2025-01-18T00:32:03.083+0000] {processor.py:157} INFO - Started process (PID=127) to work on /home/airflow/.local/lib/python3.8/site-packages/airflow/example_dags/example_task_group.py
[2025-01-18T00:32:03.085+0000] {processor.py:829} INFO - Processing file /home/airflow/.local/lib/python3.8/site-packages/airflow/example_dags/example_task_group.py for tasks to queue
[2025-01-18T00:32:03.091+0000] {logging_mixin.py:151} INFO - [2025-01-18T00:32:03.090+0000] {dagbag.py:539} INFO - Filling up the DagBag from /home/airflow/.local/lib/python3.8/site-packages/airflow/example_dags/example_task_group.py
[2025-01-18T00:32:03.109+0000] {processor.py:839} INFO - DAG(s) dict_keys(['example_task_group']) retrieved from /home/airflow/.local/lib/python3.8/site-packages/airflow/example_dags/example_task_group.py
[2025-01-18T00:32:03.161+0000] {logging_mixin.py:151} INFO - [2025-01-18T00:32:03.160+0000] {dag.py:2907} INFO - Sync 1 DAGs
[2025-01-18T00:32:03.247+0000] {logging_mixin.py:151} INFO - [2025-01-18T00:32:03.246+0000] {dag.py:3677} INFO - Setting next_dagrun for example_task_group to 2025-01-17T00:32:03.245871+00:00, run_after=2025-01-18T00:32:03.245871+00:00
[2025-01-18T00:32:03.284+0000] {processor.py:179} INFO - Processing /home/airflow/.local/lib/python3.8/site-packages/airflow/example_dags/example_task_group.py took 0.207 seconds
[2025-01-18T00:32:34.235+0000] {processor.py:157} INFO - Started process (PID=212) to work on /home/airflow/.local/lib/python3.8/site-packages/airflow/example_dags/example_task_group.py
[2025-01-18T00:32:34.237+0000] {processor.py:829} INFO - Processing file /home/airflow/.local/lib/python3.8/site-packages/airflow/example_dags/example_task_group.py for tasks to queue
[2025-01-18T00:32:34.242+0000] {logging_mixin.py:151} INFO - [2025-01-18T00:32:34.241+0000] {dagbag.py:539} INFO - Filling up the DagBag from /home/airflow/.local/lib/python3.8/site-packages/airflow/example_dags/example_task_group.py
[2025-01-18T00:32:34.257+0000] {processor.py:839} INFO - DAG(s) dict_keys(['example_task_group']) retrieved from /home/airflow/.local/lib/python3.8/site-packages/airflow/example_dags/example_task_group.py
[2025-01-18T00:32:34.295+0000] {logging_mixin.py:151} INFO - [2025-01-18T00:32:34.295+0000] {dag.py:2907} INFO - Sync 1 DAGs
[2025-01-18T00:32:34.341+0000] {logging_mixin.py:151} INFO - [2025-01-18T00:32:34.340+0000] {dag.py:3677} INFO - Setting next_dagrun for example_task_group to 2025-01-17T00:32:34.340463+00:00, run_after=2025-01-18T00:32:34.340463+00:00
[2025-01-18T00:32:34.365+0000] {processor.py:179} INFO - Processing /home/airflow/.local/lib/python3.8/site-packages/airflow/example_dags/example_task_group.py took 0.135 seconds
[2025-01-18T00:54:43.830+0000] {processor.py:157} INFO - Started process (PID=107) to work on /home/airflow/.local/lib/python3.8/site-packages/airflow/example_dags/example_task_group.py
[2025-01-18T00:54:43.832+0000] {processor.py:829} INFO - Processing file /home/airflow/.local/lib/python3.8/site-packages/airflow/example_dags/example_task_group.py for tasks to queue
[2025-01-18T00:54:43.835+0000] {logging_mixin.py:151} INFO - [2025-01-18T00:54:43.835+0000] {dagbag.py:539} INFO - Filling up the DagBag from /home/airflow/.local/lib/python3.8/site-packages/airflow/example_dags/example_task_group.py
[2025-01-18T00:54:43.849+0000] {processor.py:839} INFO - DAG(s) dict_keys(['example_task_group']) retrieved from /home/airflow/.local/lib/python3.8/site-packages/airflow/example_dags/example_task_group.py
[2025-01-18T00:54:43.886+0000] {logging_mixin.py:151} INFO - [2025-01-18T00:54:43.886+0000] {dag.py:2907} INFO - Sync 1 DAGs
[2025-01-18T00:54:43.925+0000] {logging_mixin.py:151} INFO - [2025-01-18T00:54:43.924+0000] {dag.py:3677} INFO - Setting next_dagrun for example_task_group to 2025-01-17T00:54:43.924683+00:00, run_after=2025-01-18T00:54:43.924683+00:00
[2025-01-18T00:54:43.954+0000] {processor.py:179} INFO - Processing /home/airflow/.local/lib/python3.8/site-packages/airflow/example_dags/example_task_group.py took 0.129 seconds
[2025-01-18T00:55:14.940+0000] {processor.py:157} INFO - Started process (PID=182) to work on /home/airflow/.local/lib/python3.8/site-packages/airflow/example_dags/example_task_group.py
[2025-01-18T00:55:14.949+0000] {processor.py:829} INFO - Processing file /home/airflow/.local/lib/python3.8/site-packages/airflow/example_dags/example_task_group.py for tasks to queue
[2025-01-18T00:55:14.956+0000] {logging_mixin.py:151} INFO - [2025-01-18T00:55:14.955+0000] {dagbag.py:539} INFO - Filling up the DagBag from /home/airflow/.local/lib/python3.8/site-packages/airflow/example_dags/example_task_group.py
[2025-01-18T00:55:14.977+0000] {processor.py:839} INFO - DAG(s) dict_keys(['example_task_group']) retrieved from /home/airflow/.local/lib/python3.8/site-packages/airflow/example_dags/example_task_group.py
[2025-01-18T00:55:15.029+0000] {logging_mixin.py:151} INFO - [2025-01-18T00:55:15.028+0000] {dag.py:2907} INFO - Sync 1 DAGs
[2025-01-18T00:55:15.080+0000] {logging_mixin.py:151} INFO - [2025-01-18T00:55:15.079+0000] {dag.py:3677} INFO - Setting next_dagrun for example_task_group to 2025-01-17T00:55:15.079387+00:00, run_after=2025-01-18T00:55:15.079387+00:00
[2025-01-18T00:55:15.110+0000] {processor.py:179} INFO - Processing /home/airflow/.local/lib/python3.8/site-packages/airflow/example_dags/example_task_group.py took 0.178 seconds
[2025-01-18T00:55:45.497+0000] {processor.py:157} INFO - Started process (PID=267) to work on /home/airflow/.local/lib/python3.8/site-packages/airflow/example_dags/example_task_group.py
[2025-01-18T00:55:45.498+0000] {processor.py:829} INFO - Processing file /home/airflow/.local/lib/python3.8/site-packages/airflow/example_dags/example_task_group.py for tasks to queue
[2025-01-18T00:55:45.502+0000] {logging_mixin.py:151} INFO - [2025-01-18T00:55:45.502+0000] {dagbag.py:539} INFO - Filling up the DagBag from /home/airflow/.local/lib/python3.8/site-packages/airflow/example_dags/example_task_group.py
[2025-01-18T00:55:45.515+0000] {processor.py:839} INFO - DAG(s) dict_keys(['example_task_group']) retrieved from /home/airflow/.local/lib/python3.8/site-packages/airflow/example_dags/example_task_group.py
[2025-01-18T00:55:45.544+0000] {logging_mixin.py:151} INFO - [2025-01-18T00:55:45.544+0000] {dag.py:2907} INFO - Sync 1 DAGs
[2025-01-18T00:55:45.574+0000] {logging_mixin.py:151} INFO - [2025-01-18T00:55:45.574+0000] {dag.py:3677} INFO - Setting next_dagrun for example_task_group to 2025-01-17T00:55:45.574090+00:00, run_after=2025-01-18T00:55:45.574090+00:00
[2025-01-18T00:55:45.598+0000] {processor.py:179} INFO - Processing /home/airflow/.local/lib/python3.8/site-packages/airflow/example_dags/example_task_group.py took 0.105 seconds
[2025-01-18T00:56:16.163+0000] {processor.py:157} INFO - Started process (PID=347) to work on /home/airflow/.local/lib/python3.8/site-packages/airflow/example_dags/example_task_group.py
[2025-01-18T00:56:16.164+0000] {processor.py:829} INFO - Processing file /home/airflow/.local/lib/python3.8/site-packages/airflow/example_dags/example_task_group.py for tasks to queue
[2025-01-18T00:56:16.168+0000] {logging_mixin.py:151} INFO - [2025-01-18T00:56:16.167+0000] {dagbag.py:539} INFO - Filling up the DagBag from /home/airflow/.local/lib/python3.8/site-packages/airflow/example_dags/example_task_group.py
[2025-01-18T00:56:16.183+0000] {processor.py:839} INFO - DAG(s) dict_keys(['example_task_group']) retrieved from /home/airflow/.local/lib/python3.8/site-packages/airflow/example_dags/example_task_group.py
[2025-01-18T00:56:16.225+0000] {logging_mixin.py:151} INFO - [2025-01-18T00:56:16.225+0000] {dag.py:2907} INFO - Sync 1 DAGs
[2025-01-18T00:56:16.256+0000] {logging_mixin.py:151} INFO - [2025-01-18T00:56:16.255+0000] {dag.py:3677} INFO - Setting next_dagrun for example_task_group to 2025-01-17T00:56:16.255547+00:00, run_after=2025-01-18T00:56:16.255547+00:00
[2025-01-18T00:56:16.280+0000] {processor.py:179} INFO - Processing /home/airflow/.local/lib/python3.8/site-packages/airflow/example_dags/example_task_group.py took 0.123 seconds
[2025-01-18T00:56:46.876+0000] {processor.py:157} INFO - Started process (PID=432) to work on /home/airflow/.local/lib/python3.8/site-packages/airflow/example_dags/example_task_group.py
[2025-01-18T00:56:46.878+0000] {processor.py:829} INFO - Processing file /home/airflow/.local/lib/python3.8/site-packages/airflow/example_dags/example_task_group.py for tasks to queue
[2025-01-18T00:56:46.881+0000] {logging_mixin.py:151} INFO - [2025-01-18T00:56:46.881+0000] {dagbag.py:539} INFO - Filling up the DagBag from /home/airflow/.local/lib/python3.8/site-packages/airflow/example_dags/example_task_group.py
[2025-01-18T00:56:46.894+0000] {processor.py:839} INFO - DAG(s) dict_keys(['example_task_group']) retrieved from /home/airflow/.local/lib/python3.8/site-packages/airflow/example_dags/example_task_group.py
[2025-01-18T00:56:46.936+0000] {logging_mixin.py:151} INFO - [2025-01-18T00:56:46.936+0000] {dag.py:2907} INFO - Sync 1 DAGs
[2025-01-18T00:56:46.980+0000] {logging_mixin.py:151} INFO - [2025-01-18T00:56:46.980+0000] {dag.py:3677} INFO - Setting next_dagrun for example_task_group to 2025-01-17T00:56:46.979627+00:00, run_after=2025-01-18T00:56:46.979627+00:00
[2025-01-18T00:56:47.012+0000] {processor.py:179} INFO - Processing /home/airflow/.local/lib/python3.8/site-packages/airflow/example_dags/example_task_group.py took 0.142 seconds
[2025-01-18T00:57:17.890+0000] {processor.py:157} INFO - Started process (PID=507) to work on /home/airflow/.local/lib/python3.8/site-packages/airflow/example_dags/example_task_group.py
[2025-01-18T00:57:17.892+0000] {processor.py:829} INFO - Processing file /home/airflow/.local/lib/python3.8/site-packages/airflow/example_dags/example_task_group.py for tasks to queue
[2025-01-18T00:57:17.898+0000] {logging_mixin.py:151} INFO - [2025-01-18T00:57:17.897+0000] {dagbag.py:539} INFO - Filling up the DagBag from /home/airflow/.local/lib/python3.8/site-packages/airflow/example_dags/example_task_group.py
[2025-01-18T00:57:17.916+0000] {processor.py:839} INFO - DAG(s) dict_keys(['example_task_group']) retrieved from /home/airflow/.local/lib/python3.8/site-packages/airflow/example_dags/example_task_group.py
[2025-01-18T00:57:17.962+0000] {logging_mixin.py:151} INFO - [2025-01-18T00:57:17.961+0000] {dag.py:2907} INFO - Sync 1 DAGs
[2025-01-18T00:57:18.008+0000] {logging_mixin.py:151} INFO - [2025-01-18T00:57:18.008+0000] {dag.py:3677} INFO - Setting next_dagrun for example_task_group to 2025-01-17T00:57:18.007814+00:00, run_after=2025-01-18T00:57:18.007814+00:00
[2025-01-18T00:57:18.040+0000] {processor.py:179} INFO - Processing /home/airflow/.local/lib/python3.8/site-packages/airflow/example_dags/example_task_group.py took 0.156 seconds
[2025-01-18T00:57:48.511+0000] {processor.py:157} INFO - Started process (PID=585) to work on /home/airflow/.local/lib/python3.8/site-packages/airflow/example_dags/example_task_group.py
[2025-01-18T00:57:48.531+0000] {processor.py:829} INFO - Processing file /home/airflow/.local/lib/python3.8/site-packages/airflow/example_dags/example_task_group.py for tasks to queue
[2025-01-18T00:57:48.540+0000] {logging_mixin.py:151} INFO - [2025-01-18T00:57:48.540+0000] {dagbag.py:539} INFO - Filling up the DagBag from /home/airflow/.local/lib/python3.8/site-packages/airflow/example_dags/example_task_group.py
[2025-01-18T00:57:48.556+0000] {processor.py:839} INFO - DAG(s) dict_keys(['example_task_group']) retrieved from /home/airflow/.local/lib/python3.8/site-packages/airflow/example_dags/example_task_group.py
[2025-01-18T00:57:48.594+0000] {logging_mixin.py:151} INFO - [2025-01-18T00:57:48.593+0000] {dag.py:2907} INFO - Sync 1 DAGs
[2025-01-18T00:57:48.633+0000] {logging_mixin.py:151} INFO - [2025-01-18T00:57:48.632+0000] {dag.py:3677} INFO - Setting next_dagrun for example_task_group to 2025-01-17T00:57:48.632576+00:00, run_after=2025-01-18T00:57:48.632576+00:00
[2025-01-18T00:57:48.659+0000] {processor.py:179} INFO - Processing /home/airflow/.local/lib/python3.8/site-packages/airflow/example_dags/example_task_group.py took 0.157 seconds
[2025-01-18T00:58:19.841+0000] {processor.py:157} INFO - Started process (PID=671) to work on /home/airflow/.local/lib/python3.8/site-packages/airflow/example_dags/example_task_group.py
[2025-01-18T00:58:19.843+0000] {processor.py:829} INFO - Processing file /home/airflow/.local/lib/python3.8/site-packages/airflow/example_dags/example_task_group.py for tasks to queue
[2025-01-18T00:58:19.847+0000] {logging_mixin.py:151} INFO - [2025-01-18T00:58:19.847+0000] {dagbag.py:539} INFO - Filling up the DagBag from /home/airflow/.local/lib/python3.8/site-packages/airflow/example_dags/example_task_group.py
[2025-01-18T00:58:19.861+0000] {processor.py:839} INFO - DAG(s) dict_keys(['example_task_group']) retrieved from /home/airflow/.local/lib/python3.8/site-packages/airflow/example_dags/example_task_group.py
[2025-01-18T00:58:19.911+0000] {logging_mixin.py:151} INFO - [2025-01-18T00:58:19.911+0000] {dag.py:2907} INFO - Sync 1 DAGs
[2025-01-18T00:58:19.963+0000] {logging_mixin.py:151} INFO - [2025-01-18T00:58:19.963+0000] {dag.py:3677} INFO - Setting next_dagrun for example_task_group to 2025-01-17T00:58:19.962693+00:00, run_after=2025-01-18T00:58:19.962693+00:00
[2025-01-18T00:58:20.006+0000] {processor.py:179} INFO - Processing /home/airflow/.local/lib/python3.8/site-packages/airflow/example_dags/example_task_group.py took 0.172 seconds
[2025-01-18T00:58:59.431+0000] {processor.py:157} INFO - Started process (PID=764) to work on /home/airflow/.local/lib/python3.8/site-packages/airflow/example_dags/example_task_group.py
[2025-01-18T00:58:59.453+0000] {processor.py:829} INFO - Processing file /home/airflow/.local/lib/python3.8/site-packages/airflow/example_dags/example_task_group.py for tasks to queue
[2025-01-18T00:58:59.489+0000] {logging_mixin.py:151} INFO - [2025-01-18T00:58:59.488+0000] {dagbag.py:539} INFO - Filling up the DagBag from /home/airflow/.local/lib/python3.8/site-packages/airflow/example_dags/example_task_group.py
[2025-01-18T00:58:59.591+0000] {processor.py:839} INFO - DAG(s) dict_keys(['example_task_group']) retrieved from /home/airflow/.local/lib/python3.8/site-packages/airflow/example_dags/example_task_group.py
[2025-01-18T00:58:59.689+0000] {logging_mixin.py:151} INFO - [2025-01-18T00:58:59.689+0000] {dag.py:2907} INFO - Sync 1 DAGs
[2025-01-18T00:58:59.822+0000] {logging_mixin.py:151} INFO - [2025-01-18T00:58:59.822+0000] {dag.py:3677} INFO - Setting next_dagrun for example_task_group to 2025-01-17T00:58:59.821303+00:00, run_after=2025-01-18T00:58:59.821303+00:00
[2025-01-18T00:58:59.935+0000] {processor.py:179} INFO - Processing /home/airflow/.local/lib/python3.8/site-packages/airflow/example_dags/example_task_group.py took 0.523 seconds
[2025-01-18T00:59:30.219+0000] {processor.py:157} INFO - Started process (PID=849) to work on /home/airflow/.local/lib/python3.8/site-packages/airflow/example_dags/example_task_group.py
[2025-01-18T00:59:30.221+0000] {processor.py:829} INFO - Processing file /home/airflow/.local/lib/python3.8/site-packages/airflow/example_dags/example_task_group.py for tasks to queue
[2025-01-18T00:59:30.226+0000] {logging_mixin.py:151} INFO - [2025-01-18T00:59:30.226+0000] {dagbag.py:539} INFO - Filling up the DagBag from /home/airflow/.local/lib/python3.8/site-packages/airflow/example_dags/example_task_group.py
[2025-01-18T00:59:30.246+0000] {processor.py:839} INFO - DAG(s) dict_keys(['example_task_group']) retrieved from /home/airflow/.local/lib/python3.8/site-packages/airflow/example_dags/example_task_group.py
[2025-01-18T00:59:30.306+0000] {logging_mixin.py:151} INFO - [2025-01-18T00:59:30.305+0000] {dag.py:2907} INFO - Sync 1 DAGs
[2025-01-18T00:59:30.373+0000] {logging_mixin.py:151} INFO - [2025-01-18T00:59:30.373+0000] {dag.py:3677} INFO - Setting next_dagrun for example_task_group to 2025-01-17T00:59:30.373012+00:00, run_after=2025-01-18T00:59:30.373012+00:00
[2025-01-18T00:59:30.428+0000] {processor.py:179} INFO - Processing /home/airflow/.local/lib/python3.8/site-packages/airflow/example_dags/example_task_group.py took 0.217 seconds
[2025-01-18T01:00:00.593+0000] {processor.py:157} INFO - Started process (PID=915) to work on /home/airflow/.local/lib/python3.8/site-packages/airflow/example_dags/example_task_group.py
[2025-01-18T01:00:00.595+0000] {processor.py:829} INFO - Processing file /home/airflow/.local/lib/python3.8/site-packages/airflow/example_dags/example_task_group.py for tasks to queue
[2025-01-18T01:00:00.599+0000] {logging_mixin.py:151} INFO - [2025-01-18T01:00:00.599+0000] {dagbag.py:539} INFO - Filling up the DagBag from /home/airflow/.local/lib/python3.8/site-packages/airflow/example_dags/example_task_group.py
[2025-01-18T01:00:00.615+0000] {processor.py:839} INFO - DAG(s) dict_keys(['example_task_group']) retrieved from /home/airflow/.local/lib/python3.8/site-packages/airflow/example_dags/example_task_group.py
[2025-01-18T01:00:00.659+0000] {logging_mixin.py:151} INFO - [2025-01-18T01:00:00.658+0000] {dag.py:2907} INFO - Sync 1 DAGs
[2025-01-18T01:00:00.707+0000] {logging_mixin.py:151} INFO - [2025-01-18T01:00:00.707+0000] {dag.py:3677} INFO - Setting next_dagrun for example_task_group to 2025-01-17T01:00:00.706929+00:00, run_after=2025-01-18T01:00:00.706929+00:00
[2025-01-18T01:00:00.745+0000] {processor.py:179} INFO - Processing /home/airflow/.local/lib/python3.8/site-packages/airflow/example_dags/example_task_group.py took 0.158 seconds
[2025-01-18T01:00:30.857+0000] {processor.py:157} INFO - Started process (PID=1001) to work on /home/airflow/.local/lib/python3.8/site-packages/airflow/example_dags/example_task_group.py
[2025-01-18T01:00:30.863+0000] {processor.py:829} INFO - Processing file /home/airflow/.local/lib/python3.8/site-packages/airflow/example_dags/example_task_group.py for tasks to queue
[2025-01-18T01:00:30.870+0000] {logging_mixin.py:151} INFO - [2025-01-18T01:00:30.870+0000] {dagbag.py:539} INFO - Filling up the DagBag from /home/airflow/.local/lib/python3.8/site-packages/airflow/example_dags/example_task_group.py
[2025-01-18T01:00:30.903+0000] {processor.py:839} INFO - DAG(s) dict_keys(['example_task_group']) retrieved from /home/airflow/.local/lib/python3.8/site-packages/airflow/example_dags/example_task_group.py
[2025-01-18T01:00:30.985+0000] {logging_mixin.py:151} INFO - [2025-01-18T01:00:30.985+0000] {dag.py:2907} INFO - Sync 1 DAGs
[2025-01-18T01:00:31.071+0000] {logging_mixin.py:151} INFO - [2025-01-18T01:00:31.070+0000] {dag.py:3677} INFO - Setting next_dagrun for example_task_group to 2025-01-17T01:00:31.070371+00:00, run_after=2025-01-18T01:00:31.070371+00:00
[2025-01-18T01:00:31.187+0000] {processor.py:179} INFO - Processing /home/airflow/.local/lib/python3.8/site-packages/airflow/example_dags/example_task_group.py took 0.342 seconds
[2025-01-18T01:01:01.339+0000] {processor.py:157} INFO - Started process (PID=1087) to work on /home/airflow/.local/lib/python3.8/site-packages/airflow/example_dags/example_task_group.py
[2025-01-18T01:01:01.341+0000] {processor.py:829} INFO - Processing file /home/airflow/.local/lib/python3.8/site-packages/airflow/example_dags/example_task_group.py for tasks to queue
[2025-01-18T01:01:01.343+0000] {logging_mixin.py:151} INFO - [2025-01-18T01:01:01.343+0000] {dagbag.py:539} INFO - Filling up the DagBag from /home/airflow/.local/lib/python3.8/site-packages/airflow/example_dags/example_task_group.py
[2025-01-18T01:01:01.358+0000] {processor.py:839} INFO - DAG(s) dict_keys(['example_task_group']) retrieved from /home/airflow/.local/lib/python3.8/site-packages/airflow/example_dags/example_task_group.py
[2025-01-18T01:01:01.386+0000] {logging_mixin.py:151} INFO - [2025-01-18T01:01:01.386+0000] {dag.py:2907} INFO - Sync 1 DAGs
[2025-01-18T01:01:01.414+0000] {logging_mixin.py:151} INFO - [2025-01-18T01:01:01.414+0000] {dag.py:3677} INFO - Setting next_dagrun for example_task_group to 2025-01-17T01:01:01.414254+00:00, run_after=2025-01-18T01:01:01.414254+00:00
[2025-01-18T01:01:01.439+0000] {processor.py:179} INFO - Processing /home/airflow/.local/lib/python3.8/site-packages/airflow/example_dags/example_task_group.py took 0.104 seconds
[2025-01-18T01:01:31.806+0000] {processor.py:157} INFO - Started process (PID=1173) to work on /home/airflow/.local/lib/python3.8/site-packages/airflow/example_dags/example_task_group.py
[2025-01-18T01:01:31.809+0000] {processor.py:829} INFO - Processing file /home/airflow/.local/lib/python3.8/site-packages/airflow/example_dags/example_task_group.py for tasks to queue
[2025-01-18T01:01:31.817+0000] {logging_mixin.py:151} INFO - [2025-01-18T01:01:31.816+0000] {dagbag.py:539} INFO - Filling up the DagBag from /home/airflow/.local/lib/python3.8/site-packages/airflow/example_dags/example_task_group.py
[2025-01-18T01:01:31.852+0000] {processor.py:839} INFO - DAG(s) dict_keys(['example_task_group']) retrieved from /home/airflow/.local/lib/python3.8/site-packages/airflow/example_dags/example_task_group.py
[2025-01-18T01:01:31.940+0000] {logging_mixin.py:151} INFO - [2025-01-18T01:01:31.940+0000] {dag.py:2907} INFO - Sync 1 DAGs
[2025-01-18T01:01:32.043+0000] {logging_mixin.py:151} INFO - [2025-01-18T01:01:32.042+0000] {dag.py:3677} INFO - Setting next_dagrun for example_task_group to 2025-01-17T01:01:32.042093+00:00, run_after=2025-01-18T01:01:32.042093+00:00
[2025-01-18T01:01:32.128+0000] {processor.py:179} INFO - Processing /home/airflow/.local/lib/python3.8/site-packages/airflow/example_dags/example_task_group.py took 0.339 seconds
[2025-01-18T01:02:02.955+0000] {processor.py:157} INFO - Started process (PID=1260) to work on /home/airflow/.local/lib/python3.8/site-packages/airflow/example_dags/example_task_group.py
[2025-01-18T01:02:02.956+0000] {processor.py:829} INFO - Processing file /home/airflow/.local/lib/python3.8/site-packages/airflow/example_dags/example_task_group.py for tasks to queue
[2025-01-18T01:02:02.959+0000] {logging_mixin.py:151} INFO - [2025-01-18T01:02:02.958+0000] {dagbag.py:539} INFO - Filling up the DagBag from /home/airflow/.local/lib/python3.8/site-packages/airflow/example_dags/example_task_group.py
[2025-01-18T01:02:02.969+0000] {processor.py:839} INFO - DAG(s) dict_keys(['example_task_group']) retrieved from /home/airflow/.local/lib/python3.8/site-packages/airflow/example_dags/example_task_group.py
[2025-01-18T01:02:02.994+0000] {logging_mixin.py:151} INFO - [2025-01-18T01:02:02.994+0000] {dag.py:2907} INFO - Sync 1 DAGs
[2025-01-18T01:02:03.015+0000] {logging_mixin.py:151} INFO - [2025-01-18T01:02:03.015+0000] {dag.py:3677} INFO - Setting next_dagrun for example_task_group to 2025-01-17T01:02:03.015358+00:00, run_after=2025-01-18T01:02:03.015358+00:00
[2025-01-18T01:02:03.033+0000] {processor.py:179} INFO - Processing /home/airflow/.local/lib/python3.8/site-packages/airflow/example_dags/example_task_group.py took 0.081 seconds
[2025-01-18T13:40:29.390+0000] {processor.py:157} INFO - Started process (PID=107) to work on /home/airflow/.local/lib/python3.8/site-packages/airflow/example_dags/example_task_group.py
[2025-01-18T13:40:29.393+0000] {processor.py:829} INFO - Processing file /home/airflow/.local/lib/python3.8/site-packages/airflow/example_dags/example_task_group.py for tasks to queue
[2025-01-18T13:40:29.397+0000] {logging_mixin.py:151} INFO - [2025-01-18T13:40:29.397+0000] {dagbag.py:539} INFO - Filling up the DagBag from /home/airflow/.local/lib/python3.8/site-packages/airflow/example_dags/example_task_group.py
[2025-01-18T13:40:29.428+0000] {processor.py:839} INFO - DAG(s) dict_keys(['example_task_group']) retrieved from /home/airflow/.local/lib/python3.8/site-packages/airflow/example_dags/example_task_group.py
[2025-01-18T13:40:29.500+0000] {logging_mixin.py:151} INFO - [2025-01-18T13:40:29.500+0000] {dag.py:2907} INFO - Sync 1 DAGs
[2025-01-18T13:40:29.567+0000] {logging_mixin.py:151} INFO - [2025-01-18T13:40:29.566+0000] {dag.py:3677} INFO - Setting next_dagrun for example_task_group to 2025-01-17T13:40:29.566231+00:00, run_after=2025-01-18T13:40:29.566231+00:00
[2025-01-18T13:40:29.622+0000] {processor.py:179} INFO - Processing /home/airflow/.local/lib/python3.8/site-packages/airflow/example_dags/example_task_group.py took 0.244 seconds
[2025-01-18T13:40:59.692+0000] {processor.py:157} INFO - Started process (PID=182) to work on /home/airflow/.local/lib/python3.8/site-packages/airflow/example_dags/example_task_group.py
[2025-01-18T13:40:59.694+0000] {processor.py:829} INFO - Processing file /home/airflow/.local/lib/python3.8/site-packages/airflow/example_dags/example_task_group.py for tasks to queue
[2025-01-18T13:40:59.699+0000] {logging_mixin.py:151} INFO - [2025-01-18T13:40:59.698+0000] {dagbag.py:539} INFO - Filling up the DagBag from /home/airflow/.local/lib/python3.8/site-packages/airflow/example_dags/example_task_group.py
[2025-01-18T13:40:59.716+0000] {processor.py:839} INFO - DAG(s) dict_keys(['example_task_group']) retrieved from /home/airflow/.local/lib/python3.8/site-packages/airflow/example_dags/example_task_group.py
[2025-01-18T13:40:59.764+0000] {logging_mixin.py:151} INFO - [2025-01-18T13:40:59.764+0000] {dag.py:2907} INFO - Sync 1 DAGs
[2025-01-18T13:40:59.831+0000] {logging_mixin.py:151} INFO - [2025-01-18T13:40:59.830+0000] {dag.py:3677} INFO - Setting next_dagrun for example_task_group to 2025-01-17T13:40:59.830106+00:00, run_after=2025-01-18T13:40:59.830106+00:00
[2025-01-18T13:40:59.870+0000] {processor.py:179} INFO - Processing /home/airflow/.local/lib/python3.8/site-packages/airflow/example_dags/example_task_group.py took 0.184 seconds
[2025-01-18T13:41:30.554+0000] {processor.py:157} INFO - Started process (PID=261) to work on /home/airflow/.local/lib/python3.8/site-packages/airflow/example_dags/example_task_group.py
[2025-01-18T13:41:30.555+0000] {processor.py:829} INFO - Processing file /home/airflow/.local/lib/python3.8/site-packages/airflow/example_dags/example_task_group.py for tasks to queue
[2025-01-18T13:41:30.558+0000] {logging_mixin.py:151} INFO - [2025-01-18T13:41:30.558+0000] {dagbag.py:539} INFO - Filling up the DagBag from /home/airflow/.local/lib/python3.8/site-packages/airflow/example_dags/example_task_group.py
[2025-01-18T13:41:30.568+0000] {processor.py:839} INFO - DAG(s) dict_keys(['example_task_group']) retrieved from /home/airflow/.local/lib/python3.8/site-packages/airflow/example_dags/example_task_group.py
[2025-01-18T13:41:30.597+0000] {logging_mixin.py:151} INFO - [2025-01-18T13:41:30.596+0000] {dag.py:2907} INFO - Sync 1 DAGs
[2025-01-18T13:41:30.630+0000] {logging_mixin.py:151} INFO - [2025-01-18T13:41:30.629+0000] {dag.py:3677} INFO - Setting next_dagrun for example_task_group to 2025-01-17T13:41:30.629457+00:00, run_after=2025-01-18T13:41:30.629457+00:00
[2025-01-18T13:41:30.655+0000] {processor.py:179} INFO - Processing /home/airflow/.local/lib/python3.8/site-packages/airflow/example_dags/example_task_group.py took 0.104 seconds
[2025-01-18T13:42:00.838+0000] {processor.py:157} INFO - Started process (PID=347) to work on /home/airflow/.local/lib/python3.8/site-packages/airflow/example_dags/example_task_group.py
[2025-01-18T13:42:00.842+0000] {processor.py:829} INFO - Processing file /home/airflow/.local/lib/python3.8/site-packages/airflow/example_dags/example_task_group.py for tasks to queue
[2025-01-18T13:42:00.852+0000] {logging_mixin.py:151} INFO - [2025-01-18T13:42:00.851+0000] {dagbag.py:539} INFO - Filling up the DagBag from /home/airflow/.local/lib/python3.8/site-packages/airflow/example_dags/example_task_group.py
[2025-01-18T13:42:00.886+0000] {processor.py:839} INFO - DAG(s) dict_keys(['example_task_group']) retrieved from /home/airflow/.local/lib/python3.8/site-packages/airflow/example_dags/example_task_group.py
[2025-01-18T13:42:00.963+0000] {logging_mixin.py:151} INFO - [2025-01-18T13:42:00.961+0000] {dag.py:2907} INFO - Sync 1 DAGs
[2025-01-18T13:42:01.040+0000] {logging_mixin.py:151} INFO - [2025-01-18T13:42:01.039+0000] {dag.py:3677} INFO - Setting next_dagrun for example_task_group to 2025-01-17T13:42:01.038741+00:00, run_after=2025-01-18T13:42:01.038741+00:00
[2025-01-18T13:42:01.084+0000] {processor.py:179} INFO - Processing /home/airflow/.local/lib/python3.8/site-packages/airflow/example_dags/example_task_group.py took 0.255 seconds
[2025-01-18T13:42:31.731+0000] {processor.py:157} INFO - Started process (PID=421) to work on /home/airflow/.local/lib/python3.8/site-packages/airflow/example_dags/example_task_group.py
[2025-01-18T13:42:31.734+0000] {processor.py:829} INFO - Processing file /home/airflow/.local/lib/python3.8/site-packages/airflow/example_dags/example_task_group.py for tasks to queue
[2025-01-18T13:42:31.739+0000] {logging_mixin.py:151} INFO - [2025-01-18T13:42:31.739+0000] {dagbag.py:539} INFO - Filling up the DagBag from /home/airflow/.local/lib/python3.8/site-packages/airflow/example_dags/example_task_group.py
[2025-01-18T13:42:31.762+0000] {processor.py:839} INFO - DAG(s) dict_keys(['example_task_group']) retrieved from /home/airflow/.local/lib/python3.8/site-packages/airflow/example_dags/example_task_group.py
[2025-01-18T13:42:31.815+0000] {logging_mixin.py:151} INFO - [2025-01-18T13:42:31.815+0000] {dag.py:2907} INFO - Sync 1 DAGs
[2025-01-18T13:42:31.873+0000] {logging_mixin.py:151} INFO - [2025-01-18T13:42:31.872+0000] {dag.py:3677} INFO - Setting next_dagrun for example_task_group to 2025-01-17T13:42:31.872313+00:00, run_after=2025-01-18T13:42:31.872313+00:00
[2025-01-18T13:42:31.916+0000] {processor.py:179} INFO - Processing /home/airflow/.local/lib/python3.8/site-packages/airflow/example_dags/example_task_group.py took 0.192 seconds
[2025-01-18T13:43:04.106+0000] {processor.py:157} INFO - Started process (PID=500) to work on /home/airflow/.local/lib/python3.8/site-packages/airflow/example_dags/example_task_group.py
[2025-01-18T13:43:04.114+0000] {processor.py:829} INFO - Processing file /home/airflow/.local/lib/python3.8/site-packages/airflow/example_dags/example_task_group.py for tasks to queue
[2025-01-18T13:43:04.135+0000] {logging_mixin.py:151} INFO - [2025-01-18T13:43:04.131+0000] {dagbag.py:539} INFO - Filling up the DagBag from /home/airflow/.local/lib/python3.8/site-packages/airflow/example_dags/example_task_group.py
[2025-01-18T13:43:04.183+0000] {processor.py:839} INFO - DAG(s) dict_keys(['example_task_group']) retrieved from /home/airflow/.local/lib/python3.8/site-packages/airflow/example_dags/example_task_group.py
[2025-01-18T13:43:04.299+0000] {logging_mixin.py:151} INFO - [2025-01-18T13:43:04.288+0000] {dag.py:2907} INFO - Sync 1 DAGs
[2025-01-18T13:43:04.417+0000] {logging_mixin.py:151} INFO - [2025-01-18T13:43:04.417+0000] {dag.py:3677} INFO - Setting next_dagrun for example_task_group to 2025-01-17T13:43:04.416988+00:00, run_after=2025-01-18T13:43:04.416988+00:00
[2025-01-18T13:43:04.495+0000] {processor.py:179} INFO - Processing /home/airflow/.local/lib/python3.8/site-packages/airflow/example_dags/example_task_group.py took 0.406 seconds
[2025-01-18T13:43:34.697+0000] {processor.py:157} INFO - Started process (PID=575) to work on /home/airflow/.local/lib/python3.8/site-packages/airflow/example_dags/example_task_group.py
[2025-01-18T13:43:34.698+0000] {processor.py:829} INFO - Processing file /home/airflow/.local/lib/python3.8/site-packages/airflow/example_dags/example_task_group.py for tasks to queue
[2025-01-18T13:43:34.703+0000] {logging_mixin.py:151} INFO - [2025-01-18T13:43:34.703+0000] {dagbag.py:539} INFO - Filling up the DagBag from /home/airflow/.local/lib/python3.8/site-packages/airflow/example_dags/example_task_group.py
[2025-01-18T13:43:34.724+0000] {processor.py:839} INFO - DAG(s) dict_keys(['example_task_group']) retrieved from /home/airflow/.local/lib/python3.8/site-packages/airflow/example_dags/example_task_group.py
[2025-01-18T13:43:34.818+0000] {logging_mixin.py:151} INFO - [2025-01-18T13:43:34.817+0000] {dag.py:2907} INFO - Sync 1 DAGs
[2025-01-18T13:43:34.903+0000] {logging_mixin.py:151} INFO - [2025-01-18T13:43:34.903+0000] {dag.py:3677} INFO - Setting next_dagrun for example_task_group to 2025-01-17T13:43:34.902826+00:00, run_after=2025-01-18T13:43:34.902826+00:00
[2025-01-18T13:43:34.967+0000] {processor.py:179} INFO - Processing /home/airflow/.local/lib/python3.8/site-packages/airflow/example_dags/example_task_group.py took 0.279 seconds
[2025-01-18T13:44:05.342+0000] {processor.py:157} INFO - Started process (PID=653) to work on /home/airflow/.local/lib/python3.8/site-packages/airflow/example_dags/example_task_group.py
[2025-01-18T13:44:05.343+0000] {processor.py:829} INFO - Processing file /home/airflow/.local/lib/python3.8/site-packages/airflow/example_dags/example_task_group.py for tasks to queue
[2025-01-18T13:44:05.346+0000] {logging_mixin.py:151} INFO - [2025-01-18T13:44:05.346+0000] {dagbag.py:539} INFO - Filling up the DagBag from /home/airflow/.local/lib/python3.8/site-packages/airflow/example_dags/example_task_group.py
[2025-01-18T13:44:05.358+0000] {processor.py:839} INFO - DAG(s) dict_keys(['example_task_group']) retrieved from /home/airflow/.local/lib/python3.8/site-packages/airflow/example_dags/example_task_group.py
[2025-01-18T13:44:05.394+0000] {logging_mixin.py:151} INFO - [2025-01-18T13:44:05.394+0000] {dag.py:2907} INFO - Sync 1 DAGs
[2025-01-18T13:44:05.431+0000] {logging_mixin.py:151} INFO - [2025-01-18T13:44:05.431+0000] {dag.py:3677} INFO - Setting next_dagrun for example_task_group to 2025-01-17T13:44:05.431092+00:00, run_after=2025-01-18T13:44:05.431092+00:00
[2025-01-18T13:44:05.460+0000] {processor.py:179} INFO - Processing /home/airflow/.local/lib/python3.8/site-packages/airflow/example_dags/example_task_group.py took 0.124 seconds
[2025-01-18T13:44:36.353+0000] {processor.py:157} INFO - Started process (PID=739) to work on /home/airflow/.local/lib/python3.8/site-packages/airflow/example_dags/example_task_group.py
[2025-01-18T13:44:36.355+0000] {processor.py:829} INFO - Processing file /home/airflow/.local/lib/python3.8/site-packages/airflow/example_dags/example_task_group.py for tasks to queue
[2025-01-18T13:44:36.359+0000] {logging_mixin.py:151} INFO - [2025-01-18T13:44:36.358+0000] {dagbag.py:539} INFO - Filling up the DagBag from /home/airflow/.local/lib/python3.8/site-packages/airflow/example_dags/example_task_group.py
[2025-01-18T13:44:36.375+0000] {processor.py:839} INFO - DAG(s) dict_keys(['example_task_group']) retrieved from /home/airflow/.local/lib/python3.8/site-packages/airflow/example_dags/example_task_group.py
[2025-01-18T13:44:36.414+0000] {logging_mixin.py:151} INFO - [2025-01-18T13:44:36.413+0000] {dag.py:2907} INFO - Sync 1 DAGs
[2025-01-18T13:44:36.449+0000] {logging_mixin.py:151} INFO - [2025-01-18T13:44:36.449+0000] {dag.py:3677} INFO - Setting next_dagrun for example_task_group to 2025-01-17T13:44:36.448862+00:00, run_after=2025-01-18T13:44:36.448862+00:00
[2025-01-18T13:44:36.473+0000] {processor.py:179} INFO - Processing /home/airflow/.local/lib/python3.8/site-packages/airflow/example_dags/example_task_group.py took 0.126 seconds
[2025-01-18T13:45:07.381+0000] {processor.py:157} INFO - Started process (PID=825) to work on /home/airflow/.local/lib/python3.8/site-packages/airflow/example_dags/example_task_group.py
[2025-01-18T13:45:07.383+0000] {processor.py:829} INFO - Processing file /home/airflow/.local/lib/python3.8/site-packages/airflow/example_dags/example_task_group.py for tasks to queue
[2025-01-18T13:45:07.388+0000] {logging_mixin.py:151} INFO - [2025-01-18T13:45:07.387+0000] {dagbag.py:539} INFO - Filling up the DagBag from /home/airflow/.local/lib/python3.8/site-packages/airflow/example_dags/example_task_group.py
[2025-01-18T13:45:07.407+0000] {processor.py:839} INFO - DAG(s) dict_keys(['example_task_group']) retrieved from /home/airflow/.local/lib/python3.8/site-packages/airflow/example_dags/example_task_group.py
[2025-01-18T13:45:07.459+0000] {logging_mixin.py:151} INFO - [2025-01-18T13:45:07.459+0000] {dag.py:2907} INFO - Sync 1 DAGs
[2025-01-18T13:45:07.515+0000] {logging_mixin.py:151} INFO - [2025-01-18T13:45:07.515+0000] {dag.py:3677} INFO - Setting next_dagrun for example_task_group to 2025-01-17T13:45:07.514824+00:00, run_after=2025-01-18T13:45:07.514824+00:00
[2025-01-18T13:45:07.559+0000] {processor.py:179} INFO - Processing /home/airflow/.local/lib/python3.8/site-packages/airflow/example_dags/example_task_group.py took 0.184 seconds
[2025-01-18T13:45:38.159+0000] {processor.py:157} INFO - Started process (PID=911) to work on /home/airflow/.local/lib/python3.8/site-packages/airflow/example_dags/example_task_group.py
[2025-01-18T13:45:38.160+0000] {processor.py:829} INFO - Processing file /home/airflow/.local/lib/python3.8/site-packages/airflow/example_dags/example_task_group.py for tasks to queue
[2025-01-18T13:45:38.163+0000] {logging_mixin.py:151} INFO - [2025-01-18T13:45:38.163+0000] {dagbag.py:539} INFO - Filling up the DagBag from /home/airflow/.local/lib/python3.8/site-packages/airflow/example_dags/example_task_group.py
[2025-01-18T13:45:38.173+0000] {processor.py:839} INFO - DAG(s) dict_keys(['example_task_group']) retrieved from /home/airflow/.local/lib/python3.8/site-packages/airflow/example_dags/example_task_group.py
[2025-01-18T13:45:38.200+0000] {logging_mixin.py:151} INFO - [2025-01-18T13:45:38.200+0000] {dag.py:2907} INFO - Sync 1 DAGs
[2025-01-18T13:45:38.227+0000] {logging_mixin.py:151} INFO - [2025-01-18T13:45:38.226+0000] {dag.py:3677} INFO - Setting next_dagrun for example_task_group to 2025-01-17T13:45:38.226544+00:00, run_after=2025-01-18T13:45:38.226544+00:00
[2025-01-18T13:45:38.246+0000] {processor.py:179} INFO - Processing /home/airflow/.local/lib/python3.8/site-packages/airflow/example_dags/example_task_group.py took 0.091 seconds
[2025-01-18T13:46:08.613+0000] {processor.py:157} INFO - Started process (PID=998) to work on /home/airflow/.local/lib/python3.8/site-packages/airflow/example_dags/example_task_group.py
[2025-01-18T13:46:08.614+0000] {processor.py:829} INFO - Processing file /home/airflow/.local/lib/python3.8/site-packages/airflow/example_dags/example_task_group.py for tasks to queue
[2025-01-18T13:46:08.618+0000] {logging_mixin.py:151} INFO - [2025-01-18T13:46:08.617+0000] {dagbag.py:539} INFO - Filling up the DagBag from /home/airflow/.local/lib/python3.8/site-packages/airflow/example_dags/example_task_group.py
[2025-01-18T13:46:08.631+0000] {processor.py:839} INFO - DAG(s) dict_keys(['example_task_group']) retrieved from /home/airflow/.local/lib/python3.8/site-packages/airflow/example_dags/example_task_group.py
[2025-01-18T13:46:08.669+0000] {logging_mixin.py:151} INFO - [2025-01-18T13:46:08.669+0000] {dag.py:2907} INFO - Sync 1 DAGs
[2025-01-18T13:46:08.711+0000] {logging_mixin.py:151} INFO - [2025-01-18T13:46:08.711+0000] {dag.py:3677} INFO - Setting next_dagrun for example_task_group to 2025-01-17T13:46:08.711085+00:00, run_after=2025-01-18T13:46:08.711085+00:00
[2025-01-18T13:46:08.746+0000] {processor.py:179} INFO - Processing /home/airflow/.local/lib/python3.8/site-packages/airflow/example_dags/example_task_group.py took 0.138 seconds
[2025-01-18T13:46:39.020+0000] {processor.py:157} INFO - Started process (PID=1084) to work on /home/airflow/.local/lib/python3.8/site-packages/airflow/example_dags/example_task_group.py
[2025-01-18T13:46:39.021+0000] {processor.py:829} INFO - Processing file /home/airflow/.local/lib/python3.8/site-packages/airflow/example_dags/example_task_group.py for tasks to queue
[2025-01-18T13:46:39.024+0000] {logging_mixin.py:151} INFO - [2025-01-18T13:46:39.023+0000] {dagbag.py:539} INFO - Filling up the DagBag from /home/airflow/.local/lib/python3.8/site-packages/airflow/example_dags/example_task_group.py
[2025-01-18T13:46:39.031+0000] {processor.py:839} INFO - DAG(s) dict_keys(['example_task_group']) retrieved from /home/airflow/.local/lib/python3.8/site-packages/airflow/example_dags/example_task_group.py
[2025-01-18T13:46:39.053+0000] {logging_mixin.py:151} INFO - [2025-01-18T13:46:39.053+0000] {dag.py:2907} INFO - Sync 1 DAGs
[2025-01-18T13:46:39.075+0000] {logging_mixin.py:151} INFO - [2025-01-18T13:46:39.075+0000] {dag.py:3677} INFO - Setting next_dagrun for example_task_group to 2025-01-17T13:46:39.075157+00:00, run_after=2025-01-18T13:46:39.075157+00:00
[2025-01-18T13:46:39.091+0000] {processor.py:179} INFO - Processing /home/airflow/.local/lib/python3.8/site-packages/airflow/example_dags/example_task_group.py took 0.074 seconds
[2025-01-18T13:47:09.643+0000] {processor.py:157} INFO - Started process (PID=1170) to work on /home/airflow/.local/lib/python3.8/site-packages/airflow/example_dags/example_task_group.py
[2025-01-18T13:47:09.646+0000] {processor.py:829} INFO - Processing file /home/airflow/.local/lib/python3.8/site-packages/airflow/example_dags/example_task_group.py for tasks to queue
[2025-01-18T13:47:09.649+0000] {logging_mixin.py:151} INFO - [2025-01-18T13:47:09.649+0000] {dagbag.py:539} INFO - Filling up the DagBag from /home/airflow/.local/lib/python3.8/site-packages/airflow/example_dags/example_task_group.py
[2025-01-18T13:47:09.662+0000] {processor.py:839} INFO - DAG(s) dict_keys(['example_task_group']) retrieved from /home/airflow/.local/lib/python3.8/site-packages/airflow/example_dags/example_task_group.py
[2025-01-18T13:47:09.702+0000] {logging_mixin.py:151} INFO - [2025-01-18T13:47:09.702+0000] {dag.py:2907} INFO - Sync 1 DAGs
[2025-01-18T13:47:09.748+0000] {logging_mixin.py:151} INFO - [2025-01-18T13:47:09.748+0000] {dag.py:3677} INFO - Setting next_dagrun for example_task_group to 2025-01-17T13:47:09.747963+00:00, run_after=2025-01-18T13:47:09.747963+00:00
[2025-01-18T13:47:09.784+0000] {processor.py:179} INFO - Processing /home/airflow/.local/lib/python3.8/site-packages/airflow/example_dags/example_task_group.py took 0.146 seconds
[2025-01-18T13:47:39.984+0000] {processor.py:157} INFO - Started process (PID=1256) to work on /home/airflow/.local/lib/python3.8/site-packages/airflow/example_dags/example_task_group.py
[2025-01-18T13:47:39.986+0000] {processor.py:829} INFO - Processing file /home/airflow/.local/lib/python3.8/site-packages/airflow/example_dags/example_task_group.py for tasks to queue
[2025-01-18T13:47:39.989+0000] {logging_mixin.py:151} INFO - [2025-01-18T13:47:39.989+0000] {dagbag.py:539} INFO - Filling up the DagBag from /home/airflow/.local/lib/python3.8/site-packages/airflow/example_dags/example_task_group.py
[2025-01-18T13:47:40.004+0000] {processor.py:839} INFO - DAG(s) dict_keys(['example_task_group']) retrieved from /home/airflow/.local/lib/python3.8/site-packages/airflow/example_dags/example_task_group.py
[2025-01-18T13:47:40.046+0000] {logging_mixin.py:151} INFO - [2025-01-18T13:47:40.045+0000] {dag.py:2907} INFO - Sync 1 DAGs
[2025-01-18T13:47:40.085+0000] {logging_mixin.py:151} INFO - [2025-01-18T13:47:40.084+0000] {dag.py:3677} INFO - Setting next_dagrun for example_task_group to 2025-01-17T13:47:40.084418+00:00, run_after=2025-01-18T13:47:40.084418+00:00
[2025-01-18T13:47:40.115+0000] {processor.py:179} INFO - Processing /home/airflow/.local/lib/python3.8/site-packages/airflow/example_dags/example_task_group.py took 0.136 seconds
[2025-01-18T13:48:11.763+0000] {processor.py:157} INFO - Started process (PID=1331) to work on /home/airflow/.local/lib/python3.8/site-packages/airflow/example_dags/example_task_group.py
[2025-01-18T13:48:11.764+0000] {processor.py:829} INFO - Processing file /home/airflow/.local/lib/python3.8/site-packages/airflow/example_dags/example_task_group.py for tasks to queue
[2025-01-18T13:48:11.772+0000] {logging_mixin.py:151} INFO - [2025-01-18T13:48:11.771+0000] {dagbag.py:539} INFO - Filling up the DagBag from /home/airflow/.local/lib/python3.8/site-packages/airflow/example_dags/example_task_group.py
[2025-01-18T13:48:11.794+0000] {processor.py:839} INFO - DAG(s) dict_keys(['example_task_group']) retrieved from /home/airflow/.local/lib/python3.8/site-packages/airflow/example_dags/example_task_group.py
[2025-01-18T13:48:11.856+0000] {logging_mixin.py:151} INFO - [2025-01-18T13:48:11.855+0000] {dag.py:2907} INFO - Sync 1 DAGs
[2025-01-18T13:48:11.927+0000] {logging_mixin.py:151} INFO - [2025-01-18T13:48:11.926+0000] {dag.py:3677} INFO - Setting next_dagrun for example_task_group to 2025-01-17T13:48:11.926280+00:00, run_after=2025-01-18T13:48:11.926280+00:00
[2025-01-18T13:48:11.985+0000] {processor.py:179} INFO - Processing /home/airflow/.local/lib/python3.8/site-packages/airflow/example_dags/example_task_group.py took 0.229 seconds
[2025-01-18T13:48:42.404+0000] {processor.py:157} INFO - Started process (PID=1409) to work on /home/airflow/.local/lib/python3.8/site-packages/airflow/example_dags/example_task_group.py
[2025-01-18T13:48:42.406+0000] {processor.py:829} INFO - Processing file /home/airflow/.local/lib/python3.8/site-packages/airflow/example_dags/example_task_group.py for tasks to queue
[2025-01-18T13:48:42.412+0000] {logging_mixin.py:151} INFO - [2025-01-18T13:48:42.411+0000] {dagbag.py:539} INFO - Filling up the DagBag from /home/airflow/.local/lib/python3.8/site-packages/airflow/example_dags/example_task_group.py
[2025-01-18T13:48:42.433+0000] {processor.py:839} INFO - DAG(s) dict_keys(['example_task_group']) retrieved from /home/airflow/.local/lib/python3.8/site-packages/airflow/example_dags/example_task_group.py
[2025-01-18T13:48:42.493+0000] {logging_mixin.py:151} INFO - [2025-01-18T13:48:42.493+0000] {dag.py:2907} INFO - Sync 1 DAGs
[2025-01-18T13:48:42.552+0000] {logging_mixin.py:151} INFO - [2025-01-18T13:48:42.551+0000] {dag.py:3677} INFO - Setting next_dagrun for example_task_group to 2025-01-17T13:48:42.551258+00:00, run_after=2025-01-18T13:48:42.551258+00:00
[2025-01-18T13:48:42.590+0000] {processor.py:179} INFO - Processing /home/airflow/.local/lib/python3.8/site-packages/airflow/example_dags/example_task_group.py took 0.193 seconds
[2025-01-18T13:49:13.114+0000] {processor.py:157} INFO - Started process (PID=1496) to work on /home/airflow/.local/lib/python3.8/site-packages/airflow/example_dags/example_task_group.py
[2025-01-18T13:49:13.115+0000] {processor.py:829} INFO - Processing file /home/airflow/.local/lib/python3.8/site-packages/airflow/example_dags/example_task_group.py for tasks to queue
[2025-01-18T13:49:13.118+0000] {logging_mixin.py:151} INFO - [2025-01-18T13:49:13.118+0000] {dagbag.py:539} INFO - Filling up the DagBag from /home/airflow/.local/lib/python3.8/site-packages/airflow/example_dags/example_task_group.py
[2025-01-18T13:49:13.128+0000] {processor.py:839} INFO - DAG(s) dict_keys(['example_task_group']) retrieved from /home/airflow/.local/lib/python3.8/site-packages/airflow/example_dags/example_task_group.py
[2025-01-18T13:49:13.157+0000] {logging_mixin.py:151} INFO - [2025-01-18T13:49:13.157+0000] {dag.py:2907} INFO - Sync 1 DAGs
[2025-01-18T13:49:13.187+0000] {logging_mixin.py:151} INFO - [2025-01-18T13:49:13.187+0000] {dag.py:3677} INFO - Setting next_dagrun for example_task_group to 2025-01-17T13:49:13.187036+00:00, run_after=2025-01-18T13:49:13.187036+00:00
[2025-01-18T13:49:13.216+0000] {processor.py:179} INFO - Processing /home/airflow/.local/lib/python3.8/site-packages/airflow/example_dags/example_task_group.py took 0.106 seconds
[2025-01-18T13:49:44.049+0000] {processor.py:157} INFO - Started process (PID=1582) to work on /home/airflow/.local/lib/python3.8/site-packages/airflow/example_dags/example_task_group.py
[2025-01-18T13:49:44.050+0000] {processor.py:829} INFO - Processing file /home/airflow/.local/lib/python3.8/site-packages/airflow/example_dags/example_task_group.py for tasks to queue
[2025-01-18T13:49:44.053+0000] {logging_mixin.py:151} INFO - [2025-01-18T13:49:44.052+0000] {dagbag.py:539} INFO - Filling up the DagBag from /home/airflow/.local/lib/python3.8/site-packages/airflow/example_dags/example_task_group.py
[2025-01-18T13:49:44.064+0000] {processor.py:839} INFO - DAG(s) dict_keys(['example_task_group']) retrieved from /home/airflow/.local/lib/python3.8/site-packages/airflow/example_dags/example_task_group.py
[2025-01-18T13:49:44.093+0000] {logging_mixin.py:151} INFO - [2025-01-18T13:49:44.092+0000] {dag.py:2907} INFO - Sync 1 DAGs
[2025-01-18T13:49:44.122+0000] {logging_mixin.py:151} INFO - [2025-01-18T13:49:44.121+0000] {dag.py:3677} INFO - Setting next_dagrun for example_task_group to 2025-01-17T13:49:44.121672+00:00, run_after=2025-01-18T13:49:44.121672+00:00
[2025-01-18T13:49:44.148+0000] {processor.py:179} INFO - Processing /home/airflow/.local/lib/python3.8/site-packages/airflow/example_dags/example_task_group.py took 0.103 seconds
[2025-01-18T13:50:15.165+0000] {processor.py:157} INFO - Started process (PID=1671) to work on /home/airflow/.local/lib/python3.8/site-packages/airflow/example_dags/example_task_group.py
[2025-01-18T13:50:15.167+0000] {processor.py:829} INFO - Processing file /home/airflow/.local/lib/python3.8/site-packages/airflow/example_dags/example_task_group.py for tasks to queue
[2025-01-18T13:50:15.171+0000] {logging_mixin.py:151} INFO - [2025-01-18T13:50:15.170+0000] {dagbag.py:539} INFO - Filling up the DagBag from /home/airflow/.local/lib/python3.8/site-packages/airflow/example_dags/example_task_group.py
[2025-01-18T13:50:15.182+0000] {processor.py:839} INFO - DAG(s) dict_keys(['example_task_group']) retrieved from /home/airflow/.local/lib/python3.8/site-packages/airflow/example_dags/example_task_group.py
[2025-01-18T13:50:15.216+0000] {logging_mixin.py:151} INFO - [2025-01-18T13:50:15.215+0000] {dag.py:2907} INFO - Sync 1 DAGs
[2025-01-18T13:50:15.248+0000] {logging_mixin.py:151} INFO - [2025-01-18T13:50:15.248+0000] {dag.py:3677} INFO - Setting next_dagrun for example_task_group to 2025-01-17T13:50:15.248071+00:00, run_after=2025-01-18T13:50:15.248071+00:00
[2025-01-18T13:50:15.269+0000] {processor.py:179} INFO - Processing /home/airflow/.local/lib/python3.8/site-packages/airflow/example_dags/example_task_group.py took 0.110 seconds
[2025-01-18T13:50:45.486+0000] {processor.py:157} INFO - Started process (PID=1781) to work on /home/airflow/.local/lib/python3.8/site-packages/airflow/example_dags/example_task_group.py
[2025-01-18T13:50:45.488+0000] {processor.py:829} INFO - Processing file /home/airflow/.local/lib/python3.8/site-packages/airflow/example_dags/example_task_group.py for tasks to queue
[2025-01-18T13:50:45.493+0000] {logging_mixin.py:151} INFO - [2025-01-18T13:50:45.492+0000] {dagbag.py:539} INFO - Filling up the DagBag from /home/airflow/.local/lib/python3.8/site-packages/airflow/example_dags/example_task_group.py
[2025-01-18T13:50:45.509+0000] {processor.py:839} INFO - DAG(s) dict_keys(['example_task_group']) retrieved from /home/airflow/.local/lib/python3.8/site-packages/airflow/example_dags/example_task_group.py
[2025-01-18T13:50:45.556+0000] {logging_mixin.py:151} INFO - [2025-01-18T13:50:45.555+0000] {dag.py:2907} INFO - Sync 1 DAGs
[2025-01-18T13:50:45.603+0000] {logging_mixin.py:151} INFO - [2025-01-18T13:50:45.602+0000] {dag.py:3677} INFO - Setting next_dagrun for example_task_group to 2025-01-17T13:50:45.602242+00:00, run_after=2025-01-18T13:50:45.602242+00:00
[2025-01-18T13:50:45.637+0000] {processor.py:179} INFO - Processing /home/airflow/.local/lib/python3.8/site-packages/airflow/example_dags/example_task_group.py took 0.158 seconds
[2025-01-18T13:51:15.737+0000] {processor.py:157} INFO - Started process (PID=1867) to work on /home/airflow/.local/lib/python3.8/site-packages/airflow/example_dags/example_task_group.py
[2025-01-18T13:51:15.738+0000] {processor.py:829} INFO - Processing file /home/airflow/.local/lib/python3.8/site-packages/airflow/example_dags/example_task_group.py for tasks to queue
[2025-01-18T13:51:15.740+0000] {logging_mixin.py:151} INFO - [2025-01-18T13:51:15.740+0000] {dagbag.py:539} INFO - Filling up the DagBag from /home/airflow/.local/lib/python3.8/site-packages/airflow/example_dags/example_task_group.py
[2025-01-18T13:51:15.748+0000] {processor.py:839} INFO - DAG(s) dict_keys(['example_task_group']) retrieved from /home/airflow/.local/lib/python3.8/site-packages/airflow/example_dags/example_task_group.py
[2025-01-18T13:51:15.770+0000] {logging_mixin.py:151} INFO - [2025-01-18T13:51:15.770+0000] {dag.py:2907} INFO - Sync 1 DAGs
[2025-01-18T13:51:15.790+0000] {logging_mixin.py:151} INFO - [2025-01-18T13:51:15.790+0000] {dag.py:3677} INFO - Setting next_dagrun for example_task_group to 2025-01-17T13:51:15.790358+00:00, run_after=2025-01-18T13:51:15.790358+00:00
[2025-01-18T13:51:15.808+0000] {processor.py:179} INFO - Processing /home/airflow/.local/lib/python3.8/site-packages/airflow/example_dags/example_task_group.py took 0.074 seconds
[2025-01-18T15:08:37.366+0000] {processor.py:157} INFO - Started process (PID=16120) to work on /home/airflow/.local/lib/python3.8/site-packages/airflow/example_dags/example_task_group.py
[2025-01-18T15:08:37.367+0000] {processor.py:829} INFO - Processing file /home/airflow/.local/lib/python3.8/site-packages/airflow/example_dags/example_task_group.py for tasks to queue
[2025-01-18T15:08:37.369+0000] {logging_mixin.py:151} INFO - [2025-01-18T15:08:37.369+0000] {dagbag.py:539} INFO - Filling up the DagBag from /home/airflow/.local/lib/python3.8/site-packages/airflow/example_dags/example_task_group.py
[2025-01-18T15:08:37.376+0000] {processor.py:839} INFO - DAG(s) dict_keys(['example_task_group']) retrieved from /home/airflow/.local/lib/python3.8/site-packages/airflow/example_dags/example_task_group.py
[2025-01-18T15:08:37.397+0000] {logging_mixin.py:151} INFO - [2025-01-18T15:08:37.397+0000] {dag.py:2907} INFO - Sync 1 DAGs
[2025-01-18T15:08:37.416+0000] {logging_mixin.py:151} INFO - [2025-01-18T15:08:37.416+0000] {dag.py:3677} INFO - Setting next_dagrun for example_task_group to 2025-01-17T15:08:37.415865+00:00, run_after=2025-01-18T15:08:37.415865+00:00
[2025-01-18T15:08:37.432+0000] {processor.py:179} INFO - Processing /home/airflow/.local/lib/python3.8/site-packages/airflow/example_dags/example_task_group.py took 0.068 seconds
[2025-01-18T15:09:07.975+0000] {processor.py:157} INFO - Started process (PID=16232) to work on /home/airflow/.local/lib/python3.8/site-packages/airflow/example_dags/example_task_group.py
[2025-01-18T15:09:07.976+0000] {processor.py:829} INFO - Processing file /home/airflow/.local/lib/python3.8/site-packages/airflow/example_dags/example_task_group.py for tasks to queue
[2025-01-18T15:09:07.979+0000] {logging_mixin.py:151} INFO - [2025-01-18T15:09:07.979+0000] {dagbag.py:539} INFO - Filling up the DagBag from /home/airflow/.local/lib/python3.8/site-packages/airflow/example_dags/example_task_group.py
[2025-01-18T15:09:07.987+0000] {processor.py:839} INFO - DAG(s) dict_keys(['example_task_group']) retrieved from /home/airflow/.local/lib/python3.8/site-packages/airflow/example_dags/example_task_group.py
[2025-01-18T15:09:08.014+0000] {logging_mixin.py:151} INFO - [2025-01-18T15:09:08.014+0000] {dag.py:2907} INFO - Sync 1 DAGs
[2025-01-18T15:09:08.039+0000] {logging_mixin.py:151} INFO - [2025-01-18T15:09:08.039+0000] {dag.py:3677} INFO - Setting next_dagrun for example_task_group to 2025-01-17T15:09:08.038856+00:00, run_after=2025-01-18T15:09:08.038856+00:00
[2025-01-18T15:09:08.059+0000] {processor.py:179} INFO - Processing /home/airflow/.local/lib/python3.8/site-packages/airflow/example_dags/example_task_group.py took 0.087 seconds
