[2025-01-18T00:11:20.991+0000] {processor.py:157} INFO - Started process (PID=144) to work on /home/airflow/.local/lib/python3.8/site-packages/airflow/example_dags/example_params_trigger_ui.py
[2025-01-18T00:11:21.002+0000] {processor.py:829} INFO - Processing file /home/airflow/.local/lib/python3.8/site-packages/airflow/example_dags/example_params_trigger_ui.py for tasks to queue
[2025-01-18T00:11:21.033+0000] {logging_mixin.py:151} INFO - [2025-01-18T00:11:21.032+0000] {dagbag.py:539} INFO - Filling up the DagBag from /home/airflow/.local/lib/python3.8/site-packages/airflow/example_dags/example_params_trigger_ui.py
[2025-01-18T00:11:21.167+0000] {processor.py:839} INFO - DAG(s) dict_keys(['example_params_trigger_ui']) retrieved from /home/airflow/.local/lib/python3.8/site-packages/airflow/example_dags/example_params_trigger_ui.py
[2025-01-18T00:11:21.567+0000] {logging_mixin.py:151} INFO - [2025-01-18T00:11:21.566+0000] {dag.py:2907} INFO - Sync 1 DAGs
[2025-01-18T00:11:21.683+0000] {logging_mixin.py:151} INFO - [2025-01-18T00:11:21.681+0000] {dag.py:3677} INFO - Setting next_dagrun for example_params_trigger_ui to None, run_after=None
[2025-01-18T00:11:22.001+0000] {processor.py:179} INFO - Processing /home/airflow/.local/lib/python3.8/site-packages/airflow/example_dags/example_params_trigger_ui.py took 1.029 seconds
[2025-01-18T00:11:52.391+0000] {processor.py:157} INFO - Started process (PID=245) to work on /home/airflow/.local/lib/python3.8/site-packages/airflow/example_dags/example_params_trigger_ui.py
[2025-01-18T00:11:52.394+0000] {processor.py:829} INFO - Processing file /home/airflow/.local/lib/python3.8/site-packages/airflow/example_dags/example_params_trigger_ui.py for tasks to queue
[2025-01-18T00:11:52.403+0000] {logging_mixin.py:151} INFO - [2025-01-18T00:11:52.402+0000] {dagbag.py:539} INFO - Filling up the DagBag from /home/airflow/.local/lib/python3.8/site-packages/airflow/example_dags/example_params_trigger_ui.py
[2025-01-18T00:11:52.454+0000] {processor.py:839} INFO - DAG(s) dict_keys(['example_params_trigger_ui']) retrieved from /home/airflow/.local/lib/python3.8/site-packages/airflow/example_dags/example_params_trigger_ui.py
[2025-01-18T00:11:52.612+0000] {logging_mixin.py:151} INFO - [2025-01-18T00:11:52.612+0000] {dag.py:2907} INFO - Sync 1 DAGs
[2025-01-18T00:11:52.648+0000] {logging_mixin.py:151} INFO - [2025-01-18T00:11:52.648+0000] {dag.py:3677} INFO - Setting next_dagrun for example_params_trigger_ui to None, run_after=None
[2025-01-18T00:11:52.736+0000] {processor.py:179} INFO - Processing /home/airflow/.local/lib/python3.8/site-packages/airflow/example_dags/example_params_trigger_ui.py took 0.353 seconds
[2025-01-18T00:12:23.193+0000] {processor.py:157} INFO - Started process (PID=322) to work on /home/airflow/.local/lib/python3.8/site-packages/airflow/example_dags/example_params_trigger_ui.py
[2025-01-18T00:12:23.194+0000] {processor.py:829} INFO - Processing file /home/airflow/.local/lib/python3.8/site-packages/airflow/example_dags/example_params_trigger_ui.py for tasks to queue
[2025-01-18T00:12:23.196+0000] {logging_mixin.py:151} INFO - [2025-01-18T00:12:23.196+0000] {dagbag.py:539} INFO - Filling up the DagBag from /home/airflow/.local/lib/python3.8/site-packages/airflow/example_dags/example_params_trigger_ui.py
[2025-01-18T00:12:23.256+0000] {processor.py:839} INFO - DAG(s) dict_keys(['example_params_trigger_ui']) retrieved from /home/airflow/.local/lib/python3.8/site-packages/airflow/example_dags/example_params_trigger_ui.py
[2025-01-18T00:12:23.330+0000] {logging_mixin.py:151} INFO - [2025-01-18T00:12:23.330+0000] {dag.py:2907} INFO - Sync 1 DAGs
[2025-01-18T00:12:23.348+0000] {logging_mixin.py:151} INFO - [2025-01-18T00:12:23.348+0000] {dag.py:3677} INFO - Setting next_dagrun for example_params_trigger_ui to None, run_after=None
[2025-01-18T00:12:23.369+0000] {processor.py:179} INFO - Processing /home/airflow/.local/lib/python3.8/site-packages/airflow/example_dags/example_params_trigger_ui.py took 0.179 seconds
[2025-01-18T00:12:54.077+0000] {processor.py:157} INFO - Started process (PID=408) to work on /home/airflow/.local/lib/python3.8/site-packages/airflow/example_dags/example_params_trigger_ui.py
[2025-01-18T00:12:54.079+0000] {processor.py:829} INFO - Processing file /home/airflow/.local/lib/python3.8/site-packages/airflow/example_dags/example_params_trigger_ui.py for tasks to queue
[2025-01-18T00:12:54.081+0000] {logging_mixin.py:151} INFO - [2025-01-18T00:12:54.081+0000] {dagbag.py:539} INFO - Filling up the DagBag from /home/airflow/.local/lib/python3.8/site-packages/airflow/example_dags/example_params_trigger_ui.py
[2025-01-18T00:12:54.104+0000] {processor.py:839} INFO - DAG(s) dict_keys(['example_params_trigger_ui']) retrieved from /home/airflow/.local/lib/python3.8/site-packages/airflow/example_dags/example_params_trigger_ui.py
[2025-01-18T00:12:54.171+0000] {logging_mixin.py:151} INFO - [2025-01-18T00:12:54.171+0000] {dag.py:2907} INFO - Sync 1 DAGs
[2025-01-18T00:12:54.185+0000] {logging_mixin.py:151} INFO - [2025-01-18T00:12:54.184+0000] {dag.py:3677} INFO - Setting next_dagrun for example_params_trigger_ui to None, run_after=None
[2025-01-18T00:12:54.202+0000] {processor.py:179} INFO - Processing /home/airflow/.local/lib/python3.8/site-packages/airflow/example_dags/example_params_trigger_ui.py took 0.130 seconds
[2025-01-18T00:14:27.800+0000] {processor.py:157} INFO - Started process (PID=115) to work on /home/airflow/.local/lib/python3.8/site-packages/airflow/example_dags/example_params_trigger_ui.py
[2025-01-18T00:14:27.802+0000] {processor.py:829} INFO - Processing file /home/airflow/.local/lib/python3.8/site-packages/airflow/example_dags/example_params_trigger_ui.py for tasks to queue
[2025-01-18T00:14:27.806+0000] {logging_mixin.py:151} INFO - [2025-01-18T00:14:27.806+0000] {dagbag.py:539} INFO - Filling up the DagBag from /home/airflow/.local/lib/python3.8/site-packages/airflow/example_dags/example_params_trigger_ui.py
[2025-01-18T00:14:27.848+0000] {processor.py:839} INFO - DAG(s) dict_keys(['example_params_trigger_ui']) retrieved from /home/airflow/.local/lib/python3.8/site-packages/airflow/example_dags/example_params_trigger_ui.py
[2025-01-18T00:14:27.988+0000] {logging_mixin.py:151} INFO - [2025-01-18T00:14:27.987+0000] {dag.py:2907} INFO - Sync 1 DAGs
[2025-01-18T00:14:28.011+0000] {logging_mixin.py:151} INFO - [2025-01-18T00:14:28.010+0000] {dag.py:3677} INFO - Setting next_dagrun for example_params_trigger_ui to None, run_after=None
[2025-01-18T00:14:28.046+0000] {processor.py:179} INFO - Processing /home/airflow/.local/lib/python3.8/site-packages/airflow/example_dags/example_params_trigger_ui.py took 0.253 seconds
[2025-01-18T00:14:58.174+0000] {processor.py:157} INFO - Started process (PID=182) to work on /home/airflow/.local/lib/python3.8/site-packages/airflow/example_dags/example_params_trigger_ui.py
[2025-01-18T00:14:58.175+0000] {processor.py:829} INFO - Processing file /home/airflow/.local/lib/python3.8/site-packages/airflow/example_dags/example_params_trigger_ui.py for tasks to queue
[2025-01-18T00:14:58.179+0000] {logging_mixin.py:151} INFO - [2025-01-18T00:14:58.178+0000] {dagbag.py:539} INFO - Filling up the DagBag from /home/airflow/.local/lib/python3.8/site-packages/airflow/example_dags/example_params_trigger_ui.py
[2025-01-18T00:14:58.209+0000] {processor.py:839} INFO - DAG(s) dict_keys(['example_params_trigger_ui']) retrieved from /home/airflow/.local/lib/python3.8/site-packages/airflow/example_dags/example_params_trigger_ui.py
[2025-01-18T00:14:58.316+0000] {logging_mixin.py:151} INFO - [2025-01-18T00:14:58.315+0000] {dag.py:2907} INFO - Sync 1 DAGs
[2025-01-18T00:14:58.336+0000] {logging_mixin.py:151} INFO - [2025-01-18T00:14:58.335+0000] {dag.py:3677} INFO - Setting next_dagrun for example_params_trigger_ui to None, run_after=None
[2025-01-18T00:14:58.360+0000] {processor.py:179} INFO - Processing /home/airflow/.local/lib/python3.8/site-packages/airflow/example_dags/example_params_trigger_ui.py took 0.193 seconds
[2025-01-18T00:15:29.164+0000] {processor.py:157} INFO - Started process (PID=268) to work on /home/airflow/.local/lib/python3.8/site-packages/airflow/example_dags/example_params_trigger_ui.py
[2025-01-18T00:15:29.165+0000] {processor.py:829} INFO - Processing file /home/airflow/.local/lib/python3.8/site-packages/airflow/example_dags/example_params_trigger_ui.py for tasks to queue
[2025-01-18T00:15:29.167+0000] {logging_mixin.py:151} INFO - [2025-01-18T00:15:29.167+0000] {dagbag.py:539} INFO - Filling up the DagBag from /home/airflow/.local/lib/python3.8/site-packages/airflow/example_dags/example_params_trigger_ui.py
[2025-01-18T00:15:29.188+0000] {processor.py:839} INFO - DAG(s) dict_keys(['example_params_trigger_ui']) retrieved from /home/airflow/.local/lib/python3.8/site-packages/airflow/example_dags/example_params_trigger_ui.py
[2025-01-18T00:15:29.281+0000] {logging_mixin.py:151} INFO - [2025-01-18T00:15:29.280+0000] {dag.py:2907} INFO - Sync 1 DAGs
[2025-01-18T00:15:29.299+0000] {logging_mixin.py:151} INFO - [2025-01-18T00:15:29.299+0000] {dag.py:3677} INFO - Setting next_dagrun for example_params_trigger_ui to None, run_after=None
[2025-01-18T00:15:29.329+0000] {processor.py:179} INFO - Processing /home/airflow/.local/lib/python3.8/site-packages/airflow/example_dags/example_params_trigger_ui.py took 0.169 seconds
[2025-01-18T00:15:59.469+0000] {processor.py:157} INFO - Started process (PID=354) to work on /home/airflow/.local/lib/python3.8/site-packages/airflow/example_dags/example_params_trigger_ui.py
[2025-01-18T00:15:59.472+0000] {processor.py:829} INFO - Processing file /home/airflow/.local/lib/python3.8/site-packages/airflow/example_dags/example_params_trigger_ui.py for tasks to queue
[2025-01-18T00:15:59.483+0000] {logging_mixin.py:151} INFO - [2025-01-18T00:15:59.483+0000] {dagbag.py:539} INFO - Filling up the DagBag from /home/airflow/.local/lib/python3.8/site-packages/airflow/example_dags/example_params_trigger_ui.py
[2025-01-18T00:15:59.530+0000] {processor.py:839} INFO - DAG(s) dict_keys(['example_params_trigger_ui']) retrieved from /home/airflow/.local/lib/python3.8/site-packages/airflow/example_dags/example_params_trigger_ui.py
[2025-01-18T00:15:59.624+0000] {logging_mixin.py:151} INFO - [2025-01-18T00:15:59.624+0000] {dag.py:2907} INFO - Sync 1 DAGs
[2025-01-18T00:15:59.644+0000] {logging_mixin.py:151} INFO - [2025-01-18T00:15:59.644+0000] {dag.py:3677} INFO - Setting next_dagrun for example_params_trigger_ui to None, run_after=None
[2025-01-18T00:15:59.670+0000] {processor.py:179} INFO - Processing /home/airflow/.local/lib/python3.8/site-packages/airflow/example_dags/example_params_trigger_ui.py took 0.214 seconds
[2025-01-18T00:16:31.351+0000] {processor.py:157} INFO - Started process (PID=440) to work on /home/airflow/.local/lib/python3.8/site-packages/airflow/example_dags/example_params_trigger_ui.py
[2025-01-18T00:16:31.352+0000] {processor.py:829} INFO - Processing file /home/airflow/.local/lib/python3.8/site-packages/airflow/example_dags/example_params_trigger_ui.py for tasks to queue
[2025-01-18T00:16:31.356+0000] {logging_mixin.py:151} INFO - [2025-01-18T00:16:31.355+0000] {dagbag.py:539} INFO - Filling up the DagBag from /home/airflow/.local/lib/python3.8/site-packages/airflow/example_dags/example_params_trigger_ui.py
[2025-01-18T00:16:31.393+0000] {processor.py:839} INFO - DAG(s) dict_keys(['example_params_trigger_ui']) retrieved from /home/airflow/.local/lib/python3.8/site-packages/airflow/example_dags/example_params_trigger_ui.py
[2025-01-18T00:16:31.501+0000] {logging_mixin.py:151} INFO - [2025-01-18T00:16:31.501+0000] {dag.py:2907} INFO - Sync 1 DAGs
[2025-01-18T00:16:31.524+0000] {logging_mixin.py:151} INFO - [2025-01-18T00:16:31.523+0000] {dag.py:3677} INFO - Setting next_dagrun for example_params_trigger_ui to None, run_after=None
[2025-01-18T00:16:31.559+0000] {processor.py:179} INFO - Processing /home/airflow/.local/lib/python3.8/site-packages/airflow/example_dags/example_params_trigger_ui.py took 0.213 seconds
[2025-01-18T00:17:02.016+0000] {processor.py:157} INFO - Started process (PID=535) to work on /home/airflow/.local/lib/python3.8/site-packages/airflow/example_dags/example_params_trigger_ui.py
[2025-01-18T00:17:02.018+0000] {processor.py:829} INFO - Processing file /home/airflow/.local/lib/python3.8/site-packages/airflow/example_dags/example_params_trigger_ui.py for tasks to queue
[2025-01-18T00:17:02.022+0000] {logging_mixin.py:151} INFO - [2025-01-18T00:17:02.021+0000] {dagbag.py:539} INFO - Filling up the DagBag from /home/airflow/.local/lib/python3.8/site-packages/airflow/example_dags/example_params_trigger_ui.py
[2025-01-18T00:17:02.065+0000] {processor.py:839} INFO - DAG(s) dict_keys(['example_params_trigger_ui']) retrieved from /home/airflow/.local/lib/python3.8/site-packages/airflow/example_dags/example_params_trigger_ui.py
[2025-01-18T00:17:02.195+0000] {logging_mixin.py:151} INFO - [2025-01-18T00:17:02.194+0000] {dag.py:2907} INFO - Sync 1 DAGs
[2025-01-18T00:17:02.220+0000] {logging_mixin.py:151} INFO - [2025-01-18T00:17:02.220+0000] {dag.py:3677} INFO - Setting next_dagrun for example_params_trigger_ui to None, run_after=None
[2025-01-18T00:17:02.260+0000] {processor.py:179} INFO - Processing /home/airflow/.local/lib/python3.8/site-packages/airflow/example_dags/example_params_trigger_ui.py took 0.250 seconds
[2025-01-18T00:17:35.316+0000] {processor.py:157} INFO - Started process (PID=621) to work on /home/airflow/.local/lib/python3.8/site-packages/airflow/example_dags/example_params_trigger_ui.py
[2025-01-18T00:17:35.319+0000] {processor.py:829} INFO - Processing file /home/airflow/.local/lib/python3.8/site-packages/airflow/example_dags/example_params_trigger_ui.py for tasks to queue
[2025-01-18T00:17:35.324+0000] {logging_mixin.py:151} INFO - [2025-01-18T00:17:35.324+0000] {dagbag.py:539} INFO - Filling up the DagBag from /home/airflow/.local/lib/python3.8/site-packages/airflow/example_dags/example_params_trigger_ui.py
[2025-01-18T00:17:35.436+0000] {processor.py:839} INFO - DAG(s) dict_keys(['example_params_trigger_ui']) retrieved from /home/airflow/.local/lib/python3.8/site-packages/airflow/example_dags/example_params_trigger_ui.py
[2025-01-18T00:17:35.658+0000] {logging_mixin.py:151} INFO - [2025-01-18T00:17:35.658+0000] {dag.py:2907} INFO - Sync 1 DAGs
[2025-01-18T00:17:35.693+0000] {logging_mixin.py:151} INFO - [2025-01-18T00:17:35.692+0000] {dag.py:3677} INFO - Setting next_dagrun for example_params_trigger_ui to None, run_after=None
[2025-01-18T00:17:35.803+0000] {processor.py:179} INFO - Processing /home/airflow/.local/lib/python3.8/site-packages/airflow/example_dags/example_params_trigger_ui.py took 0.495 seconds
[2025-01-18T00:18:06.683+0000] {processor.py:157} INFO - Started process (PID=696) to work on /home/airflow/.local/lib/python3.8/site-packages/airflow/example_dags/example_params_trigger_ui.py
[2025-01-18T00:18:06.685+0000] {processor.py:829} INFO - Processing file /home/airflow/.local/lib/python3.8/site-packages/airflow/example_dags/example_params_trigger_ui.py for tasks to queue
[2025-01-18T00:18:06.689+0000] {logging_mixin.py:151} INFO - [2025-01-18T00:18:06.688+0000] {dagbag.py:539} INFO - Filling up the DagBag from /home/airflow/.local/lib/python3.8/site-packages/airflow/example_dags/example_params_trigger_ui.py
[2025-01-18T00:18:06.725+0000] {processor.py:839} INFO - DAG(s) dict_keys(['example_params_trigger_ui']) retrieved from /home/airflow/.local/lib/python3.8/site-packages/airflow/example_dags/example_params_trigger_ui.py
[2025-01-18T00:18:06.838+0000] {logging_mixin.py:151} INFO - [2025-01-18T00:18:06.838+0000] {dag.py:2907} INFO - Sync 1 DAGs
[2025-01-18T00:18:06.863+0000] {logging_mixin.py:151} INFO - [2025-01-18T00:18:06.862+0000] {dag.py:3677} INFO - Setting next_dagrun for example_params_trigger_ui to None, run_after=None
[2025-01-18T00:18:06.896+0000] {processor.py:179} INFO - Processing /home/airflow/.local/lib/python3.8/site-packages/airflow/example_dags/example_params_trigger_ui.py took 0.219 seconds
[2025-01-18T00:18:37.602+0000] {processor.py:157} INFO - Started process (PID=782) to work on /home/airflow/.local/lib/python3.8/site-packages/airflow/example_dags/example_params_trigger_ui.py
[2025-01-18T00:18:37.605+0000] {processor.py:829} INFO - Processing file /home/airflow/.local/lib/python3.8/site-packages/airflow/example_dags/example_params_trigger_ui.py for tasks to queue
[2025-01-18T00:18:37.613+0000] {logging_mixin.py:151} INFO - [2025-01-18T00:18:37.612+0000] {dagbag.py:539} INFO - Filling up the DagBag from /home/airflow/.local/lib/python3.8/site-packages/airflow/example_dags/example_params_trigger_ui.py
[2025-01-18T00:18:37.672+0000] {processor.py:839} INFO - DAG(s) dict_keys(['example_params_trigger_ui']) retrieved from /home/airflow/.local/lib/python3.8/site-packages/airflow/example_dags/example_params_trigger_ui.py
[2025-01-18T00:18:37.897+0000] {logging_mixin.py:151} INFO - [2025-01-18T00:18:37.897+0000] {dag.py:2907} INFO - Sync 1 DAGs
[2025-01-18T00:18:37.939+0000] {logging_mixin.py:151} INFO - [2025-01-18T00:18:37.938+0000] {dag.py:3677} INFO - Setting next_dagrun for example_params_trigger_ui to None, run_after=None
[2025-01-18T00:18:38.004+0000] {processor.py:179} INFO - Processing /home/airflow/.local/lib/python3.8/site-packages/airflow/example_dags/example_params_trigger_ui.py took 0.412 seconds
[2025-01-18T00:19:08.492+0000] {processor.py:157} INFO - Started process (PID=860) to work on /home/airflow/.local/lib/python3.8/site-packages/airflow/example_dags/example_params_trigger_ui.py
[2025-01-18T00:19:08.494+0000] {processor.py:829} INFO - Processing file /home/airflow/.local/lib/python3.8/site-packages/airflow/example_dags/example_params_trigger_ui.py for tasks to queue
[2025-01-18T00:19:08.497+0000] {logging_mixin.py:151} INFO - [2025-01-18T00:19:08.497+0000] {dagbag.py:539} INFO - Filling up the DagBag from /home/airflow/.local/lib/python3.8/site-packages/airflow/example_dags/example_params_trigger_ui.py
[2025-01-18T00:19:08.525+0000] {processor.py:839} INFO - DAG(s) dict_keys(['example_params_trigger_ui']) retrieved from /home/airflow/.local/lib/python3.8/site-packages/airflow/example_dags/example_params_trigger_ui.py
[2025-01-18T00:19:08.632+0000] {logging_mixin.py:151} INFO - [2025-01-18T00:19:08.632+0000] {dag.py:2907} INFO - Sync 1 DAGs
[2025-01-18T00:19:08.654+0000] {logging_mixin.py:151} INFO - [2025-01-18T00:19:08.653+0000] {dag.py:3677} INFO - Setting next_dagrun for example_params_trigger_ui to None, run_after=None
[2025-01-18T00:19:08.691+0000] {processor.py:179} INFO - Processing /home/airflow/.local/lib/python3.8/site-packages/airflow/example_dags/example_params_trigger_ui.py took 0.203 seconds
[2025-01-18T00:19:38.734+0000] {processor.py:157} INFO - Started process (PID=946) to work on /home/airflow/.local/lib/python3.8/site-packages/airflow/example_dags/example_params_trigger_ui.py
[2025-01-18T00:19:38.736+0000] {processor.py:829} INFO - Processing file /home/airflow/.local/lib/python3.8/site-packages/airflow/example_dags/example_params_trigger_ui.py for tasks to queue
[2025-01-18T00:19:38.739+0000] {logging_mixin.py:151} INFO - [2025-01-18T00:19:38.739+0000] {dagbag.py:539} INFO - Filling up the DagBag from /home/airflow/.local/lib/python3.8/site-packages/airflow/example_dags/example_params_trigger_ui.py
[2025-01-18T00:19:38.772+0000] {processor.py:839} INFO - DAG(s) dict_keys(['example_params_trigger_ui']) retrieved from /home/airflow/.local/lib/python3.8/site-packages/airflow/example_dags/example_params_trigger_ui.py
[2025-01-18T00:19:38.905+0000] {logging_mixin.py:151} INFO - [2025-01-18T00:19:38.904+0000] {dag.py:2907} INFO - Sync 1 DAGs
[2025-01-18T00:19:38.924+0000] {logging_mixin.py:151} INFO - [2025-01-18T00:19:38.923+0000] {dag.py:3677} INFO - Setting next_dagrun for example_params_trigger_ui to None, run_after=None
[2025-01-18T00:19:38.953+0000] {processor.py:179} INFO - Processing /home/airflow/.local/lib/python3.8/site-packages/airflow/example_dags/example_params_trigger_ui.py took 0.223 seconds
[2025-01-18T00:20:09.089+0000] {processor.py:157} INFO - Started process (PID=1032) to work on /home/airflow/.local/lib/python3.8/site-packages/airflow/example_dags/example_params_trigger_ui.py
[2025-01-18T00:20:09.090+0000] {processor.py:829} INFO - Processing file /home/airflow/.local/lib/python3.8/site-packages/airflow/example_dags/example_params_trigger_ui.py for tasks to queue
[2025-01-18T00:20:09.094+0000] {logging_mixin.py:151} INFO - [2025-01-18T00:20:09.093+0000] {dagbag.py:539} INFO - Filling up the DagBag from /home/airflow/.local/lib/python3.8/site-packages/airflow/example_dags/example_params_trigger_ui.py
[2025-01-18T00:20:09.123+0000] {processor.py:839} INFO - DAG(s) dict_keys(['example_params_trigger_ui']) retrieved from /home/airflow/.local/lib/python3.8/site-packages/airflow/example_dags/example_params_trigger_ui.py
[2025-01-18T00:20:09.221+0000] {logging_mixin.py:151} INFO - [2025-01-18T00:20:09.221+0000] {dag.py:2907} INFO - Sync 1 DAGs
[2025-01-18T00:20:09.240+0000] {logging_mixin.py:151} INFO - [2025-01-18T00:20:09.240+0000] {dag.py:3677} INFO - Setting next_dagrun for example_params_trigger_ui to None, run_after=None
[2025-01-18T00:20:09.268+0000] {processor.py:179} INFO - Processing /home/airflow/.local/lib/python3.8/site-packages/airflow/example_dags/example_params_trigger_ui.py took 0.183 seconds
[2025-01-18T00:20:39.775+0000] {processor.py:157} INFO - Started process (PID=1118) to work on /home/airflow/.local/lib/python3.8/site-packages/airflow/example_dags/example_params_trigger_ui.py
[2025-01-18T00:20:39.777+0000] {processor.py:829} INFO - Processing file /home/airflow/.local/lib/python3.8/site-packages/airflow/example_dags/example_params_trigger_ui.py for tasks to queue
[2025-01-18T00:20:39.780+0000] {logging_mixin.py:151} INFO - [2025-01-18T00:20:39.779+0000] {dagbag.py:539} INFO - Filling up the DagBag from /home/airflow/.local/lib/python3.8/site-packages/airflow/example_dags/example_params_trigger_ui.py
[2025-01-18T00:20:39.804+0000] {processor.py:839} INFO - DAG(s) dict_keys(['example_params_trigger_ui']) retrieved from /home/airflow/.local/lib/python3.8/site-packages/airflow/example_dags/example_params_trigger_ui.py
[2025-01-18T00:20:39.908+0000] {logging_mixin.py:151} INFO - [2025-01-18T00:20:39.908+0000] {dag.py:2907} INFO - Sync 1 DAGs
[2025-01-18T00:20:39.928+0000] {logging_mixin.py:151} INFO - [2025-01-18T00:20:39.928+0000] {dag.py:3677} INFO - Setting next_dagrun for example_params_trigger_ui to None, run_after=None
[2025-01-18T00:20:39.958+0000] {processor.py:179} INFO - Processing /home/airflow/.local/lib/python3.8/site-packages/airflow/example_dags/example_params_trigger_ui.py took 0.187 seconds
[2025-01-18T00:21:10.645+0000] {processor.py:157} INFO - Started process (PID=1193) to work on /home/airflow/.local/lib/python3.8/site-packages/airflow/example_dags/example_params_trigger_ui.py
[2025-01-18T00:21:10.647+0000] {processor.py:829} INFO - Processing file /home/airflow/.local/lib/python3.8/site-packages/airflow/example_dags/example_params_trigger_ui.py for tasks to queue
[2025-01-18T00:21:10.654+0000] {logging_mixin.py:151} INFO - [2025-01-18T00:21:10.651+0000] {dagbag.py:539} INFO - Filling up the DagBag from /home/airflow/.local/lib/python3.8/site-packages/airflow/example_dags/example_params_trigger_ui.py
[2025-01-18T00:21:10.711+0000] {processor.py:839} INFO - DAG(s) dict_keys(['example_params_trigger_ui']) retrieved from /home/airflow/.local/lib/python3.8/site-packages/airflow/example_dags/example_params_trigger_ui.py
[2025-01-18T00:21:10.822+0000] {logging_mixin.py:151} INFO - [2025-01-18T00:21:10.821+0000] {dag.py:2907} INFO - Sync 1 DAGs
[2025-01-18T00:21:10.845+0000] {logging_mixin.py:151} INFO - [2025-01-18T00:21:10.845+0000] {dag.py:3677} INFO - Setting next_dagrun for example_params_trigger_ui to None, run_after=None
[2025-01-18T00:21:10.881+0000] {processor.py:179} INFO - Processing /home/airflow/.local/lib/python3.8/site-packages/airflow/example_dags/example_params_trigger_ui.py took 0.243 seconds
[2025-01-18T00:32:04.773+0000] {processor.py:157} INFO - Started process (PID=135) to work on /home/airflow/.local/lib/python3.8/site-packages/airflow/example_dags/example_params_trigger_ui.py
[2025-01-18T00:32:04.778+0000] {processor.py:829} INFO - Processing file /home/airflow/.local/lib/python3.8/site-packages/airflow/example_dags/example_params_trigger_ui.py for tasks to queue
[2025-01-18T00:32:04.784+0000] {logging_mixin.py:151} INFO - [2025-01-18T00:32:04.783+0000] {dagbag.py:539} INFO - Filling up the DagBag from /home/airflow/.local/lib/python3.8/site-packages/airflow/example_dags/example_params_trigger_ui.py
[2025-01-18T00:32:04.845+0000] {processor.py:839} INFO - DAG(s) dict_keys(['example_params_trigger_ui']) retrieved from /home/airflow/.local/lib/python3.8/site-packages/airflow/example_dags/example_params_trigger_ui.py
[2025-01-18T00:32:05.047+0000] {logging_mixin.py:151} INFO - [2025-01-18T00:32:05.046+0000] {dag.py:2907} INFO - Sync 1 DAGs
[2025-01-18T00:32:05.088+0000] {logging_mixin.py:151} INFO - [2025-01-18T00:32:05.087+0000] {dag.py:3677} INFO - Setting next_dagrun for example_params_trigger_ui to None, run_after=None
[2025-01-18T00:32:05.138+0000] {processor.py:179} INFO - Processing /home/airflow/.local/lib/python3.8/site-packages/airflow/example_dags/example_params_trigger_ui.py took 0.373 seconds
[2025-01-18T00:32:35.323+0000] {processor.py:157} INFO - Started process (PID=221) to work on /home/airflow/.local/lib/python3.8/site-packages/airflow/example_dags/example_params_trigger_ui.py
[2025-01-18T00:32:35.325+0000] {processor.py:829} INFO - Processing file /home/airflow/.local/lib/python3.8/site-packages/airflow/example_dags/example_params_trigger_ui.py for tasks to queue
[2025-01-18T00:32:35.329+0000] {logging_mixin.py:151} INFO - [2025-01-18T00:32:35.328+0000] {dagbag.py:539} INFO - Filling up the DagBag from /home/airflow/.local/lib/python3.8/site-packages/airflow/example_dags/example_params_trigger_ui.py
[2025-01-18T00:32:35.359+0000] {processor.py:839} INFO - DAG(s) dict_keys(['example_params_trigger_ui']) retrieved from /home/airflow/.local/lib/python3.8/site-packages/airflow/example_dags/example_params_trigger_ui.py
[2025-01-18T00:32:35.467+0000] {logging_mixin.py:151} INFO - [2025-01-18T00:32:35.466+0000] {dag.py:2907} INFO - Sync 1 DAGs
[2025-01-18T00:32:35.492+0000] {logging_mixin.py:151} INFO - [2025-01-18T00:32:35.491+0000] {dag.py:3677} INFO - Setting next_dagrun for example_params_trigger_ui to None, run_after=None
[2025-01-18T00:32:35.520+0000] {processor.py:179} INFO - Processing /home/airflow/.local/lib/python3.8/site-packages/airflow/example_dags/example_params_trigger_ui.py took 0.203 seconds
[2025-01-18T00:54:44.572+0000] {processor.py:157} INFO - Started process (PID=115) to work on /home/airflow/.local/lib/python3.8/site-packages/airflow/example_dags/example_params_trigger_ui.py
[2025-01-18T00:54:44.574+0000] {processor.py:829} INFO - Processing file /home/airflow/.local/lib/python3.8/site-packages/airflow/example_dags/example_params_trigger_ui.py for tasks to queue
[2025-01-18T00:54:44.579+0000] {logging_mixin.py:151} INFO - [2025-01-18T00:54:44.579+0000] {dagbag.py:539} INFO - Filling up the DagBag from /home/airflow/.local/lib/python3.8/site-packages/airflow/example_dags/example_params_trigger_ui.py
[2025-01-18T00:54:44.628+0000] {processor.py:839} INFO - DAG(s) dict_keys(['example_params_trigger_ui']) retrieved from /home/airflow/.local/lib/python3.8/site-packages/airflow/example_dags/example_params_trigger_ui.py
[2025-01-18T00:54:44.773+0000] {logging_mixin.py:151} INFO - [2025-01-18T00:54:44.773+0000] {dag.py:2907} INFO - Sync 1 DAGs
[2025-01-18T00:54:44.805+0000] {logging_mixin.py:151} INFO - [2025-01-18T00:54:44.804+0000] {dag.py:3677} INFO - Setting next_dagrun for example_params_trigger_ui to None, run_after=None
[2025-01-18T00:54:44.842+0000] {processor.py:179} INFO - Processing /home/airflow/.local/lib/python3.8/site-packages/airflow/example_dags/example_params_trigger_ui.py took 0.277 seconds
[2025-01-18T00:55:16.271+0000] {processor.py:157} INFO - Started process (PID=190) to work on /home/airflow/.local/lib/python3.8/site-packages/airflow/example_dags/example_params_trigger_ui.py
[2025-01-18T00:55:16.273+0000] {processor.py:829} INFO - Processing file /home/airflow/.local/lib/python3.8/site-packages/airflow/example_dags/example_params_trigger_ui.py for tasks to queue
[2025-01-18T00:55:16.278+0000] {logging_mixin.py:151} INFO - [2025-01-18T00:55:16.277+0000] {dagbag.py:539} INFO - Filling up the DagBag from /home/airflow/.local/lib/python3.8/site-packages/airflow/example_dags/example_params_trigger_ui.py
[2025-01-18T00:55:16.325+0000] {processor.py:839} INFO - DAG(s) dict_keys(['example_params_trigger_ui']) retrieved from /home/airflow/.local/lib/python3.8/site-packages/airflow/example_dags/example_params_trigger_ui.py
[2025-01-18T00:55:16.476+0000] {logging_mixin.py:151} INFO - [2025-01-18T00:55:16.476+0000] {dag.py:2907} INFO - Sync 1 DAGs
[2025-01-18T00:55:16.507+0000] {logging_mixin.py:151} INFO - [2025-01-18T00:55:16.507+0000] {dag.py:3677} INFO - Setting next_dagrun for example_params_trigger_ui to None, run_after=None
[2025-01-18T00:55:16.548+0000] {processor.py:179} INFO - Processing /home/airflow/.local/lib/python3.8/site-packages/airflow/example_dags/example_params_trigger_ui.py took 0.286 seconds
[2025-01-18T00:55:47.236+0000] {processor.py:157} INFO - Started process (PID=276) to work on /home/airflow/.local/lib/python3.8/site-packages/airflow/example_dags/example_params_trigger_ui.py
[2025-01-18T00:55:47.237+0000] {processor.py:829} INFO - Processing file /home/airflow/.local/lib/python3.8/site-packages/airflow/example_dags/example_params_trigger_ui.py for tasks to queue
[2025-01-18T00:55:47.244+0000] {logging_mixin.py:151} INFO - [2025-01-18T00:55:47.243+0000] {dagbag.py:539} INFO - Filling up the DagBag from /home/airflow/.local/lib/python3.8/site-packages/airflow/example_dags/example_params_trigger_ui.py
[2025-01-18T00:55:47.292+0000] {processor.py:839} INFO - DAG(s) dict_keys(['example_params_trigger_ui']) retrieved from /home/airflow/.local/lib/python3.8/site-packages/airflow/example_dags/example_params_trigger_ui.py
[2025-01-18T00:55:47.556+0000] {logging_mixin.py:151} INFO - [2025-01-18T00:55:47.555+0000] {dag.py:2907} INFO - Sync 1 DAGs
[2025-01-18T00:55:47.613+0000] {logging_mixin.py:151} INFO - [2025-01-18T00:55:47.613+0000] {dag.py:3677} INFO - Setting next_dagrun for example_params_trigger_ui to None, run_after=None
[2025-01-18T00:55:47.667+0000] {processor.py:179} INFO - Processing /home/airflow/.local/lib/python3.8/site-packages/airflow/example_dags/example_params_trigger_ui.py took 0.438 seconds
[2025-01-18T00:56:17.750+0000] {processor.py:157} INFO - Started process (PID=356) to work on /home/airflow/.local/lib/python3.8/site-packages/airflow/example_dags/example_params_trigger_ui.py
[2025-01-18T00:56:17.751+0000] {processor.py:829} INFO - Processing file /home/airflow/.local/lib/python3.8/site-packages/airflow/example_dags/example_params_trigger_ui.py for tasks to queue
[2025-01-18T00:56:17.755+0000] {logging_mixin.py:151} INFO - [2025-01-18T00:56:17.755+0000] {dagbag.py:539} INFO - Filling up the DagBag from /home/airflow/.local/lib/python3.8/site-packages/airflow/example_dags/example_params_trigger_ui.py
[2025-01-18T00:56:17.779+0000] {processor.py:839} INFO - DAG(s) dict_keys(['example_params_trigger_ui']) retrieved from /home/airflow/.local/lib/python3.8/site-packages/airflow/example_dags/example_params_trigger_ui.py
[2025-01-18T00:56:17.870+0000] {logging_mixin.py:151} INFO - [2025-01-18T00:56:17.870+0000] {dag.py:2907} INFO - Sync 1 DAGs
[2025-01-18T00:56:17.888+0000] {logging_mixin.py:151} INFO - [2025-01-18T00:56:17.887+0000] {dag.py:3677} INFO - Setting next_dagrun for example_params_trigger_ui to None, run_after=None
[2025-01-18T00:56:17.913+0000] {processor.py:179} INFO - Processing /home/airflow/.local/lib/python3.8/site-packages/airflow/example_dags/example_params_trigger_ui.py took 0.168 seconds
[2025-01-18T00:56:48.589+0000] {processor.py:157} INFO - Started process (PID=440) to work on /home/airflow/.local/lib/python3.8/site-packages/airflow/example_dags/example_params_trigger_ui.py
[2025-01-18T00:56:48.590+0000] {processor.py:829} INFO - Processing file /home/airflow/.local/lib/python3.8/site-packages/airflow/example_dags/example_params_trigger_ui.py for tasks to queue
[2025-01-18T00:56:48.593+0000] {logging_mixin.py:151} INFO - [2025-01-18T00:56:48.593+0000] {dagbag.py:539} INFO - Filling up the DagBag from /home/airflow/.local/lib/python3.8/site-packages/airflow/example_dags/example_params_trigger_ui.py
[2025-01-18T00:56:48.616+0000] {processor.py:839} INFO - DAG(s) dict_keys(['example_params_trigger_ui']) retrieved from /home/airflow/.local/lib/python3.8/site-packages/airflow/example_dags/example_params_trigger_ui.py
[2025-01-18T00:56:48.695+0000] {logging_mixin.py:151} INFO - [2025-01-18T00:56:48.695+0000] {dag.py:2907} INFO - Sync 1 DAGs
[2025-01-18T00:56:48.711+0000] {logging_mixin.py:151} INFO - [2025-01-18T00:56:48.711+0000] {dag.py:3677} INFO - Setting next_dagrun for example_params_trigger_ui to None, run_after=None
[2025-01-18T00:56:48.738+0000] {processor.py:179} INFO - Processing /home/airflow/.local/lib/python3.8/site-packages/airflow/example_dags/example_params_trigger_ui.py took 0.155 seconds
[2025-01-18T00:57:18.813+0000] {processor.py:157} INFO - Started process (PID=526) to work on /home/airflow/.local/lib/python3.8/site-packages/airflow/example_dags/example_params_trigger_ui.py
[2025-01-18T00:57:18.815+0000] {processor.py:829} INFO - Processing file /home/airflow/.local/lib/python3.8/site-packages/airflow/example_dags/example_params_trigger_ui.py for tasks to queue
[2025-01-18T00:57:18.819+0000] {logging_mixin.py:151} INFO - [2025-01-18T00:57:18.819+0000] {dagbag.py:539} INFO - Filling up the DagBag from /home/airflow/.local/lib/python3.8/site-packages/airflow/example_dags/example_params_trigger_ui.py
[2025-01-18T00:57:18.859+0000] {processor.py:839} INFO - DAG(s) dict_keys(['example_params_trigger_ui']) retrieved from /home/airflow/.local/lib/python3.8/site-packages/airflow/example_dags/example_params_trigger_ui.py
[2025-01-18T00:57:18.979+0000] {logging_mixin.py:151} INFO - [2025-01-18T00:57:18.979+0000] {dag.py:2907} INFO - Sync 1 DAGs
[2025-01-18T00:57:19.008+0000] {logging_mixin.py:151} INFO - [2025-01-18T00:57:19.007+0000] {dag.py:3677} INFO - Setting next_dagrun for example_params_trigger_ui to None, run_after=None
[2025-01-18T00:57:19.045+0000] {processor.py:179} INFO - Processing /home/airflow/.local/lib/python3.8/site-packages/airflow/example_dags/example_params_trigger_ui.py took 0.238 seconds
[2025-01-18T00:57:49.122+0000] {processor.py:157} INFO - Started process (PID=593) to work on /home/airflow/.local/lib/python3.8/site-packages/airflow/example_dags/example_params_trigger_ui.py
[2025-01-18T00:57:49.124+0000] {processor.py:829} INFO - Processing file /home/airflow/.local/lib/python3.8/site-packages/airflow/example_dags/example_params_trigger_ui.py for tasks to queue
[2025-01-18T00:57:49.127+0000] {logging_mixin.py:151} INFO - [2025-01-18T00:57:49.126+0000] {dagbag.py:539} INFO - Filling up the DagBag from /home/airflow/.local/lib/python3.8/site-packages/airflow/example_dags/example_params_trigger_ui.py
[2025-01-18T00:57:49.155+0000] {processor.py:839} INFO - DAG(s) dict_keys(['example_params_trigger_ui']) retrieved from /home/airflow/.local/lib/python3.8/site-packages/airflow/example_dags/example_params_trigger_ui.py
[2025-01-18T00:57:49.271+0000] {logging_mixin.py:151} INFO - [2025-01-18T00:57:49.270+0000] {dag.py:2907} INFO - Sync 1 DAGs
[2025-01-18T00:57:49.291+0000] {logging_mixin.py:151} INFO - [2025-01-18T00:57:49.291+0000] {dag.py:3677} INFO - Setting next_dagrun for example_params_trigger_ui to None, run_after=None
[2025-01-18T00:57:49.319+0000] {processor.py:179} INFO - Processing /home/airflow/.local/lib/python3.8/site-packages/airflow/example_dags/example_params_trigger_ui.py took 0.201 seconds
[2025-01-18T00:58:20.579+0000] {processor.py:157} INFO - Started process (PID=679) to work on /home/airflow/.local/lib/python3.8/site-packages/airflow/example_dags/example_params_trigger_ui.py
[2025-01-18T00:58:20.580+0000] {processor.py:829} INFO - Processing file /home/airflow/.local/lib/python3.8/site-packages/airflow/example_dags/example_params_trigger_ui.py for tasks to queue
[2025-01-18T00:58:20.585+0000] {logging_mixin.py:151} INFO - [2025-01-18T00:58:20.584+0000] {dagbag.py:539} INFO - Filling up the DagBag from /home/airflow/.local/lib/python3.8/site-packages/airflow/example_dags/example_params_trigger_ui.py
[2025-01-18T00:58:20.617+0000] {processor.py:839} INFO - DAG(s) dict_keys(['example_params_trigger_ui']) retrieved from /home/airflow/.local/lib/python3.8/site-packages/airflow/example_dags/example_params_trigger_ui.py
[2025-01-18T00:58:20.739+0000] {logging_mixin.py:151} INFO - [2025-01-18T00:58:20.739+0000] {dag.py:2907} INFO - Sync 1 DAGs
[2025-01-18T00:58:20.762+0000] {logging_mixin.py:151} INFO - [2025-01-18T00:58:20.762+0000] {dag.py:3677} INFO - Setting next_dagrun for example_params_trigger_ui to None, run_after=None
[2025-01-18T00:58:20.790+0000] {processor.py:179} INFO - Processing /home/airflow/.local/lib/python3.8/site-packages/airflow/example_dags/example_params_trigger_ui.py took 0.216 seconds
[2025-01-18T00:59:03.000+0000] {processor.py:157} INFO - Started process (PID=778) to work on /home/airflow/.local/lib/python3.8/site-packages/airflow/example_dags/example_params_trigger_ui.py
[2025-01-18T00:59:03.010+0000] {processor.py:829} INFO - Processing file /home/airflow/.local/lib/python3.8/site-packages/airflow/example_dags/example_params_trigger_ui.py for tasks to queue
[2025-01-18T00:59:03.025+0000] {logging_mixin.py:151} INFO - [2025-01-18T00:59:03.024+0000] {dagbag.py:539} INFO - Filling up the DagBag from /home/airflow/.local/lib/python3.8/site-packages/airflow/example_dags/example_params_trigger_ui.py
[2025-01-18T00:59:03.459+0000] {processor.py:839} INFO - DAG(s) dict_keys(['example_params_trigger_ui']) retrieved from /home/airflow/.local/lib/python3.8/site-packages/airflow/example_dags/example_params_trigger_ui.py
[2025-01-18T00:59:04.124+0000] {logging_mixin.py:151} INFO - [2025-01-18T00:59:04.112+0000] {dag.py:2907} INFO - Sync 1 DAGs
[2025-01-18T00:59:04.366+0000] {logging_mixin.py:151} INFO - [2025-01-18T00:59:04.366+0000] {dag.py:3677} INFO - Setting next_dagrun for example_params_trigger_ui to None, run_after=None
[2025-01-18T00:59:04.703+0000] {processor.py:179} INFO - Processing /home/airflow/.local/lib/python3.8/site-packages/airflow/example_dags/example_params_trigger_ui.py took 1.730 seconds
[2025-01-18T00:59:35.020+0000] {processor.py:157} INFO - Started process (PID=859) to work on /home/airflow/.local/lib/python3.8/site-packages/airflow/example_dags/example_params_trigger_ui.py
[2025-01-18T00:59:35.022+0000] {processor.py:829} INFO - Processing file /home/airflow/.local/lib/python3.8/site-packages/airflow/example_dags/example_params_trigger_ui.py for tasks to queue
[2025-01-18T00:59:35.028+0000] {logging_mixin.py:151} INFO - [2025-01-18T00:59:35.027+0000] {dagbag.py:539} INFO - Filling up the DagBag from /home/airflow/.local/lib/python3.8/site-packages/airflow/example_dags/example_params_trigger_ui.py
[2025-01-18T00:59:35.081+0000] {processor.py:839} INFO - DAG(s) dict_keys(['example_params_trigger_ui']) retrieved from /home/airflow/.local/lib/python3.8/site-packages/airflow/example_dags/example_params_trigger_ui.py
[2025-01-18T00:59:35.279+0000] {logging_mixin.py:151} INFO - [2025-01-18T00:59:35.279+0000] {dag.py:2907} INFO - Sync 1 DAGs
[2025-01-18T00:59:35.316+0000] {logging_mixin.py:151} INFO - [2025-01-18T00:59:35.316+0000] {dag.py:3677} INFO - Setting next_dagrun for example_params_trigger_ui to None, run_after=None
[2025-01-18T00:59:35.366+0000] {processor.py:179} INFO - Processing /home/airflow/.local/lib/python3.8/site-packages/airflow/example_dags/example_params_trigger_ui.py took 0.355 seconds
[2025-01-18T01:00:05.645+0000] {processor.py:157} INFO - Started process (PID=943) to work on /home/airflow/.local/lib/python3.8/site-packages/airflow/example_dags/example_params_trigger_ui.py
[2025-01-18T01:00:05.646+0000] {processor.py:829} INFO - Processing file /home/airflow/.local/lib/python3.8/site-packages/airflow/example_dags/example_params_trigger_ui.py for tasks to queue
[2025-01-18T01:00:05.651+0000] {logging_mixin.py:151} INFO - [2025-01-18T01:00:05.651+0000] {dagbag.py:539} INFO - Filling up the DagBag from /home/airflow/.local/lib/python3.8/site-packages/airflow/example_dags/example_params_trigger_ui.py
[2025-01-18T01:00:05.719+0000] {processor.py:839} INFO - DAG(s) dict_keys(['example_params_trigger_ui']) retrieved from /home/airflow/.local/lib/python3.8/site-packages/airflow/example_dags/example_params_trigger_ui.py
[2025-01-18T01:00:05.863+0000] {logging_mixin.py:151} INFO - [2025-01-18T01:00:05.863+0000] {dag.py:2907} INFO - Sync 1 DAGs
[2025-01-18T01:00:05.901+0000] {logging_mixin.py:151} INFO - [2025-01-18T01:00:05.901+0000] {dag.py:3677} INFO - Setting next_dagrun for example_params_trigger_ui to None, run_after=None
[2025-01-18T01:00:05.961+0000] {processor.py:179} INFO - Processing /home/airflow/.local/lib/python3.8/site-packages/airflow/example_dags/example_params_trigger_ui.py took 0.325 seconds
[2025-01-18T01:00:36.145+0000] {processor.py:157} INFO - Started process (PID=1017) to work on /home/airflow/.local/lib/python3.8/site-packages/airflow/example_dags/example_params_trigger_ui.py
[2025-01-18T01:00:36.146+0000] {processor.py:829} INFO - Processing file /home/airflow/.local/lib/python3.8/site-packages/airflow/example_dags/example_params_trigger_ui.py for tasks to queue
[2025-01-18T01:00:36.151+0000] {logging_mixin.py:151} INFO - [2025-01-18T01:00:36.151+0000] {dagbag.py:539} INFO - Filling up the DagBag from /home/airflow/.local/lib/python3.8/site-packages/airflow/example_dags/example_params_trigger_ui.py
[2025-01-18T01:00:36.185+0000] {processor.py:839} INFO - DAG(s) dict_keys(['example_params_trigger_ui']) retrieved from /home/airflow/.local/lib/python3.8/site-packages/airflow/example_dags/example_params_trigger_ui.py
[2025-01-18T01:00:36.296+0000] {logging_mixin.py:151} INFO - [2025-01-18T01:00:36.295+0000] {dag.py:2907} INFO - Sync 1 DAGs
[2025-01-18T01:00:36.323+0000] {logging_mixin.py:151} INFO - [2025-01-18T01:00:36.323+0000] {dag.py:3677} INFO - Setting next_dagrun for example_params_trigger_ui to None, run_after=None
[2025-01-18T01:00:36.359+0000] {processor.py:179} INFO - Processing /home/airflow/.local/lib/python3.8/site-packages/airflow/example_dags/example_params_trigger_ui.py took 0.224 seconds
[2025-01-18T01:01:06.942+0000] {processor.py:157} INFO - Started process (PID=1096) to work on /home/airflow/.local/lib/python3.8/site-packages/airflow/example_dags/example_params_trigger_ui.py
[2025-01-18T01:01:06.943+0000] {processor.py:829} INFO - Processing file /home/airflow/.local/lib/python3.8/site-packages/airflow/example_dags/example_params_trigger_ui.py for tasks to queue
[2025-01-18T01:01:06.945+0000] {logging_mixin.py:151} INFO - [2025-01-18T01:01:06.945+0000] {dagbag.py:539} INFO - Filling up the DagBag from /home/airflow/.local/lib/python3.8/site-packages/airflow/example_dags/example_params_trigger_ui.py
[2025-01-18T01:01:06.962+0000] {processor.py:839} INFO - DAG(s) dict_keys(['example_params_trigger_ui']) retrieved from /home/airflow/.local/lib/python3.8/site-packages/airflow/example_dags/example_params_trigger_ui.py
[2025-01-18T01:01:07.028+0000] {logging_mixin.py:151} INFO - [2025-01-18T01:01:07.028+0000] {dag.py:2907} INFO - Sync 1 DAGs
[2025-01-18T01:01:07.048+0000] {logging_mixin.py:151} INFO - [2025-01-18T01:01:07.048+0000] {dag.py:3677} INFO - Setting next_dagrun for example_params_trigger_ui to None, run_after=None
[2025-01-18T01:01:07.068+0000] {processor.py:179} INFO - Processing /home/airflow/.local/lib/python3.8/site-packages/airflow/example_dags/example_params_trigger_ui.py took 0.129 seconds
[2025-01-18T01:01:37.924+0000] {processor.py:157} INFO - Started process (PID=1182) to work on /home/airflow/.local/lib/python3.8/site-packages/airflow/example_dags/example_params_trigger_ui.py
[2025-01-18T01:01:37.925+0000] {processor.py:829} INFO - Processing file /home/airflow/.local/lib/python3.8/site-packages/airflow/example_dags/example_params_trigger_ui.py for tasks to queue
[2025-01-18T01:01:37.927+0000] {logging_mixin.py:151} INFO - [2025-01-18T01:01:37.927+0000] {dagbag.py:539} INFO - Filling up the DagBag from /home/airflow/.local/lib/python3.8/site-packages/airflow/example_dags/example_params_trigger_ui.py
[2025-01-18T01:01:37.946+0000] {processor.py:839} INFO - DAG(s) dict_keys(['example_params_trigger_ui']) retrieved from /home/airflow/.local/lib/python3.8/site-packages/airflow/example_dags/example_params_trigger_ui.py
[2025-01-18T01:01:38.008+0000] {logging_mixin.py:151} INFO - [2025-01-18T01:01:38.008+0000] {dag.py:2907} INFO - Sync 1 DAGs
[2025-01-18T01:01:38.022+0000] {logging_mixin.py:151} INFO - [2025-01-18T01:01:38.021+0000] {dag.py:3677} INFO - Setting next_dagrun for example_params_trigger_ui to None, run_after=None
[2025-01-18T01:01:38.040+0000] {processor.py:179} INFO - Processing /home/airflow/.local/lib/python3.8/site-packages/airflow/example_dags/example_params_trigger_ui.py took 0.120 seconds
[2025-01-18T01:02:08.437+0000] {processor.py:157} INFO - Started process (PID=1269) to work on /home/airflow/.local/lib/python3.8/site-packages/airflow/example_dags/example_params_trigger_ui.py
[2025-01-18T01:02:08.438+0000] {processor.py:829} INFO - Processing file /home/airflow/.local/lib/python3.8/site-packages/airflow/example_dags/example_params_trigger_ui.py for tasks to queue
[2025-01-18T01:02:08.441+0000] {logging_mixin.py:151} INFO - [2025-01-18T01:02:08.440+0000] {dagbag.py:539} INFO - Filling up the DagBag from /home/airflow/.local/lib/python3.8/site-packages/airflow/example_dags/example_params_trigger_ui.py
[2025-01-18T01:02:08.457+0000] {processor.py:839} INFO - DAG(s) dict_keys(['example_params_trigger_ui']) retrieved from /home/airflow/.local/lib/python3.8/site-packages/airflow/example_dags/example_params_trigger_ui.py
[2025-01-18T01:02:08.510+0000] {logging_mixin.py:151} INFO - [2025-01-18T01:02:08.510+0000] {dag.py:2907} INFO - Sync 1 DAGs
[2025-01-18T01:02:08.522+0000] {logging_mixin.py:151} INFO - [2025-01-18T01:02:08.522+0000] {dag.py:3677} INFO - Setting next_dagrun for example_params_trigger_ui to None, run_after=None
[2025-01-18T01:02:08.539+0000] {processor.py:179} INFO - Processing /home/airflow/.local/lib/python3.8/site-packages/airflow/example_dags/example_params_trigger_ui.py took 0.104 seconds
[2025-01-18T13:40:30.508+0000] {processor.py:157} INFO - Started process (PID=115) to work on /home/airflow/.local/lib/python3.8/site-packages/airflow/example_dags/example_params_trigger_ui.py
[2025-01-18T13:40:30.510+0000] {processor.py:829} INFO - Processing file /home/airflow/.local/lib/python3.8/site-packages/airflow/example_dags/example_params_trigger_ui.py for tasks to queue
[2025-01-18T13:40:30.514+0000] {logging_mixin.py:151} INFO - [2025-01-18T13:40:30.513+0000] {dagbag.py:539} INFO - Filling up the DagBag from /home/airflow/.local/lib/python3.8/site-packages/airflow/example_dags/example_params_trigger_ui.py
[2025-01-18T13:40:30.560+0000] {processor.py:839} INFO - DAG(s) dict_keys(['example_params_trigger_ui']) retrieved from /home/airflow/.local/lib/python3.8/site-packages/airflow/example_dags/example_params_trigger_ui.py
[2025-01-18T13:40:30.757+0000] {logging_mixin.py:151} INFO - [2025-01-18T13:40:30.757+0000] {dag.py:2907} INFO - Sync 1 DAGs
[2025-01-18T13:40:30.795+0000] {logging_mixin.py:151} INFO - [2025-01-18T13:40:30.794+0000] {dag.py:3677} INFO - Setting next_dagrun for example_params_trigger_ui to None, run_after=None
[2025-01-18T13:40:30.842+0000] {processor.py:179} INFO - Processing /home/airflow/.local/lib/python3.8/site-packages/airflow/example_dags/example_params_trigger_ui.py took 0.341 seconds
[2025-01-18T13:41:01.740+0000] {processor.py:157} INFO - Started process (PID=190) to work on /home/airflow/.local/lib/python3.8/site-packages/airflow/example_dags/example_params_trigger_ui.py
[2025-01-18T13:41:01.741+0000] {processor.py:829} INFO - Processing file /home/airflow/.local/lib/python3.8/site-packages/airflow/example_dags/example_params_trigger_ui.py for tasks to queue
[2025-01-18T13:41:01.747+0000] {logging_mixin.py:151} INFO - [2025-01-18T13:41:01.746+0000] {dagbag.py:539} INFO - Filling up the DagBag from /home/airflow/.local/lib/python3.8/site-packages/airflow/example_dags/example_params_trigger_ui.py
[2025-01-18T13:41:01.785+0000] {processor.py:839} INFO - DAG(s) dict_keys(['example_params_trigger_ui']) retrieved from /home/airflow/.local/lib/python3.8/site-packages/airflow/example_dags/example_params_trigger_ui.py
[2025-01-18T13:41:01.950+0000] {logging_mixin.py:151} INFO - [2025-01-18T13:41:01.950+0000] {dag.py:2907} INFO - Sync 1 DAGs
[2025-01-18T13:41:01.999+0000] {logging_mixin.py:151} INFO - [2025-01-18T13:41:01.998+0000] {dag.py:3677} INFO - Setting next_dagrun for example_params_trigger_ui to None, run_after=None
[2025-01-18T13:41:02.039+0000] {processor.py:179} INFO - Processing /home/airflow/.local/lib/python3.8/site-packages/airflow/example_dags/example_params_trigger_ui.py took 0.305 seconds
[2025-01-18T13:41:32.232+0000] {processor.py:157} INFO - Started process (PID=276) to work on /home/airflow/.local/lib/python3.8/site-packages/airflow/example_dags/example_params_trigger_ui.py
[2025-01-18T13:41:32.235+0000] {processor.py:829} INFO - Processing file /home/airflow/.local/lib/python3.8/site-packages/airflow/example_dags/example_params_trigger_ui.py for tasks to queue
[2025-01-18T13:41:32.242+0000] {logging_mixin.py:151} INFO - [2025-01-18T13:41:32.239+0000] {dagbag.py:539} INFO - Filling up the DagBag from /home/airflow/.local/lib/python3.8/site-packages/airflow/example_dags/example_params_trigger_ui.py
[2025-01-18T13:41:32.300+0000] {processor.py:839} INFO - DAG(s) dict_keys(['example_params_trigger_ui']) retrieved from /home/airflow/.local/lib/python3.8/site-packages/airflow/example_dags/example_params_trigger_ui.py
[2025-01-18T13:41:32.511+0000] {logging_mixin.py:151} INFO - [2025-01-18T13:41:32.511+0000] {dag.py:2907} INFO - Sync 1 DAGs
[2025-01-18T13:41:32.544+0000] {logging_mixin.py:151} INFO - [2025-01-18T13:41:32.544+0000] {dag.py:3677} INFO - Setting next_dagrun for example_params_trigger_ui to None, run_after=None
[2025-01-18T13:41:32.596+0000] {processor.py:179} INFO - Processing /home/airflow/.local/lib/python3.8/site-packages/airflow/example_dags/example_params_trigger_ui.py took 0.372 seconds
[2025-01-18T13:42:03.241+0000] {processor.py:157} INFO - Started process (PID=355) to work on /home/airflow/.local/lib/python3.8/site-packages/airflow/example_dags/example_params_trigger_ui.py
[2025-01-18T13:42:03.243+0000] {processor.py:829} INFO - Processing file /home/airflow/.local/lib/python3.8/site-packages/airflow/example_dags/example_params_trigger_ui.py for tasks to queue
[2025-01-18T13:42:03.248+0000] {logging_mixin.py:151} INFO - [2025-01-18T13:42:03.247+0000] {dagbag.py:539} INFO - Filling up the DagBag from /home/airflow/.local/lib/python3.8/site-packages/airflow/example_dags/example_params_trigger_ui.py
[2025-01-18T13:42:03.281+0000] {processor.py:839} INFO - DAG(s) dict_keys(['example_params_trigger_ui']) retrieved from /home/airflow/.local/lib/python3.8/site-packages/airflow/example_dags/example_params_trigger_ui.py
[2025-01-18T13:42:03.419+0000] {logging_mixin.py:151} INFO - [2025-01-18T13:42:03.419+0000] {dag.py:2907} INFO - Sync 1 DAGs
[2025-01-18T13:42:03.444+0000] {logging_mixin.py:151} INFO - [2025-01-18T13:42:03.443+0000] {dag.py:3677} INFO - Setting next_dagrun for example_params_trigger_ui to None, run_after=None
[2025-01-18T13:42:03.479+0000] {processor.py:179} INFO - Processing /home/airflow/.local/lib/python3.8/site-packages/airflow/example_dags/example_params_trigger_ui.py took 0.245 seconds
[2025-01-18T13:42:33.700+0000] {processor.py:157} INFO - Started process (PID=430) to work on /home/airflow/.local/lib/python3.8/site-packages/airflow/example_dags/example_params_trigger_ui.py
[2025-01-18T13:42:33.703+0000] {processor.py:829} INFO - Processing file /home/airflow/.local/lib/python3.8/site-packages/airflow/example_dags/example_params_trigger_ui.py for tasks to queue
[2025-01-18T13:42:33.708+0000] {logging_mixin.py:151} INFO - [2025-01-18T13:42:33.707+0000] {dagbag.py:539} INFO - Filling up the DagBag from /home/airflow/.local/lib/python3.8/site-packages/airflow/example_dags/example_params_trigger_ui.py
[2025-01-18T13:42:33.761+0000] {processor.py:839} INFO - DAG(s) dict_keys(['example_params_trigger_ui']) retrieved from /home/airflow/.local/lib/python3.8/site-packages/airflow/example_dags/example_params_trigger_ui.py
[2025-01-18T13:42:33.923+0000] {logging_mixin.py:151} INFO - [2025-01-18T13:42:33.922+0000] {dag.py:2907} INFO - Sync 1 DAGs
[2025-01-18T13:42:33.958+0000] {logging_mixin.py:151} INFO - [2025-01-18T13:42:33.958+0000] {dag.py:3677} INFO - Setting next_dagrun for example_params_trigger_ui to None, run_after=None
[2025-01-18T13:42:34.022+0000] {processor.py:179} INFO - Processing /home/airflow/.local/lib/python3.8/site-packages/airflow/example_dags/example_params_trigger_ui.py took 0.330 seconds
[2025-01-18T13:43:06.008+0000] {processor.py:157} INFO - Started process (PID=508) to work on /home/airflow/.local/lib/python3.8/site-packages/airflow/example_dags/example_params_trigger_ui.py
[2025-01-18T13:43:06.021+0000] {processor.py:829} INFO - Processing file /home/airflow/.local/lib/python3.8/site-packages/airflow/example_dags/example_params_trigger_ui.py for tasks to queue
[2025-01-18T13:43:06.026+0000] {logging_mixin.py:151} INFO - [2025-01-18T13:43:06.025+0000] {dagbag.py:539} INFO - Filling up the DagBag from /home/airflow/.local/lib/python3.8/site-packages/airflow/example_dags/example_params_trigger_ui.py
[2025-01-18T13:43:06.131+0000] {processor.py:839} INFO - DAG(s) dict_keys(['example_params_trigger_ui']) retrieved from /home/airflow/.local/lib/python3.8/site-packages/airflow/example_dags/example_params_trigger_ui.py
[2025-01-18T13:43:06.514+0000] {logging_mixin.py:151} INFO - [2025-01-18T13:43:06.514+0000] {dag.py:2907} INFO - Sync 1 DAGs
[2025-01-18T13:43:06.579+0000] {logging_mixin.py:151} INFO - [2025-01-18T13:43:06.579+0000] {dag.py:3677} INFO - Setting next_dagrun for example_params_trigger_ui to None, run_after=None
[2025-01-18T13:43:06.655+0000] {processor.py:179} INFO - Processing /home/airflow/.local/lib/python3.8/site-packages/airflow/example_dags/example_params_trigger_ui.py took 0.658 seconds
[2025-01-18T13:43:37.377+0000] {processor.py:157} INFO - Started process (PID=594) to work on /home/airflow/.local/lib/python3.8/site-packages/airflow/example_dags/example_params_trigger_ui.py
[2025-01-18T13:43:37.379+0000] {processor.py:829} INFO - Processing file /home/airflow/.local/lib/python3.8/site-packages/airflow/example_dags/example_params_trigger_ui.py for tasks to queue
[2025-01-18T13:43:37.387+0000] {logging_mixin.py:151} INFO - [2025-01-18T13:43:37.386+0000] {dagbag.py:539} INFO - Filling up the DagBag from /home/airflow/.local/lib/python3.8/site-packages/airflow/example_dags/example_params_trigger_ui.py
[2025-01-18T13:43:37.435+0000] {processor.py:839} INFO - DAG(s) dict_keys(['example_params_trigger_ui']) retrieved from /home/airflow/.local/lib/python3.8/site-packages/airflow/example_dags/example_params_trigger_ui.py
[2025-01-18T13:43:37.620+0000] {logging_mixin.py:151} INFO - [2025-01-18T13:43:37.619+0000] {dag.py:2907} INFO - Sync 1 DAGs
[2025-01-18T13:43:37.659+0000] {logging_mixin.py:151} INFO - [2025-01-18T13:43:37.659+0000] {dag.py:3677} INFO - Setting next_dagrun for example_params_trigger_ui to None, run_after=None
[2025-01-18T13:43:37.708+0000] {processor.py:179} INFO - Processing /home/airflow/.local/lib/python3.8/site-packages/airflow/example_dags/example_params_trigger_ui.py took 0.340 seconds
[2025-01-18T13:44:07.993+0000] {processor.py:157} INFO - Started process (PID=669) to work on /home/airflow/.local/lib/python3.8/site-packages/airflow/example_dags/example_params_trigger_ui.py
[2025-01-18T13:44:07.995+0000] {processor.py:829} INFO - Processing file /home/airflow/.local/lib/python3.8/site-packages/airflow/example_dags/example_params_trigger_ui.py for tasks to queue
[2025-01-18T13:44:07.998+0000] {logging_mixin.py:151} INFO - [2025-01-18T13:44:07.998+0000] {dagbag.py:539} INFO - Filling up the DagBag from /home/airflow/.local/lib/python3.8/site-packages/airflow/example_dags/example_params_trigger_ui.py
[2025-01-18T13:44:08.036+0000] {processor.py:839} INFO - DAG(s) dict_keys(['example_params_trigger_ui']) retrieved from /home/airflow/.local/lib/python3.8/site-packages/airflow/example_dags/example_params_trigger_ui.py
[2025-01-18T13:44:08.178+0000] {logging_mixin.py:151} INFO - [2025-01-18T13:44:08.178+0000] {dag.py:2907} INFO - Sync 1 DAGs
[2025-01-18T13:44:08.206+0000] {logging_mixin.py:151} INFO - [2025-01-18T13:44:08.206+0000] {dag.py:3677} INFO - Setting next_dagrun for example_params_trigger_ui to None, run_after=None
[2025-01-18T13:44:08.237+0000] {processor.py:179} INFO - Processing /home/airflow/.local/lib/python3.8/site-packages/airflow/example_dags/example_params_trigger_ui.py took 0.249 seconds
[2025-01-18T13:44:38.999+0000] {processor.py:157} INFO - Started process (PID=755) to work on /home/airflow/.local/lib/python3.8/site-packages/airflow/example_dags/example_params_trigger_ui.py
[2025-01-18T13:44:39.001+0000] {processor.py:829} INFO - Processing file /home/airflow/.local/lib/python3.8/site-packages/airflow/example_dags/example_params_trigger_ui.py for tasks to queue
[2025-01-18T13:44:39.003+0000] {logging_mixin.py:151} INFO - [2025-01-18T13:44:39.003+0000] {dagbag.py:539} INFO - Filling up the DagBag from /home/airflow/.local/lib/python3.8/site-packages/airflow/example_dags/example_params_trigger_ui.py
[2025-01-18T13:44:39.035+0000] {processor.py:839} INFO - DAG(s) dict_keys(['example_params_trigger_ui']) retrieved from /home/airflow/.local/lib/python3.8/site-packages/airflow/example_dags/example_params_trigger_ui.py
[2025-01-18T13:44:39.147+0000] {logging_mixin.py:151} INFO - [2025-01-18T13:44:39.147+0000] {dag.py:2907} INFO - Sync 1 DAGs
[2025-01-18T13:44:39.176+0000] {logging_mixin.py:151} INFO - [2025-01-18T13:44:39.175+0000] {dag.py:3677} INFO - Setting next_dagrun for example_params_trigger_ui to None, run_after=None
[2025-01-18T13:44:39.214+0000] {processor.py:179} INFO - Processing /home/airflow/.local/lib/python3.8/site-packages/airflow/example_dags/example_params_trigger_ui.py took 0.220 seconds
[2025-01-18T13:45:09.577+0000] {processor.py:157} INFO - Started process (PID=833) to work on /home/airflow/.local/lib/python3.8/site-packages/airflow/example_dags/example_params_trigger_ui.py
[2025-01-18T13:45:09.579+0000] {processor.py:829} INFO - Processing file /home/airflow/.local/lib/python3.8/site-packages/airflow/example_dags/example_params_trigger_ui.py for tasks to queue
[2025-01-18T13:45:09.585+0000] {logging_mixin.py:151} INFO - [2025-01-18T13:45:09.585+0000] {dagbag.py:539} INFO - Filling up the DagBag from /home/airflow/.local/lib/python3.8/site-packages/airflow/example_dags/example_params_trigger_ui.py
[2025-01-18T13:45:09.622+0000] {processor.py:839} INFO - DAG(s) dict_keys(['example_params_trigger_ui']) retrieved from /home/airflow/.local/lib/python3.8/site-packages/airflow/example_dags/example_params_trigger_ui.py
[2025-01-18T13:45:09.766+0000] {logging_mixin.py:151} INFO - [2025-01-18T13:45:09.765+0000] {dag.py:2907} INFO - Sync 1 DAGs
[2025-01-18T13:45:09.795+0000] {logging_mixin.py:151} INFO - [2025-01-18T13:45:09.794+0000] {dag.py:3677} INFO - Setting next_dagrun for example_params_trigger_ui to None, run_after=None
[2025-01-18T13:45:09.835+0000] {processor.py:179} INFO - Processing /home/airflow/.local/lib/python3.8/site-packages/airflow/example_dags/example_params_trigger_ui.py took 0.264 seconds
[2025-01-18T13:45:39.958+0000] {processor.py:157} INFO - Started process (PID=920) to work on /home/airflow/.local/lib/python3.8/site-packages/airflow/example_dags/example_params_trigger_ui.py
[2025-01-18T13:45:39.960+0000] {processor.py:829} INFO - Processing file /home/airflow/.local/lib/python3.8/site-packages/airflow/example_dags/example_params_trigger_ui.py for tasks to queue
[2025-01-18T13:45:39.963+0000] {logging_mixin.py:151} INFO - [2025-01-18T13:45:39.962+0000] {dagbag.py:539} INFO - Filling up the DagBag from /home/airflow/.local/lib/python3.8/site-packages/airflow/example_dags/example_params_trigger_ui.py
[2025-01-18T13:45:39.999+0000] {processor.py:839} INFO - DAG(s) dict_keys(['example_params_trigger_ui']) retrieved from /home/airflow/.local/lib/python3.8/site-packages/airflow/example_dags/example_params_trigger_ui.py
[2025-01-18T13:45:40.134+0000] {logging_mixin.py:151} INFO - [2025-01-18T13:45:40.134+0000] {dag.py:2907} INFO - Sync 1 DAGs
[2025-01-18T13:45:40.154+0000] {logging_mixin.py:151} INFO - [2025-01-18T13:45:40.153+0000] {dag.py:3677} INFO - Setting next_dagrun for example_params_trigger_ui to None, run_after=None
[2025-01-18T13:45:40.176+0000] {processor.py:179} INFO - Processing /home/airflow/.local/lib/python3.8/site-packages/airflow/example_dags/example_params_trigger_ui.py took 0.223 seconds
[2025-01-18T13:46:10.271+0000] {processor.py:157} INFO - Started process (PID=1006) to work on /home/airflow/.local/lib/python3.8/site-packages/airflow/example_dags/example_params_trigger_ui.py
[2025-01-18T13:46:10.272+0000] {processor.py:829} INFO - Processing file /home/airflow/.local/lib/python3.8/site-packages/airflow/example_dags/example_params_trigger_ui.py for tasks to queue
[2025-01-18T13:46:10.275+0000] {logging_mixin.py:151} INFO - [2025-01-18T13:46:10.275+0000] {dagbag.py:539} INFO - Filling up the DagBag from /home/airflow/.local/lib/python3.8/site-packages/airflow/example_dags/example_params_trigger_ui.py
[2025-01-18T13:46:10.297+0000] {processor.py:839} INFO - DAG(s) dict_keys(['example_params_trigger_ui']) retrieved from /home/airflow/.local/lib/python3.8/site-packages/airflow/example_dags/example_params_trigger_ui.py
[2025-01-18T13:46:10.361+0000] {logging_mixin.py:151} INFO - [2025-01-18T13:46:10.361+0000] {dag.py:2907} INFO - Sync 1 DAGs
[2025-01-18T13:46:10.375+0000] {logging_mixin.py:151} INFO - [2025-01-18T13:46:10.375+0000] {dag.py:3677} INFO - Setting next_dagrun for example_params_trigger_ui to None, run_after=None
[2025-01-18T13:46:10.396+0000] {processor.py:179} INFO - Processing /home/airflow/.local/lib/python3.8/site-packages/airflow/example_dags/example_params_trigger_ui.py took 0.130 seconds
[2025-01-18T13:46:40.481+0000] {processor.py:157} INFO - Started process (PID=1092) to work on /home/airflow/.local/lib/python3.8/site-packages/airflow/example_dags/example_params_trigger_ui.py
[2025-01-18T13:46:40.482+0000] {processor.py:829} INFO - Processing file /home/airflow/.local/lib/python3.8/site-packages/airflow/example_dags/example_params_trigger_ui.py for tasks to queue
[2025-01-18T13:46:40.485+0000] {logging_mixin.py:151} INFO - [2025-01-18T13:46:40.484+0000] {dagbag.py:539} INFO - Filling up the DagBag from /home/airflow/.local/lib/python3.8/site-packages/airflow/example_dags/example_params_trigger_ui.py
[2025-01-18T13:46:40.510+0000] {processor.py:839} INFO - DAG(s) dict_keys(['example_params_trigger_ui']) retrieved from /home/airflow/.local/lib/python3.8/site-packages/airflow/example_dags/example_params_trigger_ui.py
[2025-01-18T13:46:40.583+0000] {logging_mixin.py:151} INFO - [2025-01-18T13:46:40.583+0000] {dag.py:2907} INFO - Sync 1 DAGs
[2025-01-18T13:46:40.600+0000] {logging_mixin.py:151} INFO - [2025-01-18T13:46:40.599+0000] {dag.py:3677} INFO - Setting next_dagrun for example_params_trigger_ui to None, run_after=None
[2025-01-18T13:46:40.621+0000] {processor.py:179} INFO - Processing /home/airflow/.local/lib/python3.8/site-packages/airflow/example_dags/example_params_trigger_ui.py took 0.144 seconds
[2025-01-18T13:47:11.428+0000] {processor.py:157} INFO - Started process (PID=1178) to work on /home/airflow/.local/lib/python3.8/site-packages/airflow/example_dags/example_params_trigger_ui.py
[2025-01-18T13:47:11.430+0000] {processor.py:829} INFO - Processing file /home/airflow/.local/lib/python3.8/site-packages/airflow/example_dags/example_params_trigger_ui.py for tasks to queue
[2025-01-18T13:47:11.432+0000] {logging_mixin.py:151} INFO - [2025-01-18T13:47:11.432+0000] {dagbag.py:539} INFO - Filling up the DagBag from /home/airflow/.local/lib/python3.8/site-packages/airflow/example_dags/example_params_trigger_ui.py
[2025-01-18T13:47:11.456+0000] {processor.py:839} INFO - DAG(s) dict_keys(['example_params_trigger_ui']) retrieved from /home/airflow/.local/lib/python3.8/site-packages/airflow/example_dags/example_params_trigger_ui.py
[2025-01-18T13:47:11.549+0000] {logging_mixin.py:151} INFO - [2025-01-18T13:47:11.549+0000] {dag.py:2907} INFO - Sync 1 DAGs
[2025-01-18T13:47:11.568+0000] {logging_mixin.py:151} INFO - [2025-01-18T13:47:11.568+0000] {dag.py:3677} INFO - Setting next_dagrun for example_params_trigger_ui to None, run_after=None
[2025-01-18T13:47:11.595+0000] {processor.py:179} INFO - Processing /home/airflow/.local/lib/python3.8/site-packages/airflow/example_dags/example_params_trigger_ui.py took 0.170 seconds
[2025-01-18T13:47:41.777+0000] {processor.py:157} INFO - Started process (PID=1264) to work on /home/airflow/.local/lib/python3.8/site-packages/airflow/example_dags/example_params_trigger_ui.py
[2025-01-18T13:47:41.778+0000] {processor.py:829} INFO - Processing file /home/airflow/.local/lib/python3.8/site-packages/airflow/example_dags/example_params_trigger_ui.py for tasks to queue
[2025-01-18T13:47:41.783+0000] {logging_mixin.py:151} INFO - [2025-01-18T13:47:41.782+0000] {dagbag.py:539} INFO - Filling up the DagBag from /home/airflow/.local/lib/python3.8/site-packages/airflow/example_dags/example_params_trigger_ui.py
[2025-01-18T13:47:41.818+0000] {processor.py:839} INFO - DAG(s) dict_keys(['example_params_trigger_ui']) retrieved from /home/airflow/.local/lib/python3.8/site-packages/airflow/example_dags/example_params_trigger_ui.py
[2025-01-18T13:47:41.926+0000] {logging_mixin.py:151} INFO - [2025-01-18T13:47:41.926+0000] {dag.py:2907} INFO - Sync 1 DAGs
[2025-01-18T13:47:41.950+0000] {logging_mixin.py:151} INFO - [2025-01-18T13:47:41.949+0000] {dag.py:3677} INFO - Setting next_dagrun for example_params_trigger_ui to None, run_after=None
[2025-01-18T13:47:41.983+0000] {processor.py:179} INFO - Processing /home/airflow/.local/lib/python3.8/site-packages/airflow/example_dags/example_params_trigger_ui.py took 0.211 seconds
[2025-01-18T13:48:13.567+0000] {processor.py:157} INFO - Started process (PID=1339) to work on /home/airflow/.local/lib/python3.8/site-packages/airflow/example_dags/example_params_trigger_ui.py
[2025-01-18T13:48:13.569+0000] {processor.py:829} INFO - Processing file /home/airflow/.local/lib/python3.8/site-packages/airflow/example_dags/example_params_trigger_ui.py for tasks to queue
[2025-01-18T13:48:13.578+0000] {logging_mixin.py:151} INFO - [2025-01-18T13:48:13.576+0000] {dagbag.py:539} INFO - Filling up the DagBag from /home/airflow/.local/lib/python3.8/site-packages/airflow/example_dags/example_params_trigger_ui.py
[2025-01-18T13:48:13.642+0000] {processor.py:839} INFO - DAG(s) dict_keys(['example_params_trigger_ui']) retrieved from /home/airflow/.local/lib/python3.8/site-packages/airflow/example_dags/example_params_trigger_ui.py
[2025-01-18T13:48:13.868+0000] {logging_mixin.py:151} INFO - [2025-01-18T13:48:13.868+0000] {dag.py:2907} INFO - Sync 1 DAGs
[2025-01-18T13:48:13.895+0000] {logging_mixin.py:151} INFO - [2025-01-18T13:48:13.895+0000] {dag.py:3677} INFO - Setting next_dagrun for example_params_trigger_ui to None, run_after=None
[2025-01-18T13:48:13.934+0000] {processor.py:179} INFO - Processing /home/airflow/.local/lib/python3.8/site-packages/airflow/example_dags/example_params_trigger_ui.py took 0.379 seconds
[2025-01-18T13:48:44.133+0000] {processor.py:157} INFO - Started process (PID=1425) to work on /home/airflow/.local/lib/python3.8/site-packages/airflow/example_dags/example_params_trigger_ui.py
[2025-01-18T13:48:44.135+0000] {processor.py:829} INFO - Processing file /home/airflow/.local/lib/python3.8/site-packages/airflow/example_dags/example_params_trigger_ui.py for tasks to queue
[2025-01-18T13:48:44.140+0000] {logging_mixin.py:151} INFO - [2025-01-18T13:48:44.139+0000] {dagbag.py:539} INFO - Filling up the DagBag from /home/airflow/.local/lib/python3.8/site-packages/airflow/example_dags/example_params_trigger_ui.py
[2025-01-18T13:48:44.176+0000] {processor.py:839} INFO - DAG(s) dict_keys(['example_params_trigger_ui']) retrieved from /home/airflow/.local/lib/python3.8/site-packages/airflow/example_dags/example_params_trigger_ui.py
[2025-01-18T13:48:44.335+0000] {logging_mixin.py:151} INFO - [2025-01-18T13:48:44.335+0000] {dag.py:2907} INFO - Sync 1 DAGs
[2025-01-18T13:48:44.368+0000] {logging_mixin.py:151} INFO - [2025-01-18T13:48:44.368+0000] {dag.py:3677} INFO - Setting next_dagrun for example_params_trigger_ui to None, run_after=None
[2025-01-18T13:48:44.416+0000] {processor.py:179} INFO - Processing /home/airflow/.local/lib/python3.8/site-packages/airflow/example_dags/example_params_trigger_ui.py took 0.288 seconds
[2025-01-18T13:49:14.663+0000] {processor.py:157} INFO - Started process (PID=1504) to work on /home/airflow/.local/lib/python3.8/site-packages/airflow/example_dags/example_params_trigger_ui.py
[2025-01-18T13:49:14.665+0000] {processor.py:829} INFO - Processing file /home/airflow/.local/lib/python3.8/site-packages/airflow/example_dags/example_params_trigger_ui.py for tasks to queue
[2025-01-18T13:49:14.670+0000] {logging_mixin.py:151} INFO - [2025-01-18T13:49:14.669+0000] {dagbag.py:539} INFO - Filling up the DagBag from /home/airflow/.local/lib/python3.8/site-packages/airflow/example_dags/example_params_trigger_ui.py
[2025-01-18T13:49:14.701+0000] {processor.py:839} INFO - DAG(s) dict_keys(['example_params_trigger_ui']) retrieved from /home/airflow/.local/lib/python3.8/site-packages/airflow/example_dags/example_params_trigger_ui.py
[2025-01-18T13:49:14.832+0000] {logging_mixin.py:151} INFO - [2025-01-18T13:49:14.832+0000] {dag.py:2907} INFO - Sync 1 DAGs
[2025-01-18T13:49:14.866+0000] {logging_mixin.py:151} INFO - [2025-01-18T13:49:14.865+0000] {dag.py:3677} INFO - Setting next_dagrun for example_params_trigger_ui to None, run_after=None
[2025-01-18T13:49:14.904+0000] {processor.py:179} INFO - Processing /home/airflow/.local/lib/python3.8/site-packages/airflow/example_dags/example_params_trigger_ui.py took 0.248 seconds
[2025-01-18T13:49:45.576+0000] {processor.py:157} INFO - Started process (PID=1590) to work on /home/airflow/.local/lib/python3.8/site-packages/airflow/example_dags/example_params_trigger_ui.py
[2025-01-18T13:49:45.578+0000] {processor.py:829} INFO - Processing file /home/airflow/.local/lib/python3.8/site-packages/airflow/example_dags/example_params_trigger_ui.py for tasks to queue
[2025-01-18T13:49:45.582+0000] {logging_mixin.py:151} INFO - [2025-01-18T13:49:45.581+0000] {dagbag.py:539} INFO - Filling up the DagBag from /home/airflow/.local/lib/python3.8/site-packages/airflow/example_dags/example_params_trigger_ui.py
[2025-01-18T13:49:45.609+0000] {processor.py:839} INFO - DAG(s) dict_keys(['example_params_trigger_ui']) retrieved from /home/airflow/.local/lib/python3.8/site-packages/airflow/example_dags/example_params_trigger_ui.py
[2025-01-18T13:49:45.716+0000] {logging_mixin.py:151} INFO - [2025-01-18T13:49:45.716+0000] {dag.py:2907} INFO - Sync 1 DAGs
[2025-01-18T13:49:45.739+0000] {logging_mixin.py:151} INFO - [2025-01-18T13:49:45.739+0000] {dag.py:3677} INFO - Setting next_dagrun for example_params_trigger_ui to None, run_after=None
[2025-01-18T13:49:45.771+0000] {processor.py:179} INFO - Processing /home/airflow/.local/lib/python3.8/site-packages/airflow/example_dags/example_params_trigger_ui.py took 0.200 seconds
[2025-01-18T13:50:16.369+0000] {processor.py:157} INFO - Started process (PID=1687) to work on /home/airflow/.local/lib/python3.8/site-packages/airflow/example_dags/example_params_trigger_ui.py
[2025-01-18T13:50:16.370+0000] {processor.py:829} INFO - Processing file /home/airflow/.local/lib/python3.8/site-packages/airflow/example_dags/example_params_trigger_ui.py for tasks to queue
[2025-01-18T13:50:16.373+0000] {logging_mixin.py:151} INFO - [2025-01-18T13:50:16.372+0000] {dagbag.py:539} INFO - Filling up the DagBag from /home/airflow/.local/lib/python3.8/site-packages/airflow/example_dags/example_params_trigger_ui.py
[2025-01-18T13:50:16.395+0000] {processor.py:839} INFO - DAG(s) dict_keys(['example_params_trigger_ui']) retrieved from /home/airflow/.local/lib/python3.8/site-packages/airflow/example_dags/example_params_trigger_ui.py
[2025-01-18T13:50:16.478+0000] {logging_mixin.py:151} INFO - [2025-01-18T13:50:16.478+0000] {dag.py:2907} INFO - Sync 1 DAGs
[2025-01-18T13:50:16.497+0000] {logging_mixin.py:151} INFO - [2025-01-18T13:50:16.497+0000] {dag.py:3677} INFO - Setting next_dagrun for example_params_trigger_ui to None, run_after=None
[2025-01-18T13:50:16.521+0000] {processor.py:179} INFO - Processing /home/airflow/.local/lib/python3.8/site-packages/airflow/example_dags/example_params_trigger_ui.py took 0.157 seconds
[2025-01-18T13:50:47.411+0000] {processor.py:157} INFO - Started process (PID=1797) to work on /home/airflow/.local/lib/python3.8/site-packages/airflow/example_dags/example_params_trigger_ui.py
[2025-01-18T13:50:47.412+0000] {processor.py:829} INFO - Processing file /home/airflow/.local/lib/python3.8/site-packages/airflow/example_dags/example_params_trigger_ui.py for tasks to queue
[2025-01-18T13:50:47.414+0000] {logging_mixin.py:151} INFO - [2025-01-18T13:50:47.414+0000] {dagbag.py:539} INFO - Filling up the DagBag from /home/airflow/.local/lib/python3.8/site-packages/airflow/example_dags/example_params_trigger_ui.py
[2025-01-18T13:50:47.431+0000] {processor.py:839} INFO - DAG(s) dict_keys(['example_params_trigger_ui']) retrieved from /home/airflow/.local/lib/python3.8/site-packages/airflow/example_dags/example_params_trigger_ui.py
[2025-01-18T13:50:47.489+0000] {logging_mixin.py:151} INFO - [2025-01-18T13:50:47.489+0000] {dag.py:2907} INFO - Sync 1 DAGs
[2025-01-18T13:50:47.504+0000] {logging_mixin.py:151} INFO - [2025-01-18T13:50:47.504+0000] {dag.py:3677} INFO - Setting next_dagrun for example_params_trigger_ui to None, run_after=None
[2025-01-18T13:50:47.523+0000] {processor.py:179} INFO - Processing /home/airflow/.local/lib/python3.8/site-packages/airflow/example_dags/example_params_trigger_ui.py took 0.114 seconds
[2025-01-18T13:51:18.122+0000] {processor.py:157} INFO - Started process (PID=1894) to work on /home/airflow/.local/lib/python3.8/site-packages/airflow/example_dags/example_params_trigger_ui.py
[2025-01-18T13:51:18.123+0000] {processor.py:829} INFO - Processing file /home/airflow/.local/lib/python3.8/site-packages/airflow/example_dags/example_params_trigger_ui.py for tasks to queue
[2025-01-18T13:51:18.125+0000] {logging_mixin.py:151} INFO - [2025-01-18T13:51:18.124+0000] {dagbag.py:539} INFO - Filling up the DagBag from /home/airflow/.local/lib/python3.8/site-packages/airflow/example_dags/example_params_trigger_ui.py
[2025-01-18T13:51:18.141+0000] {processor.py:839} INFO - DAG(s) dict_keys(['example_params_trigger_ui']) retrieved from /home/airflow/.local/lib/python3.8/site-packages/airflow/example_dags/example_params_trigger_ui.py
[2025-01-18T13:51:18.200+0000] {logging_mixin.py:151} INFO - [2025-01-18T13:51:18.200+0000] {dag.py:2907} INFO - Sync 1 DAGs
[2025-01-18T13:51:18.217+0000] {logging_mixin.py:151} INFO - [2025-01-18T13:51:18.216+0000] {dag.py:3677} INFO - Setting next_dagrun for example_params_trigger_ui to None, run_after=None
[2025-01-18T13:51:18.236+0000] {processor.py:179} INFO - Processing /home/airflow/.local/lib/python3.8/site-packages/airflow/example_dags/example_params_trigger_ui.py took 0.117 seconds
