[2025-01-18T00:11:07.085+0000] {processor.py:157} INFO - Started process (PID=102) to work on /home/airflow/.local/lib/python3.8/site-packages/airflow/example_dags/example_trigger_controller_dag.py
[2025-01-18T00:11:07.088+0000] {processor.py:829} INFO - Processing file /home/airflow/.local/lib/python3.8/site-packages/airflow/example_dags/example_trigger_controller_dag.py for tasks to queue
[2025-01-18T00:11:07.104+0000] {logging_mixin.py:151} INFO - [2025-01-18T00:11:07.103+0000] {dagbag.py:539} INFO - Filling up the DagBag from /home/airflow/.local/lib/python3.8/site-packages/airflow/example_dags/example_trigger_controller_dag.py
[2025-01-18T00:11:07.127+0000] {processor.py:839} INFO - DAG(s) dict_keys(['example_trigger_controller_dag']) retrieved from /home/airflow/.local/lib/python3.8/site-packages/airflow/example_dags/example_trigger_controller_dag.py
[2025-01-18T00:11:07.254+0000] {logging_mixin.py:151} INFO - [2025-01-18T00:11:07.254+0000] {dag.py:2907} INFO - Sync 1 DAGs
[2025-01-18T00:11:07.383+0000] {logging_mixin.py:151} INFO - [2025-01-18T00:11:07.383+0000] {dag.py:3677} INFO - Setting next_dagrun for example_trigger_controller_dag to 2021-01-01T00:00:00+00:00, run_after=2021-01-01T00:00:00+00:00
[2025-01-18T00:11:07.512+0000] {processor.py:179} INFO - Processing /home/airflow/.local/lib/python3.8/site-packages/airflow/example_dags/example_trigger_controller_dag.py took 0.445 seconds
[2025-01-18T00:11:37.957+0000] {processor.py:157} INFO - Started process (PID=193) to work on /home/airflow/.local/lib/python3.8/site-packages/airflow/example_dags/example_trigger_controller_dag.py
[2025-01-18T00:11:37.974+0000] {processor.py:829} INFO - Processing file /home/airflow/.local/lib/python3.8/site-packages/airflow/example_dags/example_trigger_controller_dag.py for tasks to queue
[2025-01-18T00:11:37.979+0000] {logging_mixin.py:151} INFO - [2025-01-18T00:11:37.979+0000] {dagbag.py:539} INFO - Filling up the DagBag from /home/airflow/.local/lib/python3.8/site-packages/airflow/example_dags/example_trigger_controller_dag.py
[2025-01-18T00:11:37.990+0000] {processor.py:839} INFO - DAG(s) dict_keys(['example_trigger_controller_dag']) retrieved from /home/airflow/.local/lib/python3.8/site-packages/airflow/example_dags/example_trigger_controller_dag.py
[2025-01-18T00:11:38.080+0000] {logging_mixin.py:151} INFO - [2025-01-18T00:11:38.079+0000] {dag.py:2907} INFO - Sync 1 DAGs
[2025-01-18T00:11:38.251+0000] {logging_mixin.py:151} INFO - [2025-01-18T00:11:38.251+0000] {dag.py:3677} INFO - Setting next_dagrun for example_trigger_controller_dag to 2021-01-01T00:00:00+00:00, run_after=2021-01-01T00:00:00+00:00
[2025-01-18T00:11:38.345+0000] {processor.py:179} INFO - Processing /home/airflow/.local/lib/python3.8/site-packages/airflow/example_dags/example_trigger_controller_dag.py took 0.397 seconds
[2025-01-18T00:12:09.211+0000] {processor.py:157} INFO - Started process (PID=282) to work on /home/airflow/.local/lib/python3.8/site-packages/airflow/example_dags/example_trigger_controller_dag.py
[2025-01-18T00:12:09.213+0000] {processor.py:829} INFO - Processing file /home/airflow/.local/lib/python3.8/site-packages/airflow/example_dags/example_trigger_controller_dag.py for tasks to queue
[2025-01-18T00:12:09.215+0000] {logging_mixin.py:151} INFO - [2025-01-18T00:12:09.215+0000] {dagbag.py:539} INFO - Filling up the DagBag from /home/airflow/.local/lib/python3.8/site-packages/airflow/example_dags/example_trigger_controller_dag.py
[2025-01-18T00:12:09.222+0000] {processor.py:839} INFO - DAG(s) dict_keys(['example_trigger_controller_dag']) retrieved from /home/airflow/.local/lib/python3.8/site-packages/airflow/example_dags/example_trigger_controller_dag.py
[2025-01-18T00:12:09.249+0000] {logging_mixin.py:151} INFO - [2025-01-18T00:12:09.249+0000] {dag.py:2907} INFO - Sync 1 DAGs
[2025-01-18T00:12:09.275+0000] {logging_mixin.py:151} INFO - [2025-01-18T00:12:09.275+0000] {dag.py:3677} INFO - Setting next_dagrun for example_trigger_controller_dag to 2021-01-01T00:00:00+00:00, run_after=2021-01-01T00:00:00+00:00
[2025-01-18T00:12:09.299+0000] {processor.py:179} INFO - Processing /home/airflow/.local/lib/python3.8/site-packages/airflow/example_dags/example_trigger_controller_dag.py took 0.091 seconds
[2025-01-18T00:12:39.480+0000] {processor.py:157} INFO - Started process (PID=368) to work on /home/airflow/.local/lib/python3.8/site-packages/airflow/example_dags/example_trigger_controller_dag.py
[2025-01-18T00:12:39.481+0000] {processor.py:829} INFO - Processing file /home/airflow/.local/lib/python3.8/site-packages/airflow/example_dags/example_trigger_controller_dag.py for tasks to queue
[2025-01-18T00:12:39.484+0000] {logging_mixin.py:151} INFO - [2025-01-18T00:12:39.484+0000] {dagbag.py:539} INFO - Filling up the DagBag from /home/airflow/.local/lib/python3.8/site-packages/airflow/example_dags/example_trigger_controller_dag.py
[2025-01-18T00:12:39.489+0000] {processor.py:839} INFO - DAG(s) dict_keys(['example_trigger_controller_dag']) retrieved from /home/airflow/.local/lib/python3.8/site-packages/airflow/example_dags/example_trigger_controller_dag.py
[2025-01-18T00:12:39.513+0000] {logging_mixin.py:151} INFO - [2025-01-18T00:12:39.513+0000] {dag.py:2907} INFO - Sync 1 DAGs
[2025-01-18T00:12:39.535+0000] {logging_mixin.py:151} INFO - [2025-01-18T00:12:39.535+0000] {dag.py:3677} INFO - Setting next_dagrun for example_trigger_controller_dag to 2021-01-01T00:00:00+00:00, run_after=2021-01-01T00:00:00+00:00
[2025-01-18T00:12:39.554+0000] {processor.py:179} INFO - Processing /home/airflow/.local/lib/python3.8/site-packages/airflow/example_dags/example_trigger_controller_dag.py took 0.077 seconds
[2025-01-18T00:14:24.697+0000] {processor.py:157} INFO - Started process (PID=83) to work on /home/airflow/.local/lib/python3.8/site-packages/airflow/example_dags/example_trigger_controller_dag.py
[2025-01-18T00:14:24.700+0000] {processor.py:829} INFO - Processing file /home/airflow/.local/lib/python3.8/site-packages/airflow/example_dags/example_trigger_controller_dag.py for tasks to queue
[2025-01-18T00:14:24.707+0000] {logging_mixin.py:151} INFO - [2025-01-18T00:14:24.706+0000] {dagbag.py:539} INFO - Filling up the DagBag from /home/airflow/.local/lib/python3.8/site-packages/airflow/example_dags/example_trigger_controller_dag.py
[2025-01-18T00:14:24.720+0000] {processor.py:839} INFO - DAG(s) dict_keys(['example_trigger_controller_dag']) retrieved from /home/airflow/.local/lib/python3.8/site-packages/airflow/example_dags/example_trigger_controller_dag.py
[2025-01-18T00:14:24.778+0000] {logging_mixin.py:151} INFO - [2025-01-18T00:14:24.778+0000] {dag.py:2907} INFO - Sync 1 DAGs
[2025-01-18T00:14:24.867+0000] {logging_mixin.py:151} INFO - [2025-01-18T00:14:24.867+0000] {dag.py:3677} INFO - Setting next_dagrun for example_trigger_controller_dag to 2021-01-01T00:00:00+00:00, run_after=2021-01-01T00:00:00+00:00
[2025-01-18T00:14:24.914+0000] {processor.py:179} INFO - Processing /home/airflow/.local/lib/python3.8/site-packages/airflow/example_dags/example_trigger_controller_dag.py took 0.225 seconds
[2025-01-18T00:14:55.233+0000] {processor.py:157} INFO - Started process (PID=161) to work on /home/airflow/.local/lib/python3.8/site-packages/airflow/example_dags/example_trigger_controller_dag.py
[2025-01-18T00:14:55.242+0000] {processor.py:829} INFO - Processing file /home/airflow/.local/lib/python3.8/site-packages/airflow/example_dags/example_trigger_controller_dag.py for tasks to queue
[2025-01-18T00:14:55.247+0000] {logging_mixin.py:151} INFO - [2025-01-18T00:14:55.246+0000] {dagbag.py:539} INFO - Filling up the DagBag from /home/airflow/.local/lib/python3.8/site-packages/airflow/example_dags/example_trigger_controller_dag.py
[2025-01-18T00:14:55.256+0000] {processor.py:839} INFO - DAG(s) dict_keys(['example_trigger_controller_dag']) retrieved from /home/airflow/.local/lib/python3.8/site-packages/airflow/example_dags/example_trigger_controller_dag.py
[2025-01-18T00:14:55.294+0000] {logging_mixin.py:151} INFO - [2025-01-18T00:14:55.294+0000] {dag.py:2907} INFO - Sync 1 DAGs
[2025-01-18T00:14:55.337+0000] {logging_mixin.py:151} INFO - [2025-01-18T00:14:55.336+0000] {dag.py:3677} INFO - Setting next_dagrun for example_trigger_controller_dag to 2021-01-01T00:00:00+00:00, run_after=2021-01-01T00:00:00+00:00
[2025-01-18T00:14:55.375+0000] {processor.py:179} INFO - Processing /home/airflow/.local/lib/python3.8/site-packages/airflow/example_dags/example_trigger_controller_dag.py took 0.146 seconds
[2025-01-18T00:15:25.889+0000] {processor.py:157} INFO - Started process (PID=247) to work on /home/airflow/.local/lib/python3.8/site-packages/airflow/example_dags/example_trigger_controller_dag.py
[2025-01-18T00:15:25.890+0000] {processor.py:829} INFO - Processing file /home/airflow/.local/lib/python3.8/site-packages/airflow/example_dags/example_trigger_controller_dag.py for tasks to queue
[2025-01-18T00:15:25.895+0000] {logging_mixin.py:151} INFO - [2025-01-18T00:15:25.894+0000] {dagbag.py:539} INFO - Filling up the DagBag from /home/airflow/.local/lib/python3.8/site-packages/airflow/example_dags/example_trigger_controller_dag.py
[2025-01-18T00:15:25.908+0000] {processor.py:839} INFO - DAG(s) dict_keys(['example_trigger_controller_dag']) retrieved from /home/airflow/.local/lib/python3.8/site-packages/airflow/example_dags/example_trigger_controller_dag.py
[2025-01-18T00:15:25.964+0000] {logging_mixin.py:151} INFO - [2025-01-18T00:15:25.963+0000] {dag.py:2907} INFO - Sync 1 DAGs
[2025-01-18T00:15:26.035+0000] {logging_mixin.py:151} INFO - [2025-01-18T00:15:26.035+0000] {dag.py:3677} INFO - Setting next_dagrun for example_trigger_controller_dag to 2021-01-01T00:00:00+00:00, run_after=2021-01-01T00:00:00+00:00
[2025-01-18T00:15:26.088+0000] {processor.py:179} INFO - Processing /home/airflow/.local/lib/python3.8/site-packages/airflow/example_dags/example_trigger_controller_dag.py took 0.206 seconds
[2025-01-18T00:15:56.822+0000] {processor.py:157} INFO - Started process (PID=333) to work on /home/airflow/.local/lib/python3.8/site-packages/airflow/example_dags/example_trigger_controller_dag.py
[2025-01-18T00:15:56.824+0000] {processor.py:829} INFO - Processing file /home/airflow/.local/lib/python3.8/site-packages/airflow/example_dags/example_trigger_controller_dag.py for tasks to queue
[2025-01-18T00:15:56.828+0000] {logging_mixin.py:151} INFO - [2025-01-18T00:15:56.827+0000] {dagbag.py:539} INFO - Filling up the DagBag from /home/airflow/.local/lib/python3.8/site-packages/airflow/example_dags/example_trigger_controller_dag.py
[2025-01-18T00:15:56.834+0000] {processor.py:839} INFO - DAG(s) dict_keys(['example_trigger_controller_dag']) retrieved from /home/airflow/.local/lib/python3.8/site-packages/airflow/example_dags/example_trigger_controller_dag.py
[2025-01-18T00:15:56.867+0000] {logging_mixin.py:151} INFO - [2025-01-18T00:15:56.867+0000] {dag.py:2907} INFO - Sync 1 DAGs
[2025-01-18T00:15:56.907+0000] {logging_mixin.py:151} INFO - [2025-01-18T00:15:56.906+0000] {dag.py:3677} INFO - Setting next_dagrun for example_trigger_controller_dag to 2021-01-01T00:00:00+00:00, run_after=2021-01-01T00:00:00+00:00
[2025-01-18T00:15:56.936+0000] {processor.py:179} INFO - Processing /home/airflow/.local/lib/python3.8/site-packages/airflow/example_dags/example_trigger_controller_dag.py took 0.119 seconds
[2025-01-18T00:16:28.756+0000] {processor.py:157} INFO - Started process (PID=419) to work on /home/airflow/.local/lib/python3.8/site-packages/airflow/example_dags/example_trigger_controller_dag.py
[2025-01-18T00:16:28.765+0000] {processor.py:829} INFO - Processing file /home/airflow/.local/lib/python3.8/site-packages/airflow/example_dags/example_trigger_controller_dag.py for tasks to queue
[2025-01-18T00:16:28.775+0000] {logging_mixin.py:151} INFO - [2025-01-18T00:16:28.775+0000] {dagbag.py:539} INFO - Filling up the DagBag from /home/airflow/.local/lib/python3.8/site-packages/airflow/example_dags/example_trigger_controller_dag.py
[2025-01-18T00:16:28.792+0000] {processor.py:839} INFO - DAG(s) dict_keys(['example_trigger_controller_dag']) retrieved from /home/airflow/.local/lib/python3.8/site-packages/airflow/example_dags/example_trigger_controller_dag.py
[2025-01-18T00:16:28.856+0000] {logging_mixin.py:151} INFO - [2025-01-18T00:16:28.855+0000] {dag.py:2907} INFO - Sync 1 DAGs
[2025-01-18T00:16:28.919+0000] {logging_mixin.py:151} INFO - [2025-01-18T00:16:28.918+0000] {dag.py:3677} INFO - Setting next_dagrun for example_trigger_controller_dag to 2021-01-01T00:00:00+00:00, run_after=2021-01-01T00:00:00+00:00
[2025-01-18T00:16:28.964+0000] {processor.py:179} INFO - Processing /home/airflow/.local/lib/python3.8/site-packages/airflow/example_dags/example_trigger_controller_dag.py took 0.218 seconds
[2025-01-18T00:16:59.147+0000] {processor.py:157} INFO - Started process (PID=503) to work on /home/airflow/.local/lib/python3.8/site-packages/airflow/example_dags/example_trigger_controller_dag.py
[2025-01-18T00:16:59.149+0000] {processor.py:829} INFO - Processing file /home/airflow/.local/lib/python3.8/site-packages/airflow/example_dags/example_trigger_controller_dag.py for tasks to queue
[2025-01-18T00:16:59.155+0000] {logging_mixin.py:151} INFO - [2025-01-18T00:16:59.155+0000] {dagbag.py:539} INFO - Filling up the DagBag from /home/airflow/.local/lib/python3.8/site-packages/airflow/example_dags/example_trigger_controller_dag.py
[2025-01-18T00:16:59.167+0000] {processor.py:839} INFO - DAG(s) dict_keys(['example_trigger_controller_dag']) retrieved from /home/airflow/.local/lib/python3.8/site-packages/airflow/example_dags/example_trigger_controller_dag.py
[2025-01-18T00:16:59.217+0000] {logging_mixin.py:151} INFO - [2025-01-18T00:16:59.217+0000] {dag.py:2907} INFO - Sync 1 DAGs
[2025-01-18T00:16:59.274+0000] {logging_mixin.py:151} INFO - [2025-01-18T00:16:59.273+0000] {dag.py:3677} INFO - Setting next_dagrun for example_trigger_controller_dag to 2021-01-01T00:00:00+00:00, run_after=2021-01-01T00:00:00+00:00
[2025-01-18T00:16:59.341+0000] {processor.py:179} INFO - Processing /home/airflow/.local/lib/python3.8/site-packages/airflow/example_dags/example_trigger_controller_dag.py took 0.201 seconds
[2025-01-18T00:17:30.331+0000] {processor.py:157} INFO - Started process (PID=589) to work on /home/airflow/.local/lib/python3.8/site-packages/airflow/example_dags/example_trigger_controller_dag.py
[2025-01-18T00:17:30.334+0000] {processor.py:829} INFO - Processing file /home/airflow/.local/lib/python3.8/site-packages/airflow/example_dags/example_trigger_controller_dag.py for tasks to queue
[2025-01-18T00:17:30.340+0000] {logging_mixin.py:151} INFO - [2025-01-18T00:17:30.340+0000] {dagbag.py:539} INFO - Filling up the DagBag from /home/airflow/.local/lib/python3.8/site-packages/airflow/example_dags/example_trigger_controller_dag.py
[2025-01-18T00:17:30.353+0000] {processor.py:839} INFO - DAG(s) dict_keys(['example_trigger_controller_dag']) retrieved from /home/airflow/.local/lib/python3.8/site-packages/airflow/example_dags/example_trigger_controller_dag.py
[2025-01-18T00:17:30.409+0000] {logging_mixin.py:151} INFO - [2025-01-18T00:17:30.408+0000] {dag.py:2907} INFO - Sync 1 DAGs
[2025-01-18T00:17:30.471+0000] {logging_mixin.py:151} INFO - [2025-01-18T00:17:30.470+0000] {dag.py:3677} INFO - Setting next_dagrun for example_trigger_controller_dag to 2021-01-01T00:00:00+00:00, run_after=2021-01-01T00:00:00+00:00
[2025-01-18T00:17:30.546+0000] {processor.py:179} INFO - Processing /home/airflow/.local/lib/python3.8/site-packages/airflow/example_dags/example_trigger_controller_dag.py took 0.221 seconds
[2025-01-18T00:18:00.784+0000] {processor.py:157} INFO - Started process (PID=667) to work on /home/airflow/.local/lib/python3.8/site-packages/airflow/example_dags/example_trigger_controller_dag.py
[2025-01-18T00:18:00.785+0000] {processor.py:829} INFO - Processing file /home/airflow/.local/lib/python3.8/site-packages/airflow/example_dags/example_trigger_controller_dag.py for tasks to queue
[2025-01-18T00:18:00.788+0000] {logging_mixin.py:151} INFO - [2025-01-18T00:18:00.788+0000] {dagbag.py:539} INFO - Filling up the DagBag from /home/airflow/.local/lib/python3.8/site-packages/airflow/example_dags/example_trigger_controller_dag.py
[2025-01-18T00:18:00.795+0000] {processor.py:839} INFO - DAG(s) dict_keys(['example_trigger_controller_dag']) retrieved from /home/airflow/.local/lib/python3.8/site-packages/airflow/example_dags/example_trigger_controller_dag.py
[2025-01-18T00:18:00.822+0000] {logging_mixin.py:151} INFO - [2025-01-18T00:18:00.822+0000] {dag.py:2907} INFO - Sync 1 DAGs
[2025-01-18T00:18:00.861+0000] {logging_mixin.py:151} INFO - [2025-01-18T00:18:00.861+0000] {dag.py:3677} INFO - Setting next_dagrun for example_trigger_controller_dag to 2021-01-01T00:00:00+00:00, run_after=2021-01-01T00:00:00+00:00
[2025-01-18T00:18:00.894+0000] {processor.py:179} INFO - Processing /home/airflow/.local/lib/python3.8/site-packages/airflow/example_dags/example_trigger_controller_dag.py took 0.114 seconds
[2025-01-18T00:18:31.644+0000] {processor.py:157} INFO - Started process (PID=753) to work on /home/airflow/.local/lib/python3.8/site-packages/airflow/example_dags/example_trigger_controller_dag.py
[2025-01-18T00:18:31.646+0000] {processor.py:829} INFO - Processing file /home/airflow/.local/lib/python3.8/site-packages/airflow/example_dags/example_trigger_controller_dag.py for tasks to queue
[2025-01-18T00:18:31.650+0000] {logging_mixin.py:151} INFO - [2025-01-18T00:18:31.649+0000] {dagbag.py:539} INFO - Filling up the DagBag from /home/airflow/.local/lib/python3.8/site-packages/airflow/example_dags/example_trigger_controller_dag.py
[2025-01-18T00:18:31.660+0000] {processor.py:839} INFO - DAG(s) dict_keys(['example_trigger_controller_dag']) retrieved from /home/airflow/.local/lib/python3.8/site-packages/airflow/example_dags/example_trigger_controller_dag.py
[2025-01-18T00:18:31.699+0000] {logging_mixin.py:151} INFO - [2025-01-18T00:18:31.699+0000] {dag.py:2907} INFO - Sync 1 DAGs
[2025-01-18T00:18:31.746+0000] {logging_mixin.py:151} INFO - [2025-01-18T00:18:31.745+0000] {dag.py:3677} INFO - Setting next_dagrun for example_trigger_controller_dag to 2021-01-01T00:00:00+00:00, run_after=2021-01-01T00:00:00+00:00
[2025-01-18T00:18:31.789+0000] {processor.py:179} INFO - Processing /home/airflow/.local/lib/python3.8/site-packages/airflow/example_dags/example_trigger_controller_dag.py took 0.149 seconds
[2025-01-18T00:19:02.569+0000] {processor.py:157} INFO - Started process (PID=839) to work on /home/airflow/.local/lib/python3.8/site-packages/airflow/example_dags/example_trigger_controller_dag.py
[2025-01-18T00:19:02.570+0000] {processor.py:829} INFO - Processing file /home/airflow/.local/lib/python3.8/site-packages/airflow/example_dags/example_trigger_controller_dag.py for tasks to queue
[2025-01-18T00:19:02.574+0000] {logging_mixin.py:151} INFO - [2025-01-18T00:19:02.574+0000] {dagbag.py:539} INFO - Filling up the DagBag from /home/airflow/.local/lib/python3.8/site-packages/airflow/example_dags/example_trigger_controller_dag.py
[2025-01-18T00:19:02.585+0000] {processor.py:839} INFO - DAG(s) dict_keys(['example_trigger_controller_dag']) retrieved from /home/airflow/.local/lib/python3.8/site-packages/airflow/example_dags/example_trigger_controller_dag.py
[2025-01-18T00:19:02.620+0000] {logging_mixin.py:151} INFO - [2025-01-18T00:19:02.619+0000] {dag.py:2907} INFO - Sync 1 DAGs
[2025-01-18T00:19:02.667+0000] {logging_mixin.py:151} INFO - [2025-01-18T00:19:02.667+0000] {dag.py:3677} INFO - Setting next_dagrun for example_trigger_controller_dag to 2021-01-01T00:00:00+00:00, run_after=2021-01-01T00:00:00+00:00
[2025-01-18T00:19:02.701+0000] {processor.py:179} INFO - Processing /home/airflow/.local/lib/python3.8/site-packages/airflow/example_dags/example_trigger_controller_dag.py took 0.140 seconds
[2025-01-18T00:19:33.275+0000] {processor.py:157} INFO - Started process (PID=914) to work on /home/airflow/.local/lib/python3.8/site-packages/airflow/example_dags/example_trigger_controller_dag.py
[2025-01-18T00:19:33.277+0000] {processor.py:829} INFO - Processing file /home/airflow/.local/lib/python3.8/site-packages/airflow/example_dags/example_trigger_controller_dag.py for tasks to queue
[2025-01-18T00:19:33.281+0000] {logging_mixin.py:151} INFO - [2025-01-18T00:19:33.280+0000] {dagbag.py:539} INFO - Filling up the DagBag from /home/airflow/.local/lib/python3.8/site-packages/airflow/example_dags/example_trigger_controller_dag.py
[2025-01-18T00:19:33.289+0000] {processor.py:839} INFO - DAG(s) dict_keys(['example_trigger_controller_dag']) retrieved from /home/airflow/.local/lib/python3.8/site-packages/airflow/example_dags/example_trigger_controller_dag.py
[2025-01-18T00:19:33.321+0000] {logging_mixin.py:151} INFO - [2025-01-18T00:19:33.321+0000] {dag.py:2907} INFO - Sync 1 DAGs
[2025-01-18T00:19:33.361+0000] {logging_mixin.py:151} INFO - [2025-01-18T00:19:33.361+0000] {dag.py:3677} INFO - Setting next_dagrun for example_trigger_controller_dag to 2021-01-01T00:00:00+00:00, run_after=2021-01-01T00:00:00+00:00
[2025-01-18T00:19:33.393+0000] {processor.py:179} INFO - Processing /home/airflow/.local/lib/python3.8/site-packages/airflow/example_dags/example_trigger_controller_dag.py took 0.124 seconds
[2025-01-18T00:20:03.790+0000] {processor.py:157} INFO - Started process (PID=999) to work on /home/airflow/.local/lib/python3.8/site-packages/airflow/example_dags/example_trigger_controller_dag.py
[2025-01-18T00:20:03.792+0000] {processor.py:829} INFO - Processing file /home/airflow/.local/lib/python3.8/site-packages/airflow/example_dags/example_trigger_controller_dag.py for tasks to queue
[2025-01-18T00:20:03.799+0000] {logging_mixin.py:151} INFO - [2025-01-18T00:20:03.799+0000] {dagbag.py:539} INFO - Filling up the DagBag from /home/airflow/.local/lib/python3.8/site-packages/airflow/example_dags/example_trigger_controller_dag.py
[2025-01-18T00:20:03.806+0000] {processor.py:839} INFO - DAG(s) dict_keys(['example_trigger_controller_dag']) retrieved from /home/airflow/.local/lib/python3.8/site-packages/airflow/example_dags/example_trigger_controller_dag.py
[2025-01-18T00:20:03.837+0000] {logging_mixin.py:151} INFO - [2025-01-18T00:20:03.837+0000] {dag.py:2907} INFO - Sync 1 DAGs
[2025-01-18T00:20:03.871+0000] {logging_mixin.py:151} INFO - [2025-01-18T00:20:03.870+0000] {dag.py:3677} INFO - Setting next_dagrun for example_trigger_controller_dag to 2021-01-01T00:00:00+00:00, run_after=2021-01-01T00:00:00+00:00
[2025-01-18T00:20:03.898+0000] {processor.py:179} INFO - Processing /home/airflow/.local/lib/python3.8/site-packages/airflow/example_dags/example_trigger_controller_dag.py took 0.116 seconds
[2025-01-18T00:20:33.946+0000] {processor.py:157} INFO - Started process (PID=1077) to work on /home/airflow/.local/lib/python3.8/site-packages/airflow/example_dags/example_trigger_controller_dag.py
[2025-01-18T00:20:33.947+0000] {processor.py:829} INFO - Processing file /home/airflow/.local/lib/python3.8/site-packages/airflow/example_dags/example_trigger_controller_dag.py for tasks to queue
[2025-01-18T00:20:33.950+0000] {logging_mixin.py:151} INFO - [2025-01-18T00:20:33.950+0000] {dagbag.py:539} INFO - Filling up the DagBag from /home/airflow/.local/lib/python3.8/site-packages/airflow/example_dags/example_trigger_controller_dag.py
[2025-01-18T00:20:33.955+0000] {processor.py:839} INFO - DAG(s) dict_keys(['example_trigger_controller_dag']) retrieved from /home/airflow/.local/lib/python3.8/site-packages/airflow/example_dags/example_trigger_controller_dag.py
[2025-01-18T00:20:33.977+0000] {logging_mixin.py:151} INFO - [2025-01-18T00:20:33.977+0000] {dag.py:2907} INFO - Sync 1 DAGs
[2025-01-18T00:20:34.004+0000] {logging_mixin.py:151} INFO - [2025-01-18T00:20:34.003+0000] {dag.py:3677} INFO - Setting next_dagrun for example_trigger_controller_dag to 2021-01-01T00:00:00+00:00, run_after=2021-01-01T00:00:00+00:00
[2025-01-18T00:20:34.024+0000] {processor.py:179} INFO - Processing /home/airflow/.local/lib/python3.8/site-packages/airflow/example_dags/example_trigger_controller_dag.py took 0.081 seconds
[2025-01-18T00:21:05.145+0000] {processor.py:157} INFO - Started process (PID=1164) to work on /home/airflow/.local/lib/python3.8/site-packages/airflow/example_dags/example_trigger_controller_dag.py
[2025-01-18T00:21:05.147+0000] {processor.py:829} INFO - Processing file /home/airflow/.local/lib/python3.8/site-packages/airflow/example_dags/example_trigger_controller_dag.py for tasks to queue
[2025-01-18T00:21:05.150+0000] {logging_mixin.py:151} INFO - [2025-01-18T00:21:05.150+0000] {dagbag.py:539} INFO - Filling up the DagBag from /home/airflow/.local/lib/python3.8/site-packages/airflow/example_dags/example_trigger_controller_dag.py
[2025-01-18T00:21:05.157+0000] {processor.py:839} INFO - DAG(s) dict_keys(['example_trigger_controller_dag']) retrieved from /home/airflow/.local/lib/python3.8/site-packages/airflow/example_dags/example_trigger_controller_dag.py
[2025-01-18T00:21:05.185+0000] {logging_mixin.py:151} INFO - [2025-01-18T00:21:05.185+0000] {dag.py:2907} INFO - Sync 1 DAGs
[2025-01-18T00:21:05.269+0000] {logging_mixin.py:151} INFO - [2025-01-18T00:21:05.269+0000] {dag.py:3677} INFO - Setting next_dagrun for example_trigger_controller_dag to 2021-01-01T00:00:00+00:00, run_after=2021-01-01T00:00:00+00:00
[2025-01-18T00:21:05.311+0000] {processor.py:179} INFO - Processing /home/airflow/.local/lib/python3.8/site-packages/airflow/example_dags/example_trigger_controller_dag.py took 0.170 seconds
[2025-01-18T00:32:00.559+0000] {processor.py:157} INFO - Started process (PID=114) to work on /home/airflow/.local/lib/python3.8/site-packages/airflow/example_dags/example_trigger_controller_dag.py
[2025-01-18T00:32:00.561+0000] {processor.py:829} INFO - Processing file /home/airflow/.local/lib/python3.8/site-packages/airflow/example_dags/example_trigger_controller_dag.py for tasks to queue
[2025-01-18T00:32:00.567+0000] {logging_mixin.py:151} INFO - [2025-01-18T00:32:00.566+0000] {dagbag.py:539} INFO - Filling up the DagBag from /home/airflow/.local/lib/python3.8/site-packages/airflow/example_dags/example_trigger_controller_dag.py
[2025-01-18T00:32:00.621+0000] {processor.py:839} INFO - DAG(s) dict_keys(['example_trigger_controller_dag']) retrieved from /home/airflow/.local/lib/python3.8/site-packages/airflow/example_dags/example_trigger_controller_dag.py
[2025-01-18T00:32:00.721+0000] {logging_mixin.py:151} INFO - [2025-01-18T00:32:00.720+0000] {dag.py:2907} INFO - Sync 1 DAGs
[2025-01-18T00:32:00.781+0000] {logging_mixin.py:151} INFO - [2025-01-18T00:32:00.781+0000] {dag.py:3677} INFO - Setting next_dagrun for example_trigger_controller_dag to 2021-01-01T00:00:00+00:00, run_after=2021-01-01T00:00:00+00:00
[2025-01-18T00:32:00.910+0000] {processor.py:179} INFO - Processing /home/airflow/.local/lib/python3.8/site-packages/airflow/example_dags/example_trigger_controller_dag.py took 0.365 seconds
[2025-01-18T00:32:31.017+0000] {processor.py:157} INFO - Started process (PID=199) to work on /home/airflow/.local/lib/python3.8/site-packages/airflow/example_dags/example_trigger_controller_dag.py
[2025-01-18T00:32:31.019+0000] {processor.py:829} INFO - Processing file /home/airflow/.local/lib/python3.8/site-packages/airflow/example_dags/example_trigger_controller_dag.py for tasks to queue
[2025-01-18T00:32:31.023+0000] {logging_mixin.py:151} INFO - [2025-01-18T00:32:31.023+0000] {dagbag.py:539} INFO - Filling up the DagBag from /home/airflow/.local/lib/python3.8/site-packages/airflow/example_dags/example_trigger_controller_dag.py
[2025-01-18T00:32:31.032+0000] {processor.py:839} INFO - DAG(s) dict_keys(['example_trigger_controller_dag']) retrieved from /home/airflow/.local/lib/python3.8/site-packages/airflow/example_dags/example_trigger_controller_dag.py
[2025-01-18T00:32:31.066+0000] {logging_mixin.py:151} INFO - [2025-01-18T00:32:31.066+0000] {dag.py:2907} INFO - Sync 1 DAGs
[2025-01-18T00:32:31.104+0000] {logging_mixin.py:151} INFO - [2025-01-18T00:32:31.103+0000] {dag.py:3677} INFO - Setting next_dagrun for example_trigger_controller_dag to 2021-01-01T00:00:00+00:00, run_after=2021-01-01T00:00:00+00:00
[2025-01-18T00:32:31.145+0000] {processor.py:179} INFO - Processing /home/airflow/.local/lib/python3.8/site-packages/airflow/example_dags/example_trigger_controller_dag.py took 0.134 seconds
[2025-01-18T00:54:42.280+0000] {processor.py:157} INFO - Started process (PID=83) to work on /home/airflow/.local/lib/python3.8/site-packages/airflow/example_dags/example_trigger_controller_dag.py
[2025-01-18T00:54:42.282+0000] {processor.py:829} INFO - Processing file /home/airflow/.local/lib/python3.8/site-packages/airflow/example_dags/example_trigger_controller_dag.py for tasks to queue
[2025-01-18T00:54:42.285+0000] {logging_mixin.py:151} INFO - [2025-01-18T00:54:42.285+0000] {dagbag.py:539} INFO - Filling up the DagBag from /home/airflow/.local/lib/python3.8/site-packages/airflow/example_dags/example_trigger_controller_dag.py
[2025-01-18T00:54:42.291+0000] {processor.py:839} INFO - DAG(s) dict_keys(['example_trigger_controller_dag']) retrieved from /home/airflow/.local/lib/python3.8/site-packages/airflow/example_dags/example_trigger_controller_dag.py
[2025-01-18T00:54:42.342+0000] {logging_mixin.py:151} INFO - [2025-01-18T00:54:42.342+0000] {dag.py:2907} INFO - Sync 1 DAGs
[2025-01-18T00:54:42.403+0000] {logging_mixin.py:151} INFO - [2025-01-18T00:54:42.402+0000] {dag.py:3677} INFO - Setting next_dagrun for example_trigger_controller_dag to 2021-01-01T00:00:00+00:00, run_after=2021-01-01T00:00:00+00:00
[2025-01-18T00:54:42.432+0000] {processor.py:179} INFO - Processing /home/airflow/.local/lib/python3.8/site-packages/airflow/example_dags/example_trigger_controller_dag.py took 0.156 seconds
[2025-01-18T00:55:12.734+0000] {processor.py:157} INFO - Started process (PID=160) to work on /home/airflow/.local/lib/python3.8/site-packages/airflow/example_dags/example_trigger_controller_dag.py
[2025-01-18T00:55:12.735+0000] {processor.py:829} INFO - Processing file /home/airflow/.local/lib/python3.8/site-packages/airflow/example_dags/example_trigger_controller_dag.py for tasks to queue
[2025-01-18T00:55:12.739+0000] {logging_mixin.py:151} INFO - [2025-01-18T00:55:12.738+0000] {dagbag.py:539} INFO - Filling up the DagBag from /home/airflow/.local/lib/python3.8/site-packages/airflow/example_dags/example_trigger_controller_dag.py
[2025-01-18T00:55:12.745+0000] {processor.py:839} INFO - DAG(s) dict_keys(['example_trigger_controller_dag']) retrieved from /home/airflow/.local/lib/python3.8/site-packages/airflow/example_dags/example_trigger_controller_dag.py
[2025-01-18T00:55:12.776+0000] {logging_mixin.py:151} INFO - [2025-01-18T00:55:12.775+0000] {dag.py:2907} INFO - Sync 1 DAGs
[2025-01-18T00:55:12.822+0000] {logging_mixin.py:151} INFO - [2025-01-18T00:55:12.821+0000] {dag.py:3677} INFO - Setting next_dagrun for example_trigger_controller_dag to 2021-01-01T00:00:00+00:00, run_after=2021-01-01T00:00:00+00:00
[2025-01-18T00:55:12.849+0000] {processor.py:179} INFO - Processing /home/airflow/.local/lib/python3.8/site-packages/airflow/example_dags/example_trigger_controller_dag.py took 0.120 seconds
[2025-01-18T00:55:43.274+0000] {processor.py:157} INFO - Started process (PID=246) to work on /home/airflow/.local/lib/python3.8/site-packages/airflow/example_dags/example_trigger_controller_dag.py
[2025-01-18T00:55:43.275+0000] {processor.py:829} INFO - Processing file /home/airflow/.local/lib/python3.8/site-packages/airflow/example_dags/example_trigger_controller_dag.py for tasks to queue
[2025-01-18T00:55:43.278+0000] {logging_mixin.py:151} INFO - [2025-01-18T00:55:43.278+0000] {dagbag.py:539} INFO - Filling up the DagBag from /home/airflow/.local/lib/python3.8/site-packages/airflow/example_dags/example_trigger_controller_dag.py
[2025-01-18T00:55:43.284+0000] {processor.py:839} INFO - DAG(s) dict_keys(['example_trigger_controller_dag']) retrieved from /home/airflow/.local/lib/python3.8/site-packages/airflow/example_dags/example_trigger_controller_dag.py
[2025-01-18T00:55:43.315+0000] {logging_mixin.py:151} INFO - [2025-01-18T00:55:43.314+0000] {dag.py:2907} INFO - Sync 1 DAGs
[2025-01-18T00:55:43.343+0000] {logging_mixin.py:151} INFO - [2025-01-18T00:55:43.343+0000] {dag.py:3677} INFO - Setting next_dagrun for example_trigger_controller_dag to 2021-01-01T00:00:00+00:00, run_after=2021-01-01T00:00:00+00:00
[2025-01-18T00:55:43.365+0000] {processor.py:179} INFO - Processing /home/airflow/.local/lib/python3.8/site-packages/airflow/example_dags/example_trigger_controller_dag.py took 0.096 seconds
[2025-01-18T00:56:13.784+0000] {processor.py:157} INFO - Started process (PID=333) to work on /home/airflow/.local/lib/python3.8/site-packages/airflow/example_dags/example_trigger_controller_dag.py
[2025-01-18T00:56:13.786+0000] {processor.py:829} INFO - Processing file /home/airflow/.local/lib/python3.8/site-packages/airflow/example_dags/example_trigger_controller_dag.py for tasks to queue
[2025-01-18T00:56:13.790+0000] {logging_mixin.py:151} INFO - [2025-01-18T00:56:13.789+0000] {dagbag.py:539} INFO - Filling up the DagBag from /home/airflow/.local/lib/python3.8/site-packages/airflow/example_dags/example_trigger_controller_dag.py
[2025-01-18T00:56:13.796+0000] {processor.py:839} INFO - DAG(s) dict_keys(['example_trigger_controller_dag']) retrieved from /home/airflow/.local/lib/python3.8/site-packages/airflow/example_dags/example_trigger_controller_dag.py
[2025-01-18T00:56:13.825+0000] {logging_mixin.py:151} INFO - [2025-01-18T00:56:13.825+0000] {dag.py:2907} INFO - Sync 1 DAGs
[2025-01-18T00:56:13.862+0000] {logging_mixin.py:151} INFO - [2025-01-18T00:56:13.862+0000] {dag.py:3677} INFO - Setting next_dagrun for example_trigger_controller_dag to 2021-01-01T00:00:00+00:00, run_after=2021-01-01T00:00:00+00:00
[2025-01-18T00:56:13.888+0000] {processor.py:179} INFO - Processing /home/airflow/.local/lib/python3.8/site-packages/airflow/example_dags/example_trigger_controller_dag.py took 0.109 seconds
[2025-01-18T00:56:44.770+0000] {processor.py:157} INFO - Started process (PID=418) to work on /home/airflow/.local/lib/python3.8/site-packages/airflow/example_dags/example_trigger_controller_dag.py
[2025-01-18T00:56:44.773+0000] {processor.py:829} INFO - Processing file /home/airflow/.local/lib/python3.8/site-packages/airflow/example_dags/example_trigger_controller_dag.py for tasks to queue
[2025-01-18T00:56:44.778+0000] {logging_mixin.py:151} INFO - [2025-01-18T00:56:44.777+0000] {dagbag.py:539} INFO - Filling up the DagBag from /home/airflow/.local/lib/python3.8/site-packages/airflow/example_dags/example_trigger_controller_dag.py
[2025-01-18T00:56:44.792+0000] {processor.py:839} INFO - DAG(s) dict_keys(['example_trigger_controller_dag']) retrieved from /home/airflow/.local/lib/python3.8/site-packages/airflow/example_dags/example_trigger_controller_dag.py
[2025-01-18T00:56:44.868+0000] {logging_mixin.py:151} INFO - [2025-01-18T00:56:44.867+0000] {dag.py:2907} INFO - Sync 1 DAGs
[2025-01-18T00:56:44.933+0000] {logging_mixin.py:151} INFO - [2025-01-18T00:56:44.932+0000] {dag.py:3677} INFO - Setting next_dagrun for example_trigger_controller_dag to 2021-01-01T00:00:00+00:00, run_after=2021-01-01T00:00:00+00:00
[2025-01-18T00:56:45.016+0000] {processor.py:179} INFO - Processing /home/airflow/.local/lib/python3.8/site-packages/airflow/example_dags/example_trigger_controller_dag.py took 0.255 seconds
[2025-01-18T00:57:15.123+0000] {processor.py:157} INFO - Started process (PID=492) to work on /home/airflow/.local/lib/python3.8/site-packages/airflow/example_dags/example_trigger_controller_dag.py
[2025-01-18T00:57:15.125+0000] {processor.py:829} INFO - Processing file /home/airflow/.local/lib/python3.8/site-packages/airflow/example_dags/example_trigger_controller_dag.py for tasks to queue
[2025-01-18T00:57:15.129+0000] {logging_mixin.py:151} INFO - [2025-01-18T00:57:15.129+0000] {dagbag.py:539} INFO - Filling up the DagBag from /home/airflow/.local/lib/python3.8/site-packages/airflow/example_dags/example_trigger_controller_dag.py
[2025-01-18T00:57:15.138+0000] {processor.py:839} INFO - DAG(s) dict_keys(['example_trigger_controller_dag']) retrieved from /home/airflow/.local/lib/python3.8/site-packages/airflow/example_dags/example_trigger_controller_dag.py
[2025-01-18T00:57:15.177+0000] {logging_mixin.py:151} INFO - [2025-01-18T00:57:15.177+0000] {dag.py:2907} INFO - Sync 1 DAGs
[2025-01-18T00:57:15.218+0000] {logging_mixin.py:151} INFO - [2025-01-18T00:57:15.218+0000] {dag.py:3677} INFO - Setting next_dagrun for example_trigger_controller_dag to 2021-01-01T00:00:00+00:00, run_after=2021-01-01T00:00:00+00:00
[2025-01-18T00:57:15.259+0000] {processor.py:179} INFO - Processing /home/airflow/.local/lib/python3.8/site-packages/airflow/example_dags/example_trigger_controller_dag.py took 0.142 seconds
[2025-01-18T00:57:45.392+0000] {processor.py:157} INFO - Started process (PID=571) to work on /home/airflow/.local/lib/python3.8/site-packages/airflow/example_dags/example_trigger_controller_dag.py
[2025-01-18T00:57:45.394+0000] {processor.py:829} INFO - Processing file /home/airflow/.local/lib/python3.8/site-packages/airflow/example_dags/example_trigger_controller_dag.py for tasks to queue
[2025-01-18T00:57:45.398+0000] {logging_mixin.py:151} INFO - [2025-01-18T00:57:45.397+0000] {dagbag.py:539} INFO - Filling up the DagBag from /home/airflow/.local/lib/python3.8/site-packages/airflow/example_dags/example_trigger_controller_dag.py
[2025-01-18T00:57:45.409+0000] {processor.py:839} INFO - DAG(s) dict_keys(['example_trigger_controller_dag']) retrieved from /home/airflow/.local/lib/python3.8/site-packages/airflow/example_dags/example_trigger_controller_dag.py
[2025-01-18T00:57:45.454+0000] {logging_mixin.py:151} INFO - [2025-01-18T00:57:45.454+0000] {dag.py:2907} INFO - Sync 1 DAGs
[2025-01-18T00:57:45.515+0000] {logging_mixin.py:151} INFO - [2025-01-18T00:57:45.515+0000] {dag.py:3677} INFO - Setting next_dagrun for example_trigger_controller_dag to 2021-01-01T00:00:00+00:00, run_after=2021-01-01T00:00:00+00:00
[2025-01-18T00:57:45.566+0000] {processor.py:179} INFO - Processing /home/airflow/.local/lib/python3.8/site-packages/airflow/example_dags/example_trigger_controller_dag.py took 0.189 seconds
[2025-01-18T00:58:16.245+0000] {processor.py:157} INFO - Started process (PID=657) to work on /home/airflow/.local/lib/python3.8/site-packages/airflow/example_dags/example_trigger_controller_dag.py
[2025-01-18T00:58:16.248+0000] {processor.py:829} INFO - Processing file /home/airflow/.local/lib/python3.8/site-packages/airflow/example_dags/example_trigger_controller_dag.py for tasks to queue
[2025-01-18T00:58:16.254+0000] {logging_mixin.py:151} INFO - [2025-01-18T00:58:16.253+0000] {dagbag.py:539} INFO - Filling up the DagBag from /home/airflow/.local/lib/python3.8/site-packages/airflow/example_dags/example_trigger_controller_dag.py
[2025-01-18T00:58:16.265+0000] {processor.py:839} INFO - DAG(s) dict_keys(['example_trigger_controller_dag']) retrieved from /home/airflow/.local/lib/python3.8/site-packages/airflow/example_dags/example_trigger_controller_dag.py
[2025-01-18T00:58:16.309+0000] {logging_mixin.py:151} INFO - [2025-01-18T00:58:16.309+0000] {dag.py:2907} INFO - Sync 1 DAGs
[2025-01-18T00:58:16.362+0000] {logging_mixin.py:151} INFO - [2025-01-18T00:58:16.362+0000] {dag.py:3677} INFO - Setting next_dagrun for example_trigger_controller_dag to 2021-01-01T00:00:00+00:00, run_after=2021-01-01T00:00:00+00:00
[2025-01-18T00:58:16.444+0000] {processor.py:179} INFO - Processing /home/airflow/.local/lib/python3.8/site-packages/airflow/example_dags/example_trigger_controller_dag.py took 0.209 seconds
[2025-01-18T00:58:49.288+0000] {processor.py:157} INFO - Started process (PID=739) to work on /home/airflow/.local/lib/python3.8/site-packages/airflow/example_dags/example_trigger_controller_dag.py
[2025-01-18T00:58:49.293+0000] {processor.py:829} INFO - Processing file /home/airflow/.local/lib/python3.8/site-packages/airflow/example_dags/example_trigger_controller_dag.py for tasks to queue
[2025-01-18T00:58:49.317+0000] {logging_mixin.py:151} INFO - [2025-01-18T00:58:49.314+0000] {dagbag.py:539} INFO - Filling up the DagBag from /home/airflow/.local/lib/python3.8/site-packages/airflow/example_dags/example_trigger_controller_dag.py
[2025-01-18T00:58:49.367+0000] {processor.py:839} INFO - DAG(s) dict_keys(['example_trigger_controller_dag']) retrieved from /home/airflow/.local/lib/python3.8/site-packages/airflow/example_dags/example_trigger_controller_dag.py
[2025-01-18T00:58:49.476+0000] {logging_mixin.py:151} INFO - [2025-01-18T00:58:49.475+0000] {dag.py:2907} INFO - Sync 1 DAGs
[2025-01-18T00:58:49.622+0000] {logging_mixin.py:151} INFO - [2025-01-18T00:58:49.621+0000] {dag.py:3677} INFO - Setting next_dagrun for example_trigger_controller_dag to 2021-01-01T00:00:00+00:00, run_after=2021-01-01T00:00:00+00:00
[2025-01-18T00:58:49.808+0000] {processor.py:179} INFO - Processing /home/airflow/.local/lib/python3.8/site-packages/airflow/example_dags/example_trigger_controller_dag.py took 0.530 seconds
[2025-01-18T00:59:19.933+0000] {processor.py:157} INFO - Started process (PID=816) to work on /home/airflow/.local/lib/python3.8/site-packages/airflow/example_dags/example_trigger_controller_dag.py
[2025-01-18T00:59:19.934+0000] {processor.py:829} INFO - Processing file /home/airflow/.local/lib/python3.8/site-packages/airflow/example_dags/example_trigger_controller_dag.py for tasks to queue
[2025-01-18T00:59:19.937+0000] {logging_mixin.py:151} INFO - [2025-01-18T00:59:19.936+0000] {dagbag.py:539} INFO - Filling up the DagBag from /home/airflow/.local/lib/python3.8/site-packages/airflow/example_dags/example_trigger_controller_dag.py
[2025-01-18T00:59:19.943+0000] {processor.py:839} INFO - DAG(s) dict_keys(['example_trigger_controller_dag']) retrieved from /home/airflow/.local/lib/python3.8/site-packages/airflow/example_dags/example_trigger_controller_dag.py
[2025-01-18T00:59:19.986+0000] {logging_mixin.py:151} INFO - [2025-01-18T00:59:19.986+0000] {dag.py:2907} INFO - Sync 1 DAGs
[2025-01-18T00:59:20.020+0000] {logging_mixin.py:151} INFO - [2025-01-18T00:59:20.020+0000] {dag.py:3677} INFO - Setting next_dagrun for example_trigger_controller_dag to 2021-01-01T00:00:00+00:00, run_after=2021-01-01T00:00:00+00:00
[2025-01-18T00:59:20.043+0000] {processor.py:179} INFO - Processing /home/airflow/.local/lib/python3.8/site-packages/airflow/example_dags/example_trigger_controller_dag.py took 0.114 seconds
[2025-01-18T00:59:50.583+0000] {processor.py:157} INFO - Started process (PID=902) to work on /home/airflow/.local/lib/python3.8/site-packages/airflow/example_dags/example_trigger_controller_dag.py
[2025-01-18T00:59:50.585+0000] {processor.py:829} INFO - Processing file /home/airflow/.local/lib/python3.8/site-packages/airflow/example_dags/example_trigger_controller_dag.py for tasks to queue
[2025-01-18T00:59:50.596+0000] {logging_mixin.py:151} INFO - [2025-01-18T00:59:50.590+0000] {dagbag.py:539} INFO - Filling up the DagBag from /home/airflow/.local/lib/python3.8/site-packages/airflow/example_dags/example_trigger_controller_dag.py
[2025-01-18T00:59:50.609+0000] {processor.py:839} INFO - DAG(s) dict_keys(['example_trigger_controller_dag']) retrieved from /home/airflow/.local/lib/python3.8/site-packages/airflow/example_dags/example_trigger_controller_dag.py
[2025-01-18T00:59:50.702+0000] {logging_mixin.py:151} INFO - [2025-01-18T00:59:50.701+0000] {dag.py:2907} INFO - Sync 1 DAGs
[2025-01-18T00:59:50.789+0000] {logging_mixin.py:151} INFO - [2025-01-18T00:59:50.788+0000] {dag.py:3677} INFO - Setting next_dagrun for example_trigger_controller_dag to 2021-01-01T00:00:00+00:00, run_after=2021-01-01T00:00:00+00:00
[2025-01-18T00:59:50.855+0000] {processor.py:179} INFO - Processing /home/airflow/.local/lib/python3.8/site-packages/airflow/example_dags/example_trigger_controller_dag.py took 0.282 seconds
[2025-01-18T01:00:22.078+0000] {processor.py:157} INFO - Started process (PID=988) to work on /home/airflow/.local/lib/python3.8/site-packages/airflow/example_dags/example_trigger_controller_dag.py
[2025-01-18T01:00:22.087+0000] {processor.py:829} INFO - Processing file /home/airflow/.local/lib/python3.8/site-packages/airflow/example_dags/example_trigger_controller_dag.py for tasks to queue
[2025-01-18T01:00:22.102+0000] {logging_mixin.py:151} INFO - [2025-01-18T01:00:22.101+0000] {dagbag.py:539} INFO - Filling up the DagBag from /home/airflow/.local/lib/python3.8/site-packages/airflow/example_dags/example_trigger_controller_dag.py
[2025-01-18T01:00:22.118+0000] {processor.py:839} INFO - DAG(s) dict_keys(['example_trigger_controller_dag']) retrieved from /home/airflow/.local/lib/python3.8/site-packages/airflow/example_dags/example_trigger_controller_dag.py
[2025-01-18T01:00:22.186+0000] {logging_mixin.py:151} INFO - [2025-01-18T01:00:22.186+0000] {dag.py:2907} INFO - Sync 1 DAGs
[2025-01-18T01:00:22.246+0000] {logging_mixin.py:151} INFO - [2025-01-18T01:00:22.245+0000] {dag.py:3677} INFO - Setting next_dagrun for example_trigger_controller_dag to 2021-01-01T00:00:00+00:00, run_after=2021-01-01T00:00:00+00:00
[2025-01-18T01:00:22.307+0000] {processor.py:179} INFO - Processing /home/airflow/.local/lib/python3.8/site-packages/airflow/example_dags/example_trigger_controller_dag.py took 0.242 seconds
[2025-01-18T01:00:53.093+0000] {processor.py:157} INFO - Started process (PID=1055) to work on /home/airflow/.local/lib/python3.8/site-packages/airflow/example_dags/example_trigger_controller_dag.py
[2025-01-18T01:00:53.094+0000] {processor.py:829} INFO - Processing file /home/airflow/.local/lib/python3.8/site-packages/airflow/example_dags/example_trigger_controller_dag.py for tasks to queue
[2025-01-18T01:00:53.097+0000] {logging_mixin.py:151} INFO - [2025-01-18T01:00:53.097+0000] {dagbag.py:539} INFO - Filling up the DagBag from /home/airflow/.local/lib/python3.8/site-packages/airflow/example_dags/example_trigger_controller_dag.py
[2025-01-18T01:00:53.103+0000] {processor.py:839} INFO - DAG(s) dict_keys(['example_trigger_controller_dag']) retrieved from /home/airflow/.local/lib/python3.8/site-packages/airflow/example_dags/example_trigger_controller_dag.py
[2025-01-18T01:00:53.128+0000] {logging_mixin.py:151} INFO - [2025-01-18T01:00:53.127+0000] {dag.py:2907} INFO - Sync 1 DAGs
[2025-01-18T01:00:53.154+0000] {logging_mixin.py:151} INFO - [2025-01-18T01:00:53.153+0000] {dag.py:3677} INFO - Setting next_dagrun for example_trigger_controller_dag to 2021-01-01T00:00:00+00:00, run_after=2021-01-01T00:00:00+00:00
[2025-01-18T01:00:53.173+0000] {processor.py:179} INFO - Processing /home/airflow/.local/lib/python3.8/site-packages/airflow/example_dags/example_trigger_controller_dag.py took 0.084 seconds
[2025-01-18T01:01:23.769+0000] {processor.py:157} INFO - Started process (PID=1141) to work on /home/airflow/.local/lib/python3.8/site-packages/airflow/example_dags/example_trigger_controller_dag.py
[2025-01-18T01:01:23.770+0000] {processor.py:829} INFO - Processing file /home/airflow/.local/lib/python3.8/site-packages/airflow/example_dags/example_trigger_controller_dag.py for tasks to queue
[2025-01-18T01:01:23.774+0000] {logging_mixin.py:151} INFO - [2025-01-18T01:01:23.774+0000] {dagbag.py:539} INFO - Filling up the DagBag from /home/airflow/.local/lib/python3.8/site-packages/airflow/example_dags/example_trigger_controller_dag.py
[2025-01-18T01:01:23.782+0000] {processor.py:839} INFO - DAG(s) dict_keys(['example_trigger_controller_dag']) retrieved from /home/airflow/.local/lib/python3.8/site-packages/airflow/example_dags/example_trigger_controller_dag.py
[2025-01-18T01:01:23.819+0000] {logging_mixin.py:151} INFO - [2025-01-18T01:01:23.819+0000] {dag.py:2907} INFO - Sync 1 DAGs
[2025-01-18T01:01:23.864+0000] {logging_mixin.py:151} INFO - [2025-01-18T01:01:23.863+0000] {dag.py:3677} INFO - Setting next_dagrun for example_trigger_controller_dag to 2021-01-01T00:00:00+00:00, run_after=2021-01-01T00:00:00+00:00
[2025-01-18T01:01:23.901+0000] {processor.py:179} INFO - Processing /home/airflow/.local/lib/python3.8/site-packages/airflow/example_dags/example_trigger_controller_dag.py took 0.138 seconds
[2025-01-18T01:01:54.226+0000] {processor.py:157} INFO - Started process (PID=1228) to work on /home/airflow/.local/lib/python3.8/site-packages/airflow/example_dags/example_trigger_controller_dag.py
[2025-01-18T01:01:54.227+0000] {processor.py:829} INFO - Processing file /home/airflow/.local/lib/python3.8/site-packages/airflow/example_dags/example_trigger_controller_dag.py for tasks to queue
[2025-01-18T01:01:54.230+0000] {logging_mixin.py:151} INFO - [2025-01-18T01:01:54.230+0000] {dagbag.py:539} INFO - Filling up the DagBag from /home/airflow/.local/lib/python3.8/site-packages/airflow/example_dags/example_trigger_controller_dag.py
[2025-01-18T01:01:54.236+0000] {processor.py:839} INFO - DAG(s) dict_keys(['example_trigger_controller_dag']) retrieved from /home/airflow/.local/lib/python3.8/site-packages/airflow/example_dags/example_trigger_controller_dag.py
[2025-01-18T01:01:54.256+0000] {logging_mixin.py:151} INFO - [2025-01-18T01:01:54.256+0000] {dag.py:2907} INFO - Sync 1 DAGs
[2025-01-18T01:01:54.275+0000] {logging_mixin.py:151} INFO - [2025-01-18T01:01:54.275+0000] {dag.py:3677} INFO - Setting next_dagrun for example_trigger_controller_dag to 2021-01-01T00:00:00+00:00, run_after=2021-01-01T00:00:00+00:00
[2025-01-18T01:01:54.291+0000] {processor.py:179} INFO - Processing /home/airflow/.local/lib/python3.8/site-packages/airflow/example_dags/example_trigger_controller_dag.py took 0.070 seconds
[2025-01-18T01:02:25.008+0000] {processor.py:157} INFO - Started process (PID=1321) to work on /home/airflow/.local/lib/python3.8/site-packages/airflow/example_dags/example_trigger_controller_dag.py
[2025-01-18T01:02:25.009+0000] {processor.py:829} INFO - Processing file /home/airflow/.local/lib/python3.8/site-packages/airflow/example_dags/example_trigger_controller_dag.py for tasks to queue
[2025-01-18T01:02:25.012+0000] {logging_mixin.py:151} INFO - [2025-01-18T01:02:25.012+0000] {dagbag.py:539} INFO - Filling up the DagBag from /home/airflow/.local/lib/python3.8/site-packages/airflow/example_dags/example_trigger_controller_dag.py
[2025-01-18T01:02:25.019+0000] {processor.py:839} INFO - DAG(s) dict_keys(['example_trigger_controller_dag']) retrieved from /home/airflow/.local/lib/python3.8/site-packages/airflow/example_dags/example_trigger_controller_dag.py
[2025-01-18T01:02:25.046+0000] {logging_mixin.py:151} INFO - [2025-01-18T01:02:25.046+0000] {dag.py:2907} INFO - Sync 1 DAGs
[2025-01-18T01:02:25.080+0000] {logging_mixin.py:151} INFO - [2025-01-18T01:02:25.080+0000] {dag.py:3677} INFO - Setting next_dagrun for example_trigger_controller_dag to 2021-01-01T00:00:00+00:00, run_after=2021-01-01T00:00:00+00:00
[2025-01-18T01:02:25.167+0000] {processor.py:179} INFO - Processing /home/airflow/.local/lib/python3.8/site-packages/airflow/example_dags/example_trigger_controller_dag.py took 0.164 seconds
[2025-01-18T13:40:26.670+0000] {processor.py:157} INFO - Started process (PID=83) to work on /home/airflow/.local/lib/python3.8/site-packages/airflow/example_dags/example_trigger_controller_dag.py
[2025-01-18T13:40:26.674+0000] {processor.py:829} INFO - Processing file /home/airflow/.local/lib/python3.8/site-packages/airflow/example_dags/example_trigger_controller_dag.py for tasks to queue
[2025-01-18T13:40:26.681+0000] {logging_mixin.py:151} INFO - [2025-01-18T13:40:26.681+0000] {dagbag.py:539} INFO - Filling up the DagBag from /home/airflow/.local/lib/python3.8/site-packages/airflow/example_dags/example_trigger_controller_dag.py
[2025-01-18T13:40:26.696+0000] {processor.py:839} INFO - DAG(s) dict_keys(['example_trigger_controller_dag']) retrieved from /home/airflow/.local/lib/python3.8/site-packages/airflow/example_dags/example_trigger_controller_dag.py
[2025-01-18T13:40:26.756+0000] {logging_mixin.py:151} INFO - [2025-01-18T13:40:26.756+0000] {dag.py:2907} INFO - Sync 1 DAGs
[2025-01-18T13:40:26.820+0000] {logging_mixin.py:151} INFO - [2025-01-18T13:40:26.819+0000] {dag.py:3677} INFO - Setting next_dagrun for example_trigger_controller_dag to 2021-01-01T00:00:00+00:00, run_after=2021-01-01T00:00:00+00:00
[2025-01-18T13:40:26.885+0000] {processor.py:179} INFO - Processing /home/airflow/.local/lib/python3.8/site-packages/airflow/example_dags/example_trigger_controller_dag.py took 0.223 seconds
[2025-01-18T13:40:57.692+0000] {processor.py:157} INFO - Started process (PID=161) to work on /home/airflow/.local/lib/python3.8/site-packages/airflow/example_dags/example_trigger_controller_dag.py
[2025-01-18T13:40:57.693+0000] {processor.py:829} INFO - Processing file /home/airflow/.local/lib/python3.8/site-packages/airflow/example_dags/example_trigger_controller_dag.py for tasks to queue
[2025-01-18T13:40:57.696+0000] {logging_mixin.py:151} INFO - [2025-01-18T13:40:57.696+0000] {dagbag.py:539} INFO - Filling up the DagBag from /home/airflow/.local/lib/python3.8/site-packages/airflow/example_dags/example_trigger_controller_dag.py
[2025-01-18T13:40:57.703+0000] {processor.py:839} INFO - DAG(s) dict_keys(['example_trigger_controller_dag']) retrieved from /home/airflow/.local/lib/python3.8/site-packages/airflow/example_dags/example_trigger_controller_dag.py
[2025-01-18T13:40:57.725+0000] {logging_mixin.py:151} INFO - [2025-01-18T13:40:57.724+0000] {dag.py:2907} INFO - Sync 1 DAGs
[2025-01-18T13:40:57.748+0000] {logging_mixin.py:151} INFO - [2025-01-18T13:40:57.748+0000] {dag.py:3677} INFO - Setting next_dagrun for example_trigger_controller_dag to 2021-01-01T00:00:00+00:00, run_after=2021-01-01T00:00:00+00:00
[2025-01-18T13:40:57.768+0000] {processor.py:179} INFO - Processing /home/airflow/.local/lib/python3.8/site-packages/airflow/example_dags/example_trigger_controller_dag.py took 0.080 seconds
[2025-01-18T13:41:28.178+0000] {processor.py:157} INFO - Started process (PID=248) to work on /home/airflow/.local/lib/python3.8/site-packages/airflow/example_dags/example_trigger_controller_dag.py
[2025-01-18T13:41:28.180+0000] {processor.py:829} INFO - Processing file /home/airflow/.local/lib/python3.8/site-packages/airflow/example_dags/example_trigger_controller_dag.py for tasks to queue
[2025-01-18T13:41:28.184+0000] {logging_mixin.py:151} INFO - [2025-01-18T13:41:28.183+0000] {dagbag.py:539} INFO - Filling up the DagBag from /home/airflow/.local/lib/python3.8/site-packages/airflow/example_dags/example_trigger_controller_dag.py
[2025-01-18T13:41:28.194+0000] {processor.py:839} INFO - DAG(s) dict_keys(['example_trigger_controller_dag']) retrieved from /home/airflow/.local/lib/python3.8/site-packages/airflow/example_dags/example_trigger_controller_dag.py
[2025-01-18T13:41:28.231+0000] {logging_mixin.py:151} INFO - [2025-01-18T13:41:28.231+0000] {dag.py:2907} INFO - Sync 1 DAGs
[2025-01-18T13:41:28.283+0000] {logging_mixin.py:151} INFO - [2025-01-18T13:41:28.282+0000] {dag.py:3677} INFO - Setting next_dagrun for example_trigger_controller_dag to 2021-01-01T00:00:00+00:00, run_after=2021-01-01T00:00:00+00:00
[2025-01-18T13:41:28.318+0000] {processor.py:179} INFO - Processing /home/airflow/.local/lib/python3.8/site-packages/airflow/example_dags/example_trigger_controller_dag.py took 0.145 seconds
[2025-01-18T13:41:58.503+0000] {processor.py:157} INFO - Started process (PID=333) to work on /home/airflow/.local/lib/python3.8/site-packages/airflow/example_dags/example_trigger_controller_dag.py
[2025-01-18T13:41:58.505+0000] {processor.py:829} INFO - Processing file /home/airflow/.local/lib/python3.8/site-packages/airflow/example_dags/example_trigger_controller_dag.py for tasks to queue
[2025-01-18T13:41:58.517+0000] {logging_mixin.py:151} INFO - [2025-01-18T13:41:58.514+0000] {dagbag.py:539} INFO - Filling up the DagBag from /home/airflow/.local/lib/python3.8/site-packages/airflow/example_dags/example_trigger_controller_dag.py
[2025-01-18T13:41:58.532+0000] {processor.py:839} INFO - DAG(s) dict_keys(['example_trigger_controller_dag']) retrieved from /home/airflow/.local/lib/python3.8/site-packages/airflow/example_dags/example_trigger_controller_dag.py
[2025-01-18T13:41:58.594+0000] {logging_mixin.py:151} INFO - [2025-01-18T13:41:58.594+0000] {dag.py:2907} INFO - Sync 1 DAGs
[2025-01-18T13:41:58.676+0000] {logging_mixin.py:151} INFO - [2025-01-18T13:41:58.675+0000] {dag.py:3677} INFO - Setting next_dagrun for example_trigger_controller_dag to 2021-01-01T00:00:00+00:00, run_after=2021-01-01T00:00:00+00:00
[2025-01-18T13:41:58.728+0000] {processor.py:179} INFO - Processing /home/airflow/.local/lib/python3.8/site-packages/airflow/example_dags/example_trigger_controller_dag.py took 0.236 seconds
[2025-01-18T13:42:28.900+0000] {processor.py:157} INFO - Started process (PID=400) to work on /home/airflow/.local/lib/python3.8/site-packages/airflow/example_dags/example_trigger_controller_dag.py
[2025-01-18T13:42:28.901+0000] {processor.py:829} INFO - Processing file /home/airflow/.local/lib/python3.8/site-packages/airflow/example_dags/example_trigger_controller_dag.py for tasks to queue
[2025-01-18T13:42:28.905+0000] {logging_mixin.py:151} INFO - [2025-01-18T13:42:28.904+0000] {dagbag.py:539} INFO - Filling up the DagBag from /home/airflow/.local/lib/python3.8/site-packages/airflow/example_dags/example_trigger_controller_dag.py
[2025-01-18T13:42:28.912+0000] {processor.py:839} INFO - DAG(s) dict_keys(['example_trigger_controller_dag']) retrieved from /home/airflow/.local/lib/python3.8/site-packages/airflow/example_dags/example_trigger_controller_dag.py
[2025-01-18T13:42:28.942+0000] {logging_mixin.py:151} INFO - [2025-01-18T13:42:28.942+0000] {dag.py:2907} INFO - Sync 1 DAGs
[2025-01-18T13:42:28.987+0000] {logging_mixin.py:151} INFO - [2025-01-18T13:42:28.986+0000] {dag.py:3677} INFO - Setting next_dagrun for example_trigger_controller_dag to 2021-01-01T00:00:00+00:00, run_after=2021-01-01T00:00:00+00:00
[2025-01-18T13:42:29.029+0000] {processor.py:179} INFO - Processing /home/airflow/.local/lib/python3.8/site-packages/airflow/example_dags/example_trigger_controller_dag.py took 0.133 seconds
[2025-01-18T13:42:59.573+0000] {processor.py:157} INFO - Started process (PID=486) to work on /home/airflow/.local/lib/python3.8/site-packages/airflow/example_dags/example_trigger_controller_dag.py
[2025-01-18T13:42:59.581+0000] {processor.py:829} INFO - Processing file /home/airflow/.local/lib/python3.8/site-packages/airflow/example_dags/example_trigger_controller_dag.py for tasks to queue
[2025-01-18T13:42:59.585+0000] {logging_mixin.py:151} INFO - [2025-01-18T13:42:59.584+0000] {dagbag.py:539} INFO - Filling up the DagBag from /home/airflow/.local/lib/python3.8/site-packages/airflow/example_dags/example_trigger_controller_dag.py
[2025-01-18T13:42:59.598+0000] {processor.py:839} INFO - DAG(s) dict_keys(['example_trigger_controller_dag']) retrieved from /home/airflow/.local/lib/python3.8/site-packages/airflow/example_dags/example_trigger_controller_dag.py
[2025-01-18T13:42:59.654+0000] {logging_mixin.py:151} INFO - [2025-01-18T13:42:59.653+0000] {dag.py:2907} INFO - Sync 1 DAGs
[2025-01-18T13:42:59.715+0000] {logging_mixin.py:151} INFO - [2025-01-18T13:42:59.715+0000] {dag.py:3677} INFO - Setting next_dagrun for example_trigger_controller_dag to 2021-01-01T00:00:00+00:00, run_after=2021-01-01T00:00:00+00:00
[2025-01-18T13:42:59.759+0000] {processor.py:179} INFO - Processing /home/airflow/.local/lib/python3.8/site-packages/airflow/example_dags/example_trigger_controller_dag.py took 0.193 seconds
[2025-01-18T13:43:30.577+0000] {processor.py:157} INFO - Started process (PID=560) to work on /home/airflow/.local/lib/python3.8/site-packages/airflow/example_dags/example_trigger_controller_dag.py
[2025-01-18T13:43:30.579+0000] {processor.py:829} INFO - Processing file /home/airflow/.local/lib/python3.8/site-packages/airflow/example_dags/example_trigger_controller_dag.py for tasks to queue
[2025-01-18T13:43:30.583+0000] {logging_mixin.py:151} INFO - [2025-01-18T13:43:30.583+0000] {dagbag.py:539} INFO - Filling up the DagBag from /home/airflow/.local/lib/python3.8/site-packages/airflow/example_dags/example_trigger_controller_dag.py
[2025-01-18T13:43:30.615+0000] {processor.py:839} INFO - DAG(s) dict_keys(['example_trigger_controller_dag']) retrieved from /home/airflow/.local/lib/python3.8/site-packages/airflow/example_dags/example_trigger_controller_dag.py
[2025-01-18T13:43:30.683+0000] {logging_mixin.py:151} INFO - [2025-01-18T13:43:30.683+0000] {dag.py:2907} INFO - Sync 1 DAGs
[2025-01-18T13:43:30.739+0000] {logging_mixin.py:151} INFO - [2025-01-18T13:43:30.738+0000] {dag.py:3677} INFO - Setting next_dagrun for example_trigger_controller_dag to 2021-01-01T00:00:00+00:00, run_after=2021-01-01T00:00:00+00:00
[2025-01-18T13:43:30.793+0000] {processor.py:179} INFO - Processing /home/airflow/.local/lib/python3.8/site-packages/airflow/example_dags/example_trigger_controller_dag.py took 0.234 seconds
[2025-01-18T13:44:00.994+0000] {processor.py:157} INFO - Started process (PID=639) to work on /home/airflow/.local/lib/python3.8/site-packages/airflow/example_dags/example_trigger_controller_dag.py
[2025-01-18T13:44:00.996+0000] {processor.py:829} INFO - Processing file /home/airflow/.local/lib/python3.8/site-packages/airflow/example_dags/example_trigger_controller_dag.py for tasks to queue
[2025-01-18T13:44:01.000+0000] {logging_mixin.py:151} INFO - [2025-01-18T13:44:01.000+0000] {dagbag.py:539} INFO - Filling up the DagBag from /home/airflow/.local/lib/python3.8/site-packages/airflow/example_dags/example_trigger_controller_dag.py
[2025-01-18T13:44:01.010+0000] {processor.py:839} INFO - DAG(s) dict_keys(['example_trigger_controller_dag']) retrieved from /home/airflow/.local/lib/python3.8/site-packages/airflow/example_dags/example_trigger_controller_dag.py
[2025-01-18T13:44:01.053+0000] {logging_mixin.py:151} INFO - [2025-01-18T13:44:01.053+0000] {dag.py:2907} INFO - Sync 1 DAGs
[2025-01-18T13:44:01.104+0000] {logging_mixin.py:151} INFO - [2025-01-18T13:44:01.103+0000] {dag.py:3677} INFO - Setting next_dagrun for example_trigger_controller_dag to 2021-01-01T00:00:00+00:00, run_after=2021-01-01T00:00:00+00:00
[2025-01-18T13:44:01.140+0000] {processor.py:179} INFO - Processing /home/airflow/.local/lib/python3.8/site-packages/airflow/example_dags/example_trigger_controller_dag.py took 0.152 seconds
[2025-01-18T13:44:31.227+0000] {processor.py:157} INFO - Started process (PID=725) to work on /home/airflow/.local/lib/python3.8/site-packages/airflow/example_dags/example_trigger_controller_dag.py
[2025-01-18T13:44:31.229+0000] {processor.py:829} INFO - Processing file /home/airflow/.local/lib/python3.8/site-packages/airflow/example_dags/example_trigger_controller_dag.py for tasks to queue
[2025-01-18T13:44:31.232+0000] {logging_mixin.py:151} INFO - [2025-01-18T13:44:31.232+0000] {dagbag.py:539} INFO - Filling up the DagBag from /home/airflow/.local/lib/python3.8/site-packages/airflow/example_dags/example_trigger_controller_dag.py
[2025-01-18T13:44:31.239+0000] {processor.py:839} INFO - DAG(s) dict_keys(['example_trigger_controller_dag']) retrieved from /home/airflow/.local/lib/python3.8/site-packages/airflow/example_dags/example_trigger_controller_dag.py
[2025-01-18T13:44:31.273+0000] {logging_mixin.py:151} INFO - [2025-01-18T13:44:31.272+0000] {dag.py:2907} INFO - Sync 1 DAGs
[2025-01-18T13:44:31.311+0000] {logging_mixin.py:151} INFO - [2025-01-18T13:44:31.310+0000] {dag.py:3677} INFO - Setting next_dagrun for example_trigger_controller_dag to 2021-01-01T00:00:00+00:00, run_after=2021-01-01T00:00:00+00:00
[2025-01-18T13:44:31.335+0000] {processor.py:179} INFO - Processing /home/airflow/.local/lib/python3.8/site-packages/airflow/example_dags/example_trigger_controller_dag.py took 0.113 seconds
[2025-01-18T13:45:01.702+0000] {processor.py:157} INFO - Started process (PID=811) to work on /home/airflow/.local/lib/python3.8/site-packages/airflow/example_dags/example_trigger_controller_dag.py
[2025-01-18T13:45:01.703+0000] {processor.py:829} INFO - Processing file /home/airflow/.local/lib/python3.8/site-packages/airflow/example_dags/example_trigger_controller_dag.py for tasks to queue
[2025-01-18T13:45:01.706+0000] {logging_mixin.py:151} INFO - [2025-01-18T13:45:01.706+0000] {dagbag.py:539} INFO - Filling up the DagBag from /home/airflow/.local/lib/python3.8/site-packages/airflow/example_dags/example_trigger_controller_dag.py
[2025-01-18T13:45:01.714+0000] {processor.py:839} INFO - DAG(s) dict_keys(['example_trigger_controller_dag']) retrieved from /home/airflow/.local/lib/python3.8/site-packages/airflow/example_dags/example_trigger_controller_dag.py
[2025-01-18T13:45:01.753+0000] {logging_mixin.py:151} INFO - [2025-01-18T13:45:01.753+0000] {dag.py:2907} INFO - Sync 1 DAGs
[2025-01-18T13:45:01.799+0000] {logging_mixin.py:151} INFO - [2025-01-18T13:45:01.799+0000] {dag.py:3677} INFO - Setting next_dagrun for example_trigger_controller_dag to 2021-01-01T00:00:00+00:00, run_after=2021-01-01T00:00:00+00:00
[2025-01-18T13:45:01.831+0000] {processor.py:179} INFO - Processing /home/airflow/.local/lib/python3.8/site-packages/airflow/example_dags/example_trigger_controller_dag.py took 0.134 seconds
[2025-01-18T13:45:32.052+0000] {processor.py:157} INFO - Started process (PID=897) to work on /home/airflow/.local/lib/python3.8/site-packages/airflow/example_dags/example_trigger_controller_dag.py
[2025-01-18T13:45:32.054+0000] {processor.py:829} INFO - Processing file /home/airflow/.local/lib/python3.8/site-packages/airflow/example_dags/example_trigger_controller_dag.py for tasks to queue
[2025-01-18T13:45:32.057+0000] {logging_mixin.py:151} INFO - [2025-01-18T13:45:32.057+0000] {dagbag.py:539} INFO - Filling up the DagBag from /home/airflow/.local/lib/python3.8/site-packages/airflow/example_dags/example_trigger_controller_dag.py
[2025-01-18T13:45:32.065+0000] {processor.py:839} INFO - DAG(s) dict_keys(['example_trigger_controller_dag']) retrieved from /home/airflow/.local/lib/python3.8/site-packages/airflow/example_dags/example_trigger_controller_dag.py
[2025-01-18T13:45:32.101+0000] {logging_mixin.py:151} INFO - [2025-01-18T13:45:32.100+0000] {dag.py:2907} INFO - Sync 1 DAGs
[2025-01-18T13:45:32.149+0000] {logging_mixin.py:151} INFO - [2025-01-18T13:45:32.149+0000] {dag.py:3677} INFO - Setting next_dagrun for example_trigger_controller_dag to 2021-01-01T00:00:00+00:00, run_after=2021-01-01T00:00:00+00:00
[2025-01-18T13:45:32.177+0000] {processor.py:179} INFO - Processing /home/airflow/.local/lib/python3.8/site-packages/airflow/example_dags/example_trigger_controller_dag.py took 0.131 seconds
[2025-01-18T13:46:02.483+0000] {processor.py:157} INFO - Started process (PID=984) to work on /home/airflow/.local/lib/python3.8/site-packages/airflow/example_dags/example_trigger_controller_dag.py
[2025-01-18T13:46:02.484+0000] {processor.py:829} INFO - Processing file /home/airflow/.local/lib/python3.8/site-packages/airflow/example_dags/example_trigger_controller_dag.py for tasks to queue
[2025-01-18T13:46:02.489+0000] {logging_mixin.py:151} INFO - [2025-01-18T13:46:02.488+0000] {dagbag.py:539} INFO - Filling up the DagBag from /home/airflow/.local/lib/python3.8/site-packages/airflow/example_dags/example_trigger_controller_dag.py
[2025-01-18T13:46:02.496+0000] {processor.py:839} INFO - DAG(s) dict_keys(['example_trigger_controller_dag']) retrieved from /home/airflow/.local/lib/python3.8/site-packages/airflow/example_dags/example_trigger_controller_dag.py
[2025-01-18T13:46:02.537+0000] {logging_mixin.py:151} INFO - [2025-01-18T13:46:02.533+0000] {dag.py:2907} INFO - Sync 1 DAGs
[2025-01-18T13:46:02.586+0000] {logging_mixin.py:151} INFO - [2025-01-18T13:46:02.585+0000] {dag.py:3677} INFO - Setting next_dagrun for example_trigger_controller_dag to 2021-01-01T00:00:00+00:00, run_after=2021-01-01T00:00:00+00:00
[2025-01-18T13:46:02.648+0000] {processor.py:179} INFO - Processing /home/airflow/.local/lib/python3.8/site-packages/airflow/example_dags/example_trigger_controller_dag.py took 0.172 seconds
[2025-01-18T13:46:32.877+0000] {processor.py:157} INFO - Started process (PID=1059) to work on /home/airflow/.local/lib/python3.8/site-packages/airflow/example_dags/example_trigger_controller_dag.py
[2025-01-18T13:46:32.879+0000] {processor.py:829} INFO - Processing file /home/airflow/.local/lib/python3.8/site-packages/airflow/example_dags/example_trigger_controller_dag.py for tasks to queue
[2025-01-18T13:46:32.883+0000] {logging_mixin.py:151} INFO - [2025-01-18T13:46:32.883+0000] {dagbag.py:539} INFO - Filling up the DagBag from /home/airflow/.local/lib/python3.8/site-packages/airflow/example_dags/example_trigger_controller_dag.py
[2025-01-18T13:46:32.892+0000] {processor.py:839} INFO - DAG(s) dict_keys(['example_trigger_controller_dag']) retrieved from /home/airflow/.local/lib/python3.8/site-packages/airflow/example_dags/example_trigger_controller_dag.py
[2025-01-18T13:46:32.928+0000] {logging_mixin.py:151} INFO - [2025-01-18T13:46:32.927+0000] {dag.py:2907} INFO - Sync 1 DAGs
[2025-01-18T13:46:32.960+0000] {logging_mixin.py:151} INFO - [2025-01-18T13:46:32.960+0000] {dag.py:3677} INFO - Setting next_dagrun for example_trigger_controller_dag to 2021-01-01T00:00:00+00:00, run_after=2021-01-01T00:00:00+00:00
[2025-01-18T13:46:32.983+0000] {processor.py:179} INFO - Processing /home/airflow/.local/lib/python3.8/site-packages/airflow/example_dags/example_trigger_controller_dag.py took 0.112 seconds
[2025-01-18T13:47:03.198+0000] {processor.py:157} INFO - Started process (PID=1145) to work on /home/airflow/.local/lib/python3.8/site-packages/airflow/example_dags/example_trigger_controller_dag.py
[2025-01-18T13:47:03.200+0000] {processor.py:829} INFO - Processing file /home/airflow/.local/lib/python3.8/site-packages/airflow/example_dags/example_trigger_controller_dag.py for tasks to queue
[2025-01-18T13:47:03.204+0000] {logging_mixin.py:151} INFO - [2025-01-18T13:47:03.204+0000] {dagbag.py:539} INFO - Filling up the DagBag from /home/airflow/.local/lib/python3.8/site-packages/airflow/example_dags/example_trigger_controller_dag.py
[2025-01-18T13:47:03.215+0000] {processor.py:839} INFO - DAG(s) dict_keys(['example_trigger_controller_dag']) retrieved from /home/airflow/.local/lib/python3.8/site-packages/airflow/example_dags/example_trigger_controller_dag.py
[2025-01-18T13:47:03.253+0000] {logging_mixin.py:151} INFO - [2025-01-18T13:47:03.253+0000] {dag.py:2907} INFO - Sync 1 DAGs
[2025-01-18T13:47:03.297+0000] {logging_mixin.py:151} INFO - [2025-01-18T13:47:03.296+0000] {dag.py:3677} INFO - Setting next_dagrun for example_trigger_controller_dag to 2021-01-01T00:00:00+00:00, run_after=2021-01-01T00:00:00+00:00
[2025-01-18T13:47:03.333+0000] {processor.py:179} INFO - Processing /home/airflow/.local/lib/python3.8/site-packages/airflow/example_dags/example_trigger_controller_dag.py took 0.143 seconds
[2025-01-18T13:47:34.230+0000] {processor.py:157} INFO - Started process (PID=1231) to work on /home/airflow/.local/lib/python3.8/site-packages/airflow/example_dags/example_trigger_controller_dag.py
[2025-01-18T13:47:34.232+0000] {processor.py:829} INFO - Processing file /home/airflow/.local/lib/python3.8/site-packages/airflow/example_dags/example_trigger_controller_dag.py for tasks to queue
[2025-01-18T13:47:34.240+0000] {logging_mixin.py:151} INFO - [2025-01-18T13:47:34.239+0000] {dagbag.py:539} INFO - Filling up the DagBag from /home/airflow/.local/lib/python3.8/site-packages/airflow/example_dags/example_trigger_controller_dag.py
[2025-01-18T13:47:34.254+0000] {processor.py:839} INFO - DAG(s) dict_keys(['example_trigger_controller_dag']) retrieved from /home/airflow/.local/lib/python3.8/site-packages/airflow/example_dags/example_trigger_controller_dag.py
[2025-01-18T13:47:34.311+0000] {logging_mixin.py:151} INFO - [2025-01-18T13:47:34.311+0000] {dag.py:2907} INFO - Sync 1 DAGs
[2025-01-18T13:47:34.380+0000] {logging_mixin.py:151} INFO - [2025-01-18T13:47:34.379+0000] {dag.py:3677} INFO - Setting next_dagrun for example_trigger_controller_dag to 2021-01-01T00:00:00+00:00, run_after=2021-01-01T00:00:00+00:00
[2025-01-18T13:47:34.417+0000] {processor.py:179} INFO - Processing /home/airflow/.local/lib/python3.8/site-packages/airflow/example_dags/example_trigger_controller_dag.py took 0.196 seconds
[2025-01-18T13:48:04.911+0000] {processor.py:157} INFO - Started process (PID=1309) to work on /home/airflow/.local/lib/python3.8/site-packages/airflow/example_dags/example_trigger_controller_dag.py
[2025-01-18T13:48:04.913+0000] {processor.py:829} INFO - Processing file /home/airflow/.local/lib/python3.8/site-packages/airflow/example_dags/example_trigger_controller_dag.py for tasks to queue
[2025-01-18T13:48:04.918+0000] {logging_mixin.py:151} INFO - [2025-01-18T13:48:04.917+0000] {dagbag.py:539} INFO - Filling up the DagBag from /home/airflow/.local/lib/python3.8/site-packages/airflow/example_dags/example_trigger_controller_dag.py
[2025-01-18T13:48:04.927+0000] {processor.py:839} INFO - DAG(s) dict_keys(['example_trigger_controller_dag']) retrieved from /home/airflow/.local/lib/python3.8/site-packages/airflow/example_dags/example_trigger_controller_dag.py
[2025-01-18T13:48:04.983+0000] {logging_mixin.py:151} INFO - [2025-01-18T13:48:04.983+0000] {dag.py:2907} INFO - Sync 1 DAGs
[2025-01-18T13:48:05.049+0000] {logging_mixin.py:151} INFO - [2025-01-18T13:48:05.048+0000] {dag.py:3677} INFO - Setting next_dagrun for example_trigger_controller_dag to 2021-01-01T00:00:00+00:00, run_after=2021-01-01T00:00:00+00:00
[2025-01-18T13:48:05.106+0000] {processor.py:179} INFO - Processing /home/airflow/.local/lib/python3.8/site-packages/airflow/example_dags/example_trigger_controller_dag.py took 0.200 seconds
[2025-01-18T13:48:35.255+0000] {processor.py:157} INFO - Started process (PID=1395) to work on /home/airflow/.local/lib/python3.8/site-packages/airflow/example_dags/example_trigger_controller_dag.py
[2025-01-18T13:48:35.257+0000] {processor.py:829} INFO - Processing file /home/airflow/.local/lib/python3.8/site-packages/airflow/example_dags/example_trigger_controller_dag.py for tasks to queue
[2025-01-18T13:48:35.260+0000] {logging_mixin.py:151} INFO - [2025-01-18T13:48:35.260+0000] {dagbag.py:539} INFO - Filling up the DagBag from /home/airflow/.local/lib/python3.8/site-packages/airflow/example_dags/example_trigger_controller_dag.py
[2025-01-18T13:48:35.267+0000] {processor.py:839} INFO - DAG(s) dict_keys(['example_trigger_controller_dag']) retrieved from /home/airflow/.local/lib/python3.8/site-packages/airflow/example_dags/example_trigger_controller_dag.py
[2025-01-18T13:48:35.303+0000] {logging_mixin.py:151} INFO - [2025-01-18T13:48:35.303+0000] {dag.py:2907} INFO - Sync 1 DAGs
[2025-01-18T13:48:35.341+0000] {logging_mixin.py:151} INFO - [2025-01-18T13:48:35.341+0000] {dag.py:3677} INFO - Setting next_dagrun for example_trigger_controller_dag to 2021-01-01T00:00:00+00:00, run_after=2021-01-01T00:00:00+00:00
[2025-01-18T13:48:35.364+0000] {processor.py:179} INFO - Processing /home/airflow/.local/lib/python3.8/site-packages/airflow/example_dags/example_trigger_controller_dag.py took 0.114 seconds
[2025-01-18T13:49:05.897+0000] {processor.py:157} INFO - Started process (PID=1482) to work on /home/airflow/.local/lib/python3.8/site-packages/airflow/example_dags/example_trigger_controller_dag.py
[2025-01-18T13:49:05.900+0000] {processor.py:829} INFO - Processing file /home/airflow/.local/lib/python3.8/site-packages/airflow/example_dags/example_trigger_controller_dag.py for tasks to queue
[2025-01-18T13:49:05.913+0000] {logging_mixin.py:151} INFO - [2025-01-18T13:49:05.912+0000] {dagbag.py:539} INFO - Filling up the DagBag from /home/airflow/.local/lib/python3.8/site-packages/airflow/example_dags/example_trigger_controller_dag.py
[2025-01-18T13:49:05.952+0000] {processor.py:839} INFO - DAG(s) dict_keys(['example_trigger_controller_dag']) retrieved from /home/airflow/.local/lib/python3.8/site-packages/airflow/example_dags/example_trigger_controller_dag.py
[2025-01-18T13:49:06.029+0000] {logging_mixin.py:151} INFO - [2025-01-18T13:49:06.028+0000] {dag.py:2907} INFO - Sync 1 DAGs
[2025-01-18T13:49:06.102+0000] {logging_mixin.py:151} INFO - [2025-01-18T13:49:06.102+0000] {dag.py:3677} INFO - Setting next_dagrun for example_trigger_controller_dag to 2021-01-01T00:00:00+00:00, run_after=2021-01-01T00:00:00+00:00
[2025-01-18T13:49:06.139+0000] {processor.py:179} INFO - Processing /home/airflow/.local/lib/python3.8/site-packages/airflow/example_dags/example_trigger_controller_dag.py took 0.249 seconds
[2025-01-18T13:49:36.930+0000] {processor.py:157} INFO - Started process (PID=1568) to work on /home/airflow/.local/lib/python3.8/site-packages/airflow/example_dags/example_trigger_controller_dag.py
[2025-01-18T13:49:36.931+0000] {processor.py:829} INFO - Processing file /home/airflow/.local/lib/python3.8/site-packages/airflow/example_dags/example_trigger_controller_dag.py for tasks to queue
[2025-01-18T13:49:36.934+0000] {logging_mixin.py:151} INFO - [2025-01-18T13:49:36.933+0000] {dagbag.py:539} INFO - Filling up the DagBag from /home/airflow/.local/lib/python3.8/site-packages/airflow/example_dags/example_trigger_controller_dag.py
[2025-01-18T13:49:36.939+0000] {processor.py:839} INFO - DAG(s) dict_keys(['example_trigger_controller_dag']) retrieved from /home/airflow/.local/lib/python3.8/site-packages/airflow/example_dags/example_trigger_controller_dag.py
[2025-01-18T13:49:36.961+0000] {logging_mixin.py:151} INFO - [2025-01-18T13:49:36.961+0000] {dag.py:2907} INFO - Sync 1 DAGs
[2025-01-18T13:49:36.986+0000] {logging_mixin.py:151} INFO - [2025-01-18T13:49:36.986+0000] {dag.py:3677} INFO - Setting next_dagrun for example_trigger_controller_dag to 2021-01-01T00:00:00+00:00, run_after=2021-01-01T00:00:00+00:00
[2025-01-18T13:49:37.013+0000] {processor.py:179} INFO - Processing /home/airflow/.local/lib/python3.8/site-packages/airflow/example_dags/example_trigger_controller_dag.py took 0.086 seconds
[2025-01-18T13:50:07.894+0000] {processor.py:157} INFO - Started process (PID=1655) to work on /home/airflow/.local/lib/python3.8/site-packages/airflow/example_dags/example_trigger_controller_dag.py
[2025-01-18T13:50:07.899+0000] {processor.py:829} INFO - Processing file /home/airflow/.local/lib/python3.8/site-packages/airflow/example_dags/example_trigger_controller_dag.py for tasks to queue
[2025-01-18T13:50:07.902+0000] {logging_mixin.py:151} INFO - [2025-01-18T13:50:07.902+0000] {dagbag.py:539} INFO - Filling up the DagBag from /home/airflow/.local/lib/python3.8/site-packages/airflow/example_dags/example_trigger_controller_dag.py
[2025-01-18T13:50:07.909+0000] {processor.py:839} INFO - DAG(s) dict_keys(['example_trigger_controller_dag']) retrieved from /home/airflow/.local/lib/python3.8/site-packages/airflow/example_dags/example_trigger_controller_dag.py
[2025-01-18T13:50:07.938+0000] {logging_mixin.py:151} INFO - [2025-01-18T13:50:07.938+0000] {dag.py:2907} INFO - Sync 1 DAGs
[2025-01-18T13:50:07.972+0000] {logging_mixin.py:151} INFO - [2025-01-18T13:50:07.971+0000] {dag.py:3677} INFO - Setting next_dagrun for example_trigger_controller_dag to 2021-01-01T00:00:00+00:00, run_after=2021-01-01T00:00:00+00:00
[2025-01-18T13:50:08.001+0000] {processor.py:179} INFO - Processing /home/airflow/.local/lib/python3.8/site-packages/airflow/example_dags/example_trigger_controller_dag.py took 0.111 seconds
[2025-01-18T13:50:38.442+0000] {processor.py:157} INFO - Started process (PID=1768) to work on /home/airflow/.local/lib/python3.8/site-packages/airflow/example_dags/example_trigger_controller_dag.py
[2025-01-18T13:50:38.443+0000] {processor.py:829} INFO - Processing file /home/airflow/.local/lib/python3.8/site-packages/airflow/example_dags/example_trigger_controller_dag.py for tasks to queue
[2025-01-18T13:50:38.446+0000] {logging_mixin.py:151} INFO - [2025-01-18T13:50:38.446+0000] {dagbag.py:539} INFO - Filling up the DagBag from /home/airflow/.local/lib/python3.8/site-packages/airflow/example_dags/example_trigger_controller_dag.py
[2025-01-18T13:50:38.454+0000] {processor.py:839} INFO - DAG(s) dict_keys(['example_trigger_controller_dag']) retrieved from /home/airflow/.local/lib/python3.8/site-packages/airflow/example_dags/example_trigger_controller_dag.py
[2025-01-18T13:50:38.476+0000] {logging_mixin.py:151} INFO - [2025-01-18T13:50:38.476+0000] {dag.py:2907} INFO - Sync 1 DAGs
[2025-01-18T13:50:38.497+0000] {logging_mixin.py:151} INFO - [2025-01-18T13:50:38.497+0000] {dag.py:3677} INFO - Setting next_dagrun for example_trigger_controller_dag to 2021-01-01T00:00:00+00:00, run_after=2021-01-01T00:00:00+00:00
[2025-01-18T13:50:38.516+0000] {processor.py:179} INFO - Processing /home/airflow/.local/lib/python3.8/site-packages/airflow/example_dags/example_trigger_controller_dag.py took 0.080 seconds
[2025-01-18T13:51:08.757+0000] {processor.py:157} INFO - Started process (PID=1854) to work on /home/airflow/.local/lib/python3.8/site-packages/airflow/example_dags/example_trigger_controller_dag.py
[2025-01-18T13:51:08.758+0000] {processor.py:829} INFO - Processing file /home/airflow/.local/lib/python3.8/site-packages/airflow/example_dags/example_trigger_controller_dag.py for tasks to queue
[2025-01-18T13:51:08.761+0000] {logging_mixin.py:151} INFO - [2025-01-18T13:51:08.761+0000] {dagbag.py:539} INFO - Filling up the DagBag from /home/airflow/.local/lib/python3.8/site-packages/airflow/example_dags/example_trigger_controller_dag.py
[2025-01-18T13:51:08.767+0000] {processor.py:839} INFO - DAG(s) dict_keys(['example_trigger_controller_dag']) retrieved from /home/airflow/.local/lib/python3.8/site-packages/airflow/example_dags/example_trigger_controller_dag.py
[2025-01-18T13:51:08.796+0000] {logging_mixin.py:151} INFO - [2025-01-18T13:51:08.796+0000] {dag.py:2907} INFO - Sync 1 DAGs
[2025-01-18T13:51:08.836+0000] {logging_mixin.py:151} INFO - [2025-01-18T13:51:08.835+0000] {dag.py:3677} INFO - Setting next_dagrun for example_trigger_controller_dag to 2021-01-01T00:00:00+00:00, run_after=2021-01-01T00:00:00+00:00
[2025-01-18T13:51:08.871+0000] {processor.py:179} INFO - Processing /home/airflow/.local/lib/python3.8/site-packages/airflow/example_dags/example_trigger_controller_dag.py took 0.119 seconds
