[2025-01-18T00:11:24.793+0000] {processor.py:157} INFO - Started process (PID=150) to work on /home/airflow/.local/lib/python3.8/site-packages/airflow/example_dags/tutorial.py
[2025-01-18T00:11:24.795+0000] {processor.py:829} INFO - Processing file /home/airflow/.local/lib/python3.8/site-packages/airflow/example_dags/tutorial.py for tasks to queue
[2025-01-18T00:11:24.799+0000] {logging_mixin.py:151} INFO - [2025-01-18T00:11:24.799+0000] {dagbag.py:539} INFO - Filling up the DagBag from /home/airflow/.local/lib/python3.8/site-packages/airflow/example_dags/tutorial.py
[2025-01-18T00:11:24.957+0000] {processor.py:839} INFO - DAG(s) dict_keys(['tutorial']) retrieved from /home/airflow/.local/lib/python3.8/site-packages/airflow/example_dags/tutorial.py
[2025-01-18T00:11:25.033+0000] {logging_mixin.py:151} INFO - [2025-01-18T00:11:25.033+0000] {dag.py:2907} INFO - Sync 1 DAGs
[2025-01-18T00:11:25.114+0000] {logging_mixin.py:151} INFO - [2025-01-18T00:11:25.114+0000] {dag.py:3677} INFO - Setting next_dagrun for tutorial to 2025-01-17T00:11:25.111460+00:00, run_after=2025-01-18T00:11:25.111460+00:00
[2025-01-18T00:11:25.201+0000] {processor.py:179} INFO - Processing /home/airflow/.local/lib/python3.8/site-packages/airflow/example_dags/tutorial.py took 0.418 seconds
[2025-01-18T00:11:56.335+0000] {processor.py:157} INFO - Started process (PID=251) to work on /home/airflow/.local/lib/python3.8/site-packages/airflow/example_dags/tutorial.py
[2025-01-18T00:11:56.340+0000] {processor.py:829} INFO - Processing file /home/airflow/.local/lib/python3.8/site-packages/airflow/example_dags/tutorial.py for tasks to queue
[2025-01-18T00:11:56.346+0000] {logging_mixin.py:151} INFO - [2025-01-18T00:11:56.345+0000] {dagbag.py:539} INFO - Filling up the DagBag from /home/airflow/.local/lib/python3.8/site-packages/airflow/example_dags/tutorial.py
[2025-01-18T00:11:56.378+0000] {processor.py:839} INFO - DAG(s) dict_keys(['tutorial']) retrieved from /home/airflow/.local/lib/python3.8/site-packages/airflow/example_dags/tutorial.py
[2025-01-18T00:11:56.432+0000] {logging_mixin.py:151} INFO - [2025-01-18T00:11:56.431+0000] {dag.py:2907} INFO - Sync 1 DAGs
[2025-01-18T00:11:56.509+0000] {logging_mixin.py:151} INFO - [2025-01-18T00:11:56.508+0000] {dag.py:3677} INFO - Setting next_dagrun for tutorial to 2025-01-17T00:11:56.507431+00:00, run_after=2025-01-18T00:11:56.507431+00:00
[2025-01-18T00:11:56.605+0000] {processor.py:179} INFO - Processing /home/airflow/.local/lib/python3.8/site-packages/airflow/example_dags/tutorial.py took 0.282 seconds
[2025-01-18T00:12:26.667+0000] {processor.py:157} INFO - Started process (PID=336) to work on /home/airflow/.local/lib/python3.8/site-packages/airflow/example_dags/tutorial.py
[2025-01-18T00:12:26.668+0000] {processor.py:829} INFO - Processing file /home/airflow/.local/lib/python3.8/site-packages/airflow/example_dags/tutorial.py for tasks to queue
[2025-01-18T00:12:26.671+0000] {logging_mixin.py:151} INFO - [2025-01-18T00:12:26.671+0000] {dagbag.py:539} INFO - Filling up the DagBag from /home/airflow/.local/lib/python3.8/site-packages/airflow/example_dags/tutorial.py
[2025-01-18T00:12:26.679+0000] {processor.py:839} INFO - DAG(s) dict_keys(['tutorial']) retrieved from /home/airflow/.local/lib/python3.8/site-packages/airflow/example_dags/tutorial.py
[2025-01-18T00:12:26.710+0000] {logging_mixin.py:151} INFO - [2025-01-18T00:12:26.710+0000] {dag.py:2907} INFO - Sync 1 DAGs
[2025-01-18T00:12:26.738+0000] {logging_mixin.py:151} INFO - [2025-01-18T00:12:26.738+0000] {dag.py:3677} INFO - Setting next_dagrun for tutorial to 2025-01-17T00:12:26.737279+00:00, run_after=2025-01-18T00:12:26.737279+00:00
[2025-01-18T00:12:26.768+0000] {processor.py:179} INFO - Processing /home/airflow/.local/lib/python3.8/site-packages/airflow/example_dags/tutorial.py took 0.108 seconds
[2025-01-18T00:12:57.786+0000] {processor.py:157} INFO - Started process (PID=422) to work on /home/airflow/.local/lib/python3.8/site-packages/airflow/example_dags/tutorial.py
[2025-01-18T00:12:57.789+0000] {processor.py:829} INFO - Processing file /home/airflow/.local/lib/python3.8/site-packages/airflow/example_dags/tutorial.py for tasks to queue
[2025-01-18T00:12:57.795+0000] {logging_mixin.py:151} INFO - [2025-01-18T00:12:57.794+0000] {dagbag.py:539} INFO - Filling up the DagBag from /home/airflow/.local/lib/python3.8/site-packages/airflow/example_dags/tutorial.py
[2025-01-18T00:12:57.812+0000] {processor.py:839} INFO - DAG(s) dict_keys(['tutorial']) retrieved from /home/airflow/.local/lib/python3.8/site-packages/airflow/example_dags/tutorial.py
[2025-01-18T00:12:57.872+0000] {logging_mixin.py:151} INFO - [2025-01-18T00:12:57.871+0000] {dag.py:2907} INFO - Sync 1 DAGs
[2025-01-18T00:12:57.939+0000] {logging_mixin.py:151} INFO - [2025-01-18T00:12:57.938+0000] {dag.py:3677} INFO - Setting next_dagrun for tutorial to 2025-01-17T00:12:57.938319+00:00, run_after=2025-01-18T00:12:57.938319+00:00
[2025-01-18T00:12:57.997+0000] {processor.py:179} INFO - Processing /home/airflow/.local/lib/python3.8/site-packages/airflow/example_dags/tutorial.py took 0.221 seconds
[2025-01-18T00:14:28.461+0000] {processor.py:157} INFO - Started process (PID=121) to work on /home/airflow/.local/lib/python3.8/site-packages/airflow/example_dags/tutorial.py
[2025-01-18T00:14:28.463+0000] {processor.py:829} INFO - Processing file /home/airflow/.local/lib/python3.8/site-packages/airflow/example_dags/tutorial.py for tasks to queue
[2025-01-18T00:14:28.468+0000] {logging_mixin.py:151} INFO - [2025-01-18T00:14:28.467+0000] {dagbag.py:539} INFO - Filling up the DagBag from /home/airflow/.local/lib/python3.8/site-packages/airflow/example_dags/tutorial.py
[2025-01-18T00:14:28.481+0000] {processor.py:839} INFO - DAG(s) dict_keys(['tutorial']) retrieved from /home/airflow/.local/lib/python3.8/site-packages/airflow/example_dags/tutorial.py
[2025-01-18T00:14:28.521+0000] {logging_mixin.py:151} INFO - [2025-01-18T00:14:28.521+0000] {dag.py:2907} INFO - Sync 1 DAGs
[2025-01-18T00:14:28.587+0000] {logging_mixin.py:151} INFO - [2025-01-18T00:14:28.586+0000] {dag.py:3677} INFO - Setting next_dagrun for tutorial to 2025-01-17T00:14:28.586457+00:00, run_after=2025-01-18T00:14:28.586457+00:00
[2025-01-18T00:14:28.630+0000] {processor.py:179} INFO - Processing /home/airflow/.local/lib/python3.8/site-packages/airflow/example_dags/tutorial.py took 0.175 seconds
[2025-01-18T00:14:58.708+0000] {processor.py:157} INFO - Started process (PID=188) to work on /home/airflow/.local/lib/python3.8/site-packages/airflow/example_dags/tutorial.py
[2025-01-18T00:14:58.709+0000] {processor.py:829} INFO - Processing file /home/airflow/.local/lib/python3.8/site-packages/airflow/example_dags/tutorial.py for tasks to queue
[2025-01-18T00:14:58.712+0000] {logging_mixin.py:151} INFO - [2025-01-18T00:14:58.712+0000] {dagbag.py:539} INFO - Filling up the DagBag from /home/airflow/.local/lib/python3.8/site-packages/airflow/example_dags/tutorial.py
[2025-01-18T00:14:58.723+0000] {processor.py:839} INFO - DAG(s) dict_keys(['tutorial']) retrieved from /home/airflow/.local/lib/python3.8/site-packages/airflow/example_dags/tutorial.py
[2025-01-18T00:14:58.760+0000] {logging_mixin.py:151} INFO - [2025-01-18T00:14:58.759+0000] {dag.py:2907} INFO - Sync 1 DAGs
[2025-01-18T00:14:58.798+0000] {logging_mixin.py:151} INFO - [2025-01-18T00:14:58.797+0000] {dag.py:3677} INFO - Setting next_dagrun for tutorial to 2025-01-17T00:14:58.797461+00:00, run_after=2025-01-18T00:14:58.797461+00:00
[2025-01-18T00:14:58.847+0000] {processor.py:179} INFO - Processing /home/airflow/.local/lib/python3.8/site-packages/airflow/example_dags/tutorial.py took 0.146 seconds
[2025-01-18T00:15:29.636+0000] {processor.py:157} INFO - Started process (PID=274) to work on /home/airflow/.local/lib/python3.8/site-packages/airflow/example_dags/tutorial.py
[2025-01-18T00:15:29.637+0000] {processor.py:829} INFO - Processing file /home/airflow/.local/lib/python3.8/site-packages/airflow/example_dags/tutorial.py for tasks to queue
[2025-01-18T00:15:29.640+0000] {logging_mixin.py:151} INFO - [2025-01-18T00:15:29.640+0000] {dagbag.py:539} INFO - Filling up the DagBag from /home/airflow/.local/lib/python3.8/site-packages/airflow/example_dags/tutorial.py
[2025-01-18T00:15:29.649+0000] {processor.py:839} INFO - DAG(s) dict_keys(['tutorial']) retrieved from /home/airflow/.local/lib/python3.8/site-packages/airflow/example_dags/tutorial.py
[2025-01-18T00:15:29.677+0000] {logging_mixin.py:151} INFO - [2025-01-18T00:15:29.676+0000] {dag.py:2907} INFO - Sync 1 DAGs
[2025-01-18T00:15:29.707+0000] {logging_mixin.py:151} INFO - [2025-01-18T00:15:29.707+0000] {dag.py:3677} INFO - Setting next_dagrun for tutorial to 2025-01-17T00:15:29.707166+00:00, run_after=2025-01-18T00:15:29.707166+00:00
[2025-01-18T00:15:29.732+0000] {processor.py:179} INFO - Processing /home/airflow/.local/lib/python3.8/site-packages/airflow/example_dags/tutorial.py took 0.100 seconds
[2025-01-18T00:15:59.938+0000] {processor.py:157} INFO - Started process (PID=360) to work on /home/airflow/.local/lib/python3.8/site-packages/airflow/example_dags/tutorial.py
[2025-01-18T00:15:59.939+0000] {processor.py:829} INFO - Processing file /home/airflow/.local/lib/python3.8/site-packages/airflow/example_dags/tutorial.py for tasks to queue
[2025-01-18T00:15:59.943+0000] {logging_mixin.py:151} INFO - [2025-01-18T00:15:59.942+0000] {dagbag.py:539} INFO - Filling up the DagBag from /home/airflow/.local/lib/python3.8/site-packages/airflow/example_dags/tutorial.py
[2025-01-18T00:15:59.954+0000] {processor.py:839} INFO - DAG(s) dict_keys(['tutorial']) retrieved from /home/airflow/.local/lib/python3.8/site-packages/airflow/example_dags/tutorial.py
[2025-01-18T00:15:59.994+0000] {logging_mixin.py:151} INFO - [2025-01-18T00:15:59.994+0000] {dag.py:2907} INFO - Sync 1 DAGs
[2025-01-18T00:16:00.048+0000] {logging_mixin.py:151} INFO - [2025-01-18T00:16:00.047+0000] {dag.py:3677} INFO - Setting next_dagrun for tutorial to 2025-01-17T00:16:00.047104+00:00, run_after=2025-01-18T00:16:00.047104+00:00
[2025-01-18T00:16:00.083+0000] {processor.py:179} INFO - Processing /home/airflow/.local/lib/python3.8/site-packages/airflow/example_dags/tutorial.py took 0.152 seconds
[2025-01-18T00:16:32.234+0000] {processor.py:157} INFO - Started process (PID=446) to work on /home/airflow/.local/lib/python3.8/site-packages/airflow/example_dags/tutorial.py
[2025-01-18T00:16:32.236+0000] {processor.py:829} INFO - Processing file /home/airflow/.local/lib/python3.8/site-packages/airflow/example_dags/tutorial.py for tasks to queue
[2025-01-18T00:16:32.241+0000] {logging_mixin.py:151} INFO - [2025-01-18T00:16:32.240+0000] {dagbag.py:539} INFO - Filling up the DagBag from /home/airflow/.local/lib/python3.8/site-packages/airflow/example_dags/tutorial.py
[2025-01-18T00:16:32.261+0000] {processor.py:839} INFO - DAG(s) dict_keys(['tutorial']) retrieved from /home/airflow/.local/lib/python3.8/site-packages/airflow/example_dags/tutorial.py
[2025-01-18T00:16:32.316+0000] {logging_mixin.py:151} INFO - [2025-01-18T00:16:32.315+0000] {dag.py:2907} INFO - Sync 1 DAGs
[2025-01-18T00:16:32.379+0000] {logging_mixin.py:151} INFO - [2025-01-18T00:16:32.378+0000] {dag.py:3677} INFO - Setting next_dagrun for tutorial to 2025-01-17T00:16:32.378117+00:00, run_after=2025-01-18T00:16:32.378117+00:00
[2025-01-18T00:16:32.422+0000] {processor.py:179} INFO - Processing /home/airflow/.local/lib/python3.8/site-packages/airflow/example_dags/tutorial.py took 0.194 seconds
[2025-01-18T00:17:02.609+0000] {processor.py:157} INFO - Started process (PID=541) to work on /home/airflow/.local/lib/python3.8/site-packages/airflow/example_dags/tutorial.py
[2025-01-18T00:17:02.611+0000] {processor.py:829} INFO - Processing file /home/airflow/.local/lib/python3.8/site-packages/airflow/example_dags/tutorial.py for tasks to queue
[2025-01-18T00:17:02.617+0000] {logging_mixin.py:151} INFO - [2025-01-18T00:17:02.616+0000] {dagbag.py:539} INFO - Filling up the DagBag from /home/airflow/.local/lib/python3.8/site-packages/airflow/example_dags/tutorial.py
[2025-01-18T00:17:02.629+0000] {processor.py:839} INFO - DAG(s) dict_keys(['tutorial']) retrieved from /home/airflow/.local/lib/python3.8/site-packages/airflow/example_dags/tutorial.py
[2025-01-18T00:17:02.664+0000] {logging_mixin.py:151} INFO - [2025-01-18T00:17:02.664+0000] {dag.py:2907} INFO - Sync 1 DAGs
[2025-01-18T00:17:02.698+0000] {logging_mixin.py:151} INFO - [2025-01-18T00:17:02.698+0000] {dag.py:3677} INFO - Setting next_dagrun for tutorial to 2025-01-17T00:17:02.698012+00:00, run_after=2025-01-18T00:17:02.698012+00:00
[2025-01-18T00:17:02.727+0000] {processor.py:179} INFO - Processing /home/airflow/.local/lib/python3.8/site-packages/airflow/example_dags/tutorial.py took 0.125 seconds
[2025-01-18T00:17:36.910+0000] {processor.py:157} INFO - Started process (PID=627) to work on /home/airflow/.local/lib/python3.8/site-packages/airflow/example_dags/tutorial.py
[2025-01-18T00:17:36.941+0000] {processor.py:829} INFO - Processing file /home/airflow/.local/lib/python3.8/site-packages/airflow/example_dags/tutorial.py for tasks to queue
[2025-01-18T00:17:36.951+0000] {logging_mixin.py:151} INFO - [2025-01-18T00:17:36.951+0000] {dagbag.py:539} INFO - Filling up the DagBag from /home/airflow/.local/lib/python3.8/site-packages/airflow/example_dags/tutorial.py
[2025-01-18T00:17:36.988+0000] {processor.py:839} INFO - DAG(s) dict_keys(['tutorial']) retrieved from /home/airflow/.local/lib/python3.8/site-packages/airflow/example_dags/tutorial.py
[2025-01-18T00:17:37.098+0000] {logging_mixin.py:151} INFO - [2025-01-18T00:17:37.098+0000] {dag.py:2907} INFO - Sync 1 DAGs
[2025-01-18T00:17:37.200+0000] {logging_mixin.py:151} INFO - [2025-01-18T00:17:37.200+0000] {dag.py:3677} INFO - Setting next_dagrun for tutorial to 2025-01-17T00:17:37.199604+00:00, run_after=2025-01-18T00:17:37.199604+00:00
[2025-01-18T00:17:37.282+0000] {processor.py:179} INFO - Processing /home/airflow/.local/lib/python3.8/site-packages/airflow/example_dags/tutorial.py took 0.426 seconds
[2025-01-18T00:18:08.194+0000] {processor.py:157} INFO - Started process (PID=713) to work on /home/airflow/.local/lib/python3.8/site-packages/airflow/example_dags/tutorial.py
[2025-01-18T00:18:08.195+0000] {processor.py:829} INFO - Processing file /home/airflow/.local/lib/python3.8/site-packages/airflow/example_dags/tutorial.py for tasks to queue
[2025-01-18T00:18:08.199+0000] {logging_mixin.py:151} INFO - [2025-01-18T00:18:08.199+0000] {dagbag.py:539} INFO - Filling up the DagBag from /home/airflow/.local/lib/python3.8/site-packages/airflow/example_dags/tutorial.py
[2025-01-18T00:18:08.208+0000] {processor.py:839} INFO - DAG(s) dict_keys(['tutorial']) retrieved from /home/airflow/.local/lib/python3.8/site-packages/airflow/example_dags/tutorial.py
[2025-01-18T00:18:08.240+0000] {logging_mixin.py:151} INFO - [2025-01-18T00:18:08.240+0000] {dag.py:2907} INFO - Sync 1 DAGs
[2025-01-18T00:18:08.278+0000] {logging_mixin.py:151} INFO - [2025-01-18T00:18:08.277+0000] {dag.py:3677} INFO - Setting next_dagrun for tutorial to 2025-01-17T00:18:08.277186+00:00, run_after=2025-01-18T00:18:08.277186+00:00
[2025-01-18T00:18:08.305+0000] {processor.py:179} INFO - Processing /home/airflow/.local/lib/python3.8/site-packages/airflow/example_dags/tutorial.py took 0.117 seconds
[2025-01-18T00:18:38.488+0000] {processor.py:157} INFO - Started process (PID=788) to work on /home/airflow/.local/lib/python3.8/site-packages/airflow/example_dags/tutorial.py
[2025-01-18T00:18:38.489+0000] {processor.py:829} INFO - Processing file /home/airflow/.local/lib/python3.8/site-packages/airflow/example_dags/tutorial.py for tasks to queue
[2025-01-18T00:18:38.495+0000] {logging_mixin.py:151} INFO - [2025-01-18T00:18:38.494+0000] {dagbag.py:539} INFO - Filling up the DagBag from /home/airflow/.local/lib/python3.8/site-packages/airflow/example_dags/tutorial.py
[2025-01-18T00:18:38.510+0000] {processor.py:839} INFO - DAG(s) dict_keys(['tutorial']) retrieved from /home/airflow/.local/lib/python3.8/site-packages/airflow/example_dags/tutorial.py
[2025-01-18T00:18:38.572+0000] {logging_mixin.py:151} INFO - [2025-01-18T00:18:38.571+0000] {dag.py:2907} INFO - Sync 1 DAGs
[2025-01-18T00:18:38.667+0000] {logging_mixin.py:151} INFO - [2025-01-18T00:18:38.663+0000] {dag.py:3677} INFO - Setting next_dagrun for tutorial to 2025-01-17T00:18:38.663251+00:00, run_after=2025-01-18T00:18:38.663251+00:00
[2025-01-18T00:18:38.762+0000] {processor.py:179} INFO - Processing /home/airflow/.local/lib/python3.8/site-packages/airflow/example_dags/tutorial.py took 0.282 seconds
[2025-01-18T00:19:08.995+0000] {processor.py:157} INFO - Started process (PID=866) to work on /home/airflow/.local/lib/python3.8/site-packages/airflow/example_dags/tutorial.py
[2025-01-18T00:19:08.997+0000] {processor.py:829} INFO - Processing file /home/airflow/.local/lib/python3.8/site-packages/airflow/example_dags/tutorial.py for tasks to queue
[2025-01-18T00:19:09.002+0000] {logging_mixin.py:151} INFO - [2025-01-18T00:19:09.001+0000] {dagbag.py:539} INFO - Filling up the DagBag from /home/airflow/.local/lib/python3.8/site-packages/airflow/example_dags/tutorial.py
[2025-01-18T00:19:09.014+0000] {processor.py:839} INFO - DAG(s) dict_keys(['tutorial']) retrieved from /home/airflow/.local/lib/python3.8/site-packages/airflow/example_dags/tutorial.py
[2025-01-18T00:19:09.056+0000] {logging_mixin.py:151} INFO - [2025-01-18T00:19:09.055+0000] {dag.py:2907} INFO - Sync 1 DAGs
[2025-01-18T00:19:09.101+0000] {logging_mixin.py:151} INFO - [2025-01-18T00:19:09.101+0000] {dag.py:3677} INFO - Setting next_dagrun for tutorial to 2025-01-17T00:19:09.100517+00:00, run_after=2025-01-18T00:19:09.100517+00:00
[2025-01-18T00:19:09.134+0000] {processor.py:179} INFO - Processing /home/airflow/.local/lib/python3.8/site-packages/airflow/example_dags/tutorial.py took 0.145 seconds
[2025-01-18T00:19:39.210+0000] {processor.py:157} INFO - Started process (PID=952) to work on /home/airflow/.local/lib/python3.8/site-packages/airflow/example_dags/tutorial.py
[2025-01-18T00:19:39.212+0000] {processor.py:829} INFO - Processing file /home/airflow/.local/lib/python3.8/site-packages/airflow/example_dags/tutorial.py for tasks to queue
[2025-01-18T00:19:39.215+0000] {logging_mixin.py:151} INFO - [2025-01-18T00:19:39.214+0000] {dagbag.py:539} INFO - Filling up the DagBag from /home/airflow/.local/lib/python3.8/site-packages/airflow/example_dags/tutorial.py
[2025-01-18T00:19:39.224+0000] {processor.py:839} INFO - DAG(s) dict_keys(['tutorial']) retrieved from /home/airflow/.local/lib/python3.8/site-packages/airflow/example_dags/tutorial.py
[2025-01-18T00:19:39.254+0000] {logging_mixin.py:151} INFO - [2025-01-18T00:19:39.253+0000] {dag.py:2907} INFO - Sync 1 DAGs
[2025-01-18T00:19:39.287+0000] {logging_mixin.py:151} INFO - [2025-01-18T00:19:39.287+0000] {dag.py:3677} INFO - Setting next_dagrun for tutorial to 2025-01-17T00:19:39.287196+00:00, run_after=2025-01-18T00:19:39.287196+00:00
[2025-01-18T00:19:39.313+0000] {processor.py:179} INFO - Processing /home/airflow/.local/lib/python3.8/site-packages/airflow/example_dags/tutorial.py took 0.107 seconds
[2025-01-18T00:20:09.571+0000] {processor.py:157} INFO - Started process (PID=1038) to work on /home/airflow/.local/lib/python3.8/site-packages/airflow/example_dags/tutorial.py
[2025-01-18T00:20:09.573+0000] {processor.py:829} INFO - Processing file /home/airflow/.local/lib/python3.8/site-packages/airflow/example_dags/tutorial.py for tasks to queue
[2025-01-18T00:20:09.576+0000] {logging_mixin.py:151} INFO - [2025-01-18T00:20:09.575+0000] {dagbag.py:539} INFO - Filling up the DagBag from /home/airflow/.local/lib/python3.8/site-packages/airflow/example_dags/tutorial.py
[2025-01-18T00:20:09.589+0000] {processor.py:839} INFO - DAG(s) dict_keys(['tutorial']) retrieved from /home/airflow/.local/lib/python3.8/site-packages/airflow/example_dags/tutorial.py
[2025-01-18T00:20:09.625+0000] {logging_mixin.py:151} INFO - [2025-01-18T00:20:09.624+0000] {dag.py:2907} INFO - Sync 1 DAGs
[2025-01-18T00:20:09.666+0000] {logging_mixin.py:151} INFO - [2025-01-18T00:20:09.665+0000] {dag.py:3677} INFO - Setting next_dagrun for tutorial to 2025-01-17T00:20:09.665412+00:00, run_after=2025-01-18T00:20:09.665412+00:00
[2025-01-18T00:20:09.696+0000] {processor.py:179} INFO - Processing /home/airflow/.local/lib/python3.8/site-packages/airflow/example_dags/tutorial.py took 0.131 seconds
[2025-01-18T00:20:40.245+0000] {processor.py:157} INFO - Started process (PID=1124) to work on /home/airflow/.local/lib/python3.8/site-packages/airflow/example_dags/tutorial.py
[2025-01-18T00:20:40.248+0000] {processor.py:829} INFO - Processing file /home/airflow/.local/lib/python3.8/site-packages/airflow/example_dags/tutorial.py for tasks to queue
[2025-01-18T00:20:40.257+0000] {logging_mixin.py:151} INFO - [2025-01-18T00:20:40.257+0000] {dagbag.py:539} INFO - Filling up the DagBag from /home/airflow/.local/lib/python3.8/site-packages/airflow/example_dags/tutorial.py
[2025-01-18T00:20:40.278+0000] {processor.py:839} INFO - DAG(s) dict_keys(['tutorial']) retrieved from /home/airflow/.local/lib/python3.8/site-packages/airflow/example_dags/tutorial.py
[2025-01-18T00:20:40.337+0000] {logging_mixin.py:151} INFO - [2025-01-18T00:20:40.337+0000] {dag.py:2907} INFO - Sync 1 DAGs
[2025-01-18T00:20:40.376+0000] {logging_mixin.py:151} INFO - [2025-01-18T00:20:40.375+0000] {dag.py:3677} INFO - Setting next_dagrun for tutorial to 2025-01-17T00:20:40.375501+00:00, run_after=2025-01-18T00:20:40.375501+00:00
[2025-01-18T00:20:40.402+0000] {processor.py:179} INFO - Processing /home/airflow/.local/lib/python3.8/site-packages/airflow/example_dags/tutorial.py took 0.163 seconds
[2025-01-18T00:21:11.279+0000] {processor.py:157} INFO - Started process (PID=1199) to work on /home/airflow/.local/lib/python3.8/site-packages/airflow/example_dags/tutorial.py
[2025-01-18T00:21:11.280+0000] {processor.py:829} INFO - Processing file /home/airflow/.local/lib/python3.8/site-packages/airflow/example_dags/tutorial.py for tasks to queue
[2025-01-18T00:21:11.283+0000] {logging_mixin.py:151} INFO - [2025-01-18T00:21:11.283+0000] {dagbag.py:539} INFO - Filling up the DagBag from /home/airflow/.local/lib/python3.8/site-packages/airflow/example_dags/tutorial.py
[2025-01-18T00:21:11.294+0000] {processor.py:839} INFO - DAG(s) dict_keys(['tutorial']) retrieved from /home/airflow/.local/lib/python3.8/site-packages/airflow/example_dags/tutorial.py
[2025-01-18T00:21:11.325+0000] {logging_mixin.py:151} INFO - [2025-01-18T00:21:11.325+0000] {dag.py:2907} INFO - Sync 1 DAGs
[2025-01-18T00:21:11.369+0000] {logging_mixin.py:151} INFO - [2025-01-18T00:21:11.368+0000] {dag.py:3677} INFO - Setting next_dagrun for tutorial to 2025-01-17T00:21:11.366877+00:00, run_after=2025-01-18T00:21:11.366877+00:00
[2025-01-18T00:21:11.404+0000] {processor.py:179} INFO - Processing /home/airflow/.local/lib/python3.8/site-packages/airflow/example_dags/tutorial.py took 0.130 seconds
[2025-01-18T00:32:05.563+0000] {processor.py:157} INFO - Started process (PID=141) to work on /home/airflow/.local/lib/python3.8/site-packages/airflow/example_dags/tutorial.py
[2025-01-18T00:32:05.566+0000] {processor.py:829} INFO - Processing file /home/airflow/.local/lib/python3.8/site-packages/airflow/example_dags/tutorial.py for tasks to queue
[2025-01-18T00:32:05.574+0000] {logging_mixin.py:151} INFO - [2025-01-18T00:32:05.573+0000] {dagbag.py:539} INFO - Filling up the DagBag from /home/airflow/.local/lib/python3.8/site-packages/airflow/example_dags/tutorial.py
[2025-01-18T00:32:05.588+0000] {processor.py:839} INFO - DAG(s) dict_keys(['tutorial']) retrieved from /home/airflow/.local/lib/python3.8/site-packages/airflow/example_dags/tutorial.py
[2025-01-18T00:32:05.639+0000] {logging_mixin.py:151} INFO - [2025-01-18T00:32:05.639+0000] {dag.py:2907} INFO - Sync 1 DAGs
[2025-01-18T00:32:05.688+0000] {logging_mixin.py:151} INFO - [2025-01-18T00:32:05.687+0000] {dag.py:3677} INFO - Setting next_dagrun for tutorial to 2025-01-17T00:32:05.687540+00:00, run_after=2025-01-18T00:32:05.687540+00:00
[2025-01-18T00:32:05.737+0000] {processor.py:179} INFO - Processing /home/airflow/.local/lib/python3.8/site-packages/airflow/example_dags/tutorial.py took 0.181 seconds
[2025-01-18T00:32:35.988+0000] {processor.py:157} INFO - Started process (PID=226) to work on /home/airflow/.local/lib/python3.8/site-packages/airflow/example_dags/tutorial.py
[2025-01-18T00:32:35.991+0000] {processor.py:829} INFO - Processing file /home/airflow/.local/lib/python3.8/site-packages/airflow/example_dags/tutorial.py for tasks to queue
[2025-01-18T00:32:35.997+0000] {logging_mixin.py:151} INFO - [2025-01-18T00:32:35.996+0000] {dagbag.py:539} INFO - Filling up the DagBag from /home/airflow/.local/lib/python3.8/site-packages/airflow/example_dags/tutorial.py
[2025-01-18T00:32:36.014+0000] {processor.py:839} INFO - DAG(s) dict_keys(['tutorial']) retrieved from /home/airflow/.local/lib/python3.8/site-packages/airflow/example_dags/tutorial.py
[2025-01-18T00:32:36.062+0000] {logging_mixin.py:151} INFO - [2025-01-18T00:32:36.062+0000] {dag.py:2907} INFO - Sync 1 DAGs
[2025-01-18T00:32:36.136+0000] {logging_mixin.py:151} INFO - [2025-01-18T00:32:36.135+0000] {dag.py:3677} INFO - Setting next_dagrun for tutorial to 2025-01-17T00:32:36.133296+00:00, run_after=2025-01-18T00:32:36.133296+00:00
[2025-01-18T00:32:36.178+0000] {processor.py:179} INFO - Processing /home/airflow/.local/lib/python3.8/site-packages/airflow/example_dags/tutorial.py took 0.196 seconds
[2025-01-18T00:54:45.258+0000] {processor.py:157} INFO - Started process (PID=121) to work on /home/airflow/.local/lib/python3.8/site-packages/airflow/example_dags/tutorial.py
[2025-01-18T00:54:45.260+0000] {processor.py:829} INFO - Processing file /home/airflow/.local/lib/python3.8/site-packages/airflow/example_dags/tutorial.py for tasks to queue
[2025-01-18T00:54:45.265+0000] {logging_mixin.py:151} INFO - [2025-01-18T00:54:45.264+0000] {dagbag.py:539} INFO - Filling up the DagBag from /home/airflow/.local/lib/python3.8/site-packages/airflow/example_dags/tutorial.py
[2025-01-18T00:54:45.278+0000] {processor.py:839} INFO - DAG(s) dict_keys(['tutorial']) retrieved from /home/airflow/.local/lib/python3.8/site-packages/airflow/example_dags/tutorial.py
[2025-01-18T00:54:45.333+0000] {logging_mixin.py:151} INFO - [2025-01-18T00:54:45.333+0000] {dag.py:2907} INFO - Sync 1 DAGs
[2025-01-18T00:54:45.384+0000] {logging_mixin.py:151} INFO - [2025-01-18T00:54:45.384+0000] {dag.py:3677} INFO - Setting next_dagrun for tutorial to 2025-01-17T00:54:45.383841+00:00, run_after=2025-01-18T00:54:45.383841+00:00
[2025-01-18T00:54:45.419+0000] {processor.py:179} INFO - Processing /home/airflow/.local/lib/python3.8/site-packages/airflow/example_dags/tutorial.py took 0.167 seconds
[2025-01-18T00:55:16.934+0000] {processor.py:157} INFO - Started process (PID=196) to work on /home/airflow/.local/lib/python3.8/site-packages/airflow/example_dags/tutorial.py
[2025-01-18T00:55:16.936+0000] {processor.py:829} INFO - Processing file /home/airflow/.local/lib/python3.8/site-packages/airflow/example_dags/tutorial.py for tasks to queue
[2025-01-18T00:55:16.944+0000] {logging_mixin.py:151} INFO - [2025-01-18T00:55:16.943+0000] {dagbag.py:539} INFO - Filling up the DagBag from /home/airflow/.local/lib/python3.8/site-packages/airflow/example_dags/tutorial.py
[2025-01-18T00:55:16.960+0000] {processor.py:839} INFO - DAG(s) dict_keys(['tutorial']) retrieved from /home/airflow/.local/lib/python3.8/site-packages/airflow/example_dags/tutorial.py
[2025-01-18T00:55:17.022+0000] {logging_mixin.py:151} INFO - [2025-01-18T00:55:17.021+0000] {dag.py:2907} INFO - Sync 1 DAGs
[2025-01-18T00:55:17.075+0000] {logging_mixin.py:151} INFO - [2025-01-18T00:55:17.075+0000] {dag.py:3677} INFO - Setting next_dagrun for tutorial to 2025-01-17T00:55:17.074567+00:00, run_after=2025-01-18T00:55:17.074567+00:00
[2025-01-18T00:55:17.113+0000] {processor.py:179} INFO - Processing /home/airflow/.local/lib/python3.8/site-packages/airflow/example_dags/tutorial.py took 0.188 seconds
[2025-01-18T00:55:48.010+0000] {processor.py:157} INFO - Started process (PID=282) to work on /home/airflow/.local/lib/python3.8/site-packages/airflow/example_dags/tutorial.py
[2025-01-18T00:55:48.011+0000] {processor.py:829} INFO - Processing file /home/airflow/.local/lib/python3.8/site-packages/airflow/example_dags/tutorial.py for tasks to queue
[2025-01-18T00:55:48.014+0000] {logging_mixin.py:151} INFO - [2025-01-18T00:55:48.014+0000] {dagbag.py:539} INFO - Filling up the DagBag from /home/airflow/.local/lib/python3.8/site-packages/airflow/example_dags/tutorial.py
[2025-01-18T00:55:48.027+0000] {processor.py:839} INFO - DAG(s) dict_keys(['tutorial']) retrieved from /home/airflow/.local/lib/python3.8/site-packages/airflow/example_dags/tutorial.py
[2025-01-18T00:55:48.071+0000] {logging_mixin.py:151} INFO - [2025-01-18T00:55:48.071+0000] {dag.py:2907} INFO - Sync 1 DAGs
[2025-01-18T00:55:48.110+0000] {logging_mixin.py:151} INFO - [2025-01-18T00:55:48.110+0000] {dag.py:3677} INFO - Setting next_dagrun for tutorial to 2025-01-17T00:55:48.109654+00:00, run_after=2025-01-18T00:55:48.109654+00:00
[2025-01-18T00:55:48.136+0000] {processor.py:179} INFO - Processing /home/airflow/.local/lib/python3.8/site-packages/airflow/example_dags/tutorial.py took 0.132 seconds
[2025-01-18T00:56:18.223+0000] {processor.py:157} INFO - Started process (PID=361) to work on /home/airflow/.local/lib/python3.8/site-packages/airflow/example_dags/tutorial.py
[2025-01-18T00:56:18.224+0000] {processor.py:829} INFO - Processing file /home/airflow/.local/lib/python3.8/site-packages/airflow/example_dags/tutorial.py for tasks to queue
[2025-01-18T00:56:18.229+0000] {logging_mixin.py:151} INFO - [2025-01-18T00:56:18.228+0000] {dagbag.py:539} INFO - Filling up the DagBag from /home/airflow/.local/lib/python3.8/site-packages/airflow/example_dags/tutorial.py
[2025-01-18T00:56:18.240+0000] {processor.py:839} INFO - DAG(s) dict_keys(['tutorial']) retrieved from /home/airflow/.local/lib/python3.8/site-packages/airflow/example_dags/tutorial.py
[2025-01-18T00:56:18.271+0000] {logging_mixin.py:151} INFO - [2025-01-18T00:56:18.270+0000] {dag.py:2907} INFO - Sync 1 DAGs
[2025-01-18T00:56:18.312+0000] {logging_mixin.py:151} INFO - [2025-01-18T00:56:18.312+0000] {dag.py:3677} INFO - Setting next_dagrun for tutorial to 2025-01-17T00:56:18.311799+00:00, run_after=2025-01-18T00:56:18.311799+00:00
[2025-01-18T00:56:18.344+0000] {processor.py:179} INFO - Processing /home/airflow/.local/lib/python3.8/site-packages/airflow/example_dags/tutorial.py took 0.127 seconds
[2025-01-18T00:56:49.037+0000] {processor.py:157} INFO - Started process (PID=446) to work on /home/airflow/.local/lib/python3.8/site-packages/airflow/example_dags/tutorial.py
[2025-01-18T00:56:49.039+0000] {processor.py:829} INFO - Processing file /home/airflow/.local/lib/python3.8/site-packages/airflow/example_dags/tutorial.py for tasks to queue
[2025-01-18T00:56:49.042+0000] {logging_mixin.py:151} INFO - [2025-01-18T00:56:49.042+0000] {dagbag.py:539} INFO - Filling up the DagBag from /home/airflow/.local/lib/python3.8/site-packages/airflow/example_dags/tutorial.py
[2025-01-18T00:56:49.051+0000] {processor.py:839} INFO - DAG(s) dict_keys(['tutorial']) retrieved from /home/airflow/.local/lib/python3.8/site-packages/airflow/example_dags/tutorial.py
[2025-01-18T00:56:49.080+0000] {logging_mixin.py:151} INFO - [2025-01-18T00:56:49.080+0000] {dag.py:2907} INFO - Sync 1 DAGs
[2025-01-18T00:56:49.111+0000] {logging_mixin.py:151} INFO - [2025-01-18T00:56:49.111+0000] {dag.py:3677} INFO - Setting next_dagrun for tutorial to 2025-01-17T00:56:49.111079+00:00, run_after=2025-01-18T00:56:49.111079+00:00
[2025-01-18T00:56:49.138+0000] {processor.py:179} INFO - Processing /home/airflow/.local/lib/python3.8/site-packages/airflow/example_dags/tutorial.py took 0.106 seconds
[2025-01-18T00:57:19.435+0000] {processor.py:157} INFO - Started process (PID=532) to work on /home/airflow/.local/lib/python3.8/site-packages/airflow/example_dags/tutorial.py
[2025-01-18T00:57:19.437+0000] {processor.py:829} INFO - Processing file /home/airflow/.local/lib/python3.8/site-packages/airflow/example_dags/tutorial.py for tasks to queue
[2025-01-18T00:57:19.441+0000] {logging_mixin.py:151} INFO - [2025-01-18T00:57:19.441+0000] {dagbag.py:539} INFO - Filling up the DagBag from /home/airflow/.local/lib/python3.8/site-packages/airflow/example_dags/tutorial.py
[2025-01-18T00:57:19.451+0000] {processor.py:839} INFO - DAG(s) dict_keys(['tutorial']) retrieved from /home/airflow/.local/lib/python3.8/site-packages/airflow/example_dags/tutorial.py
[2025-01-18T00:57:19.484+0000] {logging_mixin.py:151} INFO - [2025-01-18T00:57:19.484+0000] {dag.py:2907} INFO - Sync 1 DAGs
[2025-01-18T00:57:19.523+0000] {logging_mixin.py:151} INFO - [2025-01-18T00:57:19.523+0000] {dag.py:3677} INFO - Setting next_dagrun for tutorial to 2025-01-17T00:57:19.523012+00:00, run_after=2025-01-18T00:57:19.523012+00:00
[2025-01-18T00:57:19.551+0000] {processor.py:179} INFO - Processing /home/airflow/.local/lib/python3.8/site-packages/airflow/example_dags/tutorial.py took 0.122 seconds
[2025-01-18T00:57:49.835+0000] {processor.py:157} INFO - Started process (PID=606) to work on /home/airflow/.local/lib/python3.8/site-packages/airflow/example_dags/tutorial.py
[2025-01-18T00:57:49.837+0000] {processor.py:829} INFO - Processing file /home/airflow/.local/lib/python3.8/site-packages/airflow/example_dags/tutorial.py for tasks to queue
[2025-01-18T00:57:49.840+0000] {logging_mixin.py:151} INFO - [2025-01-18T00:57:49.840+0000] {dagbag.py:539} INFO - Filling up the DagBag from /home/airflow/.local/lib/python3.8/site-packages/airflow/example_dags/tutorial.py
[2025-01-18T00:57:49.850+0000] {processor.py:839} INFO - DAG(s) dict_keys(['tutorial']) retrieved from /home/airflow/.local/lib/python3.8/site-packages/airflow/example_dags/tutorial.py
[2025-01-18T00:57:49.886+0000] {logging_mixin.py:151} INFO - [2025-01-18T00:57:49.886+0000] {dag.py:2907} INFO - Sync 1 DAGs
[2025-01-18T00:57:49.929+0000] {logging_mixin.py:151} INFO - [2025-01-18T00:57:49.929+0000] {dag.py:3677} INFO - Setting next_dagrun for tutorial to 2025-01-17T00:57:49.928871+00:00, run_after=2025-01-18T00:57:49.928871+00:00
[2025-01-18T00:57:49.958+0000] {processor.py:179} INFO - Processing /home/airflow/.local/lib/python3.8/site-packages/airflow/example_dags/tutorial.py took 0.127 seconds
[2025-01-18T00:58:21.188+0000] {processor.py:157} INFO - Started process (PID=685) to work on /home/airflow/.local/lib/python3.8/site-packages/airflow/example_dags/tutorial.py
[2025-01-18T00:58:21.189+0000] {processor.py:829} INFO - Processing file /home/airflow/.local/lib/python3.8/site-packages/airflow/example_dags/tutorial.py for tasks to queue
[2025-01-18T00:58:21.193+0000] {logging_mixin.py:151} INFO - [2025-01-18T00:58:21.193+0000] {dagbag.py:539} INFO - Filling up the DagBag from /home/airflow/.local/lib/python3.8/site-packages/airflow/example_dags/tutorial.py
[2025-01-18T00:58:21.203+0000] {processor.py:839} INFO - DAG(s) dict_keys(['tutorial']) retrieved from /home/airflow/.local/lib/python3.8/site-packages/airflow/example_dags/tutorial.py
[2025-01-18T00:58:21.232+0000] {logging_mixin.py:151} INFO - [2025-01-18T00:58:21.232+0000] {dag.py:2907} INFO - Sync 1 DAGs
[2025-01-18T00:58:21.265+0000] {logging_mixin.py:151} INFO - [2025-01-18T00:58:21.265+0000] {dag.py:3677} INFO - Setting next_dagrun for tutorial to 2025-01-17T00:58:21.265297+00:00, run_after=2025-01-18T00:58:21.265297+00:00
[2025-01-18T00:58:21.310+0000] {processor.py:179} INFO - Processing /home/airflow/.local/lib/python3.8/site-packages/airflow/example_dags/tutorial.py took 0.127 seconds
[2025-01-18T00:59:05.493+0000] {processor.py:157} INFO - Started process (PID=785) to work on /home/airflow/.local/lib/python3.8/site-packages/airflow/example_dags/tutorial.py
[2025-01-18T00:59:05.496+0000] {processor.py:829} INFO - Processing file /home/airflow/.local/lib/python3.8/site-packages/airflow/example_dags/tutorial.py for tasks to queue
[2025-01-18T00:59:05.502+0000] {logging_mixin.py:151} INFO - [2025-01-18T00:59:05.501+0000] {dagbag.py:539} INFO - Filling up the DagBag from /home/airflow/.local/lib/python3.8/site-packages/airflow/example_dags/tutorial.py
[2025-01-18T00:59:05.556+0000] {processor.py:839} INFO - DAG(s) dict_keys(['tutorial']) retrieved from /home/airflow/.local/lib/python3.8/site-packages/airflow/example_dags/tutorial.py
[2025-01-18T00:59:05.716+0000] {logging_mixin.py:151} INFO - [2025-01-18T00:59:05.714+0000] {dag.py:2907} INFO - Sync 1 DAGs
[2025-01-18T00:59:05.929+0000] {logging_mixin.py:151} INFO - [2025-01-18T00:59:05.928+0000] {dag.py:3677} INFO - Setting next_dagrun for tutorial to 2025-01-17T00:59:05.920731+00:00, run_after=2025-01-18T00:59:05.920731+00:00
[2025-01-18T00:59:06.079+0000] {processor.py:179} INFO - Processing /home/airflow/.local/lib/python3.8/site-packages/airflow/example_dags/tutorial.py took 0.597 seconds
[2025-01-18T00:59:36.308+0000] {processor.py:157} INFO - Started process (PID=863) to work on /home/airflow/.local/lib/python3.8/site-packages/airflow/example_dags/tutorial.py
[2025-01-18T00:59:36.310+0000] {processor.py:829} INFO - Processing file /home/airflow/.local/lib/python3.8/site-packages/airflow/example_dags/tutorial.py for tasks to queue
[2025-01-18T00:59:36.316+0000] {logging_mixin.py:151} INFO - [2025-01-18T00:59:36.315+0000] {dagbag.py:539} INFO - Filling up the DagBag from /home/airflow/.local/lib/python3.8/site-packages/airflow/example_dags/tutorial.py
[2025-01-18T00:59:36.333+0000] {processor.py:839} INFO - DAG(s) dict_keys(['tutorial']) retrieved from /home/airflow/.local/lib/python3.8/site-packages/airflow/example_dags/tutorial.py
[2025-01-18T00:59:36.387+0000] {logging_mixin.py:151} INFO - [2025-01-18T00:59:36.385+0000] {dag.py:2907} INFO - Sync 1 DAGs
[2025-01-18T00:59:36.488+0000] {logging_mixin.py:151} INFO - [2025-01-18T00:59:36.487+0000] {dag.py:3677} INFO - Setting next_dagrun for tutorial to 2025-01-17T00:59:36.487453+00:00, run_after=2025-01-18T00:59:36.487453+00:00
[2025-01-18T00:59:36.526+0000] {processor.py:179} INFO - Processing /home/airflow/.local/lib/python3.8/site-packages/airflow/example_dags/tutorial.py took 0.225 seconds
[2025-01-18T01:00:07.359+0000] {processor.py:157} INFO - Started process (PID=949) to work on /home/airflow/.local/lib/python3.8/site-packages/airflow/example_dags/tutorial.py
[2025-01-18T01:00:07.360+0000] {processor.py:829} INFO - Processing file /home/airflow/.local/lib/python3.8/site-packages/airflow/example_dags/tutorial.py for tasks to queue
[2025-01-18T01:00:07.363+0000] {logging_mixin.py:151} INFO - [2025-01-18T01:00:07.363+0000] {dagbag.py:539} INFO - Filling up the DagBag from /home/airflow/.local/lib/python3.8/site-packages/airflow/example_dags/tutorial.py
[2025-01-18T01:00:07.371+0000] {processor.py:839} INFO - DAG(s) dict_keys(['tutorial']) retrieved from /home/airflow/.local/lib/python3.8/site-packages/airflow/example_dags/tutorial.py
[2025-01-18T01:00:07.395+0000] {logging_mixin.py:151} INFO - [2025-01-18T01:00:07.395+0000] {dag.py:2907} INFO - Sync 1 DAGs
[2025-01-18T01:00:07.427+0000] {logging_mixin.py:151} INFO - [2025-01-18T01:00:07.427+0000] {dag.py:3677} INFO - Setting next_dagrun for tutorial to 2025-01-17T01:00:07.427270+00:00, run_after=2025-01-18T01:00:07.427270+00:00
[2025-01-18T01:00:07.450+0000] {processor.py:179} INFO - Processing /home/airflow/.local/lib/python3.8/site-packages/airflow/example_dags/tutorial.py took 0.094 seconds
[2025-01-18T01:00:37.716+0000] {processor.py:157} INFO - Started process (PID=1024) to work on /home/airflow/.local/lib/python3.8/site-packages/airflow/example_dags/tutorial.py
[2025-01-18T01:00:37.719+0000] {processor.py:829} INFO - Processing file /home/airflow/.local/lib/python3.8/site-packages/airflow/example_dags/tutorial.py for tasks to queue
[2025-01-18T01:00:37.723+0000] {logging_mixin.py:151} INFO - [2025-01-18T01:00:37.722+0000] {dagbag.py:539} INFO - Filling up the DagBag from /home/airflow/.local/lib/python3.8/site-packages/airflow/example_dags/tutorial.py
[2025-01-18T01:00:37.734+0000] {processor.py:839} INFO - DAG(s) dict_keys(['tutorial']) retrieved from /home/airflow/.local/lib/python3.8/site-packages/airflow/example_dags/tutorial.py
[2025-01-18T01:00:37.775+0000] {logging_mixin.py:151} INFO - [2025-01-18T01:00:37.775+0000] {dag.py:2907} INFO - Sync 1 DAGs
[2025-01-18T01:00:37.822+0000] {logging_mixin.py:151} INFO - [2025-01-18T01:00:37.821+0000] {dag.py:3677} INFO - Setting next_dagrun for tutorial to 2025-01-17T01:00:37.820989+00:00, run_after=2025-01-18T01:00:37.820989+00:00
[2025-01-18T01:00:37.860+0000] {processor.py:179} INFO - Processing /home/airflow/.local/lib/python3.8/site-packages/airflow/example_dags/tutorial.py took 0.150 seconds
[2025-01-18T01:01:08.311+0000] {processor.py:157} INFO - Started process (PID=1102) to work on /home/airflow/.local/lib/python3.8/site-packages/airflow/example_dags/tutorial.py
[2025-01-18T01:01:08.312+0000] {processor.py:829} INFO - Processing file /home/airflow/.local/lib/python3.8/site-packages/airflow/example_dags/tutorial.py for tasks to queue
[2025-01-18T01:01:08.314+0000] {logging_mixin.py:151} INFO - [2025-01-18T01:01:08.314+0000] {dagbag.py:539} INFO - Filling up the DagBag from /home/airflow/.local/lib/python3.8/site-packages/airflow/example_dags/tutorial.py
[2025-01-18T01:01:08.320+0000] {processor.py:839} INFO - DAG(s) dict_keys(['tutorial']) retrieved from /home/airflow/.local/lib/python3.8/site-packages/airflow/example_dags/tutorial.py
[2025-01-18T01:01:08.339+0000] {logging_mixin.py:151} INFO - [2025-01-18T01:01:08.339+0000] {dag.py:2907} INFO - Sync 1 DAGs
[2025-01-18T01:01:08.358+0000] {logging_mixin.py:151} INFO - [2025-01-18T01:01:08.358+0000] {dag.py:3677} INFO - Setting next_dagrun for tutorial to 2025-01-17T01:01:08.358418+00:00, run_after=2025-01-18T01:01:08.358418+00:00
[2025-01-18T01:01:08.374+0000] {processor.py:179} INFO - Processing /home/airflow/.local/lib/python3.8/site-packages/airflow/example_dags/tutorial.py took 0.066 seconds
[2025-01-18T01:01:39.263+0000] {processor.py:157} INFO - Started process (PID=1188) to work on /home/airflow/.local/lib/python3.8/site-packages/airflow/example_dags/tutorial.py
[2025-01-18T01:01:39.264+0000] {processor.py:829} INFO - Processing file /home/airflow/.local/lib/python3.8/site-packages/airflow/example_dags/tutorial.py for tasks to queue
[2025-01-18T01:01:39.266+0000] {logging_mixin.py:151} INFO - [2025-01-18T01:01:39.266+0000] {dagbag.py:539} INFO - Filling up the DagBag from /home/airflow/.local/lib/python3.8/site-packages/airflow/example_dags/tutorial.py
[2025-01-18T01:01:39.274+0000] {processor.py:839} INFO - DAG(s) dict_keys(['tutorial']) retrieved from /home/airflow/.local/lib/python3.8/site-packages/airflow/example_dags/tutorial.py
[2025-01-18T01:01:39.297+0000] {logging_mixin.py:151} INFO - [2025-01-18T01:01:39.297+0000] {dag.py:2907} INFO - Sync 1 DAGs
[2025-01-18T01:01:39.322+0000] {logging_mixin.py:151} INFO - [2025-01-18T01:01:39.321+0000] {dag.py:3677} INFO - Setting next_dagrun for tutorial to 2025-01-17T01:01:39.321633+00:00, run_after=2025-01-18T01:01:39.321633+00:00
[2025-01-18T01:01:39.342+0000] {processor.py:179} INFO - Processing /home/airflow/.local/lib/python3.8/site-packages/airflow/example_dags/tutorial.py took 0.083 seconds
[2025-01-18T01:02:09.728+0000] {processor.py:157} INFO - Started process (PID=1275) to work on /home/airflow/.local/lib/python3.8/site-packages/airflow/example_dags/tutorial.py
[2025-01-18T01:02:09.729+0000] {processor.py:829} INFO - Processing file /home/airflow/.local/lib/python3.8/site-packages/airflow/example_dags/tutorial.py for tasks to queue
[2025-01-18T01:02:09.731+0000] {logging_mixin.py:151} INFO - [2025-01-18T01:02:09.731+0000] {dagbag.py:539} INFO - Filling up the DagBag from /home/airflow/.local/lib/python3.8/site-packages/airflow/example_dags/tutorial.py
[2025-01-18T01:02:09.737+0000] {processor.py:839} INFO - DAG(s) dict_keys(['tutorial']) retrieved from /home/airflow/.local/lib/python3.8/site-packages/airflow/example_dags/tutorial.py
[2025-01-18T01:02:09.755+0000] {logging_mixin.py:151} INFO - [2025-01-18T01:02:09.755+0000] {dag.py:2907} INFO - Sync 1 DAGs
[2025-01-18T01:02:09.773+0000] {logging_mixin.py:151} INFO - [2025-01-18T01:02:09.773+0000] {dag.py:3677} INFO - Setting next_dagrun for tutorial to 2025-01-17T01:02:09.773625+00:00, run_after=2025-01-18T01:02:09.773625+00:00
[2025-01-18T01:02:09.790+0000] {processor.py:179} INFO - Processing /home/airflow/.local/lib/python3.8/site-packages/airflow/example_dags/tutorial.py took 0.065 seconds
[2025-01-18T13:40:31.680+0000] {processor.py:157} INFO - Started process (PID=121) to work on /home/airflow/.local/lib/python3.8/site-packages/airflow/example_dags/tutorial.py
[2025-01-18T13:40:31.686+0000] {processor.py:829} INFO - Processing file /home/airflow/.local/lib/python3.8/site-packages/airflow/example_dags/tutorial.py for tasks to queue
[2025-01-18T13:40:31.693+0000] {logging_mixin.py:151} INFO - [2025-01-18T13:40:31.693+0000] {dagbag.py:539} INFO - Filling up the DagBag from /home/airflow/.local/lib/python3.8/site-packages/airflow/example_dags/tutorial.py
[2025-01-18T13:40:31.721+0000] {processor.py:839} INFO - DAG(s) dict_keys(['tutorial']) retrieved from /home/airflow/.local/lib/python3.8/site-packages/airflow/example_dags/tutorial.py
[2025-01-18T13:40:31.805+0000] {logging_mixin.py:151} INFO - [2025-01-18T13:40:31.805+0000] {dag.py:2907} INFO - Sync 1 DAGs
[2025-01-18T13:40:31.917+0000] {logging_mixin.py:151} INFO - [2025-01-18T13:40:31.916+0000] {dag.py:3677} INFO - Setting next_dagrun for tutorial to 2025-01-17T13:40:31.916383+00:00, run_after=2025-01-18T13:40:31.916383+00:00
[2025-01-18T13:40:32.016+0000] {processor.py:179} INFO - Processing /home/airflow/.local/lib/python3.8/site-packages/airflow/example_dags/tutorial.py took 0.345 seconds
[2025-01-18T13:41:02.389+0000] {processor.py:157} INFO - Started process (PID=207) to work on /home/airflow/.local/lib/python3.8/site-packages/airflow/example_dags/tutorial.py
[2025-01-18T13:41:02.391+0000] {processor.py:829} INFO - Processing file /home/airflow/.local/lib/python3.8/site-packages/airflow/example_dags/tutorial.py for tasks to queue
[2025-01-18T13:41:02.395+0000] {logging_mixin.py:151} INFO - [2025-01-18T13:41:02.395+0000] {dagbag.py:539} INFO - Filling up the DagBag from /home/airflow/.local/lib/python3.8/site-packages/airflow/example_dags/tutorial.py
[2025-01-18T13:41:02.408+0000] {processor.py:839} INFO - DAG(s) dict_keys(['tutorial']) retrieved from /home/airflow/.local/lib/python3.8/site-packages/airflow/example_dags/tutorial.py
[2025-01-18T13:41:02.451+0000] {logging_mixin.py:151} INFO - [2025-01-18T13:41:02.451+0000] {dag.py:2907} INFO - Sync 1 DAGs
[2025-01-18T13:41:02.495+0000] {logging_mixin.py:151} INFO - [2025-01-18T13:41:02.495+0000] {dag.py:3677} INFO - Setting next_dagrun for tutorial to 2025-01-17T13:41:02.494947+00:00, run_after=2025-01-18T13:41:02.494947+00:00
[2025-01-18T13:41:02.527+0000] {processor.py:179} INFO - Processing /home/airflow/.local/lib/python3.8/site-packages/airflow/example_dags/tutorial.py took 0.143 seconds
[2025-01-18T13:41:32.959+0000] {processor.py:157} INFO - Started process (PID=283) to work on /home/airflow/.local/lib/python3.8/site-packages/airflow/example_dags/tutorial.py
[2025-01-18T13:41:32.962+0000] {processor.py:829} INFO - Processing file /home/airflow/.local/lib/python3.8/site-packages/airflow/example_dags/tutorial.py for tasks to queue
[2025-01-18T13:41:32.967+0000] {logging_mixin.py:151} INFO - [2025-01-18T13:41:32.966+0000] {dagbag.py:539} INFO - Filling up the DagBag from /home/airflow/.local/lib/python3.8/site-packages/airflow/example_dags/tutorial.py
[2025-01-18T13:41:32.984+0000] {processor.py:839} INFO - DAG(s) dict_keys(['tutorial']) retrieved from /home/airflow/.local/lib/python3.8/site-packages/airflow/example_dags/tutorial.py
[2025-01-18T13:41:33.033+0000] {logging_mixin.py:151} INFO - [2025-01-18T13:41:33.033+0000] {dag.py:2907} INFO - Sync 1 DAGs
[2025-01-18T13:41:33.091+0000] {logging_mixin.py:151} INFO - [2025-01-18T13:41:33.090+0000] {dag.py:3677} INFO - Setting next_dagrun for tutorial to 2025-01-17T13:41:33.090286+00:00, run_after=2025-01-18T13:41:33.090286+00:00
[2025-01-18T13:41:33.138+0000] {processor.py:179} INFO - Processing /home/airflow/.local/lib/python3.8/site-packages/airflow/example_dags/tutorial.py took 0.186 seconds
[2025-01-18T13:42:03.937+0000] {processor.py:157} INFO - Started process (PID=361) to work on /home/airflow/.local/lib/python3.8/site-packages/airflow/example_dags/tutorial.py
[2025-01-18T13:42:03.939+0000] {processor.py:829} INFO - Processing file /home/airflow/.local/lib/python3.8/site-packages/airflow/example_dags/tutorial.py for tasks to queue
[2025-01-18T13:42:03.943+0000] {logging_mixin.py:151} INFO - [2025-01-18T13:42:03.942+0000] {dagbag.py:539} INFO - Filling up the DagBag from /home/airflow/.local/lib/python3.8/site-packages/airflow/example_dags/tutorial.py
[2025-01-18T13:42:03.954+0000] {processor.py:839} INFO - DAG(s) dict_keys(['tutorial']) retrieved from /home/airflow/.local/lib/python3.8/site-packages/airflow/example_dags/tutorial.py
[2025-01-18T13:42:03.996+0000] {logging_mixin.py:151} INFO - [2025-01-18T13:42:03.996+0000] {dag.py:2907} INFO - Sync 1 DAGs
[2025-01-18T13:42:04.062+0000] {logging_mixin.py:151} INFO - [2025-01-18T13:42:04.061+0000] {dag.py:3677} INFO - Setting next_dagrun for tutorial to 2025-01-17T13:42:04.061487+00:00, run_after=2025-01-18T13:42:04.061487+00:00
[2025-01-18T13:42:04.119+0000] {processor.py:179} INFO - Processing /home/airflow/.local/lib/python3.8/site-packages/airflow/example_dags/tutorial.py took 0.187 seconds
[2025-01-18T13:42:34.411+0000] {processor.py:157} INFO - Started process (PID=436) to work on /home/airflow/.local/lib/python3.8/site-packages/airflow/example_dags/tutorial.py
[2025-01-18T13:42:34.413+0000] {processor.py:829} INFO - Processing file /home/airflow/.local/lib/python3.8/site-packages/airflow/example_dags/tutorial.py for tasks to queue
[2025-01-18T13:42:34.420+0000] {logging_mixin.py:151} INFO - [2025-01-18T13:42:34.419+0000] {dagbag.py:539} INFO - Filling up the DagBag from /home/airflow/.local/lib/python3.8/site-packages/airflow/example_dags/tutorial.py
[2025-01-18T13:42:34.437+0000] {processor.py:839} INFO - DAG(s) dict_keys(['tutorial']) retrieved from /home/airflow/.local/lib/python3.8/site-packages/airflow/example_dags/tutorial.py
[2025-01-18T13:42:34.483+0000] {logging_mixin.py:151} INFO - [2025-01-18T13:42:34.483+0000] {dag.py:2907} INFO - Sync 1 DAGs
[2025-01-18T13:42:34.537+0000] {logging_mixin.py:151} INFO - [2025-01-18T13:42:34.537+0000] {dag.py:3677} INFO - Setting next_dagrun for tutorial to 2025-01-17T13:42:34.536807+00:00, run_after=2025-01-18T13:42:34.536807+00:00
[2025-01-18T13:42:34.577+0000] {processor.py:179} INFO - Processing /home/airflow/.local/lib/python3.8/site-packages/airflow/example_dags/tutorial.py took 0.174 seconds
[2025-01-18T13:43:07.824+0000] {processor.py:157} INFO - Started process (PID=514) to work on /home/airflow/.local/lib/python3.8/site-packages/airflow/example_dags/tutorial.py
[2025-01-18T13:43:07.825+0000] {processor.py:829} INFO - Processing file /home/airflow/.local/lib/python3.8/site-packages/airflow/example_dags/tutorial.py for tasks to queue
[2025-01-18T13:43:07.841+0000] {logging_mixin.py:151} INFO - [2025-01-18T13:43:07.840+0000] {dagbag.py:539} INFO - Filling up the DagBag from /home/airflow/.local/lib/python3.8/site-packages/airflow/example_dags/tutorial.py
[2025-01-18T13:43:07.872+0000] {processor.py:839} INFO - DAG(s) dict_keys(['tutorial']) retrieved from /home/airflow/.local/lib/python3.8/site-packages/airflow/example_dags/tutorial.py
[2025-01-18T13:43:08.001+0000] {logging_mixin.py:151} INFO - [2025-01-18T13:43:08.000+0000] {dag.py:2907} INFO - Sync 1 DAGs
[2025-01-18T13:43:08.152+0000] {logging_mixin.py:151} INFO - [2025-01-18T13:43:08.152+0000] {dag.py:3677} INFO - Setting next_dagrun for tutorial to 2025-01-17T13:43:08.151684+00:00, run_after=2025-01-18T13:43:08.151684+00:00
[2025-01-18T13:43:08.253+0000] {processor.py:179} INFO - Processing /home/airflow/.local/lib/python3.8/site-packages/airflow/example_dags/tutorial.py took 0.444 seconds
[2025-01-18T13:43:39.070+0000] {processor.py:157} INFO - Started process (PID=600) to work on /home/airflow/.local/lib/python3.8/site-packages/airflow/example_dags/tutorial.py
[2025-01-18T13:43:39.073+0000] {processor.py:829} INFO - Processing file /home/airflow/.local/lib/python3.8/site-packages/airflow/example_dags/tutorial.py for tasks to queue
[2025-01-18T13:43:39.078+0000] {logging_mixin.py:151} INFO - [2025-01-18T13:43:39.077+0000] {dagbag.py:539} INFO - Filling up the DagBag from /home/airflow/.local/lib/python3.8/site-packages/airflow/example_dags/tutorial.py
[2025-01-18T13:43:39.098+0000] {processor.py:839} INFO - DAG(s) dict_keys(['tutorial']) retrieved from /home/airflow/.local/lib/python3.8/site-packages/airflow/example_dags/tutorial.py
[2025-01-18T13:43:39.157+0000] {logging_mixin.py:151} INFO - [2025-01-18T13:43:39.156+0000] {dag.py:2907} INFO - Sync 1 DAGs
[2025-01-18T13:43:39.220+0000] {logging_mixin.py:151} INFO - [2025-01-18T13:43:39.219+0000] {dag.py:3677} INFO - Setting next_dagrun for tutorial to 2025-01-17T13:43:39.219430+00:00, run_after=2025-01-18T13:43:39.219430+00:00
[2025-01-18T13:43:39.269+0000] {processor.py:179} INFO - Processing /home/airflow/.local/lib/python3.8/site-packages/airflow/example_dags/tutorial.py took 0.213 seconds
[2025-01-18T13:44:09.445+0000] {processor.py:157} INFO - Started process (PID=675) to work on /home/airflow/.local/lib/python3.8/site-packages/airflow/example_dags/tutorial.py
[2025-01-18T13:44:09.447+0000] {processor.py:829} INFO - Processing file /home/airflow/.local/lib/python3.8/site-packages/airflow/example_dags/tutorial.py for tasks to queue
[2025-01-18T13:44:09.450+0000] {logging_mixin.py:151} INFO - [2025-01-18T13:44:09.450+0000] {dagbag.py:539} INFO - Filling up the DagBag from /home/airflow/.local/lib/python3.8/site-packages/airflow/example_dags/tutorial.py
[2025-01-18T13:44:09.461+0000] {processor.py:839} INFO - DAG(s) dict_keys(['tutorial']) retrieved from /home/airflow/.local/lib/python3.8/site-packages/airflow/example_dags/tutorial.py
[2025-01-18T13:44:09.498+0000] {logging_mixin.py:151} INFO - [2025-01-18T13:44:09.498+0000] {dag.py:2907} INFO - Sync 1 DAGs
[2025-01-18T13:44:09.542+0000] {logging_mixin.py:151} INFO - [2025-01-18T13:44:09.541+0000] {dag.py:3677} INFO - Setting next_dagrun for tutorial to 2025-01-17T13:44:09.541621+00:00, run_after=2025-01-18T13:44:09.541621+00:00
[2025-01-18T13:44:09.588+0000] {processor.py:179} INFO - Processing /home/airflow/.local/lib/python3.8/site-packages/airflow/example_dags/tutorial.py took 0.148 seconds
[2025-01-18T13:44:40.501+0000] {processor.py:157} INFO - Started process (PID=761) to work on /home/airflow/.local/lib/python3.8/site-packages/airflow/example_dags/tutorial.py
[2025-01-18T13:44:40.503+0000] {processor.py:829} INFO - Processing file /home/airflow/.local/lib/python3.8/site-packages/airflow/example_dags/tutorial.py for tasks to queue
[2025-01-18T13:44:40.508+0000] {logging_mixin.py:151} INFO - [2025-01-18T13:44:40.507+0000] {dagbag.py:539} INFO - Filling up the DagBag from /home/airflow/.local/lib/python3.8/site-packages/airflow/example_dags/tutorial.py
[2025-01-18T13:44:40.521+0000] {processor.py:839} INFO - DAG(s) dict_keys(['tutorial']) retrieved from /home/airflow/.local/lib/python3.8/site-packages/airflow/example_dags/tutorial.py
[2025-01-18T13:44:40.566+0000] {logging_mixin.py:151} INFO - [2025-01-18T13:44:40.566+0000] {dag.py:2907} INFO - Sync 1 DAGs
[2025-01-18T13:44:40.620+0000] {logging_mixin.py:151} INFO - [2025-01-18T13:44:40.620+0000] {dag.py:3677} INFO - Setting next_dagrun for tutorial to 2025-01-17T13:44:40.619870+00:00, run_after=2025-01-18T13:44:40.619870+00:00
[2025-01-18T13:44:40.653+0000] {processor.py:179} INFO - Processing /home/airflow/.local/lib/python3.8/site-packages/airflow/example_dags/tutorial.py took 0.158 seconds
[2025-01-18T13:45:11.078+0000] {processor.py:157} INFO - Started process (PID=839) to work on /home/airflow/.local/lib/python3.8/site-packages/airflow/example_dags/tutorial.py
[2025-01-18T13:45:11.081+0000] {processor.py:829} INFO - Processing file /home/airflow/.local/lib/python3.8/site-packages/airflow/example_dags/tutorial.py for tasks to queue
[2025-01-18T13:45:11.086+0000] {logging_mixin.py:151} INFO - [2025-01-18T13:45:11.086+0000] {dagbag.py:539} INFO - Filling up the DagBag from /home/airflow/.local/lib/python3.8/site-packages/airflow/example_dags/tutorial.py
[2025-01-18T13:45:11.099+0000] {processor.py:839} INFO - DAG(s) dict_keys(['tutorial']) retrieved from /home/airflow/.local/lib/python3.8/site-packages/airflow/example_dags/tutorial.py
[2025-01-18T13:45:11.145+0000] {logging_mixin.py:151} INFO - [2025-01-18T13:45:11.145+0000] {dag.py:2907} INFO - Sync 1 DAGs
[2025-01-18T13:45:11.201+0000] {logging_mixin.py:151} INFO - [2025-01-18T13:45:11.200+0000] {dag.py:3677} INFO - Setting next_dagrun for tutorial to 2025-01-17T13:45:11.200179+00:00, run_after=2025-01-18T13:45:11.200179+00:00
[2025-01-18T13:45:11.252+0000] {processor.py:179} INFO - Processing /home/airflow/.local/lib/python3.8/site-packages/airflow/example_dags/tutorial.py took 0.181 seconds
[2025-01-18T13:45:41.382+0000] {processor.py:157} INFO - Started process (PID=925) to work on /home/airflow/.local/lib/python3.8/site-packages/airflow/example_dags/tutorial.py
[2025-01-18T13:45:41.383+0000] {processor.py:829} INFO - Processing file /home/airflow/.local/lib/python3.8/site-packages/airflow/example_dags/tutorial.py for tasks to queue
[2025-01-18T13:45:41.387+0000] {logging_mixin.py:151} INFO - [2025-01-18T13:45:41.386+0000] {dagbag.py:539} INFO - Filling up the DagBag from /home/airflow/.local/lib/python3.8/site-packages/airflow/example_dags/tutorial.py
[2025-01-18T13:45:41.399+0000] {processor.py:839} INFO - DAG(s) dict_keys(['tutorial']) retrieved from /home/airflow/.local/lib/python3.8/site-packages/airflow/example_dags/tutorial.py
[2025-01-18T13:45:41.435+0000] {logging_mixin.py:151} INFO - [2025-01-18T13:45:41.435+0000] {dag.py:2907} INFO - Sync 1 DAGs
[2025-01-18T13:45:41.483+0000] {logging_mixin.py:151} INFO - [2025-01-18T13:45:41.483+0000] {dag.py:3677} INFO - Setting next_dagrun for tutorial to 2025-01-17T13:45:41.482815+00:00, run_after=2025-01-18T13:45:41.482815+00:00
[2025-01-18T13:45:41.536+0000] {processor.py:179} INFO - Processing /home/airflow/.local/lib/python3.8/site-packages/airflow/example_dags/tutorial.py took 0.158 seconds
[2025-01-18T13:46:11.650+0000] {processor.py:157} INFO - Started process (PID=1011) to work on /home/airflow/.local/lib/python3.8/site-packages/airflow/example_dags/tutorial.py
[2025-01-18T13:46:11.652+0000] {processor.py:829} INFO - Processing file /home/airflow/.local/lib/python3.8/site-packages/airflow/example_dags/tutorial.py for tasks to queue
[2025-01-18T13:46:11.656+0000] {logging_mixin.py:151} INFO - [2025-01-18T13:46:11.655+0000] {dagbag.py:539} INFO - Filling up the DagBag from /home/airflow/.local/lib/python3.8/site-packages/airflow/example_dags/tutorial.py
[2025-01-18T13:46:11.666+0000] {processor.py:839} INFO - DAG(s) dict_keys(['tutorial']) retrieved from /home/airflow/.local/lib/python3.8/site-packages/airflow/example_dags/tutorial.py
[2025-01-18T13:46:11.695+0000] {logging_mixin.py:151} INFO - [2025-01-18T13:46:11.695+0000] {dag.py:2907} INFO - Sync 1 DAGs
[2025-01-18T13:46:11.722+0000] {logging_mixin.py:151} INFO - [2025-01-18T13:46:11.722+0000] {dag.py:3677} INFO - Setting next_dagrun for tutorial to 2025-01-17T13:46:11.722112+00:00, run_after=2025-01-18T13:46:11.722112+00:00
[2025-01-18T13:46:11.737+0000] {processor.py:179} INFO - Processing /home/airflow/.local/lib/python3.8/site-packages/airflow/example_dags/tutorial.py took 0.091 seconds
[2025-01-18T13:46:41.771+0000] {processor.py:157} INFO - Started process (PID=1097) to work on /home/airflow/.local/lib/python3.8/site-packages/airflow/example_dags/tutorial.py
[2025-01-18T13:46:41.772+0000] {processor.py:829} INFO - Processing file /home/airflow/.local/lib/python3.8/site-packages/airflow/example_dags/tutorial.py for tasks to queue
[2025-01-18T13:46:41.775+0000] {logging_mixin.py:151} INFO - [2025-01-18T13:46:41.775+0000] {dagbag.py:539} INFO - Filling up the DagBag from /home/airflow/.local/lib/python3.8/site-packages/airflow/example_dags/tutorial.py
[2025-01-18T13:46:41.783+0000] {processor.py:839} INFO - DAG(s) dict_keys(['tutorial']) retrieved from /home/airflow/.local/lib/python3.8/site-packages/airflow/example_dags/tutorial.py
[2025-01-18T13:46:41.820+0000] {logging_mixin.py:151} INFO - [2025-01-18T13:46:41.820+0000] {dag.py:2907} INFO - Sync 1 DAGs
[2025-01-18T13:46:41.861+0000] {logging_mixin.py:151} INFO - [2025-01-18T13:46:41.860+0000] {dag.py:3677} INFO - Setting next_dagrun for tutorial to 2025-01-17T13:46:41.860244+00:00, run_after=2025-01-18T13:46:41.860244+00:00
[2025-01-18T13:46:41.897+0000] {processor.py:179} INFO - Processing /home/airflow/.local/lib/python3.8/site-packages/airflow/example_dags/tutorial.py took 0.131 seconds
[2025-01-18T13:47:12.773+0000] {processor.py:157} INFO - Started process (PID=1184) to work on /home/airflow/.local/lib/python3.8/site-packages/airflow/example_dags/tutorial.py
[2025-01-18T13:47:12.774+0000] {processor.py:829} INFO - Processing file /home/airflow/.local/lib/python3.8/site-packages/airflow/example_dags/tutorial.py for tasks to queue
[2025-01-18T13:47:12.776+0000] {logging_mixin.py:151} INFO - [2025-01-18T13:47:12.776+0000] {dagbag.py:539} INFO - Filling up the DagBag from /home/airflow/.local/lib/python3.8/site-packages/airflow/example_dags/tutorial.py
[2025-01-18T13:47:12.783+0000] {processor.py:839} INFO - DAG(s) dict_keys(['tutorial']) retrieved from /home/airflow/.local/lib/python3.8/site-packages/airflow/example_dags/tutorial.py
[2025-01-18T13:47:12.808+0000] {logging_mixin.py:151} INFO - [2025-01-18T13:47:12.808+0000] {dag.py:2907} INFO - Sync 1 DAGs
[2025-01-18T13:47:12.836+0000] {logging_mixin.py:151} INFO - [2025-01-18T13:47:12.836+0000] {dag.py:3677} INFO - Setting next_dagrun for tutorial to 2025-01-17T13:47:12.836357+00:00, run_after=2025-01-18T13:47:12.836357+00:00
[2025-01-18T13:47:12.859+0000] {processor.py:179} INFO - Processing /home/airflow/.local/lib/python3.8/site-packages/airflow/example_dags/tutorial.py took 0.089 seconds
[2025-01-18T13:47:43.211+0000] {processor.py:157} INFO - Started process (PID=1270) to work on /home/airflow/.local/lib/python3.8/site-packages/airflow/example_dags/tutorial.py
[2025-01-18T13:47:43.214+0000] {processor.py:829} INFO - Processing file /home/airflow/.local/lib/python3.8/site-packages/airflow/example_dags/tutorial.py for tasks to queue
[2025-01-18T13:47:43.231+0000] {logging_mixin.py:151} INFO - [2025-01-18T13:47:43.229+0000] {dagbag.py:539} INFO - Filling up the DagBag from /home/airflow/.local/lib/python3.8/site-packages/airflow/example_dags/tutorial.py
[2025-01-18T13:47:43.250+0000] {processor.py:839} INFO - DAG(s) dict_keys(['tutorial']) retrieved from /home/airflow/.local/lib/python3.8/site-packages/airflow/example_dags/tutorial.py
[2025-01-18T13:47:43.317+0000] {logging_mixin.py:151} INFO - [2025-01-18T13:47:43.316+0000] {dag.py:2907} INFO - Sync 1 DAGs
[2025-01-18T13:47:43.383+0000] {logging_mixin.py:151} INFO - [2025-01-18T13:47:43.382+0000] {dag.py:3677} INFO - Setting next_dagrun for tutorial to 2025-01-17T13:47:43.382114+00:00, run_after=2025-01-18T13:47:43.382114+00:00
[2025-01-18T13:47:43.426+0000] {processor.py:179} INFO - Processing /home/airflow/.local/lib/python3.8/site-packages/airflow/example_dags/tutorial.py took 0.221 seconds
[2025-01-18T13:48:14.855+0000] {processor.py:157} INFO - Started process (PID=1345) to work on /home/airflow/.local/lib/python3.8/site-packages/airflow/example_dags/tutorial.py
[2025-01-18T13:48:14.857+0000] {processor.py:829} INFO - Processing file /home/airflow/.local/lib/python3.8/site-packages/airflow/example_dags/tutorial.py for tasks to queue
[2025-01-18T13:48:14.862+0000] {logging_mixin.py:151} INFO - [2025-01-18T13:48:14.861+0000] {dagbag.py:539} INFO - Filling up the DagBag from /home/airflow/.local/lib/python3.8/site-packages/airflow/example_dags/tutorial.py
[2025-01-18T13:48:14.887+0000] {processor.py:839} INFO - DAG(s) dict_keys(['tutorial']) retrieved from /home/airflow/.local/lib/python3.8/site-packages/airflow/example_dags/tutorial.py
[2025-01-18T13:48:14.962+0000] {logging_mixin.py:151} INFO - [2025-01-18T13:48:14.961+0000] {dag.py:2907} INFO - Sync 1 DAGs
[2025-01-18T13:48:15.045+0000] {logging_mixin.py:151} INFO - [2025-01-18T13:48:15.045+0000] {dag.py:3677} INFO - Setting next_dagrun for tutorial to 2025-01-17T13:48:15.044665+00:00, run_after=2025-01-18T13:48:15.044665+00:00
[2025-01-18T13:48:15.099+0000] {processor.py:179} INFO - Processing /home/airflow/.local/lib/python3.8/site-packages/airflow/example_dags/tutorial.py took 0.251 seconds
[2025-01-18T13:48:45.157+0000] {processor.py:157} INFO - Started process (PID=1432) to work on /home/airflow/.local/lib/python3.8/site-packages/airflow/example_dags/tutorial.py
[2025-01-18T13:48:45.158+0000] {processor.py:829} INFO - Processing file /home/airflow/.local/lib/python3.8/site-packages/airflow/example_dags/tutorial.py for tasks to queue
[2025-01-18T13:48:45.162+0000] {logging_mixin.py:151} INFO - [2025-01-18T13:48:45.162+0000] {dagbag.py:539} INFO - Filling up the DagBag from /home/airflow/.local/lib/python3.8/site-packages/airflow/example_dags/tutorial.py
[2025-01-18T13:48:45.174+0000] {processor.py:839} INFO - DAG(s) dict_keys(['tutorial']) retrieved from /home/airflow/.local/lib/python3.8/site-packages/airflow/example_dags/tutorial.py
[2025-01-18T13:48:45.214+0000] {logging_mixin.py:151} INFO - [2025-01-18T13:48:45.214+0000] {dag.py:2907} INFO - Sync 1 DAGs
[2025-01-18T13:48:45.256+0000] {logging_mixin.py:151} INFO - [2025-01-18T13:48:45.256+0000] {dag.py:3677} INFO - Setting next_dagrun for tutorial to 2025-01-17T13:48:45.255697+00:00, run_after=2025-01-18T13:48:45.255697+00:00
[2025-01-18T13:48:45.285+0000] {processor.py:179} INFO - Processing /home/airflow/.local/lib/python3.8/site-packages/airflow/example_dags/tutorial.py took 0.135 seconds
[2025-01-18T13:49:15.477+0000] {processor.py:157} INFO - Started process (PID=1510) to work on /home/airflow/.local/lib/python3.8/site-packages/airflow/example_dags/tutorial.py
[2025-01-18T13:49:15.478+0000] {processor.py:829} INFO - Processing file /home/airflow/.local/lib/python3.8/site-packages/airflow/example_dags/tutorial.py for tasks to queue
[2025-01-18T13:49:15.481+0000] {logging_mixin.py:151} INFO - [2025-01-18T13:49:15.481+0000] {dagbag.py:539} INFO - Filling up the DagBag from /home/airflow/.local/lib/python3.8/site-packages/airflow/example_dags/tutorial.py
[2025-01-18T13:49:15.493+0000] {processor.py:839} INFO - DAG(s) dict_keys(['tutorial']) retrieved from /home/airflow/.local/lib/python3.8/site-packages/airflow/example_dags/tutorial.py
[2025-01-18T13:49:15.529+0000] {logging_mixin.py:151} INFO - [2025-01-18T13:49:15.529+0000] {dag.py:2907} INFO - Sync 1 DAGs
[2025-01-18T13:49:15.574+0000] {logging_mixin.py:151} INFO - [2025-01-18T13:49:15.573+0000] {dag.py:3677} INFO - Setting next_dagrun for tutorial to 2025-01-17T13:49:15.573308+00:00, run_after=2025-01-18T13:49:15.573308+00:00
[2025-01-18T13:49:15.605+0000] {processor.py:179} INFO - Processing /home/airflow/.local/lib/python3.8/site-packages/airflow/example_dags/tutorial.py took 0.133 seconds
[2025-01-18T13:49:46.104+0000] {processor.py:157} INFO - Started process (PID=1596) to work on /home/airflow/.local/lib/python3.8/site-packages/airflow/example_dags/tutorial.py
[2025-01-18T13:49:46.105+0000] {processor.py:829} INFO - Processing file /home/airflow/.local/lib/python3.8/site-packages/airflow/example_dags/tutorial.py for tasks to queue
[2025-01-18T13:49:46.108+0000] {logging_mixin.py:151} INFO - [2025-01-18T13:49:46.108+0000] {dagbag.py:539} INFO - Filling up the DagBag from /home/airflow/.local/lib/python3.8/site-packages/airflow/example_dags/tutorial.py
[2025-01-18T13:49:46.117+0000] {processor.py:839} INFO - DAG(s) dict_keys(['tutorial']) retrieved from /home/airflow/.local/lib/python3.8/site-packages/airflow/example_dags/tutorial.py
[2025-01-18T13:49:46.145+0000] {logging_mixin.py:151} INFO - [2025-01-18T13:49:46.144+0000] {dag.py:2907} INFO - Sync 1 DAGs
[2025-01-18T13:49:46.175+0000] {logging_mixin.py:151} INFO - [2025-01-18T13:49:46.174+0000] {dag.py:3677} INFO - Setting next_dagrun for tutorial to 2025-01-17T13:49:46.174481+00:00, run_after=2025-01-18T13:49:46.174481+00:00
[2025-01-18T13:49:46.202+0000] {processor.py:179} INFO - Processing /home/airflow/.local/lib/python3.8/site-packages/airflow/example_dags/tutorial.py took 0.102 seconds
[2025-01-18T13:50:17.664+0000] {processor.py:157} INFO - Started process (PID=1694) to work on /home/airflow/.local/lib/python3.8/site-packages/airflow/example_dags/tutorial.py
[2025-01-18T13:50:17.666+0000] {processor.py:829} INFO - Processing file /home/airflow/.local/lib/python3.8/site-packages/airflow/example_dags/tutorial.py for tasks to queue
[2025-01-18T13:50:17.671+0000] {logging_mixin.py:151} INFO - [2025-01-18T13:50:17.670+0000] {dagbag.py:539} INFO - Filling up the DagBag from /home/airflow/.local/lib/python3.8/site-packages/airflow/example_dags/tutorial.py
[2025-01-18T13:50:17.685+0000] {processor.py:839} INFO - DAG(s) dict_keys(['tutorial']) retrieved from /home/airflow/.local/lib/python3.8/site-packages/airflow/example_dags/tutorial.py
[2025-01-18T13:50:17.731+0000] {logging_mixin.py:151} INFO - [2025-01-18T13:50:17.730+0000] {dag.py:2907} INFO - Sync 1 DAGs
[2025-01-18T13:50:17.790+0000] {logging_mixin.py:151} INFO - [2025-01-18T13:50:17.789+0000] {dag.py:3677} INFO - Setting next_dagrun for tutorial to 2025-01-17T13:50:17.789479+00:00, run_after=2025-01-18T13:50:17.789479+00:00
[2025-01-18T13:50:17.842+0000] {processor.py:179} INFO - Processing /home/airflow/.local/lib/python3.8/site-packages/airflow/example_dags/tutorial.py took 0.185 seconds
[2025-01-18T13:50:48.721+0000] {processor.py:157} INFO - Started process (PID=1814) to work on /home/airflow/.local/lib/python3.8/site-packages/airflow/example_dags/tutorial.py
[2025-01-18T13:50:48.722+0000] {processor.py:829} INFO - Processing file /home/airflow/.local/lib/python3.8/site-packages/airflow/example_dags/tutorial.py for tasks to queue
[2025-01-18T13:50:48.725+0000] {logging_mixin.py:151} INFO - [2025-01-18T13:50:48.725+0000] {dagbag.py:539} INFO - Filling up the DagBag from /home/airflow/.local/lib/python3.8/site-packages/airflow/example_dags/tutorial.py
[2025-01-18T13:50:48.733+0000] {processor.py:839} INFO - DAG(s) dict_keys(['tutorial']) retrieved from /home/airflow/.local/lib/python3.8/site-packages/airflow/example_dags/tutorial.py
[2025-01-18T13:50:48.763+0000] {logging_mixin.py:151} INFO - [2025-01-18T13:50:48.762+0000] {dag.py:2907} INFO - Sync 1 DAGs
[2025-01-18T13:50:48.791+0000] {logging_mixin.py:151} INFO - [2025-01-18T13:50:48.791+0000] {dag.py:3677} INFO - Setting next_dagrun for tutorial to 2025-01-17T13:50:48.791232+00:00, run_after=2025-01-18T13:50:48.791232+00:00
[2025-01-18T13:50:48.816+0000] {processor.py:179} INFO - Processing /home/airflow/.local/lib/python3.8/site-packages/airflow/example_dags/tutorial.py took 0.099 seconds
[2025-01-18T13:51:19.461+0000] {processor.py:157} INFO - Started process (PID=1900) to work on /home/airflow/.local/lib/python3.8/site-packages/airflow/example_dags/tutorial.py
[2025-01-18T13:51:19.462+0000] {processor.py:829} INFO - Processing file /home/airflow/.local/lib/python3.8/site-packages/airflow/example_dags/tutorial.py for tasks to queue
[2025-01-18T13:51:19.465+0000] {logging_mixin.py:151} INFO - [2025-01-18T13:51:19.465+0000] {dagbag.py:539} INFO - Filling up the DagBag from /home/airflow/.local/lib/python3.8/site-packages/airflow/example_dags/tutorial.py
[2025-01-18T13:51:19.471+0000] {processor.py:839} INFO - DAG(s) dict_keys(['tutorial']) retrieved from /home/airflow/.local/lib/python3.8/site-packages/airflow/example_dags/tutorial.py
[2025-01-18T13:51:19.492+0000] {logging_mixin.py:151} INFO - [2025-01-18T13:51:19.492+0000] {dag.py:2907} INFO - Sync 1 DAGs
[2025-01-18T13:51:19.515+0000] {logging_mixin.py:151} INFO - [2025-01-18T13:51:19.515+0000] {dag.py:3677} INFO - Setting next_dagrun for tutorial to 2025-01-17T13:51:19.515471+00:00, run_after=2025-01-18T13:51:19.515471+00:00
[2025-01-18T13:51:19.532+0000] {processor.py:179} INFO - Processing /home/airflow/.local/lib/python3.8/site-packages/airflow/example_dags/tutorial.py took 0.074 seconds
[2025-01-18T15:08:45.158+0000] {processor.py:157} INFO - Started process (PID=16157) to work on /home/airflow/.local/lib/python3.8/site-packages/airflow/example_dags/tutorial.py
[2025-01-18T15:08:45.159+0000] {processor.py:829} INFO - Processing file /home/airflow/.local/lib/python3.8/site-packages/airflow/example_dags/tutorial.py for tasks to queue
[2025-01-18T15:08:45.161+0000] {logging_mixin.py:151} INFO - [2025-01-18T15:08:45.161+0000] {dagbag.py:539} INFO - Filling up the DagBag from /home/airflow/.local/lib/python3.8/site-packages/airflow/example_dags/tutorial.py
[2025-01-18T15:08:45.168+0000] {processor.py:839} INFO - DAG(s) dict_keys(['tutorial']) retrieved from /home/airflow/.local/lib/python3.8/site-packages/airflow/example_dags/tutorial.py
[2025-01-18T15:08:45.188+0000] {logging_mixin.py:151} INFO - [2025-01-18T15:08:45.188+0000] {dag.py:2907} INFO - Sync 1 DAGs
[2025-01-18T15:08:45.211+0000] {logging_mixin.py:151} INFO - [2025-01-18T15:08:45.210+0000] {dag.py:3677} INFO - Setting next_dagrun for tutorial to 2025-01-17T15:08:45.210710+00:00, run_after=2025-01-18T15:08:45.210710+00:00
[2025-01-18T15:08:45.231+0000] {processor.py:179} INFO - Processing /home/airflow/.local/lib/python3.8/site-packages/airflow/example_dags/tutorial.py took 0.077 seconds
[2025-01-18T15:09:16.005+0000] {processor.py:157} INFO - Started process (PID=16268) to work on /home/airflow/.local/lib/python3.8/site-packages/airflow/example_dags/tutorial.py
[2025-01-18T15:09:16.006+0000] {processor.py:829} INFO - Processing file /home/airflow/.local/lib/python3.8/site-packages/airflow/example_dags/tutorial.py for tasks to queue
[2025-01-18T15:09:16.009+0000] {logging_mixin.py:151} INFO - [2025-01-18T15:09:16.008+0000] {dagbag.py:539} INFO - Filling up the DagBag from /home/airflow/.local/lib/python3.8/site-packages/airflow/example_dags/tutorial.py
[2025-01-18T15:09:16.015+0000] {processor.py:839} INFO - DAG(s) dict_keys(['tutorial']) retrieved from /home/airflow/.local/lib/python3.8/site-packages/airflow/example_dags/tutorial.py
[2025-01-18T15:09:16.046+0000] {logging_mixin.py:151} INFO - [2025-01-18T15:09:16.045+0000] {dag.py:2907} INFO - Sync 1 DAGs
[2025-01-18T15:09:16.091+0000] {logging_mixin.py:151} INFO - [2025-01-18T15:09:16.090+0000] {dag.py:3677} INFO - Setting next_dagrun for tutorial to 2025-01-17T15:09:16.090259+00:00, run_after=2025-01-18T15:09:16.090259+00:00
[2025-01-18T15:09:16.126+0000] {processor.py:179} INFO - Processing /home/airflow/.local/lib/python3.8/site-packages/airflow/example_dags/tutorial.py took 0.125 seconds
