[2024-12-20T00:00:09.513+0000] {taskinstance.py:1083} INFO - Dependencies all met for <TaskInstance: PolygonAPI_to_BigQuery.sync_data_connection_1 scheduled__2024-12-19T00:00:00+00:00 [queued]>
[2024-12-20T00:00:09.554+0000] {taskinstance.py:1083} INFO - Dependencies all met for <TaskInstance: PolygonAPI_to_BigQuery.sync_data_connection_1 scheduled__2024-12-19T00:00:00+00:00 [queued]>
[2024-12-20T00:00:09.555+0000] {taskinstance.py:1279} INFO - 
--------------------------------------------------------------------------------
[2024-12-20T00:00:09.557+0000] {taskinstance.py:1280} INFO - Starting attempt 1 of 2
[2024-12-20T00:00:09.558+0000] {taskinstance.py:1281} INFO - 
--------------------------------------------------------------------------------
[2024-12-20T00:00:09.653+0000] {taskinstance.py:1300} INFO - Executing <Task(AirbyteTriggerSyncOperator): sync_data_connection_1> on 2024-12-19 00:00:00+00:00
[2024-12-20T00:00:09.690+0000] {standard_task_runner.py:55} INFO - Started process 77344 to run task
[2024-12-20T00:00:09.747+0000] {standard_task_runner.py:82} INFO - Running: ['***', 'tasks', 'run', 'PolygonAPI_to_BigQuery', 'sync_data_connection_1', 'scheduled__2024-12-19T00:00:00+00:00', '--job-id', '124', '--raw', '--subdir', 'DAGS_FOLDER/polygon_to_bigquery.py', '--cfg-path', '/tmp/tmp20ucndrf']
[2024-12-20T00:00:09.750+0000] {standard_task_runner.py:83} INFO - Job 124: Subtask sync_data_connection_1
[2024-12-20T00:00:10.094+0000] {task_command.py:388} INFO - Running <TaskInstance: PolygonAPI_to_BigQuery.sync_data_connection_1 scheduled__2024-12-19T00:00:00+00:00 [running]> on host 1b9e534b4855
[2024-12-20T00:00:10.461+0000] {taskinstance.py:1509} INFO - Exporting the following env vars:
AIRFLOW_CTX_DAG_OWNER=***
AIRFLOW_CTX_DAG_ID=PolygonAPI_to_BigQuery
AIRFLOW_CTX_TASK_ID=sync_data_connection_1
AIRFLOW_CTX_EXECUTION_DATE=2024-12-19T00:00:00+00:00
AIRFLOW_CTX_TRY_NUMBER=1
AIRFLOW_CTX_DAG_RUN_ID=scheduled__2024-12-19T00:00:00+00:00
[2024-12-20T00:00:10.502+0000] {base.py:73} INFO - Using connection ID 'airbyte_to_bigquery' for task execution.
[2024-12-20T00:00:17.442+0000] {airbyte.py:77} INFO - Job 102 was submitted to Airbyte Server
[2024-12-20T00:00:17.442+0000] {airbyte.py:79} INFO - Waiting for job 102 to complete
[2024-12-20T00:00:20.453+0000] {base.py:73} INFO - Using connection ID 'airbyte_to_bigquery' for task execution.
[2024-12-20T00:00:23.526+0000] {base.py:73} INFO - Using connection ID 'airbyte_to_bigquery' for task execution.
[2024-12-20T00:00:26.561+0000] {base.py:73} INFO - Using connection ID 'airbyte_to_bigquery' for task execution.
[2024-12-20T00:00:29.596+0000] {base.py:73} INFO - Using connection ID 'airbyte_to_bigquery' for task execution.
[2024-12-20T00:00:32.947+0000] {base.py:73} INFO - Using connection ID 'airbyte_to_bigquery' for task execution.
[2024-12-20T00:00:36.580+0000] {base.py:73} INFO - Using connection ID 'airbyte_to_bigquery' for task execution.
[2024-12-20T00:00:39.799+0000] {base.py:73} INFO - Using connection ID 'airbyte_to_bigquery' for task execution.
[2024-12-20T00:00:42.849+0000] {base.py:73} INFO - Using connection ID 'airbyte_to_bigquery' for task execution.
[2024-12-20T00:00:45.979+0000] {base.py:73} INFO - Using connection ID 'airbyte_to_bigquery' for task execution.
[2024-12-20T00:00:49.095+0000] {base.py:73} INFO - Using connection ID 'airbyte_to_bigquery' for task execution.
[2024-12-20T00:00:52.197+0000] {base.py:73} INFO - Using connection ID 'airbyte_to_bigquery' for task execution.
[2024-12-20T00:00:55.324+0000] {base.py:73} INFO - Using connection ID 'airbyte_to_bigquery' for task execution.
[2024-12-20T00:00:58.469+0000] {base.py:73} INFO - Using connection ID 'airbyte_to_bigquery' for task execution.
[2024-12-20T00:01:01.518+0000] {base.py:73} INFO - Using connection ID 'airbyte_to_bigquery' for task execution.
[2024-12-20T00:01:04.582+0000] {base.py:73} INFO - Using connection ID 'airbyte_to_bigquery' for task execution.
[2024-12-20T00:01:07.623+0000] {base.py:73} INFO - Using connection ID 'airbyte_to_bigquery' for task execution.
[2024-12-20T00:01:10.671+0000] {base.py:73} INFO - Using connection ID 'airbyte_to_bigquery' for task execution.
[2024-12-20T00:01:13.844+0000] {base.py:73} INFO - Using connection ID 'airbyte_to_bigquery' for task execution.
[2024-12-20T00:01:17.050+0000] {base.py:73} INFO - Using connection ID 'airbyte_to_bigquery' for task execution.
[2024-12-20T00:01:20.206+0000] {base.py:73} INFO - Using connection ID 'airbyte_to_bigquery' for task execution.
[2024-12-20T00:01:23.270+0000] {base.py:73} INFO - Using connection ID 'airbyte_to_bigquery' for task execution.
[2024-12-20T00:01:26.324+0000] {base.py:73} INFO - Using connection ID 'airbyte_to_bigquery' for task execution.
[2024-12-20T00:01:29.366+0000] {base.py:73} INFO - Using connection ID 'airbyte_to_bigquery' for task execution.
[2024-12-20T00:01:32.429+0000] {base.py:73} INFO - Using connection ID 'airbyte_to_bigquery' for task execution.
[2024-12-20T00:01:35.493+0000] {base.py:73} INFO - Using connection ID 'airbyte_to_bigquery' for task execution.
[2024-12-20T00:01:38.540+0000] {base.py:73} INFO - Using connection ID 'airbyte_to_bigquery' for task execution.
[2024-12-20T00:01:41.579+0000] {base.py:73} INFO - Using connection ID 'airbyte_to_bigquery' for task execution.
[2024-12-20T00:01:44.619+0000] {base.py:73} INFO - Using connection ID 'airbyte_to_bigquery' for task execution.
[2024-12-20T00:01:47.655+0000] {base.py:73} INFO - Using connection ID 'airbyte_to_bigquery' for task execution.
[2024-12-20T00:01:50.696+0000] {base.py:73} INFO - Using connection ID 'airbyte_to_bigquery' for task execution.
[2024-12-20T00:01:53.726+0000] {base.py:73} INFO - Using connection ID 'airbyte_to_bigquery' for task execution.
[2024-12-20T00:01:56.752+0000] {base.py:73} INFO - Using connection ID 'airbyte_to_bigquery' for task execution.
[2024-12-20T00:01:59.800+0000] {base.py:73} INFO - Using connection ID 'airbyte_to_bigquery' for task execution.
[2024-12-20T00:02:02.896+0000] {base.py:73} INFO - Using connection ID 'airbyte_to_bigquery' for task execution.
[2024-12-20T00:02:05.927+0000] {base.py:73} INFO - Using connection ID 'airbyte_to_bigquery' for task execution.
[2024-12-20T00:02:08.956+0000] {base.py:73} INFO - Using connection ID 'airbyte_to_bigquery' for task execution.
[2024-12-20T00:02:11.986+0000] {base.py:73} INFO - Using connection ID 'airbyte_to_bigquery' for task execution.
[2024-12-20T00:02:15.018+0000] {base.py:73} INFO - Using connection ID 'airbyte_to_bigquery' for task execution.
[2024-12-20T00:02:18.070+0000] {base.py:73} INFO - Using connection ID 'airbyte_to_bigquery' for task execution.
[2024-12-20T00:02:21.231+0000] {base.py:73} INFO - Using connection ID 'airbyte_to_bigquery' for task execution.
[2024-12-20T00:02:21.284+0000] {airbyte.py:81} INFO - Job 102 completed successfully
[2024-12-20T00:02:21.339+0000] {taskinstance.py:1323} INFO - Marking task as SUCCESS. dag_id=PolygonAPI_to_BigQuery, task_id=sync_data_connection_1, execution_date=20241219T000000, start_date=20241220T000009, end_date=20241220T000221
[2024-12-20T00:02:21.414+0000] {local_task_job.py:208} INFO - Task exited with return code 0
[2024-12-20T00:02:21.491+0000] {taskinstance.py:2578} INFO - 0 downstream tasks scheduled from follow-on schedule check
