[2024-12-05T02:00:00.724+0000] {taskinstance.py:1083} INFO - Dependencies all met for <TaskInstance: PolygonAPI_to_BigQuery.sync_polygon_data scheduled__2024-12-05T01:00:00+00:00 [queued]>
[2024-12-05T02:00:00.734+0000] {taskinstance.py:1083} INFO - Dependencies all met for <TaskInstance: PolygonAPI_to_BigQuery.sync_polygon_data scheduled__2024-12-05T01:00:00+00:00 [queued]>
[2024-12-05T02:00:00.735+0000] {taskinstance.py:1279} INFO - 
--------------------------------------------------------------------------------
[2024-12-05T02:00:00.736+0000] {taskinstance.py:1280} INFO - Starting attempt 1 of 2
[2024-12-05T02:00:00.736+0000] {taskinstance.py:1281} INFO - 
--------------------------------------------------------------------------------
[2024-12-05T02:00:00.751+0000] {taskinstance.py:1300} INFO - Executing <Task(AirbyteTriggerSyncOperator): sync_polygon_data> on 2024-12-05 01:00:00+00:00
[2024-12-05T02:00:00.756+0000] {standard_task_runner.py:55} INFO - Started process 33567 to run task
[2024-12-05T02:00:00.759+0000] {standard_task_runner.py:82} INFO - Running: ['***', 'tasks', 'run', 'PolygonAPI_to_BigQuery', 'sync_polygon_data', 'scheduled__2024-12-05T01:00:00+00:00', '--job-id', '66', '--raw', '--subdir', 'DAGS_FOLDER/polygon_to_BigQuery_sync.py', '--cfg-path', '/tmp/tmpw3kjnouq']
[2024-12-05T02:00:00.760+0000] {standard_task_runner.py:83} INFO - Job 66: Subtask sync_polygon_data
[2024-12-05T02:00:00.826+0000] {task_command.py:388} INFO - Running <TaskInstance: PolygonAPI_to_BigQuery.sync_polygon_data scheduled__2024-12-05T01:00:00+00:00 [running]> on host 1b9e534b4855
[2024-12-05T02:00:00.904+0000] {taskinstance.py:1509} INFO - Exporting the following env vars:
AIRFLOW_CTX_DAG_OWNER=***
AIRFLOW_CTX_DAG_ID=PolygonAPI_to_BigQuery
AIRFLOW_CTX_TASK_ID=sync_polygon_data
AIRFLOW_CTX_EXECUTION_DATE=2024-12-05T01:00:00+00:00
AIRFLOW_CTX_TRY_NUMBER=1
AIRFLOW_CTX_DAG_RUN_ID=scheduled__2024-12-05T01:00:00+00:00
[2024-12-05T02:00:00.917+0000] {base.py:73} INFO - Using connection ID 'airbyte_to_bigquery' for task execution.
[2024-12-05T02:00:01.338+0000] {airbyte.py:77} INFO - Job 38 was submitted to Airbyte Server
[2024-12-05T02:00:01.339+0000] {airbyte.py:79} INFO - Waiting for job 38 to complete
[2024-12-05T02:00:04.351+0000] {base.py:73} INFO - Using connection ID 'airbyte_to_bigquery' for task execution.
[2024-12-05T02:00:07.380+0000] {base.py:73} INFO - Using connection ID 'airbyte_to_bigquery' for task execution.
[2024-12-05T02:00:10.406+0000] {base.py:73} INFO - Using connection ID 'airbyte_to_bigquery' for task execution.
[2024-12-05T02:00:13.430+0000] {base.py:73} INFO - Using connection ID 'airbyte_to_bigquery' for task execution.
[2024-12-05T02:00:16.457+0000] {base.py:73} INFO - Using connection ID 'airbyte_to_bigquery' for task execution.
[2024-12-05T02:00:19.484+0000] {base.py:73} INFO - Using connection ID 'airbyte_to_bigquery' for task execution.
[2024-12-05T02:00:22.510+0000] {base.py:73} INFO - Using connection ID 'airbyte_to_bigquery' for task execution.
[2024-12-05T02:00:25.538+0000] {base.py:73} INFO - Using connection ID 'airbyte_to_bigquery' for task execution.
[2024-12-05T02:00:28.567+0000] {base.py:73} INFO - Using connection ID 'airbyte_to_bigquery' for task execution.
[2024-12-05T02:00:31.594+0000] {base.py:73} INFO - Using connection ID 'airbyte_to_bigquery' for task execution.
[2024-12-05T02:00:34.622+0000] {base.py:73} INFO - Using connection ID 'airbyte_to_bigquery' for task execution.
[2024-12-05T02:00:37.648+0000] {base.py:73} INFO - Using connection ID 'airbyte_to_bigquery' for task execution.
[2024-12-05T02:00:40.675+0000] {base.py:73} INFO - Using connection ID 'airbyte_to_bigquery' for task execution.
[2024-12-05T02:00:43.701+0000] {base.py:73} INFO - Using connection ID 'airbyte_to_bigquery' for task execution.
[2024-12-05T02:00:46.731+0000] {base.py:73} INFO - Using connection ID 'airbyte_to_bigquery' for task execution.
[2024-12-05T02:00:46.751+0000] {airbyte.py:81} INFO - Job 38 completed successfully
[2024-12-05T02:00:46.778+0000] {taskinstance.py:1323} INFO - Marking task as SUCCESS. dag_id=PolygonAPI_to_BigQuery, task_id=sync_polygon_data, execution_date=20241205T010000, start_date=20241205T020000, end_date=20241205T020046
[2024-12-05T02:00:46.798+0000] {local_task_job.py:208} INFO - Task exited with return code 0
[2024-12-05T02:00:46.815+0000] {taskinstance.py:2578} INFO - 0 downstream tasks scheduled from follow-on schedule check
