[2024-12-30T15:36:44.781+0000] {taskinstance.py:1083} INFO - Dependencies all met for <TaskInstance: PolygonAPI_to_BigQuery.sync_data_connection_2 scheduled__2024-12-29T00:00:00+00:00 [queued]>
[2024-12-30T15:36:44.797+0000] {taskinstance.py:1083} INFO - Dependencies all met for <TaskInstance: PolygonAPI_to_BigQuery.sync_data_connection_2 scheduled__2024-12-29T00:00:00+00:00 [queued]>
[2024-12-30T15:36:44.798+0000] {taskinstance.py:1279} INFO - 
--------------------------------------------------------------------------------
[2024-12-30T15:36:44.799+0000] {taskinstance.py:1280} INFO - Starting attempt 1 of 2
[2024-12-30T15:36:44.799+0000] {taskinstance.py:1281} INFO - 
--------------------------------------------------------------------------------
[2024-12-30T15:36:44.825+0000] {taskinstance.py:1300} INFO - Executing <Task(AirbyteTriggerSyncOperator): sync_data_connection_2> on 2024-12-29 00:00:00+00:00
[2024-12-30T15:36:44.832+0000] {standard_task_runner.py:55} INFO - Started process 85 to run task
[2024-12-30T15:36:44.839+0000] {standard_task_runner.py:82} INFO - Running: ['***', 'tasks', 'run', 'PolygonAPI_to_BigQuery', 'sync_data_connection_2', 'scheduled__2024-12-29T00:00:00+00:00', '--job-id', '183', '--raw', '--subdir', 'DAGS_FOLDER/polygon_to_bigquery.py', '--cfg-path', '/tmp/tmphu7acomq']
[2024-12-30T15:36:44.841+0000] {standard_task_runner.py:83} INFO - Job 183: Subtask sync_data_connection_2
[2024-12-30T15:36:44.991+0000] {task_command.py:388} INFO - Running <TaskInstance: PolygonAPI_to_BigQuery.sync_data_connection_2 scheduled__2024-12-29T00:00:00+00:00 [running]> on host 1b9e534b4855
[2024-12-30T15:36:45.139+0000] {taskinstance.py:1509} INFO - Exporting the following env vars:
AIRFLOW_CTX_DAG_OWNER=***
AIRFLOW_CTX_DAG_ID=PolygonAPI_to_BigQuery
AIRFLOW_CTX_TASK_ID=sync_data_connection_2
AIRFLOW_CTX_EXECUTION_DATE=2024-12-29T00:00:00+00:00
AIRFLOW_CTX_TRY_NUMBER=1
AIRFLOW_CTX_DAG_RUN_ID=scheduled__2024-12-29T00:00:00+00:00
[2024-12-30T15:36:45.158+0000] {base.py:73} INFO - Using connection ID 'airbyte_to_bigquery' for task execution.
[2024-12-30T15:36:55.681+0000] {airbyte.py:77} INFO - Job 157 was submitted to Airbyte Server
[2024-12-30T15:36:55.682+0000] {airbyte.py:79} INFO - Waiting for job 157 to complete
[2024-12-30T15:36:58.698+0000] {base.py:73} INFO - Using connection ID 'airbyte_to_bigquery' for task execution.
[2024-12-30T15:37:01.827+0000] {base.py:73} INFO - Using connection ID 'airbyte_to_bigquery' for task execution.
[2024-12-30T15:37:04.904+0000] {base.py:73} INFO - Using connection ID 'airbyte_to_bigquery' for task execution.
[2024-12-30T15:37:08.012+0000] {base.py:73} INFO - Using connection ID 'airbyte_to_bigquery' for task execution.
[2024-12-30T15:37:11.216+0000] {base.py:73} INFO - Using connection ID 'airbyte_to_bigquery' for task execution.
[2024-12-30T15:37:14.356+0000] {base.py:73} INFO - Using connection ID 'airbyte_to_bigquery' for task execution.
[2024-12-30T15:37:17.430+0000] {base.py:73} INFO - Using connection ID 'airbyte_to_bigquery' for task execution.
[2024-12-30T15:37:20.786+0000] {base.py:73} INFO - Using connection ID 'airbyte_to_bigquery' for task execution.
[2024-12-30T15:37:24.109+0000] {base.py:73} INFO - Using connection ID 'airbyte_to_bigquery' for task execution.
[2024-12-30T15:37:27.332+0000] {base.py:73} INFO - Using connection ID 'airbyte_to_bigquery' for task execution.
[2024-12-30T15:37:30.441+0000] {base.py:73} INFO - Using connection ID 'airbyte_to_bigquery' for task execution.
[2024-12-30T15:37:33.503+0000] {base.py:73} INFO - Using connection ID 'airbyte_to_bigquery' for task execution.
[2024-12-30T15:37:36.587+0000] {base.py:73} INFO - Using connection ID 'airbyte_to_bigquery' for task execution.
[2024-12-30T15:37:39.677+0000] {base.py:73} INFO - Using connection ID 'airbyte_to_bigquery' for task execution.
[2024-12-30T15:37:42.740+0000] {base.py:73} INFO - Using connection ID 'airbyte_to_bigquery' for task execution.
[2024-12-30T15:37:45.805+0000] {base.py:73} INFO - Using connection ID 'airbyte_to_bigquery' for task execution.
[2024-12-30T15:37:48.921+0000] {base.py:73} INFO - Using connection ID 'airbyte_to_bigquery' for task execution.
[2024-12-30T15:37:52.046+0000] {base.py:73} INFO - Using connection ID 'airbyte_to_bigquery' for task execution.
[2024-12-30T15:37:55.105+0000] {base.py:73} INFO - Using connection ID 'airbyte_to_bigquery' for task execution.
[2024-12-30T15:37:58.151+0000] {base.py:73} INFO - Using connection ID 'airbyte_to_bigquery' for task execution.
[2024-12-30T15:38:01.220+0000] {base.py:73} INFO - Using connection ID 'airbyte_to_bigquery' for task execution.
[2024-12-30T15:38:04.288+0000] {base.py:73} INFO - Using connection ID 'airbyte_to_bigquery' for task execution.
[2024-12-30T15:38:07.448+0000] {base.py:73} INFO - Using connection ID 'airbyte_to_bigquery' for task execution.
[2024-12-30T15:38:10.509+0000] {base.py:73} INFO - Using connection ID 'airbyte_to_bigquery' for task execution.
[2024-12-30T15:38:13.580+0000] {base.py:73} INFO - Using connection ID 'airbyte_to_bigquery' for task execution.
[2024-12-30T15:38:16.666+0000] {base.py:73} INFO - Using connection ID 'airbyte_to_bigquery' for task execution.
[2024-12-30T15:38:19.723+0000] {base.py:73} INFO - Using connection ID 'airbyte_to_bigquery' for task execution.
[2024-12-30T15:38:22.872+0000] {base.py:73} INFO - Using connection ID 'airbyte_to_bigquery' for task execution.
[2024-12-30T15:38:25.926+0000] {base.py:73} INFO - Using connection ID 'airbyte_to_bigquery' for task execution.
[2024-12-30T15:38:28.960+0000] {base.py:73} INFO - Using connection ID 'airbyte_to_bigquery' for task execution.
[2024-12-30T15:38:31.991+0000] {base.py:73} INFO - Using connection ID 'airbyte_to_bigquery' for task execution.
[2024-12-30T15:38:35.021+0000] {base.py:73} INFO - Using connection ID 'airbyte_to_bigquery' for task execution.
[2024-12-30T15:38:38.062+0000] {base.py:73} INFO - Using connection ID 'airbyte_to_bigquery' for task execution.
[2024-12-30T15:38:41.098+0000] {base.py:73} INFO - Using connection ID 'airbyte_to_bigquery' for task execution.
[2024-12-30T15:38:44.129+0000] {base.py:73} INFO - Using connection ID 'airbyte_to_bigquery' for task execution.
[2024-12-30T15:38:47.157+0000] {base.py:73} INFO - Using connection ID 'airbyte_to_bigquery' for task execution.
[2024-12-30T15:38:50.191+0000] {base.py:73} INFO - Using connection ID 'airbyte_to_bigquery' for task execution.
[2024-12-30T15:38:53.239+0000] {base.py:73} INFO - Using connection ID 'airbyte_to_bigquery' for task execution.
[2024-12-30T15:38:56.300+0000] {base.py:73} INFO - Using connection ID 'airbyte_to_bigquery' for task execution.
[2024-12-30T15:38:56.419+0000] {airbyte.py:81} INFO - Job 157 completed successfully
[2024-12-30T15:38:56.470+0000] {taskinstance.py:1323} INFO - Marking task as SUCCESS. dag_id=PolygonAPI_to_BigQuery, task_id=sync_data_connection_2, execution_date=20241229T000000, start_date=20241230T153644, end_date=20241230T153856
[2024-12-30T15:38:56.549+0000] {local_task_job.py:208} INFO - Task exited with return code 0
[2024-12-30T15:38:56.596+0000] {taskinstance.py:2578} INFO - 0 downstream tasks scheduled from follow-on schedule check
