[2025-01-13T02:59:25.479+0000] {taskinstance.py:1159} INFO - Dependencies all met for dep_context=non-requeueable deps ti=<TaskInstance: PolygonAPI_to_BigQuery.sync_data_connection_5 manual__2025-01-13T02:59:22.940216+00:00 [queued]>
[2025-01-13T02:59:25.493+0000] {taskinstance.py:1159} INFO - Dependencies all met for dep_context=requeueable deps ti=<TaskInstance: PolygonAPI_to_BigQuery.sync_data_connection_5 manual__2025-01-13T02:59:22.940216+00:00 [queued]>
[2025-01-13T02:59:25.494+0000] {taskinstance.py:1361} INFO - Starting attempt 1 of 2
[2025-01-13T02:59:25.514+0000] {taskinstance.py:1382} INFO - Executing <Task(AirbyteTriggerSyncOperator): sync_data_connection_5> on 2025-01-13 02:59:22.940216+00:00
[2025-01-13T02:59:25.523+0000] {standard_task_runner.py:57} INFO - Started process 3084 to run task
[2025-01-13T02:59:25.527+0000] {standard_task_runner.py:84} INFO - Running: ['***', 'tasks', 'run', 'PolygonAPI_to_BigQuery', 'sync_data_connection_5', 'manual__2025-01-13T02:59:22.940216+00:00', '--job-id', '338', '--raw', '--subdir', 'DAGS_FOLDER/polygon_to_bigquery.py', '--cfg-path', '/tmp/tmpihbnqr34']
[2025-01-13T02:59:25.532+0000] {standard_task_runner.py:85} INFO - Job 338: Subtask sync_data_connection_5
[2025-01-13T02:59:25.606+0000] {task_command.py:415} INFO - Running <TaskInstance: PolygonAPI_to_BigQuery.sync_data_connection_5 manual__2025-01-13T02:59:22.940216+00:00 [running]> on host 5bdaf9e12d64
[2025-01-13T02:59:25.985+0000] {taskinstance.py:1660} INFO - Exporting env vars: AIRFLOW_CTX_DAG_OWNER='***' AIRFLOW_CTX_DAG_ID='PolygonAPI_to_BigQuery' AIRFLOW_CTX_TASK_ID='sync_data_connection_5' AIRFLOW_CTX_EXECUTION_DATE='2025-01-13T02:59:22.940216+00:00' AIRFLOW_CTX_TRY_NUMBER='1' AIRFLOW_CTX_DAG_RUN_ID='manual__2025-01-13T02:59:22.940216+00:00'
[2025-01-13T02:59:26.039+0000] {base.py:73} INFO - Using connection ID 'airbyte_to_bigquery' for task execution.
[2025-01-13T02:59:26.578+0000] {airbyte.py:95} INFO - Job 322 was submitted to Airbyte Server
[2025-01-13T02:59:26.579+0000] {airbyte.py:97} INFO - Waiting for job 322 to complete
[2025-01-13T02:59:29.598+0000] {base.py:73} INFO - Using connection ID 'airbyte_to_bigquery' for task execution.
[2025-01-13T02:59:32.786+0000] {base.py:73} INFO - Using connection ID 'airbyte_to_bigquery' for task execution.
[2025-01-13T02:59:36.166+0000] {base.py:73} INFO - Using connection ID 'airbyte_to_bigquery' for task execution.
[2025-01-13T02:59:39.287+0000] {base.py:73} INFO - Using connection ID 'airbyte_to_bigquery' for task execution.
[2025-01-13T02:59:42.365+0000] {base.py:73} INFO - Using connection ID 'airbyte_to_bigquery' for task execution.
[2025-01-13T02:59:45.428+0000] {base.py:73} INFO - Using connection ID 'airbyte_to_bigquery' for task execution.
[2025-01-13T02:59:48.503+0000] {base.py:73} INFO - Using connection ID 'airbyte_to_bigquery' for task execution.
[2025-01-13T02:59:51.593+0000] {base.py:73} INFO - Using connection ID 'airbyte_to_bigquery' for task execution.
[2025-01-13T02:59:54.627+0000] {base.py:73} INFO - Using connection ID 'airbyte_to_bigquery' for task execution.
[2025-01-13T02:59:57.714+0000] {base.py:73} INFO - Using connection ID 'airbyte_to_bigquery' for task execution.
[2025-01-13T03:00:00.830+0000] {base.py:73} INFO - Using connection ID 'airbyte_to_bigquery' for task execution.
[2025-01-13T03:00:03.881+0000] {base.py:73} INFO - Using connection ID 'airbyte_to_bigquery' for task execution.
[2025-01-13T03:00:06.916+0000] {base.py:73} INFO - Using connection ID 'airbyte_to_bigquery' for task execution.
[2025-01-13T03:00:09.958+0000] {base.py:73} INFO - Using connection ID 'airbyte_to_bigquery' for task execution.
[2025-01-13T03:00:13.079+0000] {base.py:73} INFO - Using connection ID 'airbyte_to_bigquery' for task execution.
[2025-01-13T03:00:16.123+0000] {base.py:73} INFO - Using connection ID 'airbyte_to_bigquery' for task execution.
[2025-01-13T03:00:19.175+0000] {base.py:73} INFO - Using connection ID 'airbyte_to_bigquery' for task execution.
[2025-01-13T03:00:22.208+0000] {base.py:73} INFO - Using connection ID 'airbyte_to_bigquery' for task execution.
[2025-01-13T03:00:25.241+0000] {base.py:73} INFO - Using connection ID 'airbyte_to_bigquery' for task execution.
[2025-01-13T03:00:28.270+0000] {base.py:73} INFO - Using connection ID 'airbyte_to_bigquery' for task execution.
[2025-01-13T03:00:31.294+0000] {base.py:73} INFO - Using connection ID 'airbyte_to_bigquery' for task execution.
[2025-01-13T03:00:34.322+0000] {base.py:73} INFO - Using connection ID 'airbyte_to_bigquery' for task execution.
[2025-01-13T03:00:37.351+0000] {base.py:73} INFO - Using connection ID 'airbyte_to_bigquery' for task execution.
[2025-01-13T03:00:40.403+0000] {base.py:73} INFO - Using connection ID 'airbyte_to_bigquery' for task execution.
[2025-01-13T03:00:43.463+0000] {base.py:73} INFO - Using connection ID 'airbyte_to_bigquery' for task execution.
[2025-01-13T03:00:46.495+0000] {base.py:73} INFO - Using connection ID 'airbyte_to_bigquery' for task execution.
[2025-01-13T03:00:49.532+0000] {base.py:73} INFO - Using connection ID 'airbyte_to_bigquery' for task execution.
[2025-01-13T03:00:52.560+0000] {base.py:73} INFO - Using connection ID 'airbyte_to_bigquery' for task execution.
[2025-01-13T03:00:55.600+0000] {base.py:73} INFO - Using connection ID 'airbyte_to_bigquery' for task execution.
[2025-01-13T03:00:55.637+0000] {airbyte.py:124} INFO - Job 322 completed successfully
[2025-01-13T03:00:55.690+0000] {taskinstance.py:1400} INFO - Marking task as SUCCESS. dag_id=PolygonAPI_to_BigQuery, task_id=sync_data_connection_5, execution_date=20250113T025922, start_date=20250113T025925, end_date=20250113T030055
[2025-01-13T03:00:55.749+0000] {local_task_job_runner.py:228} INFO - Task exited with return code 0
[2025-01-13T03:00:55.822+0000] {taskinstance.py:2784} INFO - 0 downstream tasks scheduled from follow-on schedule check
