[2025-01-02T13:00:25.834+0000] {taskinstance.py:1083} INFO - Dependencies all met for <TaskInstance: PolygonAPI_to_BigQuery.sync_data_connection_4 scheduled__2025-01-01T00:00:00+00:00 [queued]>
[2025-01-02T13:00:25.875+0000] {taskinstance.py:1083} INFO - Dependencies all met for <TaskInstance: PolygonAPI_to_BigQuery.sync_data_connection_4 scheduled__2025-01-01T00:00:00+00:00 [queued]>
[2025-01-02T13:00:25.880+0000] {taskinstance.py:1279} INFO - 
--------------------------------------------------------------------------------
[2025-01-02T13:00:25.912+0000] {taskinstance.py:1280} INFO - Starting attempt 1 of 2
[2025-01-02T13:00:25.928+0000] {taskinstance.py:1281} INFO - 
--------------------------------------------------------------------------------
[2025-01-02T13:00:26.232+0000] {taskinstance.py:1300} INFO - Executing <Task(AirbyteTriggerSyncOperator): sync_data_connection_4> on 2025-01-01 00:00:00+00:00
[2025-01-02T13:00:26.246+0000] {standard_task_runner.py:55} INFO - Started process 9591 to run task
[2025-01-02T13:00:26.430+0000] {standard_task_runner.py:82} INFO - Running: ['***', 'tasks', 'run', 'PolygonAPI_to_BigQuery', 'sync_data_connection_4', 'scheduled__2025-01-01T00:00:00+00:00', '--job-id', '200', '--raw', '--subdir', 'DAGS_FOLDER/polygon_to_bigquery.py', '--cfg-path', '/tmp/tmpp0imus04']
[2025-01-02T13:00:26.465+0000] {standard_task_runner.py:83} INFO - Job 200: Subtask sync_data_connection_4
[2025-01-02T13:00:27.299+0000] {task_command.py:388} INFO - Running <TaskInstance: PolygonAPI_to_BigQuery.sync_data_connection_4 scheduled__2025-01-01T00:00:00+00:00 [running]> on host 0f59df712969
[2025-01-02T13:00:28.432+0000] {taskinstance.py:1509} INFO - Exporting the following env vars:
AIRFLOW_CTX_DAG_OWNER=***
AIRFLOW_CTX_DAG_ID=PolygonAPI_to_BigQuery
AIRFLOW_CTX_TASK_ID=sync_data_connection_4
AIRFLOW_CTX_EXECUTION_DATE=2025-01-01T00:00:00+00:00
AIRFLOW_CTX_TRY_NUMBER=1
AIRFLOW_CTX_DAG_RUN_ID=scheduled__2025-01-01T00:00:00+00:00
[2025-01-02T13:00:28.619+0000] {base.py:73} INFO - Using connection ID 'airbyte_to_bigquery' for task execution.
[2025-01-02T13:02:07.791+0000] {airbyte.py:77} INFO - Job 173 was submitted to Airbyte Server
[2025-01-02T13:02:07.792+0000] {airbyte.py:79} INFO - Waiting for job 173 to complete
[2025-01-02T13:02:10.809+0000] {base.py:73} INFO - Using connection ID 'airbyte_to_bigquery' for task execution.
[2025-01-02T13:02:13.915+0000] {base.py:73} INFO - Using connection ID 'airbyte_to_bigquery' for task execution.
[2025-01-02T13:02:16.962+0000] {base.py:73} INFO - Using connection ID 'airbyte_to_bigquery' for task execution.
[2025-01-02T13:02:20.014+0000] {base.py:73} INFO - Using connection ID 'airbyte_to_bigquery' for task execution.
[2025-01-02T13:02:23.169+0000] {base.py:73} INFO - Using connection ID 'airbyte_to_bigquery' for task execution.
[2025-01-02T13:02:26.317+0000] {base.py:73} INFO - Using connection ID 'airbyte_to_bigquery' for task execution.
[2025-01-02T13:02:29.367+0000] {base.py:73} INFO - Using connection ID 'airbyte_to_bigquery' for task execution.
[2025-01-02T13:02:32.424+0000] {base.py:73} INFO - Using connection ID 'airbyte_to_bigquery' for task execution.
[2025-01-02T13:02:35.452+0000] {base.py:73} INFO - Using connection ID 'airbyte_to_bigquery' for task execution.
[2025-01-02T13:02:38.480+0000] {base.py:73} INFO - Using connection ID 'airbyte_to_bigquery' for task execution.
[2025-01-02T13:02:41.522+0000] {base.py:73} INFO - Using connection ID 'airbyte_to_bigquery' for task execution.
[2025-01-02T13:02:44.576+0000] {base.py:73} INFO - Using connection ID 'airbyte_to_bigquery' for task execution.
[2025-01-02T13:02:47.617+0000] {base.py:73} INFO - Using connection ID 'airbyte_to_bigquery' for task execution.
[2025-01-02T13:02:50.648+0000] {base.py:73} INFO - Using connection ID 'airbyte_to_bigquery' for task execution.
[2025-01-02T13:02:53.680+0000] {base.py:73} INFO - Using connection ID 'airbyte_to_bigquery' for task execution.
[2025-01-02T13:02:56.719+0000] {base.py:73} INFO - Using connection ID 'airbyte_to_bigquery' for task execution.
[2025-01-02T13:02:59.761+0000] {base.py:73} INFO - Using connection ID 'airbyte_to_bigquery' for task execution.
[2025-01-02T13:03:02.788+0000] {base.py:73} INFO - Using connection ID 'airbyte_to_bigquery' for task execution.
[2025-01-02T13:03:05.818+0000] {base.py:73} INFO - Using connection ID 'airbyte_to_bigquery' for task execution.
[2025-01-02T13:03:08.848+0000] {base.py:73} INFO - Using connection ID 'airbyte_to_bigquery' for task execution.
[2025-01-02T13:03:11.885+0000] {base.py:73} INFO - Using connection ID 'airbyte_to_bigquery' for task execution.
[2025-01-02T13:03:14.923+0000] {base.py:73} INFO - Using connection ID 'airbyte_to_bigquery' for task execution.
[2025-01-02T13:03:17.954+0000] {base.py:73} INFO - Using connection ID 'airbyte_to_bigquery' for task execution.
[2025-01-02T13:03:20.978+0000] {base.py:73} INFO - Using connection ID 'airbyte_to_bigquery' for task execution.
[2025-01-02T13:03:24.006+0000] {base.py:73} INFO - Using connection ID 'airbyte_to_bigquery' for task execution.
[2025-01-02T13:03:27.035+0000] {base.py:73} INFO - Using connection ID 'airbyte_to_bigquery' for task execution.
[2025-01-02T13:03:30.068+0000] {base.py:73} INFO - Using connection ID 'airbyte_to_bigquery' for task execution.
[2025-01-02T13:03:33.097+0000] {base.py:73} INFO - Using connection ID 'airbyte_to_bigquery' for task execution.
[2025-01-02T13:03:33.114+0000] {airbyte.py:81} INFO - Job 173 completed successfully
[2025-01-02T13:03:33.139+0000] {taskinstance.py:1323} INFO - Marking task as SUCCESS. dag_id=PolygonAPI_to_BigQuery, task_id=sync_data_connection_4, execution_date=20250101T000000, start_date=20250102T130025, end_date=20250102T130333
[2025-01-02T13:03:33.158+0000] {local_task_job.py:208} INFO - Task exited with return code 0
[2025-01-02T13:03:33.174+0000] {taskinstance.py:2578} INFO - 0 downstream tasks scheduled from follow-on schedule check
