[2025-01-01T12:59:30.372+0000] {taskinstance.py:1083} INFO - Dependencies all met for <TaskInstance: PolygonAPI_to_BigQuery.sync_data_connection_5 scheduled__2024-12-31T00:00:00+00:00 [queued]>
[2025-01-01T12:59:30.469+0000] {taskinstance.py:1083} INFO - Dependencies all met for <TaskInstance: PolygonAPI_to_BigQuery.sync_data_connection_5 scheduled__2024-12-31T00:00:00+00:00 [queued]>
[2025-01-01T12:59:30.512+0000] {taskinstance.py:1279} INFO - 
--------------------------------------------------------------------------------
[2025-01-01T12:59:30.518+0000] {taskinstance.py:1280} INFO - Starting attempt 1 of 2
[2025-01-01T12:59:30.521+0000] {taskinstance.py:1281} INFO - 
--------------------------------------------------------------------------------
[2025-01-01T12:59:30.922+0000] {taskinstance.py:1300} INFO - Executing <Task(AirbyteTriggerSyncOperator): sync_data_connection_5> on 2024-12-31 00:00:00+00:00
[2025-01-01T12:59:30.968+0000] {standard_task_runner.py:55} INFO - Started process 65503 to run task
[2025-01-01T12:59:30.986+0000] {standard_task_runner.py:82} INFO - Running: ['***', 'tasks', 'run', 'PolygonAPI_to_BigQuery', 'sync_data_connection_5', 'scheduled__2024-12-31T00:00:00+00:00', '--job-id', '191', '--raw', '--subdir', 'DAGS_FOLDER/polygon_to_bigquery.py', '--cfg-path', '/tmp/tmpnjoco6oz']
[2025-01-01T12:59:30.988+0000] {standard_task_runner.py:83} INFO - Job 191: Subtask sync_data_connection_5
[2025-01-01T12:59:31.562+0000] {task_command.py:388} INFO - Running <TaskInstance: PolygonAPI_to_BigQuery.sync_data_connection_5 scheduled__2024-12-31T00:00:00+00:00 [running]> on host 1b9e534b4855
[2025-01-01T12:59:32.423+0000] {taskinstance.py:1509} INFO - Exporting the following env vars:
AIRFLOW_CTX_DAG_OWNER=***
AIRFLOW_CTX_DAG_ID=PolygonAPI_to_BigQuery
AIRFLOW_CTX_TASK_ID=sync_data_connection_5
AIRFLOW_CTX_EXECUTION_DATE=2024-12-31T00:00:00+00:00
AIRFLOW_CTX_TRY_NUMBER=1
AIRFLOW_CTX_DAG_RUN_ID=scheduled__2024-12-31T00:00:00+00:00
[2025-01-01T12:59:32.568+0000] {base.py:73} INFO - Using connection ID 'airbyte_to_bigquery' for task execution.
[2025-01-01T12:59:42.564+0000] {airbyte.py:77} INFO - Job 167 was submitted to Airbyte Server
[2025-01-01T12:59:42.566+0000] {airbyte.py:79} INFO - Waiting for job 167 to complete
[2025-01-01T12:59:45.612+0000] {base.py:73} INFO - Using connection ID 'airbyte_to_bigquery' for task execution.
[2025-01-01T12:59:48.763+0000] {base.py:73} INFO - Using connection ID 'airbyte_to_bigquery' for task execution.
[2025-01-01T12:59:51.962+0000] {base.py:73} INFO - Using connection ID 'airbyte_to_bigquery' for task execution.
[2025-01-01T12:59:55.038+0000] {base.py:73} INFO - Using connection ID 'airbyte_to_bigquery' for task execution.
[2025-01-01T13:00:15.571+0000] {base.py:73} INFO - Using connection ID 'airbyte_to_bigquery' for task execution.
[2025-01-01T13:00:51.859+0000] {base.py:73} INFO - Using connection ID 'airbyte_to_bigquery' for task execution.
[2025-01-01T13:00:54.978+0000] {base.py:73} INFO - Using connection ID 'airbyte_to_bigquery' for task execution.
[2025-01-01T13:00:58.054+0000] {base.py:73} INFO - Using connection ID 'airbyte_to_bigquery' for task execution.
[2025-01-01T13:01:01.169+0000] {base.py:73} INFO - Using connection ID 'airbyte_to_bigquery' for task execution.
[2025-01-01T13:01:04.241+0000] {base.py:73} INFO - Using connection ID 'airbyte_to_bigquery' for task execution.
[2025-01-01T13:01:09.822+0000] {base.py:73} INFO - Using connection ID 'airbyte_to_bigquery' for task execution.
[2025-01-01T13:01:12.900+0000] {base.py:73} INFO - Using connection ID 'airbyte_to_bigquery' for task execution.
[2025-01-01T13:01:16.008+0000] {base.py:73} INFO - Using connection ID 'airbyte_to_bigquery' for task execution.
[2025-01-01T13:01:19.229+0000] {base.py:73} INFO - Using connection ID 'airbyte_to_bigquery' for task execution.
[2025-01-01T13:01:22.272+0000] {base.py:73} INFO - Using connection ID 'airbyte_to_bigquery' for task execution.
[2025-01-01T13:01:25.324+0000] {base.py:73} INFO - Using connection ID 'airbyte_to_bigquery' for task execution.
[2025-01-01T13:01:28.382+0000] {base.py:73} INFO - Using connection ID 'airbyte_to_bigquery' for task execution.
[2025-01-01T13:01:31.450+0000] {base.py:73} INFO - Using connection ID 'airbyte_to_bigquery' for task execution.
[2025-01-01T13:01:34.486+0000] {base.py:73} INFO - Using connection ID 'airbyte_to_bigquery' for task execution.
[2025-01-01T13:01:37.519+0000] {base.py:73} INFO - Using connection ID 'airbyte_to_bigquery' for task execution.
[2025-01-01T13:01:40.549+0000] {base.py:73} INFO - Using connection ID 'airbyte_to_bigquery' for task execution.
[2025-01-01T13:01:43.580+0000] {base.py:73} INFO - Using connection ID 'airbyte_to_bigquery' for task execution.
[2025-01-01T13:01:46.612+0000] {base.py:73} INFO - Using connection ID 'airbyte_to_bigquery' for task execution.
[2025-01-01T13:01:49.644+0000] {base.py:73} INFO - Using connection ID 'airbyte_to_bigquery' for task execution.
[2025-01-01T13:01:52.693+0000] {base.py:73} INFO - Using connection ID 'airbyte_to_bigquery' for task execution.
[2025-01-01T13:01:55.764+0000] {base.py:73} INFO - Using connection ID 'airbyte_to_bigquery' for task execution.
[2025-01-01T13:01:58.857+0000] {base.py:73} INFO - Using connection ID 'airbyte_to_bigquery' for task execution.
[2025-01-01T13:02:01.890+0000] {base.py:73} INFO - Using connection ID 'airbyte_to_bigquery' for task execution.
[2025-01-01T13:02:04.920+0000] {base.py:73} INFO - Using connection ID 'airbyte_to_bigquery' for task execution.
[2025-01-01T13:02:07.957+0000] {base.py:73} INFO - Using connection ID 'airbyte_to_bigquery' for task execution.
[2025-01-01T13:02:10.985+0000] {base.py:73} INFO - Using connection ID 'airbyte_to_bigquery' for task execution.
[2025-01-01T13:02:14.022+0000] {base.py:73} INFO - Using connection ID 'airbyte_to_bigquery' for task execution.
[2025-01-01T13:02:17.059+0000] {base.py:73} INFO - Using connection ID 'airbyte_to_bigquery' for task execution.
[2025-01-01T13:02:20.149+0000] {base.py:73} INFO - Using connection ID 'airbyte_to_bigquery' for task execution.
[2025-01-01T13:02:20.180+0000] {airbyte.py:81} INFO - Job 167 completed successfully
[2025-01-01T13:02:20.221+0000] {taskinstance.py:1323} INFO - Marking task as SUCCESS. dag_id=PolygonAPI_to_BigQuery, task_id=sync_data_connection_5, execution_date=20241231T000000, start_date=20250101T125930, end_date=20250101T130220
[2025-01-01T13:02:20.267+0000] {local_task_job.py:208} INFO - Task exited with return code 0
[2025-01-01T13:02:20.291+0000] {taskinstance.py:2578} INFO - 0 downstream tasks scheduled from follow-on schedule check
