[2025-01-13T02:59:25.491+0000] {taskinstance.py:1159} INFO - Dependencies all met for dep_context=non-requeueable deps ti=<TaskInstance: PolygonAPI_to_BigQuery.sync_data_connection_4 manual__2025-01-13T02:59:22.940216+00:00 [queued]>
[2025-01-13T02:59:25.505+0000] {taskinstance.py:1159} INFO - Dependencies all met for dep_context=requeueable deps ti=<TaskInstance: PolygonAPI_to_BigQuery.sync_data_connection_4 manual__2025-01-13T02:59:22.940216+00:00 [queued]>
[2025-01-13T02:59:25.506+0000] {taskinstance.py:1361} INFO - Starting attempt 1 of 2
[2025-01-13T02:59:25.530+0000] {taskinstance.py:1382} INFO - Executing <Task(AirbyteTriggerSyncOperator): sync_data_connection_4> on 2025-01-13 02:59:22.940216+00:00
[2025-01-13T02:59:25.539+0000] {standard_task_runner.py:57} INFO - Started process 3085 to run task
[2025-01-13T02:59:25.545+0000] {standard_task_runner.py:84} INFO - Running: ['***', 'tasks', 'run', 'PolygonAPI_to_BigQuery', 'sync_data_connection_4', 'manual__2025-01-13T02:59:22.940216+00:00', '--job-id', '339', '--raw', '--subdir', 'DAGS_FOLDER/polygon_to_bigquery.py', '--cfg-path', '/tmp/tmpshqna641']
[2025-01-13T02:59:25.550+0000] {standard_task_runner.py:85} INFO - Job 339: Subtask sync_data_connection_4
[2025-01-13T02:59:25.623+0000] {task_command.py:415} INFO - Running <TaskInstance: PolygonAPI_to_BigQuery.sync_data_connection_4 manual__2025-01-13T02:59:22.940216+00:00 [running]> on host 5bdaf9e12d64
[2025-01-13T02:59:26.161+0000] {taskinstance.py:1660} INFO - Exporting env vars: AIRFLOW_CTX_DAG_OWNER='***' AIRFLOW_CTX_DAG_ID='PolygonAPI_to_BigQuery' AIRFLOW_CTX_TASK_ID='sync_data_connection_4' AIRFLOW_CTX_EXECUTION_DATE='2025-01-13T02:59:22.940216+00:00' AIRFLOW_CTX_TRY_NUMBER='1' AIRFLOW_CTX_DAG_RUN_ID='manual__2025-01-13T02:59:22.940216+00:00'
[2025-01-13T02:59:26.179+0000] {base.py:73} INFO - Using connection ID 'airbyte_to_bigquery' for task execution.
[2025-01-13T02:59:26.819+0000] {airbyte.py:95} INFO - Job 323 was submitted to Airbyte Server
[2025-01-13T02:59:26.820+0000] {airbyte.py:97} INFO - Waiting for job 323 to complete
[2025-01-13T02:59:29.844+0000] {base.py:73} INFO - Using connection ID 'airbyte_to_bigquery' for task execution.
[2025-01-13T02:59:32.965+0000] {base.py:73} INFO - Using connection ID 'airbyte_to_bigquery' for task execution.
[2025-01-13T02:59:36.115+0000] {base.py:73} INFO - Using connection ID 'airbyte_to_bigquery' for task execution.
[2025-01-13T02:59:39.273+0000] {base.py:73} INFO - Using connection ID 'airbyte_to_bigquery' for task execution.
[2025-01-13T02:59:42.340+0000] {base.py:73} INFO - Using connection ID 'airbyte_to_bigquery' for task execution.
[2025-01-13T02:59:45.398+0000] {base.py:73} INFO - Using connection ID 'airbyte_to_bigquery' for task execution.
[2025-01-13T02:59:48.451+0000] {base.py:73} INFO - Using connection ID 'airbyte_to_bigquery' for task execution.
[2025-01-13T02:59:51.537+0000] {base.py:73} INFO - Using connection ID 'airbyte_to_bigquery' for task execution.
[2025-01-13T02:59:54.624+0000] {base.py:73} INFO - Using connection ID 'airbyte_to_bigquery' for task execution.
[2025-01-13T02:59:57.711+0000] {base.py:73} INFO - Using connection ID 'airbyte_to_bigquery' for task execution.
[2025-01-13T03:00:00.826+0000] {base.py:73} INFO - Using connection ID 'airbyte_to_bigquery' for task execution.
[2025-01-13T03:00:03.866+0000] {base.py:73} INFO - Using connection ID 'airbyte_to_bigquery' for task execution.
[2025-01-13T03:00:06.904+0000] {base.py:73} INFO - Using connection ID 'airbyte_to_bigquery' for task execution.
[2025-01-13T03:00:09.954+0000] {base.py:73} INFO - Using connection ID 'airbyte_to_bigquery' for task execution.
[2025-01-13T03:00:13.013+0000] {base.py:73} INFO - Using connection ID 'airbyte_to_bigquery' for task execution.
[2025-01-13T03:00:16.052+0000] {base.py:73} INFO - Using connection ID 'airbyte_to_bigquery' for task execution.
[2025-01-13T03:00:19.093+0000] {base.py:73} INFO - Using connection ID 'airbyte_to_bigquery' for task execution.
[2025-01-13T03:00:22.125+0000] {base.py:73} INFO - Using connection ID 'airbyte_to_bigquery' for task execution.
[2025-01-13T03:00:25.158+0000] {base.py:73} INFO - Using connection ID 'airbyte_to_bigquery' for task execution.
[2025-01-13T03:00:28.195+0000] {base.py:73} INFO - Using connection ID 'airbyte_to_bigquery' for task execution.
[2025-01-13T03:00:31.220+0000] {base.py:73} INFO - Using connection ID 'airbyte_to_bigquery' for task execution.
[2025-01-13T03:00:34.248+0000] {base.py:73} INFO - Using connection ID 'airbyte_to_bigquery' for task execution.
[2025-01-13T03:00:37.281+0000] {base.py:73} INFO - Using connection ID 'airbyte_to_bigquery' for task execution.
[2025-01-13T03:00:40.315+0000] {base.py:73} INFO - Using connection ID 'airbyte_to_bigquery' for task execution.
[2025-01-13T03:00:43.361+0000] {base.py:73} INFO - Using connection ID 'airbyte_to_bigquery' for task execution.
[2025-01-13T03:00:46.382+0000] {base.py:73} INFO - Using connection ID 'airbyte_to_bigquery' for task execution.
[2025-01-13T03:00:49.416+0000] {base.py:73} INFO - Using connection ID 'airbyte_to_bigquery' for task execution.
[2025-01-13T03:00:52.455+0000] {base.py:73} INFO - Using connection ID 'airbyte_to_bigquery' for task execution.
[2025-01-13T03:00:52.485+0000] {airbyte.py:124} INFO - Job 323 completed successfully
[2025-01-13T03:00:52.526+0000] {taskinstance.py:1400} INFO - Marking task as SUCCESS. dag_id=PolygonAPI_to_BigQuery, task_id=sync_data_connection_4, execution_date=20250113T025922, start_date=20250113T025925, end_date=20250113T030052
[2025-01-13T03:00:52.578+0000] {local_task_job_runner.py:228} INFO - Task exited with return code 0
[2025-01-13T03:00:52.644+0000] {taskinstance.py:2784} INFO - 0 downstream tasks scheduled from follow-on schedule check
