[2024-12-04T13:25:24.556+0000] {taskinstance.py:1083} INFO - Dependencies all met for <TaskInstance: PolygonAPI_to_BigQuery.sync_polygon_data scheduled__2024-12-04T12:00:00+00:00 [queued]>
[2024-12-04T13:25:24.567+0000] {taskinstance.py:1083} INFO - Dependencies all met for <TaskInstance: PolygonAPI_to_BigQuery.sync_polygon_data scheduled__2024-12-04T12:00:00+00:00 [queued]>
[2024-12-04T13:25:24.568+0000] {taskinstance.py:1279} INFO - 
--------------------------------------------------------------------------------
[2024-12-04T13:25:24.569+0000] {taskinstance.py:1280} INFO - Starting attempt 2 of 2
[2024-12-04T13:25:24.569+0000] {taskinstance.py:1281} INFO - 
--------------------------------------------------------------------------------
[2024-12-04T13:25:24.588+0000] {taskinstance.py:1300} INFO - Executing <Task(AirbyteTriggerSyncOperator): sync_polygon_data> on 2024-12-04 12:00:00+00:00
[2024-12-04T13:25:24.594+0000] {standard_task_runner.py:55} INFO - Started process 3010 to run task
[2024-12-04T13:25:24.597+0000] {standard_task_runner.py:82} INFO - Running: ['***', 'tasks', 'run', 'PolygonAPI_to_BigQuery', 'sync_polygon_data', 'scheduled__2024-12-04T12:00:00+00:00', '--job-id', '52', '--raw', '--subdir', 'DAGS_FOLDER/polygon_to_BigQuery_sync.py', '--cfg-path', '/tmp/tmpxy_ck7nz']
[2024-12-04T13:25:24.598+0000] {standard_task_runner.py:83} INFO - Job 52: Subtask sync_polygon_data
[2024-12-04T13:25:24.679+0000] {task_command.py:388} INFO - Running <TaskInstance: PolygonAPI_to_BigQuery.sync_polygon_data scheduled__2024-12-04T12:00:00+00:00 [running]> on host 1b9e534b4855
[2024-12-04T13:25:24.767+0000] {taskinstance.py:1509} INFO - Exporting the following env vars:
AIRFLOW_CTX_DAG_OWNER=***
AIRFLOW_CTX_DAG_ID=PolygonAPI_to_BigQuery
AIRFLOW_CTX_TASK_ID=sync_polygon_data
AIRFLOW_CTX_EXECUTION_DATE=2024-12-04T12:00:00+00:00
AIRFLOW_CTX_TRY_NUMBER=2
AIRFLOW_CTX_DAG_RUN_ID=scheduled__2024-12-04T12:00:00+00:00
[2024-12-04T13:25:24.779+0000] {base.py:73} INFO - Using connection ID 'airbyte_to_bigquery' for task execution.
[2024-12-04T13:25:25.247+0000] {airbyte.py:77} INFO - Job 29 was submitted to Airbyte Server
[2024-12-04T13:25:25.248+0000] {airbyte.py:79} INFO - Waiting for job 29 to complete
[2024-12-04T13:25:28.261+0000] {base.py:73} INFO - Using connection ID 'airbyte_to_bigquery' for task execution.
[2024-12-04T13:25:31.309+0000] {base.py:73} INFO - Using connection ID 'airbyte_to_bigquery' for task execution.
[2024-12-04T13:25:34.361+0000] {base.py:73} INFO - Using connection ID 'airbyte_to_bigquery' for task execution.
[2024-12-04T13:25:37.488+0000] {base.py:73} INFO - Using connection ID 'airbyte_to_bigquery' for task execution.
[2024-12-04T13:25:40.514+0000] {base.py:73} INFO - Using connection ID 'airbyte_to_bigquery' for task execution.
[2024-12-04T13:25:43.539+0000] {base.py:73} INFO - Using connection ID 'airbyte_to_bigquery' for task execution.
[2024-12-04T13:25:46.568+0000] {base.py:73} INFO - Using connection ID 'airbyte_to_bigquery' for task execution.
[2024-12-04T13:25:49.598+0000] {base.py:73} INFO - Using connection ID 'airbyte_to_bigquery' for task execution.
[2024-12-04T13:25:52.631+0000] {base.py:73} INFO - Using connection ID 'airbyte_to_bigquery' for task execution.
[2024-12-04T13:25:55.660+0000] {base.py:73} INFO - Using connection ID 'airbyte_to_bigquery' for task execution.
[2024-12-04T13:25:58.690+0000] {base.py:73} INFO - Using connection ID 'airbyte_to_bigquery' for task execution.
[2024-12-04T13:26:01.721+0000] {base.py:73} INFO - Using connection ID 'airbyte_to_bigquery' for task execution.
[2024-12-04T13:26:04.762+0000] {base.py:73} INFO - Using connection ID 'airbyte_to_bigquery' for task execution.
[2024-12-04T13:26:07.790+0000] {base.py:73} INFO - Using connection ID 'airbyte_to_bigquery' for task execution.
[2024-12-04T13:26:10.818+0000] {base.py:73} INFO - Using connection ID 'airbyte_to_bigquery' for task execution.
[2024-12-04T13:26:13.862+0000] {base.py:73} INFO - Using connection ID 'airbyte_to_bigquery' for task execution.
[2024-12-04T13:26:13.886+0000] {airbyte.py:81} INFO - Job 29 completed successfully
[2024-12-04T13:26:13.922+0000] {taskinstance.py:1323} INFO - Marking task as SUCCESS. dag_id=PolygonAPI_to_BigQuery, task_id=sync_polygon_data, execution_date=20241204T120000, start_date=20241204T132524, end_date=20241204T132613
[2024-12-04T13:26:13.972+0000] {local_task_job.py:208} INFO - Task exited with return code 0
[2024-12-04T13:26:13.996+0000] {taskinstance.py:2578} INFO - 0 downstream tasks scheduled from follow-on schedule check
