[2025-01-13T03:18:24.676+0000] {taskinstance.py:1159} INFO - Dependencies all met for dep_context=non-requeueable deps ti=<TaskInstance: PolygonAPI_to_BigQuery.dbt_transformation.stocks.run manual__2025-01-13T03:16:41.980477+00:00 [queued]>
[2025-01-13T03:18:24.685+0000] {taskinstance.py:1159} INFO - Dependencies all met for dep_context=requeueable deps ti=<TaskInstance: PolygonAPI_to_BigQuery.dbt_transformation.stocks.run manual__2025-01-13T03:16:41.980477+00:00 [queued]>
[2025-01-13T03:18:24.686+0000] {taskinstance.py:1361} INFO - Starting attempt 1 of 2
[2025-01-13T03:18:24.700+0000] {taskinstance.py:1382} INFO - Executing <Task(DbtRunLocalOperator): dbt_transformation.stocks.run> on 2025-01-13 03:16:41.980477+00:00
[2025-01-13T03:18:24.707+0000] {standard_task_runner.py:57} INFO - Started process 278 to run task
[2025-01-13T03:18:24.710+0000] {standard_task_runner.py:84} INFO - Running: ['***', 'tasks', 'run', 'PolygonAPI_to_BigQuery', 'dbt_transformation.stocks.run', 'manual__2025-01-13T03:16:41.980477+00:00', '--job-id', '352', '--raw', '--subdir', 'DAGS_FOLDER/polygon_to_bigquery.py', '--cfg-path', '/tmp/tmpp4u2c3gq']
[2025-01-13T03:18:24.714+0000] {standard_task_runner.py:85} INFO - Job 352: Subtask dbt_transformation.stocks.run
[2025-01-13T03:18:24.756+0000] {task_command.py:415} INFO - Running <TaskInstance: PolygonAPI_to_BigQuery.dbt_transformation.stocks.run manual__2025-01-13T03:16:41.980477+00:00 [running]> on host a7a323ab681c
[2025-01-13T03:18:25.021+0000] {taskinstance.py:1660} INFO - Exporting env vars: AIRFLOW_CTX_DAG_OWNER='***' AIRFLOW_CTX_DAG_ID='PolygonAPI_to_BigQuery' AIRFLOW_CTX_TASK_ID='dbt_transformation.stocks.run' AIRFLOW_CTX_EXECUTION_DATE='2025-01-13T03:16:41.980477+00:00' AIRFLOW_CTX_TRY_NUMBER='1' AIRFLOW_CTX_DAG_RUN_ID='manual__2025-01-13T03:16:41.980477+00:00'
[2025-01-13T03:18:27.926+0000] {local.py:220} INFO - dbtRunner is available. Using dbtRunner for invoking dbt.
[2025-01-13T03:18:27.928+0000] {local.py:436} INFO - Cloning project to writable temp directory /tmp/tmpsd3easw5 from /opt/airflow/dbt/dbt_stock_project
[2025-01-13T03:18:27.932+0000] {local.py:447} INFO - Partial parse is enabled and the latest partial parse file is /opt/airflow/dbt/dbt_stock_project/target/partial_parse.msgpack
[2025-01-13T03:18:27.964+0000] {config.py:342} INFO - Using user-supplied profiles.yml at /opt/***/dbt/profiles/profiles.yml
[2025-01-13T03:18:27.965+0000] {local.py:408} INFO - Trying to run dbtRunner with:
 ['run', '--models', 'stocks', '--project-dir', '/tmp/tmpsd3easw5', '--profiles-dir', '/opt/***/dbt/profiles', '--profile', 'default', '--target', 'dev']
 in /tmp/tmpsd3easw5
[2025-01-13T03:18:28.022+0000] {eventmgr.py:60} DEBUG - [0m03:18:28.004328 [debug] [MainThread]: Sending event: {'category': 'dbt', 'action': 'invocation', 'label': 'start', 'context': [<snowplow_tracker.self_describing_json.SelfDescribingJson object at 0x7f2f52ebf130>, <snowplow_tracker.self_describing_json.SelfDescribingJson object at 0x7f2f51e2d8b0>, <snowplow_tracker.self_describing_json.SelfDescribingJson object at 0x7f2f51e2d700>]}
[2025-01-13T03:18:28.023+0000] {logging_mixin.py:151} INFO - 03:18:28  Running with dbt=1.5.11
[2025-01-13T03:18:28.023+0000] {eventmgr.py:62} INFO - [0m03:18:28  Running with dbt=1.5.11
[2025-01-13T03:18:28.024+0000] {eventmgr.py:62} INFO - 

============================== 03:18:28.023193 | 6283038b-670f-4292-8c34-be77862f2226 ==============================
[0m03:18:28.023193 [info ] [MainThread]: Running with dbt=1.5.11
[2025-01-13T03:18:28.026+0000] {eventmgr.py:60} DEBUG - [0m03:18:28.025630 [debug] [MainThread]: running dbt with arguments {'printer_width': '80', 'indirect_selection': 'eager', 'log_cache_events': 'False', 'write_json': 'True', 'partial_parse': 'True', 'cache_selected_only': 'False', 'warn_error': 'None', 'debug': 'False', 'profiles_dir': '/opt/***/dbt/profiles', 'log_path': '/tmp/tmpsd3easw5/logs', 'fail_fast': 'False', 'version_check': 'True', 'use_colors': 'True', 'use_experimental_parser': 'False', 'no_print': 'None', 'quiet': 'False', 'log_format': 'default', 'static_parser': 'True', 'warn_error_options': 'WarnErrorOptions(include=[], exclude=[])', 'introspect': 'True', 'target_path': 'None', 'send_anonymous_usage_stats': 'True'}
[2025-01-13T03:18:29.222+0000] {eventmgr.py:60} DEBUG - [0m03:18:29.222101 [debug] [MainThread]: Sending event: {'category': 'dbt', 'action': 'project_id', 'label': '6283038b-670f-4292-8c34-be77862f2226', 'context': [<snowplow_tracker.self_describing_json.SelfDescribingJson object at 0x7f2f51e2d040>]}
[2025-01-13T03:18:29.275+0000] {eventmgr.py:60} DEBUG - [0m03:18:29.274363 [debug] [MainThread]: Sending event: {'category': 'dbt', 'action': 'adapter_info', 'label': '6283038b-670f-4292-8c34-be77862f2226', 'context': [<snowplow_tracker.self_describing_json.SelfDescribingJson object at 0x7f2f4ff8bc70>]}
[2025-01-13T03:18:29.277+0000] {logging_mixin.py:151} INFO - 03:18:29  Registered adapter: bigquery=1.5.9
[2025-01-13T03:18:29.277+0000] {eventmgr.py:62} INFO - [0m03:18:29  Registered adapter: bigquery=1.5.9
[2025-01-13T03:18:29.278+0000] {eventmgr.py:62} INFO - [0m03:18:29.276747 [info ] [MainThread]: Registered adapter: bigquery=1.5.9
[2025-01-13T03:18:29.311+0000] {eventmgr.py:60} DEBUG - [0m03:18:29.310727 [debug] [MainThread]: checksum: f14fb70d4f628ddd6946249d2976132253e920cfc3d8f34b2f21b58b69b506a6, vars: {}, profile: default, target: dev, version: 1.5.11
[2025-01-13T03:18:29.507+0000] {logging_mixin.py:151} INFO - 03:18:29  Unable to do partial parsing because of a version mismatch
[2025-01-13T03:18:29.507+0000] {eventmgr.py:62} INFO - [0m03:18:29  Unable to do partial parsing because of a version mismatch
[2025-01-13T03:18:29.508+0000] {eventmgr.py:62} INFO - [0m03:18:29.506683 [info ] [MainThread]: Unable to do partial parsing because of a version mismatch
[2025-01-13T03:18:29.509+0000] {eventmgr.py:60} DEBUG - [0m03:18:29.509312 [debug] [MainThread]: Sending event: {'category': 'dbt', 'action': 'partial_parser', 'label': '6283038b-670f-4292-8c34-be77862f2226', 'context': [<snowplow_tracker.self_describing_json.SelfDescribingJson object at 0x7f2f4ffa1130>]}
[2025-01-13T03:18:31.911+0000] {eventmgr.py:60} DEBUG - [0m03:18:31.910657 [debug] [MainThread]: 1699: static parser successfully parsed stocks.sql
[2025-01-13T03:18:32.225+0000] {eventmgr.py:60} DEBUG - [0m03:18:32.224443 [debug] [MainThread]: Sending event: {'category': 'dbt', 'action': 'load_project', 'label': '6283038b-670f-4292-8c34-be77862f2226', 'context': [<snowplow_tracker.self_describing_json.SelfDescribingJson object at 0x7f2f4fd89dc0>]}
[2025-01-13T03:18:32.240+0000] {eventmgr.py:60} DEBUG - [0m03:18:32.240358 [debug] [MainThread]: Sending event: {'category': 'dbt', 'action': 'resource_counts', 'label': '6283038b-670f-4292-8c34-be77862f2226', 'context': [<snowplow_tracker.self_describing_json.SelfDescribingJson object at 0x7f2f4feec820>]}
[2025-01-13T03:18:32.242+0000] {logging_mixin.py:151} INFO - 03:18:32  Found 1 model, 2 tests, 0 snapshots, 0 analyses, 361 macros, 0 operations, 0 seed files, 5 sources, 0 exposures, 0 metrics, 0 groups
[2025-01-13T03:18:32.242+0000] {eventmgr.py:62} INFO - [0m03:18:32  Found 1 model, 2 tests, 0 snapshots, 0 analyses, 361 macros, 0 operations, 0 seed files, 5 sources, 0 exposures, 0 metrics, 0 groups
[2025-01-13T03:18:32.243+0000] {eventmgr.py:62} INFO - [0m03:18:32.242006 [info ] [MainThread]: Found 1 model, 2 tests, 0 snapshots, 0 analyses, 361 macros, 0 operations, 0 seed files, 5 sources, 0 exposures, 0 metrics, 0 groups
[2025-01-13T03:18:32.244+0000] {eventmgr.py:60} DEBUG - [0m03:18:32.244409 [debug] [MainThread]: Sending event: {'category': 'dbt', 'action': 'runnable_timing', 'label': '6283038b-670f-4292-8c34-be77862f2226', 'context': [<snowplow_tracker.self_describing_json.SelfDescribingJson object at 0x7f2f4fd9db20>]}
[2025-01-13T03:18:32.247+0000] {logging_mixin.py:151} INFO - 03:18:32
[2025-01-13T03:18:32.247+0000] {eventmgr.py:62} INFO - [0m03:18:32  
[2025-01-13T03:18:32.248+0000] {eventmgr.py:62} INFO - [0m03:18:32.246881 [info ] [MainThread]: 
[2025-01-13T03:18:32.250+0000] {eventmgr.py:60} DEBUG - [0m03:18:32.250028 [debug] [MainThread]: Acquiring new bigquery connection 'master'
[2025-01-13T03:18:32.255+0000] {eventmgr.py:60} DEBUG - [0m03:18:32.255395 [debug] [ThreadPool]: Acquiring new bigquery connection 'list_stock-market-elt'
[2025-01-13T03:18:32.257+0000] {eventmgr.py:60} DEBUG - [0m03:18:32.256884 [debug] [ThreadPool]: Opening a new connection, currently in state init
[2025-01-13T03:18:33.036+0000] {eventmgr.py:60} DEBUG - [0m03:18:33.035813 [debug] [ThreadPool]: Acquiring new bigquery connection 'list_stock-market-elt_stock_data'
[2025-01-13T03:18:33.037+0000] {eventmgr.py:60} DEBUG - [0m03:18:33.036996 [debug] [ThreadPool]: Opening a new connection, currently in state init
[2025-01-13T03:18:33.794+0000] {eventmgr.py:60} DEBUG - [0m03:18:33.793914 [debug] [MainThread]: Sending event: {'category': 'dbt', 'action': 'runnable_timing', 'label': '6283038b-670f-4292-8c34-be77862f2226', 'context': [<snowplow_tracker.self_describing_json.SelfDescribingJson object at 0x7f2f4fd89ee0>]}
[2025-01-13T03:18:33.796+0000] {logging_mixin.py:151} INFO - 03:18:33  Concurrency: 4 threads (target='dev')
[2025-01-13T03:18:33.795+0000] {eventmgr.py:62} INFO - [0m03:18:33  Concurrency: 4 threads (target='dev')
[2025-01-13T03:18:33.797+0000] {eventmgr.py:62} INFO - [0m03:18:33.795645 [info ] [MainThread]: Concurrency: 4 threads (target='dev')
[2025-01-13T03:18:33.798+0000] {logging_mixin.py:151} INFO - 03:18:33
[2025-01-13T03:18:33.797+0000] {eventmgr.py:62} INFO - [0m03:18:33  
[2025-01-13T03:18:33.799+0000] {eventmgr.py:62} INFO - [0m03:18:33.797678 [info ] [MainThread]: 
[2025-01-13T03:18:33.802+0000] {eventmgr.py:60} DEBUG - [0m03:18:33.802545 [debug] [Thread-1  ]: Began running node model.dbt_stock_project.stocks
[2025-01-13T03:18:33.804+0000] {logging_mixin.py:151} INFO - 03:18:33  1 of 1 START sql table model stock_data.stocks ................................. [RUN]
[2025-01-13T03:18:33.804+0000] {eventmgr.py:62} INFO - [0m03:18:33  1 of 1 START sql table model stock_data.stocks ................................. [RUN]
[2025-01-13T03:18:33.805+0000] {eventmgr.py:62} INFO - [0m03:18:33.803831 [info ] [Thread-1  ]: 1 of 1 START sql table model stock_data.stocks ................................. [RUN]
[2025-01-13T03:18:33.806+0000] {eventmgr.py:60} DEBUG - [0m03:18:33.806249 [debug] [Thread-1  ]: Re-using an available connection from the pool (formerly list_stock-market-elt_stock_data, now model.dbt_stock_project.stocks)
[2025-01-13T03:18:33.807+0000] {eventmgr.py:60} DEBUG - [0m03:18:33.807121 [debug] [Thread-1  ]: Began compiling node model.dbt_stock_project.stocks
[2025-01-13T03:18:33.821+0000] {eventmgr.py:60} DEBUG - [0m03:18:33.821430 [debug] [Thread-1  ]: Writing injected SQL for node "model.dbt_stock_project.stocks"
[2025-01-13T03:18:33.823+0000] {eventmgr.py:60} DEBUG - [0m03:18:33.823222 [debug] [Thread-1  ]: Timing info for model.dbt_stock_project.stocks (compile): 03:18:33.807889 => 03:18:33.822915
[2025-01-13T03:18:33.824+0000] {eventmgr.py:60} DEBUG - [0m03:18:33.824235 [debug] [Thread-1  ]: Began executing node model.dbt_stock_project.stocks
[2025-01-13T03:18:33.848+0000] {eventmgr.py:60} DEBUG - [0m03:18:33.848060 [debug] [Thread-1  ]: Opening a new connection, currently in state closed
[2025-01-13T03:18:34.622+0000] {eventmgr.py:60} DEBUG - [0m03:18:34.621654 [debug] [Thread-1  ]: Writing runtime sql for node "model.dbt_stock_project.stocks"
[2025-01-13T03:18:34.624+0000] {eventmgr.py:60} DEBUG - [0m03:18:34.624037 [debug] [Thread-1  ]: On model.dbt_stock_project.stocks: /* {"app": "dbt", "dbt_version": "1.5.11", "profile_name": "default", "target_name": "dev", "node_id": "model.dbt_stock_project.stocks"} */

  
    

    create or replace table `stock-market-elt`.`stock_data`.`stocks`
    
    

    OPTIONS()
    as (
      -- This code combines stock data from multiple sources into a single table
WITH combined AS (
    
    SELECT T AS symbol, TIMESTAMP_SECONDS(CAST(t_1 / 1000 AS INT64)) AS date, o AS open, c AS close, h AS high, l AS low, CAST(v AS int) AS volume, vw AS volume_average, CAST(n AS int) AS number_of_transactions
    FROM `stock-market-elt`.`stock_data`.`airbnb_stock_data_results`
    UNION ALL
    SELECT T AS symbol, TIMESTAMP_SECONDS(CAST(t_1 / 1000 AS INT64)) AS date, o AS open, c AS close, h AS high, l AS low, CAST(v AS int) AS volume, vw AS volume_average, CAST(n AS int) AS number_of_transactions
    FROM `stock-market-elt`.`stock_data`.`booking_stock_data_results`
    UNION ALL
    SELECT T AS symbol, TIMESTAMP_SECONDS(CAST(t_1 / 1000 AS INT64)) AS date, o AS open, c AS close, h AS high, l AS low, CAST(v AS int) AS volume, vw AS volume_average, CAST(n AS int) AS number_of_transactions
    FROM `stock-market-elt`.`stock_data`.`expedia_stock_data_results`
    UNION ALL
    SELECT T AS symbol, TIMESTAMP_SECONDS(CAST(t_1 / 1000 AS INT64)) AS date, o AS open, c AS close, h AS high, l AS low, CAST(v AS int) AS volume, vw AS volume_average, CAST(n AS int) AS number_of_transactions
    FROM `stock-market-elt`.`stock_data`.`trip_com_stock_data_results`
    UNION ALL
    SELECT T AS symbol, TIMESTAMP_SECONDS(CAST(t_1 / 1000 AS INT64)) AS date, o AS open, c AS close, h AS high, l AS low, CAST(v AS int) AS volume, vw AS volume_average, CAST(n AS int) AS number_of_transactions
    FROM `stock-market-elt`.`stock_data`.`tripadvisor_stock_data_results`
)

SELECT DISTINCT * FROM combined 
ORDER BY symbol, date
    );
  
[2025-01-13T03:18:37.902+0000] {eventmgr.py:60} DEBUG - [0m03:18:37.901957 [debug] [Thread-1  ]: BigQuery adapter: https://console.cloud.google.com/bigquery?project=stock-market-elt&j=bq:US:ba5dc484-7ac1-4818-ada2-7aa89bd78dfe&page=queryresults
[2025-01-13T03:18:37.929+0000] {eventmgr.py:60} DEBUG - [0m03:18:37.928744 [debug] [Thread-1  ]: Timing info for model.dbt_stock_project.stocks (execute): 03:18:33.825053 => 03:18:37.928432
[2025-01-13T03:18:37.930+0000] {eventmgr.py:60} DEBUG - [0m03:18:37.930364 [debug] [Thread-1  ]: Sending event: {'category': 'dbt', 'action': 'run_model', 'label': '6283038b-670f-4292-8c34-be77862f2226', 'context': [<snowplow_tracker.self_describing_json.SelfDescribingJson object at 0x7f2f4eca21c0>]}
[2025-01-13T03:18:37.932+0000] {logging_mixin.py:151} INFO - 03:18:37  1 of 1 OK created sql table model stock_data.stocks ............................ [CREATE TABLE (121.0 rows, 14.4 KiB processed) in 4.12s]
[2025-01-13T03:18:37.932+0000] {eventmgr.py:62} INFO - [0m03:18:37  1 of 1 OK created sql table model stock_data.stocks ............................ [[32mCREATE TABLE (121.0 rows, 14.4 KiB processed)[0m in 4.12s]
[2025-01-13T03:18:37.933+0000] {eventmgr.py:62} INFO - [0m03:18:37.931775 [info ] [Thread-1  ]: 1 of 1 OK created sql table model stock_data.stocks ............................ [[32mCREATE TABLE (121.0 rows, 14.4 KiB processed)[0m in 4.12s]
[2025-01-13T03:18:37.934+0000] {eventmgr.py:60} DEBUG - [0m03:18:37.934574 [debug] [Thread-1  ]: Finished running node model.dbt_stock_project.stocks
[2025-01-13T03:18:37.938+0000] {eventmgr.py:60} DEBUG - [0m03:18:37.938039 [debug] [MainThread]: Connection 'master' was properly closed.
[2025-01-13T03:18:37.939+0000] {eventmgr.py:60} DEBUG - [0m03:18:37.939274 [debug] [MainThread]: Connection 'list_stock-market-elt' was properly closed.
[2025-01-13T03:18:37.940+0000] {eventmgr.py:60} DEBUG - [0m03:18:37.940273 [debug] [MainThread]: Connection 'model.dbt_stock_project.stocks' was properly closed.
[2025-01-13T03:18:37.941+0000] {logging_mixin.py:151} INFO - 03:18:37
[2025-01-13T03:18:37.941+0000] {eventmgr.py:62} INFO - [0m03:18:37  
[2025-01-13T03:18:37.943+0000] {eventmgr.py:62} INFO - [0m03:18:37.941347 [info ] [MainThread]: 
[2025-01-13T03:18:37.944+0000] {logging_mixin.py:151} INFO - 03:18:37  Finished running 1 table model in 0 hours 0 minutes and 5.69 seconds (5.69s).
[2025-01-13T03:18:37.944+0000] {eventmgr.py:62} INFO - [0m03:18:37  Finished running 1 table model in 0 hours 0 minutes and 5.69 seconds (5.69s).
[2025-01-13T03:18:37.945+0000] {eventmgr.py:62} INFO - [0m03:18:37.943770 [info ] [MainThread]: Finished running 1 table model in 0 hours 0 minutes and 5.69 seconds (5.69s).
[2025-01-13T03:18:37.946+0000] {eventmgr.py:60} DEBUG - [0m03:18:37.946577 [debug] [MainThread]: Command end result
[2025-01-13T03:18:37.957+0000] {logging_mixin.py:151} INFO - 03:18:37
[2025-01-13T03:18:37.957+0000] {eventmgr.py:62} INFO - [0m03:18:37  
[2025-01-13T03:18:37.959+0000] {eventmgr.py:62} INFO - [0m03:18:37.957141 [info ] [MainThread]: 
[2025-01-13T03:18:37.960+0000] {logging_mixin.py:151} INFO - 03:18:37  Completed successfully
[2025-01-13T03:18:37.960+0000] {eventmgr.py:62} INFO - [0m03:18:37  [32mCompleted successfully[0m
[2025-01-13T03:18:37.961+0000] {eventmgr.py:62} INFO - [0m03:18:37.959773 [info ] [MainThread]: [32mCompleted successfully[0m
[2025-01-13T03:18:37.962+0000] {logging_mixin.py:151} INFO - 03:18:37
[2025-01-13T03:18:37.962+0000] {eventmgr.py:62} INFO - [0m03:18:37  
[2025-01-13T03:18:37.963+0000] {eventmgr.py:62} INFO - [0m03:18:37.962128 [info ] [MainThread]: 
[2025-01-13T03:18:37.964+0000] {logging_mixin.py:151} INFO - 03:18:37  Done. PASS=1 WARN=0 ERROR=0 SKIP=0 TOTAL=1
[2025-01-13T03:18:37.964+0000] {eventmgr.py:62} INFO - [0m03:18:37  Done. PASS=1 WARN=0 ERROR=0 SKIP=0 TOTAL=1
[2025-01-13T03:18:37.966+0000] {eventmgr.py:62} INFO - [0m03:18:37.964537 [info ] [MainThread]: Done. PASS=1 WARN=0 ERROR=0 SKIP=0 TOTAL=1
[2025-01-13T03:18:37.967+0000] {eventmgr.py:60} DEBUG - [0m03:18:37.967377 [debug] [MainThread]: Command `cli run` succeeded at 03:18:37.967189 after 9.99 seconds
[2025-01-13T03:18:37.968+0000] {eventmgr.py:60} DEBUG - [0m03:18:37.968468 [debug] [MainThread]: Sending event: {'category': 'dbt', 'action': 'invocation', 'label': 'end', 'context': [<snowplow_tracker.self_describing_json.SelfDescribingJson object at 0x7f2f52ebf130>, <snowplow_tracker.self_describing_json.SelfDescribingJson object at 0x7f2f4fd9db20>, <snowplow_tracker.self_describing_json.SelfDescribingJson object at 0x7f2f4fe48310>]}
[2025-01-13T03:18:37.969+0000] {eventmgr.py:60} DEBUG - [0m03:18:37.969554 [debug] [MainThread]: Flushing usage events
[2025-01-13T03:18:38.761+0000] {local.py:86} WARNING - Artifact schema version: https://schemas.getdbt.com/dbt/manifest/v9.json is above dbt-ol supported version 7. This might cause errors.
[2025-01-13T03:18:38.769+0000] {local.py:494} INFO - Inlets: [Dataset(uri='bigquery/stock-market-elt.stock_data.airbnb_stock_data_results', extra=None), Dataset(uri='bigquery/stock-market-elt.stock_data.booking_stock_data_results', extra=None), Dataset(uri='bigquery/stock-market-elt.stock_data.expedia_stock_data_results', extra=None), Dataset(uri='bigquery/stock-market-elt.stock_data.trip_com_stock_data_results', extra=None), Dataset(uri='bigquery/stock-market-elt.stock_data.tripadvisor_stock_data_results', extra=None)]
[2025-01-13T03:18:38.770+0000] {local.py:495} INFO - Outlets: [Dataset(uri='bigquery/stock-market-elt.stock_data.stocks', extra=None)]
[2025-01-13T03:18:38.770+0000] {local.py:595} INFO - Assigning inlets/outlets without DatasetAlias
[2025-01-13T03:18:38.771+0000] {dag.py:2907} INFO - Sync 1 DAGs
[2025-01-13T03:18:38.794+0000] {dag.py:3677} INFO - Setting next_dagrun for PolygonAPI_to_BigQuery to 2025-01-13T00:00:00+00:00, run_after=2025-01-14T00:00:00+00:00
[2025-01-13T03:18:38.851+0000] {taskinstance.py:1400} INFO - Marking task as SUCCESS. dag_id=PolygonAPI_to_BigQuery, task_id=dbt_transformation.stocks.run, execution_date=20250113T031641, start_date=20250113T031824, end_date=20250113T031838
[2025-01-13T03:18:38.901+0000] {local_task_job_runner.py:228} INFO - Task exited with return code 0
[2025-01-13T03:18:38.922+0000] {taskinstance.py:2784} INFO - 0 downstream tasks scheduled from follow-on schedule check
