[2024-12-03T00:00:00.699+0000] {taskinstance.py:1083} INFO - Dependencies all met for <TaskInstance: PolygonAPI_to_BigQuery.sync_polygon_data scheduled__2024-12-02T23:00:00+00:00 [queued]>
[2024-12-03T00:00:00.707+0000] {taskinstance.py:1083} INFO - Dependencies all met for <TaskInstance: PolygonAPI_to_BigQuery.sync_polygon_data scheduled__2024-12-02T23:00:00+00:00 [queued]>
[2024-12-03T00:00:00.708+0000] {taskinstance.py:1279} INFO - 
--------------------------------------------------------------------------------
[2024-12-03T00:00:00.709+0000] {taskinstance.py:1280} INFO - Starting attempt 1 of 2
[2024-12-03T00:00:00.709+0000] {taskinstance.py:1281} INFO - 
--------------------------------------------------------------------------------
[2024-12-03T00:00:00.726+0000] {taskinstance.py:1300} INFO - Executing <Task(AirbyteTriggerSyncOperator): sync_polygon_data> on 2024-12-02 23:00:00+00:00
[2024-12-03T00:00:00.730+0000] {standard_task_runner.py:55} INFO - Started process 40778 to run task
[2024-12-03T00:00:00.733+0000] {standard_task_runner.py:82} INFO - Running: ['***', 'tasks', 'run', 'PolygonAPI_to_BigQuery', 'sync_polygon_data', 'scheduled__2024-12-02T23:00:00+00:00', '--job-id', '30', '--raw', '--subdir', 'DAGS_FOLDER/polygon_to_BigQuery_sync.py', '--cfg-path', '/tmp/tmp5etlki0t']
[2024-12-03T00:00:00.734+0000] {standard_task_runner.py:83} INFO - Job 30: Subtask sync_polygon_data
[2024-12-03T00:00:00.798+0000] {task_command.py:388} INFO - Running <TaskInstance: PolygonAPI_to_BigQuery.sync_polygon_data scheduled__2024-12-02T23:00:00+00:00 [running]> on host 5ecff608e4ff
[2024-12-03T00:00:00.869+0000] {taskinstance.py:1509} INFO - Exporting the following env vars:
AIRFLOW_CTX_DAG_OWNER=***
AIRFLOW_CTX_DAG_ID=PolygonAPI_to_BigQuery
AIRFLOW_CTX_TASK_ID=sync_polygon_data
AIRFLOW_CTX_EXECUTION_DATE=2024-12-02T23:00:00+00:00
AIRFLOW_CTX_TRY_NUMBER=1
AIRFLOW_CTX_DAG_RUN_ID=scheduled__2024-12-02T23:00:00+00:00
[2024-12-03T00:00:00.879+0000] {base.py:73} INFO - Using connection ID 'airbyte_to_bigquery' for task execution.
[2024-12-03T00:00:01.248+0000] {airbyte.py:77} INFO - Job 20 was submitted to Airbyte Server
[2024-12-03T00:00:01.249+0000] {airbyte.py:79} INFO - Waiting for job 20 to complete
[2024-12-03T00:00:04.259+0000] {base.py:73} INFO - Using connection ID 'airbyte_to_bigquery' for task execution.
[2024-12-03T00:00:07.299+0000] {base.py:73} INFO - Using connection ID 'airbyte_to_bigquery' for task execution.
[2024-12-03T00:00:10.334+0000] {base.py:73} INFO - Using connection ID 'airbyte_to_bigquery' for task execution.
[2024-12-03T00:00:13.368+0000] {base.py:73} INFO - Using connection ID 'airbyte_to_bigquery' for task execution.
[2024-12-03T00:00:16.401+0000] {base.py:73} INFO - Using connection ID 'airbyte_to_bigquery' for task execution.
[2024-12-03T00:00:19.424+0000] {base.py:73} INFO - Using connection ID 'airbyte_to_bigquery' for task execution.
[2024-12-03T00:00:22.449+0000] {base.py:73} INFO - Using connection ID 'airbyte_to_bigquery' for task execution.
[2024-12-03T00:00:25.476+0000] {base.py:73} INFO - Using connection ID 'airbyte_to_bigquery' for task execution.
[2024-12-03T00:00:28.500+0000] {base.py:73} INFO - Using connection ID 'airbyte_to_bigquery' for task execution.
[2024-12-03T00:00:31.535+0000] {base.py:73} INFO - Using connection ID 'airbyte_to_bigquery' for task execution.
[2024-12-03T00:00:34.565+0000] {base.py:73} INFO - Using connection ID 'airbyte_to_bigquery' for task execution.
[2024-12-03T00:00:37.593+0000] {base.py:73} INFO - Using connection ID 'airbyte_to_bigquery' for task execution.
[2024-12-03T00:00:40.620+0000] {base.py:73} INFO - Using connection ID 'airbyte_to_bigquery' for task execution.
[2024-12-03T00:00:43.648+0000] {base.py:73} INFO - Using connection ID 'airbyte_to_bigquery' for task execution.
[2024-12-03T00:00:46.674+0000] {base.py:73} INFO - Using connection ID 'airbyte_to_bigquery' for task execution.
[2024-12-03T00:00:46.691+0000] {airbyte.py:81} INFO - Job 20 completed successfully
[2024-12-03T00:00:46.717+0000] {taskinstance.py:1323} INFO - Marking task as SUCCESS. dag_id=PolygonAPI_to_BigQuery, task_id=sync_polygon_data, execution_date=20241202T230000, start_date=20241203T000000, end_date=20241203T000046
[2024-12-03T00:00:46.766+0000] {local_task_job.py:208} INFO - Task exited with return code 0
[2024-12-03T00:00:46.789+0000] {taskinstance.py:2578} INFO - 0 downstream tasks scheduled from follow-on schedule check
