[2025-01-07T17:05:29.518+0000] {taskinstance.py:1083} INFO - Dependencies all met for <TaskInstance: PolygonAPI_to_BigQuery.sync_data_connection_3 scheduled__2025-01-06T17:05:26.409445+00:00 [queued]>
[2025-01-07T17:05:29.551+0000] {taskinstance.py:1083} INFO - Dependencies all met for <TaskInstance: PolygonAPI_to_BigQuery.sync_data_connection_3 scheduled__2025-01-06T17:05:26.409445+00:00 [queued]>
[2025-01-07T17:05:29.551+0000] {taskinstance.py:1279} INFO - 
--------------------------------------------------------------------------------
[2025-01-07T17:05:29.553+0000] {taskinstance.py:1280} INFO - Starting attempt 1 of 2
[2025-01-07T17:05:29.554+0000] {taskinstance.py:1281} INFO - 
--------------------------------------------------------------------------------
[2025-01-07T17:05:29.649+0000] {taskinstance.py:1300} INFO - Executing <Task(AirbyteTriggerSyncOperator): sync_data_connection_3> on 2025-01-06 17:05:26.409445+00:00
[2025-01-07T17:05:29.657+0000] {standard_task_runner.py:55} INFO - Started process 87 to run task
[2025-01-07T17:05:29.663+0000] {standard_task_runner.py:82} INFO - Running: ['***', 'tasks', 'run', 'PolygonAPI_to_BigQuery', 'sync_data_connection_3', 'scheduled__2025-01-06T17:05:26.409445+00:00', '--job-id', '491', '--raw', '--subdir', 'DAGS_FOLDER/polygon_to_bigquery.py', '--cfg-path', '/tmp/tmpt6sybvkh']
[2025-01-07T17:05:29.665+0000] {standard_task_runner.py:83} INFO - Job 491: Subtask sync_data_connection_3
[2025-01-07T17:05:29.851+0000] {task_command.py:388} INFO - Running <TaskInstance: PolygonAPI_to_BigQuery.sync_data_connection_3 scheduled__2025-01-06T17:05:26.409445+00:00 [running]> on host f55cbd47c02a
[2025-01-07T17:05:30.088+0000] {taskinstance.py:1509} INFO - Exporting the following env vars:
AIRFLOW_CTX_DAG_OWNER=***
AIRFLOW_CTX_DAG_ID=PolygonAPI_to_BigQuery
AIRFLOW_CTX_TASK_ID=sync_data_connection_3
AIRFLOW_CTX_EXECUTION_DATE=2025-01-06T17:05:26.409445+00:00
AIRFLOW_CTX_TRY_NUMBER=1
AIRFLOW_CTX_DAG_RUN_ID=scheduled__2025-01-06T17:05:26.409445+00:00
[2025-01-07T17:05:30.126+0000] {base.py:73} INFO - Using connection ID 'airbyte_to_bigquery' for task execution.
[2025-01-07T17:05:42.447+0000] {airbyte.py:77} INFO - Job 191 was submitted to Airbyte Server
[2025-01-07T17:05:42.448+0000] {airbyte.py:79} INFO - Waiting for job 191 to complete
[2025-01-07T17:05:45.482+0000] {base.py:73} INFO - Using connection ID 'airbyte_to_bigquery' for task execution.
[2025-01-07T17:05:48.620+0000] {base.py:73} INFO - Using connection ID 'airbyte_to_bigquery' for task execution.
[2025-01-07T17:05:51.825+0000] {base.py:73} INFO - Using connection ID 'airbyte_to_bigquery' for task execution.
[2025-01-07T17:05:54.894+0000] {base.py:73} INFO - Using connection ID 'airbyte_to_bigquery' for task execution.
[2025-01-07T17:05:58.380+0000] {base.py:73} INFO - Using connection ID 'airbyte_to_bigquery' for task execution.
[2025-01-07T17:06:01.507+0000] {base.py:73} INFO - Using connection ID 'airbyte_to_bigquery' for task execution.
[2025-01-07T17:06:04.616+0000] {base.py:73} INFO - Using connection ID 'airbyte_to_bigquery' for task execution.
[2025-01-07T17:06:07.892+0000] {base.py:73} INFO - Using connection ID 'airbyte_to_bigquery' for task execution.
[2025-01-07T17:06:11.044+0000] {base.py:73} INFO - Using connection ID 'airbyte_to_bigquery' for task execution.
[2025-01-07T17:06:14.089+0000] {base.py:73} INFO - Using connection ID 'airbyte_to_bigquery' for task execution.
[2025-01-07T17:06:17.165+0000] {base.py:73} INFO - Using connection ID 'airbyte_to_bigquery' for task execution.
[2025-01-07T17:06:20.228+0000] {base.py:73} INFO - Using connection ID 'airbyte_to_bigquery' for task execution.
[2025-01-07T17:06:23.313+0000] {base.py:73} INFO - Using connection ID 'airbyte_to_bigquery' for task execution.
[2025-01-07T17:06:26.432+0000] {base.py:73} INFO - Using connection ID 'airbyte_to_bigquery' for task execution.
[2025-01-07T17:06:29.572+0000] {base.py:73} INFO - Using connection ID 'airbyte_to_bigquery' for task execution.
[2025-01-07T17:06:32.757+0000] {base.py:73} INFO - Using connection ID 'airbyte_to_bigquery' for task execution.
[2025-01-07T17:06:35.871+0000] {base.py:73} INFO - Using connection ID 'airbyte_to_bigquery' for task execution.
[2025-01-07T17:06:38.988+0000] {base.py:73} INFO - Using connection ID 'airbyte_to_bigquery' for task execution.
[2025-01-07T17:06:42.050+0000] {base.py:73} INFO - Using connection ID 'airbyte_to_bigquery' for task execution.
[2025-01-07T17:06:45.107+0000] {base.py:73} INFO - Using connection ID 'airbyte_to_bigquery' for task execution.
[2025-01-07T17:06:48.163+0000] {base.py:73} INFO - Using connection ID 'airbyte_to_bigquery' for task execution.
[2025-01-07T17:06:51.348+0000] {base.py:73} INFO - Using connection ID 'airbyte_to_bigquery' for task execution.
[2025-01-07T17:06:54.460+0000] {base.py:73} INFO - Using connection ID 'airbyte_to_bigquery' for task execution.
[2025-01-07T17:06:57.509+0000] {base.py:73} INFO - Using connection ID 'airbyte_to_bigquery' for task execution.
[2025-01-07T17:07:00.544+0000] {base.py:73} INFO - Using connection ID 'airbyte_to_bigquery' for task execution.
[2025-01-07T17:07:03.577+0000] {base.py:73} INFO - Using connection ID 'airbyte_to_bigquery' for task execution.
[2025-01-07T17:07:06.623+0000] {base.py:73} INFO - Using connection ID 'airbyte_to_bigquery' for task execution.
[2025-01-07T17:07:09.671+0000] {base.py:73} INFO - Using connection ID 'airbyte_to_bigquery' for task execution.
[2025-01-07T17:07:12.706+0000] {base.py:73} INFO - Using connection ID 'airbyte_to_bigquery' for task execution.
[2025-01-07T17:07:15.756+0000] {base.py:73} INFO - Using connection ID 'airbyte_to_bigquery' for task execution.
[2025-01-07T17:07:18.792+0000] {base.py:73} INFO - Using connection ID 'airbyte_to_bigquery' for task execution.
[2025-01-07T17:07:21.832+0000] {base.py:73} INFO - Using connection ID 'airbyte_to_bigquery' for task execution.
[2025-01-07T17:07:24.870+0000] {base.py:73} INFO - Using connection ID 'airbyte_to_bigquery' for task execution.
[2025-01-07T17:07:27.936+0000] {base.py:73} INFO - Using connection ID 'airbyte_to_bigquery' for task execution.
[2025-01-07T17:07:30.983+0000] {base.py:73} INFO - Using connection ID 'airbyte_to_bigquery' for task execution.
[2025-01-07T17:07:34.037+0000] {base.py:73} INFO - Using connection ID 'airbyte_to_bigquery' for task execution.
[2025-01-07T17:07:37.104+0000] {base.py:73} INFO - Using connection ID 'airbyte_to_bigquery' for task execution.
[2025-01-07T17:07:40.159+0000] {base.py:73} INFO - Using connection ID 'airbyte_to_bigquery' for task execution.
[2025-01-07T17:07:43.215+0000] {base.py:73} INFO - Using connection ID 'airbyte_to_bigquery' for task execution.
[2025-01-07T17:07:43.265+0000] {airbyte.py:81} INFO - Job 191 completed successfully
[2025-01-07T17:07:43.362+0000] {taskinstance.py:1323} INFO - Marking task as SUCCESS. dag_id=PolygonAPI_to_BigQuery, task_id=sync_data_connection_3, execution_date=20250106T170526, start_date=20250107T170529, end_date=20250107T170743
[2025-01-07T17:07:43.420+0000] {local_task_job.py:208} INFO - Task exited with return code 0
[2025-01-07T17:07:43.458+0000] {taskinstance.py:2578} INFO - 0 downstream tasks scheduled from follow-on schedule check
