[2024-12-27T00:08:09.219+0000] {taskinstance.py:1083} INFO - Dependencies all met for <TaskInstance: PolygonAPI_to_BigQuery.sync_data_connection_1 scheduled__2024-12-26T00:00:00+00:00 [queued]>
[2024-12-27T00:08:09.249+0000] {taskinstance.py:1083} INFO - Dependencies all met for <TaskInstance: PolygonAPI_to_BigQuery.sync_data_connection_1 scheduled__2024-12-26T00:00:00+00:00 [queued]>
[2024-12-27T00:08:09.251+0000] {taskinstance.py:1279} INFO - 
--------------------------------------------------------------------------------
[2024-12-27T00:08:09.251+0000] {taskinstance.py:1280} INFO - Starting attempt 1 of 2
[2024-12-27T00:08:09.257+0000] {taskinstance.py:1281} INFO - 
--------------------------------------------------------------------------------
[2024-12-27T00:08:09.307+0000] {taskinstance.py:1300} INFO - Executing <Task(AirbyteTriggerSyncOperator): sync_data_connection_1> on 2024-12-26 00:00:00+00:00
[2024-12-27T00:08:09.320+0000] {standard_task_runner.py:55} INFO - Started process 4822 to run task
[2024-12-27T00:08:09.365+0000] {standard_task_runner.py:82} INFO - Running: ['***', 'tasks', 'run', 'PolygonAPI_to_BigQuery', 'sync_data_connection_1', 'scheduled__2024-12-26T00:00:00+00:00', '--job-id', '167', '--raw', '--subdir', 'DAGS_FOLDER/polygon_to_bigquery.py', '--cfg-path', '/tmp/tmpxay_syo_']
[2024-12-27T00:08:09.367+0000] {standard_task_runner.py:83} INFO - Job 167: Subtask sync_data_connection_1
[2024-12-27T00:08:10.238+0000] {task_command.py:388} INFO - Running <TaskInstance: PolygonAPI_to_BigQuery.sync_data_connection_1 scheduled__2024-12-26T00:00:00+00:00 [running]> on host 1b9e534b4855
[2024-12-27T00:08:11.196+0000] {taskinstance.py:1509} INFO - Exporting the following env vars:
AIRFLOW_CTX_DAG_OWNER=***
AIRFLOW_CTX_DAG_ID=PolygonAPI_to_BigQuery
AIRFLOW_CTX_TASK_ID=sync_data_connection_1
AIRFLOW_CTX_EXECUTION_DATE=2024-12-26T00:00:00+00:00
AIRFLOW_CTX_TRY_NUMBER=1
AIRFLOW_CTX_DAG_RUN_ID=scheduled__2024-12-26T00:00:00+00:00
[2024-12-27T00:08:11.291+0000] {base.py:73} INFO - Using connection ID 'airbyte_to_bigquery' for task execution.
[2024-12-27T00:08:18.329+0000] {airbyte.py:77} INFO - Job 144 was submitted to Airbyte Server
[2024-12-27T00:08:18.330+0000] {airbyte.py:79} INFO - Waiting for job 144 to complete
[2024-12-27T00:08:21.349+0000] {base.py:73} INFO - Using connection ID 'airbyte_to_bigquery' for task execution.
[2024-12-27T00:08:24.401+0000] {base.py:73} INFO - Using connection ID 'airbyte_to_bigquery' for task execution.
[2024-12-27T00:08:27.549+0000] {base.py:73} INFO - Using connection ID 'airbyte_to_bigquery' for task execution.
[2024-12-27T00:08:30.608+0000] {base.py:73} INFO - Using connection ID 'airbyte_to_bigquery' for task execution.
[2024-12-27T00:08:33.665+0000] {base.py:73} INFO - Using connection ID 'airbyte_to_bigquery' for task execution.
[2024-12-27T00:08:36.790+0000] {base.py:73} INFO - Using connection ID 'airbyte_to_bigquery' for task execution.
[2024-12-27T00:08:40.115+0000] {base.py:73} INFO - Using connection ID 'airbyte_to_bigquery' for task execution.
[2024-12-27T00:08:43.277+0000] {base.py:73} INFO - Using connection ID 'airbyte_to_bigquery' for task execution.
[2024-12-27T00:08:46.583+0000] {base.py:73} INFO - Using connection ID 'airbyte_to_bigquery' for task execution.
[2024-12-27T00:08:49.789+0000] {base.py:73} INFO - Using connection ID 'airbyte_to_bigquery' for task execution.
[2024-12-27T00:08:53.229+0000] {base.py:73} INFO - Using connection ID 'airbyte_to_bigquery' for task execution.
[2024-12-27T00:08:56.420+0000] {base.py:73} INFO - Using connection ID 'airbyte_to_bigquery' for task execution.
[2024-12-27T00:08:59.652+0000] {base.py:73} INFO - Using connection ID 'airbyte_to_bigquery' for task execution.
[2024-12-27T00:09:02.913+0000] {base.py:73} INFO - Using connection ID 'airbyte_to_bigquery' for task execution.
[2024-12-27T00:09:06.211+0000] {base.py:73} INFO - Using connection ID 'airbyte_to_bigquery' for task execution.
[2024-12-27T00:09:09.366+0000] {base.py:73} INFO - Using connection ID 'airbyte_to_bigquery' for task execution.
[2024-12-27T00:09:12.481+0000] {base.py:73} INFO - Using connection ID 'airbyte_to_bigquery' for task execution.
[2024-12-27T00:09:15.525+0000] {base.py:73} INFO - Using connection ID 'airbyte_to_bigquery' for task execution.
[2024-12-27T00:09:18.578+0000] {base.py:73} INFO - Using connection ID 'airbyte_to_bigquery' for task execution.
[2024-12-27T00:09:21.632+0000] {base.py:73} INFO - Using connection ID 'airbyte_to_bigquery' for task execution.
[2024-12-27T00:09:24.692+0000] {base.py:73} INFO - Using connection ID 'airbyte_to_bigquery' for task execution.
[2024-12-27T00:09:27.755+0000] {base.py:73} INFO - Using connection ID 'airbyte_to_bigquery' for task execution.
[2024-12-27T00:09:30.837+0000] {base.py:73} INFO - Using connection ID 'airbyte_to_bigquery' for task execution.
[2024-12-27T00:09:33.895+0000] {base.py:73} INFO - Using connection ID 'airbyte_to_bigquery' for task execution.
[2024-12-27T00:09:36.952+0000] {base.py:73} INFO - Using connection ID 'airbyte_to_bigquery' for task execution.
[2024-12-27T00:09:40.009+0000] {base.py:73} INFO - Using connection ID 'airbyte_to_bigquery' for task execution.
[2024-12-27T00:09:43.066+0000] {base.py:73} INFO - Using connection ID 'airbyte_to_bigquery' for task execution.
[2024-12-27T00:09:46.118+0000] {base.py:73} INFO - Using connection ID 'airbyte_to_bigquery' for task execution.
[2024-12-27T00:09:49.168+0000] {base.py:73} INFO - Using connection ID 'airbyte_to_bigquery' for task execution.
[2024-12-27T00:09:52.228+0000] {base.py:73} INFO - Using connection ID 'airbyte_to_bigquery' for task execution.
[2024-12-27T00:09:55.261+0000] {base.py:73} INFO - Using connection ID 'airbyte_to_bigquery' for task execution.
[2024-12-27T00:09:58.305+0000] {base.py:73} INFO - Using connection ID 'airbyte_to_bigquery' for task execution.
[2024-12-27T00:10:01.386+0000] {base.py:73} INFO - Using connection ID 'airbyte_to_bigquery' for task execution.
[2024-12-27T00:10:04.423+0000] {base.py:73} INFO - Using connection ID 'airbyte_to_bigquery' for task execution.
[2024-12-27T00:10:07.467+0000] {base.py:73} INFO - Using connection ID 'airbyte_to_bigquery' for task execution.
[2024-12-27T00:10:10.511+0000] {base.py:73} INFO - Using connection ID 'airbyte_to_bigquery' for task execution.
[2024-12-27T00:10:13.561+0000] {base.py:73} INFO - Using connection ID 'airbyte_to_bigquery' for task execution.
[2024-12-27T00:10:16.658+0000] {base.py:73} INFO - Using connection ID 'airbyte_to_bigquery' for task execution.
[2024-12-27T00:10:19.713+0000] {base.py:73} INFO - Using connection ID 'airbyte_to_bigquery' for task execution.
[2024-12-27T00:10:19.766+0000] {airbyte.py:81} INFO - Job 144 completed successfully
[2024-12-27T00:10:19.890+0000] {taskinstance.py:1323} INFO - Marking task as SUCCESS. dag_id=PolygonAPI_to_BigQuery, task_id=sync_data_connection_1, execution_date=20241226T000000, start_date=20241227T000809, end_date=20241227T001019
[2024-12-27T00:10:20.001+0000] {local_task_job.py:208} INFO - Task exited with return code 0
[2024-12-27T00:10:20.051+0000] {taskinstance.py:2578} INFO - 0 downstream tasks scheduled from follow-on schedule check
