[2024-12-26T02:07:10.499+0000] {taskinstance.py:1083} INFO - Dependencies all met for <TaskInstance: PolygonAPI_to_BigQuery.sync_data_connection_4 manual__2024-12-26T02:07:06.693146+00:00 [queued]>
[2024-12-26T02:07:10.517+0000] {taskinstance.py:1083} INFO - Dependencies all met for <TaskInstance: PolygonAPI_to_BigQuery.sync_data_connection_4 manual__2024-12-26T02:07:06.693146+00:00 [queued]>
[2024-12-26T02:07:10.518+0000] {taskinstance.py:1279} INFO - 
--------------------------------------------------------------------------------
[2024-12-26T02:07:10.518+0000] {taskinstance.py:1280} INFO - Starting attempt 1 of 2
[2024-12-26T02:07:10.519+0000] {taskinstance.py:1281} INFO - 
--------------------------------------------------------------------------------
[2024-12-26T02:07:10.556+0000] {taskinstance.py:1300} INFO - Executing <Task(AirbyteTriggerSyncOperator): sync_data_connection_4> on 2024-12-26 02:07:06.693146+00:00
[2024-12-26T02:07:10.570+0000] {standard_task_runner.py:55} INFO - Started process 78104 to run task
[2024-12-26T02:07:10.583+0000] {standard_task_runner.py:82} INFO - Running: ['***', 'tasks', 'run', 'PolygonAPI_to_BigQuery', 'sync_data_connection_4', 'manual__2024-12-26T02:07:06.693146+00:00', '--job-id', '150', '--raw', '--subdir', 'DAGS_FOLDER/polygon_to_bigquery.py', '--cfg-path', '/tmp/tmpnpzbe3dq']
[2024-12-26T02:07:10.585+0000] {standard_task_runner.py:83} INFO - Job 150: Subtask sync_data_connection_4
[2024-12-26T02:07:10.934+0000] {task_command.py:388} INFO - Running <TaskInstance: PolygonAPI_to_BigQuery.sync_data_connection_4 manual__2024-12-26T02:07:06.693146+00:00 [running]> on host 1b9e534b4855
[2024-12-26T02:07:11.155+0000] {taskinstance.py:1509} INFO - Exporting the following env vars:
AIRFLOW_CTX_DAG_OWNER=***
AIRFLOW_CTX_DAG_ID=PolygonAPI_to_BigQuery
AIRFLOW_CTX_TASK_ID=sync_data_connection_4
AIRFLOW_CTX_EXECUTION_DATE=2024-12-26T02:07:06.693146+00:00
AIRFLOW_CTX_TRY_NUMBER=1
AIRFLOW_CTX_DAG_RUN_ID=manual__2024-12-26T02:07:06.693146+00:00
[2024-12-26T02:07:11.182+0000] {base.py:73} INFO - Using connection ID 'airbyte_to_bigquery' for task execution.
[2024-12-26T02:07:12.901+0000] {airbyte.py:77} INFO - Job 128 was submitted to Airbyte Server
[2024-12-26T02:07:12.902+0000] {airbyte.py:79} INFO - Waiting for job 128 to complete
[2024-12-26T02:07:15.930+0000] {base.py:73} INFO - Using connection ID 'airbyte_to_bigquery' for task execution.
[2024-12-26T02:07:19.081+0000] {base.py:73} INFO - Using connection ID 'airbyte_to_bigquery' for task execution.
[2024-12-26T02:07:22.203+0000] {base.py:73} INFO - Using connection ID 'airbyte_to_bigquery' for task execution.
[2024-12-26T02:07:25.303+0000] {base.py:73} INFO - Using connection ID 'airbyte_to_bigquery' for task execution.
[2024-12-26T02:07:28.404+0000] {base.py:73} INFO - Using connection ID 'airbyte_to_bigquery' for task execution.
[2024-12-26T02:07:31.584+0000] {base.py:73} INFO - Using connection ID 'airbyte_to_bigquery' for task execution.
[2024-12-26T02:07:34.686+0000] {base.py:73} INFO - Using connection ID 'airbyte_to_bigquery' for task execution.
[2024-12-26T02:07:37.784+0000] {base.py:73} INFO - Using connection ID 'airbyte_to_bigquery' for task execution.
[2024-12-26T02:07:40.942+0000] {base.py:73} INFO - Using connection ID 'airbyte_to_bigquery' for task execution.
[2024-12-26T02:07:43.988+0000] {base.py:73} INFO - Using connection ID 'airbyte_to_bigquery' for task execution.
[2024-12-26T02:07:47.043+0000] {base.py:73} INFO - Using connection ID 'airbyte_to_bigquery' for task execution.
[2024-12-26T02:07:50.160+0000] {base.py:73} INFO - Using connection ID 'airbyte_to_bigquery' for task execution.
[2024-12-26T02:07:53.212+0000] {base.py:73} INFO - Using connection ID 'airbyte_to_bigquery' for task execution.
[2024-12-26T02:07:56.272+0000] {base.py:73} INFO - Using connection ID 'airbyte_to_bigquery' for task execution.
[2024-12-26T02:07:59.331+0000] {base.py:73} INFO - Using connection ID 'airbyte_to_bigquery' for task execution.
[2024-12-26T02:08:02.375+0000] {base.py:73} INFO - Using connection ID 'airbyte_to_bigquery' for task execution.
[2024-12-26T02:08:05.418+0000] {base.py:73} INFO - Using connection ID 'airbyte_to_bigquery' for task execution.
[2024-12-26T02:08:08.459+0000] {base.py:73} INFO - Using connection ID 'airbyte_to_bigquery' for task execution.
[2024-12-26T02:08:11.499+0000] {base.py:73} INFO - Using connection ID 'airbyte_to_bigquery' for task execution.
[2024-12-26T02:08:14.539+0000] {base.py:73} INFO - Using connection ID 'airbyte_to_bigquery' for task execution.
[2024-12-26T02:08:17.577+0000] {base.py:73} INFO - Using connection ID 'airbyte_to_bigquery' for task execution.
[2024-12-26T02:08:20.606+0000] {base.py:73} INFO - Using connection ID 'airbyte_to_bigquery' for task execution.
[2024-12-26T02:08:23.635+0000] {base.py:73} INFO - Using connection ID 'airbyte_to_bigquery' for task execution.
[2024-12-26T02:08:26.662+0000] {base.py:73} INFO - Using connection ID 'airbyte_to_bigquery' for task execution.
[2024-12-26T02:08:29.691+0000] {base.py:73} INFO - Using connection ID 'airbyte_to_bigquery' for task execution.
[2024-12-26T02:08:32.714+0000] {base.py:73} INFO - Using connection ID 'airbyte_to_bigquery' for task execution.
[2024-12-26T02:08:35.743+0000] {base.py:73} INFO - Using connection ID 'airbyte_to_bigquery' for task execution.
[2024-12-26T02:08:38.773+0000] {base.py:73} INFO - Using connection ID 'airbyte_to_bigquery' for task execution.
[2024-12-26T02:08:41.803+0000] {base.py:73} INFO - Using connection ID 'airbyte_to_bigquery' for task execution.
[2024-12-26T02:08:44.831+0000] {base.py:73} INFO - Using connection ID 'airbyte_to_bigquery' for task execution.
[2024-12-26T02:08:48.063+0000] {base.py:73} INFO - Using connection ID 'airbyte_to_bigquery' for task execution.
[2024-12-26T02:08:51.101+0000] {base.py:73} INFO - Using connection ID 'airbyte_to_bigquery' for task execution.
[2024-12-26T02:08:51.176+0000] {airbyte.py:81} INFO - Job 128 completed successfully
[2024-12-26T02:08:51.276+0000] {taskinstance.py:1323} INFO - Marking task as SUCCESS. dag_id=PolygonAPI_to_BigQuery, task_id=sync_data_connection_4, execution_date=20241226T020706, start_date=20241226T020710, end_date=20241226T020851
[2024-12-26T02:08:51.340+0000] {local_task_job.py:208} INFO - Task exited with return code 0
[2024-12-26T02:08:51.383+0000] {taskinstance.py:2578} INFO - 0 downstream tasks scheduled from follow-on schedule check
