[2025-01-05T14:25:12.695+0000] {taskinstance.py:1083} INFO - Dependencies all met for <TaskInstance: PolygonAPI_to_BigQuery.sync_data_connection_3 scheduled__2025-01-04T00:00:00+00:00 [queued]>
[2025-01-05T14:25:12.733+0000] {taskinstance.py:1083} INFO - Dependencies all met for <TaskInstance: PolygonAPI_to_BigQuery.sync_data_connection_3 scheduled__2025-01-04T00:00:00+00:00 [queued]>
[2025-01-05T14:25:12.735+0000] {taskinstance.py:1279} INFO - 
--------------------------------------------------------------------------------
[2025-01-05T14:25:12.737+0000] {taskinstance.py:1280} INFO - Starting attempt 1 of 2
[2025-01-05T14:25:12.740+0000] {taskinstance.py:1281} INFO - 
--------------------------------------------------------------------------------
[2025-01-05T14:25:12.790+0000] {taskinstance.py:1300} INFO - Executing <Task(AirbyteTriggerSyncOperator): sync_data_connection_3> on 2025-01-04 00:00:00+00:00
[2025-01-05T14:25:12.798+0000] {standard_task_runner.py:55} INFO - Started process 780 to run task
[2025-01-05T14:25:12.804+0000] {standard_task_runner.py:82} INFO - Running: ['***', 'tasks', 'run', 'PolygonAPI_to_BigQuery', 'sync_data_connection_3', 'scheduled__2025-01-04T00:00:00+00:00', '--job-id', '357', '--raw', '--subdir', 'DAGS_FOLDER/polygon_to_bigquery.py', '--cfg-path', '/tmp/tmpiwg4o_6u']
[2025-01-05T14:25:12.805+0000] {standard_task_runner.py:83} INFO - Job 357: Subtask sync_data_connection_3
[2025-01-05T14:25:12.945+0000] {task_command.py:388} INFO - Running <TaskInstance: PolygonAPI_to_BigQuery.sync_data_connection_3 scheduled__2025-01-04T00:00:00+00:00 [running]> on host 0f59df712969
[2025-01-05T14:25:13.094+0000] {taskinstance.py:1509} INFO - Exporting the following env vars:
AIRFLOW_CTX_DAG_OWNER=***
AIRFLOW_CTX_DAG_ID=PolygonAPI_to_BigQuery
AIRFLOW_CTX_TASK_ID=sync_data_connection_3
AIRFLOW_CTX_EXECUTION_DATE=2025-01-04T00:00:00+00:00
AIRFLOW_CTX_TRY_NUMBER=1
AIRFLOW_CTX_DAG_RUN_ID=scheduled__2025-01-04T00:00:00+00:00
[2025-01-05T14:25:13.115+0000] {base.py:73} INFO - Using connection ID 'airbyte_to_bigquery' for task execution.
[2025-01-05T14:25:21.152+0000] {airbyte.py:77} INFO - Job 189 was submitted to Airbyte Server
[2025-01-05T14:25:21.153+0000] {airbyte.py:79} INFO - Waiting for job 189 to complete
[2025-01-05T14:25:24.180+0000] {base.py:73} INFO - Using connection ID 'airbyte_to_bigquery' for task execution.
[2025-01-05T14:25:27.337+0000] {base.py:73} INFO - Using connection ID 'airbyte_to_bigquery' for task execution.
[2025-01-05T14:25:30.431+0000] {base.py:73} INFO - Using connection ID 'airbyte_to_bigquery' for task execution.
[2025-01-05T14:25:33.481+0000] {base.py:73} INFO - Using connection ID 'airbyte_to_bigquery' for task execution.
[2025-01-05T14:25:36.667+0000] {base.py:73} INFO - Using connection ID 'airbyte_to_bigquery' for task execution.
[2025-01-05T14:25:39.814+0000] {base.py:73} INFO - Using connection ID 'airbyte_to_bigquery' for task execution.
[2025-01-05T14:25:42.910+0000] {base.py:73} INFO - Using connection ID 'airbyte_to_bigquery' for task execution.
[2025-01-05T14:25:46.118+0000] {base.py:73} INFO - Using connection ID 'airbyte_to_bigquery' for task execution.
[2025-01-05T14:25:49.440+0000] {base.py:73} INFO - Using connection ID 'airbyte_to_bigquery' for task execution.
[2025-01-05T14:25:52.987+0000] {base.py:73} INFO - Using connection ID 'airbyte_to_bigquery' for task execution.
[2025-01-05T14:25:56.208+0000] {base.py:73} INFO - Using connection ID 'airbyte_to_bigquery' for task execution.
[2025-01-05T14:25:59.451+0000] {base.py:73} INFO - Using connection ID 'airbyte_to_bigquery' for task execution.
[2025-01-05T14:26:02.519+0000] {base.py:73} INFO - Using connection ID 'airbyte_to_bigquery' for task execution.
[2025-01-05T14:26:05.634+0000] {base.py:73} INFO - Using connection ID 'airbyte_to_bigquery' for task execution.
[2025-01-05T14:26:08.758+0000] {base.py:73} INFO - Using connection ID 'airbyte_to_bigquery' for task execution.
[2025-01-05T14:26:11.816+0000] {base.py:73} INFO - Using connection ID 'airbyte_to_bigquery' for task execution.
[2025-01-05T14:26:14.897+0000] {base.py:73} INFO - Using connection ID 'airbyte_to_bigquery' for task execution.
[2025-01-05T14:26:18.012+0000] {base.py:73} INFO - Using connection ID 'airbyte_to_bigquery' for task execution.
[2025-01-05T14:26:21.133+0000] {base.py:73} INFO - Using connection ID 'airbyte_to_bigquery' for task execution.
[2025-01-05T14:26:24.220+0000] {base.py:73} INFO - Using connection ID 'airbyte_to_bigquery' for task execution.
[2025-01-05T14:26:27.352+0000] {base.py:73} INFO - Using connection ID 'airbyte_to_bigquery' for task execution.
[2025-01-05T14:26:30.495+0000] {base.py:73} INFO - Using connection ID 'airbyte_to_bigquery' for task execution.
[2025-01-05T14:26:33.695+0000] {base.py:73} INFO - Using connection ID 'airbyte_to_bigquery' for task execution.
[2025-01-05T14:26:36.801+0000] {base.py:73} INFO - Using connection ID 'airbyte_to_bigquery' for task execution.
[2025-01-05T14:26:39.858+0000] {base.py:73} INFO - Using connection ID 'airbyte_to_bigquery' for task execution.
[2025-01-05T14:26:42.933+0000] {base.py:73} INFO - Using connection ID 'airbyte_to_bigquery' for task execution.
[2025-01-05T14:26:45.979+0000] {base.py:73} INFO - Using connection ID 'airbyte_to_bigquery' for task execution.
[2025-01-05T14:26:49.042+0000] {base.py:73} INFO - Using connection ID 'airbyte_to_bigquery' for task execution.
[2025-01-05T14:26:52.098+0000] {base.py:73} INFO - Using connection ID 'airbyte_to_bigquery' for task execution.
[2025-01-05T14:26:55.174+0000] {base.py:73} INFO - Using connection ID 'airbyte_to_bigquery' for task execution.
[2025-01-05T14:26:58.211+0000] {base.py:73} INFO - Using connection ID 'airbyte_to_bigquery' for task execution.
[2025-01-05T14:27:01.241+0000] {base.py:73} INFO - Using connection ID 'airbyte_to_bigquery' for task execution.
[2025-01-05T14:27:04.273+0000] {base.py:73} INFO - Using connection ID 'airbyte_to_bigquery' for task execution.
[2025-01-05T14:27:07.299+0000] {base.py:73} INFO - Using connection ID 'airbyte_to_bigquery' for task execution.
[2025-01-05T14:27:10.338+0000] {base.py:73} INFO - Using connection ID 'airbyte_to_bigquery' for task execution.
[2025-01-05T14:27:13.368+0000] {base.py:73} INFO - Using connection ID 'airbyte_to_bigquery' for task execution.
[2025-01-05T14:27:16.399+0000] {base.py:73} INFO - Using connection ID 'airbyte_to_bigquery' for task execution.
[2025-01-05T14:27:19.428+0000] {base.py:73} INFO - Using connection ID 'airbyte_to_bigquery' for task execution.
[2025-01-05T14:27:22.457+0000] {base.py:73} INFO - Using connection ID 'airbyte_to_bigquery' for task execution.
[2025-01-05T14:27:25.502+0000] {base.py:73} INFO - Using connection ID 'airbyte_to_bigquery' for task execution.
[2025-01-05T14:27:28.537+0000] {base.py:73} INFO - Using connection ID 'airbyte_to_bigquery' for task execution.
[2025-01-05T14:27:31.577+0000] {base.py:73} INFO - Using connection ID 'airbyte_to_bigquery' for task execution.
[2025-01-05T14:27:31.592+0000] {airbyte.py:81} INFO - Job 189 completed successfully
[2025-01-05T14:27:31.618+0000] {taskinstance.py:1323} INFO - Marking task as SUCCESS. dag_id=PolygonAPI_to_BigQuery, task_id=sync_data_connection_3, execution_date=20250104T000000, start_date=20250105T142512, end_date=20250105T142731
[2025-01-05T14:27:31.672+0000] {local_task_job.py:208} INFO - Task exited with return code 0
[2025-01-05T14:27:31.690+0000] {taskinstance.py:2578} INFO - 0 downstream tasks scheduled from follow-on schedule check
