[2025-01-08T23:27:15.446+0000] {taskinstance.py:1083} INFO - Dependencies all met for <TaskInstance: PolygonAPI_to_BigQuery.sync_data_connection_4 manual__2025-01-08T23:27:13.292584+00:00 [queued]>
[2025-01-08T23:27:15.458+0000] {taskinstance.py:1083} INFO - Dependencies all met for <TaskInstance: PolygonAPI_to_BigQuery.sync_data_connection_4 manual__2025-01-08T23:27:13.292584+00:00 [queued]>
[2025-01-08T23:27:15.459+0000] {taskinstance.py:1279} INFO - 
--------------------------------------------------------------------------------
[2025-01-08T23:27:15.459+0000] {taskinstance.py:1280} INFO - Starting attempt 1 of 2
[2025-01-08T23:27:15.460+0000] {taskinstance.py:1281} INFO - 
--------------------------------------------------------------------------------
[2025-01-08T23:27:15.477+0000] {taskinstance.py:1300} INFO - Executing <Task(AirbyteTriggerSyncOperator): sync_data_connection_4> on 2025-01-08 23:27:13.292584+00:00
[2025-01-08T23:27:15.483+0000] {standard_task_runner.py:55} INFO - Started process 154 to run task
[2025-01-08T23:27:15.487+0000] {standard_task_runner.py:82} INFO - Running: ['***', 'tasks', 'run', 'PolygonAPI_to_BigQuery', 'sync_data_connection_4', 'manual__2025-01-08T23:27:13.292584+00:00', '--job-id', '620', '--raw', '--subdir', 'DAGS_FOLDER/polygon_to_bigquery.py', '--cfg-path', '/tmp/tmpn60jchb8']
[2025-01-08T23:27:15.488+0000] {standard_task_runner.py:83} INFO - Job 620: Subtask sync_data_connection_4
[2025-01-08T23:27:15.587+0000] {task_command.py:388} INFO - Running <TaskInstance: PolygonAPI_to_BigQuery.sync_data_connection_4 manual__2025-01-08T23:27:13.292584+00:00 [running]> on host e30458e4d24a
[2025-01-08T23:27:15.692+0000] {taskinstance.py:1509} INFO - Exporting the following env vars:
AIRFLOW_CTX_DAG_OWNER=***
AIRFLOW_CTX_DAG_ID=PolygonAPI_to_BigQuery
AIRFLOW_CTX_TASK_ID=sync_data_connection_4
AIRFLOW_CTX_EXECUTION_DATE=2025-01-08T23:27:13.292584+00:00
AIRFLOW_CTX_TRY_NUMBER=1
AIRFLOW_CTX_DAG_RUN_ID=manual__2025-01-08T23:27:13.292584+00:00
[2025-01-08T23:27:15.709+0000] {base.py:73} INFO - Using connection ID 'airbyte_to_bigquery' for task execution.
[2025-01-08T23:27:16.478+0000] {airbyte.py:77} INFO - Job 228 was submitted to Airbyte Server
[2025-01-08T23:27:16.478+0000] {airbyte.py:79} INFO - Waiting for job 228 to complete
[2025-01-08T23:27:19.530+0000] {base.py:73} INFO - Using connection ID 'airbyte_to_bigquery' for task execution.
[2025-01-08T23:27:22.655+0000] {base.py:73} INFO - Using connection ID 'airbyte_to_bigquery' for task execution.
[2025-01-08T23:27:25.720+0000] {base.py:73} INFO - Using connection ID 'airbyte_to_bigquery' for task execution.
[2025-01-08T23:27:28.803+0000] {base.py:73} INFO - Using connection ID 'airbyte_to_bigquery' for task execution.
[2025-01-08T23:27:31.913+0000] {base.py:73} INFO - Using connection ID 'airbyte_to_bigquery' for task execution.
[2025-01-08T23:27:34.940+0000] {base.py:73} INFO - Using connection ID 'airbyte_to_bigquery' for task execution.
[2025-01-08T23:27:37.973+0000] {base.py:73} INFO - Using connection ID 'airbyte_to_bigquery' for task execution.
[2025-01-08T23:27:41.027+0000] {base.py:73} INFO - Using connection ID 'airbyte_to_bigquery' for task execution.
[2025-01-08T23:27:44.085+0000] {base.py:73} INFO - Using connection ID 'airbyte_to_bigquery' for task execution.
[2025-01-08T23:27:47.131+0000] {base.py:73} INFO - Using connection ID 'airbyte_to_bigquery' for task execution.
[2025-01-08T23:27:50.171+0000] {base.py:73} INFO - Using connection ID 'airbyte_to_bigquery' for task execution.
[2025-01-08T23:27:53.204+0000] {base.py:73} INFO - Using connection ID 'airbyte_to_bigquery' for task execution.
[2025-01-08T23:27:56.246+0000] {base.py:73} INFO - Using connection ID 'airbyte_to_bigquery' for task execution.
[2025-01-08T23:27:59.292+0000] {base.py:73} INFO - Using connection ID 'airbyte_to_bigquery' for task execution.
[2025-01-08T23:28:02.336+0000] {base.py:73} INFO - Using connection ID 'airbyte_to_bigquery' for task execution.
[2025-01-08T23:28:05.368+0000] {base.py:73} INFO - Using connection ID 'airbyte_to_bigquery' for task execution.
[2025-01-08T23:28:08.397+0000] {base.py:73} INFO - Using connection ID 'airbyte_to_bigquery' for task execution.
[2025-01-08T23:28:11.419+0000] {base.py:73} INFO - Using connection ID 'airbyte_to_bigquery' for task execution.
[2025-01-08T23:28:14.442+0000] {base.py:73} INFO - Using connection ID 'airbyte_to_bigquery' for task execution.
[2025-01-08T23:28:17.467+0000] {base.py:73} INFO - Using connection ID 'airbyte_to_bigquery' for task execution.
[2025-01-08T23:28:20.489+0000] {base.py:73} INFO - Using connection ID 'airbyte_to_bigquery' for task execution.
[2025-01-08T23:28:23.512+0000] {base.py:73} INFO - Using connection ID 'airbyte_to_bigquery' for task execution.
[2025-01-08T23:28:26.541+0000] {base.py:73} INFO - Using connection ID 'airbyte_to_bigquery' for task execution.
[2025-01-08T23:28:29.565+0000] {base.py:73} INFO - Using connection ID 'airbyte_to_bigquery' for task execution.
[2025-01-08T23:28:32.588+0000] {base.py:73} INFO - Using connection ID 'airbyte_to_bigquery' for task execution.
[2025-01-08T23:28:35.613+0000] {base.py:73} INFO - Using connection ID 'airbyte_to_bigquery' for task execution.
[2025-01-08T23:28:35.635+0000] {airbyte.py:81} INFO - Job 228 completed successfully
[2025-01-08T23:28:35.693+0000] {taskinstance.py:1323} INFO - Marking task as SUCCESS. dag_id=PolygonAPI_to_BigQuery, task_id=sync_data_connection_4, execution_date=20250108T232713, start_date=20250108T232715, end_date=20250108T232835
[2025-01-08T23:28:35.756+0000] {local_task_job.py:208} INFO - Task exited with return code 0
[2025-01-08T23:28:35.878+0000] {taskinstance.py:2578} INFO - 0 downstream tasks scheduled from follow-on schedule check
