[2025-01-04T00:54:23.513+0000] {taskinstance.py:1083} INFO - Dependencies all met for <TaskInstance: PolygonAPI_to_BigQuery.sync_data_connection_1 scheduled__2025-01-03T00:00:00+00:00 [queued]>
[2025-01-04T00:54:23.531+0000] {taskinstance.py:1083} INFO - Dependencies all met for <TaskInstance: PolygonAPI_to_BigQuery.sync_data_connection_1 scheduled__2025-01-03T00:00:00+00:00 [queued]>
[2025-01-04T00:54:23.532+0000] {taskinstance.py:1279} INFO - 
--------------------------------------------------------------------------------
[2025-01-04T00:54:23.532+0000] {taskinstance.py:1280} INFO - Starting attempt 1 of 2
[2025-01-04T00:54:23.533+0000] {taskinstance.py:1281} INFO - 
--------------------------------------------------------------------------------
[2025-01-04T00:54:23.560+0000] {taskinstance.py:1300} INFO - Executing <Task(AirbyteTriggerSyncOperator): sync_data_connection_1> on 2025-01-03 00:00:00+00:00
[2025-01-04T00:54:23.567+0000] {standard_task_runner.py:55} INFO - Started process 81857 to run task
[2025-01-04T00:54:23.571+0000] {standard_task_runner.py:82} INFO - Running: ['***', 'tasks', 'run', 'PolygonAPI_to_BigQuery', 'sync_data_connection_1', 'scheduled__2025-01-03T00:00:00+00:00', '--job-id', '210', '--raw', '--subdir', 'DAGS_FOLDER/polygon_to_bigquery.py', '--cfg-path', '/tmp/tmppyg8hlzo']
[2025-01-04T00:54:23.572+0000] {standard_task_runner.py:83} INFO - Job 210: Subtask sync_data_connection_1
[2025-01-04T00:54:24.300+0000] {task_command.py:388} INFO - Running <TaskInstance: PolygonAPI_to_BigQuery.sync_data_connection_1 scheduled__2025-01-03T00:00:00+00:00 [running]> on host 0f59df712969
[2025-01-04T00:54:24.475+0000] {taskinstance.py:1509} INFO - Exporting the following env vars:
AIRFLOW_CTX_DAG_OWNER=***
AIRFLOW_CTX_DAG_ID=PolygonAPI_to_BigQuery
AIRFLOW_CTX_TASK_ID=sync_data_connection_1
AIRFLOW_CTX_EXECUTION_DATE=2025-01-03T00:00:00+00:00
AIRFLOW_CTX_TRY_NUMBER=1
AIRFLOW_CTX_DAG_RUN_ID=scheduled__2025-01-03T00:00:00+00:00
[2025-01-04T00:54:24.513+0000] {base.py:73} INFO - Using connection ID 'airbyte_to_bigquery' for task execution.
[2025-01-04T00:54:31.287+0000] {airbyte.py:77} INFO - Job 182 was submitted to Airbyte Server
[2025-01-04T00:54:31.290+0000] {airbyte.py:79} INFO - Waiting for job 182 to complete
[2025-01-04T00:54:34.330+0000] {base.py:73} INFO - Using connection ID 'airbyte_to_bigquery' for task execution.
[2025-01-04T00:54:37.389+0000] {base.py:73} INFO - Using connection ID 'airbyte_to_bigquery' for task execution.
[2025-01-04T00:54:40.458+0000] {base.py:73} INFO - Using connection ID 'airbyte_to_bigquery' for task execution.
[2025-01-04T00:54:43.511+0000] {base.py:73} INFO - Using connection ID 'airbyte_to_bigquery' for task execution.
[2025-01-04T00:54:46.592+0000] {base.py:73} INFO - Using connection ID 'airbyte_to_bigquery' for task execution.
[2025-01-04T00:54:49.714+0000] {base.py:73} INFO - Using connection ID 'airbyte_to_bigquery' for task execution.
[2025-01-04T00:54:52.842+0000] {base.py:73} INFO - Using connection ID 'airbyte_to_bigquery' for task execution.
[2025-01-04T00:54:55.921+0000] {base.py:73} INFO - Using connection ID 'airbyte_to_bigquery' for task execution.
[2025-01-04T00:54:59.013+0000] {base.py:73} INFO - Using connection ID 'airbyte_to_bigquery' for task execution.
[2025-01-04T00:55:02.071+0000] {base.py:73} INFO - Using connection ID 'airbyte_to_bigquery' for task execution.
[2025-01-04T00:55:05.121+0000] {base.py:73} INFO - Using connection ID 'airbyte_to_bigquery' for task execution.
[2025-01-04T00:55:08.156+0000] {base.py:73} INFO - Using connection ID 'airbyte_to_bigquery' for task execution.
[2025-01-04T00:55:11.197+0000] {base.py:73} INFO - Using connection ID 'airbyte_to_bigquery' for task execution.
[2025-01-04T00:55:14.378+0000] {base.py:73} INFO - Using connection ID 'airbyte_to_bigquery' for task execution.
[2025-01-04T00:55:17.410+0000] {base.py:73} INFO - Using connection ID 'airbyte_to_bigquery' for task execution.
[2025-01-04T00:55:20.435+0000] {base.py:73} INFO - Using connection ID 'airbyte_to_bigquery' for task execution.
[2025-01-04T00:55:23.489+0000] {base.py:73} INFO - Using connection ID 'airbyte_to_bigquery' for task execution.
[2025-01-04T00:55:26.559+0000] {base.py:73} INFO - Using connection ID 'airbyte_to_bigquery' for task execution.
[2025-01-04T00:55:29.638+0000] {base.py:73} INFO - Using connection ID 'airbyte_to_bigquery' for task execution.
[2025-01-04T00:55:32.799+0000] {base.py:73} INFO - Using connection ID 'airbyte_to_bigquery' for task execution.
[2025-01-04T00:55:35.865+0000] {base.py:73} INFO - Using connection ID 'airbyte_to_bigquery' for task execution.
[2025-01-04T00:55:38.912+0000] {base.py:73} INFO - Using connection ID 'airbyte_to_bigquery' for task execution.
[2025-01-04T00:55:42.004+0000] {base.py:73} INFO - Using connection ID 'airbyte_to_bigquery' for task execution.
[2025-01-04T00:55:45.091+0000] {base.py:73} INFO - Using connection ID 'airbyte_to_bigquery' for task execution.
[2025-01-04T00:55:48.240+0000] {base.py:73} INFO - Using connection ID 'airbyte_to_bigquery' for task execution.
[2025-01-04T00:55:51.304+0000] {base.py:73} INFO - Using connection ID 'airbyte_to_bigquery' for task execution.
[2025-01-04T00:55:54.341+0000] {base.py:73} INFO - Using connection ID 'airbyte_to_bigquery' for task execution.
[2025-01-04T00:55:57.378+0000] {base.py:73} INFO - Using connection ID 'airbyte_to_bigquery' for task execution.
[2025-01-04T00:56:00.411+0000] {base.py:73} INFO - Using connection ID 'airbyte_to_bigquery' for task execution.
[2025-01-04T00:56:03.457+0000] {base.py:73} INFO - Using connection ID 'airbyte_to_bigquery' for task execution.
[2025-01-04T00:56:06.545+0000] {base.py:73} INFO - Using connection ID 'airbyte_to_bigquery' for task execution.
[2025-01-04T00:56:09.576+0000] {base.py:73} INFO - Using connection ID 'airbyte_to_bigquery' for task execution.
[2025-01-04T00:56:12.608+0000] {base.py:73} INFO - Using connection ID 'airbyte_to_bigquery' for task execution.
[2025-01-04T00:56:15.638+0000] {base.py:73} INFO - Using connection ID 'airbyte_to_bigquery' for task execution.
[2025-01-04T00:56:18.671+0000] {base.py:73} INFO - Using connection ID 'airbyte_to_bigquery' for task execution.
[2025-01-04T00:56:21.707+0000] {base.py:73} INFO - Using connection ID 'airbyte_to_bigquery' for task execution.
[2025-01-04T00:56:24.732+0000] {base.py:73} INFO - Using connection ID 'airbyte_to_bigquery' for task execution.
[2025-01-04T00:56:27.762+0000] {base.py:73} INFO - Using connection ID 'airbyte_to_bigquery' for task execution.
[2025-01-04T00:56:30.788+0000] {base.py:73} INFO - Using connection ID 'airbyte_to_bigquery' for task execution.
[2025-01-04T00:56:33.827+0000] {base.py:73} INFO - Using connection ID 'airbyte_to_bigquery' for task execution.
[2025-01-04T00:56:36.872+0000] {base.py:73} INFO - Using connection ID 'airbyte_to_bigquery' for task execution.
[2025-01-04T00:56:39.903+0000] {base.py:73} INFO - Using connection ID 'airbyte_to_bigquery' for task execution.
[2025-01-04T00:56:44.577+0000] {base.py:73} INFO - Using connection ID 'airbyte_to_bigquery' for task execution.
[2025-01-04T00:56:47.608+0000] {base.py:73} INFO - Using connection ID 'airbyte_to_bigquery' for task execution.
[2025-01-04T00:56:50.647+0000] {base.py:73} INFO - Using connection ID 'airbyte_to_bigquery' for task execution.
[2025-01-04T00:56:53.688+0000] {base.py:73} INFO - Using connection ID 'airbyte_to_bigquery' for task execution.
[2025-01-04T00:56:56.723+0000] {base.py:73} INFO - Using connection ID 'airbyte_to_bigquery' for task execution.
[2025-01-04T00:56:59.761+0000] {base.py:73} INFO - Using connection ID 'airbyte_to_bigquery' for task execution.
[2025-01-04T00:57:02.810+0000] {base.py:73} INFO - Using connection ID 'airbyte_to_bigquery' for task execution.
[2025-01-04T00:57:02.870+0000] {airbyte.py:81} INFO - Job 182 completed successfully
[2025-01-04T00:57:02.981+0000] {taskinstance.py:1323} INFO - Marking task as SUCCESS. dag_id=PolygonAPI_to_BigQuery, task_id=sync_data_connection_1, execution_date=20250103T000000, start_date=20250104T005423, end_date=20250104T005702
[2025-01-04T00:57:03.114+0000] {local_task_job.py:208} INFO - Task exited with return code 0
[2025-01-04T00:57:03.247+0000] {taskinstance.py:2578} INFO - 0 downstream tasks scheduled from follow-on schedule check
