[2025-01-18T00:58:40.464+0000] {taskinstance.py:1159} INFO - Dependencies all met for dep_context=non-requeueable deps ti=<TaskInstance: PolygonAPI_to_BigQuery.sync_data_connection_2 manual__2025-01-18T00:58:32.788564+00:00 [queued]>
[2025-01-18T00:58:40.491+0000] {taskinstance.py:1159} INFO - Dependencies all met for dep_context=requeueable deps ti=<TaskInstance: PolygonAPI_to_BigQuery.sync_data_connection_2 manual__2025-01-18T00:58:32.788564+00:00 [queued]>
[2025-01-18T00:58:40.492+0000] {taskinstance.py:1361} INFO - Starting attempt 1 of 2
[2025-01-18T00:58:40.518+0000] {taskinstance.py:1382} INFO - Executing <Task(AirbyteTriggerSyncOperator): sync_data_connection_2> on 2025-01-18 00:58:32.788564+00:00
[2025-01-18T00:58:40.527+0000] {standard_task_runner.py:57} INFO - Started process 100 to run task
[2025-01-18T00:58:40.538+0000] {standard_task_runner.py:84} INFO - Running: ['***', 'tasks', 'run', 'PolygonAPI_to_BigQuery', 'sync_data_connection_2', 'manual__2025-01-18T00:58:32.788564+00:00', '--job-id', '519', '--raw', '--subdir', 'DAGS_FOLDER/polygon_to_bigquery.py', '--cfg-path', '/tmp/tmp5_rovgk_']
[2025-01-18T00:58:40.546+0000] {standard_task_runner.py:85} INFO - Job 519: Subtask sync_data_connection_2
[2025-01-18T00:58:40.633+0000] {task_command.py:415} INFO - Running <TaskInstance: PolygonAPI_to_BigQuery.sync_data_connection_2 manual__2025-01-18T00:58:32.788564+00:00 [running]> on host a7a323ab681c
[2025-01-18T00:58:45.031+0000] {taskinstance.py:1660} INFO - Exporting env vars: AIRFLOW_CTX_DAG_OWNER='***' AIRFLOW_CTX_DAG_ID='PolygonAPI_to_BigQuery' AIRFLOW_CTX_TASK_ID='sync_data_connection_2' AIRFLOW_CTX_EXECUTION_DATE='2025-01-18T00:58:32.788564+00:00' AIRFLOW_CTX_TRY_NUMBER='1' AIRFLOW_CTX_DAG_RUN_ID='manual__2025-01-18T00:58:32.788564+00:00'
[2025-01-18T00:58:45.085+0000] {base.py:73} INFO - Using connection ID 'airbyte_to_bigquery' for task execution.
[2025-01-18T00:58:46.289+0000] {airbyte.py:95} INFO - Job 415 was submitted to Airbyte Server
[2025-01-18T00:58:46.294+0000] {airbyte.py:97} INFO - Waiting for job 415 to complete
[2025-01-18T00:58:49.335+0000] {base.py:73} INFO - Using connection ID 'airbyte_to_bigquery' for task execution.
[2025-01-18T00:58:52.398+0000] {base.py:73} INFO - Using connection ID 'airbyte_to_bigquery' for task execution.
[2025-01-18T00:58:55.538+0000] {base.py:73} INFO - Using connection ID 'airbyte_to_bigquery' for task execution.
[2025-01-18T00:58:58.629+0000] {base.py:73} INFO - Using connection ID 'airbyte_to_bigquery' for task execution.
[2025-01-18T00:59:01.745+0000] {base.py:73} INFO - Using connection ID 'airbyte_to_bigquery' for task execution.
[2025-01-18T00:59:04.873+0000] {base.py:73} INFO - Using connection ID 'airbyte_to_bigquery' for task execution.
[2025-01-18T00:59:07.939+0000] {base.py:73} INFO - Using connection ID 'airbyte_to_bigquery' for task execution.
[2025-01-18T00:59:11.023+0000] {base.py:73} INFO - Using connection ID 'airbyte_to_bigquery' for task execution.
[2025-01-18T00:59:14.097+0000] {base.py:73} INFO - Using connection ID 'airbyte_to_bigquery' for task execution.
[2025-01-18T00:59:17.148+0000] {base.py:73} INFO - Using connection ID 'airbyte_to_bigquery' for task execution.
[2025-01-18T00:59:20.188+0000] {base.py:73} INFO - Using connection ID 'airbyte_to_bigquery' for task execution.
[2025-01-18T00:59:23.249+0000] {base.py:73} INFO - Using connection ID 'airbyte_to_bigquery' for task execution.
[2025-01-18T00:59:26.344+0000] {base.py:73} INFO - Using connection ID 'airbyte_to_bigquery' for task execution.
[2025-01-18T00:59:29.430+0000] {base.py:73} INFO - Using connection ID 'airbyte_to_bigquery' for task execution.
[2025-01-18T00:59:32.484+0000] {base.py:73} INFO - Using connection ID 'airbyte_to_bigquery' for task execution.
[2025-01-18T00:59:35.542+0000] {base.py:73} INFO - Using connection ID 'airbyte_to_bigquery' for task execution.
[2025-01-18T00:59:38.582+0000] {base.py:73} INFO - Using connection ID 'airbyte_to_bigquery' for task execution.
[2025-01-18T00:59:41.625+0000] {base.py:73} INFO - Using connection ID 'airbyte_to_bigquery' for task execution.
[2025-01-18T00:59:44.709+0000] {base.py:73} INFO - Using connection ID 'airbyte_to_bigquery' for task execution.
[2025-01-18T00:59:47.755+0000] {base.py:73} INFO - Using connection ID 'airbyte_to_bigquery' for task execution.
[2025-01-18T00:59:50.829+0000] {base.py:73} INFO - Using connection ID 'airbyte_to_bigquery' for task execution.
[2025-01-18T00:59:53.884+0000] {base.py:73} INFO - Using connection ID 'airbyte_to_bigquery' for task execution.
[2025-01-18T00:59:56.925+0000] {base.py:73} INFO - Using connection ID 'airbyte_to_bigquery' for task execution.
[2025-01-18T00:59:59.961+0000] {base.py:73} INFO - Using connection ID 'airbyte_to_bigquery' for task execution.
[2025-01-18T01:00:03.008+0000] {base.py:73} INFO - Using connection ID 'airbyte_to_bigquery' for task execution.
[2025-01-18T01:00:06.055+0000] {base.py:73} INFO - Using connection ID 'airbyte_to_bigquery' for task execution.
[2025-01-18T01:00:09.090+0000] {base.py:73} INFO - Using connection ID 'airbyte_to_bigquery' for task execution.
[2025-01-18T01:00:12.121+0000] {base.py:73} INFO - Using connection ID 'airbyte_to_bigquery' for task execution.
[2025-01-18T01:00:15.155+0000] {base.py:73} INFO - Using connection ID 'airbyte_to_bigquery' for task execution.
[2025-01-18T01:00:18.189+0000] {base.py:73} INFO - Using connection ID 'airbyte_to_bigquery' for task execution.
[2025-01-18T01:00:21.225+0000] {base.py:73} INFO - Using connection ID 'airbyte_to_bigquery' for task execution.
[2025-01-18T01:00:24.278+0000] {base.py:73} INFO - Using connection ID 'airbyte_to_bigquery' for task execution.
[2025-01-18T01:00:27.314+0000] {base.py:73} INFO - Using connection ID 'airbyte_to_bigquery' for task execution.
[2025-01-18T01:00:30.369+0000] {base.py:73} INFO - Using connection ID 'airbyte_to_bigquery' for task execution.
[2025-01-18T01:00:33.426+0000] {base.py:73} INFO - Using connection ID 'airbyte_to_bigquery' for task execution.
[2025-01-18T01:00:33.456+0000] {airbyte.py:124} INFO - Job 415 completed successfully
[2025-01-18T01:00:33.512+0000] {taskinstance.py:1400} INFO - Marking task as SUCCESS. dag_id=PolygonAPI_to_BigQuery, task_id=sync_data_connection_2, execution_date=20250118T005832, start_date=20250118T005840, end_date=20250118T010033
[2025-01-18T01:00:33.572+0000] {local_task_job_runner.py:228} INFO - Task exited with return code 0
[2025-01-18T01:00:33.652+0000] {taskinstance.py:2784} INFO - 0 downstream tasks scheduled from follow-on schedule check
