[2024-12-31T00:00:04.854+0000] {taskinstance.py:1083} INFO - Dependencies all met for <TaskInstance: PolygonAPI_to_BigQuery.sync_data_connection_5 scheduled__2024-12-30T00:00:00+00:00 [queued]>
[2024-12-31T00:00:04.869+0000] {taskinstance.py:1083} INFO - Dependencies all met for <TaskInstance: PolygonAPI_to_BigQuery.sync_data_connection_5 scheduled__2024-12-30T00:00:00+00:00 [queued]>
[2024-12-31T00:00:04.870+0000] {taskinstance.py:1279} INFO - 
--------------------------------------------------------------------------------
[2024-12-31T00:00:04.870+0000] {taskinstance.py:1280} INFO - Starting attempt 1 of 2
[2024-12-31T00:00:04.871+0000] {taskinstance.py:1281} INFO - 
--------------------------------------------------------------------------------
[2024-12-31T00:00:04.896+0000] {taskinstance.py:1300} INFO - Executing <Task(AirbyteTriggerSyncOperator): sync_data_connection_5> on 2024-12-30 00:00:00+00:00
[2024-12-31T00:00:04.902+0000] {standard_task_runner.py:55} INFO - Started process 36566 to run task
[2024-12-31T00:00:04.908+0000] {standard_task_runner.py:82} INFO - Running: ['***', 'tasks', 'run', 'PolygonAPI_to_BigQuery', 'sync_data_connection_5', 'scheduled__2024-12-30T00:00:00+00:00', '--job-id', '185', '--raw', '--subdir', 'DAGS_FOLDER/polygon_to_bigquery.py', '--cfg-path', '/tmp/tmpozccutq1']
[2024-12-31T00:00:04.909+0000] {standard_task_runner.py:83} INFO - Job 185: Subtask sync_data_connection_5
[2024-12-31T00:00:04.992+0000] {task_command.py:388} INFO - Running <TaskInstance: PolygonAPI_to_BigQuery.sync_data_connection_5 scheduled__2024-12-30T00:00:00+00:00 [running]> on host 1b9e534b4855
[2024-12-31T00:00:07.196+0000] {taskinstance.py:1509} INFO - Exporting the following env vars:
AIRFLOW_CTX_DAG_OWNER=***
AIRFLOW_CTX_DAG_ID=PolygonAPI_to_BigQuery
AIRFLOW_CTX_TASK_ID=sync_data_connection_5
AIRFLOW_CTX_EXECUTION_DATE=2024-12-30T00:00:00+00:00
AIRFLOW_CTX_TRY_NUMBER=1
AIRFLOW_CTX_DAG_RUN_ID=scheduled__2024-12-30T00:00:00+00:00
[2024-12-31T00:00:07.261+0000] {base.py:73} INFO - Using connection ID 'airbyte_to_bigquery' for task execution.
[2024-12-31T00:00:13.443+0000] {airbyte.py:77} INFO - Job 163 was submitted to Airbyte Server
[2024-12-31T00:00:13.443+0000] {airbyte.py:79} INFO - Waiting for job 163 to complete
[2024-12-31T00:00:16.459+0000] {base.py:73} INFO - Using connection ID 'airbyte_to_bigquery' for task execution.
[2024-12-31T00:00:19.558+0000] {base.py:73} INFO - Using connection ID 'airbyte_to_bigquery' for task execution.
[2024-12-31T00:00:22.695+0000] {base.py:73} INFO - Using connection ID 'airbyte_to_bigquery' for task execution.
[2024-12-31T00:00:25.745+0000] {base.py:73} INFO - Using connection ID 'airbyte_to_bigquery' for task execution.
[2024-12-31T00:00:28.825+0000] {base.py:73} INFO - Using connection ID 'airbyte_to_bigquery' for task execution.
[2024-12-31T00:00:31.931+0000] {base.py:73} INFO - Using connection ID 'airbyte_to_bigquery' for task execution.
[2024-12-31T00:00:34.983+0000] {base.py:73} INFO - Using connection ID 'airbyte_to_bigquery' for task execution.
[2024-12-31T00:00:38.024+0000] {base.py:73} INFO - Using connection ID 'airbyte_to_bigquery' for task execution.
[2024-12-31T00:00:41.072+0000] {base.py:73} INFO - Using connection ID 'airbyte_to_bigquery' for task execution.
[2024-12-31T00:00:44.112+0000] {base.py:73} INFO - Using connection ID 'airbyte_to_bigquery' for task execution.
[2024-12-31T00:00:47.147+0000] {base.py:73} INFO - Using connection ID 'airbyte_to_bigquery' for task execution.
[2024-12-31T00:00:50.198+0000] {base.py:73} INFO - Using connection ID 'airbyte_to_bigquery' for task execution.
[2024-12-31T00:00:53.404+0000] {base.py:73} INFO - Using connection ID 'airbyte_to_bigquery' for task execution.
[2024-12-31T00:00:56.453+0000] {base.py:73} INFO - Using connection ID 'airbyte_to_bigquery' for task execution.
[2024-12-31T00:00:59.492+0000] {base.py:73} INFO - Using connection ID 'airbyte_to_bigquery' for task execution.
[2024-12-31T00:01:02.531+0000] {base.py:73} INFO - Using connection ID 'airbyte_to_bigquery' for task execution.
[2024-12-31T00:01:05.576+0000] {base.py:73} INFO - Using connection ID 'airbyte_to_bigquery' for task execution.
[2024-12-31T00:01:08.612+0000] {base.py:73} INFO - Using connection ID 'airbyte_to_bigquery' for task execution.
[2024-12-31T00:01:11.659+0000] {base.py:73} INFO - Using connection ID 'airbyte_to_bigquery' for task execution.
[2024-12-31T00:01:14.708+0000] {base.py:73} INFO - Using connection ID 'airbyte_to_bigquery' for task execution.
[2024-12-31T00:01:17.745+0000] {base.py:73} INFO - Using connection ID 'airbyte_to_bigquery' for task execution.
[2024-12-31T00:01:20.782+0000] {base.py:73} INFO - Using connection ID 'airbyte_to_bigquery' for task execution.
[2024-12-31T00:01:23.821+0000] {base.py:73} INFO - Using connection ID 'airbyte_to_bigquery' for task execution.
[2024-12-31T00:01:26.854+0000] {base.py:73} INFO - Using connection ID 'airbyte_to_bigquery' for task execution.
[2024-12-31T00:01:29.892+0000] {base.py:73} INFO - Using connection ID 'airbyte_to_bigquery' for task execution.
[2024-12-31T00:01:32.922+0000] {base.py:73} INFO - Using connection ID 'airbyte_to_bigquery' for task execution.
[2024-12-31T00:01:35.975+0000] {base.py:73} INFO - Using connection ID 'airbyte_to_bigquery' for task execution.
[2024-12-31T00:01:39.020+0000] {base.py:73} INFO - Using connection ID 'airbyte_to_bigquery' for task execution.
[2024-12-31T00:01:42.048+0000] {base.py:73} INFO - Using connection ID 'airbyte_to_bigquery' for task execution.
[2024-12-31T00:01:45.075+0000] {base.py:73} INFO - Using connection ID 'airbyte_to_bigquery' for task execution.
[2024-12-31T00:01:48.102+0000] {base.py:73} INFO - Using connection ID 'airbyte_to_bigquery' for task execution.
[2024-12-31T00:01:51.142+0000] {base.py:73} INFO - Using connection ID 'airbyte_to_bigquery' for task execution.
[2024-12-31T00:01:54.225+0000] {base.py:73} INFO - Using connection ID 'airbyte_to_bigquery' for task execution.
[2024-12-31T00:01:57.251+0000] {base.py:73} INFO - Using connection ID 'airbyte_to_bigquery' for task execution.
[2024-12-31T00:02:00.293+0000] {base.py:73} INFO - Using connection ID 'airbyte_to_bigquery' for task execution.
[2024-12-31T00:02:00.389+0000] {airbyte.py:81} INFO - Job 163 completed successfully
[2024-12-31T00:02:00.422+0000] {taskinstance.py:1323} INFO - Marking task as SUCCESS. dag_id=PolygonAPI_to_BigQuery, task_id=sync_data_connection_5, execution_date=20241230T000000, start_date=20241231T000004, end_date=20241231T000200
[2024-12-31T00:02:00.472+0000] {local_task_job.py:208} INFO - Task exited with return code 0
[2024-12-31T00:02:00.488+0000] {taskinstance.py:2578} INFO - 0 downstream tasks scheduled from follow-on schedule check
