[2025-01-14T00:31:30.453+0000] {taskinstance.py:1159} INFO - Dependencies all met for dep_context=non-requeueable deps ti=<TaskInstance: PolygonAPI_to_BigQuery.sync_data_connection_3 scheduled__2025-01-13T00:00:00+00:00 [queued]>
[2025-01-14T00:31:30.471+0000] {taskinstance.py:1159} INFO - Dependencies all met for dep_context=requeueable deps ti=<TaskInstance: PolygonAPI_to_BigQuery.sync_data_connection_3 scheduled__2025-01-13T00:00:00+00:00 [queued]>
[2025-01-14T00:31:30.472+0000] {taskinstance.py:1361} INFO - Starting attempt 1 of 2
[2025-01-14T00:31:30.500+0000] {taskinstance.py:1382} INFO - Executing <Task(AirbyteTriggerSyncOperator): sync_data_connection_3> on 2025-01-13 00:00:00+00:00
[2025-01-14T00:31:30.510+0000] {standard_task_runner.py:57} INFO - Started process 9023 to run task
[2025-01-14T00:31:30.518+0000] {standard_task_runner.py:84} INFO - Running: ['***', 'tasks', 'run', 'PolygonAPI_to_BigQuery', 'sync_data_connection_3', 'scheduled__2025-01-13T00:00:00+00:00', '--job-id', '357', '--raw', '--subdir', 'DAGS_FOLDER/polygon_to_bigquery.py', '--cfg-path', '/tmp/tmpas84srhp']
[2025-01-14T00:31:30.527+0000] {standard_task_runner.py:85} INFO - Job 357: Subtask sync_data_connection_3
[2025-01-14T00:31:30.671+0000] {task_command.py:415} INFO - Running <TaskInstance: PolygonAPI_to_BigQuery.sync_data_connection_3 scheduled__2025-01-13T00:00:00+00:00 [running]> on host a7a323ab681c
[2025-01-14T00:31:31.628+0000] {taskinstance.py:1660} INFO - Exporting env vars: AIRFLOW_CTX_DAG_OWNER='***' AIRFLOW_CTX_DAG_ID='PolygonAPI_to_BigQuery' AIRFLOW_CTX_TASK_ID='sync_data_connection_3' AIRFLOW_CTX_EXECUTION_DATE='2025-01-13T00:00:00+00:00' AIRFLOW_CTX_TRY_NUMBER='1' AIRFLOW_CTX_DAG_RUN_ID='scheduled__2025-01-13T00:00:00+00:00'
[2025-01-14T00:31:31.648+0000] {base.py:73} INFO - Using connection ID 'airbyte_to_bigquery' for task execution.
[2025-01-14T00:31:32.584+0000] {airbyte.py:95} INFO - Job 334 was submitted to Airbyte Server
[2025-01-14T00:31:32.585+0000] {airbyte.py:97} INFO - Waiting for job 334 to complete
[2025-01-14T00:31:35.622+0000] {base.py:73} INFO - Using connection ID 'airbyte_to_bigquery' for task execution.
[2025-01-14T00:31:38.682+0000] {base.py:73} INFO - Using connection ID 'airbyte_to_bigquery' for task execution.
[2025-01-14T00:31:41.716+0000] {base.py:73} INFO - Using connection ID 'airbyte_to_bigquery' for task execution.
[2025-01-14T00:31:44.776+0000] {base.py:73} INFO - Using connection ID 'airbyte_to_bigquery' for task execution.
[2025-01-14T00:31:47.842+0000] {base.py:73} INFO - Using connection ID 'airbyte_to_bigquery' for task execution.
[2025-01-14T00:31:50.880+0000] {base.py:73} INFO - Using connection ID 'airbyte_to_bigquery' for task execution.
[2025-01-14T00:31:53.908+0000] {base.py:73} INFO - Using connection ID 'airbyte_to_bigquery' for task execution.
[2025-01-14T00:31:57.083+0000] {base.py:73} INFO - Using connection ID 'airbyte_to_bigquery' for task execution.
[2025-01-14T00:32:00.135+0000] {base.py:73} INFO - Using connection ID 'airbyte_to_bigquery' for task execution.
[2025-01-14T00:32:03.172+0000] {base.py:73} INFO - Using connection ID 'airbyte_to_bigquery' for task execution.
[2025-01-14T00:32:06.209+0000] {base.py:73} INFO - Using connection ID 'airbyte_to_bigquery' for task execution.
[2025-01-14T00:32:09.237+0000] {base.py:73} INFO - Using connection ID 'airbyte_to_bigquery' for task execution.
[2025-01-14T00:32:12.273+0000] {base.py:73} INFO - Using connection ID 'airbyte_to_bigquery' for task execution.
[2025-01-14T00:32:15.308+0000] {base.py:73} INFO - Using connection ID 'airbyte_to_bigquery' for task execution.
[2025-01-14T00:32:18.360+0000] {base.py:73} INFO - Using connection ID 'airbyte_to_bigquery' for task execution.
[2025-01-14T00:32:21.380+0000] {base.py:73} INFO - Using connection ID 'airbyte_to_bigquery' for task execution.
[2025-01-14T00:32:24.403+0000] {base.py:73} INFO - Using connection ID 'airbyte_to_bigquery' for task execution.
[2025-01-14T00:32:27.479+0000] {base.py:73} INFO - Using connection ID 'airbyte_to_bigquery' for task execution.
[2025-01-14T00:32:30.508+0000] {base.py:73} INFO - Using connection ID 'airbyte_to_bigquery' for task execution.
[2025-01-14T00:32:33.530+0000] {base.py:73} INFO - Using connection ID 'airbyte_to_bigquery' for task execution.
[2025-01-14T00:32:36.556+0000] {base.py:73} INFO - Using connection ID 'airbyte_to_bigquery' for task execution.
[2025-01-14T00:32:39.583+0000] {base.py:73} INFO - Using connection ID 'airbyte_to_bigquery' for task execution.
[2025-01-14T00:32:42.617+0000] {base.py:73} INFO - Using connection ID 'airbyte_to_bigquery' for task execution.
[2025-01-14T00:32:45.643+0000] {base.py:73} INFO - Using connection ID 'airbyte_to_bigquery' for task execution.
[2025-01-14T00:32:48.674+0000] {base.py:73} INFO - Using connection ID 'airbyte_to_bigquery' for task execution.
[2025-01-14T00:32:48.707+0000] {airbyte.py:124} INFO - Job 334 completed successfully
[2025-01-14T00:32:48.762+0000] {taskinstance.py:1400} INFO - Marking task as SUCCESS. dag_id=PolygonAPI_to_BigQuery, task_id=sync_data_connection_3, execution_date=20250113T000000, start_date=20250114T003130, end_date=20250114T003248
[2025-01-14T00:32:48.841+0000] {local_task_job_runner.py:228} INFO - Task exited with return code 0
[2025-01-14T00:32:48.896+0000] {taskinstance.py:2784} INFO - 0 downstream tasks scheduled from follow-on schedule check
