[2024-12-17T00:00:02.956+0000] {taskinstance.py:1083} INFO - Dependencies all met for <TaskInstance: PolygonAPI_to_BigQuery.sync_data_connection_2 scheduled__2024-12-16T00:00:00+00:00 [queued]>
[2024-12-17T00:00:02.978+0000] {taskinstance.py:1083} INFO - Dependencies all met for <TaskInstance: PolygonAPI_to_BigQuery.sync_data_connection_2 scheduled__2024-12-16T00:00:00+00:00 [queued]>
[2024-12-17T00:00:02.978+0000] {taskinstance.py:1279} INFO - 
--------------------------------------------------------------------------------
[2024-12-17T00:00:02.979+0000] {taskinstance.py:1280} INFO - Starting attempt 1 of 2
[2024-12-17T00:00:02.979+0000] {taskinstance.py:1281} INFO - 
--------------------------------------------------------------------------------
[2024-12-17T00:00:03.013+0000] {taskinstance.py:1300} INFO - Executing <Task(AirbyteTriggerSyncOperator): sync_data_connection_2> on 2024-12-16 00:00:00+00:00
[2024-12-17T00:00:03.023+0000] {standard_task_runner.py:55} INFO - Started process 8904 to run task
[2024-12-17T00:00:03.030+0000] {standard_task_runner.py:82} INFO - Running: ['***', 'tasks', 'run', 'PolygonAPI_to_BigQuery', 'sync_data_connection_2', 'scheduled__2024-12-16T00:00:00+00:00', '--job-id', '111', '--raw', '--subdir', 'DAGS_FOLDER/polygon_to_bigquery.py', '--cfg-path', '/tmp/tmp2ihxgo92']
[2024-12-17T00:00:03.032+0000] {standard_task_runner.py:83} INFO - Job 111: Subtask sync_data_connection_2
[2024-12-17T00:00:03.164+0000] {task_command.py:388} INFO - Running <TaskInstance: PolygonAPI_to_BigQuery.sync_data_connection_2 scheduled__2024-12-16T00:00:00+00:00 [running]> on host 1b9e534b4855
[2024-12-17T00:00:03.293+0000] {taskinstance.py:1509} INFO - Exporting the following env vars:
AIRFLOW_CTX_DAG_OWNER=***
AIRFLOW_CTX_DAG_ID=PolygonAPI_to_BigQuery
AIRFLOW_CTX_TASK_ID=sync_data_connection_2
AIRFLOW_CTX_EXECUTION_DATE=2024-12-16T00:00:00+00:00
AIRFLOW_CTX_TRY_NUMBER=1
AIRFLOW_CTX_DAG_RUN_ID=scheduled__2024-12-16T00:00:00+00:00
[2024-12-17T00:00:03.339+0000] {base.py:73} INFO - Using connection ID 'airbyte_to_bigquery' for task execution.
[2024-12-17T00:00:04.467+0000] {airbyte.py:77} INFO - Job 89 was submitted to Airbyte Server
[2024-12-17T00:00:04.468+0000] {airbyte.py:79} INFO - Waiting for job 89 to complete
[2024-12-17T00:00:07.485+0000] {base.py:73} INFO - Using connection ID 'airbyte_to_bigquery' for task execution.
[2024-12-17T00:00:10.592+0000] {base.py:73} INFO - Using connection ID 'airbyte_to_bigquery' for task execution.
[2024-12-17T00:00:13.706+0000] {base.py:73} INFO - Using connection ID 'airbyte_to_bigquery' for task execution.
[2024-12-17T00:00:16.785+0000] {base.py:73} INFO - Using connection ID 'airbyte_to_bigquery' for task execution.
[2024-12-17T00:00:19.870+0000] {base.py:73} INFO - Using connection ID 'airbyte_to_bigquery' for task execution.
[2024-12-17T00:00:22.964+0000] {base.py:73} INFO - Using connection ID 'airbyte_to_bigquery' for task execution.
[2024-12-17T00:00:26.023+0000] {base.py:73} INFO - Using connection ID 'airbyte_to_bigquery' for task execution.
[2024-12-17T00:00:29.057+0000] {base.py:73} INFO - Using connection ID 'airbyte_to_bigquery' for task execution.
[2024-12-17T00:00:32.097+0000] {base.py:73} INFO - Using connection ID 'airbyte_to_bigquery' for task execution.
[2024-12-17T00:00:35.269+0000] {base.py:73} INFO - Using connection ID 'airbyte_to_bigquery' for task execution.
[2024-12-17T00:00:38.385+0000] {base.py:73} INFO - Using connection ID 'airbyte_to_bigquery' for task execution.
[2024-12-17T00:00:41.459+0000] {base.py:73} INFO - Using connection ID 'airbyte_to_bigquery' for task execution.
[2024-12-17T00:00:44.513+0000] {base.py:73} INFO - Using connection ID 'airbyte_to_bigquery' for task execution.
[2024-12-17T00:00:47.568+0000] {base.py:73} INFO - Using connection ID 'airbyte_to_bigquery' for task execution.
[2024-12-17T00:00:50.654+0000] {base.py:73} INFO - Using connection ID 'airbyte_to_bigquery' for task execution.
[2024-12-17T00:00:53.708+0000] {base.py:73} INFO - Using connection ID 'airbyte_to_bigquery' for task execution.
[2024-12-17T00:00:56.746+0000] {base.py:73} INFO - Using connection ID 'airbyte_to_bigquery' for task execution.
[2024-12-17T00:00:59.778+0000] {base.py:73} INFO - Using connection ID 'airbyte_to_bigquery' for task execution.
[2024-12-17T00:01:02.810+0000] {base.py:73} INFO - Using connection ID 'airbyte_to_bigquery' for task execution.
[2024-12-17T00:01:05.849+0000] {base.py:73} INFO - Using connection ID 'airbyte_to_bigquery' for task execution.
[2024-12-17T00:01:08.907+0000] {base.py:73} INFO - Using connection ID 'airbyte_to_bigquery' for task execution.
[2024-12-17T00:01:11.936+0000] {base.py:73} INFO - Using connection ID 'airbyte_to_bigquery' for task execution.
[2024-12-17T00:01:14.970+0000] {base.py:73} INFO - Using connection ID 'airbyte_to_bigquery' for task execution.
[2024-12-17T00:01:17.996+0000] {base.py:73} INFO - Using connection ID 'airbyte_to_bigquery' for task execution.
[2024-12-17T00:01:21.023+0000] {base.py:73} INFO - Using connection ID 'airbyte_to_bigquery' for task execution.
[2024-12-17T00:01:24.048+0000] {base.py:73} INFO - Using connection ID 'airbyte_to_bigquery' for task execution.
[2024-12-17T00:01:27.076+0000] {base.py:73} INFO - Using connection ID 'airbyte_to_bigquery' for task execution.
[2024-12-17T00:01:30.108+0000] {base.py:73} INFO - Using connection ID 'airbyte_to_bigquery' for task execution.
[2024-12-17T00:01:30.131+0000] {airbyte.py:81} INFO - Job 89 completed successfully
[2024-12-17T00:01:30.162+0000] {taskinstance.py:1323} INFO - Marking task as SUCCESS. dag_id=PolygonAPI_to_BigQuery, task_id=sync_data_connection_2, execution_date=20241216T000000, start_date=20241217T000002, end_date=20241217T000130
[2024-12-17T00:01:30.202+0000] {local_task_job.py:208} INFO - Task exited with return code 0
[2024-12-17T00:01:30.221+0000] {taskinstance.py:2578} INFO - 0 downstream tasks scheduled from follow-on schedule check
