[2025-01-07T17:05:29.550+0000] {taskinstance.py:1083} INFO - Dependencies all met for <TaskInstance: PolygonAPI_to_BigQuery.sync_data_connection_5 scheduled__2025-01-06T17:05:26.409445+00:00 [queued]>
[2025-01-07T17:05:29.582+0000] {taskinstance.py:1083} INFO - Dependencies all met for <TaskInstance: PolygonAPI_to_BigQuery.sync_data_connection_5 scheduled__2025-01-06T17:05:26.409445+00:00 [queued]>
[2025-01-07T17:05:29.583+0000] {taskinstance.py:1279} INFO - 
--------------------------------------------------------------------------------
[2025-01-07T17:05:29.584+0000] {taskinstance.py:1280} INFO - Starting attempt 1 of 2
[2025-01-07T17:05:29.584+0000] {taskinstance.py:1281} INFO - 
--------------------------------------------------------------------------------
[2025-01-07T17:05:29.644+0000] {taskinstance.py:1300} INFO - Executing <Task(AirbyteTriggerSyncOperator): sync_data_connection_5> on 2025-01-06 17:05:26.409445+00:00
[2025-01-07T17:05:29.652+0000] {standard_task_runner.py:55} INFO - Started process 86 to run task
[2025-01-07T17:05:29.663+0000] {standard_task_runner.py:82} INFO - Running: ['***', 'tasks', 'run', 'PolygonAPI_to_BigQuery', 'sync_data_connection_5', 'scheduled__2025-01-06T17:05:26.409445+00:00', '--job-id', '490', '--raw', '--subdir', 'DAGS_FOLDER/polygon_to_bigquery.py', '--cfg-path', '/tmp/tmpf4zy1m04']
[2025-01-07T17:05:29.665+0000] {standard_task_runner.py:83} INFO - Job 490: Subtask sync_data_connection_5
[2025-01-07T17:05:29.831+0000] {task_command.py:388} INFO - Running <TaskInstance: PolygonAPI_to_BigQuery.sync_data_connection_5 scheduled__2025-01-06T17:05:26.409445+00:00 [running]> on host f55cbd47c02a
[2025-01-07T17:05:30.055+0000] {taskinstance.py:1509} INFO - Exporting the following env vars:
AIRFLOW_CTX_DAG_OWNER=***
AIRFLOW_CTX_DAG_ID=PolygonAPI_to_BigQuery
AIRFLOW_CTX_TASK_ID=sync_data_connection_5
AIRFLOW_CTX_EXECUTION_DATE=2025-01-06T17:05:26.409445+00:00
AIRFLOW_CTX_TRY_NUMBER=1
AIRFLOW_CTX_DAG_RUN_ID=scheduled__2025-01-06T17:05:26.409445+00:00
[2025-01-07T17:05:30.081+0000] {base.py:73} INFO - Using connection ID 'airbyte_to_bigquery' for task execution.
[2025-01-07T17:05:42.444+0000] {airbyte.py:77} INFO - Job 194 was submitted to Airbyte Server
[2025-01-07T17:05:42.445+0000] {airbyte.py:79} INFO - Waiting for job 194 to complete
[2025-01-07T17:05:45.483+0000] {base.py:73} INFO - Using connection ID 'airbyte_to_bigquery' for task execution.
[2025-01-07T17:05:48.629+0000] {base.py:73} INFO - Using connection ID 'airbyte_to_bigquery' for task execution.
[2025-01-07T17:05:51.781+0000] {base.py:73} INFO - Using connection ID 'airbyte_to_bigquery' for task execution.
[2025-01-07T17:05:54.858+0000] {base.py:73} INFO - Using connection ID 'airbyte_to_bigquery' for task execution.
[2025-01-07T17:05:58.397+0000] {base.py:73} INFO - Using connection ID 'airbyte_to_bigquery' for task execution.
[2025-01-07T17:06:01.492+0000] {base.py:73} INFO - Using connection ID 'airbyte_to_bigquery' for task execution.
[2025-01-07T17:06:04.600+0000] {base.py:73} INFO - Using connection ID 'airbyte_to_bigquery' for task execution.
[2025-01-07T17:06:07.966+0000] {base.py:73} INFO - Using connection ID 'airbyte_to_bigquery' for task execution.
[2025-01-07T17:06:11.068+0000] {base.py:73} INFO - Using connection ID 'airbyte_to_bigquery' for task execution.
[2025-01-07T17:06:14.128+0000] {base.py:73} INFO - Using connection ID 'airbyte_to_bigquery' for task execution.
[2025-01-07T17:06:17.194+0000] {base.py:73} INFO - Using connection ID 'airbyte_to_bigquery' for task execution.
[2025-01-07T17:06:20.250+0000] {base.py:73} INFO - Using connection ID 'airbyte_to_bigquery' for task execution.
[2025-01-07T17:06:23.310+0000] {base.py:73} INFO - Using connection ID 'airbyte_to_bigquery' for task execution.
[2025-01-07T17:06:26.420+0000] {base.py:73} INFO - Using connection ID 'airbyte_to_bigquery' for task execution.
[2025-01-07T17:06:29.513+0000] {base.py:73} INFO - Using connection ID 'airbyte_to_bigquery' for task execution.
[2025-01-07T17:06:32.749+0000] {base.py:73} INFO - Using connection ID 'airbyte_to_bigquery' for task execution.
[2025-01-07T17:06:35.880+0000] {base.py:73} INFO - Using connection ID 'airbyte_to_bigquery' for task execution.
[2025-01-07T17:06:38.960+0000] {base.py:73} INFO - Using connection ID 'airbyte_to_bigquery' for task execution.
[2025-01-07T17:06:42.019+0000] {base.py:73} INFO - Using connection ID 'airbyte_to_bigquery' for task execution.
[2025-01-07T17:06:45.066+0000] {base.py:73} INFO - Using connection ID 'airbyte_to_bigquery' for task execution.
[2025-01-07T17:06:48.111+0000] {base.py:73} INFO - Using connection ID 'airbyte_to_bigquery' for task execution.
[2025-01-07T17:06:51.238+0000] {base.py:73} INFO - Using connection ID 'airbyte_to_bigquery' for task execution.
[2025-01-07T17:06:54.370+0000] {base.py:73} INFO - Using connection ID 'airbyte_to_bigquery' for task execution.
[2025-01-07T17:06:57.418+0000] {base.py:73} INFO - Using connection ID 'airbyte_to_bigquery' for task execution.
[2025-01-07T17:07:00.446+0000] {base.py:73} INFO - Using connection ID 'airbyte_to_bigquery' for task execution.
[2025-01-07T17:07:03.475+0000] {base.py:73} INFO - Using connection ID 'airbyte_to_bigquery' for task execution.
[2025-01-07T17:07:06.511+0000] {base.py:73} INFO - Using connection ID 'airbyte_to_bigquery' for task execution.
[2025-01-07T17:07:09.554+0000] {base.py:73} INFO - Using connection ID 'airbyte_to_bigquery' for task execution.
[2025-01-07T17:07:12.588+0000] {base.py:73} INFO - Using connection ID 'airbyte_to_bigquery' for task execution.
[2025-01-07T17:07:15.621+0000] {base.py:73} INFO - Using connection ID 'airbyte_to_bigquery' for task execution.
[2025-01-07T17:07:18.646+0000] {base.py:73} INFO - Using connection ID 'airbyte_to_bigquery' for task execution.
[2025-01-07T17:07:21.678+0000] {base.py:73} INFO - Using connection ID 'airbyte_to_bigquery' for task execution.
[2025-01-07T17:07:24.720+0000] {base.py:73} INFO - Using connection ID 'airbyte_to_bigquery' for task execution.
[2025-01-07T17:07:27.759+0000] {base.py:73} INFO - Using connection ID 'airbyte_to_bigquery' for task execution.
[2025-01-07T17:07:30.793+0000] {base.py:73} INFO - Using connection ID 'airbyte_to_bigquery' for task execution.
[2025-01-07T17:07:33.828+0000] {base.py:73} INFO - Using connection ID 'airbyte_to_bigquery' for task execution.
[2025-01-07T17:07:36.872+0000] {base.py:73} INFO - Using connection ID 'airbyte_to_bigquery' for task execution.
[2025-01-07T17:07:39.912+0000] {base.py:73} INFO - Using connection ID 'airbyte_to_bigquery' for task execution.
[2025-01-07T17:07:42.970+0000] {base.py:73} INFO - Using connection ID 'airbyte_to_bigquery' for task execution.
[2025-01-07T17:07:43.014+0000] {airbyte.py:81} INFO - Job 194 completed successfully
[2025-01-07T17:07:43.126+0000] {taskinstance.py:1323} INFO - Marking task as SUCCESS. dag_id=PolygonAPI_to_BigQuery, task_id=sync_data_connection_5, execution_date=20250106T170526, start_date=20250107T170529, end_date=20250107T170743
[2025-01-07T17:07:43.236+0000] {local_task_job.py:208} INFO - Task exited with return code 0
[2025-01-07T17:07:43.294+0000] {taskinstance.py:2578} INFO - 0 downstream tasks scheduled from follow-on schedule check
