[2025-01-08T23:38:45.126+0000] {taskinstance.py:1083} INFO - Dependencies all met for <TaskInstance: PolygonAPI_to_BigQuery.sync_data_connection_1 manual__2025-01-08T23:38:42.686957+00:00 [queued]>
[2025-01-08T23:38:45.146+0000] {taskinstance.py:1083} INFO - Dependencies all met for <TaskInstance: PolygonAPI_to_BigQuery.sync_data_connection_1 manual__2025-01-08T23:38:42.686957+00:00 [queued]>
[2025-01-08T23:38:45.146+0000] {taskinstance.py:1279} INFO - 
--------------------------------------------------------------------------------
[2025-01-08T23:38:45.147+0000] {taskinstance.py:1280} INFO - Starting attempt 1 of 2
[2025-01-08T23:38:45.147+0000] {taskinstance.py:1281} INFO - 
--------------------------------------------------------------------------------
[2025-01-08T23:38:45.186+0000] {taskinstance.py:1300} INFO - Executing <Task(AirbyteTriggerSyncOperator): sync_data_connection_1> on 2025-01-08 23:38:42.686957+00:00
[2025-01-08T23:38:45.192+0000] {standard_task_runner.py:55} INFO - Started process 205 to run task
[2025-01-08T23:38:45.202+0000] {standard_task_runner.py:82} INFO - Running: ['***', 'tasks', 'run', 'PolygonAPI_to_BigQuery', 'sync_data_connection_1', 'manual__2025-01-08T23:38:42.686957+00:00', '--job-id', '629', '--raw', '--subdir', 'DAGS_FOLDER/polygon_to_bigquery.py', '--cfg-path', '/tmp/tmpraudwmta']
[2025-01-08T23:38:45.203+0000] {standard_task_runner.py:83} INFO - Job 629: Subtask sync_data_connection_1
[2025-01-08T23:38:45.360+0000] {task_command.py:388} INFO - Running <TaskInstance: PolygonAPI_to_BigQuery.sync_data_connection_1 manual__2025-01-08T23:38:42.686957+00:00 [running]> on host 65047f1edb18
[2025-01-08T23:38:45.526+0000] {taskinstance.py:1509} INFO - Exporting the following env vars:
AIRFLOW_CTX_DAG_OWNER=***
AIRFLOW_CTX_DAG_ID=PolygonAPI_to_BigQuery
AIRFLOW_CTX_TASK_ID=sync_data_connection_1
AIRFLOW_CTX_EXECUTION_DATE=2025-01-08T23:38:42.686957+00:00
AIRFLOW_CTX_TRY_NUMBER=1
AIRFLOW_CTX_DAG_RUN_ID=manual__2025-01-08T23:38:42.686957+00:00
[2025-01-08T23:38:45.543+0000] {base.py:73} INFO - Using connection ID 'airbyte_to_bigquery' for task execution.
[2025-01-08T23:38:46.306+0000] {airbyte.py:77} INFO - Job 232 was submitted to Airbyte Server
[2025-01-08T23:38:46.307+0000] {airbyte.py:79} INFO - Waiting for job 232 to complete
[2025-01-08T23:38:49.327+0000] {base.py:73} INFO - Using connection ID 'airbyte_to_bigquery' for task execution.
[2025-01-08T23:38:52.376+0000] {base.py:73} INFO - Using connection ID 'airbyte_to_bigquery' for task execution.
[2025-01-08T23:38:55.445+0000] {base.py:73} INFO - Using connection ID 'airbyte_to_bigquery' for task execution.
[2025-01-08T23:38:58.491+0000] {base.py:73} INFO - Using connection ID 'airbyte_to_bigquery' for task execution.
[2025-01-08T23:39:01.523+0000] {base.py:73} INFO - Using connection ID 'airbyte_to_bigquery' for task execution.
[2025-01-08T23:39:04.553+0000] {base.py:73} INFO - Using connection ID 'airbyte_to_bigquery' for task execution.
[2025-01-08T23:39:07.576+0000] {base.py:73} INFO - Using connection ID 'airbyte_to_bigquery' for task execution.
[2025-01-08T23:39:10.608+0000] {base.py:73} INFO - Using connection ID 'airbyte_to_bigquery' for task execution.
[2025-01-08T23:39:13.655+0000] {base.py:73} INFO - Using connection ID 'airbyte_to_bigquery' for task execution.
[2025-01-08T23:39:16.697+0000] {base.py:73} INFO - Using connection ID 'airbyte_to_bigquery' for task execution.
[2025-01-08T23:39:19.731+0000] {base.py:73} INFO - Using connection ID 'airbyte_to_bigquery' for task execution.
[2025-01-08T23:39:22.763+0000] {base.py:73} INFO - Using connection ID 'airbyte_to_bigquery' for task execution.
[2025-01-08T23:39:25.799+0000] {base.py:73} INFO - Using connection ID 'airbyte_to_bigquery' for task execution.
[2025-01-08T23:39:28.839+0000] {base.py:73} INFO - Using connection ID 'airbyte_to_bigquery' for task execution.
[2025-01-08T23:39:31.865+0000] {base.py:73} INFO - Using connection ID 'airbyte_to_bigquery' for task execution.
[2025-01-08T23:39:34.890+0000] {base.py:73} INFO - Using connection ID 'airbyte_to_bigquery' for task execution.
[2025-01-08T23:39:37.916+0000] {base.py:73} INFO - Using connection ID 'airbyte_to_bigquery' for task execution.
[2025-01-08T23:39:40.942+0000] {base.py:73} INFO - Using connection ID 'airbyte_to_bigquery' for task execution.
[2025-01-08T23:39:43.967+0000] {base.py:73} INFO - Using connection ID 'airbyte_to_bigquery' for task execution.
[2025-01-08T23:39:46.989+0000] {base.py:73} INFO - Using connection ID 'airbyte_to_bigquery' for task execution.
[2025-01-08T23:39:50.014+0000] {base.py:73} INFO - Using connection ID 'airbyte_to_bigquery' for task execution.
[2025-01-08T23:39:53.040+0000] {base.py:73} INFO - Using connection ID 'airbyte_to_bigquery' for task execution.
[2025-01-08T23:39:56.075+0000] {base.py:73} INFO - Using connection ID 'airbyte_to_bigquery' for task execution.
[2025-01-08T23:39:59.097+0000] {base.py:73} INFO - Using connection ID 'airbyte_to_bigquery' for task execution.
[2025-01-08T23:39:59.118+0000] {airbyte.py:81} INFO - Job 232 completed successfully
[2025-01-08T23:39:59.168+0000] {taskinstance.py:1323} INFO - Marking task as SUCCESS. dag_id=PolygonAPI_to_BigQuery, task_id=sync_data_connection_1, execution_date=20250108T233842, start_date=20250108T233845, end_date=20250108T233959
[2025-01-08T23:39:59.226+0000] {local_task_job.py:208} INFO - Task exited with return code 0
[2025-01-08T23:39:59.351+0000] {taskinstance.py:2578} INFO - 0 downstream tasks scheduled from follow-on schedule check
