[2025-01-02T13:00:26.940+0000] {taskinstance.py:1083} INFO - Dependencies all met for <TaskInstance: PolygonAPI_to_BigQuery.sync_data_connection_2 scheduled__2025-01-01T00:00:00+00:00 [queued]>
[2025-01-02T13:00:27.030+0000] {taskinstance.py:1083} INFO - Dependencies all met for <TaskInstance: PolygonAPI_to_BigQuery.sync_data_connection_2 scheduled__2025-01-01T00:00:00+00:00 [queued]>
[2025-01-02T13:00:27.040+0000] {taskinstance.py:1279} INFO - 
--------------------------------------------------------------------------------
[2025-01-02T13:00:27.041+0000] {taskinstance.py:1280} INFO - Starting attempt 1 of 2
[2025-01-02T13:00:27.041+0000] {taskinstance.py:1281} INFO - 
--------------------------------------------------------------------------------
[2025-01-02T13:00:27.326+0000] {taskinstance.py:1300} INFO - Executing <Task(AirbyteTriggerSyncOperator): sync_data_connection_2> on 2025-01-01 00:00:00+00:00
[2025-01-02T13:00:27.376+0000] {standard_task_runner.py:55} INFO - Started process 9592 to run task
[2025-01-02T13:00:27.400+0000] {standard_task_runner.py:82} INFO - Running: ['***', 'tasks', 'run', 'PolygonAPI_to_BigQuery', 'sync_data_connection_2', 'scheduled__2025-01-01T00:00:00+00:00', '--job-id', '202', '--raw', '--subdir', 'DAGS_FOLDER/polygon_to_bigquery.py', '--cfg-path', '/tmp/tmpsmn228_q']
[2025-01-02T13:00:27.402+0000] {standard_task_runner.py:83} INFO - Job 202: Subtask sync_data_connection_2
[2025-01-02T13:00:28.267+0000] {task_command.py:388} INFO - Running <TaskInstance: PolygonAPI_to_BigQuery.sync_data_connection_2 scheduled__2025-01-01T00:00:00+00:00 [running]> on host 0f59df712969
[2025-01-02T13:00:29.110+0000] {taskinstance.py:1509} INFO - Exporting the following env vars:
AIRFLOW_CTX_DAG_OWNER=***
AIRFLOW_CTX_DAG_ID=PolygonAPI_to_BigQuery
AIRFLOW_CTX_TASK_ID=sync_data_connection_2
AIRFLOW_CTX_EXECUTION_DATE=2025-01-01T00:00:00+00:00
AIRFLOW_CTX_TRY_NUMBER=1
AIRFLOW_CTX_DAG_RUN_ID=scheduled__2025-01-01T00:00:00+00:00
[2025-01-02T13:00:29.233+0000] {base.py:73} INFO - Using connection ID 'airbyte_to_bigquery' for task execution.
[2025-01-02T13:02:07.776+0000] {airbyte.py:77} INFO - Job 174 was submitted to Airbyte Server
[2025-01-02T13:02:07.777+0000] {airbyte.py:79} INFO - Waiting for job 174 to complete
[2025-01-02T13:02:10.793+0000] {base.py:73} INFO - Using connection ID 'airbyte_to_bigquery' for task execution.
[2025-01-02T13:02:13.911+0000] {base.py:73} INFO - Using connection ID 'airbyte_to_bigquery' for task execution.
[2025-01-02T13:02:16.962+0000] {base.py:73} INFO - Using connection ID 'airbyte_to_bigquery' for task execution.
[2025-01-02T13:02:20.033+0000] {base.py:73} INFO - Using connection ID 'airbyte_to_bigquery' for task execution.
[2025-01-02T13:02:23.221+0000] {base.py:73} INFO - Using connection ID 'airbyte_to_bigquery' for task execution.
[2025-01-02T13:02:26.377+0000] {base.py:73} INFO - Using connection ID 'airbyte_to_bigquery' for task execution.
[2025-01-02T13:02:29.517+0000] {base.py:73} INFO - Using connection ID 'airbyte_to_bigquery' for task execution.
[2025-01-02T13:02:32.557+0000] {base.py:73} INFO - Using connection ID 'airbyte_to_bigquery' for task execution.
[2025-01-02T13:02:35.590+0000] {base.py:73} INFO - Using connection ID 'airbyte_to_bigquery' for task execution.
[2025-01-02T13:02:38.623+0000] {base.py:73} INFO - Using connection ID 'airbyte_to_bigquery' for task execution.
[2025-01-02T13:02:41.678+0000] {base.py:73} INFO - Using connection ID 'airbyte_to_bigquery' for task execution.
[2025-01-02T13:02:44.743+0000] {base.py:73} INFO - Using connection ID 'airbyte_to_bigquery' for task execution.
[2025-01-02T13:02:47.792+0000] {base.py:73} INFO - Using connection ID 'airbyte_to_bigquery' for task execution.
[2025-01-02T13:02:50.826+0000] {base.py:73} INFO - Using connection ID 'airbyte_to_bigquery' for task execution.
[2025-01-02T13:02:53.863+0000] {base.py:73} INFO - Using connection ID 'airbyte_to_bigquery' for task execution.
[2025-01-02T13:02:56.895+0000] {base.py:73} INFO - Using connection ID 'airbyte_to_bigquery' for task execution.
[2025-01-02T13:02:59.923+0000] {base.py:73} INFO - Using connection ID 'airbyte_to_bigquery' for task execution.
[2025-01-02T13:03:02.948+0000] {base.py:73} INFO - Using connection ID 'airbyte_to_bigquery' for task execution.
[2025-01-02T13:03:05.974+0000] {base.py:73} INFO - Using connection ID 'airbyte_to_bigquery' for task execution.
[2025-01-02T13:03:09.009+0000] {base.py:73} INFO - Using connection ID 'airbyte_to_bigquery' for task execution.
[2025-01-02T13:03:12.042+0000] {base.py:73} INFO - Using connection ID 'airbyte_to_bigquery' for task execution.
[2025-01-02T13:03:15.078+0000] {base.py:73} INFO - Using connection ID 'airbyte_to_bigquery' for task execution.
[2025-01-02T13:03:18.110+0000] {base.py:73} INFO - Using connection ID 'airbyte_to_bigquery' for task execution.
[2025-01-02T13:03:21.131+0000] {base.py:73} INFO - Using connection ID 'airbyte_to_bigquery' for task execution.
[2025-01-02T13:03:24.156+0000] {base.py:73} INFO - Using connection ID 'airbyte_to_bigquery' for task execution.
[2025-01-02T13:03:27.193+0000] {base.py:73} INFO - Using connection ID 'airbyte_to_bigquery' for task execution.
[2025-01-02T13:03:30.225+0000] {base.py:73} INFO - Using connection ID 'airbyte_to_bigquery' for task execution.
[2025-01-02T13:03:30.251+0000] {airbyte.py:81} INFO - Job 174 completed successfully
[2025-01-02T13:03:30.301+0000] {taskinstance.py:1323} INFO - Marking task as SUCCESS. dag_id=PolygonAPI_to_BigQuery, task_id=sync_data_connection_2, execution_date=20250101T000000, start_date=20250102T130026, end_date=20250102T130330
[2025-01-02T13:03:30.342+0000] {local_task_job.py:208} INFO - Task exited with return code 0
[2025-01-02T13:03:30.368+0000] {taskinstance.py:2578} INFO - 0 downstream tasks scheduled from follow-on schedule check
