[2024-12-02T23:00:00.825+0000] {taskinstance.py:1083} INFO - Dependencies all met for <TaskInstance: PolygonAPI_to_BigQuery.sync_polygon_data scheduled__2024-12-02T22:00:00+00:00 [queued]>
[2024-12-02T23:00:00.833+0000] {taskinstance.py:1083} INFO - Dependencies all met for <TaskInstance: PolygonAPI_to_BigQuery.sync_polygon_data scheduled__2024-12-02T22:00:00+00:00 [queued]>
[2024-12-02T23:00:00.834+0000] {taskinstance.py:1279} INFO - 
--------------------------------------------------------------------------------
[2024-12-02T23:00:00.835+0000] {taskinstance.py:1280} INFO - Starting attempt 1 of 2
[2024-12-02T23:00:00.835+0000] {taskinstance.py:1281} INFO - 
--------------------------------------------------------------------------------
[2024-12-02T23:00:00.851+0000] {taskinstance.py:1300} INFO - Executing <Task(AirbyteTriggerSyncOperator): sync_polygon_data> on 2024-12-02 22:00:00+00:00
[2024-12-02T23:00:00.855+0000] {standard_task_runner.py:55} INFO - Started process 34868 to run task
[2024-12-02T23:00:00.859+0000] {standard_task_runner.py:82} INFO - Running: ['***', 'tasks', 'run', 'PolygonAPI_to_BigQuery', 'sync_polygon_data', 'scheduled__2024-12-02T22:00:00+00:00', '--job-id', '29', '--raw', '--subdir', 'DAGS_FOLDER/polygon_to_BigQuery_sync.py', '--cfg-path', '/tmp/tmpyt5qm6y0']
[2024-12-02T23:00:00.860+0000] {standard_task_runner.py:83} INFO - Job 29: Subtask sync_polygon_data
[2024-12-02T23:00:00.923+0000] {task_command.py:388} INFO - Running <TaskInstance: PolygonAPI_to_BigQuery.sync_polygon_data scheduled__2024-12-02T22:00:00+00:00 [running]> on host 5ecff608e4ff
[2024-12-02T23:00:00.990+0000] {taskinstance.py:1509} INFO - Exporting the following env vars:
AIRFLOW_CTX_DAG_OWNER=***
AIRFLOW_CTX_DAG_ID=PolygonAPI_to_BigQuery
AIRFLOW_CTX_TASK_ID=sync_polygon_data
AIRFLOW_CTX_EXECUTION_DATE=2024-12-02T22:00:00+00:00
AIRFLOW_CTX_TRY_NUMBER=1
AIRFLOW_CTX_DAG_RUN_ID=scheduled__2024-12-02T22:00:00+00:00
[2024-12-02T23:00:00.999+0000] {base.py:73} INFO - Using connection ID 'airbyte_to_bigquery' for task execution.
[2024-12-02T23:00:01.388+0000] {airbyte.py:77} INFO - Job 19 was submitted to Airbyte Server
[2024-12-02T23:00:01.388+0000] {airbyte.py:79} INFO - Waiting for job 19 to complete
[2024-12-02T23:00:04.398+0000] {base.py:73} INFO - Using connection ID 'airbyte_to_bigquery' for task execution.
[2024-12-02T23:00:07.421+0000] {base.py:73} INFO - Using connection ID 'airbyte_to_bigquery' for task execution.
[2024-12-02T23:00:10.445+0000] {base.py:73} INFO - Using connection ID 'airbyte_to_bigquery' for task execution.
[2024-12-02T23:00:13.476+0000] {base.py:73} INFO - Using connection ID 'airbyte_to_bigquery' for task execution.
[2024-12-02T23:00:16.500+0000] {base.py:73} INFO - Using connection ID 'airbyte_to_bigquery' for task execution.
[2024-12-02T23:00:19.522+0000] {base.py:73} INFO - Using connection ID 'airbyte_to_bigquery' for task execution.
[2024-12-02T23:00:22.546+0000] {base.py:73} INFO - Using connection ID 'airbyte_to_bigquery' for task execution.
[2024-12-02T23:00:25.569+0000] {base.py:73} INFO - Using connection ID 'airbyte_to_bigquery' for task execution.
[2024-12-02T23:00:28.595+0000] {base.py:73} INFO - Using connection ID 'airbyte_to_bigquery' for task execution.
[2024-12-02T23:00:31.619+0000] {base.py:73} INFO - Using connection ID 'airbyte_to_bigquery' for task execution.
[2024-12-02T23:00:34.645+0000] {base.py:73} INFO - Using connection ID 'airbyte_to_bigquery' for task execution.
[2024-12-02T23:00:37.669+0000] {base.py:73} INFO - Using connection ID 'airbyte_to_bigquery' for task execution.
[2024-12-02T23:00:40.696+0000] {base.py:73} INFO - Using connection ID 'airbyte_to_bigquery' for task execution.
[2024-12-02T23:00:43.721+0000] {base.py:73} INFO - Using connection ID 'airbyte_to_bigquery' for task execution.
[2024-12-02T23:00:43.738+0000] {airbyte.py:81} INFO - Job 19 completed successfully
[2024-12-02T23:00:43.771+0000] {taskinstance.py:1323} INFO - Marking task as SUCCESS. dag_id=PolygonAPI_to_BigQuery, task_id=sync_polygon_data, execution_date=20241202T220000, start_date=20241202T230000, end_date=20241202T230043
[2024-12-02T23:00:43.816+0000] {local_task_job.py:208} INFO - Task exited with return code 0
[2024-12-02T23:00:43.834+0000] {taskinstance.py:2578} INFO - 0 downstream tasks scheduled from follow-on schedule check
