[2024-12-03T12:56:05.619+0000] {taskinstance.py:1083} INFO - Dependencies all met for <TaskInstance: PolygonAPI_to_BigQuery.sync_polygon_data scheduled__2024-12-03T04:00:00+00:00 [queued]>
[2024-12-03T12:56:05.671+0000] {taskinstance.py:1083} INFO - Dependencies all met for <TaskInstance: PolygonAPI_to_BigQuery.sync_polygon_data scheduled__2024-12-03T04:00:00+00:00 [queued]>
[2024-12-03T12:56:05.678+0000] {taskinstance.py:1279} INFO - 
--------------------------------------------------------------------------------
[2024-12-03T12:56:05.681+0000] {taskinstance.py:1280} INFO - Starting attempt 1 of 2
[2024-12-03T12:56:05.686+0000] {taskinstance.py:1281} INFO - 
--------------------------------------------------------------------------------
[2024-12-03T12:56:05.807+0000] {taskinstance.py:1300} INFO - Executing <Task(AirbyteTriggerSyncOperator): sync_polygon_data> on 2024-12-03 04:00:00+00:00
[2024-12-03T12:56:05.825+0000] {standard_task_runner.py:55} INFO - Started process 52756 to run task
[2024-12-03T12:56:05.834+0000] {standard_task_runner.py:82} INFO - Running: ['***', 'tasks', 'run', 'PolygonAPI_to_BigQuery', 'sync_polygon_data', 'scheduled__2024-12-03T04:00:00+00:00', '--job-id', '33', '--raw', '--subdir', 'DAGS_FOLDER/polygon_to_BigQuery_sync.py', '--cfg-path', '/tmp/tmpr1apjiik']
[2024-12-03T12:56:05.844+0000] {standard_task_runner.py:83} INFO - Job 33: Subtask sync_polygon_data
[2024-12-03T12:56:06.180+0000] {task_command.py:388} INFO - Running <TaskInstance: PolygonAPI_to_BigQuery.sync_polygon_data scheduled__2024-12-03T04:00:00+00:00 [running]> on host 5ecff608e4ff
[2024-12-03T12:56:06.617+0000] {taskinstance.py:1509} INFO - Exporting the following env vars:
AIRFLOW_CTX_DAG_OWNER=***
AIRFLOW_CTX_DAG_ID=PolygonAPI_to_BigQuery
AIRFLOW_CTX_TASK_ID=sync_polygon_data
AIRFLOW_CTX_EXECUTION_DATE=2024-12-03T04:00:00+00:00
AIRFLOW_CTX_TRY_NUMBER=1
AIRFLOW_CTX_DAG_RUN_ID=scheduled__2024-12-03T04:00:00+00:00
[2024-12-03T12:56:06.659+0000] {base.py:73} INFO - Using connection ID 'airbyte_to_bigquery' for task execution.
[2024-12-03T12:56:08.040+0000] {airbyte.py:77} INFO - Job 23 was submitted to Airbyte Server
[2024-12-03T12:56:08.041+0000] {airbyte.py:79} INFO - Waiting for job 23 to complete
[2024-12-03T12:56:11.103+0000] {base.py:73} INFO - Using connection ID 'airbyte_to_bigquery' for task execution.
[2024-12-03T12:56:14.173+0000] {base.py:73} INFO - Using connection ID 'airbyte_to_bigquery' for task execution.
[2024-12-03T12:56:17.265+0000] {base.py:73} INFO - Using connection ID 'airbyte_to_bigquery' for task execution.
[2024-12-03T12:56:20.302+0000] {base.py:73} INFO - Using connection ID 'airbyte_to_bigquery' for task execution.
[2024-12-03T12:56:23.325+0000] {base.py:73} INFO - Using connection ID 'airbyte_to_bigquery' for task execution.
[2024-12-03T12:56:26.354+0000] {base.py:73} INFO - Using connection ID 'airbyte_to_bigquery' for task execution.
[2024-12-03T12:56:29.378+0000] {base.py:73} INFO - Using connection ID 'airbyte_to_bigquery' for task execution.
[2024-12-03T12:56:32.401+0000] {base.py:73} INFO - Using connection ID 'airbyte_to_bigquery' for task execution.
[2024-12-03T12:56:35.424+0000] {base.py:73} INFO - Using connection ID 'airbyte_to_bigquery' for task execution.
[2024-12-03T12:56:38.451+0000] {base.py:73} INFO - Using connection ID 'airbyte_to_bigquery' for task execution.
[2024-12-03T12:56:41.483+0000] {base.py:73} INFO - Using connection ID 'airbyte_to_bigquery' for task execution.
[2024-12-03T12:56:44.511+0000] {base.py:73} INFO - Using connection ID 'airbyte_to_bigquery' for task execution.
[2024-12-03T12:56:47.535+0000] {base.py:73} INFO - Using connection ID 'airbyte_to_bigquery' for task execution.
[2024-12-03T12:56:50.563+0000] {base.py:73} INFO - Using connection ID 'airbyte_to_bigquery' for task execution.
[2024-12-03T12:56:53.587+0000] {base.py:73} INFO - Using connection ID 'airbyte_to_bigquery' for task execution.
[2024-12-03T12:56:56.613+0000] {base.py:73} INFO - Using connection ID 'airbyte_to_bigquery' for task execution.
[2024-12-03T12:56:59.637+0000] {base.py:73} INFO - Using connection ID 'airbyte_to_bigquery' for task execution.
[2024-12-03T12:57:02.661+0000] {base.py:73} INFO - Using connection ID 'airbyte_to_bigquery' for task execution.
[2024-12-03T12:57:02.678+0000] {airbyte.py:81} INFO - Job 23 completed successfully
[2024-12-03T12:57:02.709+0000] {taskinstance.py:1323} INFO - Marking task as SUCCESS. dag_id=PolygonAPI_to_BigQuery, task_id=sync_polygon_data, execution_date=20241203T040000, start_date=20241203T125605, end_date=20241203T125702
[2024-12-03T12:57:02.740+0000] {local_task_job.py:208} INFO - Task exited with return code 0
[2024-12-03T12:57:02.761+0000] {taskinstance.py:2578} INFO - 0 downstream tasks scheduled from follow-on schedule check
