[2025-01-18T01:00:37.366+0000] {taskinstance.py:1159} INFO - Dependencies all met for dep_context=non-requeueable deps ti=<TaskInstance: PolygonAPI_to_BigQuery.dbt_transformation.stocks.run manual__2025-01-18T00:58:32.788564+00:00 [queued]>
[2025-01-18T01:00:37.384+0000] {taskinstance.py:1159} INFO - Dependencies all met for dep_context=requeueable deps ti=<TaskInstance: PolygonAPI_to_BigQuery.dbt_transformation.stocks.run manual__2025-01-18T00:58:32.788564+00:00 [queued]>
[2025-01-18T01:00:37.385+0000] {taskinstance.py:1361} INFO - Starting attempt 1 of 2
[2025-01-18T01:00:37.411+0000] {taskinstance.py:1382} INFO - Executing <Task(DbtRunLocalOperator): dbt_transformation.stocks.run> on 2025-01-18 00:58:32.788564+00:00
[2025-01-18T01:00:37.418+0000] {standard_task_runner.py:57} INFO - Started process 161 to run task
[2025-01-18T01:00:37.424+0000] {standard_task_runner.py:84} INFO - Running: ['***', 'tasks', 'run', 'PolygonAPI_to_BigQuery', 'dbt_transformation.stocks.run', 'manual__2025-01-18T00:58:32.788564+00:00', '--job-id', '520', '--raw', '--subdir', 'DAGS_FOLDER/polygon_to_bigquery.py', '--cfg-path', '/tmp/tmp2t_usiwq']
[2025-01-18T01:00:37.429+0000] {standard_task_runner.py:85} INFO - Job 520: Subtask dbt_transformation.stocks.run
[2025-01-18T01:00:37.512+0000] {task_command.py:415} INFO - Running <TaskInstance: PolygonAPI_to_BigQuery.dbt_transformation.stocks.run manual__2025-01-18T00:58:32.788564+00:00 [running]> on host a7a323ab681c
[2025-01-18T01:00:38.126+0000] {taskinstance.py:1660} INFO - Exporting env vars: AIRFLOW_CTX_DAG_OWNER='***' AIRFLOW_CTX_DAG_ID='PolygonAPI_to_BigQuery' AIRFLOW_CTX_TASK_ID='dbt_transformation.stocks.run' AIRFLOW_CTX_EXECUTION_DATE='2025-01-18T00:58:32.788564+00:00' AIRFLOW_CTX_TRY_NUMBER='1' AIRFLOW_CTX_DAG_RUN_ID='manual__2025-01-18T00:58:32.788564+00:00'
[2025-01-18T01:00:44.208+0000] {local.py:220} INFO - dbtRunner is available. Using dbtRunner for invoking dbt.
[2025-01-18T01:00:44.209+0000] {local.py:436} INFO - Cloning project to writable temp directory /tmp/tmpib9uqk1c from /opt/airflow/dbt/dbt_stock_project
[2025-01-18T01:00:44.214+0000] {local.py:447} INFO - Partial parse is enabled and the latest partial parse file is /tmp/cosmos/PolygonAPI_to_BigQuery__dbt_transformation/target/partial_parse.msgpack
[2025-01-18T01:00:44.227+0000] {config.py:342} INFO - Using user-supplied profiles.yml at /opt/***/dbt/profiles/profiles.yml
[2025-01-18T01:00:44.229+0000] {local.py:408} INFO - Trying to run dbtRunner with:
 ['run', '--models', 'stocks', '--project-dir', '/tmp/tmpib9uqk1c', '--profiles-dir', '/opt/***/dbt/profiles', '--profile', 'default', '--target', 'dev']
 in /tmp/tmpib9uqk1c
[2025-01-18T01:00:44.301+0000] {eventmgr.py:60} DEBUG - [0m01:00:44.297362 [debug] [MainThread]: Sending event: {'category': 'dbt', 'action': 'invocation', 'label': 'start', 'context': [<snowplow_tracker.self_describing_json.SelfDescribingJson object at 0x7f74c4a9e460>, <snowplow_tracker.self_describing_json.SelfDescribingJson object at 0x7f74bf9c30d0>, <snowplow_tracker.self_describing_json.SelfDescribingJson object at 0x7f74bf9c3220>]}
[2025-01-18T01:00:44.303+0000] {logging_mixin.py:151} INFO - 01:00:44  Running with dbt=1.5.11
[2025-01-18T01:00:44.303+0000] {eventmgr.py:62} INFO - [0m01:00:44  Running with dbt=1.5.11
[2025-01-18T01:00:44.305+0000] {eventmgr.py:62} INFO - 

============================== 01:00:44.302468 | aca83abd-0c3b-425a-9364-c70156a4c2f3 ==============================
[0m01:00:44.302468 [info ] [MainThread]: Running with dbt=1.5.11
[2025-01-18T01:00:44.307+0000] {eventmgr.py:60} DEBUG - [0m01:00:44.306572 [debug] [MainThread]: running dbt with arguments {'printer_width': '80', 'indirect_selection': 'eager', 'log_cache_events': 'False', 'write_json': 'True', 'partial_parse': 'True', 'cache_selected_only': 'False', 'profiles_dir': '/opt/***/dbt/profiles', 'fail_fast': 'False', 'warn_error': 'None', 'log_path': '/tmp/tmpib9uqk1c/logs', 'version_check': 'True', 'debug': 'False', 'use_colors': 'True', 'use_experimental_parser': 'False', 'no_print': 'None', 'quiet': 'False', 'log_format': 'default', 'introspect': 'True', 'warn_error_options': 'WarnErrorOptions(include=[], exclude=[])', 'static_parser': 'True', 'target_path': 'None', 'send_anonymous_usage_stats': 'True'}
[2025-01-18T01:00:45.199+0000] {eventmgr.py:60} DEBUG - [0m01:00:45.198577 [debug] [MainThread]: Sending event: {'category': 'dbt', 'action': 'project_id', 'label': 'aca83abd-0c3b-425a-9364-c70156a4c2f3', 'context': [<snowplow_tracker.self_describing_json.SelfDescribingJson object at 0x7f74bf9c33a0>]}
[2025-01-18T01:00:45.261+0000] {eventmgr.py:60} DEBUG - [0m01:00:45.260562 [debug] [MainThread]: Sending event: {'category': 'dbt', 'action': 'adapter_info', 'label': 'aca83abd-0c3b-425a-9364-c70156a4c2f3', 'context': [<snowplow_tracker.self_describing_json.SelfDescribingJson object at 0x7f74bf9c3520>]}
[2025-01-18T01:00:45.263+0000] {logging_mixin.py:151} INFO - 01:00:45  Registered adapter: bigquery=1.5.9
[2025-01-18T01:00:45.262+0000] {eventmgr.py:62} INFO - [0m01:00:45  Registered adapter: bigquery=1.5.9
[2025-01-18T01:00:45.264+0000] {eventmgr.py:62} INFO - [0m01:00:45.262592 [info ] [MainThread]: Registered adapter: bigquery=1.5.9
[2025-01-18T01:00:45.302+0000] {eventmgr.py:60} DEBUG - [0m01:00:45.301773 [debug] [MainThread]: checksum: f14fb70d4f628ddd6946249d2976132253e920cfc3d8f34b2f21b58b69b506a6, vars: {}, profile: default, target: dev, version: 1.5.11
[2025-01-18T01:00:45.585+0000] {eventmgr.py:60} DEBUG - [0m01:00:45.585277 [debug] [MainThread]: Partial parsing enabled: 0 files deleted, 0 files added, 0 files changed.
[2025-01-18T01:00:45.587+0000] {eventmgr.py:60} DEBUG - [0m01:00:45.586625 [debug] [MainThread]: Partial parsing enabled, no changes found, skipping parsing
[2025-01-18T01:00:45.601+0000] {eventmgr.py:60} DEBUG - [0m01:00:45.601049 [debug] [MainThread]: Sending event: {'category': 'dbt', 'action': 'load_project', 'label': 'aca83abd-0c3b-425a-9364-c70156a4c2f3', 'context': [<snowplow_tracker.self_describing_json.SelfDescribingJson object at 0x7f74bd973be0>]}
[2025-01-18T01:00:45.617+0000] {eventmgr.py:60} DEBUG - [0m01:00:45.616546 [debug] [MainThread]: Sending event: {'category': 'dbt', 'action': 'resource_counts', 'label': 'aca83abd-0c3b-425a-9364-c70156a4c2f3', 'context': [<snowplow_tracker.self_describing_json.SelfDescribingJson object at 0x7f74bda58970>]}
[2025-01-18T01:00:45.618+0000] {logging_mixin.py:151} INFO - 01:00:45  Found 1 model, 2 tests, 0 snapshots, 0 analyses, 361 macros, 0 operations, 0 seed files, 5 sources, 0 exposures, 0 metrics, 0 groups
[2025-01-18T01:00:45.618+0000] {eventmgr.py:62} INFO - [0m01:00:45  Found 1 model, 2 tests, 0 snapshots, 0 analyses, 361 macros, 0 operations, 0 seed files, 5 sources, 0 exposures, 0 metrics, 0 groups
[2025-01-18T01:00:45.619+0000] {eventmgr.py:62} INFO - [0m01:00:45.618207 [info ] [MainThread]: Found 1 model, 2 tests, 0 snapshots, 0 analyses, 361 macros, 0 operations, 0 seed files, 5 sources, 0 exposures, 0 metrics, 0 groups
[2025-01-18T01:00:45.620+0000] {eventmgr.py:60} DEBUG - [0m01:00:45.620322 [debug] [MainThread]: Sending event: {'category': 'dbt', 'action': 'runnable_timing', 'label': 'aca83abd-0c3b-425a-9364-c70156a4c2f3', 'context': [<snowplow_tracker.self_describing_json.SelfDescribingJson object at 0x7f74bda58a30>]}
[2025-01-18T01:00:45.623+0000] {logging_mixin.py:151} INFO - 01:00:45
[2025-01-18T01:00:45.623+0000] {eventmgr.py:62} INFO - [0m01:00:45  
[2025-01-18T01:00:45.624+0000] {eventmgr.py:62} INFO - [0m01:00:45.622595 [info ] [MainThread]: 
[2025-01-18T01:00:45.625+0000] {eventmgr.py:60} DEBUG - [0m01:00:45.625329 [debug] [MainThread]: Acquiring new bigquery connection 'master'
[2025-01-18T01:00:45.628+0000] {eventmgr.py:60} DEBUG - [0m01:00:45.628063 [debug] [ThreadPool]: Acquiring new bigquery connection 'list_stock-market-elt'
[2025-01-18T01:00:45.629+0000] {eventmgr.py:60} DEBUG - [0m01:00:45.629416 [debug] [ThreadPool]: Opening a new connection, currently in state init
[2025-01-18T01:00:46.497+0000] {eventmgr.py:60} DEBUG - [0m01:00:46.496565 [debug] [ThreadPool]: Acquiring new bigquery connection 'list_stock-market-elt_stock_data'
[2025-01-18T01:00:46.498+0000] {eventmgr.py:60} DEBUG - [0m01:00:46.498091 [debug] [ThreadPool]: Opening a new connection, currently in state init
[2025-01-18T01:00:47.261+0000] {eventmgr.py:60} DEBUG - [0m01:00:47.260591 [debug] [MainThread]: Sending event: {'category': 'dbt', 'action': 'runnable_timing', 'label': 'aca83abd-0c3b-425a-9364-c70156a4c2f3', 'context': [<snowplow_tracker.self_describing_json.SelfDescribingJson object at 0x7f74bd973fa0>]}
[2025-01-18T01:00:47.263+0000] {logging_mixin.py:151} INFO - 01:00:47  Concurrency: 4 threads (target='dev')
[2025-01-18T01:00:47.263+0000] {eventmgr.py:62} INFO - [0m01:00:47  Concurrency: 4 threads (target='dev')
[2025-01-18T01:00:47.264+0000] {eventmgr.py:62} INFO - [0m01:00:47.262774 [info ] [MainThread]: Concurrency: 4 threads (target='dev')
[2025-01-18T01:00:47.266+0000] {logging_mixin.py:151} INFO - 01:00:47
[2025-01-18T01:00:47.266+0000] {eventmgr.py:62} INFO - [0m01:00:47  
[2025-01-18T01:00:47.267+0000] {eventmgr.py:62} INFO - [0m01:00:47.265700 [info ] [MainThread]: 
[2025-01-18T01:00:47.271+0000] {eventmgr.py:60} DEBUG - [0m01:00:47.271405 [debug] [Thread-1  ]: Began running node model.dbt_stock_project.stocks
[2025-01-18T01:00:47.273+0000] {logging_mixin.py:151} INFO - 01:00:47  1 of 1 START sql incremental model stock_data.stocks ........................... [RUN]
[2025-01-18T01:00:47.273+0000] {eventmgr.py:62} INFO - [0m01:00:47  1 of 1 START sql incremental model stock_data.stocks ........................... [RUN]
[2025-01-18T01:00:47.274+0000] {eventmgr.py:62} INFO - [0m01:00:47.272769 [info ] [Thread-1  ]: 1 of 1 START sql incremental model stock_data.stocks ........................... [RUN]
[2025-01-18T01:00:47.275+0000] {eventmgr.py:60} DEBUG - [0m01:00:47.275506 [debug] [Thread-1  ]: Re-using an available connection from the pool (formerly list_stock-market-elt_stock_data, now model.dbt_stock_project.stocks)
[2025-01-18T01:00:47.276+0000] {eventmgr.py:60} DEBUG - [0m01:00:47.276534 [debug] [Thread-1  ]: Began compiling node model.dbt_stock_project.stocks
[2025-01-18T01:00:47.302+0000] {eventmgr.py:60} DEBUG - [0m01:00:47.301954 [debug] [Thread-1  ]: Writing injected SQL for node "model.dbt_stock_project.stocks"
[2025-01-18T01:00:47.304+0000] {eventmgr.py:60} DEBUG - [0m01:00:47.303907 [debug] [Thread-1  ]: Timing info for model.dbt_stock_project.stocks (compile): 01:00:47.277383 => 01:00:47.303589
[2025-01-18T01:00:47.305+0000] {eventmgr.py:60} DEBUG - [0m01:00:47.304870 [debug] [Thread-1  ]: Began executing node model.dbt_stock_project.stocks
[2025-01-18T01:00:47.548+0000] {eventmgr.py:60} DEBUG - [0m01:00:47.547955 [debug] [Thread-1  ]: Opening a new connection, currently in state closed
[2025-01-18T01:00:48.420+0000] {eventmgr.py:60} DEBUG - [0m01:00:48.420059 [debug] [Thread-1  ]: Writing runtime sql for node "model.dbt_stock_project.stocks"
[2025-01-18T01:00:48.424+0000] {eventmgr.py:60} DEBUG - [0m01:00:48.423356 [debug] [Thread-1  ]: On model.dbt_stock_project.stocks: /* {"app": "dbt", "dbt_version": "1.5.11", "profile_name": "default", "target_name": "dev", "node_id": "model.dbt_stock_project.stocks"} */
-- back compat for old kwarg name
  
  
        
    

    

    merge into `stock-market-elt`.`stock_data`.`stocks` as DBT_INTERNAL_DEST
        using (-- This code combines stock data from multiple sources into a single table
WITH combined AS (
    
    SELECT T AS symbol, TIMESTAMP_SECONDS(CAST(t_1 / 1000 AS INT64)) AS date, o AS open, c AS close, h AS high, l AS low, CAST(v AS int) AS volume, vw AS volume_average, CAST(n AS int) AS number_of_transactions
    FROM `stock-market-elt`.`stock_data`.`airbnb_stock_data_results`
    UNION ALL
    SELECT T AS symbol, TIMESTAMP_SECONDS(CAST(t_1 / 1000 AS INT64)) AS date, o AS open, c AS close, h AS high, l AS low, CAST(v AS int) AS volume, vw AS volume_average, CAST(n AS int) AS number_of_transactions
    FROM `stock-market-elt`.`stock_data`.`booking_stock_data_results`
    UNION ALL
    SELECT T AS symbol, TIMESTAMP_SECONDS(CAST(t_1 / 1000 AS INT64)) AS date, o AS open, c AS close, h AS high, l AS low, CAST(v AS int) AS volume, vw AS volume_average, CAST(n AS int) AS number_of_transactions
    FROM `stock-market-elt`.`stock_data`.`expedia_stock_data_results`
    UNION ALL
    SELECT T AS symbol, TIMESTAMP_SECONDS(CAST(t_1 / 1000 AS INT64)) AS date, o AS open, c AS close, h AS high, l AS low, CAST(v AS int) AS volume, vw AS volume_average, CAST(n AS int) AS number_of_transactions
    FROM `stock-market-elt`.`stock_data`.`trip_com_stock_data_results`
    UNION ALL
    SELECT T AS symbol, TIMESTAMP_SECONDS(CAST(t_1 / 1000 AS INT64)) AS date, o AS open, c AS close, h AS high, l AS low, CAST(v AS int) AS volume, vw AS volume_average, CAST(n AS int) AS number_of_transactions
    FROM `stock-market-elt`.`stock_data`.`tripadvisor_stock_data_results`
)

SELECT DISTINCT * FROM combined 

WHERE date >= (SELECT MAX(date) FROM `stock-market-elt`.`stock_data`.`stocks`)

ORDER BY symbol, date
        ) as DBT_INTERNAL_SOURCE
        on (FALSE)

    

    when not matched then insert
        (`symbol`, `date`, `open`, `close`, `high`, `low`, `volume`, `volume_average`, `number_of_transactions`)
    values
        (`symbol`, `date`, `open`, `close`, `high`, `low`, `volume`, `volume_average`, `number_of_transactions`)


    
[2025-01-18T01:00:52.482+0000] {eventmgr.py:60} DEBUG - [0m01:00:52.481784 [debug] [Thread-1  ]: BigQuery adapter: https://console.cloud.google.com/bigquery?project=stock-market-elt&j=bq:US:c19ab839-8a17-4f62-a081-06356f341602&page=queryresults
[2025-01-18T01:00:52.532+0000] {eventmgr.py:60} DEBUG - [0m01:00:52.531973 [debug] [Thread-1  ]: Timing info for model.dbt_stock_project.stocks (execute): 01:00:47.305729 => 01:00:52.531257
[2025-01-18T01:00:52.535+0000] {eventmgr.py:60} DEBUG - [0m01:00:52.534652 [debug] [Thread-1  ]: Sending event: {'category': 'dbt', 'action': 'run_model', 'label': 'aca83abd-0c3b-425a-9364-c70156a4c2f3', 'context': [<snowplow_tracker.self_describing_json.SelfDescribingJson object at 0x7f74bd8f53a0>]}
[2025-01-18T01:00:52.537+0000] {logging_mixin.py:151} INFO - 01:00:52  1 of 1 OK created sql incremental model stock_data.stocks ...................... [MERGE (16.0 rows, 17.8 KiB processed) in 5.26s]
[2025-01-18T01:00:52.537+0000] {eventmgr.py:62} INFO - [0m01:00:52  1 of 1 OK created sql incremental model stock_data.stocks ...................... [[32mMERGE (16.0 rows, 17.8 KiB processed)[0m in 5.26s]
[2025-01-18T01:00:52.538+0000] {eventmgr.py:62} INFO - [0m01:00:52.536943 [info ] [Thread-1  ]: 1 of 1 OK created sql incremental model stock_data.stocks ...................... [[32mMERGE (16.0 rows, 17.8 KiB processed)[0m in 5.26s]
[2025-01-18T01:00:52.540+0000] {eventmgr.py:60} DEBUG - [0m01:00:52.540398 [debug] [Thread-1  ]: Finished running node model.dbt_stock_project.stocks
[2025-01-18T01:00:52.545+0000] {eventmgr.py:60} DEBUG - [0m01:00:52.544649 [debug] [MainThread]: Connection 'master' was properly closed.
[2025-01-18T01:00:52.547+0000] {eventmgr.py:60} DEBUG - [0m01:00:52.546125 [debug] [MainThread]: Connection 'list_stock-market-elt' was properly closed.
[2025-01-18T01:00:52.548+0000] {eventmgr.py:60} DEBUG - [0m01:00:52.547892 [debug] [MainThread]: Connection 'model.dbt_stock_project.stocks' was properly closed.
[2025-01-18T01:00:52.550+0000] {logging_mixin.py:151} INFO - 01:00:52
[2025-01-18T01:00:52.550+0000] {eventmgr.py:62} INFO - [0m01:00:52  
[2025-01-18T01:00:52.551+0000] {eventmgr.py:62} INFO - [0m01:00:52.549795 [info ] [MainThread]: 
[2025-01-18T01:00:52.553+0000] {logging_mixin.py:151} INFO - 01:00:52  Finished running 1 incremental model in 0 hours 0 minutes and 6.93 seconds (6.93s).
[2025-01-18T01:00:52.552+0000] {eventmgr.py:62} INFO - [0m01:00:52  Finished running 1 incremental model in 0 hours 0 minutes and 6.93 seconds (6.93s).
[2025-01-18T01:00:52.554+0000] {eventmgr.py:62} INFO - [0m01:00:52.552461 [info ] [MainThread]: Finished running 1 incremental model in 0 hours 0 minutes and 6.93 seconds (6.93s).
[2025-01-18T01:00:52.556+0000] {eventmgr.py:60} DEBUG - [0m01:00:52.555613 [debug] [MainThread]: Command end result
[2025-01-18T01:00:52.576+0000] {logging_mixin.py:151} INFO - 01:00:52
[2025-01-18T01:00:52.576+0000] {eventmgr.py:62} INFO - [0m01:00:52  
[2025-01-18T01:00:52.577+0000] {eventmgr.py:62} INFO - [0m01:00:52.575449 [info ] [MainThread]: 
[2025-01-18T01:00:52.579+0000] {logging_mixin.py:151} INFO - 01:00:52  Completed successfully
[2025-01-18T01:00:52.579+0000] {eventmgr.py:62} INFO - [0m01:00:52  [32mCompleted successfully[0m
[2025-01-18T01:00:52.581+0000] {eventmgr.py:62} INFO - [0m01:00:52.578491 [info ] [MainThread]: [32mCompleted successfully[0m
[2025-01-18T01:00:52.582+0000] {logging_mixin.py:151} INFO - 01:00:52
[2025-01-18T01:00:52.582+0000] {eventmgr.py:62} INFO - [0m01:00:52  
[2025-01-18T01:00:52.583+0000] {eventmgr.py:62} INFO - [0m01:00:52.581983 [info ] [MainThread]: 
[2025-01-18T01:00:52.585+0000] {logging_mixin.py:151} INFO - 01:00:52  Done. PASS=1 WARN=0 ERROR=0 SKIP=0 TOTAL=1
[2025-01-18T01:00:52.584+0000] {eventmgr.py:62} INFO - [0m01:00:52  Done. PASS=1 WARN=0 ERROR=0 SKIP=0 TOTAL=1
[2025-01-18T01:00:52.586+0000] {eventmgr.py:62} INFO - [0m01:00:52.584519 [info ] [MainThread]: Done. PASS=1 WARN=0 ERROR=0 SKIP=0 TOTAL=1
[2025-01-18T01:00:52.587+0000] {eventmgr.py:60} DEBUG - [0m01:00:52.587424 [debug] [MainThread]: Command `cli run` succeeded at 01:00:52.587208 after 8.35 seconds
[2025-01-18T01:00:52.589+0000] {eventmgr.py:60} DEBUG - [0m01:00:52.588589 [debug] [MainThread]: Sending event: {'category': 'dbt', 'action': 'invocation', 'label': 'end', 'context': [<snowplow_tracker.self_describing_json.SelfDescribingJson object at 0x7f74c4a9e460>, <snowplow_tracker.self_describing_json.SelfDescribingJson object at 0x7f74bd921640>, <snowplow_tracker.self_describing_json.SelfDescribingJson object at 0x7f74bde5e0a0>]}
[2025-01-18T01:00:52.590+0000] {eventmgr.py:60} DEBUG - [0m01:00:52.589780 [debug] [MainThread]: Flushing usage events
[2025-01-18T01:00:53.393+0000] {local.py:86} WARNING - Artifact schema version: https://schemas.getdbt.com/dbt/manifest/v9.json is above dbt-ol supported version 7. This might cause errors.
[2025-01-18T01:00:53.407+0000] {local.py:494} INFO - Inlets: [Dataset(uri='bigquery/stock-market-elt.stock_data.airbnb_stock_data_results', extra=None), Dataset(uri='bigquery/stock-market-elt.stock_data.booking_stock_data_results', extra=None), Dataset(uri='bigquery/stock-market-elt.stock_data.expedia_stock_data_results', extra=None), Dataset(uri='bigquery/stock-market-elt.stock_data.trip_com_stock_data_results', extra=None), Dataset(uri='bigquery/stock-market-elt.stock_data.tripadvisor_stock_data_results', extra=None)]
[2025-01-18T01:00:53.408+0000] {local.py:495} INFO - Outlets: [Dataset(uri='bigquery/stock-market-elt.stock_data.stocks', extra=None)]
[2025-01-18T01:00:53.409+0000] {local.py:595} INFO - Assigning inlets/outlets without DatasetAlias
[2025-01-18T01:00:53.409+0000] {dag.py:2907} INFO - Sync 1 DAGs
[2025-01-18T01:00:53.451+0000] {dag.py:3677} INFO - Setting next_dagrun for PolygonAPI_to_BigQuery to 2025-01-18T00:00:00+00:00, run_after=2025-01-19T00:00:00+00:00
[2025-01-18T01:00:53.554+0000] {taskinstance.py:1400} INFO - Marking task as SUCCESS. dag_id=PolygonAPI_to_BigQuery, task_id=dbt_transformation.stocks.run, execution_date=20250118T005832, start_date=20250118T010037, end_date=20250118T010053
[2025-01-18T01:00:53.635+0000] {local_task_job_runner.py:228} INFO - Task exited with return code 0
[2025-01-18T01:00:53.672+0000] {taskinstance.py:2784} INFO - 1 downstream tasks scheduled from follow-on schedule check
