[2024-12-16T22:28:27.071+0000] {taskinstance.py:1083} INFO - Dependencies all met for <TaskInstance: PolygonAPI_to_BigQuery.sync_data_connection_4 scheduled__2024-12-15T00:00:00+00:00 [queued]>
[2024-12-16T22:28:27.106+0000] {taskinstance.py:1083} INFO - Dependencies all met for <TaskInstance: PolygonAPI_to_BigQuery.sync_data_connection_4 scheduled__2024-12-15T00:00:00+00:00 [queued]>
[2024-12-16T22:28:27.107+0000] {taskinstance.py:1279} INFO - 
--------------------------------------------------------------------------------
[2024-12-16T22:28:27.108+0000] {taskinstance.py:1280} INFO - Starting attempt 1 of 2
[2024-12-16T22:28:27.110+0000] {taskinstance.py:1281} INFO - 
--------------------------------------------------------------------------------
[2024-12-16T22:28:27.159+0000] {taskinstance.py:1300} INFO - Executing <Task(AirbyteTriggerSyncOperator): sync_data_connection_4> on 2024-12-15 00:00:00+00:00
[2024-12-16T22:28:27.171+0000] {standard_task_runner.py:55} INFO - Started process 105 to run task
[2024-12-16T22:28:27.179+0000] {standard_task_runner.py:82} INFO - Running: ['***', 'tasks', 'run', 'PolygonAPI_to_BigQuery', 'sync_data_connection_4', 'scheduled__2024-12-15T00:00:00+00:00', '--job-id', '104', '--raw', '--subdir', 'DAGS_FOLDER/polygon_to_bigquery.py', '--cfg-path', '/tmp/tmpi2jm13ow']
[2024-12-16T22:28:27.181+0000] {standard_task_runner.py:83} INFO - Job 104: Subtask sync_data_connection_4
[2024-12-16T22:28:27.410+0000] {task_command.py:388} INFO - Running <TaskInstance: PolygonAPI_to_BigQuery.sync_data_connection_4 scheduled__2024-12-15T00:00:00+00:00 [running]> on host 1b9e534b4855
[2024-12-16T22:28:27.734+0000] {taskinstance.py:1509} INFO - Exporting the following env vars:
AIRFLOW_CTX_DAG_OWNER=***
AIRFLOW_CTX_DAG_ID=PolygonAPI_to_BigQuery
AIRFLOW_CTX_TASK_ID=sync_data_connection_4
AIRFLOW_CTX_EXECUTION_DATE=2024-12-15T00:00:00+00:00
AIRFLOW_CTX_TRY_NUMBER=1
AIRFLOW_CTX_DAG_RUN_ID=scheduled__2024-12-15T00:00:00+00:00
[2024-12-16T22:28:27.766+0000] {base.py:73} INFO - Using connection ID 'airbyte_to_bigquery' for task execution.
[2024-12-16T22:28:37.407+0000] {airbyte.py:77} INFO - Job 82 was submitted to Airbyte Server
[2024-12-16T22:28:37.408+0000] {airbyte.py:79} INFO - Waiting for job 82 to complete
[2024-12-16T22:28:40.430+0000] {base.py:73} INFO - Using connection ID 'airbyte_to_bigquery' for task execution.
[2024-12-16T22:28:43.611+0000] {base.py:73} INFO - Using connection ID 'airbyte_to_bigquery' for task execution.
[2024-12-16T22:28:46.742+0000] {base.py:73} INFO - Using connection ID 'airbyte_to_bigquery' for task execution.
[2024-12-16T22:28:49.867+0000] {base.py:73} INFO - Using connection ID 'airbyte_to_bigquery' for task execution.
[2024-12-16T22:28:52.952+0000] {base.py:73} INFO - Using connection ID 'airbyte_to_bigquery' for task execution.
[2024-12-16T22:28:56.215+0000] {base.py:73} INFO - Using connection ID 'airbyte_to_bigquery' for task execution.
[2024-12-16T22:28:59.590+0000] {base.py:73} INFO - Using connection ID 'airbyte_to_bigquery' for task execution.
[2024-12-16T22:29:02.869+0000] {base.py:73} INFO - Using connection ID 'airbyte_to_bigquery' for task execution.
[2024-12-16T22:29:06.194+0000] {base.py:73} INFO - Using connection ID 'airbyte_to_bigquery' for task execution.
[2024-12-16T22:29:09.343+0000] {base.py:73} INFO - Using connection ID 'airbyte_to_bigquery' for task execution.
[2024-12-16T22:29:12.593+0000] {base.py:73} INFO - Using connection ID 'airbyte_to_bigquery' for task execution.
[2024-12-16T22:29:15.822+0000] {base.py:73} INFO - Using connection ID 'airbyte_to_bigquery' for task execution.
[2024-12-16T22:29:19.031+0000] {base.py:73} INFO - Using connection ID 'airbyte_to_bigquery' for task execution.
[2024-12-16T22:29:22.185+0000] {base.py:73} INFO - Using connection ID 'airbyte_to_bigquery' for task execution.
[2024-12-16T22:29:25.268+0000] {base.py:73} INFO - Using connection ID 'airbyte_to_bigquery' for task execution.
[2024-12-16T22:29:28.331+0000] {base.py:73} INFO - Using connection ID 'airbyte_to_bigquery' for task execution.
[2024-12-16T22:29:31.384+0000] {base.py:73} INFO - Using connection ID 'airbyte_to_bigquery' for task execution.
[2024-12-16T22:29:34.441+0000] {base.py:73} INFO - Using connection ID 'airbyte_to_bigquery' for task execution.
[2024-12-16T22:29:37.517+0000] {base.py:73} INFO - Using connection ID 'airbyte_to_bigquery' for task execution.
[2024-12-16T22:29:40.587+0000] {base.py:73} INFO - Using connection ID 'airbyte_to_bigquery' for task execution.
[2024-12-16T22:29:43.665+0000] {base.py:73} INFO - Using connection ID 'airbyte_to_bigquery' for task execution.
[2024-12-16T22:29:46.769+0000] {base.py:73} INFO - Using connection ID 'airbyte_to_bigquery' for task execution.
[2024-12-16T22:29:49.891+0000] {base.py:73} INFO - Using connection ID 'airbyte_to_bigquery' for task execution.
[2024-12-16T22:29:52.965+0000] {base.py:73} INFO - Using connection ID 'airbyte_to_bigquery' for task execution.
[2024-12-16T22:29:56.018+0000] {base.py:73} INFO - Using connection ID 'airbyte_to_bigquery' for task execution.
[2024-12-16T22:29:59.092+0000] {base.py:73} INFO - Using connection ID 'airbyte_to_bigquery' for task execution.
[2024-12-16T22:30:02.141+0000] {base.py:73} INFO - Using connection ID 'airbyte_to_bigquery' for task execution.
[2024-12-16T22:30:05.201+0000] {base.py:73} INFO - Using connection ID 'airbyte_to_bigquery' for task execution.
[2024-12-16T22:30:08.338+0000] {base.py:73} INFO - Using connection ID 'airbyte_to_bigquery' for task execution.
[2024-12-16T22:30:11.511+0000] {base.py:73} INFO - Using connection ID 'airbyte_to_bigquery' for task execution.
[2024-12-16T22:30:14.608+0000] {base.py:73} INFO - Using connection ID 'airbyte_to_bigquery' for task execution.
[2024-12-16T22:30:17.653+0000] {base.py:73} INFO - Using connection ID 'airbyte_to_bigquery' for task execution.
[2024-12-16T22:30:20.680+0000] {base.py:73} INFO - Using connection ID 'airbyte_to_bigquery' for task execution.
[2024-12-16T22:30:23.718+0000] {base.py:73} INFO - Using connection ID 'airbyte_to_bigquery' for task execution.
[2024-12-16T22:30:26.750+0000] {base.py:73} INFO - Using connection ID 'airbyte_to_bigquery' for task execution.
[2024-12-16T22:30:29.789+0000] {base.py:73} INFO - Using connection ID 'airbyte_to_bigquery' for task execution.
[2024-12-16T22:30:32.826+0000] {base.py:73} INFO - Using connection ID 'airbyte_to_bigquery' for task execution.
[2024-12-16T22:30:35.854+0000] {base.py:73} INFO - Using connection ID 'airbyte_to_bigquery' for task execution.
[2024-12-16T22:30:38.893+0000] {base.py:73} INFO - Using connection ID 'airbyte_to_bigquery' for task execution.
[2024-12-16T22:30:41.947+0000] {base.py:73} INFO - Using connection ID 'airbyte_to_bigquery' for task execution.
[2024-12-16T22:30:44.993+0000] {base.py:73} INFO - Using connection ID 'airbyte_to_bigquery' for task execution.
[2024-12-16T22:30:48.049+0000] {base.py:73} INFO - Using connection ID 'airbyte_to_bigquery' for task execution.
[2024-12-16T22:30:51.113+0000] {base.py:73} INFO - Using connection ID 'airbyte_to_bigquery' for task execution.
[2024-12-16T22:30:54.148+0000] {base.py:73} INFO - Using connection ID 'airbyte_to_bigquery' for task execution.
[2024-12-16T22:30:54.176+0000] {airbyte.py:81} INFO - Job 82 completed successfully
[2024-12-16T22:30:54.225+0000] {taskinstance.py:1323} INFO - Marking task as SUCCESS. dag_id=PolygonAPI_to_BigQuery, task_id=sync_data_connection_4, execution_date=20241215T000000, start_date=20241216T222827, end_date=20241216T223054
[2024-12-16T22:30:54.278+0000] {local_task_job.py:208} INFO - Task exited with return code 0
[2024-12-16T22:30:54.312+0000] {taskinstance.py:2578} INFO - 0 downstream tasks scheduled from follow-on schedule check
