[2024-12-03T02:00:01.237+0000] {taskinstance.py:1083} INFO - Dependencies all met for <TaskInstance: PolygonAPI_to_BigQuery.sync_polygon_data scheduled__2024-12-03T01:00:00+00:00 [queued]>
[2024-12-03T02:00:01.251+0000] {taskinstance.py:1083} INFO - Dependencies all met for <TaskInstance: PolygonAPI_to_BigQuery.sync_polygon_data scheduled__2024-12-03T01:00:00+00:00 [queued]>
[2024-12-03T02:00:01.252+0000] {taskinstance.py:1279} INFO - 
--------------------------------------------------------------------------------
[2024-12-03T02:00:01.253+0000] {taskinstance.py:1280} INFO - Starting attempt 1 of 2
[2024-12-03T02:00:01.253+0000] {taskinstance.py:1281} INFO - 
--------------------------------------------------------------------------------
[2024-12-03T02:00:01.278+0000] {taskinstance.py:1300} INFO - Executing <Task(AirbyteTriggerSyncOperator): sync_polygon_data> on 2024-12-03 01:00:00+00:00
[2024-12-03T02:00:01.285+0000] {standard_task_runner.py:55} INFO - Started process 52441 to run task
[2024-12-03T02:00:01.289+0000] {standard_task_runner.py:82} INFO - Running: ['***', 'tasks', 'run', 'PolygonAPI_to_BigQuery', 'sync_polygon_data', 'scheduled__2024-12-03T01:00:00+00:00', '--job-id', '32', '--raw', '--subdir', 'DAGS_FOLDER/polygon_to_BigQuery_sync.py', '--cfg-path', '/tmp/tmp28ndeywm']
[2024-12-03T02:00:01.290+0000] {standard_task_runner.py:83} INFO - Job 32: Subtask sync_polygon_data
[2024-12-03T02:00:01.394+0000] {task_command.py:388} INFO - Running <TaskInstance: PolygonAPI_to_BigQuery.sync_polygon_data scheduled__2024-12-03T01:00:00+00:00 [running]> on host 5ecff608e4ff
[2024-12-03T02:00:01.517+0000] {taskinstance.py:1509} INFO - Exporting the following env vars:
AIRFLOW_CTX_DAG_OWNER=***
AIRFLOW_CTX_DAG_ID=PolygonAPI_to_BigQuery
AIRFLOW_CTX_TASK_ID=sync_polygon_data
AIRFLOW_CTX_EXECUTION_DATE=2024-12-03T01:00:00+00:00
AIRFLOW_CTX_TRY_NUMBER=1
AIRFLOW_CTX_DAG_RUN_ID=scheduled__2024-12-03T01:00:00+00:00
[2024-12-03T02:00:01.539+0000] {base.py:73} INFO - Using connection ID 'airbyte_to_bigquery' for task execution.
[2024-12-03T02:00:02.136+0000] {airbyte.py:77} INFO - Job 22 was submitted to Airbyte Server
[2024-12-03T02:00:02.137+0000] {airbyte.py:79} INFO - Waiting for job 22 to complete
[2024-12-03T02:00:05.147+0000] {base.py:73} INFO - Using connection ID 'airbyte_to_bigquery' for task execution.
[2024-12-03T02:00:08.177+0000] {base.py:73} INFO - Using connection ID 'airbyte_to_bigquery' for task execution.
[2024-12-03T02:00:11.203+0000] {base.py:73} INFO - Using connection ID 'airbyte_to_bigquery' for task execution.
[2024-12-03T02:00:14.224+0000] {base.py:73} INFO - Using connection ID 'airbyte_to_bigquery' for task execution.
[2024-12-03T02:00:17.248+0000] {base.py:73} INFO - Using connection ID 'airbyte_to_bigquery' for task execution.
[2024-12-03T02:00:20.277+0000] {base.py:73} INFO - Using connection ID 'airbyte_to_bigquery' for task execution.
[2024-12-03T02:00:23.314+0000] {base.py:73} INFO - Using connection ID 'airbyte_to_bigquery' for task execution.
[2024-12-03T02:00:26.342+0000] {base.py:73} INFO - Using connection ID 'airbyte_to_bigquery' for task execution.
[2024-12-03T02:00:29.370+0000] {base.py:73} INFO - Using connection ID 'airbyte_to_bigquery' for task execution.
[2024-12-03T02:00:32.395+0000] {base.py:73} INFO - Using connection ID 'airbyte_to_bigquery' for task execution.
[2024-12-03T02:00:35.422+0000] {base.py:73} INFO - Using connection ID 'airbyte_to_bigquery' for task execution.
[2024-12-03T02:00:38.446+0000] {base.py:73} INFO - Using connection ID 'airbyte_to_bigquery' for task execution.
[2024-12-03T02:00:41.472+0000] {base.py:73} INFO - Using connection ID 'airbyte_to_bigquery' for task execution.
[2024-12-03T02:00:44.496+0000] {base.py:73} INFO - Using connection ID 'airbyte_to_bigquery' for task execution.
[2024-12-03T02:00:47.527+0000] {base.py:73} INFO - Using connection ID 'airbyte_to_bigquery' for task execution.
[2024-12-03T02:00:50.560+0000] {base.py:73} INFO - Using connection ID 'airbyte_to_bigquery' for task execution.
[2024-12-03T02:00:50.576+0000] {airbyte.py:81} INFO - Job 22 completed successfully
[2024-12-03T02:00:50.609+0000] {taskinstance.py:1323} INFO - Marking task as SUCCESS. dag_id=PolygonAPI_to_BigQuery, task_id=sync_polygon_data, execution_date=20241203T010000, start_date=20241203T020001, end_date=20241203T020050
[2024-12-03T02:00:50.660+0000] {local_task_job.py:208} INFO - Task exited with return code 0
[2024-12-03T02:00:50.676+0000] {taskinstance.py:2578} INFO - 0 downstream tasks scheduled from follow-on schedule check
