[2024-12-12T14:59:17.184+0000] {taskinstance.py:1083} INFO - Dependencies all met for <TaskInstance: PolygonAPI_to_BigQuery.sync_data_connection_2 scheduled__2024-12-12T02:58:59.606698+00:00 [queued]>
[2024-12-12T14:59:17.215+0000] {taskinstance.py:1083} INFO - Dependencies all met for <TaskInstance: PolygonAPI_to_BigQuery.sync_data_connection_2 scheduled__2024-12-12T02:58:59.606698+00:00 [queued]>
[2024-12-12T14:59:17.216+0000] {taskinstance.py:1279} INFO - 
--------------------------------------------------------------------------------
[2024-12-12T14:59:17.217+0000] {taskinstance.py:1280} INFO - Starting attempt 1 of 2
[2024-12-12T14:59:17.219+0000] {taskinstance.py:1281} INFO - 
--------------------------------------------------------------------------------
[2024-12-12T14:59:17.275+0000] {taskinstance.py:1300} INFO - Executing <Task(AirbyteTriggerSyncOperator): sync_data_connection_2> on 2024-12-12 02:58:59.606698+00:00
[2024-12-12T14:59:17.287+0000] {standard_task_runner.py:55} INFO - Started process 35571 to run task
[2024-12-12T14:59:17.294+0000] {standard_task_runner.py:82} INFO - Running: ['***', 'tasks', 'run', 'PolygonAPI_to_BigQuery', 'sync_data_connection_2', 'scheduled__2024-12-12T02:58:59.606698+00:00', '--job-id', '80', '--raw', '--subdir', 'DAGS_FOLDER/polygon_to_bigquery.py', '--cfg-path', '/tmp/tmppfmmd0oe']
[2024-12-12T14:59:17.296+0000] {standard_task_runner.py:83} INFO - Job 80: Subtask sync_data_connection_2
[2024-12-12T14:59:17.452+0000] {task_command.py:388} INFO - Running <TaskInstance: PolygonAPI_to_BigQuery.sync_data_connection_2 scheduled__2024-12-12T02:58:59.606698+00:00 [running]> on host 1b9e534b4855
[2024-12-12T14:59:17.663+0000] {taskinstance.py:1509} INFO - Exporting the following env vars:
AIRFLOW_CTX_DAG_OWNER=***
AIRFLOW_CTX_DAG_ID=PolygonAPI_to_BigQuery
AIRFLOW_CTX_TASK_ID=sync_data_connection_2
AIRFLOW_CTX_EXECUTION_DATE=2024-12-12T02:58:59.606698+00:00
AIRFLOW_CTX_TRY_NUMBER=1
AIRFLOW_CTX_DAG_RUN_ID=scheduled__2024-12-12T02:58:59.606698+00:00
[2024-12-12T14:59:17.700+0000] {base.py:73} INFO - Using connection ID 'airbyte_to_bigquery' for task execution.
[2024-12-12T14:59:18.581+0000] {airbyte.py:77} INFO - Job 63 was submitted to Airbyte Server
[2024-12-12T14:59:18.583+0000] {airbyte.py:79} INFO - Waiting for job 63 to complete
[2024-12-12T14:59:21.599+0000] {base.py:73} INFO - Using connection ID 'airbyte_to_bigquery' for task execution.
[2024-12-12T14:59:24.699+0000] {base.py:73} INFO - Using connection ID 'airbyte_to_bigquery' for task execution.
[2024-12-12T14:59:27.765+0000] {base.py:73} INFO - Using connection ID 'airbyte_to_bigquery' for task execution.
[2024-12-12T14:59:30.849+0000] {base.py:73} INFO - Using connection ID 'airbyte_to_bigquery' for task execution.
[2024-12-12T14:59:33.901+0000] {base.py:73} INFO - Using connection ID 'airbyte_to_bigquery' for task execution.
[2024-12-12T14:59:36.943+0000] {base.py:73} INFO - Using connection ID 'airbyte_to_bigquery' for task execution.
[2024-12-12T14:59:39.977+0000] {base.py:73} INFO - Using connection ID 'airbyte_to_bigquery' for task execution.
[2024-12-12T14:59:43.008+0000] {base.py:73} INFO - Using connection ID 'airbyte_to_bigquery' for task execution.
[2024-12-12T14:59:46.057+0000] {base.py:73} INFO - Using connection ID 'airbyte_to_bigquery' for task execution.
[2024-12-12T14:59:49.152+0000] {base.py:73} INFO - Using connection ID 'airbyte_to_bigquery' for task execution.
[2024-12-12T14:59:52.213+0000] {base.py:73} INFO - Using connection ID 'airbyte_to_bigquery' for task execution.
[2024-12-12T14:59:55.262+0000] {base.py:73} INFO - Using connection ID 'airbyte_to_bigquery' for task execution.
[2024-12-12T14:59:58.315+0000] {base.py:73} INFO - Using connection ID 'airbyte_to_bigquery' for task execution.
[2024-12-12T15:00:01.405+0000] {base.py:73} INFO - Using connection ID 'airbyte_to_bigquery' for task execution.
[2024-12-12T15:00:04.492+0000] {base.py:73} INFO - Using connection ID 'airbyte_to_bigquery' for task execution.
[2024-12-12T15:00:07.543+0000] {base.py:73} INFO - Using connection ID 'airbyte_to_bigquery' for task execution.
[2024-12-12T15:00:10.637+0000] {base.py:73} INFO - Using connection ID 'airbyte_to_bigquery' for task execution.
[2024-12-12T15:00:13.838+0000] {base.py:73} INFO - Using connection ID 'airbyte_to_bigquery' for task execution.
[2024-12-12T15:00:16.892+0000] {base.py:73} INFO - Using connection ID 'airbyte_to_bigquery' for task execution.
[2024-12-12T15:00:19.966+0000] {base.py:73} INFO - Using connection ID 'airbyte_to_bigquery' for task execution.
[2024-12-12T15:00:23.003+0000] {base.py:73} INFO - Using connection ID 'airbyte_to_bigquery' for task execution.
[2024-12-12T15:00:26.049+0000] {base.py:73} INFO - Using connection ID 'airbyte_to_bigquery' for task execution.
[2024-12-12T15:00:29.105+0000] {base.py:73} INFO - Using connection ID 'airbyte_to_bigquery' for task execution.
[2024-12-12T15:00:32.141+0000] {base.py:73} INFO - Using connection ID 'airbyte_to_bigquery' for task execution.
[2024-12-12T15:00:35.192+0000] {base.py:73} INFO - Using connection ID 'airbyte_to_bigquery' for task execution.
[2024-12-12T15:00:38.238+0000] {base.py:73} INFO - Using connection ID 'airbyte_to_bigquery' for task execution.
[2024-12-12T15:00:41.284+0000] {base.py:73} INFO - Using connection ID 'airbyte_to_bigquery' for task execution.
[2024-12-12T15:00:44.323+0000] {base.py:73} INFO - Using connection ID 'airbyte_to_bigquery' for task execution.
[2024-12-12T15:00:47.368+0000] {base.py:73} INFO - Using connection ID 'airbyte_to_bigquery' for task execution.
[2024-12-12T15:00:50.393+0000] {base.py:73} INFO - Using connection ID 'airbyte_to_bigquery' for task execution.
[2024-12-12T15:00:50.415+0000] {airbyte.py:81} INFO - Job 63 completed successfully
[2024-12-12T15:00:50.454+0000] {taskinstance.py:1323} INFO - Marking task as SUCCESS. dag_id=PolygonAPI_to_BigQuery, task_id=sync_data_connection_2, execution_date=20241212T025859, start_date=20241212T145917, end_date=20241212T150050
[2024-12-12T15:00:50.505+0000] {local_task_job.py:208} INFO - Task exited with return code 0
[2024-12-12T15:00:50.525+0000] {taskinstance.py:2578} INFO - 0 downstream tasks scheduled from follow-on schedule check
