[2025-01-05T21:14:06.844+0000] {processor.py:153} INFO - Started process (PID=175) to work on /home/airflow/.local/lib/python3.7/site-packages/airflow/example_dags/example_short_circuit_decorator.py
[2025-01-05T21:14:06.845+0000] {processor.py:743} INFO - Processing file /home/airflow/.local/lib/python3.7/site-packages/airflow/example_dags/example_short_circuit_decorator.py for tasks to queue
[2025-01-05T21:14:06.846+0000] {logging_mixin.py:137} INFO - [2025-01-05T21:14:06.846+0000] {dagbag.py:538} INFO - Filling up the DagBag from /home/airflow/.local/lib/python3.7/site-packages/airflow/example_dags/example_short_circuit_decorator.py
[2025-01-05T21:14:06.876+0000] {processor.py:753} INFO - DAG(s) dict_keys(['example_short_circuit_decorator']) retrieved from /home/airflow/.local/lib/python3.7/site-packages/airflow/example_dags/example_short_circuit_decorator.py
[2025-01-05T21:14:06.907+0000] {logging_mixin.py:137} INFO - [2025-01-05T21:14:06.906+0000] {dag.py:2690} INFO - Sync 1 DAGs
[2025-01-05T21:14:06.932+0000] {logging_mixin.py:137} INFO - [2025-01-05T21:14:06.932+0000] {dag.py:3441} INFO - Setting next_dagrun for example_short_circuit_decorator to 2025-01-04T21:14:06.932085+00:00, run_after=2025-01-05T21:14:06.932085+00:00
[2025-01-05T21:14:06.957+0000] {processor.py:175} INFO - Processing /home/airflow/.local/lib/python3.7/site-packages/airflow/example_dags/example_short_circuit_decorator.py took 0.117 seconds
[2025-01-05T21:14:37.118+0000] {processor.py:153} INFO - Started process (PID=254) to work on /home/airflow/.local/lib/python3.7/site-packages/airflow/example_dags/example_short_circuit_decorator.py
[2025-01-05T21:14:37.119+0000] {processor.py:743} INFO - Processing file /home/airflow/.local/lib/python3.7/site-packages/airflow/example_dags/example_short_circuit_decorator.py for tasks to queue
[2025-01-05T21:14:37.120+0000] {logging_mixin.py:137} INFO - [2025-01-05T21:14:37.120+0000] {dagbag.py:538} INFO - Filling up the DagBag from /home/airflow/.local/lib/python3.7/site-packages/airflow/example_dags/example_short_circuit_decorator.py
[2025-01-05T21:14:37.145+0000] {processor.py:753} INFO - DAG(s) dict_keys(['example_short_circuit_decorator']) retrieved from /home/airflow/.local/lib/python3.7/site-packages/airflow/example_dags/example_short_circuit_decorator.py
[2025-01-05T21:14:37.173+0000] {logging_mixin.py:137} INFO - [2025-01-05T21:14:37.173+0000] {dag.py:2690} INFO - Sync 1 DAGs
[2025-01-05T21:14:37.204+0000] {logging_mixin.py:137} INFO - [2025-01-05T21:14:37.204+0000] {dag.py:3441} INFO - Setting next_dagrun for example_short_circuit_decorator to 2025-01-04T21:14:37.204518+00:00, run_after=2025-01-05T21:14:37.204518+00:00
[2025-01-05T21:14:37.225+0000] {processor.py:175} INFO - Processing /home/airflow/.local/lib/python3.7/site-packages/airflow/example_dags/example_short_circuit_decorator.py took 0.110 seconds
[2025-01-05T21:15:07.598+0000] {processor.py:153} INFO - Started process (PID=354) to work on /home/airflow/.local/lib/python3.7/site-packages/airflow/example_dags/example_short_circuit_decorator.py
[2025-01-05T21:15:07.599+0000] {processor.py:743} INFO - Processing file /home/airflow/.local/lib/python3.7/site-packages/airflow/example_dags/example_short_circuit_decorator.py for tasks to queue
[2025-01-05T21:15:07.600+0000] {logging_mixin.py:137} INFO - [2025-01-05T21:15:07.599+0000] {dagbag.py:538} INFO - Filling up the DagBag from /home/airflow/.local/lib/python3.7/site-packages/airflow/example_dags/example_short_circuit_decorator.py
[2025-01-05T21:15:07.637+0000] {processor.py:753} INFO - DAG(s) dict_keys(['example_short_circuit_decorator']) retrieved from /home/airflow/.local/lib/python3.7/site-packages/airflow/example_dags/example_short_circuit_decorator.py
[2025-01-05T21:15:07.670+0000] {logging_mixin.py:137} INFO - [2025-01-05T21:15:07.670+0000] {dag.py:2690} INFO - Sync 1 DAGs
[2025-01-05T21:15:07.706+0000] {logging_mixin.py:137} INFO - [2025-01-05T21:15:07.706+0000] {dag.py:3441} INFO - Setting next_dagrun for example_short_circuit_decorator to 2025-01-04T21:15:07.706306+00:00, run_after=2025-01-05T21:15:07.706306+00:00
[2025-01-05T21:15:07.731+0000] {processor.py:175} INFO - Processing /home/airflow/.local/lib/python3.7/site-packages/airflow/example_dags/example_short_circuit_decorator.py took 0.138 seconds
[2025-01-05T21:15:38.705+0000] {processor.py:153} INFO - Started process (PID=433) to work on /home/airflow/.local/lib/python3.7/site-packages/airflow/example_dags/example_short_circuit_decorator.py
[2025-01-05T21:15:38.707+0000] {processor.py:743} INFO - Processing file /home/airflow/.local/lib/python3.7/site-packages/airflow/example_dags/example_short_circuit_decorator.py for tasks to queue
[2025-01-05T21:15:38.708+0000] {logging_mixin.py:137} INFO - [2025-01-05T21:15:38.708+0000] {dagbag.py:538} INFO - Filling up the DagBag from /home/airflow/.local/lib/python3.7/site-packages/airflow/example_dags/example_short_circuit_decorator.py
[2025-01-05T21:15:38.767+0000] {processor.py:753} INFO - DAG(s) dict_keys(['example_short_circuit_decorator']) retrieved from /home/airflow/.local/lib/python3.7/site-packages/airflow/example_dags/example_short_circuit_decorator.py
[2025-01-05T21:15:38.821+0000] {logging_mixin.py:137} INFO - [2025-01-05T21:15:38.821+0000] {dag.py:2690} INFO - Sync 1 DAGs
[2025-01-05T21:15:38.877+0000] {logging_mixin.py:137} INFO - [2025-01-05T21:15:38.876+0000] {dag.py:3441} INFO - Setting next_dagrun for example_short_circuit_decorator to 2025-01-04T21:15:38.876083+00:00, run_after=2025-01-05T21:15:38.876083+00:00
[2025-01-05T21:15:38.925+0000] {processor.py:175} INFO - Processing /home/airflow/.local/lib/python3.7/site-packages/airflow/example_dags/example_short_circuit_decorator.py took 0.225 seconds
[2025-01-05T21:16:09.772+0000] {processor.py:153} INFO - Started process (PID=512) to work on /home/airflow/.local/lib/python3.7/site-packages/airflow/example_dags/example_short_circuit_decorator.py
[2025-01-05T21:16:09.773+0000] {processor.py:743} INFO - Processing file /home/airflow/.local/lib/python3.7/site-packages/airflow/example_dags/example_short_circuit_decorator.py for tasks to queue
[2025-01-05T21:16:09.775+0000] {logging_mixin.py:137} INFO - [2025-01-05T21:16:09.775+0000] {dagbag.py:538} INFO - Filling up the DagBag from /home/airflow/.local/lib/python3.7/site-packages/airflow/example_dags/example_short_circuit_decorator.py
[2025-01-05T21:16:09.824+0000] {processor.py:753} INFO - DAG(s) dict_keys(['example_short_circuit_decorator']) retrieved from /home/airflow/.local/lib/python3.7/site-packages/airflow/example_dags/example_short_circuit_decorator.py
[2025-01-05T21:16:09.885+0000] {logging_mixin.py:137} INFO - [2025-01-05T21:16:09.885+0000] {dag.py:2690} INFO - Sync 1 DAGs
[2025-01-05T21:16:09.965+0000] {logging_mixin.py:137} INFO - [2025-01-05T21:16:09.965+0000] {dag.py:3441} INFO - Setting next_dagrun for example_short_circuit_decorator to 2025-01-04T21:16:09.964740+00:00, run_after=2025-01-05T21:16:09.964740+00:00
[2025-01-05T21:16:10.011+0000] {processor.py:175} INFO - Processing /home/airflow/.local/lib/python3.7/site-packages/airflow/example_dags/example_short_circuit_decorator.py took 0.245 seconds
[2025-01-05T21:17:51.391+0000] {processor.py:153} INFO - Started process (PID=72) to work on /home/airflow/.local/lib/python3.7/site-packages/airflow/example_dags/example_short_circuit_decorator.py
[2025-01-05T21:17:51.393+0000] {processor.py:743} INFO - Processing file /home/airflow/.local/lib/python3.7/site-packages/airflow/example_dags/example_short_circuit_decorator.py for tasks to queue
[2025-01-05T21:17:51.394+0000] {logging_mixin.py:137} INFO - [2025-01-05T21:17:51.394+0000] {dagbag.py:538} INFO - Filling up the DagBag from /home/airflow/.local/lib/python3.7/site-packages/airflow/example_dags/example_short_circuit_decorator.py
[2025-01-05T21:17:51.450+0000] {processor.py:753} INFO - DAG(s) dict_keys(['example_short_circuit_decorator']) retrieved from /home/airflow/.local/lib/python3.7/site-packages/airflow/example_dags/example_short_circuit_decorator.py
[2025-01-05T21:17:51.497+0000] {logging_mixin.py:137} INFO - [2025-01-05T21:17:51.496+0000] {dag.py:2690} INFO - Sync 1 DAGs
[2025-01-05T21:17:51.543+0000] {logging_mixin.py:137} INFO - [2025-01-05T21:17:51.543+0000] {dag.py:3441} INFO - Setting next_dagrun for example_short_circuit_decorator to 2025-01-04T21:17:51.543376+00:00, run_after=2025-01-05T21:17:51.543376+00:00
[2025-01-05T21:17:51.584+0000] {processor.py:175} INFO - Processing /home/airflow/.local/lib/python3.7/site-packages/airflow/example_dags/example_short_circuit_decorator.py took 0.200 seconds
[2025-01-05T21:18:22.231+0000] {processor.py:153} INFO - Started process (PID=152) to work on /home/airflow/.local/lib/python3.7/site-packages/airflow/example_dags/example_short_circuit_decorator.py
[2025-01-05T21:18:22.233+0000] {processor.py:743} INFO - Processing file /home/airflow/.local/lib/python3.7/site-packages/airflow/example_dags/example_short_circuit_decorator.py for tasks to queue
[2025-01-05T21:18:22.234+0000] {logging_mixin.py:137} INFO - [2025-01-05T21:18:22.234+0000] {dagbag.py:538} INFO - Filling up the DagBag from /home/airflow/.local/lib/python3.7/site-packages/airflow/example_dags/example_short_circuit_decorator.py
[2025-01-05T21:18:22.262+0000] {processor.py:753} INFO - DAG(s) dict_keys(['example_short_circuit_decorator']) retrieved from /home/airflow/.local/lib/python3.7/site-packages/airflow/example_dags/example_short_circuit_decorator.py
[2025-01-05T21:18:22.293+0000] {logging_mixin.py:137} INFO - [2025-01-05T21:18:22.293+0000] {dag.py:2690} INFO - Sync 1 DAGs
[2025-01-05T21:18:22.334+0000] {logging_mixin.py:137} INFO - [2025-01-05T21:18:22.333+0000] {dag.py:3441} INFO - Setting next_dagrun for example_short_circuit_decorator to 2025-01-04T21:18:22.333555+00:00, run_after=2025-01-05T21:18:22.333555+00:00
[2025-01-05T21:18:22.362+0000] {processor.py:175} INFO - Processing /home/airflow/.local/lib/python3.7/site-packages/airflow/example_dags/example_short_circuit_decorator.py took 0.135 seconds
[2025-01-05T21:18:52.519+0000] {processor.py:153} INFO - Started process (PID=253) to work on /home/airflow/.local/lib/python3.7/site-packages/airflow/example_dags/example_short_circuit_decorator.py
[2025-01-05T21:18:52.520+0000] {processor.py:743} INFO - Processing file /home/airflow/.local/lib/python3.7/site-packages/airflow/example_dags/example_short_circuit_decorator.py for tasks to queue
[2025-01-05T21:18:52.521+0000] {logging_mixin.py:137} INFO - [2025-01-05T21:18:52.521+0000] {dagbag.py:538} INFO - Filling up the DagBag from /home/airflow/.local/lib/python3.7/site-packages/airflow/example_dags/example_short_circuit_decorator.py
[2025-01-05T21:18:52.548+0000] {processor.py:753} INFO - DAG(s) dict_keys(['example_short_circuit_decorator']) retrieved from /home/airflow/.local/lib/python3.7/site-packages/airflow/example_dags/example_short_circuit_decorator.py
[2025-01-05T21:18:52.575+0000] {logging_mixin.py:137} INFO - [2025-01-05T21:18:52.575+0000] {dag.py:2690} INFO - Sync 1 DAGs
[2025-01-05T21:18:52.601+0000] {logging_mixin.py:137} INFO - [2025-01-05T21:18:52.601+0000] {dag.py:3441} INFO - Setting next_dagrun for example_short_circuit_decorator to 2025-01-04T21:18:52.601147+00:00, run_after=2025-01-05T21:18:52.601147+00:00
[2025-01-05T21:18:52.620+0000] {processor.py:175} INFO - Processing /home/airflow/.local/lib/python3.7/site-packages/airflow/example_dags/example_short_circuit_decorator.py took 0.105 seconds
[2025-01-05T21:19:22.706+0000] {processor.py:153} INFO - Started process (PID=333) to work on /home/airflow/.local/lib/python3.7/site-packages/airflow/example_dags/example_short_circuit_decorator.py
[2025-01-05T21:19:22.707+0000] {processor.py:743} INFO - Processing file /home/airflow/.local/lib/python3.7/site-packages/airflow/example_dags/example_short_circuit_decorator.py for tasks to queue
[2025-01-05T21:19:22.708+0000] {logging_mixin.py:137} INFO - [2025-01-05T21:19:22.708+0000] {dagbag.py:538} INFO - Filling up the DagBag from /home/airflow/.local/lib/python3.7/site-packages/airflow/example_dags/example_short_circuit_decorator.py
[2025-01-05T21:19:22.731+0000] {processor.py:753} INFO - DAG(s) dict_keys(['example_short_circuit_decorator']) retrieved from /home/airflow/.local/lib/python3.7/site-packages/airflow/example_dags/example_short_circuit_decorator.py
[2025-01-05T21:19:22.756+0000] {logging_mixin.py:137} INFO - [2025-01-05T21:19:22.756+0000] {dag.py:2690} INFO - Sync 1 DAGs
[2025-01-05T21:19:22.781+0000] {logging_mixin.py:137} INFO - [2025-01-05T21:19:22.781+0000] {dag.py:3441} INFO - Setting next_dagrun for example_short_circuit_decorator to 2025-01-04T21:19:22.781010+00:00, run_after=2025-01-05T21:19:22.781010+00:00
[2025-01-05T21:19:22.799+0000] {processor.py:175} INFO - Processing /home/airflow/.local/lib/python3.7/site-packages/airflow/example_dags/example_short_circuit_decorator.py took 0.095 seconds
[2025-01-05T21:19:53.730+0000] {processor.py:153} INFO - Started process (PID=423) to work on /home/airflow/.local/lib/python3.7/site-packages/airflow/example_dags/example_short_circuit_decorator.py
[2025-01-05T21:19:53.731+0000] {processor.py:743} INFO - Processing file /home/airflow/.local/lib/python3.7/site-packages/airflow/example_dags/example_short_circuit_decorator.py for tasks to queue
[2025-01-05T21:19:53.732+0000] {logging_mixin.py:137} INFO - [2025-01-05T21:19:53.732+0000] {dagbag.py:538} INFO - Filling up the DagBag from /home/airflow/.local/lib/python3.7/site-packages/airflow/example_dags/example_short_circuit_decorator.py
[2025-01-05T21:19:53.758+0000] {processor.py:753} INFO - DAG(s) dict_keys(['example_short_circuit_decorator']) retrieved from /home/airflow/.local/lib/python3.7/site-packages/airflow/example_dags/example_short_circuit_decorator.py
[2025-01-05T21:19:53.789+0000] {logging_mixin.py:137} INFO - [2025-01-05T21:19:53.788+0000] {dag.py:2690} INFO - Sync 1 DAGs
[2025-01-05T21:19:53.813+0000] {logging_mixin.py:137} INFO - [2025-01-05T21:19:53.813+0000] {dag.py:3441} INFO - Setting next_dagrun for example_short_circuit_decorator to 2025-01-04T21:19:53.813411+00:00, run_after=2025-01-05T21:19:53.813411+00:00
[2025-01-05T21:19:53.834+0000] {processor.py:175} INFO - Processing /home/airflow/.local/lib/python3.7/site-packages/airflow/example_dags/example_short_circuit_decorator.py took 0.107 seconds
[2025-01-05T21:20:24.625+0000] {processor.py:153} INFO - Started process (PID=514) to work on /home/airflow/.local/lib/python3.7/site-packages/airflow/example_dags/example_short_circuit_decorator.py
[2025-01-05T21:20:24.626+0000] {processor.py:743} INFO - Processing file /home/airflow/.local/lib/python3.7/site-packages/airflow/example_dags/example_short_circuit_decorator.py for tasks to queue
[2025-01-05T21:20:24.627+0000] {logging_mixin.py:137} INFO - [2025-01-05T21:20:24.627+0000] {dagbag.py:538} INFO - Filling up the DagBag from /home/airflow/.local/lib/python3.7/site-packages/airflow/example_dags/example_short_circuit_decorator.py
[2025-01-05T21:20:24.650+0000] {processor.py:753} INFO - DAG(s) dict_keys(['example_short_circuit_decorator']) retrieved from /home/airflow/.local/lib/python3.7/site-packages/airflow/example_dags/example_short_circuit_decorator.py
[2025-01-05T21:20:24.676+0000] {logging_mixin.py:137} INFO - [2025-01-05T21:20:24.675+0000] {dag.py:2690} INFO - Sync 1 DAGs
[2025-01-05T21:20:24.701+0000] {logging_mixin.py:137} INFO - [2025-01-05T21:20:24.701+0000] {dag.py:3441} INFO - Setting next_dagrun for example_short_circuit_decorator to 2025-01-04T21:20:24.701203+00:00, run_after=2025-01-05T21:20:24.701203+00:00
[2025-01-05T21:20:24.720+0000] {processor.py:175} INFO - Processing /home/airflow/.local/lib/python3.7/site-packages/airflow/example_dags/example_short_circuit_decorator.py took 0.098 seconds
[2025-01-05T21:20:55.395+0000] {processor.py:153} INFO - Started process (PID=603) to work on /home/airflow/.local/lib/python3.7/site-packages/airflow/example_dags/example_short_circuit_decorator.py
[2025-01-05T21:20:55.396+0000] {processor.py:743} INFO - Processing file /home/airflow/.local/lib/python3.7/site-packages/airflow/example_dags/example_short_circuit_decorator.py for tasks to queue
[2025-01-05T21:20:55.396+0000] {logging_mixin.py:137} INFO - [2025-01-05T21:20:55.396+0000] {dagbag.py:538} INFO - Filling up the DagBag from /home/airflow/.local/lib/python3.7/site-packages/airflow/example_dags/example_short_circuit_decorator.py
[2025-01-05T21:20:55.427+0000] {processor.py:753} INFO - DAG(s) dict_keys(['example_short_circuit_decorator']) retrieved from /home/airflow/.local/lib/python3.7/site-packages/airflow/example_dags/example_short_circuit_decorator.py
[2025-01-05T21:20:55.458+0000] {logging_mixin.py:137} INFO - [2025-01-05T21:20:55.457+0000] {dag.py:2690} INFO - Sync 1 DAGs
[2025-01-05T21:20:55.491+0000] {logging_mixin.py:137} INFO - [2025-01-05T21:20:55.491+0000] {dag.py:3441} INFO - Setting next_dagrun for example_short_circuit_decorator to 2025-01-04T21:20:55.491246+00:00, run_after=2025-01-05T21:20:55.491246+00:00
[2025-01-05T21:20:55.515+0000] {processor.py:175} INFO - Processing /home/airflow/.local/lib/python3.7/site-packages/airflow/example_dags/example_short_circuit_decorator.py took 0.124 seconds
[2025-01-05T21:21:25.543+0000] {processor.py:153} INFO - Started process (PID=694) to work on /home/airflow/.local/lib/python3.7/site-packages/airflow/example_dags/example_short_circuit_decorator.py
[2025-01-05T21:21:25.544+0000] {processor.py:743} INFO - Processing file /home/airflow/.local/lib/python3.7/site-packages/airflow/example_dags/example_short_circuit_decorator.py for tasks to queue
[2025-01-05T21:21:25.545+0000] {logging_mixin.py:137} INFO - [2025-01-05T21:21:25.544+0000] {dagbag.py:538} INFO - Filling up the DagBag from /home/airflow/.local/lib/python3.7/site-packages/airflow/example_dags/example_short_circuit_decorator.py
[2025-01-05T21:21:25.568+0000] {processor.py:753} INFO - DAG(s) dict_keys(['example_short_circuit_decorator']) retrieved from /home/airflow/.local/lib/python3.7/site-packages/airflow/example_dags/example_short_circuit_decorator.py
[2025-01-05T21:21:25.592+0000] {logging_mixin.py:137} INFO - [2025-01-05T21:21:25.592+0000] {dag.py:2690} INFO - Sync 1 DAGs
[2025-01-05T21:21:25.616+0000] {logging_mixin.py:137} INFO - [2025-01-05T21:21:25.616+0000] {dag.py:3441} INFO - Setting next_dagrun for example_short_circuit_decorator to 2025-01-04T21:21:25.616415+00:00, run_after=2025-01-05T21:21:25.616415+00:00
[2025-01-05T21:21:25.636+0000] {processor.py:175} INFO - Processing /home/airflow/.local/lib/python3.7/site-packages/airflow/example_dags/example_short_circuit_decorator.py took 0.096 seconds
[2025-01-05T21:21:55.852+0000] {processor.py:153} INFO - Started process (PID=774) to work on /home/airflow/.local/lib/python3.7/site-packages/airflow/example_dags/example_short_circuit_decorator.py
[2025-01-05T21:21:55.853+0000] {processor.py:743} INFO - Processing file /home/airflow/.local/lib/python3.7/site-packages/airflow/example_dags/example_short_circuit_decorator.py for tasks to queue
[2025-01-05T21:21:55.854+0000] {logging_mixin.py:137} INFO - [2025-01-05T21:21:55.854+0000] {dagbag.py:538} INFO - Filling up the DagBag from /home/airflow/.local/lib/python3.7/site-packages/airflow/example_dags/example_short_circuit_decorator.py
[2025-01-05T21:21:55.879+0000] {processor.py:753} INFO - DAG(s) dict_keys(['example_short_circuit_decorator']) retrieved from /home/airflow/.local/lib/python3.7/site-packages/airflow/example_dags/example_short_circuit_decorator.py
[2025-01-05T21:21:55.908+0000] {logging_mixin.py:137} INFO - [2025-01-05T21:21:55.907+0000] {dag.py:2690} INFO - Sync 1 DAGs
[2025-01-05T21:21:55.933+0000] {logging_mixin.py:137} INFO - [2025-01-05T21:21:55.933+0000] {dag.py:3441} INFO - Setting next_dagrun for example_short_circuit_decorator to 2025-01-04T21:21:55.933254+00:00, run_after=2025-01-05T21:21:55.933254+00:00
[2025-01-05T21:21:55.955+0000] {processor.py:175} INFO - Processing /home/airflow/.local/lib/python3.7/site-packages/airflow/example_dags/example_short_circuit_decorator.py took 0.105 seconds
[2025-01-05T21:22:26.145+0000] {processor.py:153} INFO - Started process (PID=874) to work on /home/airflow/.local/lib/python3.7/site-packages/airflow/example_dags/example_short_circuit_decorator.py
[2025-01-05T21:22:26.146+0000] {processor.py:743} INFO - Processing file /home/airflow/.local/lib/python3.7/site-packages/airflow/example_dags/example_short_circuit_decorator.py for tasks to queue
[2025-01-05T21:22:26.147+0000] {logging_mixin.py:137} INFO - [2025-01-05T21:22:26.147+0000] {dagbag.py:538} INFO - Filling up the DagBag from /home/airflow/.local/lib/python3.7/site-packages/airflow/example_dags/example_short_circuit_decorator.py
[2025-01-05T21:22:26.179+0000] {processor.py:753} INFO - DAG(s) dict_keys(['example_short_circuit_decorator']) retrieved from /home/airflow/.local/lib/python3.7/site-packages/airflow/example_dags/example_short_circuit_decorator.py
[2025-01-05T21:22:26.207+0000] {logging_mixin.py:137} INFO - [2025-01-05T21:22:26.207+0000] {dag.py:2690} INFO - Sync 1 DAGs
[2025-01-05T21:22:26.239+0000] {logging_mixin.py:137} INFO - [2025-01-05T21:22:26.238+0000] {dag.py:3441} INFO - Setting next_dagrun for example_short_circuit_decorator to 2025-01-04T21:22:26.238739+00:00, run_after=2025-01-05T21:22:26.238739+00:00
[2025-01-05T21:22:26.258+0000] {processor.py:175} INFO - Processing /home/airflow/.local/lib/python3.7/site-packages/airflow/example_dags/example_short_circuit_decorator.py took 0.116 seconds
[2025-01-05T21:22:56.314+0000] {processor.py:153} INFO - Started process (PID=955) to work on /home/airflow/.local/lib/python3.7/site-packages/airflow/example_dags/example_short_circuit_decorator.py
[2025-01-05T21:22:56.315+0000] {processor.py:743} INFO - Processing file /home/airflow/.local/lib/python3.7/site-packages/airflow/example_dags/example_short_circuit_decorator.py for tasks to queue
[2025-01-05T21:22:56.316+0000] {logging_mixin.py:137} INFO - [2025-01-05T21:22:56.316+0000] {dagbag.py:538} INFO - Filling up the DagBag from /home/airflow/.local/lib/python3.7/site-packages/airflow/example_dags/example_short_circuit_decorator.py
[2025-01-05T21:22:56.339+0000] {processor.py:753} INFO - DAG(s) dict_keys(['example_short_circuit_decorator']) retrieved from /home/airflow/.local/lib/python3.7/site-packages/airflow/example_dags/example_short_circuit_decorator.py
[2025-01-05T21:22:56.364+0000] {logging_mixin.py:137} INFO - [2025-01-05T21:22:56.364+0000] {dag.py:2690} INFO - Sync 1 DAGs
[2025-01-05T21:22:56.388+0000] {logging_mixin.py:137} INFO - [2025-01-05T21:22:56.388+0000] {dag.py:3441} INFO - Setting next_dagrun for example_short_circuit_decorator to 2025-01-04T21:22:56.388073+00:00, run_after=2025-01-05T21:22:56.388073+00:00
[2025-01-05T21:22:56.406+0000] {processor.py:175} INFO - Processing /home/airflow/.local/lib/python3.7/site-packages/airflow/example_dags/example_short_circuit_decorator.py took 0.095 seconds
[2025-01-05T21:23:27.243+0000] {processor.py:153} INFO - Started process (PID=1055) to work on /home/airflow/.local/lib/python3.7/site-packages/airflow/example_dags/example_short_circuit_decorator.py
[2025-01-05T21:23:27.245+0000] {processor.py:743} INFO - Processing file /home/airflow/.local/lib/python3.7/site-packages/airflow/example_dags/example_short_circuit_decorator.py for tasks to queue
[2025-01-05T21:23:27.246+0000] {logging_mixin.py:137} INFO - [2025-01-05T21:23:27.246+0000] {dagbag.py:538} INFO - Filling up the DagBag from /home/airflow/.local/lib/python3.7/site-packages/airflow/example_dags/example_short_circuit_decorator.py
[2025-01-05T21:23:27.271+0000] {processor.py:753} INFO - DAG(s) dict_keys(['example_short_circuit_decorator']) retrieved from /home/airflow/.local/lib/python3.7/site-packages/airflow/example_dags/example_short_circuit_decorator.py
[2025-01-05T21:23:27.297+0000] {logging_mixin.py:137} INFO - [2025-01-05T21:23:27.297+0000] {dag.py:2690} INFO - Sync 1 DAGs
[2025-01-05T21:23:27.324+0000] {logging_mixin.py:137} INFO - [2025-01-05T21:23:27.324+0000] {dag.py:3441} INFO - Setting next_dagrun for example_short_circuit_decorator to 2025-01-04T21:23:27.324500+00:00, run_after=2025-01-05T21:23:27.324500+00:00
[2025-01-05T21:23:27.344+0000] {processor.py:175} INFO - Processing /home/airflow/.local/lib/python3.7/site-packages/airflow/example_dags/example_short_circuit_decorator.py took 0.104 seconds
[2025-01-05T21:23:57.852+0000] {processor.py:153} INFO - Started process (PID=1135) to work on /home/airflow/.local/lib/python3.7/site-packages/airflow/example_dags/example_short_circuit_decorator.py
[2025-01-05T21:23:57.852+0000] {processor.py:743} INFO - Processing file /home/airflow/.local/lib/python3.7/site-packages/airflow/example_dags/example_short_circuit_decorator.py for tasks to queue
[2025-01-05T21:23:57.853+0000] {logging_mixin.py:137} INFO - [2025-01-05T21:23:57.853+0000] {dagbag.py:538} INFO - Filling up the DagBag from /home/airflow/.local/lib/python3.7/site-packages/airflow/example_dags/example_short_circuit_decorator.py
[2025-01-05T21:23:57.876+0000] {processor.py:753} INFO - DAG(s) dict_keys(['example_short_circuit_decorator']) retrieved from /home/airflow/.local/lib/python3.7/site-packages/airflow/example_dags/example_short_circuit_decorator.py
[2025-01-05T21:23:57.899+0000] {logging_mixin.py:137} INFO - [2025-01-05T21:23:57.899+0000] {dag.py:2690} INFO - Sync 1 DAGs
[2025-01-05T21:23:57.925+0000] {logging_mixin.py:137} INFO - [2025-01-05T21:23:57.925+0000] {dag.py:3441} INFO - Setting next_dagrun for example_short_circuit_decorator to 2025-01-04T21:23:57.924860+00:00, run_after=2025-01-05T21:23:57.924860+00:00
[2025-01-05T21:23:57.943+0000] {processor.py:175} INFO - Processing /home/airflow/.local/lib/python3.7/site-packages/airflow/example_dags/example_short_circuit_decorator.py took 0.094 seconds
[2025-01-05T21:24:28.568+0000] {processor.py:153} INFO - Started process (PID=1235) to work on /home/airflow/.local/lib/python3.7/site-packages/airflow/example_dags/example_short_circuit_decorator.py
[2025-01-05T21:24:28.569+0000] {processor.py:743} INFO - Processing file /home/airflow/.local/lib/python3.7/site-packages/airflow/example_dags/example_short_circuit_decorator.py for tasks to queue
[2025-01-05T21:24:28.570+0000] {logging_mixin.py:137} INFO - [2025-01-05T21:24:28.570+0000] {dagbag.py:538} INFO - Filling up the DagBag from /home/airflow/.local/lib/python3.7/site-packages/airflow/example_dags/example_short_circuit_decorator.py
[2025-01-05T21:24:28.597+0000] {processor.py:753} INFO - DAG(s) dict_keys(['example_short_circuit_decorator']) retrieved from /home/airflow/.local/lib/python3.7/site-packages/airflow/example_dags/example_short_circuit_decorator.py
[2025-01-05T21:24:28.623+0000] {logging_mixin.py:137} INFO - [2025-01-05T21:24:28.622+0000] {dag.py:2690} INFO - Sync 1 DAGs
[2025-01-05T21:24:28.653+0000] {logging_mixin.py:137} INFO - [2025-01-05T21:24:28.653+0000] {dag.py:3441} INFO - Setting next_dagrun for example_short_circuit_decorator to 2025-01-04T21:24:28.653634+00:00, run_after=2025-01-05T21:24:28.653634+00:00
[2025-01-05T21:24:28.674+0000] {processor.py:175} INFO - Processing /home/airflow/.local/lib/python3.7/site-packages/airflow/example_dags/example_short_circuit_decorator.py took 0.109 seconds
[2025-01-05T21:24:59.266+0000] {processor.py:153} INFO - Started process (PID=1316) to work on /home/airflow/.local/lib/python3.7/site-packages/airflow/example_dags/example_short_circuit_decorator.py
[2025-01-05T21:24:59.267+0000] {processor.py:743} INFO - Processing file /home/airflow/.local/lib/python3.7/site-packages/airflow/example_dags/example_short_circuit_decorator.py for tasks to queue
[2025-01-05T21:24:59.268+0000] {logging_mixin.py:137} INFO - [2025-01-05T21:24:59.268+0000] {dagbag.py:538} INFO - Filling up the DagBag from /home/airflow/.local/lib/python3.7/site-packages/airflow/example_dags/example_short_circuit_decorator.py
[2025-01-05T21:24:59.291+0000] {processor.py:753} INFO - DAG(s) dict_keys(['example_short_circuit_decorator']) retrieved from /home/airflow/.local/lib/python3.7/site-packages/airflow/example_dags/example_short_circuit_decorator.py
[2025-01-05T21:24:59.317+0000] {logging_mixin.py:137} INFO - [2025-01-05T21:24:59.316+0000] {dag.py:2690} INFO - Sync 1 DAGs
[2025-01-05T21:24:59.341+0000] {logging_mixin.py:137} INFO - [2025-01-05T21:24:59.341+0000] {dag.py:3441} INFO - Setting next_dagrun for example_short_circuit_decorator to 2025-01-04T21:24:59.341383+00:00, run_after=2025-01-05T21:24:59.341383+00:00
[2025-01-05T21:24:59.360+0000] {processor.py:175} INFO - Processing /home/airflow/.local/lib/python3.7/site-packages/airflow/example_dags/example_short_circuit_decorator.py took 0.096 seconds
[2025-01-05T21:25:30.415+0000] {processor.py:153} INFO - Started process (PID=1416) to work on /home/airflow/.local/lib/python3.7/site-packages/airflow/example_dags/example_short_circuit_decorator.py
[2025-01-05T21:25:30.417+0000] {processor.py:743} INFO - Processing file /home/airflow/.local/lib/python3.7/site-packages/airflow/example_dags/example_short_circuit_decorator.py for tasks to queue
[2025-01-05T21:25:30.419+0000] {logging_mixin.py:137} INFO - [2025-01-05T21:25:30.419+0000] {dagbag.py:538} INFO - Filling up the DagBag from /home/airflow/.local/lib/python3.7/site-packages/airflow/example_dags/example_short_circuit_decorator.py
[2025-01-05T21:25:30.474+0000] {processor.py:753} INFO - DAG(s) dict_keys(['example_short_circuit_decorator']) retrieved from /home/airflow/.local/lib/python3.7/site-packages/airflow/example_dags/example_short_circuit_decorator.py
[2025-01-05T21:25:30.542+0000] {logging_mixin.py:137} INFO - [2025-01-05T21:25:30.541+0000] {dag.py:2690} INFO - Sync 1 DAGs
[2025-01-05T21:25:30.625+0000] {logging_mixin.py:137} INFO - [2025-01-05T21:25:30.625+0000] {dag.py:3441} INFO - Setting next_dagrun for example_short_circuit_decorator to 2025-01-04T21:25:30.625062+00:00, run_after=2025-01-05T21:25:30.625062+00:00
[2025-01-05T21:25:30.712+0000] {processor.py:175} INFO - Processing /home/airflow/.local/lib/python3.7/site-packages/airflow/example_dags/example_short_circuit_decorator.py took 0.305 seconds
[2025-01-05T21:26:01.647+0000] {processor.py:153} INFO - Started process (PID=1496) to work on /home/airflow/.local/lib/python3.7/site-packages/airflow/example_dags/example_short_circuit_decorator.py
[2025-01-05T21:26:01.648+0000] {processor.py:743} INFO - Processing file /home/airflow/.local/lib/python3.7/site-packages/airflow/example_dags/example_short_circuit_decorator.py for tasks to queue
[2025-01-05T21:26:01.648+0000] {logging_mixin.py:137} INFO - [2025-01-05T21:26:01.648+0000] {dagbag.py:538} INFO - Filling up the DagBag from /home/airflow/.local/lib/python3.7/site-packages/airflow/example_dags/example_short_circuit_decorator.py
[2025-01-05T21:26:01.670+0000] {processor.py:753} INFO - DAG(s) dict_keys(['example_short_circuit_decorator']) retrieved from /home/airflow/.local/lib/python3.7/site-packages/airflow/example_dags/example_short_circuit_decorator.py
[2025-01-05T21:26:01.694+0000] {logging_mixin.py:137} INFO - [2025-01-05T21:26:01.694+0000] {dag.py:2690} INFO - Sync 1 DAGs
[2025-01-05T21:26:01.721+0000] {logging_mixin.py:137} INFO - [2025-01-05T21:26:01.721+0000] {dag.py:3441} INFO - Setting next_dagrun for example_short_circuit_decorator to 2025-01-04T21:26:01.720807+00:00, run_after=2025-01-05T21:26:01.720807+00:00
[2025-01-05T21:26:01.740+0000] {processor.py:175} INFO - Processing /home/airflow/.local/lib/python3.7/site-packages/airflow/example_dags/example_short_circuit_decorator.py took 0.096 seconds
[2025-01-05T21:26:32.366+0000] {processor.py:153} INFO - Started process (PID=1596) to work on /home/airflow/.local/lib/python3.7/site-packages/airflow/example_dags/example_short_circuit_decorator.py
[2025-01-05T21:26:32.367+0000] {processor.py:743} INFO - Processing file /home/airflow/.local/lib/python3.7/site-packages/airflow/example_dags/example_short_circuit_decorator.py for tasks to queue
[2025-01-05T21:26:32.369+0000] {logging_mixin.py:137} INFO - [2025-01-05T21:26:32.368+0000] {dagbag.py:538} INFO - Filling up the DagBag from /home/airflow/.local/lib/python3.7/site-packages/airflow/example_dags/example_short_circuit_decorator.py
[2025-01-05T21:26:32.393+0000] {processor.py:753} INFO - DAG(s) dict_keys(['example_short_circuit_decorator']) retrieved from /home/airflow/.local/lib/python3.7/site-packages/airflow/example_dags/example_short_circuit_decorator.py
[2025-01-05T21:26:32.419+0000] {logging_mixin.py:137} INFO - [2025-01-05T21:26:32.419+0000] {dag.py:2690} INFO - Sync 1 DAGs
[2025-01-05T21:26:32.444+0000] {logging_mixin.py:137} INFO - [2025-01-05T21:26:32.444+0000] {dag.py:3441} INFO - Setting next_dagrun for example_short_circuit_decorator to 2025-01-04T21:26:32.443958+00:00, run_after=2025-01-05T21:26:32.443958+00:00
[2025-01-05T21:26:32.463+0000] {processor.py:175} INFO - Processing /home/airflow/.local/lib/python3.7/site-packages/airflow/example_dags/example_short_circuit_decorator.py took 0.101 seconds
[2025-01-05T21:27:03.172+0000] {processor.py:153} INFO - Started process (PID=1675) to work on /home/airflow/.local/lib/python3.7/site-packages/airflow/example_dags/example_short_circuit_decorator.py
[2025-01-05T21:27:03.173+0000] {processor.py:743} INFO - Processing file /home/airflow/.local/lib/python3.7/site-packages/airflow/example_dags/example_short_circuit_decorator.py for tasks to queue
[2025-01-05T21:27:03.174+0000] {logging_mixin.py:137} INFO - [2025-01-05T21:27:03.174+0000] {dagbag.py:538} INFO - Filling up the DagBag from /home/airflow/.local/lib/python3.7/site-packages/airflow/example_dags/example_short_circuit_decorator.py
[2025-01-05T21:27:03.196+0000] {processor.py:753} INFO - DAG(s) dict_keys(['example_short_circuit_decorator']) retrieved from /home/airflow/.local/lib/python3.7/site-packages/airflow/example_dags/example_short_circuit_decorator.py
[2025-01-05T21:27:03.221+0000] {logging_mixin.py:137} INFO - [2025-01-05T21:27:03.221+0000] {dag.py:2690} INFO - Sync 1 DAGs
[2025-01-05T21:27:03.248+0000] {logging_mixin.py:137} INFO - [2025-01-05T21:27:03.248+0000] {dag.py:3441} INFO - Setting next_dagrun for example_short_circuit_decorator to 2025-01-04T21:27:03.248478+00:00, run_after=2025-01-05T21:27:03.248478+00:00
[2025-01-05T21:27:03.273+0000] {processor.py:175} INFO - Processing /home/airflow/.local/lib/python3.7/site-packages/airflow/example_dags/example_short_circuit_decorator.py took 0.104 seconds
[2025-01-05T21:27:33.960+0000] {processor.py:153} INFO - Started process (PID=1775) to work on /home/airflow/.local/lib/python3.7/site-packages/airflow/example_dags/example_short_circuit_decorator.py
[2025-01-05T21:27:33.961+0000] {processor.py:743} INFO - Processing file /home/airflow/.local/lib/python3.7/site-packages/airflow/example_dags/example_short_circuit_decorator.py for tasks to queue
[2025-01-05T21:27:33.962+0000] {logging_mixin.py:137} INFO - [2025-01-05T21:27:33.962+0000] {dagbag.py:538} INFO - Filling up the DagBag from /home/airflow/.local/lib/python3.7/site-packages/airflow/example_dags/example_short_circuit_decorator.py
[2025-01-05T21:27:33.988+0000] {processor.py:753} INFO - DAG(s) dict_keys(['example_short_circuit_decorator']) retrieved from /home/airflow/.local/lib/python3.7/site-packages/airflow/example_dags/example_short_circuit_decorator.py
[2025-01-05T21:27:34.017+0000] {logging_mixin.py:137} INFO - [2025-01-05T21:27:34.017+0000] {dag.py:2690} INFO - Sync 1 DAGs
[2025-01-05T21:27:34.051+0000] {logging_mixin.py:137} INFO - [2025-01-05T21:27:34.050+0000] {dag.py:3441} INFO - Setting next_dagrun for example_short_circuit_decorator to 2025-01-04T21:27:34.050538+00:00, run_after=2025-01-05T21:27:34.050538+00:00
[2025-01-05T21:27:34.077+0000] {processor.py:175} INFO - Processing /home/airflow/.local/lib/python3.7/site-packages/airflow/example_dags/example_short_circuit_decorator.py took 0.121 seconds
[2025-01-05T21:28:04.693+0000] {processor.py:153} INFO - Started process (PID=1855) to work on /home/airflow/.local/lib/python3.7/site-packages/airflow/example_dags/example_short_circuit_decorator.py
[2025-01-05T21:28:04.694+0000] {processor.py:743} INFO - Processing file /home/airflow/.local/lib/python3.7/site-packages/airflow/example_dags/example_short_circuit_decorator.py for tasks to queue
[2025-01-05T21:28:04.695+0000] {logging_mixin.py:137} INFO - [2025-01-05T21:28:04.695+0000] {dagbag.py:538} INFO - Filling up the DagBag from /home/airflow/.local/lib/python3.7/site-packages/airflow/example_dags/example_short_circuit_decorator.py
[2025-01-05T21:28:04.717+0000] {processor.py:753} INFO - DAG(s) dict_keys(['example_short_circuit_decorator']) retrieved from /home/airflow/.local/lib/python3.7/site-packages/airflow/example_dags/example_short_circuit_decorator.py
[2025-01-05T21:28:04.741+0000] {logging_mixin.py:137} INFO - [2025-01-05T21:28:04.741+0000] {dag.py:2690} INFO - Sync 1 DAGs
[2025-01-05T21:28:04.765+0000] {logging_mixin.py:137} INFO - [2025-01-05T21:28:04.765+0000] {dag.py:3441} INFO - Setting next_dagrun for example_short_circuit_decorator to 2025-01-04T21:28:04.765154+00:00, run_after=2025-01-05T21:28:04.765154+00:00
[2025-01-05T21:28:04.788+0000] {processor.py:175} INFO - Processing /home/airflow/.local/lib/python3.7/site-packages/airflow/example_dags/example_short_circuit_decorator.py took 0.098 seconds
[2025-01-05T21:28:34.929+0000] {processor.py:153} INFO - Started process (PID=1944) to work on /home/airflow/.local/lib/python3.7/site-packages/airflow/example_dags/example_short_circuit_decorator.py
[2025-01-05T21:28:34.930+0000] {processor.py:743} INFO - Processing file /home/airflow/.local/lib/python3.7/site-packages/airflow/example_dags/example_short_circuit_decorator.py for tasks to queue
[2025-01-05T21:28:34.931+0000] {logging_mixin.py:137} INFO - [2025-01-05T21:28:34.931+0000] {dagbag.py:538} INFO - Filling up the DagBag from /home/airflow/.local/lib/python3.7/site-packages/airflow/example_dags/example_short_circuit_decorator.py
[2025-01-05T21:28:34.990+0000] {processor.py:753} INFO - DAG(s) dict_keys(['example_short_circuit_decorator']) retrieved from /home/airflow/.local/lib/python3.7/site-packages/airflow/example_dags/example_short_circuit_decorator.py
[2025-01-05T21:28:35.046+0000] {logging_mixin.py:137} INFO - [2025-01-05T21:28:35.046+0000] {dag.py:2690} INFO - Sync 1 DAGs
[2025-01-05T21:28:35.072+0000] {logging_mixin.py:137} INFO - [2025-01-05T21:28:35.072+0000] {dag.py:3441} INFO - Setting next_dagrun for example_short_circuit_decorator to 2025-01-04T21:28:35.071803+00:00, run_after=2025-01-05T21:28:35.071803+00:00
[2025-01-05T21:28:35.093+0000] {processor.py:175} INFO - Processing /home/airflow/.local/lib/python3.7/site-packages/airflow/example_dags/example_short_circuit_decorator.py took 0.167 seconds
[2025-01-05T21:29:05.973+0000] {processor.py:153} INFO - Started process (PID=2035) to work on /home/airflow/.local/lib/python3.7/site-packages/airflow/example_dags/example_short_circuit_decorator.py
[2025-01-05T21:29:05.974+0000] {processor.py:743} INFO - Processing file /home/airflow/.local/lib/python3.7/site-packages/airflow/example_dags/example_short_circuit_decorator.py for tasks to queue
[2025-01-05T21:29:05.975+0000] {logging_mixin.py:137} INFO - [2025-01-05T21:29:05.975+0000] {dagbag.py:538} INFO - Filling up the DagBag from /home/airflow/.local/lib/python3.7/site-packages/airflow/example_dags/example_short_circuit_decorator.py
[2025-01-05T21:29:05.997+0000] {processor.py:753} INFO - DAG(s) dict_keys(['example_short_circuit_decorator']) retrieved from /home/airflow/.local/lib/python3.7/site-packages/airflow/example_dags/example_short_circuit_decorator.py
[2025-01-05T21:29:06.021+0000] {logging_mixin.py:137} INFO - [2025-01-05T21:29:06.021+0000] {dag.py:2690} INFO - Sync 1 DAGs
[2025-01-05T21:29:06.044+0000] {logging_mixin.py:137} INFO - [2025-01-05T21:29:06.044+0000] {dag.py:3441} INFO - Setting next_dagrun for example_short_circuit_decorator to 2025-01-04T21:29:06.044291+00:00, run_after=2025-01-05T21:29:06.044291+00:00
[2025-01-05T21:29:06.067+0000] {processor.py:175} INFO - Processing /home/airflow/.local/lib/python3.7/site-packages/airflow/example_dags/example_short_circuit_decorator.py took 0.097 seconds
[2025-01-05T21:29:36.139+0000] {processor.py:153} INFO - Started process (PID=2124) to work on /home/airflow/.local/lib/python3.7/site-packages/airflow/example_dags/example_short_circuit_decorator.py
[2025-01-05T21:29:36.140+0000] {processor.py:743} INFO - Processing file /home/airflow/.local/lib/python3.7/site-packages/airflow/example_dags/example_short_circuit_decorator.py for tasks to queue
[2025-01-05T21:29:36.141+0000] {logging_mixin.py:137} INFO - [2025-01-05T21:29:36.141+0000] {dagbag.py:538} INFO - Filling up the DagBag from /home/airflow/.local/lib/python3.7/site-packages/airflow/example_dags/example_short_circuit_decorator.py
[2025-01-05T21:29:36.177+0000] {processor.py:753} INFO - DAG(s) dict_keys(['example_short_circuit_decorator']) retrieved from /home/airflow/.local/lib/python3.7/site-packages/airflow/example_dags/example_short_circuit_decorator.py
[2025-01-05T21:29:36.214+0000] {logging_mixin.py:137} INFO - [2025-01-05T21:29:36.213+0000] {dag.py:2690} INFO - Sync 1 DAGs
[2025-01-05T21:29:36.258+0000] {logging_mixin.py:137} INFO - [2025-01-05T21:29:36.258+0000] {dag.py:3441} INFO - Setting next_dagrun for example_short_circuit_decorator to 2025-01-04T21:29:36.257573+00:00, run_after=2025-01-05T21:29:36.257573+00:00
[2025-01-05T21:29:36.287+0000] {processor.py:175} INFO - Processing /home/airflow/.local/lib/python3.7/site-packages/airflow/example_dags/example_short_circuit_decorator.py took 0.152 seconds
[2025-01-05T21:30:06.626+0000] {processor.py:153} INFO - Started process (PID=2215) to work on /home/airflow/.local/lib/python3.7/site-packages/airflow/example_dags/example_short_circuit_decorator.py
[2025-01-05T21:30:06.628+0000] {processor.py:743} INFO - Processing file /home/airflow/.local/lib/python3.7/site-packages/airflow/example_dags/example_short_circuit_decorator.py for tasks to queue
[2025-01-05T21:30:06.629+0000] {logging_mixin.py:137} INFO - [2025-01-05T21:30:06.628+0000] {dagbag.py:538} INFO - Filling up the DagBag from /home/airflow/.local/lib/python3.7/site-packages/airflow/example_dags/example_short_circuit_decorator.py
[2025-01-05T21:30:06.662+0000] {processor.py:753} INFO - DAG(s) dict_keys(['example_short_circuit_decorator']) retrieved from /home/airflow/.local/lib/python3.7/site-packages/airflow/example_dags/example_short_circuit_decorator.py
[2025-01-05T21:30:06.700+0000] {logging_mixin.py:137} INFO - [2025-01-05T21:30:06.700+0000] {dag.py:2690} INFO - Sync 1 DAGs
[2025-01-05T21:30:06.742+0000] {logging_mixin.py:137} INFO - [2025-01-05T21:30:06.741+0000] {dag.py:3441} INFO - Setting next_dagrun for example_short_circuit_decorator to 2025-01-04T21:30:06.741492+00:00, run_after=2025-01-05T21:30:06.741492+00:00
[2025-01-05T21:30:06.773+0000] {processor.py:175} INFO - Processing /home/airflow/.local/lib/python3.7/site-packages/airflow/example_dags/example_short_circuit_decorator.py took 0.152 seconds
[2025-01-05T21:30:37.521+0000] {processor.py:153} INFO - Started process (PID=2295) to work on /home/airflow/.local/lib/python3.7/site-packages/airflow/example_dags/example_short_circuit_decorator.py
[2025-01-05T21:30:37.522+0000] {processor.py:743} INFO - Processing file /home/airflow/.local/lib/python3.7/site-packages/airflow/example_dags/example_short_circuit_decorator.py for tasks to queue
[2025-01-05T21:30:37.523+0000] {logging_mixin.py:137} INFO - [2025-01-05T21:30:37.523+0000] {dagbag.py:538} INFO - Filling up the DagBag from /home/airflow/.local/lib/python3.7/site-packages/airflow/example_dags/example_short_circuit_decorator.py
[2025-01-05T21:30:37.563+0000] {processor.py:753} INFO - DAG(s) dict_keys(['example_short_circuit_decorator']) retrieved from /home/airflow/.local/lib/python3.7/site-packages/airflow/example_dags/example_short_circuit_decorator.py
[2025-01-05T21:30:37.600+0000] {logging_mixin.py:137} INFO - [2025-01-05T21:30:37.600+0000] {dag.py:2690} INFO - Sync 1 DAGs
[2025-01-05T21:30:37.640+0000] {logging_mixin.py:137} INFO - [2025-01-05T21:30:37.639+0000] {dag.py:3441} INFO - Setting next_dagrun for example_short_circuit_decorator to 2025-01-04T21:30:37.639555+00:00, run_after=2025-01-05T21:30:37.639555+00:00
[2025-01-05T21:30:37.670+0000] {processor.py:175} INFO - Processing /home/airflow/.local/lib/python3.7/site-packages/airflow/example_dags/example_short_circuit_decorator.py took 0.153 seconds
[2025-01-05T21:31:07.743+0000] {processor.py:153} INFO - Started process (PID=2388) to work on /home/airflow/.local/lib/python3.7/site-packages/airflow/example_dags/example_short_circuit_decorator.py
[2025-01-05T21:31:07.744+0000] {processor.py:743} INFO - Processing file /home/airflow/.local/lib/python3.7/site-packages/airflow/example_dags/example_short_circuit_decorator.py for tasks to queue
[2025-01-05T21:31:07.745+0000] {logging_mixin.py:137} INFO - [2025-01-05T21:31:07.745+0000] {dagbag.py:538} INFO - Filling up the DagBag from /home/airflow/.local/lib/python3.7/site-packages/airflow/example_dags/example_short_circuit_decorator.py
[2025-01-05T21:31:07.774+0000] {processor.py:753} INFO - DAG(s) dict_keys(['example_short_circuit_decorator']) retrieved from /home/airflow/.local/lib/python3.7/site-packages/airflow/example_dags/example_short_circuit_decorator.py
[2025-01-05T21:31:07.804+0000] {logging_mixin.py:137} INFO - [2025-01-05T21:31:07.804+0000] {dag.py:2690} INFO - Sync 1 DAGs
[2025-01-05T21:31:07.832+0000] {logging_mixin.py:137} INFO - [2025-01-05T21:31:07.831+0000] {dag.py:3441} INFO - Setting next_dagrun for example_short_circuit_decorator to 2025-01-04T21:31:07.831671+00:00, run_after=2025-01-05T21:31:07.831671+00:00
[2025-01-05T21:31:07.855+0000] {processor.py:175} INFO - Processing /home/airflow/.local/lib/python3.7/site-packages/airflow/example_dags/example_short_circuit_decorator.py took 0.116 seconds
[2025-01-05T21:31:38.078+0000] {processor.py:153} INFO - Started process (PID=2483) to work on /home/airflow/.local/lib/python3.7/site-packages/airflow/example_dags/example_short_circuit_decorator.py
[2025-01-05T21:31:38.079+0000] {processor.py:743} INFO - Processing file /home/airflow/.local/lib/python3.7/site-packages/airflow/example_dags/example_short_circuit_decorator.py for tasks to queue
[2025-01-05T21:31:38.080+0000] {logging_mixin.py:137} INFO - [2025-01-05T21:31:38.080+0000] {dagbag.py:538} INFO - Filling up the DagBag from /home/airflow/.local/lib/python3.7/site-packages/airflow/example_dags/example_short_circuit_decorator.py
[2025-01-05T21:31:38.115+0000] {processor.py:753} INFO - DAG(s) dict_keys(['example_short_circuit_decorator']) retrieved from /home/airflow/.local/lib/python3.7/site-packages/airflow/example_dags/example_short_circuit_decorator.py
[2025-01-05T21:31:38.152+0000] {logging_mixin.py:137} INFO - [2025-01-05T21:31:38.151+0000] {dag.py:2690} INFO - Sync 1 DAGs
[2025-01-05T21:31:38.187+0000] {logging_mixin.py:137} INFO - [2025-01-05T21:31:38.186+0000] {dag.py:3441} INFO - Setting next_dagrun for example_short_circuit_decorator to 2025-01-04T21:31:38.186674+00:00, run_after=2025-01-05T21:31:38.186674+00:00
[2025-01-05T21:31:38.211+0000] {processor.py:175} INFO - Processing /home/airflow/.local/lib/python3.7/site-packages/airflow/example_dags/example_short_circuit_decorator.py took 0.138 seconds
[2025-01-05T21:32:08.703+0000] {processor.py:153} INFO - Started process (PID=2563) to work on /home/airflow/.local/lib/python3.7/site-packages/airflow/example_dags/example_short_circuit_decorator.py
[2025-01-05T21:32:08.704+0000] {processor.py:743} INFO - Processing file /home/airflow/.local/lib/python3.7/site-packages/airflow/example_dags/example_short_circuit_decorator.py for tasks to queue
[2025-01-05T21:32:08.705+0000] {logging_mixin.py:137} INFO - [2025-01-05T21:32:08.705+0000] {dagbag.py:538} INFO - Filling up the DagBag from /home/airflow/.local/lib/python3.7/site-packages/airflow/example_dags/example_short_circuit_decorator.py
[2025-01-05T21:32:08.745+0000] {processor.py:753} INFO - DAG(s) dict_keys(['example_short_circuit_decorator']) retrieved from /home/airflow/.local/lib/python3.7/site-packages/airflow/example_dags/example_short_circuit_decorator.py
[2025-01-05T21:32:08.788+0000] {logging_mixin.py:137} INFO - [2025-01-05T21:32:08.788+0000] {dag.py:2690} INFO - Sync 1 DAGs
[2025-01-05T21:32:08.830+0000] {logging_mixin.py:137} INFO - [2025-01-05T21:32:08.830+0000] {dag.py:3441} INFO - Setting next_dagrun for example_short_circuit_decorator to 2025-01-04T21:32:08.830259+00:00, run_after=2025-01-05T21:32:08.830259+00:00
[2025-01-05T21:32:08.860+0000] {processor.py:175} INFO - Processing /home/airflow/.local/lib/python3.7/site-packages/airflow/example_dags/example_short_circuit_decorator.py took 0.162 seconds
[2025-01-05T21:32:39.128+0000] {processor.py:153} INFO - Started process (PID=2644) to work on /home/airflow/.local/lib/python3.7/site-packages/airflow/example_dags/example_short_circuit_decorator.py
[2025-01-05T21:32:39.130+0000] {processor.py:743} INFO - Processing file /home/airflow/.local/lib/python3.7/site-packages/airflow/example_dags/example_short_circuit_decorator.py for tasks to queue
[2025-01-05T21:32:39.131+0000] {logging_mixin.py:137} INFO - [2025-01-05T21:32:39.131+0000] {dagbag.py:538} INFO - Filling up the DagBag from /home/airflow/.local/lib/python3.7/site-packages/airflow/example_dags/example_short_circuit_decorator.py
[2025-01-05T21:32:39.164+0000] {processor.py:753} INFO - DAG(s) dict_keys(['example_short_circuit_decorator']) retrieved from /home/airflow/.local/lib/python3.7/site-packages/airflow/example_dags/example_short_circuit_decorator.py
[2025-01-05T21:32:39.200+0000] {logging_mixin.py:137} INFO - [2025-01-05T21:32:39.200+0000] {dag.py:2690} INFO - Sync 1 DAGs
[2025-01-05T21:32:39.233+0000] {logging_mixin.py:137} INFO - [2025-01-05T21:32:39.233+0000] {dag.py:3441} INFO - Setting next_dagrun for example_short_circuit_decorator to 2025-01-04T21:32:39.233498+00:00, run_after=2025-01-05T21:32:39.233498+00:00
[2025-01-05T21:32:39.257+0000] {processor.py:175} INFO - Processing /home/airflow/.local/lib/python3.7/site-packages/airflow/example_dags/example_short_circuit_decorator.py took 0.133 seconds
[2025-01-05T21:33:10.222+0000] {processor.py:153} INFO - Started process (PID=2744) to work on /home/airflow/.local/lib/python3.7/site-packages/airflow/example_dags/example_short_circuit_decorator.py
[2025-01-05T21:33:10.223+0000] {processor.py:743} INFO - Processing file /home/airflow/.local/lib/python3.7/site-packages/airflow/example_dags/example_short_circuit_decorator.py for tasks to queue
[2025-01-05T21:33:10.224+0000] {logging_mixin.py:137} INFO - [2025-01-05T21:33:10.224+0000] {dagbag.py:538} INFO - Filling up the DagBag from /home/airflow/.local/lib/python3.7/site-packages/airflow/example_dags/example_short_circuit_decorator.py
[2025-01-05T21:33:10.255+0000] {processor.py:753} INFO - DAG(s) dict_keys(['example_short_circuit_decorator']) retrieved from /home/airflow/.local/lib/python3.7/site-packages/airflow/example_dags/example_short_circuit_decorator.py
[2025-01-05T21:33:10.291+0000] {logging_mixin.py:137} INFO - [2025-01-05T21:33:10.291+0000] {dag.py:2690} INFO - Sync 1 DAGs
[2025-01-05T21:33:10.320+0000] {logging_mixin.py:137} INFO - [2025-01-05T21:33:10.320+0000] {dag.py:3441} INFO - Setting next_dagrun for example_short_circuit_decorator to 2025-01-04T21:33:10.320337+00:00, run_after=2025-01-05T21:33:10.320337+00:00
[2025-01-05T21:33:10.345+0000] {processor.py:175} INFO - Processing /home/airflow/.local/lib/python3.7/site-packages/airflow/example_dags/example_short_circuit_decorator.py took 0.128 seconds
[2025-01-05T21:33:41.288+0000] {processor.py:153} INFO - Started process (PID=2823) to work on /home/airflow/.local/lib/python3.7/site-packages/airflow/example_dags/example_short_circuit_decorator.py
[2025-01-05T21:33:41.289+0000] {processor.py:743} INFO - Processing file /home/airflow/.local/lib/python3.7/site-packages/airflow/example_dags/example_short_circuit_decorator.py for tasks to queue
[2025-01-05T21:33:41.290+0000] {logging_mixin.py:137} INFO - [2025-01-05T21:33:41.290+0000] {dagbag.py:538} INFO - Filling up the DagBag from /home/airflow/.local/lib/python3.7/site-packages/airflow/example_dags/example_short_circuit_decorator.py
[2025-01-05T21:33:41.313+0000] {processor.py:753} INFO - DAG(s) dict_keys(['example_short_circuit_decorator']) retrieved from /home/airflow/.local/lib/python3.7/site-packages/airflow/example_dags/example_short_circuit_decorator.py
[2025-01-05T21:33:41.338+0000] {logging_mixin.py:137} INFO - [2025-01-05T21:33:41.338+0000] {dag.py:2690} INFO - Sync 1 DAGs
[2025-01-05T21:33:41.362+0000] {logging_mixin.py:137} INFO - [2025-01-05T21:33:41.362+0000] {dag.py:3441} INFO - Setting next_dagrun for example_short_circuit_decorator to 2025-01-04T21:33:41.362416+00:00, run_after=2025-01-05T21:33:41.362416+00:00
[2025-01-05T21:33:41.386+0000] {processor.py:175} INFO - Processing /home/airflow/.local/lib/python3.7/site-packages/airflow/example_dags/example_short_circuit_decorator.py took 0.102 seconds
[2025-01-05T21:34:11.675+0000] {processor.py:153} INFO - Started process (PID=2910) to work on /home/airflow/.local/lib/python3.7/site-packages/airflow/example_dags/example_short_circuit_decorator.py
[2025-01-05T21:34:11.676+0000] {processor.py:743} INFO - Processing file /home/airflow/.local/lib/python3.7/site-packages/airflow/example_dags/example_short_circuit_decorator.py for tasks to queue
[2025-01-05T21:34:11.678+0000] {logging_mixin.py:137} INFO - [2025-01-05T21:34:11.678+0000] {dagbag.py:538} INFO - Filling up the DagBag from /home/airflow/.local/lib/python3.7/site-packages/airflow/example_dags/example_short_circuit_decorator.py
[2025-01-05T21:34:11.734+0000] {processor.py:753} INFO - DAG(s) dict_keys(['example_short_circuit_decorator']) retrieved from /home/airflow/.local/lib/python3.7/site-packages/airflow/example_dags/example_short_circuit_decorator.py
[2025-01-05T21:34:11.777+0000] {logging_mixin.py:137} INFO - [2025-01-05T21:34:11.777+0000] {dag.py:2690} INFO - Sync 1 DAGs
[2025-01-05T21:34:11.822+0000] {logging_mixin.py:137} INFO - [2025-01-05T21:34:11.822+0000] {dag.py:3441} INFO - Setting next_dagrun for example_short_circuit_decorator to 2025-01-04T21:34:11.822201+00:00, run_after=2025-01-05T21:34:11.822201+00:00
[2025-01-05T21:34:11.849+0000] {processor.py:175} INFO - Processing /home/airflow/.local/lib/python3.7/site-packages/airflow/example_dags/example_short_circuit_decorator.py took 0.179 seconds
[2025-01-05T21:34:42.818+0000] {processor.py:153} INFO - Started process (PID=3003) to work on /home/airflow/.local/lib/python3.7/site-packages/airflow/example_dags/example_short_circuit_decorator.py
[2025-01-05T21:34:42.820+0000] {processor.py:743} INFO - Processing file /home/airflow/.local/lib/python3.7/site-packages/airflow/example_dags/example_short_circuit_decorator.py for tasks to queue
[2025-01-05T21:34:42.821+0000] {logging_mixin.py:137} INFO - [2025-01-05T21:34:42.821+0000] {dagbag.py:538} INFO - Filling up the DagBag from /home/airflow/.local/lib/python3.7/site-packages/airflow/example_dags/example_short_circuit_decorator.py
[2025-01-05T21:34:42.852+0000] {processor.py:753} INFO - DAG(s) dict_keys(['example_short_circuit_decorator']) retrieved from /home/airflow/.local/lib/python3.7/site-packages/airflow/example_dags/example_short_circuit_decorator.py
[2025-01-05T21:34:42.883+0000] {logging_mixin.py:137} INFO - [2025-01-05T21:34:42.883+0000] {dag.py:2690} INFO - Sync 1 DAGs
[2025-01-05T21:34:42.917+0000] {logging_mixin.py:137} INFO - [2025-01-05T21:34:42.917+0000] {dag.py:3441} INFO - Setting next_dagrun for example_short_circuit_decorator to 2025-01-04T21:34:42.916815+00:00, run_after=2025-01-05T21:34:42.916815+00:00
[2025-01-05T21:34:42.939+0000] {processor.py:175} INFO - Processing /home/airflow/.local/lib/python3.7/site-packages/airflow/example_dags/example_short_circuit_decorator.py took 0.128 seconds
[2025-01-05T21:35:13.121+0000] {processor.py:153} INFO - Started process (PID=3083) to work on /home/airflow/.local/lib/python3.7/site-packages/airflow/example_dags/example_short_circuit_decorator.py
[2025-01-05T21:35:13.122+0000] {processor.py:743} INFO - Processing file /home/airflow/.local/lib/python3.7/site-packages/airflow/example_dags/example_short_circuit_decorator.py for tasks to queue
[2025-01-05T21:35:13.123+0000] {logging_mixin.py:137} INFO - [2025-01-05T21:35:13.123+0000] {dagbag.py:538} INFO - Filling up the DagBag from /home/airflow/.local/lib/python3.7/site-packages/airflow/example_dags/example_short_circuit_decorator.py
[2025-01-05T21:35:13.167+0000] {processor.py:753} INFO - DAG(s) dict_keys(['example_short_circuit_decorator']) retrieved from /home/airflow/.local/lib/python3.7/site-packages/airflow/example_dags/example_short_circuit_decorator.py
[2025-01-05T21:35:13.225+0000] {logging_mixin.py:137} INFO - [2025-01-05T21:35:13.224+0000] {dag.py:2690} INFO - Sync 1 DAGs
[2025-01-05T21:35:13.263+0000] {logging_mixin.py:137} INFO - [2025-01-05T21:35:13.263+0000] {dag.py:3441} INFO - Setting next_dagrun for example_short_circuit_decorator to 2025-01-04T21:35:13.262775+00:00, run_after=2025-01-05T21:35:13.262775+00:00
[2025-01-05T21:35:13.288+0000] {processor.py:175} INFO - Processing /home/airflow/.local/lib/python3.7/site-packages/airflow/example_dags/example_short_circuit_decorator.py took 0.171 seconds
[2025-01-05T21:35:43.543+0000] {processor.py:153} INFO - Started process (PID=3173) to work on /home/airflow/.local/lib/python3.7/site-packages/airflow/example_dags/example_short_circuit_decorator.py
[2025-01-05T21:35:43.545+0000] {processor.py:743} INFO - Processing file /home/airflow/.local/lib/python3.7/site-packages/airflow/example_dags/example_short_circuit_decorator.py for tasks to queue
[2025-01-05T21:35:43.546+0000] {logging_mixin.py:137} INFO - [2025-01-05T21:35:43.546+0000] {dagbag.py:538} INFO - Filling up the DagBag from /home/airflow/.local/lib/python3.7/site-packages/airflow/example_dags/example_short_circuit_decorator.py
[2025-01-05T21:35:43.636+0000] {processor.py:753} INFO - DAG(s) dict_keys(['example_short_circuit_decorator']) retrieved from /home/airflow/.local/lib/python3.7/site-packages/airflow/example_dags/example_short_circuit_decorator.py
[2025-01-05T21:35:43.689+0000] {logging_mixin.py:137} INFO - [2025-01-05T21:35:43.689+0000] {dag.py:2690} INFO - Sync 1 DAGs
[2025-01-05T21:35:43.741+0000] {logging_mixin.py:137} INFO - [2025-01-05T21:35:43.741+0000] {dag.py:3441} INFO - Setting next_dagrun for example_short_circuit_decorator to 2025-01-04T21:35:43.741484+00:00, run_after=2025-01-05T21:35:43.741484+00:00
[2025-01-05T21:35:43.778+0000] {processor.py:175} INFO - Processing /home/airflow/.local/lib/python3.7/site-packages/airflow/example_dags/example_short_circuit_decorator.py took 0.240 seconds
[2025-01-05T21:36:13.962+0000] {processor.py:153} INFO - Started process (PID=3265) to work on /home/airflow/.local/lib/python3.7/site-packages/airflow/example_dags/example_short_circuit_decorator.py
[2025-01-05T21:36:13.963+0000] {processor.py:743} INFO - Processing file /home/airflow/.local/lib/python3.7/site-packages/airflow/example_dags/example_short_circuit_decorator.py for tasks to queue
[2025-01-05T21:36:13.964+0000] {logging_mixin.py:137} INFO - [2025-01-05T21:36:13.964+0000] {dagbag.py:538} INFO - Filling up the DagBag from /home/airflow/.local/lib/python3.7/site-packages/airflow/example_dags/example_short_circuit_decorator.py
[2025-01-05T21:36:13.991+0000] {processor.py:753} INFO - DAG(s) dict_keys(['example_short_circuit_decorator']) retrieved from /home/airflow/.local/lib/python3.7/site-packages/airflow/example_dags/example_short_circuit_decorator.py
[2025-01-05T21:36:14.018+0000] {logging_mixin.py:137} INFO - [2025-01-05T21:36:14.018+0000] {dag.py:2690} INFO - Sync 1 DAGs
[2025-01-05T21:36:14.046+0000] {logging_mixin.py:137} INFO - [2025-01-05T21:36:14.046+0000] {dag.py:3441} INFO - Setting next_dagrun for example_short_circuit_decorator to 2025-01-04T21:36:14.045873+00:00, run_after=2025-01-05T21:36:14.045873+00:00
[2025-01-05T21:36:14.069+0000] {processor.py:175} INFO - Processing /home/airflow/.local/lib/python3.7/site-packages/airflow/example_dags/example_short_circuit_decorator.py took 0.111 seconds
[2025-01-05T21:36:44.847+0000] {processor.py:153} INFO - Started process (PID=3345) to work on /home/airflow/.local/lib/python3.7/site-packages/airflow/example_dags/example_short_circuit_decorator.py
[2025-01-05T21:36:44.848+0000] {processor.py:743} INFO - Processing file /home/airflow/.local/lib/python3.7/site-packages/airflow/example_dags/example_short_circuit_decorator.py for tasks to queue
[2025-01-05T21:36:44.849+0000] {logging_mixin.py:137} INFO - [2025-01-05T21:36:44.849+0000] {dagbag.py:538} INFO - Filling up the DagBag from /home/airflow/.local/lib/python3.7/site-packages/airflow/example_dags/example_short_circuit_decorator.py
[2025-01-05T21:36:44.886+0000] {processor.py:753} INFO - DAG(s) dict_keys(['example_short_circuit_decorator']) retrieved from /home/airflow/.local/lib/python3.7/site-packages/airflow/example_dags/example_short_circuit_decorator.py
[2025-01-05T21:36:44.922+0000] {logging_mixin.py:137} INFO - [2025-01-05T21:36:44.922+0000] {dag.py:2690} INFO - Sync 1 DAGs
[2025-01-05T21:36:44.965+0000] {logging_mixin.py:137} INFO - [2025-01-05T21:36:44.965+0000] {dag.py:3441} INFO - Setting next_dagrun for example_short_circuit_decorator to 2025-01-04T21:36:44.964751+00:00, run_after=2025-01-05T21:36:44.964751+00:00
[2025-01-05T21:36:44.999+0000] {processor.py:175} INFO - Processing /home/airflow/.local/lib/python3.7/site-packages/airflow/example_dags/example_short_circuit_decorator.py took 0.158 seconds
[2025-01-05T21:37:15.820+0000] {processor.py:153} INFO - Started process (PID=3446) to work on /home/airflow/.local/lib/python3.7/site-packages/airflow/example_dags/example_short_circuit_decorator.py
[2025-01-05T21:37:15.821+0000] {processor.py:743} INFO - Processing file /home/airflow/.local/lib/python3.7/site-packages/airflow/example_dags/example_short_circuit_decorator.py for tasks to queue
[2025-01-05T21:37:15.822+0000] {logging_mixin.py:137} INFO - [2025-01-05T21:37:15.822+0000] {dagbag.py:538} INFO - Filling up the DagBag from /home/airflow/.local/lib/python3.7/site-packages/airflow/example_dags/example_short_circuit_decorator.py
[2025-01-05T21:37:15.854+0000] {processor.py:753} INFO - DAG(s) dict_keys(['example_short_circuit_decorator']) retrieved from /home/airflow/.local/lib/python3.7/site-packages/airflow/example_dags/example_short_circuit_decorator.py
[2025-01-05T21:37:15.898+0000] {logging_mixin.py:137} INFO - [2025-01-05T21:37:15.897+0000] {dag.py:2690} INFO - Sync 1 DAGs
[2025-01-05T21:37:15.944+0000] {logging_mixin.py:137} INFO - [2025-01-05T21:37:15.943+0000] {dag.py:3441} INFO - Setting next_dagrun for example_short_circuit_decorator to 2025-01-04T21:37:15.943554+00:00, run_after=2025-01-05T21:37:15.943554+00:00
[2025-01-05T21:37:15.971+0000] {processor.py:175} INFO - Processing /home/airflow/.local/lib/python3.7/site-packages/airflow/example_dags/example_short_circuit_decorator.py took 0.155 seconds
[2025-01-05T21:37:46.199+0000] {processor.py:153} INFO - Started process (PID=3525) to work on /home/airflow/.local/lib/python3.7/site-packages/airflow/example_dags/example_short_circuit_decorator.py
[2025-01-05T21:37:46.200+0000] {processor.py:743} INFO - Processing file /home/airflow/.local/lib/python3.7/site-packages/airflow/example_dags/example_short_circuit_decorator.py for tasks to queue
[2025-01-05T21:37:46.201+0000] {logging_mixin.py:137} INFO - [2025-01-05T21:37:46.201+0000] {dagbag.py:538} INFO - Filling up the DagBag from /home/airflow/.local/lib/python3.7/site-packages/airflow/example_dags/example_short_circuit_decorator.py
[2025-01-05T21:37:46.226+0000] {processor.py:753} INFO - DAG(s) dict_keys(['example_short_circuit_decorator']) retrieved from /home/airflow/.local/lib/python3.7/site-packages/airflow/example_dags/example_short_circuit_decorator.py
[2025-01-05T21:37:46.252+0000] {logging_mixin.py:137} INFO - [2025-01-05T21:37:46.251+0000] {dag.py:2690} INFO - Sync 1 DAGs
[2025-01-05T21:37:46.276+0000] {logging_mixin.py:137} INFO - [2025-01-05T21:37:46.276+0000] {dag.py:3441} INFO - Setting next_dagrun for example_short_circuit_decorator to 2025-01-04T21:37:46.276199+00:00, run_after=2025-01-05T21:37:46.276199+00:00
[2025-01-05T21:37:46.298+0000] {processor.py:175} INFO - Processing /home/airflow/.local/lib/python3.7/site-packages/airflow/example_dags/example_short_circuit_decorator.py took 0.102 seconds
