[2025-01-05T21:14:06.029+0000] {processor.py:153} INFO - Started process (PID=166) to work on /home/airflow/.local/lib/python3.7/site-packages/airflow/example_dags/example_nested_branch_dag.py
[2025-01-05T21:14:06.030+0000] {processor.py:743} INFO - Processing file /home/airflow/.local/lib/python3.7/site-packages/airflow/example_dags/example_nested_branch_dag.py for tasks to queue
[2025-01-05T21:14:06.032+0000] {logging_mixin.py:137} INFO - [2025-01-05T21:14:06.031+0000] {dagbag.py:538} INFO - Filling up the DagBag from /home/airflow/.local/lib/python3.7/site-packages/airflow/example_dags/example_nested_branch_dag.py
[2025-01-05T21:14:06.098+0000] {processor.py:753} INFO - DAG(s) dict_keys(['example_nested_branch_dag']) retrieved from /home/airflow/.local/lib/python3.7/site-packages/airflow/example_dags/example_nested_branch_dag.py
[2025-01-05T21:14:06.128+0000] {logging_mixin.py:137} INFO - [2025-01-05T21:14:06.128+0000] {dag.py:2690} INFO - Sync 1 DAGs
[2025-01-05T21:14:06.159+0000] {logging_mixin.py:137} INFO - [2025-01-05T21:14:06.158+0000] {dag.py:3441} INFO - Setting next_dagrun for example_nested_branch_dag to 2025-01-04T00:00:00+00:00, run_after=2025-01-05T00:00:00+00:00
[2025-01-05T21:14:06.185+0000] {processor.py:175} INFO - Processing /home/airflow/.local/lib/python3.7/site-packages/airflow/example_dags/example_nested_branch_dag.py took 0.160 seconds
[2025-01-05T21:14:36.501+0000] {processor.py:153} INFO - Started process (PID=245) to work on /home/airflow/.local/lib/python3.7/site-packages/airflow/example_dags/example_nested_branch_dag.py
[2025-01-05T21:14:36.502+0000] {processor.py:743} INFO - Processing file /home/airflow/.local/lib/python3.7/site-packages/airflow/example_dags/example_nested_branch_dag.py for tasks to queue
[2025-01-05T21:14:36.503+0000] {logging_mixin.py:137} INFO - [2025-01-05T21:14:36.503+0000] {dagbag.py:538} INFO - Filling up the DagBag from /home/airflow/.local/lib/python3.7/site-packages/airflow/example_dags/example_nested_branch_dag.py
[2025-01-05T21:14:36.526+0000] {processor.py:753} INFO - DAG(s) dict_keys(['example_nested_branch_dag']) retrieved from /home/airflow/.local/lib/python3.7/site-packages/airflow/example_dags/example_nested_branch_dag.py
[2025-01-05T21:14:36.551+0000] {logging_mixin.py:137} INFO - [2025-01-05T21:14:36.550+0000] {dag.py:2690} INFO - Sync 1 DAGs
[2025-01-05T21:14:36.573+0000] {logging_mixin.py:137} INFO - [2025-01-05T21:14:36.573+0000] {dag.py:3441} INFO - Setting next_dagrun for example_nested_branch_dag to 2025-01-04T00:00:00+00:00, run_after=2025-01-05T00:00:00+00:00
[2025-01-05T21:14:36.590+0000] {processor.py:175} INFO - Processing /home/airflow/.local/lib/python3.7/site-packages/airflow/example_dags/example_nested_branch_dag.py took 0.092 seconds
[2025-01-05T21:15:06.626+0000] {processor.py:153} INFO - Started process (PID=333) to work on /home/airflow/.local/lib/python3.7/site-packages/airflow/example_dags/example_nested_branch_dag.py
[2025-01-05T21:15:06.627+0000] {processor.py:743} INFO - Processing file /home/airflow/.local/lib/python3.7/site-packages/airflow/example_dags/example_nested_branch_dag.py for tasks to queue
[2025-01-05T21:15:06.628+0000] {logging_mixin.py:137} INFO - [2025-01-05T21:15:06.628+0000] {dagbag.py:538} INFO - Filling up the DagBag from /home/airflow/.local/lib/python3.7/site-packages/airflow/example_dags/example_nested_branch_dag.py
[2025-01-05T21:15:06.663+0000] {processor.py:753} INFO - DAG(s) dict_keys(['example_nested_branch_dag']) retrieved from /home/airflow/.local/lib/python3.7/site-packages/airflow/example_dags/example_nested_branch_dag.py
[2025-01-05T21:15:06.698+0000] {logging_mixin.py:137} INFO - [2025-01-05T21:15:06.697+0000] {dag.py:2690} INFO - Sync 1 DAGs
[2025-01-05T21:15:06.728+0000] {logging_mixin.py:137} INFO - [2025-01-05T21:15:06.728+0000] {dag.py:3441} INFO - Setting next_dagrun for example_nested_branch_dag to 2025-01-04T00:00:00+00:00, run_after=2025-01-05T00:00:00+00:00
[2025-01-05T21:15:06.763+0000] {processor.py:175} INFO - Processing /home/airflow/.local/lib/python3.7/site-packages/airflow/example_dags/example_nested_branch_dag.py took 0.140 seconds
[2025-01-05T21:15:36.795+0000] {processor.py:153} INFO - Started process (PID=412) to work on /home/airflow/.local/lib/python3.7/site-packages/airflow/example_dags/example_nested_branch_dag.py
[2025-01-05T21:15:36.796+0000] {processor.py:743} INFO - Processing file /home/airflow/.local/lib/python3.7/site-packages/airflow/example_dags/example_nested_branch_dag.py for tasks to queue
[2025-01-05T21:15:36.797+0000] {logging_mixin.py:137} INFO - [2025-01-05T21:15:36.797+0000] {dagbag.py:538} INFO - Filling up the DagBag from /home/airflow/.local/lib/python3.7/site-packages/airflow/example_dags/example_nested_branch_dag.py
[2025-01-05T21:15:36.823+0000] {processor.py:753} INFO - DAG(s) dict_keys(['example_nested_branch_dag']) retrieved from /home/airflow/.local/lib/python3.7/site-packages/airflow/example_dags/example_nested_branch_dag.py
[2025-01-05T21:15:36.850+0000] {logging_mixin.py:137} INFO - [2025-01-05T21:15:36.850+0000] {dag.py:2690} INFO - Sync 1 DAGs
[2025-01-05T21:15:36.875+0000] {logging_mixin.py:137} INFO - [2025-01-05T21:15:36.875+0000] {dag.py:3441} INFO - Setting next_dagrun for example_nested_branch_dag to 2025-01-04T00:00:00+00:00, run_after=2025-01-05T00:00:00+00:00
[2025-01-05T21:15:36.894+0000] {processor.py:175} INFO - Processing /home/airflow/.local/lib/python3.7/site-packages/airflow/example_dags/example_nested_branch_dag.py took 0.102 seconds
[2025-01-05T21:16:07.159+0000] {processor.py:153} INFO - Started process (PID=502) to work on /home/airflow/.local/lib/python3.7/site-packages/airflow/example_dags/example_nested_branch_dag.py
[2025-01-05T21:16:07.160+0000] {processor.py:743} INFO - Processing file /home/airflow/.local/lib/python3.7/site-packages/airflow/example_dags/example_nested_branch_dag.py for tasks to queue
[2025-01-05T21:16:07.161+0000] {logging_mixin.py:137} INFO - [2025-01-05T21:16:07.161+0000] {dagbag.py:538} INFO - Filling up the DagBag from /home/airflow/.local/lib/python3.7/site-packages/airflow/example_dags/example_nested_branch_dag.py
[2025-01-05T21:16:07.188+0000] {processor.py:753} INFO - DAG(s) dict_keys(['example_nested_branch_dag']) retrieved from /home/airflow/.local/lib/python3.7/site-packages/airflow/example_dags/example_nested_branch_dag.py
[2025-01-05T21:16:07.215+0000] {logging_mixin.py:137} INFO - [2025-01-05T21:16:07.214+0000] {dag.py:2690} INFO - Sync 1 DAGs
[2025-01-05T21:16:07.240+0000] {logging_mixin.py:137} INFO - [2025-01-05T21:16:07.240+0000] {dag.py:3441} INFO - Setting next_dagrun for example_nested_branch_dag to 2025-01-04T00:00:00+00:00, run_after=2025-01-05T00:00:00+00:00
[2025-01-05T21:16:07.267+0000] {processor.py:175} INFO - Processing /home/airflow/.local/lib/python3.7/site-packages/airflow/example_dags/example_nested_branch_dag.py took 0.111 seconds
[2025-01-05T21:17:50.486+0000] {processor.py:153} INFO - Started process (PID=63) to work on /home/airflow/.local/lib/python3.7/site-packages/airflow/example_dags/example_nested_branch_dag.py
[2025-01-05T21:17:50.488+0000] {processor.py:743} INFO - Processing file /home/airflow/.local/lib/python3.7/site-packages/airflow/example_dags/example_nested_branch_dag.py for tasks to queue
[2025-01-05T21:17:50.489+0000] {logging_mixin.py:137} INFO - [2025-01-05T21:17:50.489+0000] {dagbag.py:538} INFO - Filling up the DagBag from /home/airflow/.local/lib/python3.7/site-packages/airflow/example_dags/example_nested_branch_dag.py
[2025-01-05T21:17:50.567+0000] {processor.py:753} INFO - DAG(s) dict_keys(['example_nested_branch_dag']) retrieved from /home/airflow/.local/lib/python3.7/site-packages/airflow/example_dags/example_nested_branch_dag.py
[2025-01-05T21:17:50.608+0000] {logging_mixin.py:137} INFO - [2025-01-05T21:17:50.608+0000] {dag.py:2690} INFO - Sync 1 DAGs
[2025-01-05T21:17:50.666+0000] {logging_mixin.py:137} INFO - [2025-01-05T21:17:50.666+0000] {dag.py:3441} INFO - Setting next_dagrun for example_nested_branch_dag to 2025-01-04T00:00:00+00:00, run_after=2025-01-05T00:00:00+00:00
[2025-01-05T21:17:50.701+0000] {processor.py:175} INFO - Processing /home/airflow/.local/lib/python3.7/site-packages/airflow/example_dags/example_nested_branch_dag.py took 0.221 seconds
[2025-01-05T21:18:21.608+0000] {processor.py:153} INFO - Started process (PID=143) to work on /home/airflow/.local/lib/python3.7/site-packages/airflow/example_dags/example_nested_branch_dag.py
[2025-01-05T21:18:21.609+0000] {processor.py:743} INFO - Processing file /home/airflow/.local/lib/python3.7/site-packages/airflow/example_dags/example_nested_branch_dag.py for tasks to queue
[2025-01-05T21:18:21.610+0000] {logging_mixin.py:137} INFO - [2025-01-05T21:18:21.610+0000] {dagbag.py:538} INFO - Filling up the DagBag from /home/airflow/.local/lib/python3.7/site-packages/airflow/example_dags/example_nested_branch_dag.py
[2025-01-05T21:18:21.645+0000] {processor.py:753} INFO - DAG(s) dict_keys(['example_nested_branch_dag']) retrieved from /home/airflow/.local/lib/python3.7/site-packages/airflow/example_dags/example_nested_branch_dag.py
[2025-01-05T21:18:21.675+0000] {logging_mixin.py:137} INFO - [2025-01-05T21:18:21.675+0000] {dag.py:2690} INFO - Sync 1 DAGs
[2025-01-05T21:18:21.711+0000] {logging_mixin.py:137} INFO - [2025-01-05T21:18:21.711+0000] {dag.py:3441} INFO - Setting next_dagrun for example_nested_branch_dag to 2025-01-04T00:00:00+00:00, run_after=2025-01-05T00:00:00+00:00
[2025-01-05T21:18:21.735+0000] {processor.py:175} INFO - Processing /home/airflow/.local/lib/python3.7/site-packages/airflow/example_dags/example_nested_branch_dag.py took 0.130 seconds
[2025-01-05T21:18:51.845+0000] {processor.py:153} INFO - Started process (PID=233) to work on /home/airflow/.local/lib/python3.7/site-packages/airflow/example_dags/example_nested_branch_dag.py
[2025-01-05T21:18:51.846+0000] {processor.py:743} INFO - Processing file /home/airflow/.local/lib/python3.7/site-packages/airflow/example_dags/example_nested_branch_dag.py for tasks to queue
[2025-01-05T21:18:51.847+0000] {logging_mixin.py:137} INFO - [2025-01-05T21:18:51.847+0000] {dagbag.py:538} INFO - Filling up the DagBag from /home/airflow/.local/lib/python3.7/site-packages/airflow/example_dags/example_nested_branch_dag.py
[2025-01-05T21:18:51.876+0000] {processor.py:753} INFO - DAG(s) dict_keys(['example_nested_branch_dag']) retrieved from /home/airflow/.local/lib/python3.7/site-packages/airflow/example_dags/example_nested_branch_dag.py
[2025-01-05T21:18:51.907+0000] {logging_mixin.py:137} INFO - [2025-01-05T21:18:51.907+0000] {dag.py:2690} INFO - Sync 1 DAGs
[2025-01-05T21:18:51.938+0000] {logging_mixin.py:137} INFO - [2025-01-05T21:18:51.938+0000] {dag.py:3441} INFO - Setting next_dagrun for example_nested_branch_dag to 2025-01-04T00:00:00+00:00, run_after=2025-01-05T00:00:00+00:00
[2025-01-05T21:18:51.957+0000] {processor.py:175} INFO - Processing /home/airflow/.local/lib/python3.7/site-packages/airflow/example_dags/example_nested_branch_dag.py took 0.116 seconds
[2025-01-05T21:19:22.178+0000] {processor.py:153} INFO - Started process (PID=324) to work on /home/airflow/.local/lib/python3.7/site-packages/airflow/example_dags/example_nested_branch_dag.py
[2025-01-05T21:19:22.179+0000] {processor.py:743} INFO - Processing file /home/airflow/.local/lib/python3.7/site-packages/airflow/example_dags/example_nested_branch_dag.py for tasks to queue
[2025-01-05T21:19:22.180+0000] {logging_mixin.py:137} INFO - [2025-01-05T21:19:22.180+0000] {dagbag.py:538} INFO - Filling up the DagBag from /home/airflow/.local/lib/python3.7/site-packages/airflow/example_dags/example_nested_branch_dag.py
[2025-01-05T21:19:22.207+0000] {processor.py:753} INFO - DAG(s) dict_keys(['example_nested_branch_dag']) retrieved from /home/airflow/.local/lib/python3.7/site-packages/airflow/example_dags/example_nested_branch_dag.py
[2025-01-05T21:19:22.236+0000] {logging_mixin.py:137} INFO - [2025-01-05T21:19:22.236+0000] {dag.py:2690} INFO - Sync 1 DAGs
[2025-01-05T21:19:22.287+0000] {logging_mixin.py:137} INFO - [2025-01-05T21:19:22.287+0000] {dag.py:3441} INFO - Setting next_dagrun for example_nested_branch_dag to 2025-01-04T00:00:00+00:00, run_after=2025-01-05T00:00:00+00:00
[2025-01-05T21:19:22.307+0000] {processor.py:175} INFO - Processing /home/airflow/.local/lib/python3.7/site-packages/airflow/example_dags/example_nested_branch_dag.py took 0.132 seconds
[2025-01-05T21:19:53.150+0000] {processor.py:153} INFO - Started process (PID=414) to work on /home/airflow/.local/lib/python3.7/site-packages/airflow/example_dags/example_nested_branch_dag.py
[2025-01-05T21:19:53.152+0000] {processor.py:743} INFO - Processing file /home/airflow/.local/lib/python3.7/site-packages/airflow/example_dags/example_nested_branch_dag.py for tasks to queue
[2025-01-05T21:19:53.153+0000] {logging_mixin.py:137} INFO - [2025-01-05T21:19:53.152+0000] {dagbag.py:538} INFO - Filling up the DagBag from /home/airflow/.local/lib/python3.7/site-packages/airflow/example_dags/example_nested_branch_dag.py
[2025-01-05T21:19:53.184+0000] {processor.py:753} INFO - DAG(s) dict_keys(['example_nested_branch_dag']) retrieved from /home/airflow/.local/lib/python3.7/site-packages/airflow/example_dags/example_nested_branch_dag.py
[2025-01-05T21:19:53.213+0000] {logging_mixin.py:137} INFO - [2025-01-05T21:19:53.213+0000] {dag.py:2690} INFO - Sync 1 DAGs
[2025-01-05T21:19:53.244+0000] {logging_mixin.py:137} INFO - [2025-01-05T21:19:53.244+0000] {dag.py:3441} INFO - Setting next_dagrun for example_nested_branch_dag to 2025-01-04T00:00:00+00:00, run_after=2025-01-05T00:00:00+00:00
[2025-01-05T21:19:53.267+0000] {processor.py:175} INFO - Processing /home/airflow/.local/lib/python3.7/site-packages/airflow/example_dags/example_nested_branch_dag.py took 0.120 seconds
[2025-01-05T21:20:24.120+0000] {processor.py:153} INFO - Started process (PID=505) to work on /home/airflow/.local/lib/python3.7/site-packages/airflow/example_dags/example_nested_branch_dag.py
[2025-01-05T21:20:24.121+0000] {processor.py:743} INFO - Processing file /home/airflow/.local/lib/python3.7/site-packages/airflow/example_dags/example_nested_branch_dag.py for tasks to queue
[2025-01-05T21:20:24.122+0000] {logging_mixin.py:137} INFO - [2025-01-05T21:20:24.122+0000] {dagbag.py:538} INFO - Filling up the DagBag from /home/airflow/.local/lib/python3.7/site-packages/airflow/example_dags/example_nested_branch_dag.py
[2025-01-05T21:20:24.146+0000] {processor.py:753} INFO - DAG(s) dict_keys(['example_nested_branch_dag']) retrieved from /home/airflow/.local/lib/python3.7/site-packages/airflow/example_dags/example_nested_branch_dag.py
[2025-01-05T21:20:24.170+0000] {logging_mixin.py:137} INFO - [2025-01-05T21:20:24.170+0000] {dag.py:2690} INFO - Sync 1 DAGs
[2025-01-05T21:20:24.197+0000] {logging_mixin.py:137} INFO - [2025-01-05T21:20:24.197+0000] {dag.py:3441} INFO - Setting next_dagrun for example_nested_branch_dag to 2025-01-04T00:00:00+00:00, run_after=2025-01-05T00:00:00+00:00
[2025-01-05T21:20:24.217+0000] {processor.py:175} INFO - Processing /home/airflow/.local/lib/python3.7/site-packages/airflow/example_dags/example_nested_branch_dag.py took 0.099 seconds
[2025-01-05T21:20:54.792+0000] {processor.py:153} INFO - Started process (PID=594) to work on /home/airflow/.local/lib/python3.7/site-packages/airflow/example_dags/example_nested_branch_dag.py
[2025-01-05T21:20:54.793+0000] {processor.py:743} INFO - Processing file /home/airflow/.local/lib/python3.7/site-packages/airflow/example_dags/example_nested_branch_dag.py for tasks to queue
[2025-01-05T21:20:54.794+0000] {logging_mixin.py:137} INFO - [2025-01-05T21:20:54.794+0000] {dagbag.py:538} INFO - Filling up the DagBag from /home/airflow/.local/lib/python3.7/site-packages/airflow/example_dags/example_nested_branch_dag.py
[2025-01-05T21:20:54.826+0000] {processor.py:753} INFO - DAG(s) dict_keys(['example_nested_branch_dag']) retrieved from /home/airflow/.local/lib/python3.7/site-packages/airflow/example_dags/example_nested_branch_dag.py
[2025-01-05T21:20:54.857+0000] {logging_mixin.py:137} INFO - [2025-01-05T21:20:54.857+0000] {dag.py:2690} INFO - Sync 1 DAGs
[2025-01-05T21:20:54.890+0000] {logging_mixin.py:137} INFO - [2025-01-05T21:20:54.890+0000] {dag.py:3441} INFO - Setting next_dagrun for example_nested_branch_dag to 2025-01-04T00:00:00+00:00, run_after=2025-01-05T00:00:00+00:00
[2025-01-05T21:20:54.914+0000] {processor.py:175} INFO - Processing /home/airflow/.local/lib/python3.7/site-packages/airflow/example_dags/example_nested_branch_dag.py took 0.125 seconds
[2025-01-05T21:21:24.942+0000] {processor.py:153} INFO - Started process (PID=685) to work on /home/airflow/.local/lib/python3.7/site-packages/airflow/example_dags/example_nested_branch_dag.py
[2025-01-05T21:21:24.943+0000] {processor.py:743} INFO - Processing file /home/airflow/.local/lib/python3.7/site-packages/airflow/example_dags/example_nested_branch_dag.py for tasks to queue
[2025-01-05T21:21:24.944+0000] {logging_mixin.py:137} INFO - [2025-01-05T21:21:24.944+0000] {dagbag.py:538} INFO - Filling up the DagBag from /home/airflow/.local/lib/python3.7/site-packages/airflow/example_dags/example_nested_branch_dag.py
[2025-01-05T21:21:24.966+0000] {processor.py:753} INFO - DAG(s) dict_keys(['example_nested_branch_dag']) retrieved from /home/airflow/.local/lib/python3.7/site-packages/airflow/example_dags/example_nested_branch_dag.py
[2025-01-05T21:21:24.991+0000] {logging_mixin.py:137} INFO - [2025-01-05T21:21:24.991+0000] {dag.py:2690} INFO - Sync 1 DAGs
[2025-01-05T21:21:25.016+0000] {logging_mixin.py:137} INFO - [2025-01-05T21:21:25.016+0000] {dag.py:3441} INFO - Setting next_dagrun for example_nested_branch_dag to 2025-01-04T00:00:00+00:00, run_after=2025-01-05T00:00:00+00:00
[2025-01-05T21:21:25.035+0000] {processor.py:175} INFO - Processing /home/airflow/.local/lib/python3.7/site-packages/airflow/example_dags/example_nested_branch_dag.py took 0.096 seconds
[2025-01-05T21:21:55.077+0000] {processor.py:153} INFO - Started process (PID=764) to work on /home/airflow/.local/lib/python3.7/site-packages/airflow/example_dags/example_nested_branch_dag.py
[2025-01-05T21:21:55.079+0000] {processor.py:743} INFO - Processing file /home/airflow/.local/lib/python3.7/site-packages/airflow/example_dags/example_nested_branch_dag.py for tasks to queue
[2025-01-05T21:21:55.080+0000] {logging_mixin.py:137} INFO - [2025-01-05T21:21:55.080+0000] {dagbag.py:538} INFO - Filling up the DagBag from /home/airflow/.local/lib/python3.7/site-packages/airflow/example_dags/example_nested_branch_dag.py
[2025-01-05T21:21:55.108+0000] {processor.py:753} INFO - DAG(s) dict_keys(['example_nested_branch_dag']) retrieved from /home/airflow/.local/lib/python3.7/site-packages/airflow/example_dags/example_nested_branch_dag.py
[2025-01-05T21:21:55.134+0000] {logging_mixin.py:137} INFO - [2025-01-05T21:21:55.134+0000] {dag.py:2690} INFO - Sync 1 DAGs
[2025-01-05T21:21:55.160+0000] {logging_mixin.py:137} INFO - [2025-01-05T21:21:55.160+0000] {dag.py:3441} INFO - Setting next_dagrun for example_nested_branch_dag to 2025-01-04T00:00:00+00:00, run_after=2025-01-05T00:00:00+00:00
[2025-01-05T21:21:55.185+0000] {processor.py:175} INFO - Processing /home/airflow/.local/lib/python3.7/site-packages/airflow/example_dags/example_nested_branch_dag.py took 0.111 seconds
[2025-01-05T21:22:25.290+0000] {processor.py:153} INFO - Started process (PID=864) to work on /home/airflow/.local/lib/python3.7/site-packages/airflow/example_dags/example_nested_branch_dag.py
[2025-01-05T21:22:25.291+0000] {processor.py:743} INFO - Processing file /home/airflow/.local/lib/python3.7/site-packages/airflow/example_dags/example_nested_branch_dag.py for tasks to queue
[2025-01-05T21:22:25.292+0000] {logging_mixin.py:137} INFO - [2025-01-05T21:22:25.292+0000] {dagbag.py:538} INFO - Filling up the DagBag from /home/airflow/.local/lib/python3.7/site-packages/airflow/example_dags/example_nested_branch_dag.py
[2025-01-05T21:22:25.315+0000] {processor.py:753} INFO - DAG(s) dict_keys(['example_nested_branch_dag']) retrieved from /home/airflow/.local/lib/python3.7/site-packages/airflow/example_dags/example_nested_branch_dag.py
[2025-01-05T21:22:25.338+0000] {logging_mixin.py:137} INFO - [2025-01-05T21:22:25.338+0000] {dag.py:2690} INFO - Sync 1 DAGs
[2025-01-05T21:22:25.363+0000] {logging_mixin.py:137} INFO - [2025-01-05T21:22:25.363+0000] {dag.py:3441} INFO - Setting next_dagrun for example_nested_branch_dag to 2025-01-04T00:00:00+00:00, run_after=2025-01-05T00:00:00+00:00
[2025-01-05T21:22:25.389+0000] {processor.py:175} INFO - Processing /home/airflow/.local/lib/python3.7/site-packages/airflow/example_dags/example_nested_branch_dag.py took 0.101 seconds
[2025-01-05T21:22:55.467+0000] {processor.py:153} INFO - Started process (PID=945) to work on /home/airflow/.local/lib/python3.7/site-packages/airflow/example_dags/example_nested_branch_dag.py
[2025-01-05T21:22:55.468+0000] {processor.py:743} INFO - Processing file /home/airflow/.local/lib/python3.7/site-packages/airflow/example_dags/example_nested_branch_dag.py for tasks to queue
[2025-01-05T21:22:55.469+0000] {logging_mixin.py:137} INFO - [2025-01-05T21:22:55.469+0000] {dagbag.py:538} INFO - Filling up the DagBag from /home/airflow/.local/lib/python3.7/site-packages/airflow/example_dags/example_nested_branch_dag.py
[2025-01-05T21:22:55.496+0000] {processor.py:753} INFO - DAG(s) dict_keys(['example_nested_branch_dag']) retrieved from /home/airflow/.local/lib/python3.7/site-packages/airflow/example_dags/example_nested_branch_dag.py
[2025-01-05T21:22:55.521+0000] {logging_mixin.py:137} INFO - [2025-01-05T21:22:55.521+0000] {dag.py:2690} INFO - Sync 1 DAGs
[2025-01-05T21:22:55.546+0000] {logging_mixin.py:137} INFO - [2025-01-05T21:22:55.546+0000] {dag.py:3441} INFO - Setting next_dagrun for example_nested_branch_dag to 2025-01-04T00:00:00+00:00, run_after=2025-01-05T00:00:00+00:00
[2025-01-05T21:22:55.564+0000] {processor.py:175} INFO - Processing /home/airflow/.local/lib/python3.7/site-packages/airflow/example_dags/example_nested_branch_dag.py took 0.100 seconds
[2025-01-05T21:23:25.593+0000] {processor.py:153} INFO - Started process (PID=1044) to work on /home/airflow/.local/lib/python3.7/site-packages/airflow/example_dags/example_nested_branch_dag.py
[2025-01-05T21:23:25.594+0000] {processor.py:743} INFO - Processing file /home/airflow/.local/lib/python3.7/site-packages/airflow/example_dags/example_nested_branch_dag.py for tasks to queue
[2025-01-05T21:23:25.594+0000] {logging_mixin.py:137} INFO - [2025-01-05T21:23:25.594+0000] {dagbag.py:538} INFO - Filling up the DagBag from /home/airflow/.local/lib/python3.7/site-packages/airflow/example_dags/example_nested_branch_dag.py
[2025-01-05T21:23:25.617+0000] {processor.py:753} INFO - DAG(s) dict_keys(['example_nested_branch_dag']) retrieved from /home/airflow/.local/lib/python3.7/site-packages/airflow/example_dags/example_nested_branch_dag.py
[2025-01-05T21:23:25.641+0000] {logging_mixin.py:137} INFO - [2025-01-05T21:23:25.641+0000] {dag.py:2690} INFO - Sync 1 DAGs
[2025-01-05T21:23:25.666+0000] {logging_mixin.py:137} INFO - [2025-01-05T21:23:25.665+0000] {dag.py:3441} INFO - Setting next_dagrun for example_nested_branch_dag to 2025-01-04T00:00:00+00:00, run_after=2025-01-05T00:00:00+00:00
[2025-01-05T21:23:25.684+0000] {processor.py:175} INFO - Processing /home/airflow/.local/lib/python3.7/site-packages/airflow/example_dags/example_nested_branch_dag.py took 0.094 seconds
[2025-01-05T21:23:56.345+0000] {processor.py:153} INFO - Started process (PID=1125) to work on /home/airflow/.local/lib/python3.7/site-packages/airflow/example_dags/example_nested_branch_dag.py
[2025-01-05T21:23:56.347+0000] {processor.py:743} INFO - Processing file /home/airflow/.local/lib/python3.7/site-packages/airflow/example_dags/example_nested_branch_dag.py for tasks to queue
[2025-01-05T21:23:56.348+0000] {logging_mixin.py:137} INFO - [2025-01-05T21:23:56.347+0000] {dagbag.py:538} INFO - Filling up the DagBag from /home/airflow/.local/lib/python3.7/site-packages/airflow/example_dags/example_nested_branch_dag.py
[2025-01-05T21:23:56.373+0000] {processor.py:753} INFO - DAG(s) dict_keys(['example_nested_branch_dag']) retrieved from /home/airflow/.local/lib/python3.7/site-packages/airflow/example_dags/example_nested_branch_dag.py
[2025-01-05T21:23:56.403+0000] {logging_mixin.py:137} INFO - [2025-01-05T21:23:56.403+0000] {dag.py:2690} INFO - Sync 1 DAGs
[2025-01-05T21:23:56.429+0000] {logging_mixin.py:137} INFO - [2025-01-05T21:23:56.429+0000] {dag.py:3441} INFO - Setting next_dagrun for example_nested_branch_dag to 2025-01-04T00:00:00+00:00, run_after=2025-01-05T00:00:00+00:00
[2025-01-05T21:23:56.456+0000] {processor.py:175} INFO - Processing /home/airflow/.local/lib/python3.7/site-packages/airflow/example_dags/example_nested_branch_dag.py took 0.114 seconds
[2025-01-05T21:24:26.995+0000] {processor.py:153} INFO - Started process (PID=1225) to work on /home/airflow/.local/lib/python3.7/site-packages/airflow/example_dags/example_nested_branch_dag.py
[2025-01-05T21:24:26.996+0000] {processor.py:743} INFO - Processing file /home/airflow/.local/lib/python3.7/site-packages/airflow/example_dags/example_nested_branch_dag.py for tasks to queue
[2025-01-05T21:24:26.997+0000] {logging_mixin.py:137} INFO - [2025-01-05T21:24:26.996+0000] {dagbag.py:538} INFO - Filling up the DagBag from /home/airflow/.local/lib/python3.7/site-packages/airflow/example_dags/example_nested_branch_dag.py
[2025-01-05T21:24:27.027+0000] {processor.py:753} INFO - DAG(s) dict_keys(['example_nested_branch_dag']) retrieved from /home/airflow/.local/lib/python3.7/site-packages/airflow/example_dags/example_nested_branch_dag.py
[2025-01-05T21:24:27.052+0000] {logging_mixin.py:137} INFO - [2025-01-05T21:24:27.052+0000] {dag.py:2690} INFO - Sync 1 DAGs
[2025-01-05T21:24:27.080+0000] {logging_mixin.py:137} INFO - [2025-01-05T21:24:27.080+0000] {dag.py:3441} INFO - Setting next_dagrun for example_nested_branch_dag to 2025-01-04T00:00:00+00:00, run_after=2025-01-05T00:00:00+00:00
[2025-01-05T21:24:27.109+0000] {processor.py:175} INFO - Processing /home/airflow/.local/lib/python3.7/site-packages/airflow/example_dags/example_nested_branch_dag.py took 0.117 seconds
[2025-01-05T21:24:57.738+0000] {processor.py:153} INFO - Started process (PID=1306) to work on /home/airflow/.local/lib/python3.7/site-packages/airflow/example_dags/example_nested_branch_dag.py
[2025-01-05T21:24:57.738+0000] {processor.py:743} INFO - Processing file /home/airflow/.local/lib/python3.7/site-packages/airflow/example_dags/example_nested_branch_dag.py for tasks to queue
[2025-01-05T21:24:57.739+0000] {logging_mixin.py:137} INFO - [2025-01-05T21:24:57.739+0000] {dagbag.py:538} INFO - Filling up the DagBag from /home/airflow/.local/lib/python3.7/site-packages/airflow/example_dags/example_nested_branch_dag.py
[2025-01-05T21:24:57.763+0000] {processor.py:753} INFO - DAG(s) dict_keys(['example_nested_branch_dag']) retrieved from /home/airflow/.local/lib/python3.7/site-packages/airflow/example_dags/example_nested_branch_dag.py
[2025-01-05T21:24:57.787+0000] {logging_mixin.py:137} INFO - [2025-01-05T21:24:57.787+0000] {dag.py:2690} INFO - Sync 1 DAGs
[2025-01-05T21:24:57.811+0000] {logging_mixin.py:137} INFO - [2025-01-05T21:24:57.811+0000] {dag.py:3441} INFO - Setting next_dagrun for example_nested_branch_dag to 2025-01-04T00:00:00+00:00, run_after=2025-01-05T00:00:00+00:00
[2025-01-05T21:24:57.840+0000] {processor.py:175} INFO - Processing /home/airflow/.local/lib/python3.7/site-packages/airflow/example_dags/example_nested_branch_dag.py took 0.106 seconds
[2025-01-05T21:25:28.519+0000] {processor.py:153} INFO - Started process (PID=1395) to work on /home/airflow/.local/lib/python3.7/site-packages/airflow/example_dags/example_nested_branch_dag.py
[2025-01-05T21:25:28.520+0000] {processor.py:743} INFO - Processing file /home/airflow/.local/lib/python3.7/site-packages/airflow/example_dags/example_nested_branch_dag.py for tasks to queue
[2025-01-05T21:25:28.521+0000] {logging_mixin.py:137} INFO - [2025-01-05T21:25:28.521+0000] {dagbag.py:538} INFO - Filling up the DagBag from /home/airflow/.local/lib/python3.7/site-packages/airflow/example_dags/example_nested_branch_dag.py
[2025-01-05T21:25:28.551+0000] {processor.py:753} INFO - DAG(s) dict_keys(['example_nested_branch_dag']) retrieved from /home/airflow/.local/lib/python3.7/site-packages/airflow/example_dags/example_nested_branch_dag.py
[2025-01-05T21:25:28.580+0000] {logging_mixin.py:137} INFO - [2025-01-05T21:25:28.580+0000] {dag.py:2690} INFO - Sync 1 DAGs
[2025-01-05T21:25:28.612+0000] {logging_mixin.py:137} INFO - [2025-01-05T21:25:28.612+0000] {dag.py:3441} INFO - Setting next_dagrun for example_nested_branch_dag to 2025-01-04T00:00:00+00:00, run_after=2025-01-05T00:00:00+00:00
[2025-01-05T21:25:28.638+0000] {processor.py:175} INFO - Processing /home/airflow/.local/lib/python3.7/site-packages/airflow/example_dags/example_nested_branch_dag.py took 0.121 seconds
[2025-01-05T21:25:58.989+0000] {processor.py:153} INFO - Started process (PID=1486) to work on /home/airflow/.local/lib/python3.7/site-packages/airflow/example_dags/example_nested_branch_dag.py
[2025-01-05T21:25:58.990+0000] {processor.py:743} INFO - Processing file /home/airflow/.local/lib/python3.7/site-packages/airflow/example_dags/example_nested_branch_dag.py for tasks to queue
[2025-01-05T21:25:58.991+0000] {logging_mixin.py:137} INFO - [2025-01-05T21:25:58.991+0000] {dagbag.py:538} INFO - Filling up the DagBag from /home/airflow/.local/lib/python3.7/site-packages/airflow/example_dags/example_nested_branch_dag.py
[2025-01-05T21:25:59.013+0000] {processor.py:753} INFO - DAG(s) dict_keys(['example_nested_branch_dag']) retrieved from /home/airflow/.local/lib/python3.7/site-packages/airflow/example_dags/example_nested_branch_dag.py
[2025-01-05T21:25:59.037+0000] {logging_mixin.py:137} INFO - [2025-01-05T21:25:59.037+0000] {dag.py:2690} INFO - Sync 1 DAGs
[2025-01-05T21:25:59.065+0000] {logging_mixin.py:137} INFO - [2025-01-05T21:25:59.064+0000] {dag.py:3441} INFO - Setting next_dagrun for example_nested_branch_dag to 2025-01-04T00:00:00+00:00, run_after=2025-01-05T00:00:00+00:00
[2025-01-05T21:25:59.095+0000] {processor.py:175} INFO - Processing /home/airflow/.local/lib/python3.7/site-packages/airflow/example_dags/example_nested_branch_dag.py took 0.109 seconds
[2025-01-05T21:26:29.719+0000] {processor.py:153} INFO - Started process (PID=1566) to work on /home/airflow/.local/lib/python3.7/site-packages/airflow/example_dags/example_nested_branch_dag.py
[2025-01-05T21:26:29.720+0000] {processor.py:743} INFO - Processing file /home/airflow/.local/lib/python3.7/site-packages/airflow/example_dags/example_nested_branch_dag.py for tasks to queue
[2025-01-05T21:26:29.720+0000] {logging_mixin.py:137} INFO - [2025-01-05T21:26:29.720+0000] {dagbag.py:538} INFO - Filling up the DagBag from /home/airflow/.local/lib/python3.7/site-packages/airflow/example_dags/example_nested_branch_dag.py
[2025-01-05T21:26:29.749+0000] {processor.py:753} INFO - DAG(s) dict_keys(['example_nested_branch_dag']) retrieved from /home/airflow/.local/lib/python3.7/site-packages/airflow/example_dags/example_nested_branch_dag.py
[2025-01-05T21:26:29.774+0000] {logging_mixin.py:137} INFO - [2025-01-05T21:26:29.774+0000] {dag.py:2690} INFO - Sync 1 DAGs
[2025-01-05T21:26:29.798+0000] {logging_mixin.py:137} INFO - [2025-01-05T21:26:29.798+0000] {dag.py:3441} INFO - Setting next_dagrun for example_nested_branch_dag to 2025-01-04T00:00:00+00:00, run_after=2025-01-05T00:00:00+00:00
[2025-01-05T21:26:29.817+0000] {processor.py:175} INFO - Processing /home/airflow/.local/lib/python3.7/site-packages/airflow/example_dags/example_nested_branch_dag.py took 0.102 seconds
[2025-01-05T21:27:00.463+0000] {processor.py:153} INFO - Started process (PID=1665) to work on /home/airflow/.local/lib/python3.7/site-packages/airflow/example_dags/example_nested_branch_dag.py
[2025-01-05T21:27:00.464+0000] {processor.py:743} INFO - Processing file /home/airflow/.local/lib/python3.7/site-packages/airflow/example_dags/example_nested_branch_dag.py for tasks to queue
[2025-01-05T21:27:00.465+0000] {logging_mixin.py:137} INFO - [2025-01-05T21:27:00.465+0000] {dagbag.py:538} INFO - Filling up the DagBag from /home/airflow/.local/lib/python3.7/site-packages/airflow/example_dags/example_nested_branch_dag.py
[2025-01-05T21:27:00.499+0000] {processor.py:753} INFO - DAG(s) dict_keys(['example_nested_branch_dag']) retrieved from /home/airflow/.local/lib/python3.7/site-packages/airflow/example_dags/example_nested_branch_dag.py
[2025-01-05T21:27:00.534+0000] {logging_mixin.py:137} INFO - [2025-01-05T21:27:00.533+0000] {dag.py:2690} INFO - Sync 1 DAGs
[2025-01-05T21:27:00.580+0000] {logging_mixin.py:137} INFO - [2025-01-05T21:27:00.579+0000] {dag.py:3441} INFO - Setting next_dagrun for example_nested_branch_dag to 2025-01-04T00:00:00+00:00, run_after=2025-01-05T00:00:00+00:00
[2025-01-05T21:27:00.614+0000] {processor.py:175} INFO - Processing /home/airflow/.local/lib/python3.7/site-packages/airflow/example_dags/example_nested_branch_dag.py took 0.155 seconds
[2025-01-05T21:27:31.339+0000] {processor.py:153} INFO - Started process (PID=1745) to work on /home/airflow/.local/lib/python3.7/site-packages/airflow/example_dags/example_nested_branch_dag.py
[2025-01-05T21:27:31.340+0000] {processor.py:743} INFO - Processing file /home/airflow/.local/lib/python3.7/site-packages/airflow/example_dags/example_nested_branch_dag.py for tasks to queue
[2025-01-05T21:27:31.341+0000] {logging_mixin.py:137} INFO - [2025-01-05T21:27:31.341+0000] {dagbag.py:538} INFO - Filling up the DagBag from /home/airflow/.local/lib/python3.7/site-packages/airflow/example_dags/example_nested_branch_dag.py
[2025-01-05T21:27:31.366+0000] {processor.py:753} INFO - DAG(s) dict_keys(['example_nested_branch_dag']) retrieved from /home/airflow/.local/lib/python3.7/site-packages/airflow/example_dags/example_nested_branch_dag.py
[2025-01-05T21:27:31.389+0000] {logging_mixin.py:137} INFO - [2025-01-05T21:27:31.389+0000] {dag.py:2690} INFO - Sync 1 DAGs
[2025-01-05T21:27:31.415+0000] {logging_mixin.py:137} INFO - [2025-01-05T21:27:31.415+0000] {dag.py:3441} INFO - Setting next_dagrun for example_nested_branch_dag to 2025-01-04T00:00:00+00:00, run_after=2025-01-05T00:00:00+00:00
[2025-01-05T21:27:31.435+0000] {processor.py:175} INFO - Processing /home/airflow/.local/lib/python3.7/site-packages/airflow/example_dags/example_nested_branch_dag.py took 0.099 seconds
[2025-01-05T21:28:02.115+0000] {processor.py:153} INFO - Started process (PID=1845) to work on /home/airflow/.local/lib/python3.7/site-packages/airflow/example_dags/example_nested_branch_dag.py
[2025-01-05T21:28:02.116+0000] {processor.py:743} INFO - Processing file /home/airflow/.local/lib/python3.7/site-packages/airflow/example_dags/example_nested_branch_dag.py for tasks to queue
[2025-01-05T21:28:02.117+0000] {logging_mixin.py:137} INFO - [2025-01-05T21:28:02.117+0000] {dagbag.py:538} INFO - Filling up the DagBag from /home/airflow/.local/lib/python3.7/site-packages/airflow/example_dags/example_nested_branch_dag.py
[2025-01-05T21:28:02.140+0000] {processor.py:753} INFO - DAG(s) dict_keys(['example_nested_branch_dag']) retrieved from /home/airflow/.local/lib/python3.7/site-packages/airflow/example_dags/example_nested_branch_dag.py
[2025-01-05T21:28:02.163+0000] {logging_mixin.py:137} INFO - [2025-01-05T21:28:02.163+0000] {dag.py:2690} INFO - Sync 1 DAGs
[2025-01-05T21:28:02.188+0000] {logging_mixin.py:137} INFO - [2025-01-05T21:28:02.188+0000] {dag.py:3441} INFO - Setting next_dagrun for example_nested_branch_dag to 2025-01-04T00:00:00+00:00, run_after=2025-01-05T00:00:00+00:00
[2025-01-05T21:28:02.214+0000] {processor.py:175} INFO - Processing /home/airflow/.local/lib/python3.7/site-packages/airflow/example_dags/example_nested_branch_dag.py took 0.102 seconds
[2025-01-05T21:28:33.226+0000] {processor.py:153} INFO - Started process (PID=1925) to work on /home/airflow/.local/lib/python3.7/site-packages/airflow/example_dags/example_nested_branch_dag.py
[2025-01-05T21:28:33.226+0000] {processor.py:743} INFO - Processing file /home/airflow/.local/lib/python3.7/site-packages/airflow/example_dags/example_nested_branch_dag.py for tasks to queue
[2025-01-05T21:28:33.227+0000] {logging_mixin.py:137} INFO - [2025-01-05T21:28:33.227+0000] {dagbag.py:538} INFO - Filling up the DagBag from /home/airflow/.local/lib/python3.7/site-packages/airflow/example_dags/example_nested_branch_dag.py
[2025-01-05T21:28:33.251+0000] {processor.py:753} INFO - DAG(s) dict_keys(['example_nested_branch_dag']) retrieved from /home/airflow/.local/lib/python3.7/site-packages/airflow/example_dags/example_nested_branch_dag.py
[2025-01-05T21:28:33.286+0000] {logging_mixin.py:137} INFO - [2025-01-05T21:28:33.286+0000] {dag.py:2690} INFO - Sync 1 DAGs
[2025-01-05T21:28:33.315+0000] {logging_mixin.py:137} INFO - [2025-01-05T21:28:33.315+0000] {dag.py:3441} INFO - Setting next_dagrun for example_nested_branch_dag to 2025-01-04T00:00:00+00:00, run_after=2025-01-05T00:00:00+00:00
[2025-01-05T21:28:33.343+0000] {processor.py:175} INFO - Processing /home/airflow/.local/lib/python3.7/site-packages/airflow/example_dags/example_nested_branch_dag.py took 0.120 seconds
[2025-01-05T21:29:04.442+0000] {processor.py:153} INFO - Started process (PID=2026) to work on /home/airflow/.local/lib/python3.7/site-packages/airflow/example_dags/example_nested_branch_dag.py
[2025-01-05T21:29:04.442+0000] {processor.py:743} INFO - Processing file /home/airflow/.local/lib/python3.7/site-packages/airflow/example_dags/example_nested_branch_dag.py for tasks to queue
[2025-01-05T21:29:04.443+0000] {logging_mixin.py:137} INFO - [2025-01-05T21:29:04.443+0000] {dagbag.py:538} INFO - Filling up the DagBag from /home/airflow/.local/lib/python3.7/site-packages/airflow/example_dags/example_nested_branch_dag.py
[2025-01-05T21:29:04.471+0000] {processor.py:753} INFO - DAG(s) dict_keys(['example_nested_branch_dag']) retrieved from /home/airflow/.local/lib/python3.7/site-packages/airflow/example_dags/example_nested_branch_dag.py
[2025-01-05T21:29:04.500+0000] {logging_mixin.py:137} INFO - [2025-01-05T21:29:04.500+0000] {dag.py:2690} INFO - Sync 1 DAGs
[2025-01-05T21:29:04.529+0000] {logging_mixin.py:137} INFO - [2025-01-05T21:29:04.529+0000] {dag.py:3441} INFO - Setting next_dagrun for example_nested_branch_dag to 2025-01-04T00:00:00+00:00, run_after=2025-01-05T00:00:00+00:00
[2025-01-05T21:29:04.546+0000] {processor.py:175} INFO - Processing /home/airflow/.local/lib/python3.7/site-packages/airflow/example_dags/example_nested_branch_dag.py took 0.108 seconds
[2025-01-05T21:29:35.322+0000] {processor.py:153} INFO - Started process (PID=2106) to work on /home/airflow/.local/lib/python3.7/site-packages/airflow/example_dags/example_nested_branch_dag.py
[2025-01-05T21:29:35.333+0000] {processor.py:743} INFO - Processing file /home/airflow/.local/lib/python3.7/site-packages/airflow/example_dags/example_nested_branch_dag.py for tasks to queue
[2025-01-05T21:29:35.341+0000] {logging_mixin.py:137} INFO - [2025-01-05T21:29:35.341+0000] {dagbag.py:538} INFO - Filling up the DagBag from /home/airflow/.local/lib/python3.7/site-packages/airflow/example_dags/example_nested_branch_dag.py
[2025-01-05T21:29:35.389+0000] {processor.py:753} INFO - DAG(s) dict_keys(['example_nested_branch_dag']) retrieved from /home/airflow/.local/lib/python3.7/site-packages/airflow/example_dags/example_nested_branch_dag.py
[2025-01-05T21:29:35.433+0000] {logging_mixin.py:137} INFO - [2025-01-05T21:29:35.432+0000] {dag.py:2690} INFO - Sync 1 DAGs
[2025-01-05T21:29:35.476+0000] {logging_mixin.py:137} INFO - [2025-01-05T21:29:35.476+0000] {dag.py:3441} INFO - Setting next_dagrun for example_nested_branch_dag to 2025-01-04T00:00:00+00:00, run_after=2025-01-05T00:00:00+00:00
[2025-01-05T21:29:35.502+0000] {processor.py:175} INFO - Processing /home/airflow/.local/lib/python3.7/site-packages/airflow/example_dags/example_nested_branch_dag.py took 0.186 seconds
[2025-01-05T21:30:05.922+0000] {processor.py:153} INFO - Started process (PID=2206) to work on /home/airflow/.local/lib/python3.7/site-packages/airflow/example_dags/example_nested_branch_dag.py
[2025-01-05T21:30:05.923+0000] {processor.py:743} INFO - Processing file /home/airflow/.local/lib/python3.7/site-packages/airflow/example_dags/example_nested_branch_dag.py for tasks to queue
[2025-01-05T21:30:05.924+0000] {logging_mixin.py:137} INFO - [2025-01-05T21:30:05.924+0000] {dagbag.py:538} INFO - Filling up the DagBag from /home/airflow/.local/lib/python3.7/site-packages/airflow/example_dags/example_nested_branch_dag.py
[2025-01-05T21:30:05.955+0000] {processor.py:753} INFO - DAG(s) dict_keys(['example_nested_branch_dag']) retrieved from /home/airflow/.local/lib/python3.7/site-packages/airflow/example_dags/example_nested_branch_dag.py
[2025-01-05T21:30:05.988+0000] {logging_mixin.py:137} INFO - [2025-01-05T21:30:05.988+0000] {dag.py:2690} INFO - Sync 1 DAGs
[2025-01-05T21:30:06.023+0000] {logging_mixin.py:137} INFO - [2025-01-05T21:30:06.023+0000] {dag.py:3441} INFO - Setting next_dagrun for example_nested_branch_dag to 2025-01-04T00:00:00+00:00, run_after=2025-01-05T00:00:00+00:00
[2025-01-05T21:30:06.050+0000] {processor.py:175} INFO - Processing /home/airflow/.local/lib/python3.7/site-packages/airflow/example_dags/example_nested_branch_dag.py took 0.132 seconds
[2025-01-05T21:30:36.588+0000] {processor.py:153} INFO - Started process (PID=2286) to work on /home/airflow/.local/lib/python3.7/site-packages/airflow/example_dags/example_nested_branch_dag.py
[2025-01-05T21:30:36.590+0000] {processor.py:743} INFO - Processing file /home/airflow/.local/lib/python3.7/site-packages/airflow/example_dags/example_nested_branch_dag.py for tasks to queue
[2025-01-05T21:30:36.591+0000] {logging_mixin.py:137} INFO - [2025-01-05T21:30:36.591+0000] {dagbag.py:538} INFO - Filling up the DagBag from /home/airflow/.local/lib/python3.7/site-packages/airflow/example_dags/example_nested_branch_dag.py
[2025-01-05T21:30:36.627+0000] {processor.py:753} INFO - DAG(s) dict_keys(['example_nested_branch_dag']) retrieved from /home/airflow/.local/lib/python3.7/site-packages/airflow/example_dags/example_nested_branch_dag.py
[2025-01-05T21:30:36.665+0000] {logging_mixin.py:137} INFO - [2025-01-05T21:30:36.665+0000] {dag.py:2690} INFO - Sync 1 DAGs
[2025-01-05T21:30:36.708+0000] {logging_mixin.py:137} INFO - [2025-01-05T21:30:36.708+0000] {dag.py:3441} INFO - Setting next_dagrun for example_nested_branch_dag to 2025-01-04T00:00:00+00:00, run_after=2025-01-05T00:00:00+00:00
[2025-01-05T21:30:36.736+0000] {processor.py:175} INFO - Processing /home/airflow/.local/lib/python3.7/site-packages/airflow/example_dags/example_nested_branch_dag.py took 0.152 seconds
[2025-01-05T21:31:06.919+0000] {processor.py:153} INFO - Started process (PID=2370) to work on /home/airflow/.local/lib/python3.7/site-packages/airflow/example_dags/example_nested_branch_dag.py
[2025-01-05T21:31:06.920+0000] {processor.py:743} INFO - Processing file /home/airflow/.local/lib/python3.7/site-packages/airflow/example_dags/example_nested_branch_dag.py for tasks to queue
[2025-01-05T21:31:06.920+0000] {logging_mixin.py:137} INFO - [2025-01-05T21:31:06.920+0000] {dagbag.py:538} INFO - Filling up the DagBag from /home/airflow/.local/lib/python3.7/site-packages/airflow/example_dags/example_nested_branch_dag.py
[2025-01-05T21:31:06.949+0000] {processor.py:753} INFO - DAG(s) dict_keys(['example_nested_branch_dag']) retrieved from /home/airflow/.local/lib/python3.7/site-packages/airflow/example_dags/example_nested_branch_dag.py
[2025-01-05T21:31:06.977+0000] {logging_mixin.py:137} INFO - [2025-01-05T21:31:06.977+0000] {dag.py:2690} INFO - Sync 1 DAGs
[2025-01-05T21:31:07.007+0000] {logging_mixin.py:137} INFO - [2025-01-05T21:31:07.007+0000] {dag.py:3441} INFO - Setting next_dagrun for example_nested_branch_dag to 2025-01-04T00:00:00+00:00, run_after=2025-01-05T00:00:00+00:00
[2025-01-05T21:31:07.030+0000] {processor.py:175} INFO - Processing /home/airflow/.local/lib/python3.7/site-packages/airflow/example_dags/example_nested_branch_dag.py took 0.117 seconds
[2025-01-05T21:31:37.171+0000] {processor.py:153} INFO - Started process (PID=2474) to work on /home/airflow/.local/lib/python3.7/site-packages/airflow/example_dags/example_nested_branch_dag.py
[2025-01-05T21:31:37.172+0000] {processor.py:743} INFO - Processing file /home/airflow/.local/lib/python3.7/site-packages/airflow/example_dags/example_nested_branch_dag.py for tasks to queue
[2025-01-05T21:31:37.173+0000] {logging_mixin.py:137} INFO - [2025-01-05T21:31:37.173+0000] {dagbag.py:538} INFO - Filling up the DagBag from /home/airflow/.local/lib/python3.7/site-packages/airflow/example_dags/example_nested_branch_dag.py
[2025-01-05T21:31:37.202+0000] {processor.py:753} INFO - DAG(s) dict_keys(['example_nested_branch_dag']) retrieved from /home/airflow/.local/lib/python3.7/site-packages/airflow/example_dags/example_nested_branch_dag.py
[2025-01-05T21:31:37.232+0000] {logging_mixin.py:137} INFO - [2025-01-05T21:31:37.232+0000] {dag.py:2690} INFO - Sync 1 DAGs
[2025-01-05T21:31:37.268+0000] {logging_mixin.py:137} INFO - [2025-01-05T21:31:37.268+0000] {dag.py:3441} INFO - Setting next_dagrun for example_nested_branch_dag to 2025-01-04T00:00:00+00:00, run_after=2025-01-05T00:00:00+00:00
[2025-01-05T21:31:37.296+0000] {processor.py:175} INFO - Processing /home/airflow/.local/lib/python3.7/site-packages/airflow/example_dags/example_nested_branch_dag.py took 0.128 seconds
[2025-01-05T21:32:07.904+0000] {processor.py:153} INFO - Started process (PID=2554) to work on /home/airflow/.local/lib/python3.7/site-packages/airflow/example_dags/example_nested_branch_dag.py
[2025-01-05T21:32:07.905+0000] {processor.py:743} INFO - Processing file /home/airflow/.local/lib/python3.7/site-packages/airflow/example_dags/example_nested_branch_dag.py for tasks to queue
[2025-01-05T21:32:07.906+0000] {logging_mixin.py:137} INFO - [2025-01-05T21:32:07.906+0000] {dagbag.py:538} INFO - Filling up the DagBag from /home/airflow/.local/lib/python3.7/site-packages/airflow/example_dags/example_nested_branch_dag.py
[2025-01-05T21:32:07.938+0000] {processor.py:753} INFO - DAG(s) dict_keys(['example_nested_branch_dag']) retrieved from /home/airflow/.local/lib/python3.7/site-packages/airflow/example_dags/example_nested_branch_dag.py
[2025-01-05T21:32:07.973+0000] {logging_mixin.py:137} INFO - [2025-01-05T21:32:07.973+0000] {dag.py:2690} INFO - Sync 1 DAGs
[2025-01-05T21:32:08.010+0000] {logging_mixin.py:137} INFO - [2025-01-05T21:32:08.010+0000] {dag.py:3441} INFO - Setting next_dagrun for example_nested_branch_dag to 2025-01-04T00:00:00+00:00, run_after=2025-01-05T00:00:00+00:00
[2025-01-05T21:32:08.035+0000] {processor.py:175} INFO - Processing /home/airflow/.local/lib/python3.7/site-packages/airflow/example_dags/example_nested_branch_dag.py took 0.134 seconds
[2025-01-05T21:32:38.284+0000] {processor.py:153} INFO - Started process (PID=2635) to work on /home/airflow/.local/lib/python3.7/site-packages/airflow/example_dags/example_nested_branch_dag.py
[2025-01-05T21:32:38.285+0000] {processor.py:743} INFO - Processing file /home/airflow/.local/lib/python3.7/site-packages/airflow/example_dags/example_nested_branch_dag.py for tasks to queue
[2025-01-05T21:32:38.287+0000] {logging_mixin.py:137} INFO - [2025-01-05T21:32:38.287+0000] {dagbag.py:538} INFO - Filling up the DagBag from /home/airflow/.local/lib/python3.7/site-packages/airflow/example_dags/example_nested_branch_dag.py
[2025-01-05T21:32:38.329+0000] {processor.py:753} INFO - DAG(s) dict_keys(['example_nested_branch_dag']) retrieved from /home/airflow/.local/lib/python3.7/site-packages/airflow/example_dags/example_nested_branch_dag.py
[2025-01-05T21:32:38.361+0000] {logging_mixin.py:137} INFO - [2025-01-05T21:32:38.361+0000] {dag.py:2690} INFO - Sync 1 DAGs
[2025-01-05T21:32:38.397+0000] {logging_mixin.py:137} INFO - [2025-01-05T21:32:38.397+0000] {dag.py:3441} INFO - Setting next_dagrun for example_nested_branch_dag to 2025-01-04T00:00:00+00:00, run_after=2025-01-05T00:00:00+00:00
[2025-01-05T21:32:38.427+0000] {processor.py:175} INFO - Processing /home/airflow/.local/lib/python3.7/site-packages/airflow/example_dags/example_nested_branch_dag.py took 0.150 seconds
[2025-01-05T21:33:09.416+0000] {processor.py:153} INFO - Started process (PID=2735) to work on /home/airflow/.local/lib/python3.7/site-packages/airflow/example_dags/example_nested_branch_dag.py
[2025-01-05T21:33:09.417+0000] {processor.py:743} INFO - Processing file /home/airflow/.local/lib/python3.7/site-packages/airflow/example_dags/example_nested_branch_dag.py for tasks to queue
[2025-01-05T21:33:09.418+0000] {logging_mixin.py:137} INFO - [2025-01-05T21:33:09.418+0000] {dagbag.py:538} INFO - Filling up the DagBag from /home/airflow/.local/lib/python3.7/site-packages/airflow/example_dags/example_nested_branch_dag.py
[2025-01-05T21:33:09.446+0000] {processor.py:753} INFO - DAG(s) dict_keys(['example_nested_branch_dag']) retrieved from /home/airflow/.local/lib/python3.7/site-packages/airflow/example_dags/example_nested_branch_dag.py
[2025-01-05T21:33:09.474+0000] {logging_mixin.py:137} INFO - [2025-01-05T21:33:09.474+0000] {dag.py:2690} INFO - Sync 1 DAGs
[2025-01-05T21:33:09.510+0000] {logging_mixin.py:137} INFO - [2025-01-05T21:33:09.510+0000] {dag.py:3441} INFO - Setting next_dagrun for example_nested_branch_dag to 2025-01-04T00:00:00+00:00, run_after=2025-01-05T00:00:00+00:00
[2025-01-05T21:33:09.539+0000] {processor.py:175} INFO - Processing /home/airflow/.local/lib/python3.7/site-packages/airflow/example_dags/example_nested_branch_dag.py took 0.126 seconds
[2025-01-05T21:33:39.675+0000] {processor.py:153} INFO - Started process (PID=2814) to work on /home/airflow/.local/lib/python3.7/site-packages/airflow/example_dags/example_nested_branch_dag.py
[2025-01-05T21:33:39.676+0000] {processor.py:743} INFO - Processing file /home/airflow/.local/lib/python3.7/site-packages/airflow/example_dags/example_nested_branch_dag.py for tasks to queue
[2025-01-05T21:33:39.677+0000] {logging_mixin.py:137} INFO - [2025-01-05T21:33:39.677+0000] {dagbag.py:538} INFO - Filling up the DagBag from /home/airflow/.local/lib/python3.7/site-packages/airflow/example_dags/example_nested_branch_dag.py
[2025-01-05T21:33:39.719+0000] {processor.py:753} INFO - DAG(s) dict_keys(['example_nested_branch_dag']) retrieved from /home/airflow/.local/lib/python3.7/site-packages/airflow/example_dags/example_nested_branch_dag.py
[2025-01-05T21:33:39.753+0000] {logging_mixin.py:137} INFO - [2025-01-05T21:33:39.753+0000] {dag.py:2690} INFO - Sync 1 DAGs
[2025-01-05T21:33:39.801+0000] {logging_mixin.py:137} INFO - [2025-01-05T21:33:39.800+0000] {dag.py:3441} INFO - Setting next_dagrun for example_nested_branch_dag to 2025-01-04T00:00:00+00:00, run_after=2025-01-05T00:00:00+00:00
[2025-01-05T21:33:39.824+0000] {processor.py:175} INFO - Processing /home/airflow/.local/lib/python3.7/site-packages/airflow/example_dags/example_nested_branch_dag.py took 0.152 seconds
[2025-01-05T21:34:10.006+0000] {processor.py:153} INFO - Started process (PID=2894) to work on /home/airflow/.local/lib/python3.7/site-packages/airflow/example_dags/example_nested_branch_dag.py
[2025-01-05T21:34:10.007+0000] {processor.py:743} INFO - Processing file /home/airflow/.local/lib/python3.7/site-packages/airflow/example_dags/example_nested_branch_dag.py for tasks to queue
[2025-01-05T21:34:10.008+0000] {logging_mixin.py:137} INFO - [2025-01-05T21:34:10.008+0000] {dagbag.py:538} INFO - Filling up the DagBag from /home/airflow/.local/lib/python3.7/site-packages/airflow/example_dags/example_nested_branch_dag.py
[2025-01-05T21:34:10.033+0000] {processor.py:753} INFO - DAG(s) dict_keys(['example_nested_branch_dag']) retrieved from /home/airflow/.local/lib/python3.7/site-packages/airflow/example_dags/example_nested_branch_dag.py
[2025-01-05T21:34:10.061+0000] {logging_mixin.py:137} INFO - [2025-01-05T21:34:10.060+0000] {dag.py:2690} INFO - Sync 1 DAGs
[2025-01-05T21:34:10.089+0000] {logging_mixin.py:137} INFO - [2025-01-05T21:34:10.088+0000] {dag.py:3441} INFO - Setting next_dagrun for example_nested_branch_dag to 2025-01-04T00:00:00+00:00, run_after=2025-01-05T00:00:00+00:00
[2025-01-05T21:34:10.116+0000] {processor.py:175} INFO - Processing /home/airflow/.local/lib/python3.7/site-packages/airflow/example_dags/example_nested_branch_dag.py took 0.113 seconds
[2025-01-05T21:34:40.949+0000] {processor.py:153} INFO - Started process (PID=2994) to work on /home/airflow/.local/lib/python3.7/site-packages/airflow/example_dags/example_nested_branch_dag.py
[2025-01-05T21:34:40.951+0000] {processor.py:743} INFO - Processing file /home/airflow/.local/lib/python3.7/site-packages/airflow/example_dags/example_nested_branch_dag.py for tasks to queue
[2025-01-05T21:34:40.952+0000] {logging_mixin.py:137} INFO - [2025-01-05T21:34:40.952+0000] {dagbag.py:538} INFO - Filling up the DagBag from /home/airflow/.local/lib/python3.7/site-packages/airflow/example_dags/example_nested_branch_dag.py
[2025-01-05T21:34:41.000+0000] {processor.py:753} INFO - DAG(s) dict_keys(['example_nested_branch_dag']) retrieved from /home/airflow/.local/lib/python3.7/site-packages/airflow/example_dags/example_nested_branch_dag.py
[2025-01-05T21:34:41.051+0000] {logging_mixin.py:137} INFO - [2025-01-05T21:34:41.051+0000] {dag.py:2690} INFO - Sync 1 DAGs
[2025-01-05T21:34:41.118+0000] {logging_mixin.py:137} INFO - [2025-01-05T21:34:41.118+0000] {dag.py:3441} INFO - Setting next_dagrun for example_nested_branch_dag to 2025-01-04T00:00:00+00:00, run_after=2025-01-05T00:00:00+00:00
[2025-01-05T21:34:41.166+0000] {processor.py:175} INFO - Processing /home/airflow/.local/lib/python3.7/site-packages/airflow/example_dags/example_nested_branch_dag.py took 0.222 seconds
[2025-01-05T21:35:11.424+0000] {processor.py:153} INFO - Started process (PID=3074) to work on /home/airflow/.local/lib/python3.7/site-packages/airflow/example_dags/example_nested_branch_dag.py
[2025-01-05T21:35:11.425+0000] {processor.py:743} INFO - Processing file /home/airflow/.local/lib/python3.7/site-packages/airflow/example_dags/example_nested_branch_dag.py for tasks to queue
[2025-01-05T21:35:11.426+0000] {logging_mixin.py:137} INFO - [2025-01-05T21:35:11.426+0000] {dagbag.py:538} INFO - Filling up the DagBag from /home/airflow/.local/lib/python3.7/site-packages/airflow/example_dags/example_nested_branch_dag.py
[2025-01-05T21:35:11.456+0000] {processor.py:753} INFO - DAG(s) dict_keys(['example_nested_branch_dag']) retrieved from /home/airflow/.local/lib/python3.7/site-packages/airflow/example_dags/example_nested_branch_dag.py
[2025-01-05T21:35:11.484+0000] {logging_mixin.py:137} INFO - [2025-01-05T21:35:11.484+0000] {dag.py:2690} INFO - Sync 1 DAGs
[2025-01-05T21:35:11.518+0000] {logging_mixin.py:137} INFO - [2025-01-05T21:35:11.518+0000] {dag.py:3441} INFO - Setting next_dagrun for example_nested_branch_dag to 2025-01-04T00:00:00+00:00, run_after=2025-01-05T00:00:00+00:00
[2025-01-05T21:35:11.538+0000] {processor.py:175} INFO - Processing /home/airflow/.local/lib/python3.7/site-packages/airflow/example_dags/example_nested_branch_dag.py took 0.118 seconds
[2025-01-05T21:35:41.711+0000] {processor.py:153} INFO - Started process (PID=3155) to work on /home/airflow/.local/lib/python3.7/site-packages/airflow/example_dags/example_nested_branch_dag.py
[2025-01-05T21:35:41.712+0000] {processor.py:743} INFO - Processing file /home/airflow/.local/lib/python3.7/site-packages/airflow/example_dags/example_nested_branch_dag.py for tasks to queue
[2025-01-05T21:35:41.713+0000] {logging_mixin.py:137} INFO - [2025-01-05T21:35:41.712+0000] {dagbag.py:538} INFO - Filling up the DagBag from /home/airflow/.local/lib/python3.7/site-packages/airflow/example_dags/example_nested_branch_dag.py
[2025-01-05T21:35:41.751+0000] {processor.py:753} INFO - DAG(s) dict_keys(['example_nested_branch_dag']) retrieved from /home/airflow/.local/lib/python3.7/site-packages/airflow/example_dags/example_nested_branch_dag.py
[2025-01-05T21:35:41.782+0000] {logging_mixin.py:137} INFO - [2025-01-05T21:35:41.782+0000] {dag.py:2690} INFO - Sync 1 DAGs
[2025-01-05T21:35:41.816+0000] {logging_mixin.py:137} INFO - [2025-01-05T21:35:41.816+0000] {dag.py:3441} INFO - Setting next_dagrun for example_nested_branch_dag to 2025-01-04T00:00:00+00:00, run_after=2025-01-05T00:00:00+00:00
[2025-01-05T21:35:41.840+0000] {processor.py:175} INFO - Processing /home/airflow/.local/lib/python3.7/site-packages/airflow/example_dags/example_nested_branch_dag.py took 0.132 seconds
[2025-01-05T21:36:12.100+0000] {processor.py:153} INFO - Started process (PID=3256) to work on /home/airflow/.local/lib/python3.7/site-packages/airflow/example_dags/example_nested_branch_dag.py
[2025-01-05T21:36:12.101+0000] {processor.py:743} INFO - Processing file /home/airflow/.local/lib/python3.7/site-packages/airflow/example_dags/example_nested_branch_dag.py for tasks to queue
[2025-01-05T21:36:12.102+0000] {logging_mixin.py:137} INFO - [2025-01-05T21:36:12.102+0000] {dagbag.py:538} INFO - Filling up the DagBag from /home/airflow/.local/lib/python3.7/site-packages/airflow/example_dags/example_nested_branch_dag.py
[2025-01-05T21:36:12.137+0000] {processor.py:753} INFO - DAG(s) dict_keys(['example_nested_branch_dag']) retrieved from /home/airflow/.local/lib/python3.7/site-packages/airflow/example_dags/example_nested_branch_dag.py
[2025-01-05T21:36:12.166+0000] {logging_mixin.py:137} INFO - [2025-01-05T21:36:12.166+0000] {dag.py:2690} INFO - Sync 1 DAGs
[2025-01-05T21:36:12.211+0000] {logging_mixin.py:137} INFO - [2025-01-05T21:36:12.210+0000] {dag.py:3441} INFO - Setting next_dagrun for example_nested_branch_dag to 2025-01-04T00:00:00+00:00, run_after=2025-01-05T00:00:00+00:00
[2025-01-05T21:36:12.235+0000] {processor.py:175} INFO - Processing /home/airflow/.local/lib/python3.7/site-packages/airflow/example_dags/example_nested_branch_dag.py took 0.138 seconds
[2025-01-05T21:36:42.912+0000] {processor.py:153} INFO - Started process (PID=3336) to work on /home/airflow/.local/lib/python3.7/site-packages/airflow/example_dags/example_nested_branch_dag.py
[2025-01-05T21:36:42.913+0000] {processor.py:743} INFO - Processing file /home/airflow/.local/lib/python3.7/site-packages/airflow/example_dags/example_nested_branch_dag.py for tasks to queue
[2025-01-05T21:36:42.914+0000] {logging_mixin.py:137} INFO - [2025-01-05T21:36:42.914+0000] {dagbag.py:538} INFO - Filling up the DagBag from /home/airflow/.local/lib/python3.7/site-packages/airflow/example_dags/example_nested_branch_dag.py
[2025-01-05T21:36:42.944+0000] {processor.py:753} INFO - DAG(s) dict_keys(['example_nested_branch_dag']) retrieved from /home/airflow/.local/lib/python3.7/site-packages/airflow/example_dags/example_nested_branch_dag.py
[2025-01-05T21:36:42.975+0000] {logging_mixin.py:137} INFO - [2025-01-05T21:36:42.975+0000] {dag.py:2690} INFO - Sync 1 DAGs
[2025-01-05T21:36:43.014+0000] {logging_mixin.py:137} INFO - [2025-01-05T21:36:43.014+0000] {dag.py:3441} INFO - Setting next_dagrun for example_nested_branch_dag to 2025-01-04T00:00:00+00:00, run_after=2025-01-05T00:00:00+00:00
[2025-01-05T21:36:43.050+0000] {processor.py:175} INFO - Processing /home/airflow/.local/lib/python3.7/site-packages/airflow/example_dags/example_nested_branch_dag.py took 0.141 seconds
[2025-01-05T21:37:13.897+0000] {processor.py:153} INFO - Started process (PID=3424) to work on /home/airflow/.local/lib/python3.7/site-packages/airflow/example_dags/example_nested_branch_dag.py
[2025-01-05T21:37:13.898+0000] {processor.py:743} INFO - Processing file /home/airflow/.local/lib/python3.7/site-packages/airflow/example_dags/example_nested_branch_dag.py for tasks to queue
[2025-01-05T21:37:13.899+0000] {logging_mixin.py:137} INFO - [2025-01-05T21:37:13.899+0000] {dagbag.py:538} INFO - Filling up the DagBag from /home/airflow/.local/lib/python3.7/site-packages/airflow/example_dags/example_nested_branch_dag.py
[2025-01-05T21:37:13.934+0000] {processor.py:753} INFO - DAG(s) dict_keys(['example_nested_branch_dag']) retrieved from /home/airflow/.local/lib/python3.7/site-packages/airflow/example_dags/example_nested_branch_dag.py
[2025-01-05T21:37:13.978+0000] {logging_mixin.py:137} INFO - [2025-01-05T21:37:13.978+0000] {dag.py:2690} INFO - Sync 1 DAGs
[2025-01-05T21:37:14.031+0000] {logging_mixin.py:137} INFO - [2025-01-05T21:37:14.031+0000] {dag.py:3441} INFO - Setting next_dagrun for example_nested_branch_dag to 2025-01-04T00:00:00+00:00, run_after=2025-01-05T00:00:00+00:00
[2025-01-05T21:37:14.069+0000] {processor.py:175} INFO - Processing /home/airflow/.local/lib/python3.7/site-packages/airflow/example_dags/example_nested_branch_dag.py took 0.176 seconds
[2025-01-05T21:37:44.614+0000] {processor.py:153} INFO - Started process (PID=3516) to work on /home/airflow/.local/lib/python3.7/site-packages/airflow/example_dags/example_nested_branch_dag.py
[2025-01-05T21:37:44.615+0000] {processor.py:743} INFO - Processing file /home/airflow/.local/lib/python3.7/site-packages/airflow/example_dags/example_nested_branch_dag.py for tasks to queue
[2025-01-05T21:37:44.616+0000] {logging_mixin.py:137} INFO - [2025-01-05T21:37:44.616+0000] {dagbag.py:538} INFO - Filling up the DagBag from /home/airflow/.local/lib/python3.7/site-packages/airflow/example_dags/example_nested_branch_dag.py
[2025-01-05T21:37:44.640+0000] {processor.py:753} INFO - DAG(s) dict_keys(['example_nested_branch_dag']) retrieved from /home/airflow/.local/lib/python3.7/site-packages/airflow/example_dags/example_nested_branch_dag.py
[2025-01-05T21:37:44.665+0000] {logging_mixin.py:137} INFO - [2025-01-05T21:37:44.665+0000] {dag.py:2690} INFO - Sync 1 DAGs
[2025-01-05T21:37:44.690+0000] {logging_mixin.py:137} INFO - [2025-01-05T21:37:44.689+0000] {dag.py:3441} INFO - Setting next_dagrun for example_nested_branch_dag to 2025-01-04T00:00:00+00:00, run_after=2025-01-05T00:00:00+00:00
[2025-01-05T21:37:44.708+0000] {processor.py:175} INFO - Processing /home/airflow/.local/lib/python3.7/site-packages/airflow/example_dags/example_nested_branch_dag.py took 0.097 seconds
