[2025-01-05T21:14:06.510+0000] {processor.py:153} INFO - Started process (PID=170) to work on /home/airflow/.local/lib/python3.7/site-packages/airflow/example_dags/example_skip_dag.py
[2025-01-05T21:14:06.511+0000] {processor.py:743} INFO - Processing file /home/airflow/.local/lib/python3.7/site-packages/airflow/example_dags/example_skip_dag.py for tasks to queue
[2025-01-05T21:14:06.513+0000] {logging_mixin.py:137} INFO - [2025-01-05T21:14:06.512+0000] {dagbag.py:538} INFO - Filling up the DagBag from /home/airflow/.local/lib/python3.7/site-packages/airflow/example_dags/example_skip_dag.py
[2025-01-05T21:14:06.533+0000] {processor.py:753} INFO - DAG(s) dict_keys(['example_skip_dag']) retrieved from /home/airflow/.local/lib/python3.7/site-packages/airflow/example_dags/example_skip_dag.py
[2025-01-05T21:14:06.565+0000] {logging_mixin.py:137} INFO - [2025-01-05T21:14:06.565+0000] {dag.py:2690} INFO - Sync 1 DAGs
[2025-01-05T21:14:06.595+0000] {logging_mixin.py:137} INFO - [2025-01-05T21:14:06.594+0000] {dag.py:3441} INFO - Setting next_dagrun for example_skip_dag to 2025-01-04T21:14:06.594635+00:00, run_after=2025-01-05T21:14:06.594635+00:00
[2025-01-05T21:14:06.618+0000] {processor.py:175} INFO - Processing /home/airflow/.local/lib/python3.7/site-packages/airflow/example_dags/example_skip_dag.py took 0.112 seconds
[2025-01-05T21:14:36.776+0000] {processor.py:153} INFO - Started process (PID=249) to work on /home/airflow/.local/lib/python3.7/site-packages/airflow/example_dags/example_skip_dag.py
[2025-01-05T21:14:36.777+0000] {processor.py:743} INFO - Processing file /home/airflow/.local/lib/python3.7/site-packages/airflow/example_dags/example_skip_dag.py for tasks to queue
[2025-01-05T21:14:36.778+0000] {logging_mixin.py:137} INFO - [2025-01-05T21:14:36.778+0000] {dagbag.py:538} INFO - Filling up the DagBag from /home/airflow/.local/lib/python3.7/site-packages/airflow/example_dags/example_skip_dag.py
[2025-01-05T21:14:36.790+0000] {processor.py:753} INFO - DAG(s) dict_keys(['example_skip_dag']) retrieved from /home/airflow/.local/lib/python3.7/site-packages/airflow/example_dags/example_skip_dag.py
[2025-01-05T21:14:36.816+0000] {logging_mixin.py:137} INFO - [2025-01-05T21:14:36.816+0000] {dag.py:2690} INFO - Sync 1 DAGs
[2025-01-05T21:14:36.845+0000] {logging_mixin.py:137} INFO - [2025-01-05T21:14:36.844+0000] {dag.py:3441} INFO - Setting next_dagrun for example_skip_dag to 2025-01-04T21:14:36.844470+00:00, run_after=2025-01-05T21:14:36.844470+00:00
[2025-01-05T21:14:36.875+0000] {processor.py:175} INFO - Processing /home/airflow/.local/lib/python3.7/site-packages/airflow/example_dags/example_skip_dag.py took 0.102 seconds
[2025-01-05T21:15:07.096+0000] {processor.py:153} INFO - Started process (PID=338) to work on /home/airflow/.local/lib/python3.7/site-packages/airflow/example_dags/example_skip_dag.py
[2025-01-05T21:15:07.097+0000] {processor.py:743} INFO - Processing file /home/airflow/.local/lib/python3.7/site-packages/airflow/example_dags/example_skip_dag.py for tasks to queue
[2025-01-05T21:15:07.099+0000] {logging_mixin.py:137} INFO - [2025-01-05T21:15:07.098+0000] {dagbag.py:538} INFO - Filling up the DagBag from /home/airflow/.local/lib/python3.7/site-packages/airflow/example_dags/example_skip_dag.py
[2025-01-05T21:15:07.116+0000] {processor.py:753} INFO - DAG(s) dict_keys(['example_skip_dag']) retrieved from /home/airflow/.local/lib/python3.7/site-packages/airflow/example_dags/example_skip_dag.py
[2025-01-05T21:15:07.152+0000] {logging_mixin.py:137} INFO - [2025-01-05T21:15:07.151+0000] {dag.py:2690} INFO - Sync 1 DAGs
[2025-01-05T21:15:07.182+0000] {logging_mixin.py:137} INFO - [2025-01-05T21:15:07.182+0000] {dag.py:3441} INFO - Setting next_dagrun for example_skip_dag to 2025-01-04T21:15:07.181786+00:00, run_after=2025-01-05T21:15:07.181786+00:00
[2025-01-05T21:15:07.205+0000] {processor.py:175} INFO - Processing /home/airflow/.local/lib/python3.7/site-packages/airflow/example_dags/example_skip_dag.py took 0.112 seconds
[2025-01-05T21:15:38.138+0000] {processor.py:153} INFO - Started process (PID=428) to work on /home/airflow/.local/lib/python3.7/site-packages/airflow/example_dags/example_skip_dag.py
[2025-01-05T21:15:38.139+0000] {processor.py:743} INFO - Processing file /home/airflow/.local/lib/python3.7/site-packages/airflow/example_dags/example_skip_dag.py for tasks to queue
[2025-01-05T21:15:38.141+0000] {logging_mixin.py:137} INFO - [2025-01-05T21:15:38.140+0000] {dagbag.py:538} INFO - Filling up the DagBag from /home/airflow/.local/lib/python3.7/site-packages/airflow/example_dags/example_skip_dag.py
[2025-01-05T21:15:38.163+0000] {processor.py:753} INFO - DAG(s) dict_keys(['example_skip_dag']) retrieved from /home/airflow/.local/lib/python3.7/site-packages/airflow/example_dags/example_skip_dag.py
[2025-01-05T21:15:38.200+0000] {logging_mixin.py:137} INFO - [2025-01-05T21:15:38.200+0000] {dag.py:2690} INFO - Sync 1 DAGs
[2025-01-05T21:15:38.232+0000] {logging_mixin.py:137} INFO - [2025-01-05T21:15:38.232+0000] {dag.py:3441} INFO - Setting next_dagrun for example_skip_dag to 2025-01-04T21:15:38.232374+00:00, run_after=2025-01-05T21:15:38.232374+00:00
[2025-01-05T21:15:38.264+0000] {processor.py:175} INFO - Processing /home/airflow/.local/lib/python3.7/site-packages/airflow/example_dags/example_skip_dag.py took 0.131 seconds
[2025-01-05T21:16:08.440+0000] {processor.py:153} INFO - Started process (PID=507) to work on /home/airflow/.local/lib/python3.7/site-packages/airflow/example_dags/example_skip_dag.py
[2025-01-05T21:16:08.441+0000] {processor.py:743} INFO - Processing file /home/airflow/.local/lib/python3.7/site-packages/airflow/example_dags/example_skip_dag.py for tasks to queue
[2025-01-05T21:16:08.442+0000] {logging_mixin.py:137} INFO - [2025-01-05T21:16:08.442+0000] {dagbag.py:538} INFO - Filling up the DagBag from /home/airflow/.local/lib/python3.7/site-packages/airflow/example_dags/example_skip_dag.py
[2025-01-05T21:16:08.457+0000] {processor.py:753} INFO - DAG(s) dict_keys(['example_skip_dag']) retrieved from /home/airflow/.local/lib/python3.7/site-packages/airflow/example_dags/example_skip_dag.py
[2025-01-05T21:16:08.487+0000] {logging_mixin.py:137} INFO - [2025-01-05T21:16:08.487+0000] {dag.py:2690} INFO - Sync 1 DAGs
[2025-01-05T21:16:08.512+0000] {logging_mixin.py:137} INFO - [2025-01-05T21:16:08.512+0000] {dag.py:3441} INFO - Setting next_dagrun for example_skip_dag to 2025-01-04T21:16:08.511836+00:00, run_after=2025-01-05T21:16:08.511836+00:00
[2025-01-05T21:16:08.538+0000] {processor.py:175} INFO - Processing /home/airflow/.local/lib/python3.7/site-packages/airflow/example_dags/example_skip_dag.py took 0.101 seconds
[2025-01-05T21:17:50.948+0000] {processor.py:153} INFO - Started process (PID=67) to work on /home/airflow/.local/lib/python3.7/site-packages/airflow/example_dags/example_skip_dag.py
[2025-01-05T21:17:50.949+0000] {processor.py:743} INFO - Processing file /home/airflow/.local/lib/python3.7/site-packages/airflow/example_dags/example_skip_dag.py for tasks to queue
[2025-01-05T21:17:50.951+0000] {logging_mixin.py:137} INFO - [2025-01-05T21:17:50.950+0000] {dagbag.py:538} INFO - Filling up the DagBag from /home/airflow/.local/lib/python3.7/site-packages/airflow/example_dags/example_skip_dag.py
[2025-01-05T21:17:50.973+0000] {processor.py:753} INFO - DAG(s) dict_keys(['example_skip_dag']) retrieved from /home/airflow/.local/lib/python3.7/site-packages/airflow/example_dags/example_skip_dag.py
[2025-01-05T21:17:51.011+0000] {logging_mixin.py:137} INFO - [2025-01-05T21:17:51.011+0000] {dag.py:2690} INFO - Sync 1 DAGs
[2025-01-05T21:17:51.067+0000] {logging_mixin.py:137} INFO - [2025-01-05T21:17:51.066+0000] {dag.py:3441} INFO - Setting next_dagrun for example_skip_dag to 2025-01-04T21:17:51.066658+00:00, run_after=2025-01-05T21:17:51.066658+00:00
[2025-01-05T21:17:51.102+0000] {processor.py:175} INFO - Processing /home/airflow/.local/lib/python3.7/site-packages/airflow/example_dags/example_skip_dag.py took 0.158 seconds
[2025-01-05T21:18:21.923+0000] {processor.py:153} INFO - Started process (PID=147) to work on /home/airflow/.local/lib/python3.7/site-packages/airflow/example_dags/example_skip_dag.py
[2025-01-05T21:18:21.924+0000] {processor.py:743} INFO - Processing file /home/airflow/.local/lib/python3.7/site-packages/airflow/example_dags/example_skip_dag.py for tasks to queue
[2025-01-05T21:18:21.924+0000] {logging_mixin.py:137} INFO - [2025-01-05T21:18:21.924+0000] {dagbag.py:538} INFO - Filling up the DagBag from /home/airflow/.local/lib/python3.7/site-packages/airflow/example_dags/example_skip_dag.py
[2025-01-05T21:18:21.942+0000] {processor.py:753} INFO - DAG(s) dict_keys(['example_skip_dag']) retrieved from /home/airflow/.local/lib/python3.7/site-packages/airflow/example_dags/example_skip_dag.py
[2025-01-05T21:18:21.971+0000] {logging_mixin.py:137} INFO - [2025-01-05T21:18:21.971+0000] {dag.py:2690} INFO - Sync 1 DAGs
[2025-01-05T21:18:22.000+0000] {logging_mixin.py:137} INFO - [2025-01-05T21:18:22.000+0000] {dag.py:3441} INFO - Setting next_dagrun for example_skip_dag to 2025-01-04T21:18:22.000173+00:00, run_after=2025-01-05T21:18:22.000173+00:00
[2025-01-05T21:18:22.023+0000] {processor.py:175} INFO - Processing /home/airflow/.local/lib/python3.7/site-packages/airflow/example_dags/example_skip_dag.py took 0.103 seconds
[2025-01-05T21:18:52.119+0000] {processor.py:153} INFO - Started process (PID=237) to work on /home/airflow/.local/lib/python3.7/site-packages/airflow/example_dags/example_skip_dag.py
[2025-01-05T21:18:52.130+0000] {processor.py:743} INFO - Processing file /home/airflow/.local/lib/python3.7/site-packages/airflow/example_dags/example_skip_dag.py for tasks to queue
[2025-01-05T21:18:52.132+0000] {logging_mixin.py:137} INFO - [2025-01-05T21:18:52.132+0000] {dagbag.py:538} INFO - Filling up the DagBag from /home/airflow/.local/lib/python3.7/site-packages/airflow/example_dags/example_skip_dag.py
[2025-01-05T21:18:52.176+0000] {processor.py:753} INFO - DAG(s) dict_keys(['example_skip_dag']) retrieved from /home/airflow/.local/lib/python3.7/site-packages/airflow/example_dags/example_skip_dag.py
[2025-01-05T21:18:52.242+0000] {logging_mixin.py:137} INFO - [2025-01-05T21:18:52.242+0000] {dag.py:2690} INFO - Sync 1 DAGs
[2025-01-05T21:18:52.278+0000] {logging_mixin.py:137} INFO - [2025-01-05T21:18:52.278+0000] {dag.py:3441} INFO - Setting next_dagrun for example_skip_dag to 2025-01-04T21:18:52.278514+00:00, run_after=2025-01-05T21:18:52.278514+00:00
[2025-01-05T21:18:52.299+0000] {processor.py:175} INFO - Processing /home/airflow/.local/lib/python3.7/site-packages/airflow/example_dags/example_skip_dag.py took 0.188 seconds
[2025-01-05T21:19:22.445+0000] {processor.py:153} INFO - Started process (PID=328) to work on /home/airflow/.local/lib/python3.7/site-packages/airflow/example_dags/example_skip_dag.py
[2025-01-05T21:19:22.446+0000] {processor.py:743} INFO - Processing file /home/airflow/.local/lib/python3.7/site-packages/airflow/example_dags/example_skip_dag.py for tasks to queue
[2025-01-05T21:19:22.447+0000] {logging_mixin.py:137} INFO - [2025-01-05T21:19:22.447+0000] {dagbag.py:538} INFO - Filling up the DagBag from /home/airflow/.local/lib/python3.7/site-packages/airflow/example_dags/example_skip_dag.py
[2025-01-05T21:19:22.460+0000] {processor.py:753} INFO - DAG(s) dict_keys(['example_skip_dag']) retrieved from /home/airflow/.local/lib/python3.7/site-packages/airflow/example_dags/example_skip_dag.py
[2025-01-05T21:19:22.485+0000] {logging_mixin.py:137} INFO - [2025-01-05T21:19:22.485+0000] {dag.py:2690} INFO - Sync 1 DAGs
[2025-01-05T21:19:22.511+0000] {logging_mixin.py:137} INFO - [2025-01-05T21:19:22.511+0000] {dag.py:3441} INFO - Setting next_dagrun for example_skip_dag to 2025-01-04T21:19:22.511122+00:00, run_after=2025-01-05T21:19:22.511122+00:00
[2025-01-05T21:19:22.530+0000] {processor.py:175} INFO - Processing /home/airflow/.local/lib/python3.7/site-packages/airflow/example_dags/example_skip_dag.py took 0.087 seconds
[2025-01-05T21:19:53.434+0000] {processor.py:153} INFO - Started process (PID=418) to work on /home/airflow/.local/lib/python3.7/site-packages/airflow/example_dags/example_skip_dag.py
[2025-01-05T21:19:53.435+0000] {processor.py:743} INFO - Processing file /home/airflow/.local/lib/python3.7/site-packages/airflow/example_dags/example_skip_dag.py for tasks to queue
[2025-01-05T21:19:53.437+0000] {logging_mixin.py:137} INFO - [2025-01-05T21:19:53.436+0000] {dagbag.py:538} INFO - Filling up the DagBag from /home/airflow/.local/lib/python3.7/site-packages/airflow/example_dags/example_skip_dag.py
[2025-01-05T21:19:53.453+0000] {processor.py:753} INFO - DAG(s) dict_keys(['example_skip_dag']) retrieved from /home/airflow/.local/lib/python3.7/site-packages/airflow/example_dags/example_skip_dag.py
[2025-01-05T21:19:53.476+0000] {logging_mixin.py:137} INFO - [2025-01-05T21:19:53.476+0000] {dag.py:2690} INFO - Sync 1 DAGs
[2025-01-05T21:19:53.503+0000] {logging_mixin.py:137} INFO - [2025-01-05T21:19:53.503+0000] {dag.py:3441} INFO - Setting next_dagrun for example_skip_dag to 2025-01-04T21:19:53.503189+00:00, run_after=2025-01-05T21:19:53.503189+00:00
[2025-01-05T21:19:53.525+0000] {processor.py:175} INFO - Processing /home/airflow/.local/lib/python3.7/site-packages/airflow/example_dags/example_skip_dag.py took 0.095 seconds
[2025-01-05T21:20:24.355+0000] {processor.py:153} INFO - Started process (PID=509) to work on /home/airflow/.local/lib/python3.7/site-packages/airflow/example_dags/example_skip_dag.py
[2025-01-05T21:20:24.356+0000] {processor.py:743} INFO - Processing file /home/airflow/.local/lib/python3.7/site-packages/airflow/example_dags/example_skip_dag.py for tasks to queue
[2025-01-05T21:20:24.357+0000] {logging_mixin.py:137} INFO - [2025-01-05T21:20:24.357+0000] {dagbag.py:538} INFO - Filling up the DagBag from /home/airflow/.local/lib/python3.7/site-packages/airflow/example_dags/example_skip_dag.py
[2025-01-05T21:20:24.370+0000] {processor.py:753} INFO - DAG(s) dict_keys(['example_skip_dag']) retrieved from /home/airflow/.local/lib/python3.7/site-packages/airflow/example_dags/example_skip_dag.py
[2025-01-05T21:20:24.395+0000] {logging_mixin.py:137} INFO - [2025-01-05T21:20:24.395+0000] {dag.py:2690} INFO - Sync 1 DAGs
[2025-01-05T21:20:24.420+0000] {logging_mixin.py:137} INFO - [2025-01-05T21:20:24.420+0000] {dag.py:3441} INFO - Setting next_dagrun for example_skip_dag to 2025-01-04T21:20:24.420323+00:00, run_after=2025-01-05T21:20:24.420323+00:00
[2025-01-05T21:20:24.440+0000] {processor.py:175} INFO - Processing /home/airflow/.local/lib/python3.7/site-packages/airflow/example_dags/example_skip_dag.py took 0.088 seconds
[2025-01-05T21:20:55.083+0000] {processor.py:153} INFO - Started process (PID=598) to work on /home/airflow/.local/lib/python3.7/site-packages/airflow/example_dags/example_skip_dag.py
[2025-01-05T21:20:55.084+0000] {processor.py:743} INFO - Processing file /home/airflow/.local/lib/python3.7/site-packages/airflow/example_dags/example_skip_dag.py for tasks to queue
[2025-01-05T21:20:55.085+0000] {logging_mixin.py:137} INFO - [2025-01-05T21:20:55.085+0000] {dagbag.py:538} INFO - Filling up the DagBag from /home/airflow/.local/lib/python3.7/site-packages/airflow/example_dags/example_skip_dag.py
[2025-01-05T21:20:55.101+0000] {processor.py:753} INFO - DAG(s) dict_keys(['example_skip_dag']) retrieved from /home/airflow/.local/lib/python3.7/site-packages/airflow/example_dags/example_skip_dag.py
[2025-01-05T21:20:55.129+0000] {logging_mixin.py:137} INFO - [2025-01-05T21:20:55.129+0000] {dag.py:2690} INFO - Sync 1 DAGs
[2025-01-05T21:20:55.160+0000] {logging_mixin.py:137} INFO - [2025-01-05T21:20:55.159+0000] {dag.py:3441} INFO - Setting next_dagrun for example_skip_dag to 2025-01-04T21:20:55.159678+00:00, run_after=2025-01-05T21:20:55.159678+00:00
[2025-01-05T21:20:55.185+0000] {processor.py:175} INFO - Processing /home/airflow/.local/lib/python3.7/site-packages/airflow/example_dags/example_skip_dag.py took 0.105 seconds
[2025-01-05T21:21:25.208+0000] {processor.py:153} INFO - Started process (PID=689) to work on /home/airflow/.local/lib/python3.7/site-packages/airflow/example_dags/example_skip_dag.py
[2025-01-05T21:21:25.209+0000] {processor.py:743} INFO - Processing file /home/airflow/.local/lib/python3.7/site-packages/airflow/example_dags/example_skip_dag.py for tasks to queue
[2025-01-05T21:21:25.210+0000] {logging_mixin.py:137} INFO - [2025-01-05T21:21:25.210+0000] {dagbag.py:538} INFO - Filling up the DagBag from /home/airflow/.local/lib/python3.7/site-packages/airflow/example_dags/example_skip_dag.py
[2025-01-05T21:21:25.227+0000] {processor.py:753} INFO - DAG(s) dict_keys(['example_skip_dag']) retrieved from /home/airflow/.local/lib/python3.7/site-packages/airflow/example_dags/example_skip_dag.py
[2025-01-05T21:21:25.256+0000] {logging_mixin.py:137} INFO - [2025-01-05T21:21:25.256+0000] {dag.py:2690} INFO - Sync 1 DAGs
[2025-01-05T21:21:25.285+0000] {logging_mixin.py:137} INFO - [2025-01-05T21:21:25.285+0000] {dag.py:3441} INFO - Setting next_dagrun for example_skip_dag to 2025-01-04T21:21:25.285261+00:00, run_after=2025-01-05T21:21:25.285261+00:00
[2025-01-05T21:21:25.304+0000] {processor.py:175} INFO - Processing /home/airflow/.local/lib/python3.7/site-packages/airflow/example_dags/example_skip_dag.py took 0.100 seconds
[2025-01-05T21:21:55.501+0000] {processor.py:153} INFO - Started process (PID=769) to work on /home/airflow/.local/lib/python3.7/site-packages/airflow/example_dags/example_skip_dag.py
[2025-01-05T21:21:55.502+0000] {processor.py:743} INFO - Processing file /home/airflow/.local/lib/python3.7/site-packages/airflow/example_dags/example_skip_dag.py for tasks to queue
[2025-01-05T21:21:55.503+0000] {logging_mixin.py:137} INFO - [2025-01-05T21:21:55.503+0000] {dagbag.py:538} INFO - Filling up the DagBag from /home/airflow/.local/lib/python3.7/site-packages/airflow/example_dags/example_skip_dag.py
[2025-01-05T21:21:55.517+0000] {processor.py:753} INFO - DAG(s) dict_keys(['example_skip_dag']) retrieved from /home/airflow/.local/lib/python3.7/site-packages/airflow/example_dags/example_skip_dag.py
[2025-01-05T21:21:55.541+0000] {logging_mixin.py:137} INFO - [2025-01-05T21:21:55.541+0000] {dag.py:2690} INFO - Sync 1 DAGs
[2025-01-05T21:21:55.567+0000] {logging_mixin.py:137} INFO - [2025-01-05T21:21:55.566+0000] {dag.py:3441} INFO - Setting next_dagrun for example_skip_dag to 2025-01-04T21:21:55.566584+00:00, run_after=2025-01-05T21:21:55.566584+00:00
[2025-01-05T21:21:55.588+0000] {processor.py:175} INFO - Processing /home/airflow/.local/lib/python3.7/site-packages/airflow/example_dags/example_skip_dag.py took 0.090 seconds
[2025-01-05T21:22:25.702+0000] {processor.py:153} INFO - Started process (PID=869) to work on /home/airflow/.local/lib/python3.7/site-packages/airflow/example_dags/example_skip_dag.py
[2025-01-05T21:22:25.703+0000] {processor.py:743} INFO - Processing file /home/airflow/.local/lib/python3.7/site-packages/airflow/example_dags/example_skip_dag.py for tasks to queue
[2025-01-05T21:22:25.704+0000] {logging_mixin.py:137} INFO - [2025-01-05T21:22:25.703+0000] {dagbag.py:538} INFO - Filling up the DagBag from /home/airflow/.local/lib/python3.7/site-packages/airflow/example_dags/example_skip_dag.py
[2025-01-05T21:22:25.716+0000] {processor.py:753} INFO - DAG(s) dict_keys(['example_skip_dag']) retrieved from /home/airflow/.local/lib/python3.7/site-packages/airflow/example_dags/example_skip_dag.py
[2025-01-05T21:22:25.739+0000] {logging_mixin.py:137} INFO - [2025-01-05T21:22:25.739+0000] {dag.py:2690} INFO - Sync 1 DAGs
[2025-01-05T21:22:25.763+0000] {logging_mixin.py:137} INFO - [2025-01-05T21:22:25.762+0000] {dag.py:3441} INFO - Setting next_dagrun for example_skip_dag to 2025-01-04T21:22:25.762683+00:00, run_after=2025-01-05T21:22:25.762683+00:00
[2025-01-05T21:22:25.781+0000] {processor.py:175} INFO - Processing /home/airflow/.local/lib/python3.7/site-packages/airflow/example_dags/example_skip_dag.py took 0.082 seconds
[2025-01-05T21:22:55.886+0000] {processor.py:153} INFO - Started process (PID=950) to work on /home/airflow/.local/lib/python3.7/site-packages/airflow/example_dags/example_skip_dag.py
[2025-01-05T21:22:55.887+0000] {processor.py:743} INFO - Processing file /home/airflow/.local/lib/python3.7/site-packages/airflow/example_dags/example_skip_dag.py for tasks to queue
[2025-01-05T21:22:55.888+0000] {logging_mixin.py:137} INFO - [2025-01-05T21:22:55.888+0000] {dagbag.py:538} INFO - Filling up the DagBag from /home/airflow/.local/lib/python3.7/site-packages/airflow/example_dags/example_skip_dag.py
[2025-01-05T21:22:55.901+0000] {processor.py:753} INFO - DAG(s) dict_keys(['example_skip_dag']) retrieved from /home/airflow/.local/lib/python3.7/site-packages/airflow/example_dags/example_skip_dag.py
[2025-01-05T21:22:55.925+0000] {logging_mixin.py:137} INFO - [2025-01-05T21:22:55.925+0000] {dag.py:2690} INFO - Sync 1 DAGs
[2025-01-05T21:22:55.950+0000] {logging_mixin.py:137} INFO - [2025-01-05T21:22:55.950+0000] {dag.py:3441} INFO - Setting next_dagrun for example_skip_dag to 2025-01-04T21:22:55.949830+00:00, run_after=2025-01-05T21:22:55.949830+00:00
[2025-01-05T21:22:55.969+0000] {processor.py:175} INFO - Processing /home/airflow/.local/lib/python3.7/site-packages/airflow/example_dags/example_skip_dag.py took 0.087 seconds
[2025-01-05T21:23:26.967+0000] {processor.py:153} INFO - Started process (PID=1050) to work on /home/airflow/.local/lib/python3.7/site-packages/airflow/example_dags/example_skip_dag.py
[2025-01-05T21:23:26.968+0000] {processor.py:743} INFO - Processing file /home/airflow/.local/lib/python3.7/site-packages/airflow/example_dags/example_skip_dag.py for tasks to queue
[2025-01-05T21:23:26.969+0000] {logging_mixin.py:137} INFO - [2025-01-05T21:23:26.969+0000] {dagbag.py:538} INFO - Filling up the DagBag from /home/airflow/.local/lib/python3.7/site-packages/airflow/example_dags/example_skip_dag.py
[2025-01-05T21:23:26.991+0000] {processor.py:753} INFO - DAG(s) dict_keys(['example_skip_dag']) retrieved from /home/airflow/.local/lib/python3.7/site-packages/airflow/example_dags/example_skip_dag.py
[2025-01-05T21:23:27.019+0000] {logging_mixin.py:137} INFO - [2025-01-05T21:23:27.019+0000] {dag.py:2690} INFO - Sync 1 DAGs
[2025-01-05T21:23:27.050+0000] {logging_mixin.py:137} INFO - [2025-01-05T21:23:27.050+0000] {dag.py:3441} INFO - Setting next_dagrun for example_skip_dag to 2025-01-04T21:23:27.050407+00:00, run_after=2025-01-05T21:23:27.050407+00:00
[2025-01-05T21:23:27.073+0000] {processor.py:175} INFO - Processing /home/airflow/.local/lib/python3.7/site-packages/airflow/example_dags/example_skip_dag.py took 0.111 seconds
[2025-01-05T21:23:57.615+0000] {processor.py:153} INFO - Started process (PID=1130) to work on /home/airflow/.local/lib/python3.7/site-packages/airflow/example_dags/example_skip_dag.py
[2025-01-05T21:23:57.616+0000] {processor.py:743} INFO - Processing file /home/airflow/.local/lib/python3.7/site-packages/airflow/example_dags/example_skip_dag.py for tasks to queue
[2025-01-05T21:23:57.617+0000] {logging_mixin.py:137} INFO - [2025-01-05T21:23:57.617+0000] {dagbag.py:538} INFO - Filling up the DagBag from /home/airflow/.local/lib/python3.7/site-packages/airflow/example_dags/example_skip_dag.py
[2025-01-05T21:23:57.630+0000] {processor.py:753} INFO - DAG(s) dict_keys(['example_skip_dag']) retrieved from /home/airflow/.local/lib/python3.7/site-packages/airflow/example_dags/example_skip_dag.py
[2025-01-05T21:23:57.653+0000] {logging_mixin.py:137} INFO - [2025-01-05T21:23:57.653+0000] {dag.py:2690} INFO - Sync 1 DAGs
[2025-01-05T21:23:57.677+0000] {logging_mixin.py:137} INFO - [2025-01-05T21:23:57.677+0000] {dag.py:3441} INFO - Setting next_dagrun for example_skip_dag to 2025-01-04T21:23:57.677200+00:00, run_after=2025-01-05T21:23:57.677200+00:00
[2025-01-05T21:23:57.696+0000] {processor.py:175} INFO - Processing /home/airflow/.local/lib/python3.7/site-packages/airflow/example_dags/example_skip_dag.py took 0.083 seconds
[2025-01-05T21:24:28.297+0000] {processor.py:153} INFO - Started process (PID=1230) to work on /home/airflow/.local/lib/python3.7/site-packages/airflow/example_dags/example_skip_dag.py
[2025-01-05T21:24:28.298+0000] {processor.py:743} INFO - Processing file /home/airflow/.local/lib/python3.7/site-packages/airflow/example_dags/example_skip_dag.py for tasks to queue
[2025-01-05T21:24:28.299+0000] {logging_mixin.py:137} INFO - [2025-01-05T21:24:28.299+0000] {dagbag.py:538} INFO - Filling up the DagBag from /home/airflow/.local/lib/python3.7/site-packages/airflow/example_dags/example_skip_dag.py
[2025-01-05T21:24:28.314+0000] {processor.py:753} INFO - DAG(s) dict_keys(['example_skip_dag']) retrieved from /home/airflow/.local/lib/python3.7/site-packages/airflow/example_dags/example_skip_dag.py
[2025-01-05T21:24:28.340+0000] {logging_mixin.py:137} INFO - [2025-01-05T21:24:28.340+0000] {dag.py:2690} INFO - Sync 1 DAGs
[2025-01-05T21:24:28.367+0000] {logging_mixin.py:137} INFO - [2025-01-05T21:24:28.367+0000] {dag.py:3441} INFO - Setting next_dagrun for example_skip_dag to 2025-01-04T21:24:28.367396+00:00, run_after=2025-01-05T21:24:28.367396+00:00
[2025-01-05T21:24:28.386+0000] {processor.py:175} INFO - Processing /home/airflow/.local/lib/python3.7/site-packages/airflow/example_dags/example_skip_dag.py took 0.092 seconds
[2025-01-05T21:24:58.995+0000] {processor.py:153} INFO - Started process (PID=1311) to work on /home/airflow/.local/lib/python3.7/site-packages/airflow/example_dags/example_skip_dag.py
[2025-01-05T21:24:58.996+0000] {processor.py:743} INFO - Processing file /home/airflow/.local/lib/python3.7/site-packages/airflow/example_dags/example_skip_dag.py for tasks to queue
[2025-01-05T21:24:58.997+0000] {logging_mixin.py:137} INFO - [2025-01-05T21:24:58.997+0000] {dagbag.py:538} INFO - Filling up the DagBag from /home/airflow/.local/lib/python3.7/site-packages/airflow/example_dags/example_skip_dag.py
[2025-01-05T21:24:59.010+0000] {processor.py:753} INFO - DAG(s) dict_keys(['example_skip_dag']) retrieved from /home/airflow/.local/lib/python3.7/site-packages/airflow/example_dags/example_skip_dag.py
[2025-01-05T21:24:59.034+0000] {logging_mixin.py:137} INFO - [2025-01-05T21:24:59.034+0000] {dag.py:2690} INFO - Sync 1 DAGs
[2025-01-05T21:24:59.058+0000] {logging_mixin.py:137} INFO - [2025-01-05T21:24:59.058+0000] {dag.py:3441} INFO - Setting next_dagrun for example_skip_dag to 2025-01-04T21:24:59.057805+00:00, run_after=2025-01-05T21:24:59.057805+00:00
[2025-01-05T21:24:59.077+0000] {processor.py:175} INFO - Processing /home/airflow/.local/lib/python3.7/site-packages/airflow/example_dags/example_skip_dag.py took 0.085 seconds
[2025-01-05T21:25:29.855+0000] {processor.py:153} INFO - Started process (PID=1411) to work on /home/airflow/.local/lib/python3.7/site-packages/airflow/example_dags/example_skip_dag.py
[2025-01-05T21:25:29.856+0000] {processor.py:743} INFO - Processing file /home/airflow/.local/lib/python3.7/site-packages/airflow/example_dags/example_skip_dag.py for tasks to queue
[2025-01-05T21:25:29.857+0000] {logging_mixin.py:137} INFO - [2025-01-05T21:25:29.857+0000] {dagbag.py:538} INFO - Filling up the DagBag from /home/airflow/.local/lib/python3.7/site-packages/airflow/example_dags/example_skip_dag.py
[2025-01-05T21:25:29.875+0000] {processor.py:753} INFO - DAG(s) dict_keys(['example_skip_dag']) retrieved from /home/airflow/.local/lib/python3.7/site-packages/airflow/example_dags/example_skip_dag.py
[2025-01-05T21:25:29.964+0000] {logging_mixin.py:137} INFO - [2025-01-05T21:25:29.963+0000] {dag.py:2690} INFO - Sync 1 DAGs
[2025-01-05T21:25:30.011+0000] {logging_mixin.py:137} INFO - [2025-01-05T21:25:30.011+0000] {dag.py:3441} INFO - Setting next_dagrun for example_skip_dag to 2025-01-04T21:25:30.010935+00:00, run_after=2025-01-05T21:25:30.010935+00:00
[2025-01-05T21:25:30.031+0000] {processor.py:175} INFO - Processing /home/airflow/.local/lib/python3.7/site-packages/airflow/example_dags/example_skip_dag.py took 0.180 seconds
[2025-01-05T21:26:00.253+0000] {processor.py:153} INFO - Started process (PID=1491) to work on /home/airflow/.local/lib/python3.7/site-packages/airflow/example_dags/example_skip_dag.py
[2025-01-05T21:26:00.254+0000] {processor.py:743} INFO - Processing file /home/airflow/.local/lib/python3.7/site-packages/airflow/example_dags/example_skip_dag.py for tasks to queue
[2025-01-05T21:26:00.255+0000] {logging_mixin.py:137} INFO - [2025-01-05T21:26:00.255+0000] {dagbag.py:538} INFO - Filling up the DagBag from /home/airflow/.local/lib/python3.7/site-packages/airflow/example_dags/example_skip_dag.py
[2025-01-05T21:26:00.268+0000] {processor.py:753} INFO - DAG(s) dict_keys(['example_skip_dag']) retrieved from /home/airflow/.local/lib/python3.7/site-packages/airflow/example_dags/example_skip_dag.py
[2025-01-05T21:26:00.295+0000] {logging_mixin.py:137} INFO - [2025-01-05T21:26:00.295+0000] {dag.py:2690} INFO - Sync 1 DAGs
[2025-01-05T21:26:00.331+0000] {logging_mixin.py:137} INFO - [2025-01-05T21:26:00.331+0000] {dag.py:3441} INFO - Setting next_dagrun for example_skip_dag to 2025-01-04T21:26:00.331185+00:00, run_after=2025-01-05T21:26:00.331185+00:00
[2025-01-05T21:26:00.369+0000] {processor.py:175} INFO - Processing /home/airflow/.local/lib/python3.7/site-packages/airflow/example_dags/example_skip_dag.py took 0.118 seconds
[2025-01-05T21:26:31.041+0000] {processor.py:153} INFO - Started process (PID=1580) to work on /home/airflow/.local/lib/python3.7/site-packages/airflow/example_dags/example_skip_dag.py
[2025-01-05T21:26:31.042+0000] {processor.py:743} INFO - Processing file /home/airflow/.local/lib/python3.7/site-packages/airflow/example_dags/example_skip_dag.py for tasks to queue
[2025-01-05T21:26:31.043+0000] {logging_mixin.py:137} INFO - [2025-01-05T21:26:31.043+0000] {dagbag.py:538} INFO - Filling up the DagBag from /home/airflow/.local/lib/python3.7/site-packages/airflow/example_dags/example_skip_dag.py
[2025-01-05T21:26:31.058+0000] {processor.py:753} INFO - DAG(s) dict_keys(['example_skip_dag']) retrieved from /home/airflow/.local/lib/python3.7/site-packages/airflow/example_dags/example_skip_dag.py
[2025-01-05T21:26:31.083+0000] {logging_mixin.py:137} INFO - [2025-01-05T21:26:31.083+0000] {dag.py:2690} INFO - Sync 1 DAGs
[2025-01-05T21:26:31.113+0000] {logging_mixin.py:137} INFO - [2025-01-05T21:26:31.113+0000] {dag.py:3441} INFO - Setting next_dagrun for example_skip_dag to 2025-01-04T21:26:31.113531+00:00, run_after=2025-01-05T21:26:31.113531+00:00
[2025-01-05T21:26:31.136+0000] {processor.py:175} INFO - Processing /home/airflow/.local/lib/python3.7/site-packages/airflow/example_dags/example_skip_dag.py took 0.098 seconds
[2025-01-05T21:27:01.894+0000] {processor.py:153} INFO - Started process (PID=1670) to work on /home/airflow/.local/lib/python3.7/site-packages/airflow/example_dags/example_skip_dag.py
[2025-01-05T21:27:01.895+0000] {processor.py:743} INFO - Processing file /home/airflow/.local/lib/python3.7/site-packages/airflow/example_dags/example_skip_dag.py for tasks to queue
[2025-01-05T21:27:01.896+0000] {logging_mixin.py:137} INFO - [2025-01-05T21:27:01.896+0000] {dagbag.py:538} INFO - Filling up the DagBag from /home/airflow/.local/lib/python3.7/site-packages/airflow/example_dags/example_skip_dag.py
[2025-01-05T21:27:01.911+0000] {processor.py:753} INFO - DAG(s) dict_keys(['example_skip_dag']) retrieved from /home/airflow/.local/lib/python3.7/site-packages/airflow/example_dags/example_skip_dag.py
[2025-01-05T21:27:01.934+0000] {logging_mixin.py:137} INFO - [2025-01-05T21:27:01.934+0000] {dag.py:2690} INFO - Sync 1 DAGs
[2025-01-05T21:27:01.959+0000] {logging_mixin.py:137} INFO - [2025-01-05T21:27:01.959+0000] {dag.py:3441} INFO - Setting next_dagrun for example_skip_dag to 2025-01-04T21:27:01.958824+00:00, run_after=2025-01-05T21:27:01.958824+00:00
[2025-01-05T21:27:01.978+0000] {processor.py:175} INFO - Processing /home/airflow/.local/lib/python3.7/site-packages/airflow/example_dags/example_skip_dag.py took 0.086 seconds
[2025-01-05T21:27:32.629+0000] {processor.py:153} INFO - Started process (PID=1757) to work on /home/airflow/.local/lib/python3.7/site-packages/airflow/example_dags/example_skip_dag.py
[2025-01-05T21:27:32.630+0000] {processor.py:743} INFO - Processing file /home/airflow/.local/lib/python3.7/site-packages/airflow/example_dags/example_skip_dag.py for tasks to queue
[2025-01-05T21:27:32.631+0000] {logging_mixin.py:137} INFO - [2025-01-05T21:27:32.631+0000] {dagbag.py:538} INFO - Filling up the DagBag from /home/airflow/.local/lib/python3.7/site-packages/airflow/example_dags/example_skip_dag.py
[2025-01-05T21:27:32.648+0000] {processor.py:753} INFO - DAG(s) dict_keys(['example_skip_dag']) retrieved from /home/airflow/.local/lib/python3.7/site-packages/airflow/example_dags/example_skip_dag.py
[2025-01-05T21:27:32.675+0000] {logging_mixin.py:137} INFO - [2025-01-05T21:27:32.675+0000] {dag.py:2690} INFO - Sync 1 DAGs
[2025-01-05T21:27:32.700+0000] {logging_mixin.py:137} INFO - [2025-01-05T21:27:32.700+0000] {dag.py:3441} INFO - Setting next_dagrun for example_skip_dag to 2025-01-04T21:27:32.700264+00:00, run_after=2025-01-05T21:27:32.700264+00:00
[2025-01-05T21:27:32.718+0000] {processor.py:175} INFO - Processing /home/airflow/.local/lib/python3.7/site-packages/airflow/example_dags/example_skip_dag.py took 0.092 seconds
[2025-01-05T21:28:03.369+0000] {processor.py:153} INFO - Started process (PID=1850) to work on /home/airflow/.local/lib/python3.7/site-packages/airflow/example_dags/example_skip_dag.py
[2025-01-05T21:28:03.370+0000] {processor.py:743} INFO - Processing file /home/airflow/.local/lib/python3.7/site-packages/airflow/example_dags/example_skip_dag.py for tasks to queue
[2025-01-05T21:28:03.371+0000] {logging_mixin.py:137} INFO - [2025-01-05T21:28:03.371+0000] {dagbag.py:538} INFO - Filling up the DagBag from /home/airflow/.local/lib/python3.7/site-packages/airflow/example_dags/example_skip_dag.py
[2025-01-05T21:28:03.384+0000] {processor.py:753} INFO - DAG(s) dict_keys(['example_skip_dag']) retrieved from /home/airflow/.local/lib/python3.7/site-packages/airflow/example_dags/example_skip_dag.py
[2025-01-05T21:28:03.414+0000] {logging_mixin.py:137} INFO - [2025-01-05T21:28:03.414+0000] {dag.py:2690} INFO - Sync 1 DAGs
[2025-01-05T21:28:03.441+0000] {logging_mixin.py:137} INFO - [2025-01-05T21:28:03.441+0000] {dag.py:3441} INFO - Setting next_dagrun for example_skip_dag to 2025-01-04T21:28:03.440804+00:00, run_after=2025-01-05T21:28:03.440804+00:00
[2025-01-05T21:28:03.467+0000] {processor.py:175} INFO - Processing /home/airflow/.local/lib/python3.7/site-packages/airflow/example_dags/example_skip_dag.py took 0.100 seconds
[2025-01-05T21:28:33.638+0000] {processor.py:153} INFO - Started process (PID=1930) to work on /home/airflow/.local/lib/python3.7/site-packages/airflow/example_dags/example_skip_dag.py
[2025-01-05T21:28:33.639+0000] {processor.py:743} INFO - Processing file /home/airflow/.local/lib/python3.7/site-packages/airflow/example_dags/example_skip_dag.py for tasks to queue
[2025-01-05T21:28:33.640+0000] {logging_mixin.py:137} INFO - [2025-01-05T21:28:33.640+0000] {dagbag.py:538} INFO - Filling up the DagBag from /home/airflow/.local/lib/python3.7/site-packages/airflow/example_dags/example_skip_dag.py
[2025-01-05T21:28:33.655+0000] {processor.py:753} INFO - DAG(s) dict_keys(['example_skip_dag']) retrieved from /home/airflow/.local/lib/python3.7/site-packages/airflow/example_dags/example_skip_dag.py
[2025-01-05T21:28:33.680+0000] {logging_mixin.py:137} INFO - [2025-01-05T21:28:33.680+0000] {dag.py:2690} INFO - Sync 1 DAGs
[2025-01-05T21:28:33.706+0000] {logging_mixin.py:137} INFO - [2025-01-05T21:28:33.706+0000] {dag.py:3441} INFO - Setting next_dagrun for example_skip_dag to 2025-01-04T21:28:33.706123+00:00, run_after=2025-01-05T21:28:33.706123+00:00
[2025-01-05T21:28:33.729+0000] {processor.py:175} INFO - Processing /home/airflow/.local/lib/python3.7/site-packages/airflow/example_dags/example_skip_dag.py took 0.094 seconds
[2025-01-05T21:29:04.684+0000] {processor.py:153} INFO - Started process (PID=2030) to work on /home/airflow/.local/lib/python3.7/site-packages/airflow/example_dags/example_skip_dag.py
[2025-01-05T21:29:04.685+0000] {processor.py:743} INFO - Processing file /home/airflow/.local/lib/python3.7/site-packages/airflow/example_dags/example_skip_dag.py for tasks to queue
[2025-01-05T21:29:04.686+0000] {logging_mixin.py:137} INFO - [2025-01-05T21:29:04.685+0000] {dagbag.py:538} INFO - Filling up the DagBag from /home/airflow/.local/lib/python3.7/site-packages/airflow/example_dags/example_skip_dag.py
[2025-01-05T21:29:04.699+0000] {processor.py:753} INFO - DAG(s) dict_keys(['example_skip_dag']) retrieved from /home/airflow/.local/lib/python3.7/site-packages/airflow/example_dags/example_skip_dag.py
[2025-01-05T21:29:04.724+0000] {logging_mixin.py:137} INFO - [2025-01-05T21:29:04.723+0000] {dag.py:2690} INFO - Sync 1 DAGs
[2025-01-05T21:29:04.748+0000] {logging_mixin.py:137} INFO - [2025-01-05T21:29:04.748+0000] {dag.py:3441} INFO - Setting next_dagrun for example_skip_dag to 2025-01-04T21:29:04.748165+00:00, run_after=2025-01-05T21:29:04.748165+00:00
[2025-01-05T21:29:04.768+0000] {processor.py:175} INFO - Processing /home/airflow/.local/lib/python3.7/site-packages/airflow/example_dags/example_skip_dag.py took 0.087 seconds
[2025-01-05T21:29:35.688+0000] {processor.py:153} INFO - Started process (PID=2110) to work on /home/airflow/.local/lib/python3.7/site-packages/airflow/example_dags/example_skip_dag.py
[2025-01-05T21:29:35.689+0000] {processor.py:743} INFO - Processing file /home/airflow/.local/lib/python3.7/site-packages/airflow/example_dags/example_skip_dag.py for tasks to queue
[2025-01-05T21:29:35.690+0000] {logging_mixin.py:137} INFO - [2025-01-05T21:29:35.690+0000] {dagbag.py:538} INFO - Filling up the DagBag from /home/airflow/.local/lib/python3.7/site-packages/airflow/example_dags/example_skip_dag.py
[2025-01-05T21:29:35.713+0000] {processor.py:753} INFO - DAG(s) dict_keys(['example_skip_dag']) retrieved from /home/airflow/.local/lib/python3.7/site-packages/airflow/example_dags/example_skip_dag.py
[2025-01-05T21:29:35.756+0000] {logging_mixin.py:137} INFO - [2025-01-05T21:29:35.756+0000] {dag.py:2690} INFO - Sync 1 DAGs
[2025-01-05T21:29:35.796+0000] {logging_mixin.py:137} INFO - [2025-01-05T21:29:35.796+0000] {dag.py:3441} INFO - Setting next_dagrun for example_skip_dag to 2025-01-04T21:29:35.796021+00:00, run_after=2025-01-05T21:29:35.796021+00:00
[2025-01-05T21:29:35.832+0000] {processor.py:175} INFO - Processing /home/airflow/.local/lib/python3.7/site-packages/airflow/example_dags/example_skip_dag.py took 0.149 seconds
[2025-01-05T21:30:06.242+0000] {processor.py:153} INFO - Started process (PID=2210) to work on /home/airflow/.local/lib/python3.7/site-packages/airflow/example_dags/example_skip_dag.py
[2025-01-05T21:30:06.243+0000] {processor.py:743} INFO - Processing file /home/airflow/.local/lib/python3.7/site-packages/airflow/example_dags/example_skip_dag.py for tasks to queue
[2025-01-05T21:30:06.244+0000] {logging_mixin.py:137} INFO - [2025-01-05T21:30:06.244+0000] {dagbag.py:538} INFO - Filling up the DagBag from /home/airflow/.local/lib/python3.7/site-packages/airflow/example_dags/example_skip_dag.py
[2025-01-05T21:30:06.263+0000] {processor.py:753} INFO - DAG(s) dict_keys(['example_skip_dag']) retrieved from /home/airflow/.local/lib/python3.7/site-packages/airflow/example_dags/example_skip_dag.py
[2025-01-05T21:30:06.298+0000] {logging_mixin.py:137} INFO - [2025-01-05T21:30:06.298+0000] {dag.py:2690} INFO - Sync 1 DAGs
[2025-01-05T21:30:06.348+0000] {logging_mixin.py:137} INFO - [2025-01-05T21:30:06.348+0000] {dag.py:3441} INFO - Setting next_dagrun for example_skip_dag to 2025-01-04T21:30:06.347940+00:00, run_after=2025-01-05T21:30:06.347940+00:00
[2025-01-05T21:30:06.374+0000] {processor.py:175} INFO - Processing /home/airflow/.local/lib/python3.7/site-packages/airflow/example_dags/example_skip_dag.py took 0.136 seconds
[2025-01-05T21:30:37.002+0000] {processor.py:153} INFO - Started process (PID=2290) to work on /home/airflow/.local/lib/python3.7/site-packages/airflow/example_dags/example_skip_dag.py
[2025-01-05T21:30:37.003+0000] {processor.py:743} INFO - Processing file /home/airflow/.local/lib/python3.7/site-packages/airflow/example_dags/example_skip_dag.py for tasks to queue
[2025-01-05T21:30:37.004+0000] {logging_mixin.py:137} INFO - [2025-01-05T21:30:37.004+0000] {dagbag.py:538} INFO - Filling up the DagBag from /home/airflow/.local/lib/python3.7/site-packages/airflow/example_dags/example_skip_dag.py
[2025-01-05T21:30:37.025+0000] {processor.py:753} INFO - DAG(s) dict_keys(['example_skip_dag']) retrieved from /home/airflow/.local/lib/python3.7/site-packages/airflow/example_dags/example_skip_dag.py
[2025-01-05T21:30:37.065+0000] {logging_mixin.py:137} INFO - [2025-01-05T21:30:37.064+0000] {dag.py:2690} INFO - Sync 1 DAGs
[2025-01-05T21:30:37.113+0000] {logging_mixin.py:137} INFO - [2025-01-05T21:30:37.113+0000] {dag.py:3441} INFO - Setting next_dagrun for example_skip_dag to 2025-01-04T21:30:37.113350+00:00, run_after=2025-01-05T21:30:37.113350+00:00
[2025-01-05T21:30:37.146+0000] {processor.py:175} INFO - Processing /home/airflow/.local/lib/python3.7/site-packages/airflow/example_dags/example_skip_dag.py took 0.149 seconds
[2025-01-05T21:31:07.335+0000] {processor.py:153} INFO - Started process (PID=2381) to work on /home/airflow/.local/lib/python3.7/site-packages/airflow/example_dags/example_skip_dag.py
[2025-01-05T21:31:07.336+0000] {processor.py:743} INFO - Processing file /home/airflow/.local/lib/python3.7/site-packages/airflow/example_dags/example_skip_dag.py for tasks to queue
[2025-01-05T21:31:07.336+0000] {logging_mixin.py:137} INFO - [2025-01-05T21:31:07.336+0000] {dagbag.py:538} INFO - Filling up the DagBag from /home/airflow/.local/lib/python3.7/site-packages/airflow/example_dags/example_skip_dag.py
[2025-01-05T21:31:07.352+0000] {processor.py:753} INFO - DAG(s) dict_keys(['example_skip_dag']) retrieved from /home/airflow/.local/lib/python3.7/site-packages/airflow/example_dags/example_skip_dag.py
[2025-01-05T21:31:07.381+0000] {logging_mixin.py:137} INFO - [2025-01-05T21:31:07.381+0000] {dag.py:2690} INFO - Sync 1 DAGs
[2025-01-05T21:31:07.411+0000] {logging_mixin.py:137} INFO - [2025-01-05T21:31:07.411+0000] {dag.py:3441} INFO - Setting next_dagrun for example_skip_dag to 2025-01-04T21:31:07.411036+00:00, run_after=2025-01-05T21:31:07.411036+00:00
[2025-01-05T21:31:07.434+0000] {processor.py:175} INFO - Processing /home/airflow/.local/lib/python3.7/site-packages/airflow/example_dags/example_skip_dag.py took 0.102 seconds
[2025-01-05T21:31:37.627+0000] {processor.py:153} INFO - Started process (PID=2478) to work on /home/airflow/.local/lib/python3.7/site-packages/airflow/example_dags/example_skip_dag.py
[2025-01-05T21:31:37.628+0000] {processor.py:743} INFO - Processing file /home/airflow/.local/lib/python3.7/site-packages/airflow/example_dags/example_skip_dag.py for tasks to queue
[2025-01-05T21:31:37.629+0000] {logging_mixin.py:137} INFO - [2025-01-05T21:31:37.629+0000] {dagbag.py:538} INFO - Filling up the DagBag from /home/airflow/.local/lib/python3.7/site-packages/airflow/example_dags/example_skip_dag.py
[2025-01-05T21:31:37.645+0000] {processor.py:753} INFO - DAG(s) dict_keys(['example_skip_dag']) retrieved from /home/airflow/.local/lib/python3.7/site-packages/airflow/example_dags/example_skip_dag.py
[2025-01-05T21:31:37.675+0000] {logging_mixin.py:137} INFO - [2025-01-05T21:31:37.675+0000] {dag.py:2690} INFO - Sync 1 DAGs
[2025-01-05T21:31:37.707+0000] {logging_mixin.py:137} INFO - [2025-01-05T21:31:37.707+0000] {dag.py:3441} INFO - Setting next_dagrun for example_skip_dag to 2025-01-04T21:31:37.707242+00:00, run_after=2025-01-05T21:31:37.707242+00:00
[2025-01-05T21:31:37.732+0000] {processor.py:175} INFO - Processing /home/airflow/.local/lib/python3.7/site-packages/airflow/example_dags/example_skip_dag.py took 0.109 seconds
[2025-01-05T21:32:08.309+0000] {processor.py:153} INFO - Started process (PID=2558) to work on /home/airflow/.local/lib/python3.7/site-packages/airflow/example_dags/example_skip_dag.py
[2025-01-05T21:32:08.310+0000] {processor.py:743} INFO - Processing file /home/airflow/.local/lib/python3.7/site-packages/airflow/example_dags/example_skip_dag.py for tasks to queue
[2025-01-05T21:32:08.311+0000] {logging_mixin.py:137} INFO - [2025-01-05T21:32:08.311+0000] {dagbag.py:538} INFO - Filling up the DagBag from /home/airflow/.local/lib/python3.7/site-packages/airflow/example_dags/example_skip_dag.py
[2025-01-05T21:32:08.330+0000] {processor.py:753} INFO - DAG(s) dict_keys(['example_skip_dag']) retrieved from /home/airflow/.local/lib/python3.7/site-packages/airflow/example_dags/example_skip_dag.py
[2025-01-05T21:32:08.361+0000] {logging_mixin.py:137} INFO - [2025-01-05T21:32:08.361+0000] {dag.py:2690} INFO - Sync 1 DAGs
[2025-01-05T21:32:08.397+0000] {logging_mixin.py:137} INFO - [2025-01-05T21:32:08.397+0000] {dag.py:3441} INFO - Setting next_dagrun for example_skip_dag to 2025-01-04T21:32:08.396882+00:00, run_after=2025-01-05T21:32:08.396882+00:00
[2025-01-05T21:32:08.421+0000] {processor.py:175} INFO - Processing /home/airflow/.local/lib/python3.7/site-packages/airflow/example_dags/example_skip_dag.py took 0.116 seconds
[2025-01-05T21:32:38.663+0000] {processor.py:153} INFO - Started process (PID=2639) to work on /home/airflow/.local/lib/python3.7/site-packages/airflow/example_dags/example_skip_dag.py
[2025-01-05T21:32:38.665+0000] {processor.py:743} INFO - Processing file /home/airflow/.local/lib/python3.7/site-packages/airflow/example_dags/example_skip_dag.py for tasks to queue
[2025-01-05T21:32:38.667+0000] {logging_mixin.py:137} INFO - [2025-01-05T21:32:38.666+0000] {dagbag.py:538} INFO - Filling up the DagBag from /home/airflow/.local/lib/python3.7/site-packages/airflow/example_dags/example_skip_dag.py
[2025-01-05T21:32:38.684+0000] {processor.py:753} INFO - DAG(s) dict_keys(['example_skip_dag']) retrieved from /home/airflow/.local/lib/python3.7/site-packages/airflow/example_dags/example_skip_dag.py
[2025-01-05T21:32:38.719+0000] {logging_mixin.py:137} INFO - [2025-01-05T21:32:38.719+0000] {dag.py:2690} INFO - Sync 1 DAGs
[2025-01-05T21:32:38.764+0000] {logging_mixin.py:137} INFO - [2025-01-05T21:32:38.764+0000] {dag.py:3441} INFO - Setting next_dagrun for example_skip_dag to 2025-01-04T21:32:38.764103+00:00, run_after=2025-01-05T21:32:38.764103+00:00
[2025-01-05T21:32:38.798+0000] {processor.py:175} INFO - Processing /home/airflow/.local/lib/python3.7/site-packages/airflow/example_dags/example_skip_dag.py took 0.139 seconds
[2025-01-05T21:33:09.774+0000] {processor.py:153} INFO - Started process (PID=2739) to work on /home/airflow/.local/lib/python3.7/site-packages/airflow/example_dags/example_skip_dag.py
[2025-01-05T21:33:09.775+0000] {processor.py:743} INFO - Processing file /home/airflow/.local/lib/python3.7/site-packages/airflow/example_dags/example_skip_dag.py for tasks to queue
[2025-01-05T21:33:09.776+0000] {logging_mixin.py:137} INFO - [2025-01-05T21:33:09.776+0000] {dagbag.py:538} INFO - Filling up the DagBag from /home/airflow/.local/lib/python3.7/site-packages/airflow/example_dags/example_skip_dag.py
[2025-01-05T21:33:09.799+0000] {processor.py:753} INFO - DAG(s) dict_keys(['example_skip_dag']) retrieved from /home/airflow/.local/lib/python3.7/site-packages/airflow/example_dags/example_skip_dag.py
[2025-01-05T21:33:09.830+0000] {logging_mixin.py:137} INFO - [2025-01-05T21:33:09.830+0000] {dag.py:2690} INFO - Sync 1 DAGs
[2025-01-05T21:33:09.864+0000] {logging_mixin.py:137} INFO - [2025-01-05T21:33:09.864+0000] {dag.py:3441} INFO - Setting next_dagrun for example_skip_dag to 2025-01-04T21:33:09.864322+00:00, run_after=2025-01-05T21:33:09.864322+00:00
[2025-01-05T21:33:09.891+0000] {processor.py:175} INFO - Processing /home/airflow/.local/lib/python3.7/site-packages/airflow/example_dags/example_skip_dag.py took 0.121 seconds
[2025-01-05T21:33:40.014+0000] {processor.py:153} INFO - Started process (PID=2818) to work on /home/airflow/.local/lib/python3.7/site-packages/airflow/example_dags/example_skip_dag.py
[2025-01-05T21:33:40.015+0000] {processor.py:743} INFO - Processing file /home/airflow/.local/lib/python3.7/site-packages/airflow/example_dags/example_skip_dag.py for tasks to queue
[2025-01-05T21:33:40.016+0000] {logging_mixin.py:137} INFO - [2025-01-05T21:33:40.016+0000] {dagbag.py:538} INFO - Filling up the DagBag from /home/airflow/.local/lib/python3.7/site-packages/airflow/example_dags/example_skip_dag.py
[2025-01-05T21:33:40.031+0000] {processor.py:753} INFO - DAG(s) dict_keys(['example_skip_dag']) retrieved from /home/airflow/.local/lib/python3.7/site-packages/airflow/example_dags/example_skip_dag.py
[2025-01-05T21:33:40.057+0000] {logging_mixin.py:137} INFO - [2025-01-05T21:33:40.057+0000] {dag.py:2690} INFO - Sync 1 DAGs
[2025-01-05T21:33:40.086+0000] {logging_mixin.py:137} INFO - [2025-01-05T21:33:40.086+0000] {dag.py:3441} INFO - Setting next_dagrun for example_skip_dag to 2025-01-04T21:33:40.086243+00:00, run_after=2025-01-05T21:33:40.086243+00:00
[2025-01-05T21:33:40.110+0000] {processor.py:175} INFO - Processing /home/airflow/.local/lib/python3.7/site-packages/airflow/example_dags/example_skip_dag.py took 0.098 seconds
[2025-01-05T21:34:10.315+0000] {processor.py:153} INFO - Started process (PID=2898) to work on /home/airflow/.local/lib/python3.7/site-packages/airflow/example_dags/example_skip_dag.py
[2025-01-05T21:34:10.316+0000] {processor.py:743} INFO - Processing file /home/airflow/.local/lib/python3.7/site-packages/airflow/example_dags/example_skip_dag.py for tasks to queue
[2025-01-05T21:34:10.317+0000] {logging_mixin.py:137} INFO - [2025-01-05T21:34:10.317+0000] {dagbag.py:538} INFO - Filling up the DagBag from /home/airflow/.local/lib/python3.7/site-packages/airflow/example_dags/example_skip_dag.py
[2025-01-05T21:34:10.332+0000] {processor.py:753} INFO - DAG(s) dict_keys(['example_skip_dag']) retrieved from /home/airflow/.local/lib/python3.7/site-packages/airflow/example_dags/example_skip_dag.py
[2025-01-05T21:34:10.360+0000] {logging_mixin.py:137} INFO - [2025-01-05T21:34:10.360+0000] {dag.py:2690} INFO - Sync 1 DAGs
[2025-01-05T21:34:10.388+0000] {logging_mixin.py:137} INFO - [2025-01-05T21:34:10.388+0000] {dag.py:3441} INFO - Setting next_dagrun for example_skip_dag to 2025-01-04T21:34:10.388357+00:00, run_after=2025-01-05T21:34:10.388357+00:00
[2025-01-05T21:34:10.410+0000] {processor.py:175} INFO - Processing /home/airflow/.local/lib/python3.7/site-packages/airflow/example_dags/example_skip_dag.py took 0.099 seconds
[2025-01-05T21:34:41.437+0000] {processor.py:153} INFO - Started process (PID=2998) to work on /home/airflow/.local/lib/python3.7/site-packages/airflow/example_dags/example_skip_dag.py
[2025-01-05T21:34:41.439+0000] {processor.py:743} INFO - Processing file /home/airflow/.local/lib/python3.7/site-packages/airflow/example_dags/example_skip_dag.py for tasks to queue
[2025-01-05T21:34:41.440+0000] {logging_mixin.py:137} INFO - [2025-01-05T21:34:41.440+0000] {dagbag.py:538} INFO - Filling up the DagBag from /home/airflow/.local/lib/python3.7/site-packages/airflow/example_dags/example_skip_dag.py
[2025-01-05T21:34:41.456+0000] {processor.py:753} INFO - DAG(s) dict_keys(['example_skip_dag']) retrieved from /home/airflow/.local/lib/python3.7/site-packages/airflow/example_dags/example_skip_dag.py
[2025-01-05T21:34:41.485+0000] {logging_mixin.py:137} INFO - [2025-01-05T21:34:41.484+0000] {dag.py:2690} INFO - Sync 1 DAGs
[2025-01-05T21:34:41.526+0000] {logging_mixin.py:137} INFO - [2025-01-05T21:34:41.526+0000] {dag.py:3441} INFO - Setting next_dagrun for example_skip_dag to 2025-01-04T21:34:41.526333+00:00, run_after=2025-01-05T21:34:41.526333+00:00
[2025-01-05T21:34:41.551+0000] {processor.py:175} INFO - Processing /home/airflow/.local/lib/python3.7/site-packages/airflow/example_dags/example_skip_dag.py took 0.117 seconds
[2025-01-05T21:35:11.739+0000] {processor.py:153} INFO - Started process (PID=3078) to work on /home/airflow/.local/lib/python3.7/site-packages/airflow/example_dags/example_skip_dag.py
[2025-01-05T21:35:11.740+0000] {processor.py:743} INFO - Processing file /home/airflow/.local/lib/python3.7/site-packages/airflow/example_dags/example_skip_dag.py for tasks to queue
[2025-01-05T21:35:11.741+0000] {logging_mixin.py:137} INFO - [2025-01-05T21:35:11.741+0000] {dagbag.py:538} INFO - Filling up the DagBag from /home/airflow/.local/lib/python3.7/site-packages/airflow/example_dags/example_skip_dag.py
[2025-01-05T21:35:11.754+0000] {processor.py:753} INFO - DAG(s) dict_keys(['example_skip_dag']) retrieved from /home/airflow/.local/lib/python3.7/site-packages/airflow/example_dags/example_skip_dag.py
[2025-01-05T21:35:11.782+0000] {logging_mixin.py:137} INFO - [2025-01-05T21:35:11.782+0000] {dag.py:2690} INFO - Sync 1 DAGs
[2025-01-05T21:35:11.813+0000] {logging_mixin.py:137} INFO - [2025-01-05T21:35:11.813+0000] {dag.py:3441} INFO - Setting next_dagrun for example_skip_dag to 2025-01-04T21:35:11.813112+00:00, run_after=2025-01-05T21:35:11.813112+00:00
[2025-01-05T21:35:11.838+0000] {processor.py:175} INFO - Processing /home/airflow/.local/lib/python3.7/site-packages/airflow/example_dags/example_skip_dag.py took 0.102 seconds
[2025-01-05T21:35:42.044+0000] {processor.py:153} INFO - Started process (PID=3159) to work on /home/airflow/.local/lib/python3.7/site-packages/airflow/example_dags/example_skip_dag.py
[2025-01-05T21:35:42.045+0000] {processor.py:743} INFO - Processing file /home/airflow/.local/lib/python3.7/site-packages/airflow/example_dags/example_skip_dag.py for tasks to queue
[2025-01-05T21:35:42.046+0000] {logging_mixin.py:137} INFO - [2025-01-05T21:35:42.046+0000] {dagbag.py:538} INFO - Filling up the DagBag from /home/airflow/.local/lib/python3.7/site-packages/airflow/example_dags/example_skip_dag.py
[2025-01-05T21:35:42.063+0000] {processor.py:753} INFO - DAG(s) dict_keys(['example_skip_dag']) retrieved from /home/airflow/.local/lib/python3.7/site-packages/airflow/example_dags/example_skip_dag.py
[2025-01-05T21:35:42.098+0000] {logging_mixin.py:137} INFO - [2025-01-05T21:35:42.097+0000] {dag.py:2690} INFO - Sync 1 DAGs
[2025-01-05T21:35:42.132+0000] {logging_mixin.py:137} INFO - [2025-01-05T21:35:42.132+0000] {dag.py:3441} INFO - Setting next_dagrun for example_skip_dag to 2025-01-04T21:35:42.132581+00:00, run_after=2025-01-05T21:35:42.132581+00:00
[2025-01-05T21:35:42.156+0000] {processor.py:175} INFO - Processing /home/airflow/.local/lib/python3.7/site-packages/airflow/example_dags/example_skip_dag.py took 0.115 seconds
[2025-01-05T21:36:12.465+0000] {processor.py:153} INFO - Started process (PID=3260) to work on /home/airflow/.local/lib/python3.7/site-packages/airflow/example_dags/example_skip_dag.py
[2025-01-05T21:36:12.467+0000] {processor.py:743} INFO - Processing file /home/airflow/.local/lib/python3.7/site-packages/airflow/example_dags/example_skip_dag.py for tasks to queue
[2025-01-05T21:36:12.468+0000] {logging_mixin.py:137} INFO - [2025-01-05T21:36:12.467+0000] {dagbag.py:538} INFO - Filling up the DagBag from /home/airflow/.local/lib/python3.7/site-packages/airflow/example_dags/example_skip_dag.py
[2025-01-05T21:36:12.484+0000] {processor.py:753} INFO - DAG(s) dict_keys(['example_skip_dag']) retrieved from /home/airflow/.local/lib/python3.7/site-packages/airflow/example_dags/example_skip_dag.py
[2025-01-05T21:36:12.519+0000] {logging_mixin.py:137} INFO - [2025-01-05T21:36:12.519+0000] {dag.py:2690} INFO - Sync 1 DAGs
[2025-01-05T21:36:12.562+0000] {logging_mixin.py:137} INFO - [2025-01-05T21:36:12.562+0000] {dag.py:3441} INFO - Setting next_dagrun for example_skip_dag to 2025-01-04T21:36:12.562462+00:00, run_after=2025-01-05T21:36:12.562462+00:00
[2025-01-05T21:36:12.589+0000] {processor.py:175} INFO - Processing /home/airflow/.local/lib/python3.7/site-packages/airflow/example_dags/example_skip_dag.py took 0.127 seconds
[2025-01-05T21:36:43.271+0000] {processor.py:153} INFO - Started process (PID=3340) to work on /home/airflow/.local/lib/python3.7/site-packages/airflow/example_dags/example_skip_dag.py
[2025-01-05T21:36:43.275+0000] {processor.py:743} INFO - Processing file /home/airflow/.local/lib/python3.7/site-packages/airflow/example_dags/example_skip_dag.py for tasks to queue
[2025-01-05T21:36:43.277+0000] {logging_mixin.py:137} INFO - [2025-01-05T21:36:43.276+0000] {dagbag.py:538} INFO - Filling up the DagBag from /home/airflow/.local/lib/python3.7/site-packages/airflow/example_dags/example_skip_dag.py
[2025-01-05T21:36:43.313+0000] {processor.py:753} INFO - DAG(s) dict_keys(['example_skip_dag']) retrieved from /home/airflow/.local/lib/python3.7/site-packages/airflow/example_dags/example_skip_dag.py
[2025-01-05T21:36:43.354+0000] {logging_mixin.py:137} INFO - [2025-01-05T21:36:43.353+0000] {dag.py:2690} INFO - Sync 1 DAGs
[2025-01-05T21:36:43.395+0000] {logging_mixin.py:137} INFO - [2025-01-05T21:36:43.395+0000] {dag.py:3441} INFO - Setting next_dagrun for example_skip_dag to 2025-01-04T21:36:43.394859+00:00, run_after=2025-01-05T21:36:43.394859+00:00
[2025-01-05T21:36:43.421+0000] {processor.py:175} INFO - Processing /home/airflow/.local/lib/python3.7/site-packages/airflow/example_dags/example_skip_dag.py took 0.157 seconds
[2025-01-05T21:37:14.307+0000] {processor.py:153} INFO - Started process (PID=3430) to work on /home/airflow/.local/lib/python3.7/site-packages/airflow/example_dags/example_skip_dag.py
[2025-01-05T21:37:14.308+0000] {processor.py:743} INFO - Processing file /home/airflow/.local/lib/python3.7/site-packages/airflow/example_dags/example_skip_dag.py for tasks to queue
[2025-01-05T21:37:14.309+0000] {logging_mixin.py:137} INFO - [2025-01-05T21:37:14.309+0000] {dagbag.py:538} INFO - Filling up the DagBag from /home/airflow/.local/lib/python3.7/site-packages/airflow/example_dags/example_skip_dag.py
[2025-01-05T21:37:14.330+0000] {processor.py:753} INFO - DAG(s) dict_keys(['example_skip_dag']) retrieved from /home/airflow/.local/lib/python3.7/site-packages/airflow/example_dags/example_skip_dag.py
[2025-01-05T21:37:14.367+0000] {logging_mixin.py:137} INFO - [2025-01-05T21:37:14.367+0000] {dag.py:2690} INFO - Sync 1 DAGs
[2025-01-05T21:37:14.414+0000] {logging_mixin.py:137} INFO - [2025-01-05T21:37:14.413+0000] {dag.py:3441} INFO - Setting next_dagrun for example_skip_dag to 2025-01-04T21:37:14.413510+00:00, run_after=2025-01-05T21:37:14.413510+00:00
[2025-01-05T21:37:14.451+0000] {processor.py:175} INFO - Processing /home/airflow/.local/lib/python3.7/site-packages/airflow/example_dags/example_skip_dag.py took 0.148 seconds
[2025-01-05T21:37:44.882+0000] {processor.py:153} INFO - Started process (PID=3520) to work on /home/airflow/.local/lib/python3.7/site-packages/airflow/example_dags/example_skip_dag.py
[2025-01-05T21:37:44.883+0000] {processor.py:743} INFO - Processing file /home/airflow/.local/lib/python3.7/site-packages/airflow/example_dags/example_skip_dag.py for tasks to queue
[2025-01-05T21:37:44.883+0000] {logging_mixin.py:137} INFO - [2025-01-05T21:37:44.883+0000] {dagbag.py:538} INFO - Filling up the DagBag from /home/airflow/.local/lib/python3.7/site-packages/airflow/example_dags/example_skip_dag.py
[2025-01-05T21:37:44.896+0000] {processor.py:753} INFO - DAG(s) dict_keys(['example_skip_dag']) retrieved from /home/airflow/.local/lib/python3.7/site-packages/airflow/example_dags/example_skip_dag.py
[2025-01-05T21:37:44.920+0000] {logging_mixin.py:137} INFO - [2025-01-05T21:37:44.919+0000] {dag.py:2690} INFO - Sync 1 DAGs
[2025-01-05T21:37:44.945+0000] {logging_mixin.py:137} INFO - [2025-01-05T21:37:44.945+0000] {dag.py:3441} INFO - Setting next_dagrun for example_skip_dag to 2025-01-04T21:37:44.945039+00:00, run_after=2025-01-05T21:37:44.945039+00:00
[2025-01-05T21:37:44.965+0000] {processor.py:175} INFO - Processing /home/airflow/.local/lib/python3.7/site-packages/airflow/example_dags/example_skip_dag.py took 0.087 seconds
