[2025-01-05T21:14:07.485+0000] {processor.py:153} INFO - Started process (PID=182) to work on /home/airflow/.local/lib/python3.7/site-packages/airflow/example_dags/example_short_circuit_operator.py
[2025-01-05T21:14:07.486+0000] {processor.py:743} INFO - Processing file /home/airflow/.local/lib/python3.7/site-packages/airflow/example_dags/example_short_circuit_operator.py for tasks to queue
[2025-01-05T21:14:07.487+0000] {logging_mixin.py:137} INFO - [2025-01-05T21:14:07.487+0000] {dagbag.py:538} INFO - Filling up the DagBag from /home/airflow/.local/lib/python3.7/site-packages/airflow/example_dags/example_short_circuit_operator.py
[2025-01-05T21:14:07.511+0000] {processor.py:753} INFO - DAG(s) dict_keys(['example_short_circuit_operator']) retrieved from /home/airflow/.local/lib/python3.7/site-packages/airflow/example_dags/example_short_circuit_operator.py
[2025-01-05T21:14:07.549+0000] {logging_mixin.py:137} INFO - [2025-01-05T21:14:07.549+0000] {dag.py:2690} INFO - Sync 1 DAGs
[2025-01-05T21:14:07.584+0000] {logging_mixin.py:137} INFO - [2025-01-05T21:14:07.584+0000] {dag.py:3441} INFO - Setting next_dagrun for example_short_circuit_operator to 2025-01-04T21:14:07.584127+00:00, run_after=2025-01-05T21:14:07.584127+00:00
[2025-01-05T21:14:07.612+0000] {processor.py:175} INFO - Processing /home/airflow/.local/lib/python3.7/site-packages/airflow/example_dags/example_short_circuit_operator.py took 0.131 seconds
[2025-01-05T21:14:37.700+0000] {processor.py:153} INFO - Started process (PID=261) to work on /home/airflow/.local/lib/python3.7/site-packages/airflow/example_dags/example_short_circuit_operator.py
[2025-01-05T21:14:37.701+0000] {processor.py:743} INFO - Processing file /home/airflow/.local/lib/python3.7/site-packages/airflow/example_dags/example_short_circuit_operator.py for tasks to queue
[2025-01-05T21:14:37.702+0000] {logging_mixin.py:137} INFO - [2025-01-05T21:14:37.702+0000] {dagbag.py:538} INFO - Filling up the DagBag from /home/airflow/.local/lib/python3.7/site-packages/airflow/example_dags/example_short_circuit_operator.py
[2025-01-05T21:14:37.723+0000] {processor.py:753} INFO - DAG(s) dict_keys(['example_short_circuit_operator']) retrieved from /home/airflow/.local/lib/python3.7/site-packages/airflow/example_dags/example_short_circuit_operator.py
[2025-01-05T21:14:37.750+0000] {logging_mixin.py:137} INFO - [2025-01-05T21:14:37.749+0000] {dag.py:2690} INFO - Sync 1 DAGs
[2025-01-05T21:14:37.779+0000] {logging_mixin.py:137} INFO - [2025-01-05T21:14:37.779+0000] {dag.py:3441} INFO - Setting next_dagrun for example_short_circuit_operator to 2025-01-04T21:14:37.778747+00:00, run_after=2025-01-05T21:14:37.778747+00:00
[2025-01-05T21:14:37.802+0000] {processor.py:175} INFO - Processing /home/airflow/.local/lib/python3.7/site-packages/airflow/example_dags/example_short_circuit_operator.py took 0.105 seconds
[2025-01-05T21:15:08.368+0000] {processor.py:153} INFO - Started process (PID=361) to work on /home/airflow/.local/lib/python3.7/site-packages/airflow/example_dags/example_short_circuit_operator.py
[2025-01-05T21:15:08.370+0000] {processor.py:743} INFO - Processing file /home/airflow/.local/lib/python3.7/site-packages/airflow/example_dags/example_short_circuit_operator.py for tasks to queue
[2025-01-05T21:15:08.370+0000] {logging_mixin.py:137} INFO - [2025-01-05T21:15:08.370+0000] {dagbag.py:538} INFO - Filling up the DagBag from /home/airflow/.local/lib/python3.7/site-packages/airflow/example_dags/example_short_circuit_operator.py
[2025-01-05T21:15:08.389+0000] {processor.py:753} INFO - DAG(s) dict_keys(['example_short_circuit_operator']) retrieved from /home/airflow/.local/lib/python3.7/site-packages/airflow/example_dags/example_short_circuit_operator.py
[2025-01-05T21:15:08.422+0000] {logging_mixin.py:137} INFO - [2025-01-05T21:15:08.422+0000] {dag.py:2690} INFO - Sync 1 DAGs
[2025-01-05T21:15:08.451+0000] {logging_mixin.py:137} INFO - [2025-01-05T21:15:08.451+0000] {dag.py:3441} INFO - Setting next_dagrun for example_short_circuit_operator to 2025-01-04T21:15:08.451191+00:00, run_after=2025-01-05T21:15:08.451191+00:00
[2025-01-05T21:15:08.479+0000] {processor.py:175} INFO - Processing /home/airflow/.local/lib/python3.7/site-packages/airflow/example_dags/example_short_circuit_operator.py took 0.114 seconds
[2025-01-05T21:15:40.096+0000] {processor.py:153} INFO - Started process (PID=440) to work on /home/airflow/.local/lib/python3.7/site-packages/airflow/example_dags/example_short_circuit_operator.py
[2025-01-05T21:15:40.098+0000] {processor.py:743} INFO - Processing file /home/airflow/.local/lib/python3.7/site-packages/airflow/example_dags/example_short_circuit_operator.py for tasks to queue
[2025-01-05T21:15:40.102+0000] {logging_mixin.py:137} INFO - [2025-01-05T21:15:40.102+0000] {dagbag.py:538} INFO - Filling up the DagBag from /home/airflow/.local/lib/python3.7/site-packages/airflow/example_dags/example_short_circuit_operator.py
[2025-01-05T21:15:40.150+0000] {processor.py:753} INFO - DAG(s) dict_keys(['example_short_circuit_operator']) retrieved from /home/airflow/.local/lib/python3.7/site-packages/airflow/example_dags/example_short_circuit_operator.py
[2025-01-05T21:15:40.220+0000] {logging_mixin.py:137} INFO - [2025-01-05T21:15:40.219+0000] {dag.py:2690} INFO - Sync 1 DAGs
[2025-01-05T21:15:40.293+0000] {logging_mixin.py:137} INFO - [2025-01-05T21:15:40.293+0000] {dag.py:3441} INFO - Setting next_dagrun for example_short_circuit_operator to 2025-01-04T21:15:40.292730+00:00, run_after=2025-01-05T21:15:40.292730+00:00
[2025-01-05T21:15:40.358+0000] {processor.py:175} INFO - Processing /home/airflow/.local/lib/python3.7/site-packages/airflow/example_dags/example_short_circuit_operator.py took 0.273 seconds
[2025-01-05T21:16:10.623+0000] {processor.py:153} INFO - Started process (PID=519) to work on /home/airflow/.local/lib/python3.7/site-packages/airflow/example_dags/example_short_circuit_operator.py
[2025-01-05T21:16:10.625+0000] {processor.py:743} INFO - Processing file /home/airflow/.local/lib/python3.7/site-packages/airflow/example_dags/example_short_circuit_operator.py for tasks to queue
[2025-01-05T21:16:10.626+0000] {logging_mixin.py:137} INFO - [2025-01-05T21:16:10.626+0000] {dagbag.py:538} INFO - Filling up the DagBag from /home/airflow/.local/lib/python3.7/site-packages/airflow/example_dags/example_short_circuit_operator.py
[2025-01-05T21:16:10.652+0000] {processor.py:753} INFO - DAG(s) dict_keys(['example_short_circuit_operator']) retrieved from /home/airflow/.local/lib/python3.7/site-packages/airflow/example_dags/example_short_circuit_operator.py
[2025-01-05T21:16:10.684+0000] {logging_mixin.py:137} INFO - [2025-01-05T21:16:10.684+0000] {dag.py:2690} INFO - Sync 1 DAGs
[2025-01-05T21:16:10.714+0000] {logging_mixin.py:137} INFO - [2025-01-05T21:16:10.714+0000] {dag.py:3441} INFO - Setting next_dagrun for example_short_circuit_operator to 2025-01-04T21:16:10.714279+00:00, run_after=2025-01-05T21:16:10.714279+00:00
[2025-01-05T21:16:10.743+0000] {processor.py:175} INFO - Processing /home/airflow/.local/lib/python3.7/site-packages/airflow/example_dags/example_short_circuit_operator.py took 0.127 seconds
[2025-01-05T21:17:52.275+0000] {processor.py:153} INFO - Started process (PID=79) to work on /home/airflow/.local/lib/python3.7/site-packages/airflow/example_dags/example_short_circuit_operator.py
[2025-01-05T21:17:52.276+0000] {processor.py:743} INFO - Processing file /home/airflow/.local/lib/python3.7/site-packages/airflow/example_dags/example_short_circuit_operator.py for tasks to queue
[2025-01-05T21:17:52.278+0000] {logging_mixin.py:137} INFO - [2025-01-05T21:17:52.277+0000] {dagbag.py:538} INFO - Filling up the DagBag from /home/airflow/.local/lib/python3.7/site-packages/airflow/example_dags/example_short_circuit_operator.py
[2025-01-05T21:17:52.308+0000] {processor.py:753} INFO - DAG(s) dict_keys(['example_short_circuit_operator']) retrieved from /home/airflow/.local/lib/python3.7/site-packages/airflow/example_dags/example_short_circuit_operator.py
[2025-01-05T21:17:52.344+0000] {logging_mixin.py:137} INFO - [2025-01-05T21:17:52.343+0000] {dag.py:2690} INFO - Sync 1 DAGs
[2025-01-05T21:17:52.403+0000] {logging_mixin.py:137} INFO - [2025-01-05T21:17:52.403+0000] {dag.py:3441} INFO - Setting next_dagrun for example_short_circuit_operator to 2025-01-04T21:17:52.402686+00:00, run_after=2025-01-05T21:17:52.402686+00:00
[2025-01-05T21:17:52.435+0000] {processor.py:175} INFO - Processing /home/airflow/.local/lib/python3.7/site-packages/airflow/example_dags/example_short_circuit_operator.py took 0.164 seconds
[2025-01-05T21:18:22.728+0000] {processor.py:153} INFO - Started process (PID=159) to work on /home/airflow/.local/lib/python3.7/site-packages/airflow/example_dags/example_short_circuit_operator.py
[2025-01-05T21:18:22.729+0000] {processor.py:743} INFO - Processing file /home/airflow/.local/lib/python3.7/site-packages/airflow/example_dags/example_short_circuit_operator.py for tasks to queue
[2025-01-05T21:18:22.730+0000] {logging_mixin.py:137} INFO - [2025-01-05T21:18:22.730+0000] {dagbag.py:538} INFO - Filling up the DagBag from /home/airflow/.local/lib/python3.7/site-packages/airflow/example_dags/example_short_circuit_operator.py
[2025-01-05T21:18:22.746+0000] {processor.py:753} INFO - DAG(s) dict_keys(['example_short_circuit_operator']) retrieved from /home/airflow/.local/lib/python3.7/site-packages/airflow/example_dags/example_short_circuit_operator.py
[2025-01-05T21:18:22.780+0000] {logging_mixin.py:137} INFO - [2025-01-05T21:18:22.780+0000] {dag.py:2690} INFO - Sync 1 DAGs
[2025-01-05T21:18:22.808+0000] {logging_mixin.py:137} INFO - [2025-01-05T21:18:22.808+0000] {dag.py:3441} INFO - Setting next_dagrun for example_short_circuit_operator to 2025-01-04T21:18:22.808360+00:00, run_after=2025-01-05T21:18:22.808360+00:00
[2025-01-05T21:18:22.831+0000] {processor.py:175} INFO - Processing /home/airflow/.local/lib/python3.7/site-packages/airflow/example_dags/example_short_circuit_operator.py took 0.105 seconds
[2025-01-05T21:18:53.120+0000] {processor.py:153} INFO - Started process (PID=260) to work on /home/airflow/.local/lib/python3.7/site-packages/airflow/example_dags/example_short_circuit_operator.py
[2025-01-05T21:18:53.121+0000] {processor.py:743} INFO - Processing file /home/airflow/.local/lib/python3.7/site-packages/airflow/example_dags/example_short_circuit_operator.py for tasks to queue
[2025-01-05T21:18:53.122+0000] {logging_mixin.py:137} INFO - [2025-01-05T21:18:53.122+0000] {dagbag.py:538} INFO - Filling up the DagBag from /home/airflow/.local/lib/python3.7/site-packages/airflow/example_dags/example_short_circuit_operator.py
[2025-01-05T21:18:53.138+0000] {processor.py:753} INFO - DAG(s) dict_keys(['example_short_circuit_operator']) retrieved from /home/airflow/.local/lib/python3.7/site-packages/airflow/example_dags/example_short_circuit_operator.py
[2025-01-05T21:18:53.164+0000] {logging_mixin.py:137} INFO - [2025-01-05T21:18:53.164+0000] {dag.py:2690} INFO - Sync 1 DAGs
[2025-01-05T21:18:53.192+0000] {logging_mixin.py:137} INFO - [2025-01-05T21:18:53.192+0000] {dag.py:3441} INFO - Setting next_dagrun for example_short_circuit_operator to 2025-01-04T21:18:53.192480+00:00, run_after=2025-01-05T21:18:53.192480+00:00
[2025-01-05T21:18:53.214+0000] {processor.py:175} INFO - Processing /home/airflow/.local/lib/python3.7/site-packages/airflow/example_dags/example_short_circuit_operator.py took 0.096 seconds
[2025-01-05T21:19:23.293+0000] {processor.py:153} INFO - Started process (PID=340) to work on /home/airflow/.local/lib/python3.7/site-packages/airflow/example_dags/example_short_circuit_operator.py
[2025-01-05T21:19:23.294+0000] {processor.py:743} INFO - Processing file /home/airflow/.local/lib/python3.7/site-packages/airflow/example_dags/example_short_circuit_operator.py for tasks to queue
[2025-01-05T21:19:23.295+0000] {logging_mixin.py:137} INFO - [2025-01-05T21:19:23.295+0000] {dagbag.py:538} INFO - Filling up the DagBag from /home/airflow/.local/lib/python3.7/site-packages/airflow/example_dags/example_short_circuit_operator.py
[2025-01-05T21:19:23.310+0000] {processor.py:753} INFO - DAG(s) dict_keys(['example_short_circuit_operator']) retrieved from /home/airflow/.local/lib/python3.7/site-packages/airflow/example_dags/example_short_circuit_operator.py
[2025-01-05T21:19:23.339+0000] {logging_mixin.py:137} INFO - [2025-01-05T21:19:23.339+0000] {dag.py:2690} INFO - Sync 1 DAGs
[2025-01-05T21:19:23.363+0000] {logging_mixin.py:137} INFO - [2025-01-05T21:19:23.363+0000] {dag.py:3441} INFO - Setting next_dagrun for example_short_circuit_operator to 2025-01-04T21:19:23.363412+00:00, run_after=2025-01-05T21:19:23.363412+00:00
[2025-01-05T21:19:23.382+0000] {processor.py:175} INFO - Processing /home/airflow/.local/lib/python3.7/site-packages/airflow/example_dags/example_short_circuit_operator.py took 0.091 seconds
[2025-01-05T21:19:54.377+0000] {processor.py:153} INFO - Started process (PID=441) to work on /home/airflow/.local/lib/python3.7/site-packages/airflow/example_dags/example_short_circuit_operator.py
[2025-01-05T21:19:54.379+0000] {processor.py:743} INFO - Processing file /home/airflow/.local/lib/python3.7/site-packages/airflow/example_dags/example_short_circuit_operator.py for tasks to queue
[2025-01-05T21:19:54.380+0000] {logging_mixin.py:137} INFO - [2025-01-05T21:19:54.379+0000] {dagbag.py:538} INFO - Filling up the DagBag from /home/airflow/.local/lib/python3.7/site-packages/airflow/example_dags/example_short_circuit_operator.py
[2025-01-05T21:19:54.394+0000] {processor.py:753} INFO - DAG(s) dict_keys(['example_short_circuit_operator']) retrieved from /home/airflow/.local/lib/python3.7/site-packages/airflow/example_dags/example_short_circuit_operator.py
[2025-01-05T21:19:54.421+0000] {logging_mixin.py:137} INFO - [2025-01-05T21:19:54.421+0000] {dag.py:2690} INFO - Sync 1 DAGs
[2025-01-05T21:19:54.446+0000] {logging_mixin.py:137} INFO - [2025-01-05T21:19:54.446+0000] {dag.py:3441} INFO - Setting next_dagrun for example_short_circuit_operator to 2025-01-04T21:19:54.446094+00:00, run_after=2025-01-05T21:19:54.446094+00:00
[2025-01-05T21:19:54.466+0000] {processor.py:175} INFO - Processing /home/airflow/.local/lib/python3.7/site-packages/airflow/example_dags/example_short_circuit_operator.py took 0.093 seconds
[2025-01-05T21:20:25.051+0000] {processor.py:153} INFO - Started process (PID=521) to work on /home/airflow/.local/lib/python3.7/site-packages/airflow/example_dags/example_short_circuit_operator.py
[2025-01-05T21:20:25.052+0000] {processor.py:743} INFO - Processing file /home/airflow/.local/lib/python3.7/site-packages/airflow/example_dags/example_short_circuit_operator.py for tasks to queue
[2025-01-05T21:20:25.053+0000] {logging_mixin.py:137} INFO - [2025-01-05T21:20:25.053+0000] {dagbag.py:538} INFO - Filling up the DagBag from /home/airflow/.local/lib/python3.7/site-packages/airflow/example_dags/example_short_circuit_operator.py
[2025-01-05T21:20:25.069+0000] {processor.py:753} INFO - DAG(s) dict_keys(['example_short_circuit_operator']) retrieved from /home/airflow/.local/lib/python3.7/site-packages/airflow/example_dags/example_short_circuit_operator.py
[2025-01-05T21:20:25.094+0000] {logging_mixin.py:137} INFO - [2025-01-05T21:20:25.094+0000] {dag.py:2690} INFO - Sync 1 DAGs
[2025-01-05T21:20:25.118+0000] {logging_mixin.py:137} INFO - [2025-01-05T21:20:25.118+0000] {dag.py:3441} INFO - Setting next_dagrun for example_short_circuit_operator to 2025-01-04T21:20:25.118465+00:00, run_after=2025-01-05T21:20:25.118465+00:00
[2025-01-05T21:20:25.139+0000] {processor.py:175} INFO - Processing /home/airflow/.local/lib/python3.7/site-packages/airflow/example_dags/example_short_circuit_operator.py took 0.090 seconds
[2025-01-05T21:20:55.962+0000] {processor.py:153} INFO - Started process (PID=621) to work on /home/airflow/.local/lib/python3.7/site-packages/airflow/example_dags/example_short_circuit_operator.py
[2025-01-05T21:20:55.963+0000] {processor.py:743} INFO - Processing file /home/airflow/.local/lib/python3.7/site-packages/airflow/example_dags/example_short_circuit_operator.py for tasks to queue
[2025-01-05T21:20:55.964+0000] {logging_mixin.py:137} INFO - [2025-01-05T21:20:55.964+0000] {dagbag.py:538} INFO - Filling up the DagBag from /home/airflow/.local/lib/python3.7/site-packages/airflow/example_dags/example_short_circuit_operator.py
[2025-01-05T21:20:55.987+0000] {processor.py:753} INFO - DAG(s) dict_keys(['example_short_circuit_operator']) retrieved from /home/airflow/.local/lib/python3.7/site-packages/airflow/example_dags/example_short_circuit_operator.py
[2025-01-05T21:20:56.016+0000] {logging_mixin.py:137} INFO - [2025-01-05T21:20:56.016+0000] {dag.py:2690} INFO - Sync 1 DAGs
[2025-01-05T21:20:56.050+0000] {logging_mixin.py:137} INFO - [2025-01-05T21:20:56.049+0000] {dag.py:3441} INFO - Setting next_dagrun for example_short_circuit_operator to 2025-01-04T21:20:56.049698+00:00, run_after=2025-01-05T21:20:56.049698+00:00
[2025-01-05T21:20:56.074+0000] {processor.py:175} INFO - Processing /home/airflow/.local/lib/python3.7/site-packages/airflow/example_dags/example_short_circuit_operator.py took 0.115 seconds
[2025-01-05T21:21:26.188+0000] {processor.py:153} INFO - Started process (PID=701) to work on /home/airflow/.local/lib/python3.7/site-packages/airflow/example_dags/example_short_circuit_operator.py
[2025-01-05T21:21:26.189+0000] {processor.py:743} INFO - Processing file /home/airflow/.local/lib/python3.7/site-packages/airflow/example_dags/example_short_circuit_operator.py for tasks to queue
[2025-01-05T21:21:26.190+0000] {logging_mixin.py:137} INFO - [2025-01-05T21:21:26.190+0000] {dagbag.py:538} INFO - Filling up the DagBag from /home/airflow/.local/lib/python3.7/site-packages/airflow/example_dags/example_short_circuit_operator.py
[2025-01-05T21:21:26.204+0000] {processor.py:753} INFO - DAG(s) dict_keys(['example_short_circuit_operator']) retrieved from /home/airflow/.local/lib/python3.7/site-packages/airflow/example_dags/example_short_circuit_operator.py
[2025-01-05T21:21:26.230+0000] {logging_mixin.py:137} INFO - [2025-01-05T21:21:26.230+0000] {dag.py:2690} INFO - Sync 1 DAGs
[2025-01-05T21:21:26.255+0000] {logging_mixin.py:137} INFO - [2025-01-05T21:21:26.255+0000] {dag.py:3441} INFO - Setting next_dagrun for example_short_circuit_operator to 2025-01-04T21:21:26.254821+00:00, run_after=2025-01-05T21:21:26.254821+00:00
[2025-01-05T21:21:26.273+0000] {processor.py:175} INFO - Processing /home/airflow/.local/lib/python3.7/site-packages/airflow/example_dags/example_short_circuit_operator.py took 0.088 seconds
[2025-01-05T21:21:56.507+0000] {processor.py:153} INFO - Started process (PID=781) to work on /home/airflow/.local/lib/python3.7/site-packages/airflow/example_dags/example_short_circuit_operator.py
[2025-01-05T21:21:56.508+0000] {processor.py:743} INFO - Processing file /home/airflow/.local/lib/python3.7/site-packages/airflow/example_dags/example_short_circuit_operator.py for tasks to queue
[2025-01-05T21:21:56.509+0000] {logging_mixin.py:137} INFO - [2025-01-05T21:21:56.509+0000] {dagbag.py:538} INFO - Filling up the DagBag from /home/airflow/.local/lib/python3.7/site-packages/airflow/example_dags/example_short_circuit_operator.py
[2025-01-05T21:21:56.524+0000] {processor.py:753} INFO - DAG(s) dict_keys(['example_short_circuit_operator']) retrieved from /home/airflow/.local/lib/python3.7/site-packages/airflow/example_dags/example_short_circuit_operator.py
[2025-01-05T21:21:56.550+0000] {logging_mixin.py:137} INFO - [2025-01-05T21:21:56.550+0000] {dag.py:2690} INFO - Sync 1 DAGs
[2025-01-05T21:21:56.578+0000] {logging_mixin.py:137} INFO - [2025-01-05T21:21:56.578+0000] {dag.py:3441} INFO - Setting next_dagrun for example_short_circuit_operator to 2025-01-04T21:21:56.578141+00:00, run_after=2025-01-05T21:21:56.578141+00:00
[2025-01-05T21:21:56.599+0000] {processor.py:175} INFO - Processing /home/airflow/.local/lib/python3.7/site-packages/airflow/example_dags/example_short_circuit_operator.py took 0.095 seconds
[2025-01-05T21:22:26.721+0000] {processor.py:153} INFO - Started process (PID=881) to work on /home/airflow/.local/lib/python3.7/site-packages/airflow/example_dags/example_short_circuit_operator.py
[2025-01-05T21:22:26.722+0000] {processor.py:743} INFO - Processing file /home/airflow/.local/lib/python3.7/site-packages/airflow/example_dags/example_short_circuit_operator.py for tasks to queue
[2025-01-05T21:22:26.726+0000] {logging_mixin.py:137} INFO - [2025-01-05T21:22:26.726+0000] {dagbag.py:538} INFO - Filling up the DagBag from /home/airflow/.local/lib/python3.7/site-packages/airflow/example_dags/example_short_circuit_operator.py
[2025-01-05T21:22:26.751+0000] {processor.py:753} INFO - DAG(s) dict_keys(['example_short_circuit_operator']) retrieved from /home/airflow/.local/lib/python3.7/site-packages/airflow/example_dags/example_short_circuit_operator.py
[2025-01-05T21:22:26.781+0000] {logging_mixin.py:137} INFO - [2025-01-05T21:22:26.781+0000] {dag.py:2690} INFO - Sync 1 DAGs
[2025-01-05T21:22:26.810+0000] {logging_mixin.py:137} INFO - [2025-01-05T21:22:26.809+0000] {dag.py:3441} INFO - Setting next_dagrun for example_short_circuit_operator to 2025-01-04T21:22:26.809710+00:00, run_after=2025-01-05T21:22:26.809710+00:00
[2025-01-05T21:22:26.828+0000] {processor.py:175} INFO - Processing /home/airflow/.local/lib/python3.7/site-packages/airflow/example_dags/example_short_circuit_operator.py took 0.110 seconds
[2025-01-05T21:22:56.950+0000] {processor.py:153} INFO - Started process (PID=962) to work on /home/airflow/.local/lib/python3.7/site-packages/airflow/example_dags/example_short_circuit_operator.py
[2025-01-05T21:22:56.951+0000] {processor.py:743} INFO - Processing file /home/airflow/.local/lib/python3.7/site-packages/airflow/example_dags/example_short_circuit_operator.py for tasks to queue
[2025-01-05T21:22:56.952+0000] {logging_mixin.py:137} INFO - [2025-01-05T21:22:56.952+0000] {dagbag.py:538} INFO - Filling up the DagBag from /home/airflow/.local/lib/python3.7/site-packages/airflow/example_dags/example_short_circuit_operator.py
[2025-01-05T21:22:56.967+0000] {processor.py:753} INFO - DAG(s) dict_keys(['example_short_circuit_operator']) retrieved from /home/airflow/.local/lib/python3.7/site-packages/airflow/example_dags/example_short_circuit_operator.py
[2025-01-05T21:22:56.994+0000] {logging_mixin.py:137} INFO - [2025-01-05T21:22:56.994+0000] {dag.py:2690} INFO - Sync 1 DAGs
[2025-01-05T21:22:57.022+0000] {logging_mixin.py:137} INFO - [2025-01-05T21:22:57.021+0000] {dag.py:3441} INFO - Setting next_dagrun for example_short_circuit_operator to 2025-01-04T21:22:57.021541+00:00, run_after=2025-01-05T21:22:57.021541+00:00
[2025-01-05T21:22:57.041+0000] {processor.py:175} INFO - Processing /home/airflow/.local/lib/python3.7/site-packages/airflow/example_dags/example_short_circuit_operator.py took 0.094 seconds
[2025-01-05T21:23:27.720+0000] {processor.py:153} INFO - Started process (PID=1062) to work on /home/airflow/.local/lib/python3.7/site-packages/airflow/example_dags/example_short_circuit_operator.py
[2025-01-05T21:23:27.721+0000] {processor.py:743} INFO - Processing file /home/airflow/.local/lib/python3.7/site-packages/airflow/example_dags/example_short_circuit_operator.py for tasks to queue
[2025-01-05T21:23:27.722+0000] {logging_mixin.py:137} INFO - [2025-01-05T21:23:27.722+0000] {dagbag.py:538} INFO - Filling up the DagBag from /home/airflow/.local/lib/python3.7/site-packages/airflow/example_dags/example_short_circuit_operator.py
[2025-01-05T21:23:27.738+0000] {processor.py:753} INFO - DAG(s) dict_keys(['example_short_circuit_operator']) retrieved from /home/airflow/.local/lib/python3.7/site-packages/airflow/example_dags/example_short_circuit_operator.py
[2025-01-05T21:23:27.765+0000] {logging_mixin.py:137} INFO - [2025-01-05T21:23:27.765+0000] {dag.py:2690} INFO - Sync 1 DAGs
[2025-01-05T21:23:27.793+0000] {logging_mixin.py:137} INFO - [2025-01-05T21:23:27.793+0000] {dag.py:3441} INFO - Setting next_dagrun for example_short_circuit_operator to 2025-01-04T21:23:27.793115+00:00, run_after=2025-01-05T21:23:27.793115+00:00
[2025-01-05T21:23:27.815+0000] {processor.py:175} INFO - Processing /home/airflow/.local/lib/python3.7/site-packages/airflow/example_dags/example_short_circuit_operator.py took 0.098 seconds
[2025-01-05T21:23:58.299+0000] {processor.py:153} INFO - Started process (PID=1142) to work on /home/airflow/.local/lib/python3.7/site-packages/airflow/example_dags/example_short_circuit_operator.py
[2025-01-05T21:23:58.300+0000] {processor.py:743} INFO - Processing file /home/airflow/.local/lib/python3.7/site-packages/airflow/example_dags/example_short_circuit_operator.py for tasks to queue
[2025-01-05T21:23:58.301+0000] {logging_mixin.py:137} INFO - [2025-01-05T21:23:58.301+0000] {dagbag.py:538} INFO - Filling up the DagBag from /home/airflow/.local/lib/python3.7/site-packages/airflow/example_dags/example_short_circuit_operator.py
[2025-01-05T21:23:58.317+0000] {processor.py:753} INFO - DAG(s) dict_keys(['example_short_circuit_operator']) retrieved from /home/airflow/.local/lib/python3.7/site-packages/airflow/example_dags/example_short_circuit_operator.py
[2025-01-05T21:23:58.341+0000] {logging_mixin.py:137} INFO - [2025-01-05T21:23:58.340+0000] {dag.py:2690} INFO - Sync 1 DAGs
[2025-01-05T21:23:58.366+0000] {logging_mixin.py:137} INFO - [2025-01-05T21:23:58.366+0000] {dag.py:3441} INFO - Setting next_dagrun for example_short_circuit_operator to 2025-01-04T21:23:58.365900+00:00, run_after=2025-01-05T21:23:58.365900+00:00
[2025-01-05T21:23:58.385+0000] {processor.py:175} INFO - Processing /home/airflow/.local/lib/python3.7/site-packages/airflow/example_dags/example_short_circuit_operator.py took 0.088 seconds
[2025-01-05T21:24:29.101+0000] {processor.py:153} INFO - Started process (PID=1242) to work on /home/airflow/.local/lib/python3.7/site-packages/airflow/example_dags/example_short_circuit_operator.py
[2025-01-05T21:24:29.102+0000] {processor.py:743} INFO - Processing file /home/airflow/.local/lib/python3.7/site-packages/airflow/example_dags/example_short_circuit_operator.py for tasks to queue
[2025-01-05T21:24:29.103+0000] {logging_mixin.py:137} INFO - [2025-01-05T21:24:29.103+0000] {dagbag.py:538} INFO - Filling up the DagBag from /home/airflow/.local/lib/python3.7/site-packages/airflow/example_dags/example_short_circuit_operator.py
[2025-01-05T21:24:29.118+0000] {processor.py:753} INFO - DAG(s) dict_keys(['example_short_circuit_operator']) retrieved from /home/airflow/.local/lib/python3.7/site-packages/airflow/example_dags/example_short_circuit_operator.py
[2025-01-05T21:24:29.145+0000] {logging_mixin.py:137} INFO - [2025-01-05T21:24:29.145+0000] {dag.py:2690} INFO - Sync 1 DAGs
[2025-01-05T21:24:29.176+0000] {logging_mixin.py:137} INFO - [2025-01-05T21:24:29.176+0000] {dag.py:3441} INFO - Setting next_dagrun for example_short_circuit_operator to 2025-01-04T21:24:29.175826+00:00, run_after=2025-01-05T21:24:29.175826+00:00
[2025-01-05T21:24:29.195+0000] {processor.py:175} INFO - Processing /home/airflow/.local/lib/python3.7/site-packages/airflow/example_dags/example_short_circuit_operator.py took 0.097 seconds
[2025-01-05T21:24:59.686+0000] {processor.py:153} INFO - Started process (PID=1323) to work on /home/airflow/.local/lib/python3.7/site-packages/airflow/example_dags/example_short_circuit_operator.py
[2025-01-05T21:24:59.687+0000] {processor.py:743} INFO - Processing file /home/airflow/.local/lib/python3.7/site-packages/airflow/example_dags/example_short_circuit_operator.py for tasks to queue
[2025-01-05T21:24:59.688+0000] {logging_mixin.py:137} INFO - [2025-01-05T21:24:59.688+0000] {dagbag.py:538} INFO - Filling up the DagBag from /home/airflow/.local/lib/python3.7/site-packages/airflow/example_dags/example_short_circuit_operator.py
[2025-01-05T21:24:59.705+0000] {processor.py:753} INFO - DAG(s) dict_keys(['example_short_circuit_operator']) retrieved from /home/airflow/.local/lib/python3.7/site-packages/airflow/example_dags/example_short_circuit_operator.py
[2025-01-05T21:24:59.732+0000] {logging_mixin.py:137} INFO - [2025-01-05T21:24:59.732+0000] {dag.py:2690} INFO - Sync 1 DAGs
[2025-01-05T21:24:59.758+0000] {logging_mixin.py:137} INFO - [2025-01-05T21:24:59.758+0000] {dag.py:3441} INFO - Setting next_dagrun for example_short_circuit_operator to 2025-01-04T21:24:59.758319+00:00, run_after=2025-01-05T21:24:59.758319+00:00
[2025-01-05T21:24:59.778+0000] {processor.py:175} INFO - Processing /home/airflow/.local/lib/python3.7/site-packages/airflow/example_dags/example_short_circuit_operator.py took 0.094 seconds
[2025-01-05T21:25:31.324+0000] {processor.py:153} INFO - Started process (PID=1423) to work on /home/airflow/.local/lib/python3.7/site-packages/airflow/example_dags/example_short_circuit_operator.py
[2025-01-05T21:25:31.325+0000] {processor.py:743} INFO - Processing file /home/airflow/.local/lib/python3.7/site-packages/airflow/example_dags/example_short_circuit_operator.py for tasks to queue
[2025-01-05T21:25:31.326+0000] {logging_mixin.py:137} INFO - [2025-01-05T21:25:31.326+0000] {dagbag.py:538} INFO - Filling up the DagBag from /home/airflow/.local/lib/python3.7/site-packages/airflow/example_dags/example_short_circuit_operator.py
[2025-01-05T21:25:31.342+0000] {processor.py:753} INFO - DAG(s) dict_keys(['example_short_circuit_operator']) retrieved from /home/airflow/.local/lib/python3.7/site-packages/airflow/example_dags/example_short_circuit_operator.py
[2025-01-05T21:25:31.368+0000] {logging_mixin.py:137} INFO - [2025-01-05T21:25:31.368+0000] {dag.py:2690} INFO - Sync 1 DAGs
[2025-01-05T21:25:31.410+0000] {logging_mixin.py:137} INFO - [2025-01-05T21:25:31.409+0000] {dag.py:3441} INFO - Setting next_dagrun for example_short_circuit_operator to 2025-01-04T21:25:31.409598+00:00, run_after=2025-01-05T21:25:31.409598+00:00
[2025-01-05T21:25:31.435+0000] {processor.py:175} INFO - Processing /home/airflow/.local/lib/python3.7/site-packages/airflow/example_dags/example_short_circuit_operator.py took 0.114 seconds
[2025-01-05T21:26:02.150+0000] {processor.py:153} INFO - Started process (PID=1503) to work on /home/airflow/.local/lib/python3.7/site-packages/airflow/example_dags/example_short_circuit_operator.py
[2025-01-05T21:26:02.151+0000] {processor.py:743} INFO - Processing file /home/airflow/.local/lib/python3.7/site-packages/airflow/example_dags/example_short_circuit_operator.py for tasks to queue
[2025-01-05T21:26:02.152+0000] {logging_mixin.py:137} INFO - [2025-01-05T21:26:02.152+0000] {dagbag.py:538} INFO - Filling up the DagBag from /home/airflow/.local/lib/python3.7/site-packages/airflow/example_dags/example_short_circuit_operator.py
[2025-01-05T21:26:02.168+0000] {processor.py:753} INFO - DAG(s) dict_keys(['example_short_circuit_operator']) retrieved from /home/airflow/.local/lib/python3.7/site-packages/airflow/example_dags/example_short_circuit_operator.py
[2025-01-05T21:26:02.192+0000] {logging_mixin.py:137} INFO - [2025-01-05T21:26:02.192+0000] {dag.py:2690} INFO - Sync 1 DAGs
[2025-01-05T21:26:02.218+0000] {logging_mixin.py:137} INFO - [2025-01-05T21:26:02.217+0000] {dag.py:3441} INFO - Setting next_dagrun for example_short_circuit_operator to 2025-01-04T21:26:02.217714+00:00, run_after=2025-01-05T21:26:02.217714+00:00
[2025-01-05T21:26:02.236+0000] {processor.py:175} INFO - Processing /home/airflow/.local/lib/python3.7/site-packages/airflow/example_dags/example_short_circuit_operator.py took 0.089 seconds
[2025-01-05T21:26:32.906+0000] {processor.py:153} INFO - Started process (PID=1603) to work on /home/airflow/.local/lib/python3.7/site-packages/airflow/example_dags/example_short_circuit_operator.py
[2025-01-05T21:26:32.907+0000] {processor.py:743} INFO - Processing file /home/airflow/.local/lib/python3.7/site-packages/airflow/example_dags/example_short_circuit_operator.py for tasks to queue
[2025-01-05T21:26:32.908+0000] {logging_mixin.py:137} INFO - [2025-01-05T21:26:32.908+0000] {dagbag.py:538} INFO - Filling up the DagBag from /home/airflow/.local/lib/python3.7/site-packages/airflow/example_dags/example_short_circuit_operator.py
[2025-01-05T21:26:32.927+0000] {processor.py:753} INFO - DAG(s) dict_keys(['example_short_circuit_operator']) retrieved from /home/airflow/.local/lib/python3.7/site-packages/airflow/example_dags/example_short_circuit_operator.py
[2025-01-05T21:26:32.953+0000] {logging_mixin.py:137} INFO - [2025-01-05T21:26:32.953+0000] {dag.py:2690} INFO - Sync 1 DAGs
[2025-01-05T21:26:32.981+0000] {logging_mixin.py:137} INFO - [2025-01-05T21:26:32.981+0000] {dag.py:3441} INFO - Setting next_dagrun for example_short_circuit_operator to 2025-01-04T21:26:32.981094+00:00, run_after=2025-01-05T21:26:32.981094+00:00
[2025-01-05T21:26:33.003+0000] {processor.py:175} INFO - Processing /home/airflow/.local/lib/python3.7/site-packages/airflow/example_dags/example_short_circuit_operator.py took 0.099 seconds
[2025-01-05T21:27:03.719+0000] {processor.py:153} INFO - Started process (PID=1682) to work on /home/airflow/.local/lib/python3.7/site-packages/airflow/example_dags/example_short_circuit_operator.py
[2025-01-05T21:27:03.720+0000] {processor.py:743} INFO - Processing file /home/airflow/.local/lib/python3.7/site-packages/airflow/example_dags/example_short_circuit_operator.py for tasks to queue
[2025-01-05T21:27:03.721+0000] {logging_mixin.py:137} INFO - [2025-01-05T21:27:03.720+0000] {dagbag.py:538} INFO - Filling up the DagBag from /home/airflow/.local/lib/python3.7/site-packages/airflow/example_dags/example_short_circuit_operator.py
[2025-01-05T21:27:03.736+0000] {processor.py:753} INFO - DAG(s) dict_keys(['example_short_circuit_operator']) retrieved from /home/airflow/.local/lib/python3.7/site-packages/airflow/example_dags/example_short_circuit_operator.py
[2025-01-05T21:27:03.760+0000] {logging_mixin.py:137} INFO - [2025-01-05T21:27:03.759+0000] {dag.py:2690} INFO - Sync 1 DAGs
[2025-01-05T21:27:03.783+0000] {logging_mixin.py:137} INFO - [2025-01-05T21:27:03.783+0000] {dag.py:3441} INFO - Setting next_dagrun for example_short_circuit_operator to 2025-01-04T21:27:03.783618+00:00, run_after=2025-01-05T21:27:03.783618+00:00
[2025-01-05T21:27:03.802+0000] {processor.py:175} INFO - Processing /home/airflow/.local/lib/python3.7/site-packages/airflow/example_dags/example_short_circuit_operator.py took 0.086 seconds
[2025-01-05T21:27:34.532+0000] {processor.py:153} INFO - Started process (PID=1782) to work on /home/airflow/.local/lib/python3.7/site-packages/airflow/example_dags/example_short_circuit_operator.py
[2025-01-05T21:27:34.534+0000] {processor.py:743} INFO - Processing file /home/airflow/.local/lib/python3.7/site-packages/airflow/example_dags/example_short_circuit_operator.py for tasks to queue
[2025-01-05T21:27:34.534+0000] {logging_mixin.py:137} INFO - [2025-01-05T21:27:34.534+0000] {dagbag.py:538} INFO - Filling up the DagBag from /home/airflow/.local/lib/python3.7/site-packages/airflow/example_dags/example_short_circuit_operator.py
[2025-01-05T21:27:34.552+0000] {processor.py:753} INFO - DAG(s) dict_keys(['example_short_circuit_operator']) retrieved from /home/airflow/.local/lib/python3.7/site-packages/airflow/example_dags/example_short_circuit_operator.py
[2025-01-05T21:27:34.586+0000] {logging_mixin.py:137} INFO - [2025-01-05T21:27:34.585+0000] {dag.py:2690} INFO - Sync 1 DAGs
[2025-01-05T21:27:34.612+0000] {logging_mixin.py:137} INFO - [2025-01-05T21:27:34.612+0000] {dag.py:3441} INFO - Setting next_dagrun for example_short_circuit_operator to 2025-01-04T21:27:34.612380+00:00, run_after=2025-01-05T21:27:34.612380+00:00
[2025-01-05T21:27:34.633+0000] {processor.py:175} INFO - Processing /home/airflow/.local/lib/python3.7/site-packages/airflow/example_dags/example_short_circuit_operator.py took 0.104 seconds
[2025-01-05T21:28:05.201+0000] {processor.py:153} INFO - Started process (PID=1862) to work on /home/airflow/.local/lib/python3.7/site-packages/airflow/example_dags/example_short_circuit_operator.py
[2025-01-05T21:28:05.202+0000] {processor.py:743} INFO - Processing file /home/airflow/.local/lib/python3.7/site-packages/airflow/example_dags/example_short_circuit_operator.py for tasks to queue
[2025-01-05T21:28:05.203+0000] {logging_mixin.py:137} INFO - [2025-01-05T21:28:05.203+0000] {dagbag.py:538} INFO - Filling up the DagBag from /home/airflow/.local/lib/python3.7/site-packages/airflow/example_dags/example_short_circuit_operator.py
[2025-01-05T21:28:05.218+0000] {processor.py:753} INFO - DAG(s) dict_keys(['example_short_circuit_operator']) retrieved from /home/airflow/.local/lib/python3.7/site-packages/airflow/example_dags/example_short_circuit_operator.py
[2025-01-05T21:28:05.243+0000] {logging_mixin.py:137} INFO - [2025-01-05T21:28:05.242+0000] {dag.py:2690} INFO - Sync 1 DAGs
[2025-01-05T21:28:05.268+0000] {logging_mixin.py:137} INFO - [2025-01-05T21:28:05.267+0000] {dag.py:3441} INFO - Setting next_dagrun for example_short_circuit_operator to 2025-01-04T21:28:05.267715+00:00, run_after=2025-01-05T21:28:05.267715+00:00
[2025-01-05T21:28:05.285+0000] {processor.py:175} INFO - Processing /home/airflow/.local/lib/python3.7/site-packages/airflow/example_dags/example_short_circuit_operator.py took 0.086 seconds
[2025-01-05T21:28:35.455+0000] {processor.py:153} INFO - Started process (PID=1962) to work on /home/airflow/.local/lib/python3.7/site-packages/airflow/example_dags/example_short_circuit_operator.py
[2025-01-05T21:28:35.456+0000] {processor.py:743} INFO - Processing file /home/airflow/.local/lib/python3.7/site-packages/airflow/example_dags/example_short_circuit_operator.py for tasks to queue
[2025-01-05T21:28:35.457+0000] {logging_mixin.py:137} INFO - [2025-01-05T21:28:35.457+0000] {dagbag.py:538} INFO - Filling up the DagBag from /home/airflow/.local/lib/python3.7/site-packages/airflow/example_dags/example_short_circuit_operator.py
[2025-01-05T21:28:35.472+0000] {processor.py:753} INFO - DAG(s) dict_keys(['example_short_circuit_operator']) retrieved from /home/airflow/.local/lib/python3.7/site-packages/airflow/example_dags/example_short_circuit_operator.py
[2025-01-05T21:28:35.500+0000] {logging_mixin.py:137} INFO - [2025-01-05T21:28:35.500+0000] {dag.py:2690} INFO - Sync 1 DAGs
[2025-01-05T21:28:35.531+0000] {logging_mixin.py:137} INFO - [2025-01-05T21:28:35.530+0000] {dag.py:3441} INFO - Setting next_dagrun for example_short_circuit_operator to 2025-01-04T21:28:35.530569+00:00, run_after=2025-01-05T21:28:35.530569+00:00
[2025-01-05T21:28:35.552+0000] {processor.py:175} INFO - Processing /home/airflow/.local/lib/python3.7/site-packages/airflow/example_dags/example_short_circuit_operator.py took 0.100 seconds
[2025-01-05T21:29:06.478+0000] {processor.py:153} INFO - Started process (PID=2042) to work on /home/airflow/.local/lib/python3.7/site-packages/airflow/example_dags/example_short_circuit_operator.py
[2025-01-05T21:29:06.479+0000] {processor.py:743} INFO - Processing file /home/airflow/.local/lib/python3.7/site-packages/airflow/example_dags/example_short_circuit_operator.py for tasks to queue
[2025-01-05T21:29:06.480+0000] {logging_mixin.py:137} INFO - [2025-01-05T21:29:06.480+0000] {dagbag.py:538} INFO - Filling up the DagBag from /home/airflow/.local/lib/python3.7/site-packages/airflow/example_dags/example_short_circuit_operator.py
[2025-01-05T21:29:06.496+0000] {processor.py:753} INFO - DAG(s) dict_keys(['example_short_circuit_operator']) retrieved from /home/airflow/.local/lib/python3.7/site-packages/airflow/example_dags/example_short_circuit_operator.py
[2025-01-05T21:29:06.521+0000] {logging_mixin.py:137} INFO - [2025-01-05T21:29:06.521+0000] {dag.py:2690} INFO - Sync 1 DAGs
[2025-01-05T21:29:06.546+0000] {logging_mixin.py:137} INFO - [2025-01-05T21:29:06.546+0000] {dag.py:3441} INFO - Setting next_dagrun for example_short_circuit_operator to 2025-01-04T21:29:06.546100+00:00, run_after=2025-01-05T21:29:06.546100+00:00
[2025-01-05T21:29:06.569+0000] {processor.py:175} INFO - Processing /home/airflow/.local/lib/python3.7/site-packages/airflow/example_dags/example_short_circuit_operator.py took 0.094 seconds
[2025-01-05T21:29:36.797+0000] {processor.py:153} INFO - Started process (PID=2131) to work on /home/airflow/.local/lib/python3.7/site-packages/airflow/example_dags/example_short_circuit_operator.py
[2025-01-05T21:29:36.799+0000] {processor.py:743} INFO - Processing file /home/airflow/.local/lib/python3.7/site-packages/airflow/example_dags/example_short_circuit_operator.py for tasks to queue
[2025-01-05T21:29:36.800+0000] {logging_mixin.py:137} INFO - [2025-01-05T21:29:36.800+0000] {dagbag.py:538} INFO - Filling up the DagBag from /home/airflow/.local/lib/python3.7/site-packages/airflow/example_dags/example_short_circuit_operator.py
[2025-01-05T21:29:36.823+0000] {processor.py:753} INFO - DAG(s) dict_keys(['example_short_circuit_operator']) retrieved from /home/airflow/.local/lib/python3.7/site-packages/airflow/example_dags/example_short_circuit_operator.py
[2025-01-05T21:29:36.859+0000] {logging_mixin.py:137} INFO - [2025-01-05T21:29:36.858+0000] {dag.py:2690} INFO - Sync 1 DAGs
[2025-01-05T21:29:36.902+0000] {logging_mixin.py:137} INFO - [2025-01-05T21:29:36.900+0000] {dag.py:3441} INFO - Setting next_dagrun for example_short_circuit_operator to 2025-01-04T21:29:36.900006+00:00, run_after=2025-01-05T21:29:36.900006+00:00
[2025-01-05T21:29:36.930+0000] {processor.py:175} INFO - Processing /home/airflow/.local/lib/python3.7/site-packages/airflow/example_dags/example_short_circuit_operator.py took 0.136 seconds
[2025-01-05T21:30:07.262+0000] {processor.py:153} INFO - Started process (PID=2222) to work on /home/airflow/.local/lib/python3.7/site-packages/airflow/example_dags/example_short_circuit_operator.py
[2025-01-05T21:30:07.263+0000] {processor.py:743} INFO - Processing file /home/airflow/.local/lib/python3.7/site-packages/airflow/example_dags/example_short_circuit_operator.py for tasks to queue
[2025-01-05T21:30:07.264+0000] {logging_mixin.py:137} INFO - [2025-01-05T21:30:07.264+0000] {dagbag.py:538} INFO - Filling up the DagBag from /home/airflow/.local/lib/python3.7/site-packages/airflow/example_dags/example_short_circuit_operator.py
[2025-01-05T21:30:07.288+0000] {processor.py:753} INFO - DAG(s) dict_keys(['example_short_circuit_operator']) retrieved from /home/airflow/.local/lib/python3.7/site-packages/airflow/example_dags/example_short_circuit_operator.py
[2025-01-05T21:30:07.325+0000] {logging_mixin.py:137} INFO - [2025-01-05T21:30:07.325+0000] {dag.py:2690} INFO - Sync 1 DAGs
[2025-01-05T21:30:07.368+0000] {logging_mixin.py:137} INFO - [2025-01-05T21:30:07.367+0000] {dag.py:3441} INFO - Setting next_dagrun for example_short_circuit_operator to 2025-01-04T21:30:07.367484+00:00, run_after=2025-01-05T21:30:07.367484+00:00
[2025-01-05T21:30:07.404+0000] {processor.py:175} INFO - Processing /home/airflow/.local/lib/python3.7/site-packages/airflow/example_dags/example_short_circuit_operator.py took 0.146 seconds
[2025-01-05T21:30:38.176+0000] {processor.py:153} INFO - Started process (PID=2302) to work on /home/airflow/.local/lib/python3.7/site-packages/airflow/example_dags/example_short_circuit_operator.py
[2025-01-05T21:30:38.177+0000] {processor.py:743} INFO - Processing file /home/airflow/.local/lib/python3.7/site-packages/airflow/example_dags/example_short_circuit_operator.py for tasks to queue
[2025-01-05T21:30:38.179+0000] {logging_mixin.py:137} INFO - [2025-01-05T21:30:38.178+0000] {dagbag.py:538} INFO - Filling up the DagBag from /home/airflow/.local/lib/python3.7/site-packages/airflow/example_dags/example_short_circuit_operator.py
[2025-01-05T21:30:38.207+0000] {processor.py:753} INFO - DAG(s) dict_keys(['example_short_circuit_operator']) retrieved from /home/airflow/.local/lib/python3.7/site-packages/airflow/example_dags/example_short_circuit_operator.py
[2025-01-05T21:30:38.248+0000] {logging_mixin.py:137} INFO - [2025-01-05T21:30:38.247+0000] {dag.py:2690} INFO - Sync 1 DAGs
[2025-01-05T21:30:38.291+0000] {logging_mixin.py:137} INFO - [2025-01-05T21:30:38.291+0000] {dag.py:3441} INFO - Setting next_dagrun for example_short_circuit_operator to 2025-01-04T21:30:38.291131+00:00, run_after=2025-01-05T21:30:38.291131+00:00
[2025-01-05T21:30:38.324+0000] {processor.py:175} INFO - Processing /home/airflow/.local/lib/python3.7/site-packages/airflow/example_dags/example_short_circuit_operator.py took 0.154 seconds
[2025-01-05T21:31:08.564+0000] {processor.py:153} INFO - Started process (PID=2395) to work on /home/airflow/.local/lib/python3.7/site-packages/airflow/example_dags/example_short_circuit_operator.py
[2025-01-05T21:31:08.566+0000] {processor.py:743} INFO - Processing file /home/airflow/.local/lib/python3.7/site-packages/airflow/example_dags/example_short_circuit_operator.py for tasks to queue
[2025-01-05T21:31:08.567+0000] {logging_mixin.py:137} INFO - [2025-01-05T21:31:08.567+0000] {dagbag.py:538} INFO - Filling up the DagBag from /home/airflow/.local/lib/python3.7/site-packages/airflow/example_dags/example_short_circuit_operator.py
[2025-01-05T21:31:08.600+0000] {processor.py:753} INFO - DAG(s) dict_keys(['example_short_circuit_operator']) retrieved from /home/airflow/.local/lib/python3.7/site-packages/airflow/example_dags/example_short_circuit_operator.py
[2025-01-05T21:31:08.640+0000] {logging_mixin.py:137} INFO - [2025-01-05T21:31:08.640+0000] {dag.py:2690} INFO - Sync 1 DAGs
[2025-01-05T21:31:08.696+0000] {logging_mixin.py:137} INFO - [2025-01-05T21:31:08.695+0000] {dag.py:3441} INFO - Setting next_dagrun for example_short_circuit_operator to 2025-01-04T21:31:08.695219+00:00, run_after=2025-01-05T21:31:08.695219+00:00
[2025-01-05T21:31:08.788+0000] {processor.py:175} INFO - Processing /home/airflow/.local/lib/python3.7/site-packages/airflow/example_dags/example_short_circuit_operator.py took 0.229 seconds
[2025-01-05T21:31:39.621+0000] {processor.py:153} INFO - Started process (PID=2490) to work on /home/airflow/.local/lib/python3.7/site-packages/airflow/example_dags/example_short_circuit_operator.py
[2025-01-05T21:31:39.623+0000] {processor.py:743} INFO - Processing file /home/airflow/.local/lib/python3.7/site-packages/airflow/example_dags/example_short_circuit_operator.py for tasks to queue
[2025-01-05T21:31:39.624+0000] {logging_mixin.py:137} INFO - [2025-01-05T21:31:39.623+0000] {dagbag.py:538} INFO - Filling up the DagBag from /home/airflow/.local/lib/python3.7/site-packages/airflow/example_dags/example_short_circuit_operator.py
[2025-01-05T21:31:39.642+0000] {processor.py:753} INFO - DAG(s) dict_keys(['example_short_circuit_operator']) retrieved from /home/airflow/.local/lib/python3.7/site-packages/airflow/example_dags/example_short_circuit_operator.py
[2025-01-05T21:31:39.671+0000] {logging_mixin.py:137} INFO - [2025-01-05T21:31:39.671+0000] {dag.py:2690} INFO - Sync 1 DAGs
[2025-01-05T21:31:39.699+0000] {logging_mixin.py:137} INFO - [2025-01-05T21:31:39.699+0000] {dag.py:3441} INFO - Setting next_dagrun for example_short_circuit_operator to 2025-01-04T21:31:39.699583+00:00, run_after=2025-01-05T21:31:39.699583+00:00
[2025-01-05T21:31:39.721+0000] {processor.py:175} INFO - Processing /home/airflow/.local/lib/python3.7/site-packages/airflow/example_dags/example_short_circuit_operator.py took 0.104 seconds
[2025-01-05T21:32:10.352+0000] {processor.py:153} INFO - Started process (PID=2570) to work on /home/airflow/.local/lib/python3.7/site-packages/airflow/example_dags/example_short_circuit_operator.py
[2025-01-05T21:32:10.354+0000] {processor.py:743} INFO - Processing file /home/airflow/.local/lib/python3.7/site-packages/airflow/example_dags/example_short_circuit_operator.py for tasks to queue
[2025-01-05T21:32:10.355+0000] {logging_mixin.py:137} INFO - [2025-01-05T21:32:10.355+0000] {dagbag.py:538} INFO - Filling up the DagBag from /home/airflow/.local/lib/python3.7/site-packages/airflow/example_dags/example_short_circuit_operator.py
[2025-01-05T21:32:10.384+0000] {processor.py:753} INFO - DAG(s) dict_keys(['example_short_circuit_operator']) retrieved from /home/airflow/.local/lib/python3.7/site-packages/airflow/example_dags/example_short_circuit_operator.py
[2025-01-05T21:32:10.433+0000] {logging_mixin.py:137} INFO - [2025-01-05T21:32:10.433+0000] {dag.py:2690} INFO - Sync 1 DAGs
[2025-01-05T21:32:10.481+0000] {logging_mixin.py:137} INFO - [2025-01-05T21:32:10.481+0000] {dag.py:3441} INFO - Setting next_dagrun for example_short_circuit_operator to 2025-01-04T21:32:10.481459+00:00, run_after=2025-01-05T21:32:10.481459+00:00
[2025-01-05T21:32:10.511+0000] {processor.py:175} INFO - Processing /home/airflow/.local/lib/python3.7/site-packages/airflow/example_dags/example_short_circuit_operator.py took 0.163 seconds
[2025-01-05T21:32:40.797+0000] {processor.py:153} INFO - Started process (PID=2671) to work on /home/airflow/.local/lib/python3.7/site-packages/airflow/example_dags/example_short_circuit_operator.py
[2025-01-05T21:32:40.799+0000] {processor.py:743} INFO - Processing file /home/airflow/.local/lib/python3.7/site-packages/airflow/example_dags/example_short_circuit_operator.py for tasks to queue
[2025-01-05T21:32:40.801+0000] {logging_mixin.py:137} INFO - [2025-01-05T21:32:40.800+0000] {dagbag.py:538} INFO - Filling up the DagBag from /home/airflow/.local/lib/python3.7/site-packages/airflow/example_dags/example_short_circuit_operator.py
[2025-01-05T21:32:40.835+0000] {processor.py:753} INFO - DAG(s) dict_keys(['example_short_circuit_operator']) retrieved from /home/airflow/.local/lib/python3.7/site-packages/airflow/example_dags/example_short_circuit_operator.py
[2025-01-05T21:32:40.894+0000] {logging_mixin.py:137} INFO - [2025-01-05T21:32:40.894+0000] {dag.py:2690} INFO - Sync 1 DAGs
[2025-01-05T21:32:40.955+0000] {logging_mixin.py:137} INFO - [2025-01-05T21:32:40.955+0000] {dag.py:3441} INFO - Setting next_dagrun for example_short_circuit_operator to 2025-01-04T21:32:40.954818+00:00, run_after=2025-01-05T21:32:40.954818+00:00
[2025-01-05T21:32:40.999+0000] {processor.py:175} INFO - Processing /home/airflow/.local/lib/python3.7/site-packages/airflow/example_dags/example_short_circuit_operator.py took 0.207 seconds
[2025-01-05T21:33:11.221+0000] {processor.py:153} INFO - Started process (PID=2751) to work on /home/airflow/.local/lib/python3.7/site-packages/airflow/example_dags/example_short_circuit_operator.py
[2025-01-05T21:33:11.222+0000] {processor.py:743} INFO - Processing file /home/airflow/.local/lib/python3.7/site-packages/airflow/example_dags/example_short_circuit_operator.py for tasks to queue
[2025-01-05T21:33:11.223+0000] {logging_mixin.py:137} INFO - [2025-01-05T21:33:11.223+0000] {dagbag.py:538} INFO - Filling up the DagBag from /home/airflow/.local/lib/python3.7/site-packages/airflow/example_dags/example_short_circuit_operator.py
[2025-01-05T21:33:11.247+0000] {processor.py:753} INFO - DAG(s) dict_keys(['example_short_circuit_operator']) retrieved from /home/airflow/.local/lib/python3.7/site-packages/airflow/example_dags/example_short_circuit_operator.py
[2025-01-05T21:33:11.288+0000] {logging_mixin.py:137} INFO - [2025-01-05T21:33:11.288+0000] {dag.py:2690} INFO - Sync 1 DAGs
[2025-01-05T21:33:11.336+0000] {logging_mixin.py:137} INFO - [2025-01-05T21:33:11.336+0000] {dag.py:3441} INFO - Setting next_dagrun for example_short_circuit_operator to 2025-01-04T21:33:11.335789+00:00, run_after=2025-01-05T21:33:11.335789+00:00
[2025-01-05T21:33:11.365+0000] {processor.py:175} INFO - Processing /home/airflow/.local/lib/python3.7/site-packages/airflow/example_dags/example_short_circuit_operator.py took 0.152 seconds
[2025-01-05T21:33:41.807+0000] {processor.py:153} INFO - Started process (PID=2830) to work on /home/airflow/.local/lib/python3.7/site-packages/airflow/example_dags/example_short_circuit_operator.py
[2025-01-05T21:33:41.808+0000] {processor.py:743} INFO - Processing file /home/airflow/.local/lib/python3.7/site-packages/airflow/example_dags/example_short_circuit_operator.py for tasks to queue
[2025-01-05T21:33:41.809+0000] {logging_mixin.py:137} INFO - [2025-01-05T21:33:41.809+0000] {dagbag.py:538} INFO - Filling up the DagBag from /home/airflow/.local/lib/python3.7/site-packages/airflow/example_dags/example_short_circuit_operator.py
[2025-01-05T21:33:41.825+0000] {processor.py:753} INFO - DAG(s) dict_keys(['example_short_circuit_operator']) retrieved from /home/airflow/.local/lib/python3.7/site-packages/airflow/example_dags/example_short_circuit_operator.py
[2025-01-05T21:33:41.854+0000] {logging_mixin.py:137} INFO - [2025-01-05T21:33:41.854+0000] {dag.py:2690} INFO - Sync 1 DAGs
[2025-01-05T21:33:41.887+0000] {logging_mixin.py:137} INFO - [2025-01-05T21:33:41.887+0000] {dag.py:3441} INFO - Setting next_dagrun for example_short_circuit_operator to 2025-01-04T21:33:41.887395+00:00, run_after=2025-01-05T21:33:41.887395+00:00
[2025-01-05T21:33:41.911+0000] {processor.py:175} INFO - Processing /home/airflow/.local/lib/python3.7/site-packages/airflow/example_dags/example_short_circuit_operator.py took 0.107 seconds
[2025-01-05T21:34:12.490+0000] {processor.py:153} INFO - Started process (PID=2919) to work on /home/airflow/.local/lib/python3.7/site-packages/airflow/example_dags/example_short_circuit_operator.py
[2025-01-05T21:34:12.492+0000] {processor.py:743} INFO - Processing file /home/airflow/.local/lib/python3.7/site-packages/airflow/example_dags/example_short_circuit_operator.py for tasks to queue
[2025-01-05T21:34:12.493+0000] {logging_mixin.py:137} INFO - [2025-01-05T21:34:12.493+0000] {dagbag.py:538} INFO - Filling up the DagBag from /home/airflow/.local/lib/python3.7/site-packages/airflow/example_dags/example_short_circuit_operator.py
[2025-01-05T21:34:12.519+0000] {processor.py:753} INFO - DAG(s) dict_keys(['example_short_circuit_operator']) retrieved from /home/airflow/.local/lib/python3.7/site-packages/airflow/example_dags/example_short_circuit_operator.py
[2025-01-05T21:34:12.563+0000] {logging_mixin.py:137} INFO - [2025-01-05T21:34:12.563+0000] {dag.py:2690} INFO - Sync 1 DAGs
[2025-01-05T21:34:12.604+0000] {logging_mixin.py:137} INFO - [2025-01-05T21:34:12.604+0000] {dag.py:3441} INFO - Setting next_dagrun for example_short_circuit_operator to 2025-01-04T21:34:12.604089+00:00, run_after=2025-01-05T21:34:12.604089+00:00
[2025-01-05T21:34:12.637+0000] {processor.py:175} INFO - Processing /home/airflow/.local/lib/python3.7/site-packages/airflow/example_dags/example_short_circuit_operator.py took 0.153 seconds
[2025-01-05T21:34:43.443+0000] {processor.py:153} INFO - Started process (PID=3010) to work on /home/airflow/.local/lib/python3.7/site-packages/airflow/example_dags/example_short_circuit_operator.py
[2025-01-05T21:34:43.444+0000] {processor.py:743} INFO - Processing file /home/airflow/.local/lib/python3.7/site-packages/airflow/example_dags/example_short_circuit_operator.py for tasks to queue
[2025-01-05T21:34:43.446+0000] {logging_mixin.py:137} INFO - [2025-01-05T21:34:43.445+0000] {dagbag.py:538} INFO - Filling up the DagBag from /home/airflow/.local/lib/python3.7/site-packages/airflow/example_dags/example_short_circuit_operator.py
[2025-01-05T21:34:43.463+0000] {processor.py:753} INFO - DAG(s) dict_keys(['example_short_circuit_operator']) retrieved from /home/airflow/.local/lib/python3.7/site-packages/airflow/example_dags/example_short_circuit_operator.py
[2025-01-05T21:34:43.492+0000] {logging_mixin.py:137} INFO - [2025-01-05T21:34:43.491+0000] {dag.py:2690} INFO - Sync 1 DAGs
[2025-01-05T21:34:43.522+0000] {logging_mixin.py:137} INFO - [2025-01-05T21:34:43.522+0000] {dag.py:3441} INFO - Setting next_dagrun for example_short_circuit_operator to 2025-01-04T21:34:43.521927+00:00, run_after=2025-01-05T21:34:43.521927+00:00
[2025-01-05T21:34:43.549+0000] {processor.py:175} INFO - Processing /home/airflow/.local/lib/python3.7/site-packages/airflow/example_dags/example_short_circuit_operator.py took 0.109 seconds
[2025-01-05T21:35:13.695+0000] {processor.py:153} INFO - Started process (PID=3090) to work on /home/airflow/.local/lib/python3.7/site-packages/airflow/example_dags/example_short_circuit_operator.py
[2025-01-05T21:35:13.697+0000] {processor.py:743} INFO - Processing file /home/airflow/.local/lib/python3.7/site-packages/airflow/example_dags/example_short_circuit_operator.py for tasks to queue
[2025-01-05T21:35:13.698+0000] {logging_mixin.py:137} INFO - [2025-01-05T21:35:13.698+0000] {dagbag.py:538} INFO - Filling up the DagBag from /home/airflow/.local/lib/python3.7/site-packages/airflow/example_dags/example_short_circuit_operator.py
[2025-01-05T21:35:13.726+0000] {processor.py:753} INFO - DAG(s) dict_keys(['example_short_circuit_operator']) retrieved from /home/airflow/.local/lib/python3.7/site-packages/airflow/example_dags/example_short_circuit_operator.py
[2025-01-05T21:35:13.769+0000] {logging_mixin.py:137} INFO - [2025-01-05T21:35:13.769+0000] {dag.py:2690} INFO - Sync 1 DAGs
[2025-01-05T21:35:13.809+0000] {logging_mixin.py:137} INFO - [2025-01-05T21:35:13.809+0000] {dag.py:3441} INFO - Setting next_dagrun for example_short_circuit_operator to 2025-01-04T21:35:13.809258+00:00, run_after=2025-01-05T21:35:13.809258+00:00
[2025-01-05T21:35:13.838+0000] {processor.py:175} INFO - Processing /home/airflow/.local/lib/python3.7/site-packages/airflow/example_dags/example_short_circuit_operator.py took 0.146 seconds
[2025-01-05T21:35:44.244+0000] {processor.py:153} INFO - Started process (PID=3180) to work on /home/airflow/.local/lib/python3.7/site-packages/airflow/example_dags/example_short_circuit_operator.py
[2025-01-05T21:35:44.245+0000] {processor.py:743} INFO - Processing file /home/airflow/.local/lib/python3.7/site-packages/airflow/example_dags/example_short_circuit_operator.py for tasks to queue
[2025-01-05T21:35:44.246+0000] {logging_mixin.py:137} INFO - [2025-01-05T21:35:44.246+0000] {dagbag.py:538} INFO - Filling up the DagBag from /home/airflow/.local/lib/python3.7/site-packages/airflow/example_dags/example_short_circuit_operator.py
[2025-01-05T21:35:44.271+0000] {processor.py:753} INFO - DAG(s) dict_keys(['example_short_circuit_operator']) retrieved from /home/airflow/.local/lib/python3.7/site-packages/airflow/example_dags/example_short_circuit_operator.py
[2025-01-05T21:35:44.307+0000] {logging_mixin.py:137} INFO - [2025-01-05T21:35:44.307+0000] {dag.py:2690} INFO - Sync 1 DAGs
[2025-01-05T21:35:44.369+0000] {logging_mixin.py:137} INFO - [2025-01-05T21:35:44.369+0000] {dag.py:3441} INFO - Setting next_dagrun for example_short_circuit_operator to 2025-01-04T21:35:44.368744+00:00, run_after=2025-01-05T21:35:44.368744+00:00
[2025-01-05T21:35:44.413+0000] {processor.py:175} INFO - Processing /home/airflow/.local/lib/python3.7/site-packages/airflow/example_dags/example_short_circuit_operator.py took 0.174 seconds
[2025-01-05T21:36:14.562+0000] {processor.py:153} INFO - Started process (PID=3272) to work on /home/airflow/.local/lib/python3.7/site-packages/airflow/example_dags/example_short_circuit_operator.py
[2025-01-05T21:36:14.563+0000] {processor.py:743} INFO - Processing file /home/airflow/.local/lib/python3.7/site-packages/airflow/example_dags/example_short_circuit_operator.py for tasks to queue
[2025-01-05T21:36:14.564+0000] {logging_mixin.py:137} INFO - [2025-01-05T21:36:14.564+0000] {dagbag.py:538} INFO - Filling up the DagBag from /home/airflow/.local/lib/python3.7/site-packages/airflow/example_dags/example_short_circuit_operator.py
[2025-01-05T21:36:14.581+0000] {processor.py:753} INFO - DAG(s) dict_keys(['example_short_circuit_operator']) retrieved from /home/airflow/.local/lib/python3.7/site-packages/airflow/example_dags/example_short_circuit_operator.py
[2025-01-05T21:36:14.611+0000] {logging_mixin.py:137} INFO - [2025-01-05T21:36:14.610+0000] {dag.py:2690} INFO - Sync 1 DAGs
[2025-01-05T21:36:14.639+0000] {logging_mixin.py:137} INFO - [2025-01-05T21:36:14.638+0000] {dag.py:3441} INFO - Setting next_dagrun for example_short_circuit_operator to 2025-01-04T21:36:14.638622+00:00, run_after=2025-01-05T21:36:14.638622+00:00
[2025-01-05T21:36:14.660+0000] {processor.py:175} INFO - Processing /home/airflow/.local/lib/python3.7/site-packages/airflow/example_dags/example_short_circuit_operator.py took 0.101 seconds
[2025-01-05T21:36:45.624+0000] {processor.py:153} INFO - Started process (PID=3352) to work on /home/airflow/.local/lib/python3.7/site-packages/airflow/example_dags/example_short_circuit_operator.py
[2025-01-05T21:36:45.625+0000] {processor.py:743} INFO - Processing file /home/airflow/.local/lib/python3.7/site-packages/airflow/example_dags/example_short_circuit_operator.py for tasks to queue
[2025-01-05T21:36:45.627+0000] {logging_mixin.py:137} INFO - [2025-01-05T21:36:45.626+0000] {dagbag.py:538} INFO - Filling up the DagBag from /home/airflow/.local/lib/python3.7/site-packages/airflow/example_dags/example_short_circuit_operator.py
[2025-01-05T21:36:45.655+0000] {processor.py:753} INFO - DAG(s) dict_keys(['example_short_circuit_operator']) retrieved from /home/airflow/.local/lib/python3.7/site-packages/airflow/example_dags/example_short_circuit_operator.py
[2025-01-05T21:36:45.699+0000] {logging_mixin.py:137} INFO - [2025-01-05T21:36:45.699+0000] {dag.py:2690} INFO - Sync 1 DAGs
[2025-01-05T21:36:45.735+0000] {logging_mixin.py:137} INFO - [2025-01-05T21:36:45.735+0000] {dag.py:3441} INFO - Setting next_dagrun for example_short_circuit_operator to 2025-01-04T21:36:45.735080+00:00, run_after=2025-01-05T21:36:45.735080+00:00
[2025-01-05T21:36:45.763+0000] {processor.py:175} INFO - Processing /home/airflow/.local/lib/python3.7/site-packages/airflow/example_dags/example_short_circuit_operator.py took 0.143 seconds
[2025-01-05T21:37:16.502+0000] {processor.py:153} INFO - Started process (PID=3453) to work on /home/airflow/.local/lib/python3.7/site-packages/airflow/example_dags/example_short_circuit_operator.py
[2025-01-05T21:37:16.508+0000] {processor.py:743} INFO - Processing file /home/airflow/.local/lib/python3.7/site-packages/airflow/example_dags/example_short_circuit_operator.py for tasks to queue
[2025-01-05T21:37:16.510+0000] {logging_mixin.py:137} INFO - [2025-01-05T21:37:16.509+0000] {dagbag.py:538} INFO - Filling up the DagBag from /home/airflow/.local/lib/python3.7/site-packages/airflow/example_dags/example_short_circuit_operator.py
[2025-01-05T21:37:16.547+0000] {processor.py:753} INFO - DAG(s) dict_keys(['example_short_circuit_operator']) retrieved from /home/airflow/.local/lib/python3.7/site-packages/airflow/example_dags/example_short_circuit_operator.py
[2025-01-05T21:37:16.590+0000] {logging_mixin.py:137} INFO - [2025-01-05T21:37:16.590+0000] {dag.py:2690} INFO - Sync 1 DAGs
[2025-01-05T21:37:16.639+0000] {logging_mixin.py:137} INFO - [2025-01-05T21:37:16.639+0000] {dag.py:3441} INFO - Setting next_dagrun for example_short_circuit_operator to 2025-01-04T21:37:16.639185+00:00, run_after=2025-01-05T21:37:16.639185+00:00
[2025-01-05T21:37:16.670+0000] {processor.py:175} INFO - Processing /home/airflow/.local/lib/python3.7/site-packages/airflow/example_dags/example_short_circuit_operator.py took 0.182 seconds
[2025-01-05T21:37:46.881+0000] {processor.py:153} INFO - Started process (PID=3532) to work on /home/airflow/.local/lib/python3.7/site-packages/airflow/example_dags/example_short_circuit_operator.py
[2025-01-05T21:37:46.882+0000] {processor.py:743} INFO - Processing file /home/airflow/.local/lib/python3.7/site-packages/airflow/example_dags/example_short_circuit_operator.py for tasks to queue
[2025-01-05T21:37:46.883+0000] {logging_mixin.py:137} INFO - [2025-01-05T21:37:46.883+0000] {dagbag.py:538} INFO - Filling up the DagBag from /home/airflow/.local/lib/python3.7/site-packages/airflow/example_dags/example_short_circuit_operator.py
[2025-01-05T21:37:46.900+0000] {processor.py:753} INFO - DAG(s) dict_keys(['example_short_circuit_operator']) retrieved from /home/airflow/.local/lib/python3.7/site-packages/airflow/example_dags/example_short_circuit_operator.py
[2025-01-05T21:37:46.931+0000] {logging_mixin.py:137} INFO - [2025-01-05T21:37:46.930+0000] {dag.py:2690} INFO - Sync 1 DAGs
[2025-01-05T21:37:46.961+0000] {logging_mixin.py:137} INFO - [2025-01-05T21:37:46.961+0000] {dag.py:3441} INFO - Setting next_dagrun for example_short_circuit_operator to 2025-01-04T21:37:46.960888+00:00, run_after=2025-01-05T21:37:46.960888+00:00
[2025-01-05T21:37:46.983+0000] {processor.py:175} INFO - Processing /home/airflow/.local/lib/python3.7/site-packages/airflow/example_dags/example_short_circuit_operator.py took 0.106 seconds
