[2025-01-05T21:14:08.119+0000] {processor.py:153} INFO - Started process (PID=189) to work on /home/airflow/.local/lib/python3.7/site-packages/airflow/example_dags/example_xcomargs.py
[2025-01-05T21:14:08.120+0000] {processor.py:743} INFO - Processing file /home/airflow/.local/lib/python3.7/site-packages/airflow/example_dags/example_xcomargs.py for tasks to queue
[2025-01-05T21:14:08.121+0000] {logging_mixin.py:137} INFO - [2025-01-05T21:14:08.121+0000] {dagbag.py:538} INFO - Filling up the DagBag from /home/airflow/.local/lib/python3.7/site-packages/airflow/example_dags/example_xcomargs.py
[2025-01-05T21:14:08.159+0000] {processor.py:753} INFO - DAG(s) dict_keys(['example_xcom_args', 'example_xcom_args_with_operators']) retrieved from /home/airflow/.local/lib/python3.7/site-packages/airflow/example_dags/example_xcomargs.py
[2025-01-05T21:14:08.212+0000] {logging_mixin.py:137} INFO - [2025-01-05T21:14:08.212+0000] {dag.py:2690} INFO - Sync 2 DAGs
[2025-01-05T21:14:08.248+0000] {logging_mixin.py:137} INFO - [2025-01-05T21:14:08.248+0000] {dag.py:3441} INFO - Setting next_dagrun for example_xcom_args to None, run_after=None
[2025-01-05T21:14:08.254+0000] {logging_mixin.py:137} INFO - [2025-01-05T21:14:08.254+0000] {dag.py:3441} INFO - Setting next_dagrun for example_xcom_args_with_operators to None, run_after=None
[2025-01-05T21:14:08.282+0000] {processor.py:175} INFO - Processing /home/airflow/.local/lib/python3.7/site-packages/airflow/example_dags/example_xcomargs.py took 0.168 seconds
[2025-01-05T21:14:38.368+0000] {processor.py:153} INFO - Started process (PID=275) to work on /home/airflow/.local/lib/python3.7/site-packages/airflow/example_dags/example_xcomargs.py
[2025-01-05T21:14:38.370+0000] {processor.py:743} INFO - Processing file /home/airflow/.local/lib/python3.7/site-packages/airflow/example_dags/example_xcomargs.py for tasks to queue
[2025-01-05T21:14:38.371+0000] {logging_mixin.py:137} INFO - [2025-01-05T21:14:38.371+0000] {dagbag.py:538} INFO - Filling up the DagBag from /home/airflow/.local/lib/python3.7/site-packages/airflow/example_dags/example_xcomargs.py
[2025-01-05T21:14:38.403+0000] {processor.py:753} INFO - DAG(s) dict_keys(['example_xcom_args', 'example_xcom_args_with_operators']) retrieved from /home/airflow/.local/lib/python3.7/site-packages/airflow/example_dags/example_xcomargs.py
[2025-01-05T21:14:38.448+0000] {logging_mixin.py:137} INFO - [2025-01-05T21:14:38.448+0000] {dag.py:2690} INFO - Sync 2 DAGs
[2025-01-05T21:14:38.489+0000] {logging_mixin.py:137} INFO - [2025-01-05T21:14:38.489+0000] {dag.py:3441} INFO - Setting next_dagrun for example_xcom_args to None, run_after=None
[2025-01-05T21:14:38.501+0000] {logging_mixin.py:137} INFO - [2025-01-05T21:14:38.500+0000] {dag.py:3441} INFO - Setting next_dagrun for example_xcom_args_with_operators to None, run_after=None
[2025-01-05T21:14:38.540+0000] {processor.py:175} INFO - Processing /home/airflow/.local/lib/python3.7/site-packages/airflow/example_dags/example_xcomargs.py took 0.176 seconds
[2025-01-05T21:15:08.938+0000] {processor.py:153} INFO - Started process (PID=368) to work on /home/airflow/.local/lib/python3.7/site-packages/airflow/example_dags/example_xcomargs.py
[2025-01-05T21:15:08.939+0000] {processor.py:743} INFO - Processing file /home/airflow/.local/lib/python3.7/site-packages/airflow/example_dags/example_xcomargs.py for tasks to queue
[2025-01-05T21:15:08.940+0000] {logging_mixin.py:137} INFO - [2025-01-05T21:15:08.940+0000] {dagbag.py:538} INFO - Filling up the DagBag from /home/airflow/.local/lib/python3.7/site-packages/airflow/example_dags/example_xcomargs.py
[2025-01-05T21:15:08.972+0000] {processor.py:753} INFO - DAG(s) dict_keys(['example_xcom_args', 'example_xcom_args_with_operators']) retrieved from /home/airflow/.local/lib/python3.7/site-packages/airflow/example_dags/example_xcomargs.py
[2025-01-05T21:15:09.015+0000] {logging_mixin.py:137} INFO - [2025-01-05T21:15:09.015+0000] {dag.py:2690} INFO - Sync 2 DAGs
[2025-01-05T21:15:09.049+0000] {logging_mixin.py:137} INFO - [2025-01-05T21:15:09.049+0000] {dag.py:3441} INFO - Setting next_dagrun for example_xcom_args to None, run_after=None
[2025-01-05T21:15:09.056+0000] {logging_mixin.py:137} INFO - [2025-01-05T21:15:09.055+0000] {dag.py:3441} INFO - Setting next_dagrun for example_xcom_args_with_operators to None, run_after=None
[2025-01-05T21:15:09.080+0000] {processor.py:175} INFO - Processing /home/airflow/.local/lib/python3.7/site-packages/airflow/example_dags/example_xcomargs.py took 0.148 seconds
[2025-01-05T21:15:41.121+0000] {processor.py:153} INFO - Started process (PID=447) to work on /home/airflow/.local/lib/python3.7/site-packages/airflow/example_dags/example_xcomargs.py
[2025-01-05T21:15:41.122+0000] {processor.py:743} INFO - Processing file /home/airflow/.local/lib/python3.7/site-packages/airflow/example_dags/example_xcomargs.py for tasks to queue
[2025-01-05T21:15:41.124+0000] {logging_mixin.py:137} INFO - [2025-01-05T21:15:41.124+0000] {dagbag.py:538} INFO - Filling up the DagBag from /home/airflow/.local/lib/python3.7/site-packages/airflow/example_dags/example_xcomargs.py
[2025-01-05T21:15:41.175+0000] {processor.py:753} INFO - DAG(s) dict_keys(['example_xcom_args_with_operators', 'example_xcom_args']) retrieved from /home/airflow/.local/lib/python3.7/site-packages/airflow/example_dags/example_xcomargs.py
[2025-01-05T21:15:41.292+0000] {logging_mixin.py:137} INFO - [2025-01-05T21:15:41.291+0000] {dag.py:2690} INFO - Sync 2 DAGs
[2025-01-05T21:15:41.391+0000] {logging_mixin.py:137} INFO - [2025-01-05T21:15:41.391+0000] {dag.py:3441} INFO - Setting next_dagrun for example_xcom_args to None, run_after=None
[2025-01-05T21:15:41.402+0000] {logging_mixin.py:137} INFO - [2025-01-05T21:15:41.401+0000] {dag.py:3441} INFO - Setting next_dagrun for example_xcom_args_with_operators to None, run_after=None
[2025-01-05T21:15:41.454+0000] {processor.py:175} INFO - Processing /home/airflow/.local/lib/python3.7/site-packages/airflow/example_dags/example_xcomargs.py took 0.340 seconds
[2025-01-05T21:16:11.529+0000] {processor.py:153} INFO - Started process (PID=526) to work on /home/airflow/.local/lib/python3.7/site-packages/airflow/example_dags/example_xcomargs.py
[2025-01-05T21:16:11.530+0000] {processor.py:743} INFO - Processing file /home/airflow/.local/lib/python3.7/site-packages/airflow/example_dags/example_xcomargs.py for tasks to queue
[2025-01-05T21:16:11.531+0000] {logging_mixin.py:137} INFO - [2025-01-05T21:16:11.531+0000] {dagbag.py:538} INFO - Filling up the DagBag from /home/airflow/.local/lib/python3.7/site-packages/airflow/example_dags/example_xcomargs.py
[2025-01-05T21:16:11.582+0000] {processor.py:753} INFO - DAG(s) dict_keys(['example_xcom_args', 'example_xcom_args_with_operators']) retrieved from /home/airflow/.local/lib/python3.7/site-packages/airflow/example_dags/example_xcomargs.py
[2025-01-05T21:16:11.631+0000] {logging_mixin.py:137} INFO - [2025-01-05T21:16:11.631+0000] {dag.py:2690} INFO - Sync 2 DAGs
[2025-01-05T21:16:11.670+0000] {logging_mixin.py:137} INFO - [2025-01-05T21:16:11.670+0000] {dag.py:3441} INFO - Setting next_dagrun for example_xcom_args to None, run_after=None
[2025-01-05T21:16:11.678+0000] {logging_mixin.py:137} INFO - [2025-01-05T21:16:11.678+0000] {dag.py:3441} INFO - Setting next_dagrun for example_xcom_args_with_operators to None, run_after=None
[2025-01-05T21:16:11.724+0000] {processor.py:175} INFO - Processing /home/airflow/.local/lib/python3.7/site-packages/airflow/example_dags/example_xcomargs.py took 0.199 seconds
[2025-01-05T21:17:52.964+0000] {processor.py:153} INFO - Started process (PID=86) to work on /home/airflow/.local/lib/python3.7/site-packages/airflow/example_dags/example_xcomargs.py
[2025-01-05T21:17:52.965+0000] {processor.py:743} INFO - Processing file /home/airflow/.local/lib/python3.7/site-packages/airflow/example_dags/example_xcomargs.py for tasks to queue
[2025-01-05T21:17:52.966+0000] {logging_mixin.py:137} INFO - [2025-01-05T21:17:52.966+0000] {dagbag.py:538} INFO - Filling up the DagBag from /home/airflow/.local/lib/python3.7/site-packages/airflow/example_dags/example_xcomargs.py
[2025-01-05T21:17:53.003+0000] {processor.py:753} INFO - DAG(s) dict_keys(['example_xcom_args', 'example_xcom_args_with_operators']) retrieved from /home/airflow/.local/lib/python3.7/site-packages/airflow/example_dags/example_xcomargs.py
[2025-01-05T21:17:53.056+0000] {logging_mixin.py:137} INFO - [2025-01-05T21:17:53.055+0000] {dag.py:2690} INFO - Sync 2 DAGs
[2025-01-05T21:17:53.100+0000] {logging_mixin.py:137} INFO - [2025-01-05T21:17:53.100+0000] {dag.py:3441} INFO - Setting next_dagrun for example_xcom_args to None, run_after=None
[2025-01-05T21:17:53.106+0000] {logging_mixin.py:137} INFO - [2025-01-05T21:17:53.105+0000] {dag.py:3441} INFO - Setting next_dagrun for example_xcom_args_with_operators to None, run_after=None
[2025-01-05T21:17:53.132+0000] {processor.py:175} INFO - Processing /home/airflow/.local/lib/python3.7/site-packages/airflow/example_dags/example_xcomargs.py took 0.172 seconds
[2025-01-05T21:18:23.333+0000] {processor.py:153} INFO - Started process (PID=166) to work on /home/airflow/.local/lib/python3.7/site-packages/airflow/example_dags/example_xcomargs.py
[2025-01-05T21:18:23.334+0000] {processor.py:743} INFO - Processing file /home/airflow/.local/lib/python3.7/site-packages/airflow/example_dags/example_xcomargs.py for tasks to queue
[2025-01-05T21:18:23.336+0000] {logging_mixin.py:137} INFO - [2025-01-05T21:18:23.336+0000] {dagbag.py:538} INFO - Filling up the DagBag from /home/airflow/.local/lib/python3.7/site-packages/airflow/example_dags/example_xcomargs.py
[2025-01-05T21:18:23.394+0000] {processor.py:753} INFO - DAG(s) dict_keys(['example_xcom_args', 'example_xcom_args_with_operators']) retrieved from /home/airflow/.local/lib/python3.7/site-packages/airflow/example_dags/example_xcomargs.py
[2025-01-05T21:18:23.454+0000] {logging_mixin.py:137} INFO - [2025-01-05T21:18:23.454+0000] {dag.py:2690} INFO - Sync 2 DAGs
[2025-01-05T21:18:23.495+0000] {logging_mixin.py:137} INFO - [2025-01-05T21:18:23.495+0000] {dag.py:3441} INFO - Setting next_dagrun for example_xcom_args to None, run_after=None
[2025-01-05T21:18:23.500+0000] {logging_mixin.py:137} INFO - [2025-01-05T21:18:23.500+0000] {dag.py:3441} INFO - Setting next_dagrun for example_xcom_args_with_operators to None, run_after=None
[2025-01-05T21:18:23.522+0000] {processor.py:175} INFO - Processing /home/airflow/.local/lib/python3.7/site-packages/airflow/example_dags/example_xcomargs.py took 0.198 seconds
[2025-01-05T21:18:53.605+0000] {processor.py:153} INFO - Started process (PID=267) to work on /home/airflow/.local/lib/python3.7/site-packages/airflow/example_dags/example_xcomargs.py
[2025-01-05T21:18:53.606+0000] {processor.py:743} INFO - Processing file /home/airflow/.local/lib/python3.7/site-packages/airflow/example_dags/example_xcomargs.py for tasks to queue
[2025-01-05T21:18:53.607+0000] {logging_mixin.py:137} INFO - [2025-01-05T21:18:53.607+0000] {dagbag.py:538} INFO - Filling up the DagBag from /home/airflow/.local/lib/python3.7/site-packages/airflow/example_dags/example_xcomargs.py
[2025-01-05T21:18:53.628+0000] {processor.py:753} INFO - DAG(s) dict_keys(['example_xcom_args', 'example_xcom_args_with_operators']) retrieved from /home/airflow/.local/lib/python3.7/site-packages/airflow/example_dags/example_xcomargs.py
[2025-01-05T21:18:53.656+0000] {logging_mixin.py:137} INFO - [2025-01-05T21:18:53.656+0000] {dag.py:2690} INFO - Sync 2 DAGs
[2025-01-05T21:18:53.679+0000] {logging_mixin.py:137} INFO - [2025-01-05T21:18:53.679+0000] {dag.py:3441} INFO - Setting next_dagrun for example_xcom_args to None, run_after=None
[2025-01-05T21:18:53.683+0000] {logging_mixin.py:137} INFO - [2025-01-05T21:18:53.682+0000] {dag.py:3441} INFO - Setting next_dagrun for example_xcom_args_with_operators to None, run_after=None
[2025-01-05T21:18:53.700+0000] {processor.py:175} INFO - Processing /home/airflow/.local/lib/python3.7/site-packages/airflow/example_dags/example_xcomargs.py took 0.097 seconds
[2025-01-05T21:19:23.761+0000] {processor.py:153} INFO - Started process (PID=347) to work on /home/airflow/.local/lib/python3.7/site-packages/airflow/example_dags/example_xcomargs.py
[2025-01-05T21:19:23.762+0000] {processor.py:743} INFO - Processing file /home/airflow/.local/lib/python3.7/site-packages/airflow/example_dags/example_xcomargs.py for tasks to queue
[2025-01-05T21:19:23.763+0000] {logging_mixin.py:137} INFO - [2025-01-05T21:19:23.763+0000] {dagbag.py:538} INFO - Filling up the DagBag from /home/airflow/.local/lib/python3.7/site-packages/airflow/example_dags/example_xcomargs.py
[2025-01-05T21:19:23.784+0000] {processor.py:753} INFO - DAG(s) dict_keys(['example_xcom_args', 'example_xcom_args_with_operators']) retrieved from /home/airflow/.local/lib/python3.7/site-packages/airflow/example_dags/example_xcomargs.py
[2025-01-05T21:19:23.810+0000] {logging_mixin.py:137} INFO - [2025-01-05T21:19:23.810+0000] {dag.py:2690} INFO - Sync 2 DAGs
[2025-01-05T21:19:23.834+0000] {logging_mixin.py:137} INFO - [2025-01-05T21:19:23.834+0000] {dag.py:3441} INFO - Setting next_dagrun for example_xcom_args to None, run_after=None
[2025-01-05T21:19:23.838+0000] {logging_mixin.py:137} INFO - [2025-01-05T21:19:23.838+0000] {dag.py:3441} INFO - Setting next_dagrun for example_xcom_args_with_operators to None, run_after=None
[2025-01-05T21:19:23.855+0000] {processor.py:175} INFO - Processing /home/airflow/.local/lib/python3.7/site-packages/airflow/example_dags/example_xcomargs.py took 0.097 seconds
[2025-01-05T21:19:54.769+0000] {processor.py:153} INFO - Started process (PID=448) to work on /home/airflow/.local/lib/python3.7/site-packages/airflow/example_dags/example_xcomargs.py
[2025-01-05T21:19:54.770+0000] {processor.py:743} INFO - Processing file /home/airflow/.local/lib/python3.7/site-packages/airflow/example_dags/example_xcomargs.py for tasks to queue
[2025-01-05T21:19:54.771+0000] {logging_mixin.py:137} INFO - [2025-01-05T21:19:54.771+0000] {dagbag.py:538} INFO - Filling up the DagBag from /home/airflow/.local/lib/python3.7/site-packages/airflow/example_dags/example_xcomargs.py
[2025-01-05T21:19:54.795+0000] {processor.py:753} INFO - DAG(s) dict_keys(['example_xcom_args_with_operators', 'example_xcom_args']) retrieved from /home/airflow/.local/lib/python3.7/site-packages/airflow/example_dags/example_xcomargs.py
[2025-01-05T21:19:54.827+0000] {logging_mixin.py:137} INFO - [2025-01-05T21:19:54.827+0000] {dag.py:2690} INFO - Sync 2 DAGs
[2025-01-05T21:19:54.854+0000] {logging_mixin.py:137} INFO - [2025-01-05T21:19:54.854+0000] {dag.py:3441} INFO - Setting next_dagrun for example_xcom_args to None, run_after=None
[2025-01-05T21:19:54.858+0000] {logging_mixin.py:137} INFO - [2025-01-05T21:19:54.858+0000] {dag.py:3441} INFO - Setting next_dagrun for example_xcom_args_with_operators to None, run_after=None
[2025-01-05T21:19:54.878+0000] {processor.py:175} INFO - Processing /home/airflow/.local/lib/python3.7/site-packages/airflow/example_dags/example_xcomargs.py took 0.112 seconds
[2025-01-05T21:20:25.505+0000] {processor.py:153} INFO - Started process (PID=528) to work on /home/airflow/.local/lib/python3.7/site-packages/airflow/example_dags/example_xcomargs.py
[2025-01-05T21:20:25.505+0000] {processor.py:743} INFO - Processing file /home/airflow/.local/lib/python3.7/site-packages/airflow/example_dags/example_xcomargs.py for tasks to queue
[2025-01-05T21:20:25.506+0000] {logging_mixin.py:137} INFO - [2025-01-05T21:20:25.506+0000] {dagbag.py:538} INFO - Filling up the DagBag from /home/airflow/.local/lib/python3.7/site-packages/airflow/example_dags/example_xcomargs.py
[2025-01-05T21:20:25.529+0000] {processor.py:753} INFO - DAG(s) dict_keys(['example_xcom_args', 'example_xcom_args_with_operators']) retrieved from /home/airflow/.local/lib/python3.7/site-packages/airflow/example_dags/example_xcomargs.py
[2025-01-05T21:20:25.557+0000] {logging_mixin.py:137} INFO - [2025-01-05T21:20:25.557+0000] {dag.py:2690} INFO - Sync 2 DAGs
[2025-01-05T21:20:25.584+0000] {logging_mixin.py:137} INFO - [2025-01-05T21:20:25.584+0000] {dag.py:3441} INFO - Setting next_dagrun for example_xcom_args to None, run_after=None
[2025-01-05T21:20:25.588+0000] {logging_mixin.py:137} INFO - [2025-01-05T21:20:25.588+0000] {dag.py:3441} INFO - Setting next_dagrun for example_xcom_args_with_operators to None, run_after=None
[2025-01-05T21:20:25.605+0000] {processor.py:175} INFO - Processing /home/airflow/.local/lib/python3.7/site-packages/airflow/example_dags/example_xcomargs.py took 0.103 seconds
[2025-01-05T21:20:56.481+0000] {processor.py:153} INFO - Started process (PID=628) to work on /home/airflow/.local/lib/python3.7/site-packages/airflow/example_dags/example_xcomargs.py
[2025-01-05T21:20:56.482+0000] {processor.py:743} INFO - Processing file /home/airflow/.local/lib/python3.7/site-packages/airflow/example_dags/example_xcomargs.py for tasks to queue
[2025-01-05T21:20:56.483+0000] {logging_mixin.py:137} INFO - [2025-01-05T21:20:56.483+0000] {dagbag.py:538} INFO - Filling up the DagBag from /home/airflow/.local/lib/python3.7/site-packages/airflow/example_dags/example_xcomargs.py
[2025-01-05T21:20:56.509+0000] {processor.py:753} INFO - DAG(s) dict_keys(['example_xcom_args', 'example_xcom_args_with_operators']) retrieved from /home/airflow/.local/lib/python3.7/site-packages/airflow/example_dags/example_xcomargs.py
[2025-01-05T21:20:56.538+0000] {logging_mixin.py:137} INFO - [2025-01-05T21:20:56.538+0000] {dag.py:2690} INFO - Sync 2 DAGs
[2025-01-05T21:20:56.564+0000] {logging_mixin.py:137} INFO - [2025-01-05T21:20:56.564+0000] {dag.py:3441} INFO - Setting next_dagrun for example_xcom_args to None, run_after=None
[2025-01-05T21:20:56.568+0000] {logging_mixin.py:137} INFO - [2025-01-05T21:20:56.567+0000] {dag.py:3441} INFO - Setting next_dagrun for example_xcom_args_with_operators to None, run_after=None
[2025-01-05T21:20:56.587+0000] {processor.py:175} INFO - Processing /home/airflow/.local/lib/python3.7/site-packages/airflow/example_dags/example_xcomargs.py took 0.109 seconds
[2025-01-05T21:21:26.615+0000] {processor.py:153} INFO - Started process (PID=708) to work on /home/airflow/.local/lib/python3.7/site-packages/airflow/example_dags/example_xcomargs.py
[2025-01-05T21:21:26.616+0000] {processor.py:743} INFO - Processing file /home/airflow/.local/lib/python3.7/site-packages/airflow/example_dags/example_xcomargs.py for tasks to queue
[2025-01-05T21:21:26.617+0000] {logging_mixin.py:137} INFO - [2025-01-05T21:21:26.617+0000] {dagbag.py:538} INFO - Filling up the DagBag from /home/airflow/.local/lib/python3.7/site-packages/airflow/example_dags/example_xcomargs.py
[2025-01-05T21:21:26.639+0000] {processor.py:753} INFO - DAG(s) dict_keys(['example_xcom_args', 'example_xcom_args_with_operators']) retrieved from /home/airflow/.local/lib/python3.7/site-packages/airflow/example_dags/example_xcomargs.py
[2025-01-05T21:21:26.670+0000] {logging_mixin.py:137} INFO - [2025-01-05T21:21:26.670+0000] {dag.py:2690} INFO - Sync 2 DAGs
[2025-01-05T21:21:26.699+0000] {logging_mixin.py:137} INFO - [2025-01-05T21:21:26.699+0000] {dag.py:3441} INFO - Setting next_dagrun for example_xcom_args to None, run_after=None
[2025-01-05T21:21:26.703+0000] {logging_mixin.py:137} INFO - [2025-01-05T21:21:26.702+0000] {dag.py:3441} INFO - Setting next_dagrun for example_xcom_args_with_operators to None, run_after=None
[2025-01-05T21:21:26.721+0000] {processor.py:175} INFO - Processing /home/airflow/.local/lib/python3.7/site-packages/airflow/example_dags/example_xcomargs.py took 0.110 seconds
[2025-01-05T21:21:56.991+0000] {processor.py:153} INFO - Started process (PID=797) to work on /home/airflow/.local/lib/python3.7/site-packages/airflow/example_dags/example_xcomargs.py
[2025-01-05T21:21:56.992+0000] {processor.py:743} INFO - Processing file /home/airflow/.local/lib/python3.7/site-packages/airflow/example_dags/example_xcomargs.py for tasks to queue
[2025-01-05T21:21:56.993+0000] {logging_mixin.py:137} INFO - [2025-01-05T21:21:56.993+0000] {dagbag.py:538} INFO - Filling up the DagBag from /home/airflow/.local/lib/python3.7/site-packages/airflow/example_dags/example_xcomargs.py
[2025-01-05T21:21:57.018+0000] {processor.py:753} INFO - DAG(s) dict_keys(['example_xcom_args', 'example_xcom_args_with_operators']) retrieved from /home/airflow/.local/lib/python3.7/site-packages/airflow/example_dags/example_xcomargs.py
[2025-01-05T21:21:57.052+0000] {logging_mixin.py:137} INFO - [2025-01-05T21:21:57.052+0000] {dag.py:2690} INFO - Sync 2 DAGs
[2025-01-05T21:21:57.085+0000] {logging_mixin.py:137} INFO - [2025-01-05T21:21:57.085+0000] {dag.py:3441} INFO - Setting next_dagrun for example_xcom_args to None, run_after=None
[2025-01-05T21:21:57.091+0000] {logging_mixin.py:137} INFO - [2025-01-05T21:21:57.090+0000] {dag.py:3441} INFO - Setting next_dagrun for example_xcom_args_with_operators to None, run_after=None
[2025-01-05T21:21:57.112+0000] {processor.py:175} INFO - Processing /home/airflow/.local/lib/python3.7/site-packages/airflow/example_dags/example_xcomargs.py took 0.125 seconds
[2025-01-05T21:22:27.165+0000] {processor.py:153} INFO - Started process (PID=888) to work on /home/airflow/.local/lib/python3.7/site-packages/airflow/example_dags/example_xcomargs.py
[2025-01-05T21:22:27.166+0000] {processor.py:743} INFO - Processing file /home/airflow/.local/lib/python3.7/site-packages/airflow/example_dags/example_xcomargs.py for tasks to queue
[2025-01-05T21:22:27.167+0000] {logging_mixin.py:137} INFO - [2025-01-05T21:22:27.167+0000] {dagbag.py:538} INFO - Filling up the DagBag from /home/airflow/.local/lib/python3.7/site-packages/airflow/example_dags/example_xcomargs.py
[2025-01-05T21:22:27.188+0000] {processor.py:753} INFO - DAG(s) dict_keys(['example_xcom_args', 'example_xcom_args_with_operators']) retrieved from /home/airflow/.local/lib/python3.7/site-packages/airflow/example_dags/example_xcomargs.py
[2025-01-05T21:22:27.218+0000] {logging_mixin.py:137} INFO - [2025-01-05T21:22:27.218+0000] {dag.py:2690} INFO - Sync 2 DAGs
[2025-01-05T21:22:27.243+0000] {logging_mixin.py:137} INFO - [2025-01-05T21:22:27.243+0000] {dag.py:3441} INFO - Setting next_dagrun for example_xcom_args to None, run_after=None
[2025-01-05T21:22:27.247+0000] {logging_mixin.py:137} INFO - [2025-01-05T21:22:27.247+0000] {dag.py:3441} INFO - Setting next_dagrun for example_xcom_args_with_operators to None, run_after=None
[2025-01-05T21:22:27.263+0000] {processor.py:175} INFO - Processing /home/airflow/.local/lib/python3.7/site-packages/airflow/example_dags/example_xcomargs.py took 0.101 seconds
[2025-01-05T21:22:57.404+0000] {processor.py:153} INFO - Started process (PID=969) to work on /home/airflow/.local/lib/python3.7/site-packages/airflow/example_dags/example_xcomargs.py
[2025-01-05T21:22:57.405+0000] {processor.py:743} INFO - Processing file /home/airflow/.local/lib/python3.7/site-packages/airflow/example_dags/example_xcomargs.py for tasks to queue
[2025-01-05T21:22:57.406+0000] {logging_mixin.py:137} INFO - [2025-01-05T21:22:57.405+0000] {dagbag.py:538} INFO - Filling up the DagBag from /home/airflow/.local/lib/python3.7/site-packages/airflow/example_dags/example_xcomargs.py
[2025-01-05T21:22:57.428+0000] {processor.py:753} INFO - DAG(s) dict_keys(['example_xcom_args', 'example_xcom_args_with_operators']) retrieved from /home/airflow/.local/lib/python3.7/site-packages/airflow/example_dags/example_xcomargs.py
[2025-01-05T21:22:57.459+0000] {logging_mixin.py:137} INFO - [2025-01-05T21:22:57.459+0000] {dag.py:2690} INFO - Sync 2 DAGs
[2025-01-05T21:22:57.484+0000] {logging_mixin.py:137} INFO - [2025-01-05T21:22:57.484+0000] {dag.py:3441} INFO - Setting next_dagrun for example_xcom_args to None, run_after=None
[2025-01-05T21:22:57.488+0000] {logging_mixin.py:137} INFO - [2025-01-05T21:22:57.488+0000] {dag.py:3441} INFO - Setting next_dagrun for example_xcom_args_with_operators to None, run_after=None
[2025-01-05T21:22:57.508+0000] {processor.py:175} INFO - Processing /home/airflow/.local/lib/python3.7/site-packages/airflow/example_dags/example_xcomargs.py took 0.108 seconds
[2025-01-05T21:23:28.177+0000] {processor.py:153} INFO - Started process (PID=1069) to work on /home/airflow/.local/lib/python3.7/site-packages/airflow/example_dags/example_xcomargs.py
[2025-01-05T21:23:28.178+0000] {processor.py:743} INFO - Processing file /home/airflow/.local/lib/python3.7/site-packages/airflow/example_dags/example_xcomargs.py for tasks to queue
[2025-01-05T21:23:28.179+0000] {logging_mixin.py:137} INFO - [2025-01-05T21:23:28.179+0000] {dagbag.py:538} INFO - Filling up the DagBag from /home/airflow/.local/lib/python3.7/site-packages/airflow/example_dags/example_xcomargs.py
[2025-01-05T21:23:28.204+0000] {processor.py:753} INFO - DAG(s) dict_keys(['example_xcom_args_with_operators', 'example_xcom_args']) retrieved from /home/airflow/.local/lib/python3.7/site-packages/airflow/example_dags/example_xcomargs.py
[2025-01-05T21:23:28.236+0000] {logging_mixin.py:137} INFO - [2025-01-05T21:23:28.236+0000] {dag.py:2690} INFO - Sync 2 DAGs
[2025-01-05T21:23:28.262+0000] {logging_mixin.py:137} INFO - [2025-01-05T21:23:28.262+0000] {dag.py:3441} INFO - Setting next_dagrun for example_xcom_args to None, run_after=None
[2025-01-05T21:23:28.266+0000] {logging_mixin.py:137} INFO - [2025-01-05T21:23:28.266+0000] {dag.py:3441} INFO - Setting next_dagrun for example_xcom_args_with_operators to None, run_after=None
[2025-01-05T21:23:28.285+0000] {processor.py:175} INFO - Processing /home/airflow/.local/lib/python3.7/site-packages/airflow/example_dags/example_xcomargs.py took 0.110 seconds
[2025-01-05T21:23:58.759+0000] {processor.py:153} INFO - Started process (PID=1149) to work on /home/airflow/.local/lib/python3.7/site-packages/airflow/example_dags/example_xcomargs.py
[2025-01-05T21:23:58.760+0000] {processor.py:743} INFO - Processing file /home/airflow/.local/lib/python3.7/site-packages/airflow/example_dags/example_xcomargs.py for tasks to queue
[2025-01-05T21:23:58.761+0000] {logging_mixin.py:137} INFO - [2025-01-05T21:23:58.761+0000] {dagbag.py:538} INFO - Filling up the DagBag from /home/airflow/.local/lib/python3.7/site-packages/airflow/example_dags/example_xcomargs.py
[2025-01-05T21:23:58.784+0000] {processor.py:753} INFO - DAG(s) dict_keys(['example_xcom_args', 'example_xcom_args_with_operators']) retrieved from /home/airflow/.local/lib/python3.7/site-packages/airflow/example_dags/example_xcomargs.py
[2025-01-05T21:23:58.813+0000] {logging_mixin.py:137} INFO - [2025-01-05T21:23:58.813+0000] {dag.py:2690} INFO - Sync 2 DAGs
[2025-01-05T21:23:58.842+0000] {logging_mixin.py:137} INFO - [2025-01-05T21:23:58.841+0000] {dag.py:3441} INFO - Setting next_dagrun for example_xcom_args to None, run_after=None
[2025-01-05T21:23:58.846+0000] {logging_mixin.py:137} INFO - [2025-01-05T21:23:58.845+0000] {dag.py:3441} INFO - Setting next_dagrun for example_xcom_args_with_operators to None, run_after=None
[2025-01-05T21:23:58.864+0000] {processor.py:175} INFO - Processing /home/airflow/.local/lib/python3.7/site-packages/airflow/example_dags/example_xcomargs.py took 0.109 seconds
[2025-01-05T21:24:29.551+0000] {processor.py:153} INFO - Started process (PID=1249) to work on /home/airflow/.local/lib/python3.7/site-packages/airflow/example_dags/example_xcomargs.py
[2025-01-05T21:24:29.552+0000] {processor.py:743} INFO - Processing file /home/airflow/.local/lib/python3.7/site-packages/airflow/example_dags/example_xcomargs.py for tasks to queue
[2025-01-05T21:24:29.553+0000] {logging_mixin.py:137} INFO - [2025-01-05T21:24:29.553+0000] {dagbag.py:538} INFO - Filling up the DagBag from /home/airflow/.local/lib/python3.7/site-packages/airflow/example_dags/example_xcomargs.py
[2025-01-05T21:24:29.576+0000] {processor.py:753} INFO - DAG(s) dict_keys(['example_xcom_args_with_operators', 'example_xcom_args']) retrieved from /home/airflow/.local/lib/python3.7/site-packages/airflow/example_dags/example_xcomargs.py
[2025-01-05T21:24:29.605+0000] {logging_mixin.py:137} INFO - [2025-01-05T21:24:29.605+0000] {dag.py:2690} INFO - Sync 2 DAGs
[2025-01-05T21:24:29.630+0000] {logging_mixin.py:137} INFO - [2025-01-05T21:24:29.630+0000] {dag.py:3441} INFO - Setting next_dagrun for example_xcom_args to None, run_after=None
[2025-01-05T21:24:29.634+0000] {logging_mixin.py:137} INFO - [2025-01-05T21:24:29.634+0000] {dag.py:3441} INFO - Setting next_dagrun for example_xcom_args_with_operators to None, run_after=None
[2025-01-05T21:24:29.651+0000] {processor.py:175} INFO - Processing /home/airflow/.local/lib/python3.7/site-packages/airflow/example_dags/example_xcomargs.py took 0.103 seconds
[2025-01-05T21:25:00.143+0000] {processor.py:153} INFO - Started process (PID=1330) to work on /home/airflow/.local/lib/python3.7/site-packages/airflow/example_dags/example_xcomargs.py
[2025-01-05T21:25:00.144+0000] {processor.py:743} INFO - Processing file /home/airflow/.local/lib/python3.7/site-packages/airflow/example_dags/example_xcomargs.py for tasks to queue
[2025-01-05T21:25:00.145+0000] {logging_mixin.py:137} INFO - [2025-01-05T21:25:00.145+0000] {dagbag.py:538} INFO - Filling up the DagBag from /home/airflow/.local/lib/python3.7/site-packages/airflow/example_dags/example_xcomargs.py
[2025-01-05T21:25:00.168+0000] {processor.py:753} INFO - DAG(s) dict_keys(['example_xcom_args_with_operators', 'example_xcom_args']) retrieved from /home/airflow/.local/lib/python3.7/site-packages/airflow/example_dags/example_xcomargs.py
[2025-01-05T21:25:00.197+0000] {logging_mixin.py:137} INFO - [2025-01-05T21:25:00.197+0000] {dag.py:2690} INFO - Sync 2 DAGs
[2025-01-05T21:25:00.225+0000] {logging_mixin.py:137} INFO - [2025-01-05T21:25:00.225+0000] {dag.py:3441} INFO - Setting next_dagrun for example_xcom_args to None, run_after=None
[2025-01-05T21:25:00.230+0000] {logging_mixin.py:137} INFO - [2025-01-05T21:25:00.230+0000] {dag.py:3441} INFO - Setting next_dagrun for example_xcom_args_with_operators to None, run_after=None
[2025-01-05T21:25:00.253+0000] {processor.py:175} INFO - Processing /home/airflow/.local/lib/python3.7/site-packages/airflow/example_dags/example_xcomargs.py took 0.113 seconds
[2025-01-05T21:25:31.768+0000] {processor.py:153} INFO - Started process (PID=1430) to work on /home/airflow/.local/lib/python3.7/site-packages/airflow/example_dags/example_xcomargs.py
[2025-01-05T21:25:31.769+0000] {processor.py:743} INFO - Processing file /home/airflow/.local/lib/python3.7/site-packages/airflow/example_dags/example_xcomargs.py for tasks to queue
[2025-01-05T21:25:31.770+0000] {logging_mixin.py:137} INFO - [2025-01-05T21:25:31.770+0000] {dagbag.py:538} INFO - Filling up the DagBag from /home/airflow/.local/lib/python3.7/site-packages/airflow/example_dags/example_xcomargs.py
[2025-01-05T21:25:31.792+0000] {processor.py:753} INFO - DAG(s) dict_keys(['example_xcom_args', 'example_xcom_args_with_operators']) retrieved from /home/airflow/.local/lib/python3.7/site-packages/airflow/example_dags/example_xcomargs.py
[2025-01-05T21:25:31.825+0000] {logging_mixin.py:137} INFO - [2025-01-05T21:25:31.825+0000] {dag.py:2690} INFO - Sync 2 DAGs
[2025-01-05T21:25:31.854+0000] {logging_mixin.py:137} INFO - [2025-01-05T21:25:31.854+0000] {dag.py:3441} INFO - Setting next_dagrun for example_xcom_args to None, run_after=None
[2025-01-05T21:25:31.860+0000] {logging_mixin.py:137} INFO - [2025-01-05T21:25:31.860+0000] {dag.py:3441} INFO - Setting next_dagrun for example_xcom_args_with_operators to None, run_after=None
[2025-01-05T21:25:31.878+0000] {processor.py:175} INFO - Processing /home/airflow/.local/lib/python3.7/site-packages/airflow/example_dags/example_xcomargs.py took 0.112 seconds
[2025-01-05T21:26:02.530+0000] {processor.py:153} INFO - Started process (PID=1510) to work on /home/airflow/.local/lib/python3.7/site-packages/airflow/example_dags/example_xcomargs.py
[2025-01-05T21:26:02.531+0000] {processor.py:743} INFO - Processing file /home/airflow/.local/lib/python3.7/site-packages/airflow/example_dags/example_xcomargs.py for tasks to queue
[2025-01-05T21:26:02.532+0000] {logging_mixin.py:137} INFO - [2025-01-05T21:26:02.531+0000] {dagbag.py:538} INFO - Filling up the DagBag from /home/airflow/.local/lib/python3.7/site-packages/airflow/example_dags/example_xcomargs.py
[2025-01-05T21:26:02.553+0000] {processor.py:753} INFO - DAG(s) dict_keys(['example_xcom_args', 'example_xcom_args_with_operators']) retrieved from /home/airflow/.local/lib/python3.7/site-packages/airflow/example_dags/example_xcomargs.py
[2025-01-05T21:26:02.581+0000] {logging_mixin.py:137} INFO - [2025-01-05T21:26:02.581+0000] {dag.py:2690} INFO - Sync 2 DAGs
[2025-01-05T21:26:02.616+0000] {logging_mixin.py:137} INFO - [2025-01-05T21:26:02.616+0000] {dag.py:3441} INFO - Setting next_dagrun for example_xcom_args to None, run_after=None
[2025-01-05T21:26:02.620+0000] {logging_mixin.py:137} INFO - [2025-01-05T21:26:02.620+0000] {dag.py:3441} INFO - Setting next_dagrun for example_xcom_args_with_operators to None, run_after=None
[2025-01-05T21:26:02.637+0000] {processor.py:175} INFO - Processing /home/airflow/.local/lib/python3.7/site-packages/airflow/example_dags/example_xcomargs.py took 0.111 seconds
[2025-01-05T21:26:33.349+0000] {processor.py:153} INFO - Started process (PID=1610) to work on /home/airflow/.local/lib/python3.7/site-packages/airflow/example_dags/example_xcomargs.py
[2025-01-05T21:26:33.350+0000] {processor.py:743} INFO - Processing file /home/airflow/.local/lib/python3.7/site-packages/airflow/example_dags/example_xcomargs.py for tasks to queue
[2025-01-05T21:26:33.351+0000] {logging_mixin.py:137} INFO - [2025-01-05T21:26:33.351+0000] {dagbag.py:538} INFO - Filling up the DagBag from /home/airflow/.local/lib/python3.7/site-packages/airflow/example_dags/example_xcomargs.py
[2025-01-05T21:26:33.373+0000] {processor.py:753} INFO - DAG(s) dict_keys(['example_xcom_args_with_operators', 'example_xcom_args']) retrieved from /home/airflow/.local/lib/python3.7/site-packages/airflow/example_dags/example_xcomargs.py
[2025-01-05T21:26:33.402+0000] {logging_mixin.py:137} INFO - [2025-01-05T21:26:33.402+0000] {dag.py:2690} INFO - Sync 2 DAGs
[2025-01-05T21:26:33.427+0000] {logging_mixin.py:137} INFO - [2025-01-05T21:26:33.426+0000] {dag.py:3441} INFO - Setting next_dagrun for example_xcom_args to None, run_after=None
[2025-01-05T21:26:33.430+0000] {logging_mixin.py:137} INFO - [2025-01-05T21:26:33.430+0000] {dag.py:3441} INFO - Setting next_dagrun for example_xcom_args_with_operators to None, run_after=None
[2025-01-05T21:26:33.447+0000] {processor.py:175} INFO - Processing /home/airflow/.local/lib/python3.7/site-packages/airflow/example_dags/example_xcomargs.py took 0.101 seconds
[2025-01-05T21:27:04.125+0000] {processor.py:153} INFO - Started process (PID=1689) to work on /home/airflow/.local/lib/python3.7/site-packages/airflow/example_dags/example_xcomargs.py
[2025-01-05T21:27:04.126+0000] {processor.py:743} INFO - Processing file /home/airflow/.local/lib/python3.7/site-packages/airflow/example_dags/example_xcomargs.py for tasks to queue
[2025-01-05T21:27:04.127+0000] {logging_mixin.py:137} INFO - [2025-01-05T21:27:04.127+0000] {dagbag.py:538} INFO - Filling up the DagBag from /home/airflow/.local/lib/python3.7/site-packages/airflow/example_dags/example_xcomargs.py
[2025-01-05T21:27:04.150+0000] {processor.py:753} INFO - DAG(s) dict_keys(['example_xcom_args', 'example_xcom_args_with_operators']) retrieved from /home/airflow/.local/lib/python3.7/site-packages/airflow/example_dags/example_xcomargs.py
[2025-01-05T21:27:04.180+0000] {logging_mixin.py:137} INFO - [2025-01-05T21:27:04.179+0000] {dag.py:2690} INFO - Sync 2 DAGs
[2025-01-05T21:27:04.206+0000] {logging_mixin.py:137} INFO - [2025-01-05T21:27:04.206+0000] {dag.py:3441} INFO - Setting next_dagrun for example_xcom_args to None, run_after=None
[2025-01-05T21:27:04.210+0000] {logging_mixin.py:137} INFO - [2025-01-05T21:27:04.210+0000] {dag.py:3441} INFO - Setting next_dagrun for example_xcom_args_with_operators to None, run_after=None
[2025-01-05T21:27:04.227+0000] {processor.py:175} INFO - Processing /home/airflow/.local/lib/python3.7/site-packages/airflow/example_dags/example_xcomargs.py took 0.105 seconds
[2025-01-05T21:27:34.978+0000] {processor.py:153} INFO - Started process (PID=1789) to work on /home/airflow/.local/lib/python3.7/site-packages/airflow/example_dags/example_xcomargs.py
[2025-01-05T21:27:34.979+0000] {processor.py:743} INFO - Processing file /home/airflow/.local/lib/python3.7/site-packages/airflow/example_dags/example_xcomargs.py for tasks to queue
[2025-01-05T21:27:34.980+0000] {logging_mixin.py:137} INFO - [2025-01-05T21:27:34.980+0000] {dagbag.py:538} INFO - Filling up the DagBag from /home/airflow/.local/lib/python3.7/site-packages/airflow/example_dags/example_xcomargs.py
[2025-01-05T21:27:35.009+0000] {processor.py:753} INFO - DAG(s) dict_keys(['example_xcom_args', 'example_xcom_args_with_operators']) retrieved from /home/airflow/.local/lib/python3.7/site-packages/airflow/example_dags/example_xcomargs.py
[2025-01-05T21:27:35.040+0000] {logging_mixin.py:137} INFO - [2025-01-05T21:27:35.040+0000] {dag.py:2690} INFO - Sync 2 DAGs
[2025-01-05T21:27:35.068+0000] {logging_mixin.py:137} INFO - [2025-01-05T21:27:35.068+0000] {dag.py:3441} INFO - Setting next_dagrun for example_xcom_args to None, run_after=None
[2025-01-05T21:27:35.072+0000] {logging_mixin.py:137} INFO - [2025-01-05T21:27:35.072+0000] {dag.py:3441} INFO - Setting next_dagrun for example_xcom_args_with_operators to None, run_after=None
[2025-01-05T21:27:35.089+0000] {processor.py:175} INFO - Processing /home/airflow/.local/lib/python3.7/site-packages/airflow/example_dags/example_xcomargs.py took 0.116 seconds
[2025-01-05T21:28:05.704+0000] {processor.py:153} INFO - Started process (PID=1869) to work on /home/airflow/.local/lib/python3.7/site-packages/airflow/example_dags/example_xcomargs.py
[2025-01-05T21:28:05.706+0000] {processor.py:743} INFO - Processing file /home/airflow/.local/lib/python3.7/site-packages/airflow/example_dags/example_xcomargs.py for tasks to queue
[2025-01-05T21:28:05.707+0000] {logging_mixin.py:137} INFO - [2025-01-05T21:28:05.707+0000] {dagbag.py:538} INFO - Filling up the DagBag from /home/airflow/.local/lib/python3.7/site-packages/airflow/example_dags/example_xcomargs.py
[2025-01-05T21:28:05.733+0000] {processor.py:753} INFO - DAG(s) dict_keys(['example_xcom_args', 'example_xcom_args_with_operators']) retrieved from /home/airflow/.local/lib/python3.7/site-packages/airflow/example_dags/example_xcomargs.py
[2025-01-05T21:28:05.761+0000] {logging_mixin.py:137} INFO - [2025-01-05T21:28:05.761+0000] {dag.py:2690} INFO - Sync 2 DAGs
[2025-01-05T21:28:05.789+0000] {logging_mixin.py:137} INFO - [2025-01-05T21:28:05.789+0000] {dag.py:3441} INFO - Setting next_dagrun for example_xcom_args to None, run_after=None
[2025-01-05T21:28:05.792+0000] {logging_mixin.py:137} INFO - [2025-01-05T21:28:05.792+0000] {dag.py:3441} INFO - Setting next_dagrun for example_xcom_args_with_operators to None, run_after=None
[2025-01-05T21:28:05.808+0000] {processor.py:175} INFO - Processing /home/airflow/.local/lib/python3.7/site-packages/airflow/example_dags/example_xcomargs.py took 0.107 seconds
[2025-01-05T21:28:35.922+0000] {processor.py:153} INFO - Started process (PID=1969) to work on /home/airflow/.local/lib/python3.7/site-packages/airflow/example_dags/example_xcomargs.py
[2025-01-05T21:28:35.923+0000] {processor.py:743} INFO - Processing file /home/airflow/.local/lib/python3.7/site-packages/airflow/example_dags/example_xcomargs.py for tasks to queue
[2025-01-05T21:28:35.924+0000] {logging_mixin.py:137} INFO - [2025-01-05T21:28:35.924+0000] {dagbag.py:538} INFO - Filling up the DagBag from /home/airflow/.local/lib/python3.7/site-packages/airflow/example_dags/example_xcomargs.py
[2025-01-05T21:28:35.949+0000] {processor.py:753} INFO - DAG(s) dict_keys(['example_xcom_args_with_operators', 'example_xcom_args']) retrieved from /home/airflow/.local/lib/python3.7/site-packages/airflow/example_dags/example_xcomargs.py
[2025-01-05T21:28:35.983+0000] {logging_mixin.py:137} INFO - [2025-01-05T21:28:35.983+0000] {dag.py:2690} INFO - Sync 2 DAGs
[2025-01-05T21:28:36.011+0000] {logging_mixin.py:137} INFO - [2025-01-05T21:28:36.011+0000] {dag.py:3441} INFO - Setting next_dagrun for example_xcom_args to None, run_after=None
[2025-01-05T21:28:36.016+0000] {logging_mixin.py:137} INFO - [2025-01-05T21:28:36.016+0000] {dag.py:3441} INFO - Setting next_dagrun for example_xcom_args_with_operators to None, run_after=None
[2025-01-05T21:28:36.035+0000] {processor.py:175} INFO - Processing /home/airflow/.local/lib/python3.7/site-packages/airflow/example_dags/example_xcomargs.py took 0.116 seconds
[2025-01-05T21:29:06.985+0000] {processor.py:153} INFO - Started process (PID=2049) to work on /home/airflow/.local/lib/python3.7/site-packages/airflow/example_dags/example_xcomargs.py
[2025-01-05T21:29:06.986+0000] {processor.py:743} INFO - Processing file /home/airflow/.local/lib/python3.7/site-packages/airflow/example_dags/example_xcomargs.py for tasks to queue
[2025-01-05T21:29:06.987+0000] {logging_mixin.py:137} INFO - [2025-01-05T21:29:06.987+0000] {dagbag.py:538} INFO - Filling up the DagBag from /home/airflow/.local/lib/python3.7/site-packages/airflow/example_dags/example_xcomargs.py
[2025-01-05T21:29:07.011+0000] {processor.py:753} INFO - DAG(s) dict_keys(['example_xcom_args', 'example_xcom_args_with_operators']) retrieved from /home/airflow/.local/lib/python3.7/site-packages/airflow/example_dags/example_xcomargs.py
[2025-01-05T21:29:07.038+0000] {logging_mixin.py:137} INFO - [2025-01-05T21:29:07.038+0000] {dag.py:2690} INFO - Sync 2 DAGs
[2025-01-05T21:29:07.065+0000] {logging_mixin.py:137} INFO - [2025-01-05T21:29:07.065+0000] {dag.py:3441} INFO - Setting next_dagrun for example_xcom_args to None, run_after=None
[2025-01-05T21:29:07.069+0000] {logging_mixin.py:137} INFO - [2025-01-05T21:29:07.069+0000] {dag.py:3441} INFO - Setting next_dagrun for example_xcom_args_with_operators to None, run_after=None
[2025-01-05T21:29:07.090+0000] {processor.py:175} INFO - Processing /home/airflow/.local/lib/python3.7/site-packages/airflow/example_dags/example_xcomargs.py took 0.108 seconds
[2025-01-05T21:29:37.453+0000] {processor.py:153} INFO - Started process (PID=2149) to work on /home/airflow/.local/lib/python3.7/site-packages/airflow/example_dags/example_xcomargs.py
[2025-01-05T21:29:37.453+0000] {processor.py:743} INFO - Processing file /home/airflow/.local/lib/python3.7/site-packages/airflow/example_dags/example_xcomargs.py for tasks to queue
[2025-01-05T21:29:37.454+0000] {logging_mixin.py:137} INFO - [2025-01-05T21:29:37.454+0000] {dagbag.py:538} INFO - Filling up the DagBag from /home/airflow/.local/lib/python3.7/site-packages/airflow/example_dags/example_xcomargs.py
[2025-01-05T21:29:37.488+0000] {processor.py:753} INFO - DAG(s) dict_keys(['example_xcom_args_with_operators', 'example_xcom_args']) retrieved from /home/airflow/.local/lib/python3.7/site-packages/airflow/example_dags/example_xcomargs.py
[2025-01-05T21:29:37.524+0000] {logging_mixin.py:137} INFO - [2025-01-05T21:29:37.524+0000] {dag.py:2690} INFO - Sync 2 DAGs
[2025-01-05T21:29:37.559+0000] {logging_mixin.py:137} INFO - [2025-01-05T21:29:37.559+0000] {dag.py:3441} INFO - Setting next_dagrun for example_xcom_args to None, run_after=None
[2025-01-05T21:29:37.564+0000] {logging_mixin.py:137} INFO - [2025-01-05T21:29:37.564+0000] {dag.py:3441} INFO - Setting next_dagrun for example_xcom_args_with_operators to None, run_after=None
[2025-01-05T21:29:37.587+0000] {processor.py:175} INFO - Processing /home/airflow/.local/lib/python3.7/site-packages/airflow/example_dags/example_xcomargs.py took 0.139 seconds
[2025-01-05T21:30:08.048+0000] {processor.py:153} INFO - Started process (PID=2229) to work on /home/airflow/.local/lib/python3.7/site-packages/airflow/example_dags/example_xcomargs.py
[2025-01-05T21:30:08.050+0000] {processor.py:743} INFO - Processing file /home/airflow/.local/lib/python3.7/site-packages/airflow/example_dags/example_xcomargs.py for tasks to queue
[2025-01-05T21:30:08.051+0000] {logging_mixin.py:137} INFO - [2025-01-05T21:30:08.051+0000] {dagbag.py:538} INFO - Filling up the DagBag from /home/airflow/.local/lib/python3.7/site-packages/airflow/example_dags/example_xcomargs.py
[2025-01-05T21:30:08.089+0000] {processor.py:753} INFO - DAG(s) dict_keys(['example_xcom_args', 'example_xcom_args_with_operators']) retrieved from /home/airflow/.local/lib/python3.7/site-packages/airflow/example_dags/example_xcomargs.py
[2025-01-05T21:30:08.133+0000] {logging_mixin.py:137} INFO - [2025-01-05T21:30:08.133+0000] {dag.py:2690} INFO - Sync 2 DAGs
[2025-01-05T21:30:08.173+0000] {logging_mixin.py:137} INFO - [2025-01-05T21:30:08.173+0000] {dag.py:3441} INFO - Setting next_dagrun for example_xcom_args to None, run_after=None
[2025-01-05T21:30:08.179+0000] {logging_mixin.py:137} INFO - [2025-01-05T21:30:08.179+0000] {dag.py:3441} INFO - Setting next_dagrun for example_xcom_args_with_operators to None, run_after=None
[2025-01-05T21:30:08.205+0000] {processor.py:175} INFO - Processing /home/airflow/.local/lib/python3.7/site-packages/airflow/example_dags/example_xcomargs.py took 0.162 seconds
[2025-01-05T21:30:38.980+0000] {processor.py:153} INFO - Started process (PID=2309) to work on /home/airflow/.local/lib/python3.7/site-packages/airflow/example_dags/example_xcomargs.py
[2025-01-05T21:30:38.981+0000] {processor.py:743} INFO - Processing file /home/airflow/.local/lib/python3.7/site-packages/airflow/example_dags/example_xcomargs.py for tasks to queue
[2025-01-05T21:30:38.983+0000] {logging_mixin.py:137} INFO - [2025-01-05T21:30:38.983+0000] {dagbag.py:538} INFO - Filling up the DagBag from /home/airflow/.local/lib/python3.7/site-packages/airflow/example_dags/example_xcomargs.py
[2025-01-05T21:30:39.025+0000] {processor.py:753} INFO - DAG(s) dict_keys(['example_xcom_args_with_operators', 'example_xcom_args']) retrieved from /home/airflow/.local/lib/python3.7/site-packages/airflow/example_dags/example_xcomargs.py
[2025-01-05T21:30:39.069+0000] {logging_mixin.py:137} INFO - [2025-01-05T21:30:39.068+0000] {dag.py:2690} INFO - Sync 2 DAGs
[2025-01-05T21:30:39.109+0000] {logging_mixin.py:137} INFO - [2025-01-05T21:30:39.109+0000] {dag.py:3441} INFO - Setting next_dagrun for example_xcom_args to None, run_after=None
[2025-01-05T21:30:39.114+0000] {logging_mixin.py:137} INFO - [2025-01-05T21:30:39.114+0000] {dag.py:3441} INFO - Setting next_dagrun for example_xcom_args_with_operators to None, run_after=None
[2025-01-05T21:30:39.140+0000] {processor.py:175} INFO - Processing /home/airflow/.local/lib/python3.7/site-packages/airflow/example_dags/example_xcomargs.py took 0.164 seconds
[2025-01-05T21:31:09.265+0000] {processor.py:153} INFO - Started process (PID=2413) to work on /home/airflow/.local/lib/python3.7/site-packages/airflow/example_dags/example_xcomargs.py
[2025-01-05T21:31:09.266+0000] {processor.py:743} INFO - Processing file /home/airflow/.local/lib/python3.7/site-packages/airflow/example_dags/example_xcomargs.py for tasks to queue
[2025-01-05T21:31:09.268+0000] {logging_mixin.py:137} INFO - [2025-01-05T21:31:09.267+0000] {dagbag.py:538} INFO - Filling up the DagBag from /home/airflow/.local/lib/python3.7/site-packages/airflow/example_dags/example_xcomargs.py
[2025-01-05T21:31:09.301+0000] {processor.py:753} INFO - DAG(s) dict_keys(['example_xcom_args_with_operators', 'example_xcom_args']) retrieved from /home/airflow/.local/lib/python3.7/site-packages/airflow/example_dags/example_xcomargs.py
[2025-01-05T21:31:09.346+0000] {logging_mixin.py:137} INFO - [2025-01-05T21:31:09.346+0000] {dag.py:2690} INFO - Sync 2 DAGs
[2025-01-05T21:31:09.390+0000] {logging_mixin.py:137} INFO - [2025-01-05T21:31:09.389+0000] {dag.py:3441} INFO - Setting next_dagrun for example_xcom_args to None, run_after=None
[2025-01-05T21:31:09.395+0000] {logging_mixin.py:137} INFO - [2025-01-05T21:31:09.394+0000] {dag.py:3441} INFO - Setting next_dagrun for example_xcom_args_with_operators to None, run_after=None
[2025-01-05T21:31:09.421+0000] {processor.py:175} INFO - Processing /home/airflow/.local/lib/python3.7/site-packages/airflow/example_dags/example_xcomargs.py took 0.160 seconds
[2025-01-05T21:31:40.133+0000] {processor.py:153} INFO - Started process (PID=2497) to work on /home/airflow/.local/lib/python3.7/site-packages/airflow/example_dags/example_xcomargs.py
[2025-01-05T21:31:40.134+0000] {processor.py:743} INFO - Processing file /home/airflow/.local/lib/python3.7/site-packages/airflow/example_dags/example_xcomargs.py for tasks to queue
[2025-01-05T21:31:40.135+0000] {logging_mixin.py:137} INFO - [2025-01-05T21:31:40.135+0000] {dagbag.py:538} INFO - Filling up the DagBag from /home/airflow/.local/lib/python3.7/site-packages/airflow/example_dags/example_xcomargs.py
[2025-01-05T21:31:40.165+0000] {processor.py:753} INFO - DAG(s) dict_keys(['example_xcom_args', 'example_xcom_args_with_operators']) retrieved from /home/airflow/.local/lib/python3.7/site-packages/airflow/example_dags/example_xcomargs.py
[2025-01-05T21:31:40.207+0000] {logging_mixin.py:137} INFO - [2025-01-05T21:31:40.206+0000] {dag.py:2690} INFO - Sync 2 DAGs
[2025-01-05T21:31:40.244+0000] {logging_mixin.py:137} INFO - [2025-01-05T21:31:40.243+0000] {dag.py:3441} INFO - Setting next_dagrun for example_xcom_args to None, run_after=None
[2025-01-05T21:31:40.249+0000] {logging_mixin.py:137} INFO - [2025-01-05T21:31:40.248+0000] {dag.py:3441} INFO - Setting next_dagrun for example_xcom_args_with_operators to None, run_after=None
[2025-01-05T21:31:40.271+0000] {processor.py:175} INFO - Processing /home/airflow/.local/lib/python3.7/site-packages/airflow/example_dags/example_xcomargs.py took 0.142 seconds
[2025-01-05T21:32:11.250+0000] {processor.py:153} INFO - Started process (PID=2577) to work on /home/airflow/.local/lib/python3.7/site-packages/airflow/example_dags/example_xcomargs.py
[2025-01-05T21:32:11.251+0000] {processor.py:743} INFO - Processing file /home/airflow/.local/lib/python3.7/site-packages/airflow/example_dags/example_xcomargs.py for tasks to queue
[2025-01-05T21:32:11.252+0000] {logging_mixin.py:137} INFO - [2025-01-05T21:32:11.252+0000] {dagbag.py:538} INFO - Filling up the DagBag from /home/airflow/.local/lib/python3.7/site-packages/airflow/example_dags/example_xcomargs.py
[2025-01-05T21:32:11.296+0000] {processor.py:753} INFO - DAG(s) dict_keys(['example_xcom_args', 'example_xcom_args_with_operators']) retrieved from /home/airflow/.local/lib/python3.7/site-packages/airflow/example_dags/example_xcomargs.py
[2025-01-05T21:32:11.348+0000] {logging_mixin.py:137} INFO - [2025-01-05T21:32:11.348+0000] {dag.py:2690} INFO - Sync 2 DAGs
[2025-01-05T21:32:11.395+0000] {logging_mixin.py:137} INFO - [2025-01-05T21:32:11.395+0000] {dag.py:3441} INFO - Setting next_dagrun for example_xcom_args to None, run_after=None
[2025-01-05T21:32:11.401+0000] {logging_mixin.py:137} INFO - [2025-01-05T21:32:11.401+0000] {dag.py:3441} INFO - Setting next_dagrun for example_xcom_args_with_operators to None, run_after=None
[2025-01-05T21:32:11.444+0000] {processor.py:175} INFO - Processing /home/airflow/.local/lib/python3.7/site-packages/airflow/example_dags/example_xcomargs.py took 0.202 seconds
[2025-01-05T21:32:41.545+0000] {processor.py:153} INFO - Started process (PID=2678) to work on /home/airflow/.local/lib/python3.7/site-packages/airflow/example_dags/example_xcomargs.py
[2025-01-05T21:32:41.546+0000] {processor.py:743} INFO - Processing file /home/airflow/.local/lib/python3.7/site-packages/airflow/example_dags/example_xcomargs.py for tasks to queue
[2025-01-05T21:32:41.547+0000] {logging_mixin.py:137} INFO - [2025-01-05T21:32:41.547+0000] {dagbag.py:538} INFO - Filling up the DagBag from /home/airflow/.local/lib/python3.7/site-packages/airflow/example_dags/example_xcomargs.py
[2025-01-05T21:32:41.576+0000] {processor.py:753} INFO - DAG(s) dict_keys(['example_xcom_args_with_operators', 'example_xcom_args']) retrieved from /home/airflow/.local/lib/python3.7/site-packages/airflow/example_dags/example_xcomargs.py
[2025-01-05T21:32:41.611+0000] {logging_mixin.py:137} INFO - [2025-01-05T21:32:41.610+0000] {dag.py:2690} INFO - Sync 2 DAGs
[2025-01-05T21:32:41.642+0000] {logging_mixin.py:137} INFO - [2025-01-05T21:32:41.642+0000] {dag.py:3441} INFO - Setting next_dagrun for example_xcom_args to None, run_after=None
[2025-01-05T21:32:41.646+0000] {logging_mixin.py:137} INFO - [2025-01-05T21:32:41.646+0000] {dag.py:3441} INFO - Setting next_dagrun for example_xcom_args_with_operators to None, run_after=None
[2025-01-05T21:32:41.667+0000] {processor.py:175} INFO - Processing /home/airflow/.local/lib/python3.7/site-packages/airflow/example_dags/example_xcomargs.py took 0.126 seconds
[2025-01-05T21:33:11.835+0000] {processor.py:153} INFO - Started process (PID=2758) to work on /home/airflow/.local/lib/python3.7/site-packages/airflow/example_dags/example_xcomargs.py
[2025-01-05T21:33:11.836+0000] {processor.py:743} INFO - Processing file /home/airflow/.local/lib/python3.7/site-packages/airflow/example_dags/example_xcomargs.py for tasks to queue
[2025-01-05T21:33:11.838+0000] {logging_mixin.py:137} INFO - [2025-01-05T21:33:11.837+0000] {dagbag.py:538} INFO - Filling up the DagBag from /home/airflow/.local/lib/python3.7/site-packages/airflow/example_dags/example_xcomargs.py
[2025-01-05T21:33:11.869+0000] {processor.py:753} INFO - DAG(s) dict_keys(['example_xcom_args', 'example_xcom_args_with_operators']) retrieved from /home/airflow/.local/lib/python3.7/site-packages/airflow/example_dags/example_xcomargs.py
[2025-01-05T21:33:11.906+0000] {logging_mixin.py:137} INFO - [2025-01-05T21:33:11.906+0000] {dag.py:2690} INFO - Sync 2 DAGs
[2025-01-05T21:33:11.948+0000] {logging_mixin.py:137} INFO - [2025-01-05T21:33:11.948+0000] {dag.py:3441} INFO - Setting next_dagrun for example_xcom_args to None, run_after=None
[2025-01-05T21:33:11.953+0000] {logging_mixin.py:137} INFO - [2025-01-05T21:33:11.953+0000] {dag.py:3441} INFO - Setting next_dagrun for example_xcom_args_with_operators to None, run_after=None
[2025-01-05T21:33:11.977+0000] {processor.py:175} INFO - Processing /home/airflow/.local/lib/python3.7/site-packages/airflow/example_dags/example_xcomargs.py took 0.146 seconds
[2025-01-05T21:33:42.299+0000] {processor.py:153} INFO - Started process (PID=2837) to work on /home/airflow/.local/lib/python3.7/site-packages/airflow/example_dags/example_xcomargs.py
[2025-01-05T21:33:42.300+0000] {processor.py:743} INFO - Processing file /home/airflow/.local/lib/python3.7/site-packages/airflow/example_dags/example_xcomargs.py for tasks to queue
[2025-01-05T21:33:42.301+0000] {logging_mixin.py:137} INFO - [2025-01-05T21:33:42.301+0000] {dagbag.py:538} INFO - Filling up the DagBag from /home/airflow/.local/lib/python3.7/site-packages/airflow/example_dags/example_xcomargs.py
[2025-01-05T21:33:42.327+0000] {processor.py:753} INFO - DAG(s) dict_keys(['example_xcom_args', 'example_xcom_args_with_operators']) retrieved from /home/airflow/.local/lib/python3.7/site-packages/airflow/example_dags/example_xcomargs.py
[2025-01-05T21:33:42.359+0000] {logging_mixin.py:137} INFO - [2025-01-05T21:33:42.359+0000] {dag.py:2690} INFO - Sync 2 DAGs
[2025-01-05T21:33:42.396+0000] {logging_mixin.py:137} INFO - [2025-01-05T21:33:42.396+0000] {dag.py:3441} INFO - Setting next_dagrun for example_xcom_args to None, run_after=None
[2025-01-05T21:33:42.401+0000] {logging_mixin.py:137} INFO - [2025-01-05T21:33:42.401+0000] {dag.py:3441} INFO - Setting next_dagrun for example_xcom_args_with_operators to None, run_after=None
[2025-01-05T21:33:42.424+0000] {processor.py:175} INFO - Processing /home/airflow/.local/lib/python3.7/site-packages/airflow/example_dags/example_xcomargs.py took 0.128 seconds
[2025-01-05T21:34:13.087+0000] {processor.py:153} INFO - Started process (PID=2926) to work on /home/airflow/.local/lib/python3.7/site-packages/airflow/example_dags/example_xcomargs.py
[2025-01-05T21:34:13.089+0000] {processor.py:743} INFO - Processing file /home/airflow/.local/lib/python3.7/site-packages/airflow/example_dags/example_xcomargs.py for tasks to queue
[2025-01-05T21:34:13.090+0000] {logging_mixin.py:137} INFO - [2025-01-05T21:34:13.090+0000] {dagbag.py:538} INFO - Filling up the DagBag from /home/airflow/.local/lib/python3.7/site-packages/airflow/example_dags/example_xcomargs.py
[2025-01-05T21:34:13.137+0000] {processor.py:753} INFO - DAG(s) dict_keys(['example_xcom_args', 'example_xcom_args_with_operators']) retrieved from /home/airflow/.local/lib/python3.7/site-packages/airflow/example_dags/example_xcomargs.py
[2025-01-05T21:34:13.213+0000] {logging_mixin.py:137} INFO - [2025-01-05T21:34:13.213+0000] {dag.py:2690} INFO - Sync 2 DAGs
[2025-01-05T21:34:13.277+0000] {logging_mixin.py:137} INFO - [2025-01-05T21:34:13.277+0000] {dag.py:3441} INFO - Setting next_dagrun for example_xcom_args to None, run_after=None
[2025-01-05T21:34:13.284+0000] {logging_mixin.py:137} INFO - [2025-01-05T21:34:13.284+0000] {dag.py:3441} INFO - Setting next_dagrun for example_xcom_args_with_operators to None, run_after=None
[2025-01-05T21:34:13.316+0000] {processor.py:175} INFO - Processing /home/airflow/.local/lib/python3.7/site-packages/airflow/example_dags/example_xcomargs.py took 0.233 seconds
[2025-01-05T21:34:44.062+0000] {processor.py:153} INFO - Started process (PID=3017) to work on /home/airflow/.local/lib/python3.7/site-packages/airflow/example_dags/example_xcomargs.py
[2025-01-05T21:34:44.063+0000] {processor.py:743} INFO - Processing file /home/airflow/.local/lib/python3.7/site-packages/airflow/example_dags/example_xcomargs.py for tasks to queue
[2025-01-05T21:34:44.064+0000] {logging_mixin.py:137} INFO - [2025-01-05T21:34:44.064+0000] {dagbag.py:538} INFO - Filling up the DagBag from /home/airflow/.local/lib/python3.7/site-packages/airflow/example_dags/example_xcomargs.py
[2025-01-05T21:34:44.088+0000] {processor.py:753} INFO - DAG(s) dict_keys(['example_xcom_args_with_operators', 'example_xcom_args']) retrieved from /home/airflow/.local/lib/python3.7/site-packages/airflow/example_dags/example_xcomargs.py
[2025-01-05T21:34:44.116+0000] {logging_mixin.py:137} INFO - [2025-01-05T21:34:44.116+0000] {dag.py:2690} INFO - Sync 2 DAGs
[2025-01-05T21:34:44.140+0000] {logging_mixin.py:137} INFO - [2025-01-05T21:34:44.140+0000] {dag.py:3441} INFO - Setting next_dagrun for example_xcom_args to None, run_after=None
[2025-01-05T21:34:44.145+0000] {logging_mixin.py:137} INFO - [2025-01-05T21:34:44.145+0000] {dag.py:3441} INFO - Setting next_dagrun for example_xcom_args_with_operators to None, run_after=None
[2025-01-05T21:34:44.164+0000] {processor.py:175} INFO - Processing /home/airflow/.local/lib/python3.7/site-packages/airflow/example_dags/example_xcomargs.py took 0.106 seconds
[2025-01-05T21:35:14.279+0000] {processor.py:153} INFO - Started process (PID=3097) to work on /home/airflow/.local/lib/python3.7/site-packages/airflow/example_dags/example_xcomargs.py
[2025-01-05T21:35:14.280+0000] {processor.py:743} INFO - Processing file /home/airflow/.local/lib/python3.7/site-packages/airflow/example_dags/example_xcomargs.py for tasks to queue
[2025-01-05T21:35:14.282+0000] {logging_mixin.py:137} INFO - [2025-01-05T21:35:14.282+0000] {dagbag.py:538} INFO - Filling up the DagBag from /home/airflow/.local/lib/python3.7/site-packages/airflow/example_dags/example_xcomargs.py
[2025-01-05T21:35:14.308+0000] {processor.py:753} INFO - DAG(s) dict_keys(['example_xcom_args', 'example_xcom_args_with_operators']) retrieved from /home/airflow/.local/lib/python3.7/site-packages/airflow/example_dags/example_xcomargs.py
[2025-01-05T21:35:14.343+0000] {logging_mixin.py:137} INFO - [2025-01-05T21:35:14.343+0000] {dag.py:2690} INFO - Sync 2 DAGs
[2025-01-05T21:35:14.375+0000] {logging_mixin.py:137} INFO - [2025-01-05T21:35:14.375+0000] {dag.py:3441} INFO - Setting next_dagrun for example_xcom_args to None, run_after=None
[2025-01-05T21:35:14.379+0000] {logging_mixin.py:137} INFO - [2025-01-05T21:35:14.379+0000] {dag.py:3441} INFO - Setting next_dagrun for example_xcom_args_with_operators to None, run_after=None
[2025-01-05T21:35:14.399+0000] {processor.py:175} INFO - Processing /home/airflow/.local/lib/python3.7/site-packages/airflow/example_dags/example_xcomargs.py took 0.124 seconds
[2025-01-05T21:35:45.062+0000] {processor.py:153} INFO - Started process (PID=3198) to work on /home/airflow/.local/lib/python3.7/site-packages/airflow/example_dags/example_xcomargs.py
[2025-01-05T21:35:45.063+0000] {processor.py:743} INFO - Processing file /home/airflow/.local/lib/python3.7/site-packages/airflow/example_dags/example_xcomargs.py for tasks to queue
[2025-01-05T21:35:45.064+0000] {logging_mixin.py:137} INFO - [2025-01-05T21:35:45.064+0000] {dagbag.py:538} INFO - Filling up the DagBag from /home/airflow/.local/lib/python3.7/site-packages/airflow/example_dags/example_xcomargs.py
[2025-01-05T21:35:45.109+0000] {processor.py:753} INFO - DAG(s) dict_keys(['example_xcom_args_with_operators', 'example_xcom_args']) retrieved from /home/airflow/.local/lib/python3.7/site-packages/airflow/example_dags/example_xcomargs.py
[2025-01-05T21:35:45.164+0000] {logging_mixin.py:137} INFO - [2025-01-05T21:35:45.164+0000] {dag.py:2690} INFO - Sync 2 DAGs
[2025-01-05T21:35:45.216+0000] {logging_mixin.py:137} INFO - [2025-01-05T21:35:45.216+0000] {dag.py:3441} INFO - Setting next_dagrun for example_xcom_args to None, run_after=None
[2025-01-05T21:35:45.223+0000] {logging_mixin.py:137} INFO - [2025-01-05T21:35:45.223+0000] {dag.py:3441} INFO - Setting next_dagrun for example_xcom_args_with_operators to None, run_after=None
[2025-01-05T21:35:45.253+0000] {processor.py:175} INFO - Processing /home/airflow/.local/lib/python3.7/site-packages/airflow/example_dags/example_xcomargs.py took 0.197 seconds
[2025-01-05T21:36:15.315+0000] {processor.py:153} INFO - Started process (PID=3279) to work on /home/airflow/.local/lib/python3.7/site-packages/airflow/example_dags/example_xcomargs.py
[2025-01-05T21:36:15.316+0000] {processor.py:743} INFO - Processing file /home/airflow/.local/lib/python3.7/site-packages/airflow/example_dags/example_xcomargs.py for tasks to queue
[2025-01-05T21:36:15.317+0000] {logging_mixin.py:137} INFO - [2025-01-05T21:36:15.317+0000] {dagbag.py:538} INFO - Filling up the DagBag from /home/airflow/.local/lib/python3.7/site-packages/airflow/example_dags/example_xcomargs.py
[2025-01-05T21:36:15.341+0000] {processor.py:753} INFO - DAG(s) dict_keys(['example_xcom_args_with_operators', 'example_xcom_args']) retrieved from /home/airflow/.local/lib/python3.7/site-packages/airflow/example_dags/example_xcomargs.py
[2025-01-05T21:36:15.369+0000] {logging_mixin.py:137} INFO - [2025-01-05T21:36:15.369+0000] {dag.py:2690} INFO - Sync 2 DAGs
[2025-01-05T21:36:15.394+0000] {logging_mixin.py:137} INFO - [2025-01-05T21:36:15.394+0000] {dag.py:3441} INFO - Setting next_dagrun for example_xcom_args to None, run_after=None
[2025-01-05T21:36:15.397+0000] {logging_mixin.py:137} INFO - [2025-01-05T21:36:15.397+0000] {dag.py:3441} INFO - Setting next_dagrun for example_xcom_args_with_operators to None, run_after=None
[2025-01-05T21:36:15.415+0000] {processor.py:175} INFO - Processing /home/airflow/.local/lib/python3.7/site-packages/airflow/example_dags/example_xcomargs.py took 0.103 seconds
[2025-01-05T21:36:46.321+0000] {processor.py:153} INFO - Started process (PID=3359) to work on /home/airflow/.local/lib/python3.7/site-packages/airflow/example_dags/example_xcomargs.py
[2025-01-05T21:36:46.322+0000] {processor.py:743} INFO - Processing file /home/airflow/.local/lib/python3.7/site-packages/airflow/example_dags/example_xcomargs.py for tasks to queue
[2025-01-05T21:36:46.323+0000] {logging_mixin.py:137} INFO - [2025-01-05T21:36:46.323+0000] {dagbag.py:538} INFO - Filling up the DagBag from /home/airflow/.local/lib/python3.7/site-packages/airflow/example_dags/example_xcomargs.py
[2025-01-05T21:36:46.353+0000] {processor.py:753} INFO - DAG(s) dict_keys(['example_xcom_args', 'example_xcom_args_with_operators']) retrieved from /home/airflow/.local/lib/python3.7/site-packages/airflow/example_dags/example_xcomargs.py
[2025-01-05T21:36:46.396+0000] {logging_mixin.py:137} INFO - [2025-01-05T21:36:46.396+0000] {dag.py:2690} INFO - Sync 2 DAGs
[2025-01-05T21:36:46.436+0000] {logging_mixin.py:137} INFO - [2025-01-05T21:36:46.436+0000] {dag.py:3441} INFO - Setting next_dagrun for example_xcom_args to None, run_after=None
[2025-01-05T21:36:46.441+0000] {logging_mixin.py:137} INFO - [2025-01-05T21:36:46.441+0000] {dag.py:3441} INFO - Setting next_dagrun for example_xcom_args_with_operators to None, run_after=None
[2025-01-05T21:36:46.463+0000] {processor.py:175} INFO - Processing /home/airflow/.local/lib/python3.7/site-packages/airflow/example_dags/example_xcomargs.py took 0.147 seconds
[2025-01-05T21:37:17.180+0000] {processor.py:153} INFO - Started process (PID=3460) to work on /home/airflow/.local/lib/python3.7/site-packages/airflow/example_dags/example_xcomargs.py
[2025-01-05T21:37:17.181+0000] {processor.py:743} INFO - Processing file /home/airflow/.local/lib/python3.7/site-packages/airflow/example_dags/example_xcomargs.py for tasks to queue
[2025-01-05T21:37:17.183+0000] {logging_mixin.py:137} INFO - [2025-01-05T21:37:17.183+0000] {dagbag.py:538} INFO - Filling up the DagBag from /home/airflow/.local/lib/python3.7/site-packages/airflow/example_dags/example_xcomargs.py
[2025-01-05T21:37:17.221+0000] {processor.py:753} INFO - DAG(s) dict_keys(['example_xcom_args_with_operators', 'example_xcom_args']) retrieved from /home/airflow/.local/lib/python3.7/site-packages/airflow/example_dags/example_xcomargs.py
[2025-01-05T21:37:17.264+0000] {logging_mixin.py:137} INFO - [2025-01-05T21:37:17.263+0000] {dag.py:2690} INFO - Sync 2 DAGs
[2025-01-05T21:37:17.304+0000] {logging_mixin.py:137} INFO - [2025-01-05T21:37:17.304+0000] {dag.py:3441} INFO - Setting next_dagrun for example_xcom_args to None, run_after=None
[2025-01-05T21:37:17.311+0000] {logging_mixin.py:137} INFO - [2025-01-05T21:37:17.311+0000] {dag.py:3441} INFO - Setting next_dagrun for example_xcom_args_with_operators to None, run_after=None
[2025-01-05T21:37:17.337+0000] {processor.py:175} INFO - Processing /home/airflow/.local/lib/python3.7/site-packages/airflow/example_dags/example_xcomargs.py took 0.162 seconds
[2025-01-05T21:37:47.511+0000] {processor.py:153} INFO - Started process (PID=3539) to work on /home/airflow/.local/lib/python3.7/site-packages/airflow/example_dags/example_xcomargs.py
[2025-01-05T21:37:47.512+0000] {processor.py:743} INFO - Processing file /home/airflow/.local/lib/python3.7/site-packages/airflow/example_dags/example_xcomargs.py for tasks to queue
[2025-01-05T21:37:47.513+0000] {logging_mixin.py:137} INFO - [2025-01-05T21:37:47.513+0000] {dagbag.py:538} INFO - Filling up the DagBag from /home/airflow/.local/lib/python3.7/site-packages/airflow/example_dags/example_xcomargs.py
[2025-01-05T21:37:47.541+0000] {processor.py:753} INFO - DAG(s) dict_keys(['example_xcom_args', 'example_xcom_args_with_operators']) retrieved from /home/airflow/.local/lib/python3.7/site-packages/airflow/example_dags/example_xcomargs.py
[2025-01-05T21:37:47.576+0000] {logging_mixin.py:137} INFO - [2025-01-05T21:37:47.575+0000] {dag.py:2690} INFO - Sync 2 DAGs
[2025-01-05T21:37:47.605+0000] {logging_mixin.py:137} INFO - [2025-01-05T21:37:47.605+0000] {dag.py:3441} INFO - Setting next_dagrun for example_xcom_args to None, run_after=None
[2025-01-05T21:37:47.610+0000] {logging_mixin.py:137} INFO - [2025-01-05T21:37:47.610+0000] {dag.py:3441} INFO - Setting next_dagrun for example_xcom_args_with_operators to None, run_after=None
[2025-01-05T21:37:47.629+0000] {processor.py:175} INFO - Processing /home/airflow/.local/lib/python3.7/site-packages/airflow/example_dags/example_xcomargs.py took 0.122 seconds
