[2025-01-05T21:14:06.349+0000] {processor.py:153} INFO - Started process (PID=168) to work on /home/airflow/.local/lib/python3.7/site-packages/airflow/example_dags/example_branch_operator.py
[2025-01-05T21:14:06.350+0000] {processor.py:743} INFO - Processing file /home/airflow/.local/lib/python3.7/site-packages/airflow/example_dags/example_branch_operator.py for tasks to queue
[2025-01-05T21:14:06.351+0000] {logging_mixin.py:137} INFO - [2025-01-05T21:14:06.351+0000] {dagbag.py:538} INFO - Filling up the DagBag from /home/airflow/.local/lib/python3.7/site-packages/airflow/example_dags/example_branch_operator.py
[2025-01-05T21:14:06.379+0000] {processor.py:753} INFO - DAG(s) dict_keys(['example_branch_operator']) retrieved from /home/airflow/.local/lib/python3.7/site-packages/airflow/example_dags/example_branch_operator.py
[2025-01-05T21:14:06.412+0000] {logging_mixin.py:137} INFO - [2025-01-05T21:14:06.411+0000] {dag.py:2690} INFO - Sync 1 DAGs
[2025-01-05T21:14:06.444+0000] {logging_mixin.py:137} INFO - [2025-01-05T21:14:06.444+0000] {dag.py:3441} INFO - Setting next_dagrun for example_branch_operator to 2025-01-04T00:00:00+00:00, run_after=2025-01-05T00:00:00+00:00
[2025-01-05T21:14:06.476+0000] {processor.py:175} INFO - Processing /home/airflow/.local/lib/python3.7/site-packages/airflow/example_dags/example_branch_operator.py took 0.131 seconds
[2025-01-05T21:14:36.655+0000] {processor.py:153} INFO - Started process (PID=247) to work on /home/airflow/.local/lib/python3.7/site-packages/airflow/example_dags/example_branch_operator.py
[2025-01-05T21:14:36.656+0000] {processor.py:743} INFO - Processing file /home/airflow/.local/lib/python3.7/site-packages/airflow/example_dags/example_branch_operator.py for tasks to queue
[2025-01-05T21:14:36.657+0000] {logging_mixin.py:137} INFO - [2025-01-05T21:14:36.657+0000] {dagbag.py:538} INFO - Filling up the DagBag from /home/airflow/.local/lib/python3.7/site-packages/airflow/example_dags/example_branch_operator.py
[2025-01-05T21:14:36.679+0000] {processor.py:753} INFO - DAG(s) dict_keys(['example_branch_operator']) retrieved from /home/airflow/.local/lib/python3.7/site-packages/airflow/example_dags/example_branch_operator.py
[2025-01-05T21:14:36.705+0000] {logging_mixin.py:137} INFO - [2025-01-05T21:14:36.705+0000] {dag.py:2690} INFO - Sync 1 DAGs
[2025-01-05T21:14:36.730+0000] {logging_mixin.py:137} INFO - [2025-01-05T21:14:36.729+0000] {dag.py:3441} INFO - Setting next_dagrun for example_branch_operator to 2025-01-04T00:00:00+00:00, run_after=2025-01-05T00:00:00+00:00
[2025-01-05T21:14:36.748+0000] {processor.py:175} INFO - Processing /home/airflow/.local/lib/python3.7/site-packages/airflow/example_dags/example_branch_operator.py took 0.096 seconds
[2025-01-05T21:15:06.948+0000] {processor.py:153} INFO - Started process (PID=336) to work on /home/airflow/.local/lib/python3.7/site-packages/airflow/example_dags/example_branch_operator.py
[2025-01-05T21:15:06.949+0000] {processor.py:743} INFO - Processing file /home/airflow/.local/lib/python3.7/site-packages/airflow/example_dags/example_branch_operator.py for tasks to queue
[2025-01-05T21:15:06.950+0000] {logging_mixin.py:137} INFO - [2025-01-05T21:15:06.950+0000] {dagbag.py:538} INFO - Filling up the DagBag from /home/airflow/.local/lib/python3.7/site-packages/airflow/example_dags/example_branch_operator.py
[2025-01-05T21:15:06.970+0000] {processor.py:753} INFO - DAG(s) dict_keys(['example_branch_operator']) retrieved from /home/airflow/.local/lib/python3.7/site-packages/airflow/example_dags/example_branch_operator.py
[2025-01-05T21:15:07.008+0000] {logging_mixin.py:137} INFO - [2025-01-05T21:15:07.008+0000] {dag.py:2690} INFO - Sync 1 DAGs
[2025-01-05T21:15:07.039+0000] {logging_mixin.py:137} INFO - [2025-01-05T21:15:07.039+0000] {dag.py:3441} INFO - Setting next_dagrun for example_branch_operator to 2025-01-04T00:00:00+00:00, run_after=2025-01-05T00:00:00+00:00
[2025-01-05T21:15:07.062+0000] {processor.py:175} INFO - Processing /home/airflow/.local/lib/python3.7/site-packages/airflow/example_dags/example_branch_operator.py took 0.117 seconds
[2025-01-05T21:15:37.964+0000] {processor.py:153} INFO - Started process (PID=426) to work on /home/airflow/.local/lib/python3.7/site-packages/airflow/example_dags/example_branch_operator.py
[2025-01-05T21:15:37.965+0000] {processor.py:743} INFO - Processing file /home/airflow/.local/lib/python3.7/site-packages/airflow/example_dags/example_branch_operator.py for tasks to queue
[2025-01-05T21:15:37.967+0000] {logging_mixin.py:137} INFO - [2025-01-05T21:15:37.966+0000] {dagbag.py:538} INFO - Filling up the DagBag from /home/airflow/.local/lib/python3.7/site-packages/airflow/example_dags/example_branch_operator.py
[2025-01-05T21:15:37.989+0000] {processor.py:753} INFO - DAG(s) dict_keys(['example_branch_operator']) retrieved from /home/airflow/.local/lib/python3.7/site-packages/airflow/example_dags/example_branch_operator.py
[2025-01-05T21:15:38.028+0000] {logging_mixin.py:137} INFO - [2025-01-05T21:15:38.028+0000] {dag.py:2690} INFO - Sync 1 DAGs
[2025-01-05T21:15:38.069+0000] {logging_mixin.py:137} INFO - [2025-01-05T21:15:38.069+0000] {dag.py:3441} INFO - Setting next_dagrun for example_branch_operator to 2025-01-04T00:00:00+00:00, run_after=2025-01-05T00:00:00+00:00
[2025-01-05T21:15:38.105+0000] {processor.py:175} INFO - Processing /home/airflow/.local/lib/python3.7/site-packages/airflow/example_dags/example_branch_operator.py took 0.145 seconds
[2025-01-05T21:16:08.318+0000] {processor.py:153} INFO - Started process (PID=505) to work on /home/airflow/.local/lib/python3.7/site-packages/airflow/example_dags/example_branch_operator.py
[2025-01-05T21:16:08.319+0000] {processor.py:743} INFO - Processing file /home/airflow/.local/lib/python3.7/site-packages/airflow/example_dags/example_branch_operator.py for tasks to queue
[2025-01-05T21:16:08.320+0000] {logging_mixin.py:137} INFO - [2025-01-05T21:16:08.320+0000] {dagbag.py:538} INFO - Filling up the DagBag from /home/airflow/.local/lib/python3.7/site-packages/airflow/example_dags/example_branch_operator.py
[2025-01-05T21:16:08.338+0000] {processor.py:753} INFO - DAG(s) dict_keys(['example_branch_operator']) retrieved from /home/airflow/.local/lib/python3.7/site-packages/airflow/example_dags/example_branch_operator.py
[2025-01-05T21:16:08.368+0000] {logging_mixin.py:137} INFO - [2025-01-05T21:16:08.368+0000] {dag.py:2690} INFO - Sync 1 DAGs
[2025-01-05T21:16:08.395+0000] {logging_mixin.py:137} INFO - [2025-01-05T21:16:08.394+0000] {dag.py:3441} INFO - Setting next_dagrun for example_branch_operator to 2025-01-04T00:00:00+00:00, run_after=2025-01-05T00:00:00+00:00
[2025-01-05T21:16:08.412+0000] {processor.py:175} INFO - Processing /home/airflow/.local/lib/python3.7/site-packages/airflow/example_dags/example_branch_operator.py took 0.097 seconds
[2025-01-05T21:17:50.738+0000] {processor.py:153} INFO - Started process (PID=65) to work on /home/airflow/.local/lib/python3.7/site-packages/airflow/example_dags/example_branch_operator.py
[2025-01-05T21:17:50.739+0000] {processor.py:743} INFO - Processing file /home/airflow/.local/lib/python3.7/site-packages/airflow/example_dags/example_branch_operator.py for tasks to queue
[2025-01-05T21:17:50.740+0000] {logging_mixin.py:137} INFO - [2025-01-05T21:17:50.740+0000] {dagbag.py:538} INFO - Filling up the DagBag from /home/airflow/.local/lib/python3.7/site-packages/airflow/example_dags/example_branch_operator.py
[2025-01-05T21:17:50.779+0000] {processor.py:753} INFO - DAG(s) dict_keys(['example_branch_operator']) retrieved from /home/airflow/.local/lib/python3.7/site-packages/airflow/example_dags/example_branch_operator.py
[2025-01-05T21:17:50.830+0000] {logging_mixin.py:137} INFO - [2025-01-05T21:17:50.830+0000] {dag.py:2690} INFO - Sync 1 DAGs
[2025-01-05T21:17:50.882+0000] {logging_mixin.py:137} INFO - [2025-01-05T21:17:50.882+0000] {dag.py:3441} INFO - Setting next_dagrun for example_branch_operator to 2025-01-04T00:00:00+00:00, run_after=2025-01-05T00:00:00+00:00
[2025-01-05T21:17:50.915+0000] {processor.py:175} INFO - Processing /home/airflow/.local/lib/python3.7/site-packages/airflow/example_dags/example_branch_operator.py took 0.183 seconds
[2025-01-05T21:18:21.763+0000] {processor.py:153} INFO - Started process (PID=145) to work on /home/airflow/.local/lib/python3.7/site-packages/airflow/example_dags/example_branch_operator.py
[2025-01-05T21:18:21.764+0000] {processor.py:743} INFO - Processing file /home/airflow/.local/lib/python3.7/site-packages/airflow/example_dags/example_branch_operator.py for tasks to queue
[2025-01-05T21:18:21.765+0000] {logging_mixin.py:137} INFO - [2025-01-05T21:18:21.765+0000] {dagbag.py:538} INFO - Filling up the DagBag from /home/airflow/.local/lib/python3.7/site-packages/airflow/example_dags/example_branch_operator.py
[2025-01-05T21:18:21.789+0000] {processor.py:753} INFO - DAG(s) dict_keys(['example_branch_operator']) retrieved from /home/airflow/.local/lib/python3.7/site-packages/airflow/example_dags/example_branch_operator.py
[2025-01-05T21:18:21.825+0000] {logging_mixin.py:137} INFO - [2025-01-05T21:18:21.824+0000] {dag.py:2690} INFO - Sync 1 DAGs
[2025-01-05T21:18:21.865+0000] {logging_mixin.py:137} INFO - [2025-01-05T21:18:21.865+0000] {dag.py:3441} INFO - Setting next_dagrun for example_branch_operator to 2025-01-04T00:00:00+00:00, run_after=2025-01-05T00:00:00+00:00
[2025-01-05T21:18:21.894+0000] {processor.py:175} INFO - Processing /home/airflow/.local/lib/python3.7/site-packages/airflow/example_dags/example_branch_operator.py took 0.134 seconds
[2025-01-05T21:18:51.985+0000] {processor.py:153} INFO - Started process (PID=235) to work on /home/airflow/.local/lib/python3.7/site-packages/airflow/example_dags/example_branch_operator.py
[2025-01-05T21:18:51.987+0000] {processor.py:743} INFO - Processing file /home/airflow/.local/lib/python3.7/site-packages/airflow/example_dags/example_branch_operator.py for tasks to queue
[2025-01-05T21:18:51.988+0000] {logging_mixin.py:137} INFO - [2025-01-05T21:18:51.988+0000] {dagbag.py:538} INFO - Filling up the DagBag from /home/airflow/.local/lib/python3.7/site-packages/airflow/example_dags/example_branch_operator.py
[2025-01-05T21:18:52.009+0000] {processor.py:753} INFO - DAG(s) dict_keys(['example_branch_operator']) retrieved from /home/airflow/.local/lib/python3.7/site-packages/airflow/example_dags/example_branch_operator.py
[2025-01-05T21:18:52.039+0000] {logging_mixin.py:137} INFO - [2025-01-05T21:18:52.039+0000] {dag.py:2690} INFO - Sync 1 DAGs
[2025-01-05T21:18:52.065+0000] {logging_mixin.py:137} INFO - [2025-01-05T21:18:52.065+0000] {dag.py:3441} INFO - Setting next_dagrun for example_branch_operator to 2025-01-04T00:00:00+00:00, run_after=2025-01-05T00:00:00+00:00
[2025-01-05T21:18:52.084+0000] {processor.py:175} INFO - Processing /home/airflow/.local/lib/python3.7/site-packages/airflow/example_dags/example_branch_operator.py took 0.102 seconds
[2025-01-05T21:19:22.332+0000] {processor.py:153} INFO - Started process (PID=326) to work on /home/airflow/.local/lib/python3.7/site-packages/airflow/example_dags/example_branch_operator.py
[2025-01-05T21:19:22.333+0000] {processor.py:743} INFO - Processing file /home/airflow/.local/lib/python3.7/site-packages/airflow/example_dags/example_branch_operator.py for tasks to queue
[2025-01-05T21:19:22.334+0000] {logging_mixin.py:137} INFO - [2025-01-05T21:19:22.334+0000] {dagbag.py:538} INFO - Filling up the DagBag from /home/airflow/.local/lib/python3.7/site-packages/airflow/example_dags/example_branch_operator.py
[2025-01-05T21:19:22.349+0000] {processor.py:753} INFO - DAG(s) dict_keys(['example_branch_operator']) retrieved from /home/airflow/.local/lib/python3.7/site-packages/airflow/example_dags/example_branch_operator.py
[2025-01-05T21:19:22.377+0000] {logging_mixin.py:137} INFO - [2025-01-05T21:19:22.376+0000] {dag.py:2690} INFO - Sync 1 DAGs
[2025-01-05T21:19:22.402+0000] {logging_mixin.py:137} INFO - [2025-01-05T21:19:22.402+0000] {dag.py:3441} INFO - Setting next_dagrun for example_branch_operator to 2025-01-04T00:00:00+00:00, run_after=2025-01-05T00:00:00+00:00
[2025-01-05T21:19:22.421+0000] {processor.py:175} INFO - Processing /home/airflow/.local/lib/python3.7/site-packages/airflow/example_dags/example_branch_operator.py took 0.092 seconds
[2025-01-05T21:19:53.294+0000] {processor.py:153} INFO - Started process (PID=416) to work on /home/airflow/.local/lib/python3.7/site-packages/airflow/example_dags/example_branch_operator.py
[2025-01-05T21:19:53.295+0000] {processor.py:743} INFO - Processing file /home/airflow/.local/lib/python3.7/site-packages/airflow/example_dags/example_branch_operator.py for tasks to queue
[2025-01-05T21:19:53.296+0000] {logging_mixin.py:137} INFO - [2025-01-05T21:19:53.296+0000] {dagbag.py:538} INFO - Filling up the DagBag from /home/airflow/.local/lib/python3.7/site-packages/airflow/example_dags/example_branch_operator.py
[2025-01-05T21:19:53.315+0000] {processor.py:753} INFO - DAG(s) dict_keys(['example_branch_operator']) retrieved from /home/airflow/.local/lib/python3.7/site-packages/airflow/example_dags/example_branch_operator.py
[2025-01-05T21:19:53.347+0000] {logging_mixin.py:137} INFO - [2025-01-05T21:19:53.347+0000] {dag.py:2690} INFO - Sync 1 DAGs
[2025-01-05T21:19:53.388+0000] {logging_mixin.py:137} INFO - [2025-01-05T21:19:53.388+0000] {dag.py:3441} INFO - Setting next_dagrun for example_branch_operator to 2025-01-04T00:00:00+00:00, run_after=2025-01-05T00:00:00+00:00
[2025-01-05T21:19:53.408+0000] {processor.py:175} INFO - Processing /home/airflow/.local/lib/python3.7/site-packages/airflow/example_dags/example_branch_operator.py took 0.117 seconds
[2025-01-05T21:20:24.241+0000] {processor.py:153} INFO - Started process (PID=507) to work on /home/airflow/.local/lib/python3.7/site-packages/airflow/example_dags/example_branch_operator.py
[2025-01-05T21:20:24.242+0000] {processor.py:743} INFO - Processing file /home/airflow/.local/lib/python3.7/site-packages/airflow/example_dags/example_branch_operator.py for tasks to queue
[2025-01-05T21:20:24.243+0000] {logging_mixin.py:137} INFO - [2025-01-05T21:20:24.243+0000] {dagbag.py:538} INFO - Filling up the DagBag from /home/airflow/.local/lib/python3.7/site-packages/airflow/example_dags/example_branch_operator.py
[2025-01-05T21:20:24.258+0000] {processor.py:753} INFO - DAG(s) dict_keys(['example_branch_operator']) retrieved from /home/airflow/.local/lib/python3.7/site-packages/airflow/example_dags/example_branch_operator.py
[2025-01-05T21:20:24.285+0000] {logging_mixin.py:137} INFO - [2025-01-05T21:20:24.285+0000] {dag.py:2690} INFO - Sync 1 DAGs
[2025-01-05T21:20:24.311+0000] {logging_mixin.py:137} INFO - [2025-01-05T21:20:24.311+0000] {dag.py:3441} INFO - Setting next_dagrun for example_branch_operator to 2025-01-04T00:00:00+00:00, run_after=2025-01-05T00:00:00+00:00
[2025-01-05T21:20:24.330+0000] {processor.py:175} INFO - Processing /home/airflow/.local/lib/python3.7/site-packages/airflow/example_dags/example_branch_operator.py took 0.092 seconds
[2025-01-05T21:20:54.939+0000] {processor.py:153} INFO - Started process (PID=596) to work on /home/airflow/.local/lib/python3.7/site-packages/airflow/example_dags/example_branch_operator.py
[2025-01-05T21:20:54.941+0000] {processor.py:743} INFO - Processing file /home/airflow/.local/lib/python3.7/site-packages/airflow/example_dags/example_branch_operator.py for tasks to queue
[2025-01-05T21:20:54.941+0000] {logging_mixin.py:137} INFO - [2025-01-05T21:20:54.941+0000] {dagbag.py:538} INFO - Filling up the DagBag from /home/airflow/.local/lib/python3.7/site-packages/airflow/example_dags/example_branch_operator.py
[2025-01-05T21:20:54.964+0000] {processor.py:753} INFO - DAG(s) dict_keys(['example_branch_operator']) retrieved from /home/airflow/.local/lib/python3.7/site-packages/airflow/example_dags/example_branch_operator.py
[2025-01-05T21:20:54.996+0000] {logging_mixin.py:137} INFO - [2025-01-05T21:20:54.996+0000] {dag.py:2690} INFO - Sync 1 DAGs
[2025-01-05T21:20:55.031+0000] {logging_mixin.py:137} INFO - [2025-01-05T21:20:55.031+0000] {dag.py:3441} INFO - Setting next_dagrun for example_branch_operator to 2025-01-04T00:00:00+00:00, run_after=2025-01-05T00:00:00+00:00
[2025-01-05T21:20:55.055+0000] {processor.py:175} INFO - Processing /home/airflow/.local/lib/python3.7/site-packages/airflow/example_dags/example_branch_operator.py took 0.119 seconds
[2025-01-05T21:21:25.094+0000] {processor.py:153} INFO - Started process (PID=687) to work on /home/airflow/.local/lib/python3.7/site-packages/airflow/example_dags/example_branch_operator.py
[2025-01-05T21:21:25.095+0000] {processor.py:743} INFO - Processing file /home/airflow/.local/lib/python3.7/site-packages/airflow/example_dags/example_branch_operator.py for tasks to queue
[2025-01-05T21:21:25.096+0000] {logging_mixin.py:137} INFO - [2025-01-05T21:21:25.096+0000] {dagbag.py:538} INFO - Filling up the DagBag from /home/airflow/.local/lib/python3.7/site-packages/airflow/example_dags/example_branch_operator.py
[2025-01-05T21:21:25.111+0000] {processor.py:753} INFO - DAG(s) dict_keys(['example_branch_operator']) retrieved from /home/airflow/.local/lib/python3.7/site-packages/airflow/example_dags/example_branch_operator.py
[2025-01-05T21:21:25.137+0000] {logging_mixin.py:137} INFO - [2025-01-05T21:21:25.137+0000] {dag.py:2690} INFO - Sync 1 DAGs
[2025-01-05T21:21:25.163+0000] {logging_mixin.py:137} INFO - [2025-01-05T21:21:25.163+0000] {dag.py:3441} INFO - Setting next_dagrun for example_branch_operator to 2025-01-04T00:00:00+00:00, run_after=2025-01-05T00:00:00+00:00
[2025-01-05T21:21:25.182+0000] {processor.py:175} INFO - Processing /home/airflow/.local/lib/python3.7/site-packages/airflow/example_dags/example_branch_operator.py took 0.091 seconds
[2025-01-05T21:21:55.369+0000] {processor.py:153} INFO - Started process (PID=767) to work on /home/airflow/.local/lib/python3.7/site-packages/airflow/example_dags/example_branch_operator.py
[2025-01-05T21:21:55.370+0000] {processor.py:743} INFO - Processing file /home/airflow/.local/lib/python3.7/site-packages/airflow/example_dags/example_branch_operator.py for tasks to queue
[2025-01-05T21:21:55.371+0000] {logging_mixin.py:137} INFO - [2025-01-05T21:21:55.371+0000] {dagbag.py:538} INFO - Filling up the DagBag from /home/airflow/.local/lib/python3.7/site-packages/airflow/example_dags/example_branch_operator.py
[2025-01-05T21:21:55.387+0000] {processor.py:753} INFO - DAG(s) dict_keys(['example_branch_operator']) retrieved from /home/airflow/.local/lib/python3.7/site-packages/airflow/example_dags/example_branch_operator.py
[2025-01-05T21:21:55.412+0000] {logging_mixin.py:137} INFO - [2025-01-05T21:21:55.412+0000] {dag.py:2690} INFO - Sync 1 DAGs
[2025-01-05T21:21:55.440+0000] {logging_mixin.py:137} INFO - [2025-01-05T21:21:55.440+0000] {dag.py:3441} INFO - Setting next_dagrun for example_branch_operator to 2025-01-04T00:00:00+00:00, run_after=2025-01-05T00:00:00+00:00
[2025-01-05T21:21:55.459+0000] {processor.py:175} INFO - Processing /home/airflow/.local/lib/python3.7/site-packages/airflow/example_dags/example_branch_operator.py took 0.093 seconds
[2025-01-05T21:22:25.581+0000] {processor.py:153} INFO - Started process (PID=867) to work on /home/airflow/.local/lib/python3.7/site-packages/airflow/example_dags/example_branch_operator.py
[2025-01-05T21:22:25.582+0000] {processor.py:743} INFO - Processing file /home/airflow/.local/lib/python3.7/site-packages/airflow/example_dags/example_branch_operator.py for tasks to queue
[2025-01-05T21:22:25.582+0000] {logging_mixin.py:137} INFO - [2025-01-05T21:22:25.582+0000] {dagbag.py:538} INFO - Filling up the DagBag from /home/airflow/.local/lib/python3.7/site-packages/airflow/example_dags/example_branch_operator.py
[2025-01-05T21:22:25.597+0000] {processor.py:753} INFO - DAG(s) dict_keys(['example_branch_operator']) retrieved from /home/airflow/.local/lib/python3.7/site-packages/airflow/example_dags/example_branch_operator.py
[2025-01-05T21:22:25.623+0000] {logging_mixin.py:137} INFO - [2025-01-05T21:22:25.623+0000] {dag.py:2690} INFO - Sync 1 DAGs
[2025-01-05T21:22:25.648+0000] {logging_mixin.py:137} INFO - [2025-01-05T21:22:25.648+0000] {dag.py:3441} INFO - Setting next_dagrun for example_branch_operator to 2025-01-04T00:00:00+00:00, run_after=2025-01-05T00:00:00+00:00
[2025-01-05T21:22:25.668+0000] {processor.py:175} INFO - Processing /home/airflow/.local/lib/python3.7/site-packages/airflow/example_dags/example_branch_operator.py took 0.090 seconds
[2025-01-05T21:22:55.761+0000] {processor.py:153} INFO - Started process (PID=948) to work on /home/airflow/.local/lib/python3.7/site-packages/airflow/example_dags/example_branch_operator.py
[2025-01-05T21:22:55.762+0000] {processor.py:743} INFO - Processing file /home/airflow/.local/lib/python3.7/site-packages/airflow/example_dags/example_branch_operator.py for tasks to queue
[2025-01-05T21:22:55.762+0000] {logging_mixin.py:137} INFO - [2025-01-05T21:22:55.762+0000] {dagbag.py:538} INFO - Filling up the DagBag from /home/airflow/.local/lib/python3.7/site-packages/airflow/example_dags/example_branch_operator.py
[2025-01-05T21:22:55.777+0000] {processor.py:753} INFO - DAG(s) dict_keys(['example_branch_operator']) retrieved from /home/airflow/.local/lib/python3.7/site-packages/airflow/example_dags/example_branch_operator.py
[2025-01-05T21:22:55.803+0000] {logging_mixin.py:137} INFO - [2025-01-05T21:22:55.803+0000] {dag.py:2690} INFO - Sync 1 DAGs
[2025-01-05T21:22:55.828+0000] {logging_mixin.py:137} INFO - [2025-01-05T21:22:55.828+0000] {dag.py:3441} INFO - Setting next_dagrun for example_branch_operator to 2025-01-04T00:00:00+00:00, run_after=2025-01-05T00:00:00+00:00
[2025-01-05T21:22:55.846+0000] {processor.py:175} INFO - Processing /home/airflow/.local/lib/python3.7/site-packages/airflow/example_dags/example_branch_operator.py took 0.088 seconds
[2025-01-05T21:23:26.856+0000] {processor.py:153} INFO - Started process (PID=1048) to work on /home/airflow/.local/lib/python3.7/site-packages/airflow/example_dags/example_branch_operator.py
[2025-01-05T21:23:26.857+0000] {processor.py:743} INFO - Processing file /home/airflow/.local/lib/python3.7/site-packages/airflow/example_dags/example_branch_operator.py for tasks to queue
[2025-01-05T21:23:26.858+0000] {logging_mixin.py:137} INFO - [2025-01-05T21:23:26.858+0000] {dagbag.py:538} INFO - Filling up the DagBag from /home/airflow/.local/lib/python3.7/site-packages/airflow/example_dags/example_branch_operator.py
[2025-01-05T21:23:26.875+0000] {processor.py:753} INFO - DAG(s) dict_keys(['example_branch_operator']) retrieved from /home/airflow/.local/lib/python3.7/site-packages/airflow/example_dags/example_branch_operator.py
[2025-01-05T21:23:26.898+0000] {logging_mixin.py:137} INFO - [2025-01-05T21:23:26.898+0000] {dag.py:2690} INFO - Sync 1 DAGs
[2025-01-05T21:23:26.924+0000] {logging_mixin.py:137} INFO - [2025-01-05T21:23:26.923+0000] {dag.py:3441} INFO - Setting next_dagrun for example_branch_operator to 2025-01-04T00:00:00+00:00, run_after=2025-01-05T00:00:00+00:00
[2025-01-05T21:23:26.941+0000] {processor.py:175} INFO - Processing /home/airflow/.local/lib/python3.7/site-packages/airflow/example_dags/example_branch_operator.py took 0.088 seconds
[2025-01-05T21:23:57.502+0000] {processor.py:153} INFO - Started process (PID=1128) to work on /home/airflow/.local/lib/python3.7/site-packages/airflow/example_dags/example_branch_operator.py
[2025-01-05T21:23:57.504+0000] {processor.py:743} INFO - Processing file /home/airflow/.local/lib/python3.7/site-packages/airflow/example_dags/example_branch_operator.py for tasks to queue
[2025-01-05T21:23:57.505+0000] {logging_mixin.py:137} INFO - [2025-01-05T21:23:57.504+0000] {dagbag.py:538} INFO - Filling up the DagBag from /home/airflow/.local/lib/python3.7/site-packages/airflow/example_dags/example_branch_operator.py
[2025-01-05T21:23:57.521+0000] {processor.py:753} INFO - DAG(s) dict_keys(['example_branch_operator']) retrieved from /home/airflow/.local/lib/python3.7/site-packages/airflow/example_dags/example_branch_operator.py
[2025-01-05T21:23:57.545+0000] {logging_mixin.py:137} INFO - [2025-01-05T21:23:57.545+0000] {dag.py:2690} INFO - Sync 1 DAGs
[2025-01-05T21:23:57.571+0000] {logging_mixin.py:137} INFO - [2025-01-05T21:23:57.571+0000] {dag.py:3441} INFO - Setting next_dagrun for example_branch_operator to 2025-01-04T00:00:00+00:00, run_after=2025-01-05T00:00:00+00:00
[2025-01-05T21:23:57.590+0000] {processor.py:175} INFO - Processing /home/airflow/.local/lib/python3.7/site-packages/airflow/example_dags/example_branch_operator.py took 0.090 seconds
[2025-01-05T21:24:28.176+0000] {processor.py:153} INFO - Started process (PID=1228) to work on /home/airflow/.local/lib/python3.7/site-packages/airflow/example_dags/example_branch_operator.py
[2025-01-05T21:24:28.177+0000] {processor.py:743} INFO - Processing file /home/airflow/.local/lib/python3.7/site-packages/airflow/example_dags/example_branch_operator.py for tasks to queue
[2025-01-05T21:24:28.178+0000] {logging_mixin.py:137} INFO - [2025-01-05T21:24:28.178+0000] {dagbag.py:538} INFO - Filling up the DagBag from /home/airflow/.local/lib/python3.7/site-packages/airflow/example_dags/example_branch_operator.py
[2025-01-05T21:24:28.198+0000] {processor.py:753} INFO - DAG(s) dict_keys(['example_branch_operator']) retrieved from /home/airflow/.local/lib/python3.7/site-packages/airflow/example_dags/example_branch_operator.py
[2025-01-05T21:24:28.224+0000] {logging_mixin.py:137} INFO - [2025-01-05T21:24:28.224+0000] {dag.py:2690} INFO - Sync 1 DAGs
[2025-01-05T21:24:28.253+0000] {logging_mixin.py:137} INFO - [2025-01-05T21:24:28.252+0000] {dag.py:3441} INFO - Setting next_dagrun for example_branch_operator to 2025-01-04T00:00:00+00:00, run_after=2025-01-05T00:00:00+00:00
[2025-01-05T21:24:28.272+0000] {processor.py:175} INFO - Processing /home/airflow/.local/lib/python3.7/site-packages/airflow/example_dags/example_branch_operator.py took 0.101 seconds
[2025-01-05T21:24:58.882+0000] {processor.py:153} INFO - Started process (PID=1309) to work on /home/airflow/.local/lib/python3.7/site-packages/airflow/example_dags/example_branch_operator.py
[2025-01-05T21:24:58.883+0000] {processor.py:743} INFO - Processing file /home/airflow/.local/lib/python3.7/site-packages/airflow/example_dags/example_branch_operator.py for tasks to queue
[2025-01-05T21:24:58.884+0000] {logging_mixin.py:137} INFO - [2025-01-05T21:24:58.884+0000] {dagbag.py:538} INFO - Filling up the DagBag from /home/airflow/.local/lib/python3.7/site-packages/airflow/example_dags/example_branch_operator.py
[2025-01-05T21:24:58.901+0000] {processor.py:753} INFO - DAG(s) dict_keys(['example_branch_operator']) retrieved from /home/airflow/.local/lib/python3.7/site-packages/airflow/example_dags/example_branch_operator.py
[2025-01-05T21:24:58.927+0000] {logging_mixin.py:137} INFO - [2025-01-05T21:24:58.927+0000] {dag.py:2690} INFO - Sync 1 DAGs
[2025-01-05T21:24:58.952+0000] {logging_mixin.py:137} INFO - [2025-01-05T21:24:58.952+0000] {dag.py:3441} INFO - Setting next_dagrun for example_branch_operator to 2025-01-04T00:00:00+00:00, run_after=2025-01-05T00:00:00+00:00
[2025-01-05T21:24:58.971+0000] {processor.py:175} INFO - Processing /home/airflow/.local/lib/python3.7/site-packages/airflow/example_dags/example_branch_operator.py took 0.092 seconds
[2025-01-05T21:25:29.691+0000] {processor.py:153} INFO - Started process (PID=1409) to work on /home/airflow/.local/lib/python3.7/site-packages/airflow/example_dags/example_branch_operator.py
[2025-01-05T21:25:29.692+0000] {processor.py:743} INFO - Processing file /home/airflow/.local/lib/python3.7/site-packages/airflow/example_dags/example_branch_operator.py for tasks to queue
[2025-01-05T21:25:29.693+0000] {logging_mixin.py:137} INFO - [2025-01-05T21:25:29.693+0000] {dagbag.py:538} INFO - Filling up the DagBag from /home/airflow/.local/lib/python3.7/site-packages/airflow/example_dags/example_branch_operator.py
[2025-01-05T21:25:29.719+0000] {processor.py:753} INFO - DAG(s) dict_keys(['example_branch_operator']) retrieved from /home/airflow/.local/lib/python3.7/site-packages/airflow/example_dags/example_branch_operator.py
[2025-01-05T21:25:29.749+0000] {logging_mixin.py:137} INFO - [2025-01-05T21:25:29.749+0000] {dag.py:2690} INFO - Sync 1 DAGs
[2025-01-05T21:25:29.793+0000] {logging_mixin.py:137} INFO - [2025-01-05T21:25:29.793+0000] {dag.py:3441} INFO - Setting next_dagrun for example_branch_operator to 2025-01-04T00:00:00+00:00, run_after=2025-01-05T00:00:00+00:00
[2025-01-05T21:25:29.822+0000] {processor.py:175} INFO - Processing /home/airflow/.local/lib/python3.7/site-packages/airflow/example_dags/example_branch_operator.py took 0.134 seconds
[2025-01-05T21:26:00.140+0000] {processor.py:153} INFO - Started process (PID=1489) to work on /home/airflow/.local/lib/python3.7/site-packages/airflow/example_dags/example_branch_operator.py
[2025-01-05T21:26:00.141+0000] {processor.py:743} INFO - Processing file /home/airflow/.local/lib/python3.7/site-packages/airflow/example_dags/example_branch_operator.py for tasks to queue
[2025-01-05T21:26:00.142+0000] {logging_mixin.py:137} INFO - [2025-01-05T21:26:00.142+0000] {dagbag.py:538} INFO - Filling up the DagBag from /home/airflow/.local/lib/python3.7/site-packages/airflow/example_dags/example_branch_operator.py
[2025-01-05T21:26:00.159+0000] {processor.py:753} INFO - DAG(s) dict_keys(['example_branch_operator']) retrieved from /home/airflow/.local/lib/python3.7/site-packages/airflow/example_dags/example_branch_operator.py
[2025-01-05T21:26:00.185+0000] {logging_mixin.py:137} INFO - [2025-01-05T21:26:00.184+0000] {dag.py:2690} INFO - Sync 1 DAGs
[2025-01-05T21:26:00.213+0000] {logging_mixin.py:137} INFO - [2025-01-05T21:26:00.213+0000] {dag.py:3441} INFO - Setting next_dagrun for example_branch_operator to 2025-01-04T00:00:00+00:00, run_after=2025-01-05T00:00:00+00:00
[2025-01-05T21:26:00.231+0000] {processor.py:175} INFO - Processing /home/airflow/.local/lib/python3.7/site-packages/airflow/example_dags/example_branch_operator.py took 0.093 seconds
[2025-01-05T21:26:30.902+0000] {processor.py:153} INFO - Started process (PID=1578) to work on /home/airflow/.local/lib/python3.7/site-packages/airflow/example_dags/example_branch_operator.py
[2025-01-05T21:26:30.903+0000] {processor.py:743} INFO - Processing file /home/airflow/.local/lib/python3.7/site-packages/airflow/example_dags/example_branch_operator.py for tasks to queue
[2025-01-05T21:26:30.904+0000] {logging_mixin.py:137} INFO - [2025-01-05T21:26:30.904+0000] {dagbag.py:538} INFO - Filling up the DagBag from /home/airflow/.local/lib/python3.7/site-packages/airflow/example_dags/example_branch_operator.py
[2025-01-05T21:26:30.927+0000] {processor.py:753} INFO - DAG(s) dict_keys(['example_branch_operator']) retrieved from /home/airflow/.local/lib/python3.7/site-packages/airflow/example_dags/example_branch_operator.py
[2025-01-05T21:26:30.960+0000] {logging_mixin.py:137} INFO - [2025-01-05T21:26:30.960+0000] {dag.py:2690} INFO - Sync 1 DAGs
[2025-01-05T21:26:30.992+0000] {logging_mixin.py:137} INFO - [2025-01-05T21:26:30.992+0000] {dag.py:3441} INFO - Setting next_dagrun for example_branch_operator to 2025-01-04T00:00:00+00:00, run_after=2025-01-05T00:00:00+00:00
[2025-01-05T21:26:31.014+0000] {processor.py:175} INFO - Processing /home/airflow/.local/lib/python3.7/site-packages/airflow/example_dags/example_branch_operator.py took 0.115 seconds
[2025-01-05T21:27:01.774+0000] {processor.py:153} INFO - Started process (PID=1668) to work on /home/airflow/.local/lib/python3.7/site-packages/airflow/example_dags/example_branch_operator.py
[2025-01-05T21:27:01.775+0000] {processor.py:743} INFO - Processing file /home/airflow/.local/lib/python3.7/site-packages/airflow/example_dags/example_branch_operator.py for tasks to queue
[2025-01-05T21:27:01.776+0000] {logging_mixin.py:137} INFO - [2025-01-05T21:27:01.776+0000] {dagbag.py:538} INFO - Filling up the DagBag from /home/airflow/.local/lib/python3.7/site-packages/airflow/example_dags/example_branch_operator.py
[2025-01-05T21:27:01.800+0000] {processor.py:753} INFO - DAG(s) dict_keys(['example_branch_operator']) retrieved from /home/airflow/.local/lib/python3.7/site-packages/airflow/example_dags/example_branch_operator.py
[2025-01-05T21:27:01.827+0000] {logging_mixin.py:137} INFO - [2025-01-05T21:27:01.827+0000] {dag.py:2690} INFO - Sync 1 DAGs
[2025-01-05T21:27:01.853+0000] {logging_mixin.py:137} INFO - [2025-01-05T21:27:01.853+0000] {dag.py:3441} INFO - Setting next_dagrun for example_branch_operator to 2025-01-04T00:00:00+00:00, run_after=2025-01-05T00:00:00+00:00
[2025-01-05T21:27:01.871+0000] {processor.py:175} INFO - Processing /home/airflow/.local/lib/python3.7/site-packages/airflow/example_dags/example_branch_operator.py took 0.100 seconds
[2025-01-05T21:27:32.497+0000] {processor.py:153} INFO - Started process (PID=1748) to work on /home/airflow/.local/lib/python3.7/site-packages/airflow/example_dags/example_branch_operator.py
[2025-01-05T21:27:32.498+0000] {processor.py:743} INFO - Processing file /home/airflow/.local/lib/python3.7/site-packages/airflow/example_dags/example_branch_operator.py for tasks to queue
[2025-01-05T21:27:32.499+0000] {logging_mixin.py:137} INFO - [2025-01-05T21:27:32.499+0000] {dagbag.py:538} INFO - Filling up the DagBag from /home/airflow/.local/lib/python3.7/site-packages/airflow/example_dags/example_branch_operator.py
[2025-01-05T21:27:32.520+0000] {processor.py:753} INFO - DAG(s) dict_keys(['example_branch_operator']) retrieved from /home/airflow/.local/lib/python3.7/site-packages/airflow/example_dags/example_branch_operator.py
[2025-01-05T21:27:32.547+0000] {logging_mixin.py:137} INFO - [2025-01-05T21:27:32.547+0000] {dag.py:2690} INFO - Sync 1 DAGs
[2025-01-05T21:27:32.577+0000] {logging_mixin.py:137} INFO - [2025-01-05T21:27:32.577+0000] {dag.py:3441} INFO - Setting next_dagrun for example_branch_operator to 2025-01-04T00:00:00+00:00, run_after=2025-01-05T00:00:00+00:00
[2025-01-05T21:27:32.602+0000] {processor.py:175} INFO - Processing /home/airflow/.local/lib/python3.7/site-packages/airflow/example_dags/example_branch_operator.py took 0.109 seconds
[2025-01-05T21:28:03.254+0000] {processor.py:153} INFO - Started process (PID=1848) to work on /home/airflow/.local/lib/python3.7/site-packages/airflow/example_dags/example_branch_operator.py
[2025-01-05T21:28:03.255+0000] {processor.py:743} INFO - Processing file /home/airflow/.local/lib/python3.7/site-packages/airflow/example_dags/example_branch_operator.py for tasks to queue
[2025-01-05T21:28:03.256+0000] {logging_mixin.py:137} INFO - [2025-01-05T21:28:03.256+0000] {dagbag.py:538} INFO - Filling up the DagBag from /home/airflow/.local/lib/python3.7/site-packages/airflow/example_dags/example_branch_operator.py
[2025-01-05T21:28:03.272+0000] {processor.py:753} INFO - DAG(s) dict_keys(['example_branch_operator']) retrieved from /home/airflow/.local/lib/python3.7/site-packages/airflow/example_dags/example_branch_operator.py
[2025-01-05T21:28:03.298+0000] {logging_mixin.py:137} INFO - [2025-01-05T21:28:03.298+0000] {dag.py:2690} INFO - Sync 1 DAGs
[2025-01-05T21:28:03.326+0000] {logging_mixin.py:137} INFO - [2025-01-05T21:28:03.326+0000] {dag.py:3441} INFO - Setting next_dagrun for example_branch_operator to 2025-01-04T00:00:00+00:00, run_after=2025-01-05T00:00:00+00:00
[2025-01-05T21:28:03.345+0000] {processor.py:175} INFO - Processing /home/airflow/.local/lib/python3.7/site-packages/airflow/example_dags/example_branch_operator.py took 0.093 seconds
[2025-01-05T21:28:33.522+0000] {processor.py:153} INFO - Started process (PID=1928) to work on /home/airflow/.local/lib/python3.7/site-packages/airflow/example_dags/example_branch_operator.py
[2025-01-05T21:28:33.523+0000] {processor.py:743} INFO - Processing file /home/airflow/.local/lib/python3.7/site-packages/airflow/example_dags/example_branch_operator.py for tasks to queue
[2025-01-05T21:28:33.524+0000] {logging_mixin.py:137} INFO - [2025-01-05T21:28:33.524+0000] {dagbag.py:538} INFO - Filling up the DagBag from /home/airflow/.local/lib/python3.7/site-packages/airflow/example_dags/example_branch_operator.py
[2025-01-05T21:28:33.541+0000] {processor.py:753} INFO - DAG(s) dict_keys(['example_branch_operator']) retrieved from /home/airflow/.local/lib/python3.7/site-packages/airflow/example_dags/example_branch_operator.py
[2025-01-05T21:28:33.566+0000] {logging_mixin.py:137} INFO - [2025-01-05T21:28:33.566+0000] {dag.py:2690} INFO - Sync 1 DAGs
[2025-01-05T21:28:33.593+0000] {logging_mixin.py:137} INFO - [2025-01-05T21:28:33.593+0000] {dag.py:3441} INFO - Setting next_dagrun for example_branch_operator to 2025-01-04T00:00:00+00:00, run_after=2025-01-05T00:00:00+00:00
[2025-01-05T21:28:33.612+0000] {processor.py:175} INFO - Processing /home/airflow/.local/lib/python3.7/site-packages/airflow/example_dags/example_branch_operator.py took 0.093 seconds
[2025-01-05T21:29:04.569+0000] {processor.py:153} INFO - Started process (PID=2028) to work on /home/airflow/.local/lib/python3.7/site-packages/airflow/example_dags/example_branch_operator.py
[2025-01-05T21:29:04.570+0000] {processor.py:743} INFO - Processing file /home/airflow/.local/lib/python3.7/site-packages/airflow/example_dags/example_branch_operator.py for tasks to queue
[2025-01-05T21:29:04.571+0000] {logging_mixin.py:137} INFO - [2025-01-05T21:29:04.571+0000] {dagbag.py:538} INFO - Filling up the DagBag from /home/airflow/.local/lib/python3.7/site-packages/airflow/example_dags/example_branch_operator.py
[2025-01-05T21:29:04.587+0000] {processor.py:753} INFO - DAG(s) dict_keys(['example_branch_operator']) retrieved from /home/airflow/.local/lib/python3.7/site-packages/airflow/example_dags/example_branch_operator.py
[2025-01-05T21:29:04.613+0000] {logging_mixin.py:137} INFO - [2025-01-05T21:29:04.613+0000] {dag.py:2690} INFO - Sync 1 DAGs
[2025-01-05T21:29:04.640+0000] {logging_mixin.py:137} INFO - [2025-01-05T21:29:04.639+0000] {dag.py:3441} INFO - Setting next_dagrun for example_branch_operator to 2025-01-04T00:00:00+00:00, run_after=2025-01-05T00:00:00+00:00
[2025-01-05T21:29:04.659+0000] {processor.py:175} INFO - Processing /home/airflow/.local/lib/python3.7/site-packages/airflow/example_dags/example_branch_operator.py took 0.093 seconds
[2025-01-05T21:29:35.531+0000] {processor.py:153} INFO - Started process (PID=2108) to work on /home/airflow/.local/lib/python3.7/site-packages/airflow/example_dags/example_branch_operator.py
[2025-01-05T21:29:35.532+0000] {processor.py:743} INFO - Processing file /home/airflow/.local/lib/python3.7/site-packages/airflow/example_dags/example_branch_operator.py for tasks to queue
[2025-01-05T21:29:35.533+0000] {logging_mixin.py:137} INFO - [2025-01-05T21:29:35.533+0000] {dagbag.py:538} INFO - Filling up the DagBag from /home/airflow/.local/lib/python3.7/site-packages/airflow/example_dags/example_branch_operator.py
[2025-01-05T21:29:35.558+0000] {processor.py:753} INFO - DAG(s) dict_keys(['example_branch_operator']) retrieved from /home/airflow/.local/lib/python3.7/site-packages/airflow/example_dags/example_branch_operator.py
[2025-01-05T21:29:35.591+0000] {logging_mixin.py:137} INFO - [2025-01-05T21:29:35.591+0000] {dag.py:2690} INFO - Sync 1 DAGs
[2025-01-05T21:29:35.633+0000] {logging_mixin.py:137} INFO - [2025-01-05T21:29:35.633+0000] {dag.py:3441} INFO - Setting next_dagrun for example_branch_operator to 2025-01-04T00:00:00+00:00, run_after=2025-01-05T00:00:00+00:00
[2025-01-05T21:29:35.656+0000] {processor.py:175} INFO - Processing /home/airflow/.local/lib/python3.7/site-packages/airflow/example_dags/example_branch_operator.py took 0.130 seconds
[2025-01-05T21:30:06.076+0000] {processor.py:153} INFO - Started process (PID=2208) to work on /home/airflow/.local/lib/python3.7/site-packages/airflow/example_dags/example_branch_operator.py
[2025-01-05T21:30:06.077+0000] {processor.py:743} INFO - Processing file /home/airflow/.local/lib/python3.7/site-packages/airflow/example_dags/example_branch_operator.py for tasks to queue
[2025-01-05T21:30:06.078+0000] {logging_mixin.py:137} INFO - [2025-01-05T21:30:06.078+0000] {dagbag.py:538} INFO - Filling up the DagBag from /home/airflow/.local/lib/python3.7/site-packages/airflow/example_dags/example_branch_operator.py
[2025-01-05T21:30:06.100+0000] {processor.py:753} INFO - DAG(s) dict_keys(['example_branch_operator']) retrieved from /home/airflow/.local/lib/python3.7/site-packages/airflow/example_dags/example_branch_operator.py
[2025-01-05T21:30:06.134+0000] {logging_mixin.py:137} INFO - [2025-01-05T21:30:06.134+0000] {dag.py:2690} INFO - Sync 1 DAGs
[2025-01-05T21:30:06.178+0000] {logging_mixin.py:137} INFO - [2025-01-05T21:30:06.177+0000] {dag.py:3441} INFO - Setting next_dagrun for example_branch_operator to 2025-01-04T00:00:00+00:00, run_after=2025-01-05T00:00:00+00:00
[2025-01-05T21:30:06.208+0000] {processor.py:175} INFO - Processing /home/airflow/.local/lib/python3.7/site-packages/airflow/example_dags/example_branch_operator.py took 0.136 seconds
[2025-01-05T21:30:36.770+0000] {processor.py:153} INFO - Started process (PID=2288) to work on /home/airflow/.local/lib/python3.7/site-packages/airflow/example_dags/example_branch_operator.py
[2025-01-05T21:30:36.771+0000] {processor.py:743} INFO - Processing file /home/airflow/.local/lib/python3.7/site-packages/airflow/example_dags/example_branch_operator.py for tasks to queue
[2025-01-05T21:30:36.772+0000] {logging_mixin.py:137} INFO - [2025-01-05T21:30:36.772+0000] {dagbag.py:538} INFO - Filling up the DagBag from /home/airflow/.local/lib/python3.7/site-packages/airflow/example_dags/example_branch_operator.py
[2025-01-05T21:30:36.801+0000] {processor.py:753} INFO - DAG(s) dict_keys(['example_branch_operator']) retrieved from /home/airflow/.local/lib/python3.7/site-packages/airflow/example_dags/example_branch_operator.py
[2025-01-05T21:30:36.846+0000] {logging_mixin.py:137} INFO - [2025-01-05T21:30:36.846+0000] {dag.py:2690} INFO - Sync 1 DAGs
[2025-01-05T21:30:36.918+0000] {logging_mixin.py:137} INFO - [2025-01-05T21:30:36.918+0000] {dag.py:3441} INFO - Setting next_dagrun for example_branch_operator to 2025-01-04T00:00:00+00:00, run_after=2025-01-05T00:00:00+00:00
[2025-01-05T21:30:36.953+0000] {processor.py:175} INFO - Processing /home/airflow/.local/lib/python3.7/site-packages/airflow/example_dags/example_branch_operator.py took 0.188 seconds
[2025-01-05T21:31:07.068+0000] {processor.py:153} INFO - Started process (PID=2372) to work on /home/airflow/.local/lib/python3.7/site-packages/airflow/example_dags/example_branch_operator.py
[2025-01-05T21:31:07.070+0000] {processor.py:743} INFO - Processing file /home/airflow/.local/lib/python3.7/site-packages/airflow/example_dags/example_branch_operator.py for tasks to queue
[2025-01-05T21:31:07.071+0000] {logging_mixin.py:137} INFO - [2025-01-05T21:31:07.070+0000] {dagbag.py:538} INFO - Filling up the DagBag from /home/airflow/.local/lib/python3.7/site-packages/airflow/example_dags/example_branch_operator.py
[2025-01-05T21:31:07.087+0000] {processor.py:753} INFO - DAG(s) dict_keys(['example_branch_operator']) retrieved from /home/airflow/.local/lib/python3.7/site-packages/airflow/example_dags/example_branch_operator.py
[2025-01-05T21:31:07.113+0000] {logging_mixin.py:137} INFO - [2025-01-05T21:31:07.113+0000] {dag.py:2690} INFO - Sync 1 DAGs
[2025-01-05T21:31:07.141+0000] {logging_mixin.py:137} INFO - [2025-01-05T21:31:07.141+0000] {dag.py:3441} INFO - Setting next_dagrun for example_branch_operator to 2025-01-04T00:00:00+00:00, run_after=2025-01-05T00:00:00+00:00
[2025-01-05T21:31:07.159+0000] {processor.py:175} INFO - Processing /home/airflow/.local/lib/python3.7/site-packages/airflow/example_dags/example_branch_operator.py took 0.095 seconds
[2025-01-05T21:31:37.336+0000] {processor.py:153} INFO - Started process (PID=2476) to work on /home/airflow/.local/lib/python3.7/site-packages/airflow/example_dags/example_branch_operator.py
[2025-01-05T21:31:37.337+0000] {processor.py:743} INFO - Processing file /home/airflow/.local/lib/python3.7/site-packages/airflow/example_dags/example_branch_operator.py for tasks to queue
[2025-01-05T21:31:37.338+0000] {logging_mixin.py:137} INFO - [2025-01-05T21:31:37.338+0000] {dagbag.py:538} INFO - Filling up the DagBag from /home/airflow/.local/lib/python3.7/site-packages/airflow/example_dags/example_branch_operator.py
[2025-01-05T21:31:37.358+0000] {processor.py:753} INFO - DAG(s) dict_keys(['example_branch_operator']) retrieved from /home/airflow/.local/lib/python3.7/site-packages/airflow/example_dags/example_branch_operator.py
[2025-01-05T21:31:37.392+0000] {logging_mixin.py:137} INFO - [2025-01-05T21:31:37.392+0000] {dag.py:2690} INFO - Sync 1 DAGs
[2025-01-05T21:31:37.427+0000] {logging_mixin.py:137} INFO - [2025-01-05T21:31:37.427+0000] {dag.py:3441} INFO - Setting next_dagrun for example_branch_operator to 2025-01-04T00:00:00+00:00, run_after=2025-01-05T00:00:00+00:00
[2025-01-05T21:31:37.451+0000] {processor.py:175} INFO - Processing /home/airflow/.local/lib/python3.7/site-packages/airflow/example_dags/example_branch_operator.py took 0.119 seconds
[2025-01-05T21:32:08.118+0000] {processor.py:153} INFO - Started process (PID=2556) to work on /home/airflow/.local/lib/python3.7/site-packages/airflow/example_dags/example_branch_operator.py
[2025-01-05T21:32:08.119+0000] {processor.py:743} INFO - Processing file /home/airflow/.local/lib/python3.7/site-packages/airflow/example_dags/example_branch_operator.py for tasks to queue
[2025-01-05T21:32:08.120+0000] {logging_mixin.py:137} INFO - [2025-01-05T21:32:08.120+0000] {dagbag.py:538} INFO - Filling up the DagBag from /home/airflow/.local/lib/python3.7/site-packages/airflow/example_dags/example_branch_operator.py
[2025-01-05T21:32:08.150+0000] {processor.py:753} INFO - DAG(s) dict_keys(['example_branch_operator']) retrieved from /home/airflow/.local/lib/python3.7/site-packages/airflow/example_dags/example_branch_operator.py
[2025-01-05T21:32:08.192+0000] {logging_mixin.py:137} INFO - [2025-01-05T21:32:08.192+0000] {dag.py:2690} INFO - Sync 1 DAGs
[2025-01-05T21:32:08.247+0000] {logging_mixin.py:137} INFO - [2025-01-05T21:32:08.247+0000] {dag.py:3441} INFO - Setting next_dagrun for example_branch_operator to 2025-01-04T00:00:00+00:00, run_after=2025-01-05T00:00:00+00:00
[2025-01-05T21:32:08.277+0000] {processor.py:175} INFO - Processing /home/airflow/.local/lib/python3.7/site-packages/airflow/example_dags/example_branch_operator.py took 0.164 seconds
[2025-01-05T21:32:38.513+0000] {processor.py:153} INFO - Started process (PID=2637) to work on /home/airflow/.local/lib/python3.7/site-packages/airflow/example_dags/example_branch_operator.py
[2025-01-05T21:32:38.514+0000] {processor.py:743} INFO - Processing file /home/airflow/.local/lib/python3.7/site-packages/airflow/example_dags/example_branch_operator.py for tasks to queue
[2025-01-05T21:32:38.516+0000] {logging_mixin.py:137} INFO - [2025-01-05T21:32:38.515+0000] {dagbag.py:538} INFO - Filling up the DagBag from /home/airflow/.local/lib/python3.7/site-packages/airflow/example_dags/example_branch_operator.py
[2025-01-05T21:32:38.538+0000] {processor.py:753} INFO - DAG(s) dict_keys(['example_branch_operator']) retrieved from /home/airflow/.local/lib/python3.7/site-packages/airflow/example_dags/example_branch_operator.py
[2025-01-05T21:32:38.570+0000] {logging_mixin.py:137} INFO - [2025-01-05T21:32:38.569+0000] {dag.py:2690} INFO - Sync 1 DAGs
[2025-01-05T21:32:38.608+0000] {logging_mixin.py:137} INFO - [2025-01-05T21:32:38.608+0000] {dag.py:3441} INFO - Setting next_dagrun for example_branch_operator to 2025-01-04T00:00:00+00:00, run_after=2025-01-05T00:00:00+00:00
[2025-01-05T21:32:38.634+0000] {processor.py:175} INFO - Processing /home/airflow/.local/lib/python3.7/site-packages/airflow/example_dags/example_branch_operator.py took 0.125 seconds
[2025-01-05T21:33:09.611+0000] {processor.py:153} INFO - Started process (PID=2737) to work on /home/airflow/.local/lib/python3.7/site-packages/airflow/example_dags/example_branch_operator.py
[2025-01-05T21:33:09.612+0000] {processor.py:743} INFO - Processing file /home/airflow/.local/lib/python3.7/site-packages/airflow/example_dags/example_branch_operator.py for tasks to queue
[2025-01-05T21:33:09.613+0000] {logging_mixin.py:137} INFO - [2025-01-05T21:33:09.613+0000] {dagbag.py:538} INFO - Filling up the DagBag from /home/airflow/.local/lib/python3.7/site-packages/airflow/example_dags/example_branch_operator.py
[2025-01-05T21:33:09.634+0000] {processor.py:753} INFO - DAG(s) dict_keys(['example_branch_operator']) retrieved from /home/airflow/.local/lib/python3.7/site-packages/airflow/example_dags/example_branch_operator.py
[2025-01-05T21:33:09.668+0000] {logging_mixin.py:137} INFO - [2025-01-05T21:33:09.667+0000] {dag.py:2690} INFO - Sync 1 DAGs
[2025-01-05T21:33:09.705+0000] {logging_mixin.py:137} INFO - [2025-01-05T21:33:09.705+0000] {dag.py:3441} INFO - Setting next_dagrun for example_branch_operator to 2025-01-04T00:00:00+00:00, run_after=2025-01-05T00:00:00+00:00
[2025-01-05T21:33:09.741+0000] {processor.py:175} INFO - Processing /home/airflow/.local/lib/python3.7/site-packages/airflow/example_dags/example_branch_operator.py took 0.134 seconds
[2025-01-05T21:33:39.882+0000] {processor.py:153} INFO - Started process (PID=2816) to work on /home/airflow/.local/lib/python3.7/site-packages/airflow/example_dags/example_branch_operator.py
[2025-01-05T21:33:39.883+0000] {processor.py:743} INFO - Processing file /home/airflow/.local/lib/python3.7/site-packages/airflow/example_dags/example_branch_operator.py for tasks to queue
[2025-01-05T21:33:39.883+0000] {logging_mixin.py:137} INFO - [2025-01-05T21:33:39.883+0000] {dagbag.py:538} INFO - Filling up the DagBag from /home/airflow/.local/lib/python3.7/site-packages/airflow/example_dags/example_branch_operator.py
[2025-01-05T21:33:39.907+0000] {processor.py:753} INFO - DAG(s) dict_keys(['example_branch_operator']) retrieved from /home/airflow/.local/lib/python3.7/site-packages/airflow/example_dags/example_branch_operator.py
[2025-01-05T21:33:39.939+0000] {logging_mixin.py:137} INFO - [2025-01-05T21:33:39.939+0000] {dag.py:2690} INFO - Sync 1 DAGs
[2025-01-05T21:33:39.967+0000] {logging_mixin.py:137} INFO - [2025-01-05T21:33:39.967+0000] {dag.py:3441} INFO - Setting next_dagrun for example_branch_operator to 2025-01-04T00:00:00+00:00, run_after=2025-01-05T00:00:00+00:00
[2025-01-05T21:33:39.987+0000] {processor.py:175} INFO - Processing /home/airflow/.local/lib/python3.7/site-packages/airflow/example_dags/example_branch_operator.py took 0.109 seconds
[2025-01-05T21:34:10.182+0000] {processor.py:153} INFO - Started process (PID=2896) to work on /home/airflow/.local/lib/python3.7/site-packages/airflow/example_dags/example_branch_operator.py
[2025-01-05T21:34:10.183+0000] {processor.py:743} INFO - Processing file /home/airflow/.local/lib/python3.7/site-packages/airflow/example_dags/example_branch_operator.py for tasks to queue
[2025-01-05T21:34:10.184+0000] {logging_mixin.py:137} INFO - [2025-01-05T21:34:10.184+0000] {dagbag.py:538} INFO - Filling up the DagBag from /home/airflow/.local/lib/python3.7/site-packages/airflow/example_dags/example_branch_operator.py
[2025-01-05T21:34:10.208+0000] {processor.py:753} INFO - DAG(s) dict_keys(['example_branch_operator']) retrieved from /home/airflow/.local/lib/python3.7/site-packages/airflow/example_dags/example_branch_operator.py
[2025-01-05T21:34:10.238+0000] {logging_mixin.py:137} INFO - [2025-01-05T21:34:10.238+0000] {dag.py:2690} INFO - Sync 1 DAGs
[2025-01-05T21:34:10.268+0000] {logging_mixin.py:137} INFO - [2025-01-05T21:34:10.268+0000] {dag.py:3441} INFO - Setting next_dagrun for example_branch_operator to 2025-01-04T00:00:00+00:00, run_after=2025-01-05T00:00:00+00:00
[2025-01-05T21:34:10.289+0000] {processor.py:175} INFO - Processing /home/airflow/.local/lib/python3.7/site-packages/airflow/example_dags/example_branch_operator.py took 0.110 seconds
[2025-01-05T21:34:41.263+0000] {processor.py:153} INFO - Started process (PID=2996) to work on /home/airflow/.local/lib/python3.7/site-packages/airflow/example_dags/example_branch_operator.py
[2025-01-05T21:34:41.264+0000] {processor.py:743} INFO - Processing file /home/airflow/.local/lib/python3.7/site-packages/airflow/example_dags/example_branch_operator.py for tasks to queue
[2025-01-05T21:34:41.265+0000] {logging_mixin.py:137} INFO - [2025-01-05T21:34:41.265+0000] {dagbag.py:538} INFO - Filling up the DagBag from /home/airflow/.local/lib/python3.7/site-packages/airflow/example_dags/example_branch_operator.py
[2025-01-05T21:34:41.297+0000] {processor.py:753} INFO - DAG(s) dict_keys(['example_branch_operator']) retrieved from /home/airflow/.local/lib/python3.7/site-packages/airflow/example_dags/example_branch_operator.py
[2025-01-05T21:34:41.335+0000] {logging_mixin.py:137} INFO - [2025-01-05T21:34:41.335+0000] {dag.py:2690} INFO - Sync 1 DAGs
[2025-01-05T21:34:41.382+0000] {logging_mixin.py:137} INFO - [2025-01-05T21:34:41.382+0000] {dag.py:3441} INFO - Setting next_dagrun for example_branch_operator to 2025-01-04T00:00:00+00:00, run_after=2025-01-05T00:00:00+00:00
[2025-01-05T21:34:41.408+0000] {processor.py:175} INFO - Processing /home/airflow/.local/lib/python3.7/site-packages/airflow/example_dags/example_branch_operator.py took 0.150 seconds
[2025-01-05T21:35:11.605+0000] {processor.py:153} INFO - Started process (PID=3076) to work on /home/airflow/.local/lib/python3.7/site-packages/airflow/example_dags/example_branch_operator.py
[2025-01-05T21:35:11.606+0000] {processor.py:743} INFO - Processing file /home/airflow/.local/lib/python3.7/site-packages/airflow/example_dags/example_branch_operator.py for tasks to queue
[2025-01-05T21:35:11.607+0000] {logging_mixin.py:137} INFO - [2025-01-05T21:35:11.607+0000] {dagbag.py:538} INFO - Filling up the DagBag from /home/airflow/.local/lib/python3.7/site-packages/airflow/example_dags/example_branch_operator.py
[2025-01-05T21:35:11.626+0000] {processor.py:753} INFO - DAG(s) dict_keys(['example_branch_operator']) retrieved from /home/airflow/.local/lib/python3.7/site-packages/airflow/example_dags/example_branch_operator.py
[2025-01-05T21:35:11.657+0000] {logging_mixin.py:137} INFO - [2025-01-05T21:35:11.656+0000] {dag.py:2690} INFO - Sync 1 DAGs
[2025-01-05T21:35:11.687+0000] {logging_mixin.py:137} INFO - [2025-01-05T21:35:11.687+0000] {dag.py:3441} INFO - Setting next_dagrun for example_branch_operator to 2025-01-04T00:00:00+00:00, run_after=2025-01-05T00:00:00+00:00
[2025-01-05T21:35:11.712+0000] {processor.py:175} INFO - Processing /home/airflow/.local/lib/python3.7/site-packages/airflow/example_dags/example_branch_operator.py took 0.110 seconds
[2025-01-05T21:35:41.897+0000] {processor.py:153} INFO - Started process (PID=3157) to work on /home/airflow/.local/lib/python3.7/site-packages/airflow/example_dags/example_branch_operator.py
[2025-01-05T21:35:41.898+0000] {processor.py:743} INFO - Processing file /home/airflow/.local/lib/python3.7/site-packages/airflow/example_dags/example_branch_operator.py for tasks to queue
[2025-01-05T21:35:41.899+0000] {logging_mixin.py:137} INFO - [2025-01-05T21:35:41.899+0000] {dagbag.py:538} INFO - Filling up the DagBag from /home/airflow/.local/lib/python3.7/site-packages/airflow/example_dags/example_branch_operator.py
[2025-01-05T21:35:41.916+0000] {processor.py:753} INFO - DAG(s) dict_keys(['example_branch_operator']) retrieved from /home/airflow/.local/lib/python3.7/site-packages/airflow/example_dags/example_branch_operator.py
[2025-01-05T21:35:41.947+0000] {logging_mixin.py:137} INFO - [2025-01-05T21:35:41.947+0000] {dag.py:2690} INFO - Sync 1 DAGs
[2025-01-05T21:35:41.988+0000] {logging_mixin.py:137} INFO - [2025-01-05T21:35:41.988+0000] {dag.py:3441} INFO - Setting next_dagrun for example_branch_operator to 2025-01-04T00:00:00+00:00, run_after=2025-01-05T00:00:00+00:00
[2025-01-05T21:35:42.012+0000] {processor.py:175} INFO - Processing /home/airflow/.local/lib/python3.7/site-packages/airflow/example_dags/example_branch_operator.py took 0.118 seconds
[2025-01-05T21:36:12.315+0000] {processor.py:153} INFO - Started process (PID=3258) to work on /home/airflow/.local/lib/python3.7/site-packages/airflow/example_dags/example_branch_operator.py
[2025-01-05T21:36:12.317+0000] {processor.py:743} INFO - Processing file /home/airflow/.local/lib/python3.7/site-packages/airflow/example_dags/example_branch_operator.py for tasks to queue
[2025-01-05T21:36:12.318+0000] {logging_mixin.py:137} INFO - [2025-01-05T21:36:12.317+0000] {dagbag.py:538} INFO - Filling up the DagBag from /home/airflow/.local/lib/python3.7/site-packages/airflow/example_dags/example_branch_operator.py
[2025-01-05T21:36:12.340+0000] {processor.py:753} INFO - DAG(s) dict_keys(['example_branch_operator']) retrieved from /home/airflow/.local/lib/python3.7/site-packages/airflow/example_dags/example_branch_operator.py
[2025-01-05T21:36:12.375+0000] {logging_mixin.py:137} INFO - [2025-01-05T21:36:12.375+0000] {dag.py:2690} INFO - Sync 1 DAGs
[2025-01-05T21:36:12.410+0000] {logging_mixin.py:137} INFO - [2025-01-05T21:36:12.410+0000] {dag.py:3441} INFO - Setting next_dagrun for example_branch_operator to 2025-01-04T00:00:00+00:00, run_after=2025-01-05T00:00:00+00:00
[2025-01-05T21:36:12.435+0000] {processor.py:175} INFO - Processing /home/airflow/.local/lib/python3.7/site-packages/airflow/example_dags/example_branch_operator.py took 0.124 seconds
[2025-01-05T21:36:43.116+0000] {processor.py:153} INFO - Started process (PID=3338) to work on /home/airflow/.local/lib/python3.7/site-packages/airflow/example_dags/example_branch_operator.py
[2025-01-05T21:36:43.117+0000] {processor.py:743} INFO - Processing file /home/airflow/.local/lib/python3.7/site-packages/airflow/example_dags/example_branch_operator.py for tasks to queue
[2025-01-05T21:36:43.118+0000] {logging_mixin.py:137} INFO - [2025-01-05T21:36:43.118+0000] {dagbag.py:538} INFO - Filling up the DagBag from /home/airflow/.local/lib/python3.7/site-packages/airflow/example_dags/example_branch_operator.py
[2025-01-05T21:36:43.140+0000] {processor.py:753} INFO - DAG(s) dict_keys(['example_branch_operator']) retrieved from /home/airflow/.local/lib/python3.7/site-packages/airflow/example_dags/example_branch_operator.py
[2025-01-05T21:36:43.174+0000] {logging_mixin.py:137} INFO - [2025-01-05T21:36:43.174+0000] {dag.py:2690} INFO - Sync 1 DAGs
[2025-01-05T21:36:43.209+0000] {logging_mixin.py:137} INFO - [2025-01-05T21:36:43.208+0000] {dag.py:3441} INFO - Setting next_dagrun for example_branch_operator to 2025-01-04T00:00:00+00:00, run_after=2025-01-05T00:00:00+00:00
[2025-01-05T21:36:43.237+0000] {processor.py:175} INFO - Processing /home/airflow/.local/lib/python3.7/site-packages/airflow/example_dags/example_branch_operator.py took 0.125 seconds
[2025-01-05T21:37:14.142+0000] {processor.py:153} INFO - Started process (PID=3428) to work on /home/airflow/.local/lib/python3.7/site-packages/airflow/example_dags/example_branch_operator.py
[2025-01-05T21:37:14.143+0000] {processor.py:743} INFO - Processing file /home/airflow/.local/lib/python3.7/site-packages/airflow/example_dags/example_branch_operator.py for tasks to queue
[2025-01-05T21:37:14.144+0000] {logging_mixin.py:137} INFO - [2025-01-05T21:37:14.144+0000] {dagbag.py:538} INFO - Filling up the DagBag from /home/airflow/.local/lib/python3.7/site-packages/airflow/example_dags/example_branch_operator.py
[2025-01-05T21:37:14.168+0000] {processor.py:753} INFO - DAG(s) dict_keys(['example_branch_operator']) retrieved from /home/airflow/.local/lib/python3.7/site-packages/airflow/example_dags/example_branch_operator.py
[2025-01-05T21:37:14.207+0000] {logging_mixin.py:137} INFO - [2025-01-05T21:37:14.207+0000] {dag.py:2690} INFO - Sync 1 DAGs
[2025-01-05T21:37:14.248+0000] {logging_mixin.py:137} INFO - [2025-01-05T21:37:14.248+0000] {dag.py:3441} INFO - Setting next_dagrun for example_branch_operator to 2025-01-04T00:00:00+00:00, run_after=2025-01-05T00:00:00+00:00
[2025-01-05T21:37:14.277+0000] {processor.py:175} INFO - Processing /home/airflow/.local/lib/python3.7/site-packages/airflow/example_dags/example_branch_operator.py took 0.139 seconds
[2025-01-05T21:37:44.768+0000] {processor.py:153} INFO - Started process (PID=3518) to work on /home/airflow/.local/lib/python3.7/site-packages/airflow/example_dags/example_branch_operator.py
[2025-01-05T21:37:44.769+0000] {processor.py:743} INFO - Processing file /home/airflow/.local/lib/python3.7/site-packages/airflow/example_dags/example_branch_operator.py for tasks to queue
[2025-01-05T21:37:44.770+0000] {logging_mixin.py:137} INFO - [2025-01-05T21:37:44.770+0000] {dagbag.py:538} INFO - Filling up the DagBag from /home/airflow/.local/lib/python3.7/site-packages/airflow/example_dags/example_branch_operator.py
[2025-01-05T21:37:44.785+0000] {processor.py:753} INFO - DAG(s) dict_keys(['example_branch_operator']) retrieved from /home/airflow/.local/lib/python3.7/site-packages/airflow/example_dags/example_branch_operator.py
[2025-01-05T21:37:44.810+0000] {logging_mixin.py:137} INFO - [2025-01-05T21:37:44.810+0000] {dag.py:2690} INFO - Sync 1 DAGs
[2025-01-05T21:37:44.836+0000] {logging_mixin.py:137} INFO - [2025-01-05T21:37:44.836+0000] {dag.py:3441} INFO - Setting next_dagrun for example_branch_operator to 2025-01-04T00:00:00+00:00, run_after=2025-01-05T00:00:00+00:00
[2025-01-05T21:37:44.855+0000] {processor.py:175} INFO - Processing /home/airflow/.local/lib/python3.7/site-packages/airflow/example_dags/example_branch_operator.py took 0.090 seconds
