[2025-01-05T21:14:08.428+0000] {processor.py:153} INFO - Started process (PID=192) to work on /home/airflow/.local/lib/python3.7/site-packages/airflow/example_dags/example_branch_day_of_week_operator.py
[2025-01-05T21:14:08.430+0000] {processor.py:743} INFO - Processing file /home/airflow/.local/lib/python3.7/site-packages/airflow/example_dags/example_branch_day_of_week_operator.py for tasks to queue
[2025-01-05T21:14:08.432+0000] {logging_mixin.py:137} INFO - [2025-01-05T21:14:08.431+0000] {dagbag.py:538} INFO - Filling up the DagBag from /home/airflow/.local/lib/python3.7/site-packages/airflow/example_dags/example_branch_day_of_week_operator.py
[2025-01-05T21:14:08.471+0000] {processor.py:753} INFO - DAG(s) dict_keys(['example_weekday_branch_operator']) retrieved from /home/airflow/.local/lib/python3.7/site-packages/airflow/example_dags/example_branch_day_of_week_operator.py
[2025-01-05T21:14:08.509+0000] {logging_mixin.py:137} INFO - [2025-01-05T21:14:08.509+0000] {dag.py:2690} INFO - Sync 1 DAGs
[2025-01-05T21:14:08.551+0000] {logging_mixin.py:137} INFO - [2025-01-05T21:14:08.551+0000] {dag.py:3441} INFO - Setting next_dagrun for example_weekday_branch_operator to 2025-01-04T00:00:00+00:00, run_after=2025-01-05T00:00:00+00:00
[2025-01-05T21:14:08.579+0000] {processor.py:175} INFO - Processing /home/airflow/.local/lib/python3.7/site-packages/airflow/example_dags/example_branch_day_of_week_operator.py took 0.157 seconds
[2025-01-05T21:14:38.856+0000] {processor.py:153} INFO - Started process (PID=280) to work on /home/airflow/.local/lib/python3.7/site-packages/airflow/example_dags/example_branch_day_of_week_operator.py
[2025-01-05T21:14:38.857+0000] {processor.py:743} INFO - Processing file /home/airflow/.local/lib/python3.7/site-packages/airflow/example_dags/example_branch_day_of_week_operator.py for tasks to queue
[2025-01-05T21:14:38.859+0000] {logging_mixin.py:137} INFO - [2025-01-05T21:14:38.859+0000] {dagbag.py:538} INFO - Filling up the DagBag from /home/airflow/.local/lib/python3.7/site-packages/airflow/example_dags/example_branch_day_of_week_operator.py
[2025-01-05T21:14:38.901+0000] {processor.py:753} INFO - DAG(s) dict_keys(['example_weekday_branch_operator']) retrieved from /home/airflow/.local/lib/python3.7/site-packages/airflow/example_dags/example_branch_day_of_week_operator.py
[2025-01-05T21:14:38.942+0000] {logging_mixin.py:137} INFO - [2025-01-05T21:14:38.942+0000] {dag.py:2690} INFO - Sync 1 DAGs
[2025-01-05T21:14:38.993+0000] {logging_mixin.py:137} INFO - [2025-01-05T21:14:38.993+0000] {dag.py:3441} INFO - Setting next_dagrun for example_weekday_branch_operator to 2025-01-04T00:00:00+00:00, run_after=2025-01-05T00:00:00+00:00
[2025-01-05T21:14:39.036+0000] {processor.py:175} INFO - Processing /home/airflow/.local/lib/python3.7/site-packages/airflow/example_dags/example_branch_day_of_week_operator.py took 0.187 seconds
[2025-01-05T21:15:09.255+0000] {processor.py:153} INFO - Started process (PID=371) to work on /home/airflow/.local/lib/python3.7/site-packages/airflow/example_dags/example_branch_day_of_week_operator.py
[2025-01-05T21:15:09.257+0000] {processor.py:743} INFO - Processing file /home/airflow/.local/lib/python3.7/site-packages/airflow/example_dags/example_branch_day_of_week_operator.py for tasks to queue
[2025-01-05T21:15:09.258+0000] {logging_mixin.py:137} INFO - [2025-01-05T21:15:09.258+0000] {dagbag.py:538} INFO - Filling up the DagBag from /home/airflow/.local/lib/python3.7/site-packages/airflow/example_dags/example_branch_day_of_week_operator.py
[2025-01-05T21:15:09.284+0000] {processor.py:753} INFO - DAG(s) dict_keys(['example_weekday_branch_operator']) retrieved from /home/airflow/.local/lib/python3.7/site-packages/airflow/example_dags/example_branch_day_of_week_operator.py
[2025-01-05T21:15:09.327+0000] {logging_mixin.py:137} INFO - [2025-01-05T21:15:09.327+0000] {dag.py:2690} INFO - Sync 1 DAGs
[2025-01-05T21:15:09.366+0000] {logging_mixin.py:137} INFO - [2025-01-05T21:15:09.366+0000] {dag.py:3441} INFO - Setting next_dagrun for example_weekday_branch_operator to 2025-01-04T00:00:00+00:00, run_after=2025-01-05T00:00:00+00:00
[2025-01-05T21:15:09.390+0000] {processor.py:175} INFO - Processing /home/airflow/.local/lib/python3.7/site-packages/airflow/example_dags/example_branch_day_of_week_operator.py took 0.139 seconds
[2025-01-05T21:15:41.628+0000] {processor.py:153} INFO - Started process (PID=450) to work on /home/airflow/.local/lib/python3.7/site-packages/airflow/example_dags/example_branch_day_of_week_operator.py
[2025-01-05T21:15:41.630+0000] {processor.py:743} INFO - Processing file /home/airflow/.local/lib/python3.7/site-packages/airflow/example_dags/example_branch_day_of_week_operator.py for tasks to queue
[2025-01-05T21:15:41.631+0000] {logging_mixin.py:137} INFO - [2025-01-05T21:15:41.631+0000] {dagbag.py:538} INFO - Filling up the DagBag from /home/airflow/.local/lib/python3.7/site-packages/airflow/example_dags/example_branch_day_of_week_operator.py
[2025-01-05T21:15:41.664+0000] {processor.py:753} INFO - DAG(s) dict_keys(['example_weekday_branch_operator']) retrieved from /home/airflow/.local/lib/python3.7/site-packages/airflow/example_dags/example_branch_day_of_week_operator.py
[2025-01-05T21:15:41.710+0000] {logging_mixin.py:137} INFO - [2025-01-05T21:15:41.709+0000] {dag.py:2690} INFO - Sync 1 DAGs
[2025-01-05T21:15:41.766+0000] {logging_mixin.py:137} INFO - [2025-01-05T21:15:41.765+0000] {dag.py:3441} INFO - Setting next_dagrun for example_weekday_branch_operator to 2025-01-04T00:00:00+00:00, run_after=2025-01-05T00:00:00+00:00
[2025-01-05T21:15:41.802+0000] {processor.py:175} INFO - Processing /home/airflow/.local/lib/python3.7/site-packages/airflow/example_dags/example_branch_day_of_week_operator.py took 0.179 seconds
[2025-01-05T21:16:12.084+0000] {processor.py:153} INFO - Started process (PID=529) to work on /home/airflow/.local/lib/python3.7/site-packages/airflow/example_dags/example_branch_day_of_week_operator.py
[2025-01-05T21:16:12.086+0000] {processor.py:743} INFO - Processing file /home/airflow/.local/lib/python3.7/site-packages/airflow/example_dags/example_branch_day_of_week_operator.py for tasks to queue
[2025-01-05T21:16:12.088+0000] {logging_mixin.py:137} INFO - [2025-01-05T21:16:12.088+0000] {dagbag.py:538} INFO - Filling up the DagBag from /home/airflow/.local/lib/python3.7/site-packages/airflow/example_dags/example_branch_day_of_week_operator.py
[2025-01-05T21:16:12.126+0000] {processor.py:753} INFO - DAG(s) dict_keys(['example_weekday_branch_operator']) retrieved from /home/airflow/.local/lib/python3.7/site-packages/airflow/example_dags/example_branch_day_of_week_operator.py
[2025-01-05T21:16:12.193+0000] {logging_mixin.py:137} INFO - [2025-01-05T21:16:12.192+0000] {dag.py:2690} INFO - Sync 1 DAGs
[2025-01-05T21:16:12.239+0000] {logging_mixin.py:137} INFO - [2025-01-05T21:16:12.238+0000] {dag.py:3441} INFO - Setting next_dagrun for example_weekday_branch_operator to 2025-01-04T00:00:00+00:00, run_after=2025-01-05T00:00:00+00:00
[2025-01-05T21:16:12.275+0000] {processor.py:175} INFO - Processing /home/airflow/.local/lib/python3.7/site-packages/airflow/example_dags/example_branch_day_of_week_operator.py took 0.198 seconds
[2025-01-05T21:17:53.285+0000] {processor.py:153} INFO - Started process (PID=89) to work on /home/airflow/.local/lib/python3.7/site-packages/airflow/example_dags/example_branch_day_of_week_operator.py
[2025-01-05T21:17:53.286+0000] {processor.py:743} INFO - Processing file /home/airflow/.local/lib/python3.7/site-packages/airflow/example_dags/example_branch_day_of_week_operator.py for tasks to queue
[2025-01-05T21:17:53.288+0000] {logging_mixin.py:137} INFO - [2025-01-05T21:17:53.287+0000] {dagbag.py:538} INFO - Filling up the DagBag from /home/airflow/.local/lib/python3.7/site-packages/airflow/example_dags/example_branch_day_of_week_operator.py
[2025-01-05T21:17:53.320+0000] {processor.py:753} INFO - DAG(s) dict_keys(['example_weekday_branch_operator']) retrieved from /home/airflow/.local/lib/python3.7/site-packages/airflow/example_dags/example_branch_day_of_week_operator.py
[2025-01-05T21:17:53.356+0000] {logging_mixin.py:137} INFO - [2025-01-05T21:17:53.356+0000] {dag.py:2690} INFO - Sync 1 DAGs
[2025-01-05T21:17:53.400+0000] {logging_mixin.py:137} INFO - [2025-01-05T21:17:53.399+0000] {dag.py:3441} INFO - Setting next_dagrun for example_weekday_branch_operator to 2025-01-04T00:00:00+00:00, run_after=2025-01-05T00:00:00+00:00
[2025-01-05T21:17:53.428+0000] {processor.py:175} INFO - Processing /home/airflow/.local/lib/python3.7/site-packages/airflow/example_dags/example_branch_day_of_week_operator.py took 0.148 seconds
[2025-01-05T21:18:23.618+0000] {processor.py:153} INFO - Started process (PID=169) to work on /home/airflow/.local/lib/python3.7/site-packages/airflow/example_dags/example_branch_day_of_week_operator.py
[2025-01-05T21:18:23.619+0000] {processor.py:743} INFO - Processing file /home/airflow/.local/lib/python3.7/site-packages/airflow/example_dags/example_branch_day_of_week_operator.py for tasks to queue
[2025-01-05T21:18:23.620+0000] {logging_mixin.py:137} INFO - [2025-01-05T21:18:23.620+0000] {dagbag.py:538} INFO - Filling up the DagBag from /home/airflow/.local/lib/python3.7/site-packages/airflow/example_dags/example_branch_day_of_week_operator.py
[2025-01-05T21:18:23.643+0000] {processor.py:753} INFO - DAG(s) dict_keys(['example_weekday_branch_operator']) retrieved from /home/airflow/.local/lib/python3.7/site-packages/airflow/example_dags/example_branch_day_of_week_operator.py
[2025-01-05T21:18:23.674+0000] {logging_mixin.py:137} INFO - [2025-01-05T21:18:23.674+0000] {dag.py:2690} INFO - Sync 1 DAGs
[2025-01-05T21:18:23.708+0000] {logging_mixin.py:137} INFO - [2025-01-05T21:18:23.707+0000] {dag.py:3441} INFO - Setting next_dagrun for example_weekday_branch_operator to 2025-01-04T00:00:00+00:00, run_after=2025-01-05T00:00:00+00:00
[2025-01-05T21:18:23.731+0000] {processor.py:175} INFO - Processing /home/airflow/.local/lib/python3.7/site-packages/airflow/example_dags/example_branch_day_of_week_operator.py took 0.119 seconds
[2025-01-05T21:18:53.859+0000] {processor.py:153} INFO - Started process (PID=270) to work on /home/airflow/.local/lib/python3.7/site-packages/airflow/example_dags/example_branch_day_of_week_operator.py
[2025-01-05T21:18:53.860+0000] {processor.py:743} INFO - Processing file /home/airflow/.local/lib/python3.7/site-packages/airflow/example_dags/example_branch_day_of_week_operator.py for tasks to queue
[2025-01-05T21:18:53.861+0000] {logging_mixin.py:137} INFO - [2025-01-05T21:18:53.861+0000] {dagbag.py:538} INFO - Filling up the DagBag from /home/airflow/.local/lib/python3.7/site-packages/airflow/example_dags/example_branch_day_of_week_operator.py
[2025-01-05T21:18:53.875+0000] {processor.py:753} INFO - DAG(s) dict_keys(['example_weekday_branch_operator']) retrieved from /home/airflow/.local/lib/python3.7/site-packages/airflow/example_dags/example_branch_day_of_week_operator.py
[2025-01-05T21:18:53.899+0000] {logging_mixin.py:137} INFO - [2025-01-05T21:18:53.899+0000] {dag.py:2690} INFO - Sync 1 DAGs
[2025-01-05T21:18:53.924+0000] {logging_mixin.py:137} INFO - [2025-01-05T21:18:53.924+0000] {dag.py:3441} INFO - Setting next_dagrun for example_weekday_branch_operator to 2025-01-04T00:00:00+00:00, run_after=2025-01-05T00:00:00+00:00
[2025-01-05T21:18:53.943+0000] {processor.py:175} INFO - Processing /home/airflow/.local/lib/python3.7/site-packages/airflow/example_dags/example_branch_day_of_week_operator.py took 0.087 seconds
[2025-01-05T21:19:24.009+0000] {processor.py:153} INFO - Started process (PID=350) to work on /home/airflow/.local/lib/python3.7/site-packages/airflow/example_dags/example_branch_day_of_week_operator.py
[2025-01-05T21:19:24.010+0000] {processor.py:743} INFO - Processing file /home/airflow/.local/lib/python3.7/site-packages/airflow/example_dags/example_branch_day_of_week_operator.py for tasks to queue
[2025-01-05T21:19:24.010+0000] {logging_mixin.py:137} INFO - [2025-01-05T21:19:24.010+0000] {dagbag.py:538} INFO - Filling up the DagBag from /home/airflow/.local/lib/python3.7/site-packages/airflow/example_dags/example_branch_day_of_week_operator.py
[2025-01-05T21:19:24.023+0000] {processor.py:753} INFO - DAG(s) dict_keys(['example_weekday_branch_operator']) retrieved from /home/airflow/.local/lib/python3.7/site-packages/airflow/example_dags/example_branch_day_of_week_operator.py
[2025-01-05T21:19:24.049+0000] {logging_mixin.py:137} INFO - [2025-01-05T21:19:24.049+0000] {dag.py:2690} INFO - Sync 1 DAGs
[2025-01-05T21:19:24.074+0000] {logging_mixin.py:137} INFO - [2025-01-05T21:19:24.074+0000] {dag.py:3441} INFO - Setting next_dagrun for example_weekday_branch_operator to 2025-01-04T00:00:00+00:00, run_after=2025-01-05T00:00:00+00:00
[2025-01-05T21:19:24.091+0000] {processor.py:175} INFO - Processing /home/airflow/.local/lib/python3.7/site-packages/airflow/example_dags/example_branch_day_of_week_operator.py took 0.086 seconds
[2025-01-05T21:19:54.989+0000] {processor.py:153} INFO - Started process (PID=451) to work on /home/airflow/.local/lib/python3.7/site-packages/airflow/example_dags/example_branch_day_of_week_operator.py
[2025-01-05T21:19:54.990+0000] {processor.py:743} INFO - Processing file /home/airflow/.local/lib/python3.7/site-packages/airflow/example_dags/example_branch_day_of_week_operator.py for tasks to queue
[2025-01-05T21:19:54.991+0000] {logging_mixin.py:137} INFO - [2025-01-05T21:19:54.991+0000] {dagbag.py:538} INFO - Filling up the DagBag from /home/airflow/.local/lib/python3.7/site-packages/airflow/example_dags/example_branch_day_of_week_operator.py
[2025-01-05T21:19:55.005+0000] {processor.py:753} INFO - DAG(s) dict_keys(['example_weekday_branch_operator']) retrieved from /home/airflow/.local/lib/python3.7/site-packages/airflow/example_dags/example_branch_day_of_week_operator.py
[2025-01-05T21:19:55.033+0000] {logging_mixin.py:137} INFO - [2025-01-05T21:19:55.033+0000] {dag.py:2690} INFO - Sync 1 DAGs
[2025-01-05T21:19:55.060+0000] {logging_mixin.py:137} INFO - [2025-01-05T21:19:55.060+0000] {dag.py:3441} INFO - Setting next_dagrun for example_weekday_branch_operator to 2025-01-04T00:00:00+00:00, run_after=2025-01-05T00:00:00+00:00
[2025-01-05T21:19:55.081+0000] {processor.py:175} INFO - Processing /home/airflow/.local/lib/python3.7/site-packages/airflow/example_dags/example_branch_day_of_week_operator.py took 0.095 seconds
[2025-01-05T21:20:25.665+0000] {processor.py:153} INFO - Started process (PID=531) to work on /home/airflow/.local/lib/python3.7/site-packages/airflow/example_dags/example_branch_day_of_week_operator.py
[2025-01-05T21:20:25.666+0000] {processor.py:743} INFO - Processing file /home/airflow/.local/lib/python3.7/site-packages/airflow/example_dags/example_branch_day_of_week_operator.py for tasks to queue
[2025-01-05T21:20:25.666+0000] {logging_mixin.py:137} INFO - [2025-01-05T21:20:25.666+0000] {dagbag.py:538} INFO - Filling up the DagBag from /home/airflow/.local/lib/python3.7/site-packages/airflow/example_dags/example_branch_day_of_week_operator.py
[2025-01-05T21:20:25.681+0000] {processor.py:753} INFO - DAG(s) dict_keys(['example_weekday_branch_operator']) retrieved from /home/airflow/.local/lib/python3.7/site-packages/airflow/example_dags/example_branch_day_of_week_operator.py
[2025-01-05T21:20:25.705+0000] {logging_mixin.py:137} INFO - [2025-01-05T21:20:25.705+0000] {dag.py:2690} INFO - Sync 1 DAGs
[2025-01-05T21:20:25.731+0000] {logging_mixin.py:137} INFO - [2025-01-05T21:20:25.731+0000] {dag.py:3441} INFO - Setting next_dagrun for example_weekday_branch_operator to 2025-01-04T00:00:00+00:00, run_after=2025-01-05T00:00:00+00:00
[2025-01-05T21:20:25.751+0000] {processor.py:175} INFO - Processing /home/airflow/.local/lib/python3.7/site-packages/airflow/example_dags/example_branch_day_of_week_operator.py took 0.089 seconds
[2025-01-05T21:20:56.637+0000] {processor.py:153} INFO - Started process (PID=631) to work on /home/airflow/.local/lib/python3.7/site-packages/airflow/example_dags/example_branch_day_of_week_operator.py
[2025-01-05T21:20:56.638+0000] {processor.py:743} INFO - Processing file /home/airflow/.local/lib/python3.7/site-packages/airflow/example_dags/example_branch_day_of_week_operator.py for tasks to queue
[2025-01-05T21:20:56.639+0000] {logging_mixin.py:137} INFO - [2025-01-05T21:20:56.639+0000] {dagbag.py:538} INFO - Filling up the DagBag from /home/airflow/.local/lib/python3.7/site-packages/airflow/example_dags/example_branch_day_of_week_operator.py
[2025-01-05T21:20:56.657+0000] {processor.py:753} INFO - DAG(s) dict_keys(['example_weekday_branch_operator']) retrieved from /home/airflow/.local/lib/python3.7/site-packages/airflow/example_dags/example_branch_day_of_week_operator.py
[2025-01-05T21:20:56.691+0000] {logging_mixin.py:137} INFO - [2025-01-05T21:20:56.690+0000] {dag.py:2690} INFO - Sync 1 DAGs
[2025-01-05T21:20:56.719+0000] {logging_mixin.py:137} INFO - [2025-01-05T21:20:56.719+0000] {dag.py:3441} INFO - Setting next_dagrun for example_weekday_branch_operator to 2025-01-04T00:00:00+00:00, run_after=2025-01-05T00:00:00+00:00
[2025-01-05T21:20:56.741+0000] {processor.py:175} INFO - Processing /home/airflow/.local/lib/python3.7/site-packages/airflow/example_dags/example_branch_day_of_week_operator.py took 0.108 seconds
[2025-01-05T21:21:26.803+0000] {processor.py:153} INFO - Started process (PID=711) to work on /home/airflow/.local/lib/python3.7/site-packages/airflow/example_dags/example_branch_day_of_week_operator.py
[2025-01-05T21:21:26.804+0000] {processor.py:743} INFO - Processing file /home/airflow/.local/lib/python3.7/site-packages/airflow/example_dags/example_branch_day_of_week_operator.py for tasks to queue
[2025-01-05T21:21:26.804+0000] {logging_mixin.py:137} INFO - [2025-01-05T21:21:26.804+0000] {dagbag.py:538} INFO - Filling up the DagBag from /home/airflow/.local/lib/python3.7/site-packages/airflow/example_dags/example_branch_day_of_week_operator.py
[2025-01-05T21:21:26.818+0000] {processor.py:753} INFO - DAG(s) dict_keys(['example_weekday_branch_operator']) retrieved from /home/airflow/.local/lib/python3.7/site-packages/airflow/example_dags/example_branch_day_of_week_operator.py
[2025-01-05T21:21:26.843+0000] {logging_mixin.py:137} INFO - [2025-01-05T21:21:26.843+0000] {dag.py:2690} INFO - Sync 1 DAGs
[2025-01-05T21:21:26.869+0000] {logging_mixin.py:137} INFO - [2025-01-05T21:21:26.868+0000] {dag.py:3441} INFO - Setting next_dagrun for example_weekday_branch_operator to 2025-01-04T00:00:00+00:00, run_after=2025-01-05T00:00:00+00:00
[2025-01-05T21:21:26.887+0000] {processor.py:175} INFO - Processing /home/airflow/.local/lib/python3.7/site-packages/airflow/example_dags/example_branch_day_of_week_operator.py took 0.087 seconds
[2025-01-05T21:21:57.193+0000] {processor.py:153} INFO - Started process (PID=800) to work on /home/airflow/.local/lib/python3.7/site-packages/airflow/example_dags/example_branch_day_of_week_operator.py
[2025-01-05T21:21:57.194+0000] {processor.py:743} INFO - Processing file /home/airflow/.local/lib/python3.7/site-packages/airflow/example_dags/example_branch_day_of_week_operator.py for tasks to queue
[2025-01-05T21:21:57.195+0000] {logging_mixin.py:137} INFO - [2025-01-05T21:21:57.195+0000] {dagbag.py:538} INFO - Filling up the DagBag from /home/airflow/.local/lib/python3.7/site-packages/airflow/example_dags/example_branch_day_of_week_operator.py
[2025-01-05T21:21:57.211+0000] {processor.py:753} INFO - DAG(s) dict_keys(['example_weekday_branch_operator']) retrieved from /home/airflow/.local/lib/python3.7/site-packages/airflow/example_dags/example_branch_day_of_week_operator.py
[2025-01-05T21:21:57.238+0000] {logging_mixin.py:137} INFO - [2025-01-05T21:21:57.238+0000] {dag.py:2690} INFO - Sync 1 DAGs
[2025-01-05T21:21:57.273+0000] {logging_mixin.py:137} INFO - [2025-01-05T21:21:57.273+0000] {dag.py:3441} INFO - Setting next_dagrun for example_weekday_branch_operator to 2025-01-04T00:00:00+00:00, run_after=2025-01-05T00:00:00+00:00
[2025-01-05T21:21:57.293+0000] {processor.py:175} INFO - Processing /home/airflow/.local/lib/python3.7/site-packages/airflow/example_dags/example_branch_day_of_week_operator.py took 0.103 seconds
[2025-01-05T21:22:27.339+0000] {processor.py:153} INFO - Started process (PID=891) to work on /home/airflow/.local/lib/python3.7/site-packages/airflow/example_dags/example_branch_day_of_week_operator.py
[2025-01-05T21:22:27.340+0000] {processor.py:743} INFO - Processing file /home/airflow/.local/lib/python3.7/site-packages/airflow/example_dags/example_branch_day_of_week_operator.py for tasks to queue
[2025-01-05T21:22:27.341+0000] {logging_mixin.py:137} INFO - [2025-01-05T21:22:27.341+0000] {dagbag.py:538} INFO - Filling up the DagBag from /home/airflow/.local/lib/python3.7/site-packages/airflow/example_dags/example_branch_day_of_week_operator.py
[2025-01-05T21:22:27.357+0000] {processor.py:753} INFO - DAG(s) dict_keys(['example_weekday_branch_operator']) retrieved from /home/airflow/.local/lib/python3.7/site-packages/airflow/example_dags/example_branch_day_of_week_operator.py
[2025-01-05T21:22:27.383+0000] {logging_mixin.py:137} INFO - [2025-01-05T21:22:27.383+0000] {dag.py:2690} INFO - Sync 1 DAGs
[2025-01-05T21:22:27.414+0000] {logging_mixin.py:137} INFO - [2025-01-05T21:22:27.414+0000] {dag.py:3441} INFO - Setting next_dagrun for example_weekday_branch_operator to 2025-01-04T00:00:00+00:00, run_after=2025-01-05T00:00:00+00:00
[2025-01-05T21:22:27.435+0000] {processor.py:175} INFO - Processing /home/airflow/.local/lib/python3.7/site-packages/airflow/example_dags/example_branch_day_of_week_operator.py took 0.100 seconds
[2025-01-05T21:22:57.580+0000] {processor.py:153} INFO - Started process (PID=972) to work on /home/airflow/.local/lib/python3.7/site-packages/airflow/example_dags/example_branch_day_of_week_operator.py
[2025-01-05T21:22:57.581+0000] {processor.py:743} INFO - Processing file /home/airflow/.local/lib/python3.7/site-packages/airflow/example_dags/example_branch_day_of_week_operator.py for tasks to queue
[2025-01-05T21:22:57.582+0000] {logging_mixin.py:137} INFO - [2025-01-05T21:22:57.582+0000] {dagbag.py:538} INFO - Filling up the DagBag from /home/airflow/.local/lib/python3.7/site-packages/airflow/example_dags/example_branch_day_of_week_operator.py
[2025-01-05T21:22:57.597+0000] {processor.py:753} INFO - DAG(s) dict_keys(['example_weekday_branch_operator']) retrieved from /home/airflow/.local/lib/python3.7/site-packages/airflow/example_dags/example_branch_day_of_week_operator.py
[2025-01-05T21:22:57.624+0000] {logging_mixin.py:137} INFO - [2025-01-05T21:22:57.624+0000] {dag.py:2690} INFO - Sync 1 DAGs
[2025-01-05T21:22:57.658+0000] {logging_mixin.py:137} INFO - [2025-01-05T21:22:57.658+0000] {dag.py:3441} INFO - Setting next_dagrun for example_weekday_branch_operator to 2025-01-04T00:00:00+00:00, run_after=2025-01-05T00:00:00+00:00
[2025-01-05T21:22:57.683+0000] {processor.py:175} INFO - Processing /home/airflow/.local/lib/python3.7/site-packages/airflow/example_dags/example_branch_day_of_week_operator.py took 0.106 seconds
[2025-01-05T21:23:28.345+0000] {processor.py:153} INFO - Started process (PID=1072) to work on /home/airflow/.local/lib/python3.7/site-packages/airflow/example_dags/example_branch_day_of_week_operator.py
[2025-01-05T21:23:28.346+0000] {processor.py:743} INFO - Processing file /home/airflow/.local/lib/python3.7/site-packages/airflow/example_dags/example_branch_day_of_week_operator.py for tasks to queue
[2025-01-05T21:23:28.347+0000] {logging_mixin.py:137} INFO - [2025-01-05T21:23:28.347+0000] {dagbag.py:538} INFO - Filling up the DagBag from /home/airflow/.local/lib/python3.7/site-packages/airflow/example_dags/example_branch_day_of_week_operator.py
[2025-01-05T21:23:28.362+0000] {processor.py:753} INFO - DAG(s) dict_keys(['example_weekday_branch_operator']) retrieved from /home/airflow/.local/lib/python3.7/site-packages/airflow/example_dags/example_branch_day_of_week_operator.py
[2025-01-05T21:23:28.388+0000] {logging_mixin.py:137} INFO - [2025-01-05T21:23:28.388+0000] {dag.py:2690} INFO - Sync 1 DAGs
[2025-01-05T21:23:28.415+0000] {logging_mixin.py:137} INFO - [2025-01-05T21:23:28.415+0000] {dag.py:3441} INFO - Setting next_dagrun for example_weekday_branch_operator to 2025-01-04T00:00:00+00:00, run_after=2025-01-05T00:00:00+00:00
[2025-01-05T21:23:28.434+0000] {processor.py:175} INFO - Processing /home/airflow/.local/lib/python3.7/site-packages/airflow/example_dags/example_branch_day_of_week_operator.py took 0.093 seconds
[2025-01-05T21:23:58.949+0000] {processor.py:153} INFO - Started process (PID=1152) to work on /home/airflow/.local/lib/python3.7/site-packages/airflow/example_dags/example_branch_day_of_week_operator.py
[2025-01-05T21:23:58.951+0000] {processor.py:743} INFO - Processing file /home/airflow/.local/lib/python3.7/site-packages/airflow/example_dags/example_branch_day_of_week_operator.py for tasks to queue
[2025-01-05T21:23:58.951+0000] {logging_mixin.py:137} INFO - [2025-01-05T21:23:58.951+0000] {dagbag.py:538} INFO - Filling up the DagBag from /home/airflow/.local/lib/python3.7/site-packages/airflow/example_dags/example_branch_day_of_week_operator.py
[2025-01-05T21:23:58.967+0000] {processor.py:753} INFO - DAG(s) dict_keys(['example_weekday_branch_operator']) retrieved from /home/airflow/.local/lib/python3.7/site-packages/airflow/example_dags/example_branch_day_of_week_operator.py
[2025-01-05T21:23:58.993+0000] {logging_mixin.py:137} INFO - [2025-01-05T21:23:58.993+0000] {dag.py:2690} INFO - Sync 1 DAGs
[2025-01-05T21:23:59.025+0000] {logging_mixin.py:137} INFO - [2025-01-05T21:23:59.025+0000] {dag.py:3441} INFO - Setting next_dagrun for example_weekday_branch_operator to 2025-01-04T00:00:00+00:00, run_after=2025-01-05T00:00:00+00:00
[2025-01-05T21:23:59.045+0000] {processor.py:175} INFO - Processing /home/airflow/.local/lib/python3.7/site-packages/airflow/example_dags/example_branch_day_of_week_operator.py took 0.099 seconds
[2025-01-05T21:24:29.735+0000] {processor.py:153} INFO - Started process (PID=1252) to work on /home/airflow/.local/lib/python3.7/site-packages/airflow/example_dags/example_branch_day_of_week_operator.py
[2025-01-05T21:24:29.736+0000] {processor.py:743} INFO - Processing file /home/airflow/.local/lib/python3.7/site-packages/airflow/example_dags/example_branch_day_of_week_operator.py for tasks to queue
[2025-01-05T21:24:29.736+0000] {logging_mixin.py:137} INFO - [2025-01-05T21:24:29.736+0000] {dagbag.py:538} INFO - Filling up the DagBag from /home/airflow/.local/lib/python3.7/site-packages/airflow/example_dags/example_branch_day_of_week_operator.py
[2025-01-05T21:24:29.753+0000] {processor.py:753} INFO - DAG(s) dict_keys(['example_weekday_branch_operator']) retrieved from /home/airflow/.local/lib/python3.7/site-packages/airflow/example_dags/example_branch_day_of_week_operator.py
[2025-01-05T21:24:29.777+0000] {logging_mixin.py:137} INFO - [2025-01-05T21:24:29.777+0000] {dag.py:2690} INFO - Sync 1 DAGs
[2025-01-05T21:24:29.804+0000] {logging_mixin.py:137} INFO - [2025-01-05T21:24:29.803+0000] {dag.py:3441} INFO - Setting next_dagrun for example_weekday_branch_operator to 2025-01-04T00:00:00+00:00, run_after=2025-01-05T00:00:00+00:00
[2025-01-05T21:24:29.822+0000] {processor.py:175} INFO - Processing /home/airflow/.local/lib/python3.7/site-packages/airflow/example_dags/example_branch_day_of_week_operator.py took 0.091 seconds
[2025-01-05T21:25:00.348+0000] {processor.py:153} INFO - Started process (PID=1333) to work on /home/airflow/.local/lib/python3.7/site-packages/airflow/example_dags/example_branch_day_of_week_operator.py
[2025-01-05T21:25:00.349+0000] {processor.py:743} INFO - Processing file /home/airflow/.local/lib/python3.7/site-packages/airflow/example_dags/example_branch_day_of_week_operator.py for tasks to queue
[2025-01-05T21:25:00.350+0000] {logging_mixin.py:137} INFO - [2025-01-05T21:25:00.350+0000] {dagbag.py:538} INFO - Filling up the DagBag from /home/airflow/.local/lib/python3.7/site-packages/airflow/example_dags/example_branch_day_of_week_operator.py
[2025-01-05T21:25:00.371+0000] {processor.py:753} INFO - DAG(s) dict_keys(['example_weekday_branch_operator']) retrieved from /home/airflow/.local/lib/python3.7/site-packages/airflow/example_dags/example_branch_day_of_week_operator.py
[2025-01-05T21:25:00.405+0000] {logging_mixin.py:137} INFO - [2025-01-05T21:25:00.405+0000] {dag.py:2690} INFO - Sync 1 DAGs
[2025-01-05T21:25:00.447+0000] {logging_mixin.py:137} INFO - [2025-01-05T21:25:00.447+0000] {dag.py:3441} INFO - Setting next_dagrun for example_weekday_branch_operator to 2025-01-04T00:00:00+00:00, run_after=2025-01-05T00:00:00+00:00
[2025-01-05T21:25:00.474+0000] {processor.py:175} INFO - Processing /home/airflow/.local/lib/python3.7/site-packages/airflow/example_dags/example_branch_day_of_week_operator.py took 0.130 seconds
[2025-01-05T21:25:31.990+0000] {processor.py:153} INFO - Started process (PID=1433) to work on /home/airflow/.local/lib/python3.7/site-packages/airflow/example_dags/example_branch_day_of_week_operator.py
[2025-01-05T21:25:31.992+0000] {processor.py:743} INFO - Processing file /home/airflow/.local/lib/python3.7/site-packages/airflow/example_dags/example_branch_day_of_week_operator.py for tasks to queue
[2025-01-05T21:25:31.993+0000] {logging_mixin.py:137} INFO - [2025-01-05T21:25:31.992+0000] {dagbag.py:538} INFO - Filling up the DagBag from /home/airflow/.local/lib/python3.7/site-packages/airflow/example_dags/example_branch_day_of_week_operator.py
[2025-01-05T21:25:32.009+0000] {processor.py:753} INFO - DAG(s) dict_keys(['example_weekday_branch_operator']) retrieved from /home/airflow/.local/lib/python3.7/site-packages/airflow/example_dags/example_branch_day_of_week_operator.py
[2025-01-05T21:25:32.036+0000] {logging_mixin.py:137} INFO - [2025-01-05T21:25:32.036+0000] {dag.py:2690} INFO - Sync 1 DAGs
[2025-01-05T21:25:32.068+0000] {logging_mixin.py:137} INFO - [2025-01-05T21:25:32.068+0000] {dag.py:3441} INFO - Setting next_dagrun for example_weekday_branch_operator to 2025-01-04T00:00:00+00:00, run_after=2025-01-05T00:00:00+00:00
[2025-01-05T21:25:32.091+0000] {processor.py:175} INFO - Processing /home/airflow/.local/lib/python3.7/site-packages/airflow/example_dags/example_branch_day_of_week_operator.py took 0.103 seconds
[2025-01-05T21:26:02.743+0000] {processor.py:153} INFO - Started process (PID=1513) to work on /home/airflow/.local/lib/python3.7/site-packages/airflow/example_dags/example_branch_day_of_week_operator.py
[2025-01-05T21:26:02.744+0000] {processor.py:743} INFO - Processing file /home/airflow/.local/lib/python3.7/site-packages/airflow/example_dags/example_branch_day_of_week_operator.py for tasks to queue
[2025-01-05T21:26:02.745+0000] {logging_mixin.py:137} INFO - [2025-01-05T21:26:02.745+0000] {dagbag.py:538} INFO - Filling up the DagBag from /home/airflow/.local/lib/python3.7/site-packages/airflow/example_dags/example_branch_day_of_week_operator.py
[2025-01-05T21:26:02.760+0000] {processor.py:753} INFO - DAG(s) dict_keys(['example_weekday_branch_operator']) retrieved from /home/airflow/.local/lib/python3.7/site-packages/airflow/example_dags/example_branch_day_of_week_operator.py
[2025-01-05T21:26:02.787+0000] {logging_mixin.py:137} INFO - [2025-01-05T21:26:02.787+0000] {dag.py:2690} INFO - Sync 1 DAGs
[2025-01-05T21:26:02.843+0000] {logging_mixin.py:137} INFO - [2025-01-05T21:26:02.843+0000] {dag.py:3441} INFO - Setting next_dagrun for example_weekday_branch_operator to 2025-01-04T00:00:00+00:00, run_after=2025-01-05T00:00:00+00:00
[2025-01-05T21:26:02.862+0000] {processor.py:175} INFO - Processing /home/airflow/.local/lib/python3.7/site-packages/airflow/example_dags/example_branch_day_of_week_operator.py took 0.123 seconds
[2025-01-05T21:26:33.563+0000] {processor.py:153} INFO - Started process (PID=1613) to work on /home/airflow/.local/lib/python3.7/site-packages/airflow/example_dags/example_branch_day_of_week_operator.py
[2025-01-05T21:26:33.564+0000] {processor.py:743} INFO - Processing file /home/airflow/.local/lib/python3.7/site-packages/airflow/example_dags/example_branch_day_of_week_operator.py for tasks to queue
[2025-01-05T21:26:33.565+0000] {logging_mixin.py:137} INFO - [2025-01-05T21:26:33.564+0000] {dagbag.py:538} INFO - Filling up the DagBag from /home/airflow/.local/lib/python3.7/site-packages/airflow/example_dags/example_branch_day_of_week_operator.py
[2025-01-05T21:26:33.579+0000] {processor.py:753} INFO - DAG(s) dict_keys(['example_weekday_branch_operator']) retrieved from /home/airflow/.local/lib/python3.7/site-packages/airflow/example_dags/example_branch_day_of_week_operator.py
[2025-01-05T21:26:33.604+0000] {logging_mixin.py:137} INFO - [2025-01-05T21:26:33.604+0000] {dag.py:2690} INFO - Sync 1 DAGs
[2025-01-05T21:26:33.633+0000] {logging_mixin.py:137} INFO - [2025-01-05T21:26:33.633+0000] {dag.py:3441} INFO - Setting next_dagrun for example_weekday_branch_operator to 2025-01-04T00:00:00+00:00, run_after=2025-01-05T00:00:00+00:00
[2025-01-05T21:26:33.652+0000] {processor.py:175} INFO - Processing /home/airflow/.local/lib/python3.7/site-packages/airflow/example_dags/example_branch_day_of_week_operator.py took 0.092 seconds
[2025-01-05T21:27:04.351+0000] {processor.py:153} INFO - Started process (PID=1692) to work on /home/airflow/.local/lib/python3.7/site-packages/airflow/example_dags/example_branch_day_of_week_operator.py
[2025-01-05T21:27:04.352+0000] {processor.py:743} INFO - Processing file /home/airflow/.local/lib/python3.7/site-packages/airflow/example_dags/example_branch_day_of_week_operator.py for tasks to queue
[2025-01-05T21:27:04.353+0000] {logging_mixin.py:137} INFO - [2025-01-05T21:27:04.353+0000] {dagbag.py:538} INFO - Filling up the DagBag from /home/airflow/.local/lib/python3.7/site-packages/airflow/example_dags/example_branch_day_of_week_operator.py
[2025-01-05T21:27:04.370+0000] {processor.py:753} INFO - DAG(s) dict_keys(['example_weekday_branch_operator']) retrieved from /home/airflow/.local/lib/python3.7/site-packages/airflow/example_dags/example_branch_day_of_week_operator.py
[2025-01-05T21:27:04.399+0000] {logging_mixin.py:137} INFO - [2025-01-05T21:27:04.399+0000] {dag.py:2690} INFO - Sync 1 DAGs
[2025-01-05T21:27:04.431+0000] {logging_mixin.py:137} INFO - [2025-01-05T21:27:04.430+0000] {dag.py:3441} INFO - Setting next_dagrun for example_weekday_branch_operator to 2025-01-04T00:00:00+00:00, run_after=2025-01-05T00:00:00+00:00
[2025-01-05T21:27:04.452+0000] {processor.py:175} INFO - Processing /home/airflow/.local/lib/python3.7/site-packages/airflow/example_dags/example_branch_day_of_week_operator.py took 0.104 seconds
[2025-01-05T21:27:35.206+0000] {processor.py:153} INFO - Started process (PID=1792) to work on /home/airflow/.local/lib/python3.7/site-packages/airflow/example_dags/example_branch_day_of_week_operator.py
[2025-01-05T21:27:35.207+0000] {processor.py:743} INFO - Processing file /home/airflow/.local/lib/python3.7/site-packages/airflow/example_dags/example_branch_day_of_week_operator.py for tasks to queue
[2025-01-05T21:27:35.208+0000] {logging_mixin.py:137} INFO - [2025-01-05T21:27:35.208+0000] {dagbag.py:538} INFO - Filling up the DagBag from /home/airflow/.local/lib/python3.7/site-packages/airflow/example_dags/example_branch_day_of_week_operator.py
[2025-01-05T21:27:35.223+0000] {processor.py:753} INFO - DAG(s) dict_keys(['example_weekday_branch_operator']) retrieved from /home/airflow/.local/lib/python3.7/site-packages/airflow/example_dags/example_branch_day_of_week_operator.py
[2025-01-05T21:27:35.248+0000] {logging_mixin.py:137} INFO - [2025-01-05T21:27:35.248+0000] {dag.py:2690} INFO - Sync 1 DAGs
[2025-01-05T21:27:35.274+0000] {logging_mixin.py:137} INFO - [2025-01-05T21:27:35.274+0000] {dag.py:3441} INFO - Setting next_dagrun for example_weekday_branch_operator to 2025-01-04T00:00:00+00:00, run_after=2025-01-05T00:00:00+00:00
[2025-01-05T21:27:35.294+0000] {processor.py:175} INFO - Processing /home/airflow/.local/lib/python3.7/site-packages/airflow/example_dags/example_branch_day_of_week_operator.py took 0.090 seconds
[2025-01-05T21:28:05.969+0000] {processor.py:153} INFO - Started process (PID=1872) to work on /home/airflow/.local/lib/python3.7/site-packages/airflow/example_dags/example_branch_day_of_week_operator.py
[2025-01-05T21:28:05.970+0000] {processor.py:743} INFO - Processing file /home/airflow/.local/lib/python3.7/site-packages/airflow/example_dags/example_branch_day_of_week_operator.py for tasks to queue
[2025-01-05T21:28:05.971+0000] {logging_mixin.py:137} INFO - [2025-01-05T21:28:05.970+0000] {dagbag.py:538} INFO - Filling up the DagBag from /home/airflow/.local/lib/python3.7/site-packages/airflow/example_dags/example_branch_day_of_week_operator.py
[2025-01-05T21:28:05.987+0000] {processor.py:753} INFO - DAG(s) dict_keys(['example_weekday_branch_operator']) retrieved from /home/airflow/.local/lib/python3.7/site-packages/airflow/example_dags/example_branch_day_of_week_operator.py
[2025-01-05T21:28:06.017+0000] {logging_mixin.py:137} INFO - [2025-01-05T21:28:06.017+0000] {dag.py:2690} INFO - Sync 1 DAGs
[2025-01-05T21:28:06.047+0000] {logging_mixin.py:137} INFO - [2025-01-05T21:28:06.047+0000] {dag.py:3441} INFO - Setting next_dagrun for example_weekday_branch_operator to 2025-01-04T00:00:00+00:00, run_after=2025-01-05T00:00:00+00:00
[2025-01-05T21:28:06.066+0000] {processor.py:175} INFO - Processing /home/airflow/.local/lib/python3.7/site-packages/airflow/example_dags/example_branch_day_of_week_operator.py took 0.102 seconds
[2025-01-05T21:28:36.124+0000] {processor.py:153} INFO - Started process (PID=1972) to work on /home/airflow/.local/lib/python3.7/site-packages/airflow/example_dags/example_branch_day_of_week_operator.py
[2025-01-05T21:28:36.125+0000] {processor.py:743} INFO - Processing file /home/airflow/.local/lib/python3.7/site-packages/airflow/example_dags/example_branch_day_of_week_operator.py for tasks to queue
[2025-01-05T21:28:36.126+0000] {logging_mixin.py:137} INFO - [2025-01-05T21:28:36.125+0000] {dagbag.py:538} INFO - Filling up the DagBag from /home/airflow/.local/lib/python3.7/site-packages/airflow/example_dags/example_branch_day_of_week_operator.py
[2025-01-05T21:28:36.144+0000] {processor.py:753} INFO - DAG(s) dict_keys(['example_weekday_branch_operator']) retrieved from /home/airflow/.local/lib/python3.7/site-packages/airflow/example_dags/example_branch_day_of_week_operator.py
[2025-01-05T21:28:36.169+0000] {logging_mixin.py:137} INFO - [2025-01-05T21:28:36.169+0000] {dag.py:2690} INFO - Sync 1 DAGs
[2025-01-05T21:28:36.200+0000] {logging_mixin.py:137} INFO - [2025-01-05T21:28:36.200+0000] {dag.py:3441} INFO - Setting next_dagrun for example_weekday_branch_operator to 2025-01-04T00:00:00+00:00, run_after=2025-01-05T00:00:00+00:00
[2025-01-05T21:28:36.221+0000] {processor.py:175} INFO - Processing /home/airflow/.local/lib/python3.7/site-packages/airflow/example_dags/example_branch_day_of_week_operator.py took 0.100 seconds
[2025-01-05T21:29:07.239+0000] {processor.py:153} INFO - Started process (PID=2052) to work on /home/airflow/.local/lib/python3.7/site-packages/airflow/example_dags/example_branch_day_of_week_operator.py
[2025-01-05T21:29:07.240+0000] {processor.py:743} INFO - Processing file /home/airflow/.local/lib/python3.7/site-packages/airflow/example_dags/example_branch_day_of_week_operator.py for tasks to queue
[2025-01-05T21:29:07.241+0000] {logging_mixin.py:137} INFO - [2025-01-05T21:29:07.240+0000] {dagbag.py:538} INFO - Filling up the DagBag from /home/airflow/.local/lib/python3.7/site-packages/airflow/example_dags/example_branch_day_of_week_operator.py
[2025-01-05T21:29:07.255+0000] {processor.py:753} INFO - DAG(s) dict_keys(['example_weekday_branch_operator']) retrieved from /home/airflow/.local/lib/python3.7/site-packages/airflow/example_dags/example_branch_day_of_week_operator.py
[2025-01-05T21:29:07.278+0000] {logging_mixin.py:137} INFO - [2025-01-05T21:29:07.278+0000] {dag.py:2690} INFO - Sync 1 DAGs
[2025-01-05T21:29:07.303+0000] {logging_mixin.py:137} INFO - [2025-01-05T21:29:07.302+0000] {dag.py:3441} INFO - Setting next_dagrun for example_weekday_branch_operator to 2025-01-04T00:00:00+00:00, run_after=2025-01-05T00:00:00+00:00
[2025-01-05T21:29:07.321+0000] {processor.py:175} INFO - Processing /home/airflow/.local/lib/python3.7/site-packages/airflow/example_dags/example_branch_day_of_week_operator.py took 0.086 seconds
[2025-01-05T21:29:37.659+0000] {processor.py:153} INFO - Started process (PID=2152) to work on /home/airflow/.local/lib/python3.7/site-packages/airflow/example_dags/example_branch_day_of_week_operator.py
[2025-01-05T21:29:37.660+0000] {processor.py:743} INFO - Processing file /home/airflow/.local/lib/python3.7/site-packages/airflow/example_dags/example_branch_day_of_week_operator.py for tasks to queue
[2025-01-05T21:29:37.661+0000] {logging_mixin.py:137} INFO - [2025-01-05T21:29:37.661+0000] {dagbag.py:538} INFO - Filling up the DagBag from /home/airflow/.local/lib/python3.7/site-packages/airflow/example_dags/example_branch_day_of_week_operator.py
[2025-01-05T21:29:37.689+0000] {processor.py:753} INFO - DAG(s) dict_keys(['example_weekday_branch_operator']) retrieved from /home/airflow/.local/lib/python3.7/site-packages/airflow/example_dags/example_branch_day_of_week_operator.py
[2025-01-05T21:29:37.720+0000] {logging_mixin.py:137} INFO - [2025-01-05T21:29:37.719+0000] {dag.py:2690} INFO - Sync 1 DAGs
[2025-01-05T21:29:37.755+0000] {logging_mixin.py:137} INFO - [2025-01-05T21:29:37.755+0000] {dag.py:3441} INFO - Setting next_dagrun for example_weekday_branch_operator to 2025-01-04T00:00:00+00:00, run_after=2025-01-05T00:00:00+00:00
[2025-01-05T21:29:37.785+0000] {processor.py:175} INFO - Processing /home/airflow/.local/lib/python3.7/site-packages/airflow/example_dags/example_branch_day_of_week_operator.py took 0.130 seconds
[2025-01-05T21:30:08.327+0000] {processor.py:153} INFO - Started process (PID=2232) to work on /home/airflow/.local/lib/python3.7/site-packages/airflow/example_dags/example_branch_day_of_week_operator.py
[2025-01-05T21:30:08.329+0000] {processor.py:743} INFO - Processing file /home/airflow/.local/lib/python3.7/site-packages/airflow/example_dags/example_branch_day_of_week_operator.py for tasks to queue
[2025-01-05T21:30:08.330+0000] {logging_mixin.py:137} INFO - [2025-01-05T21:30:08.330+0000] {dagbag.py:538} INFO - Filling up the DagBag from /home/airflow/.local/lib/python3.7/site-packages/airflow/example_dags/example_branch_day_of_week_operator.py
[2025-01-05T21:30:08.355+0000] {processor.py:753} INFO - DAG(s) dict_keys(['example_weekday_branch_operator']) retrieved from /home/airflow/.local/lib/python3.7/site-packages/airflow/example_dags/example_branch_day_of_week_operator.py
[2025-01-05T21:30:08.390+0000] {logging_mixin.py:137} INFO - [2025-01-05T21:30:08.390+0000] {dag.py:2690} INFO - Sync 1 DAGs
[2025-01-05T21:30:08.429+0000] {logging_mixin.py:137} INFO - [2025-01-05T21:30:08.429+0000] {dag.py:3441} INFO - Setting next_dagrun for example_weekday_branch_operator to 2025-01-04T00:00:00+00:00, run_after=2025-01-05T00:00:00+00:00
[2025-01-05T21:30:08.455+0000] {processor.py:175} INFO - Processing /home/airflow/.local/lib/python3.7/site-packages/airflow/example_dags/example_branch_day_of_week_operator.py took 0.133 seconds
[2025-01-05T21:30:39.233+0000] {processor.py:153} INFO - Started process (PID=2312) to work on /home/airflow/.local/lib/python3.7/site-packages/airflow/example_dags/example_branch_day_of_week_operator.py
[2025-01-05T21:30:39.235+0000] {processor.py:743} INFO - Processing file /home/airflow/.local/lib/python3.7/site-packages/airflow/example_dags/example_branch_day_of_week_operator.py for tasks to queue
[2025-01-05T21:30:39.236+0000] {logging_mixin.py:137} INFO - [2025-01-05T21:30:39.236+0000] {dagbag.py:538} INFO - Filling up the DagBag from /home/airflow/.local/lib/python3.7/site-packages/airflow/example_dags/example_branch_day_of_week_operator.py
[2025-01-05T21:30:39.257+0000] {processor.py:753} INFO - DAG(s) dict_keys(['example_weekday_branch_operator']) retrieved from /home/airflow/.local/lib/python3.7/site-packages/airflow/example_dags/example_branch_day_of_week_operator.py
[2025-01-05T21:30:39.297+0000] {logging_mixin.py:137} INFO - [2025-01-05T21:30:39.297+0000] {dag.py:2690} INFO - Sync 1 DAGs
[2025-01-05T21:30:39.344+0000] {logging_mixin.py:137} INFO - [2025-01-05T21:30:39.344+0000] {dag.py:3441} INFO - Setting next_dagrun for example_weekday_branch_operator to 2025-01-04T00:00:00+00:00, run_after=2025-01-05T00:00:00+00:00
[2025-01-05T21:30:39.371+0000] {processor.py:175} INFO - Processing /home/airflow/.local/lib/python3.7/site-packages/airflow/example_dags/example_branch_day_of_week_operator.py took 0.143 seconds
[2025-01-05T21:31:09.530+0000] {processor.py:153} INFO - Started process (PID=2416) to work on /home/airflow/.local/lib/python3.7/site-packages/airflow/example_dags/example_branch_day_of_week_operator.py
[2025-01-05T21:31:09.531+0000] {processor.py:743} INFO - Processing file /home/airflow/.local/lib/python3.7/site-packages/airflow/example_dags/example_branch_day_of_week_operator.py for tasks to queue
[2025-01-05T21:31:09.532+0000] {logging_mixin.py:137} INFO - [2025-01-05T21:31:09.532+0000] {dagbag.py:538} INFO - Filling up the DagBag from /home/airflow/.local/lib/python3.7/site-packages/airflow/example_dags/example_branch_day_of_week_operator.py
[2025-01-05T21:31:09.553+0000] {processor.py:753} INFO - DAG(s) dict_keys(['example_weekday_branch_operator']) retrieved from /home/airflow/.local/lib/python3.7/site-packages/airflow/example_dags/example_branch_day_of_week_operator.py
[2025-01-05T21:31:09.589+0000] {logging_mixin.py:137} INFO - [2025-01-05T21:31:09.589+0000] {dag.py:2690} INFO - Sync 1 DAGs
[2025-01-05T21:31:09.631+0000] {logging_mixin.py:137} INFO - [2025-01-05T21:31:09.631+0000] {dag.py:3441} INFO - Setting next_dagrun for example_weekday_branch_operator to 2025-01-04T00:00:00+00:00, run_after=2025-01-05T00:00:00+00:00
[2025-01-05T21:31:09.667+0000] {processor.py:175} INFO - Processing /home/airflow/.local/lib/python3.7/site-packages/airflow/example_dags/example_branch_day_of_week_operator.py took 0.141 seconds
[2025-01-05T21:31:40.378+0000] {processor.py:153} INFO - Started process (PID=2500) to work on /home/airflow/.local/lib/python3.7/site-packages/airflow/example_dags/example_branch_day_of_week_operator.py
[2025-01-05T21:31:40.379+0000] {processor.py:743} INFO - Processing file /home/airflow/.local/lib/python3.7/site-packages/airflow/example_dags/example_branch_day_of_week_operator.py for tasks to queue
[2025-01-05T21:31:40.380+0000] {logging_mixin.py:137} INFO - [2025-01-05T21:31:40.380+0000] {dagbag.py:538} INFO - Filling up the DagBag from /home/airflow/.local/lib/python3.7/site-packages/airflow/example_dags/example_branch_day_of_week_operator.py
[2025-01-05T21:31:40.399+0000] {processor.py:753} INFO - DAG(s) dict_keys(['example_weekday_branch_operator']) retrieved from /home/airflow/.local/lib/python3.7/site-packages/airflow/example_dags/example_branch_day_of_week_operator.py
[2025-01-05T21:31:40.430+0000] {logging_mixin.py:137} INFO - [2025-01-05T21:31:40.430+0000] {dag.py:2690} INFO - Sync 1 DAGs
[2025-01-05T21:31:40.466+0000] {logging_mixin.py:137} INFO - [2025-01-05T21:31:40.466+0000] {dag.py:3441} INFO - Setting next_dagrun for example_weekday_branch_operator to 2025-01-04T00:00:00+00:00, run_after=2025-01-05T00:00:00+00:00
[2025-01-05T21:31:40.492+0000] {processor.py:175} INFO - Processing /home/airflow/.local/lib/python3.7/site-packages/airflow/example_dags/example_branch_day_of_week_operator.py took 0.118 seconds
[2025-01-05T21:32:11.695+0000] {processor.py:153} INFO - Started process (PID=2580) to work on /home/airflow/.local/lib/python3.7/site-packages/airflow/example_dags/example_branch_day_of_week_operator.py
[2025-01-05T21:32:11.697+0000] {processor.py:743} INFO - Processing file /home/airflow/.local/lib/python3.7/site-packages/airflow/example_dags/example_branch_day_of_week_operator.py for tasks to queue
[2025-01-05T21:32:11.699+0000] {logging_mixin.py:137} INFO - [2025-01-05T21:32:11.698+0000] {dagbag.py:538} INFO - Filling up the DagBag from /home/airflow/.local/lib/python3.7/site-packages/airflow/example_dags/example_branch_day_of_week_operator.py
[2025-01-05T21:32:11.735+0000] {processor.py:753} INFO - DAG(s) dict_keys(['example_weekday_branch_operator']) retrieved from /home/airflow/.local/lib/python3.7/site-packages/airflow/example_dags/example_branch_day_of_week_operator.py
[2025-01-05T21:32:11.778+0000] {logging_mixin.py:137} INFO - [2025-01-05T21:32:11.778+0000] {dag.py:2690} INFO - Sync 1 DAGs
[2025-01-05T21:32:11.819+0000] {logging_mixin.py:137} INFO - [2025-01-05T21:32:11.819+0000] {dag.py:3441} INFO - Setting next_dagrun for example_weekday_branch_operator to 2025-01-04T00:00:00+00:00, run_after=2025-01-05T00:00:00+00:00
[2025-01-05T21:32:11.847+0000] {processor.py:175} INFO - Processing /home/airflow/.local/lib/python3.7/site-packages/airflow/example_dags/example_branch_day_of_week_operator.py took 0.166 seconds
[2025-01-05T21:32:41.987+0000] {processor.py:153} INFO - Started process (PID=2681) to work on /home/airflow/.local/lib/python3.7/site-packages/airflow/example_dags/example_branch_day_of_week_operator.py
[2025-01-05T21:32:41.988+0000] {processor.py:743} INFO - Processing file /home/airflow/.local/lib/python3.7/site-packages/airflow/example_dags/example_branch_day_of_week_operator.py for tasks to queue
[2025-01-05T21:32:41.989+0000] {logging_mixin.py:137} INFO - [2025-01-05T21:32:41.989+0000] {dagbag.py:538} INFO - Filling up the DagBag from /home/airflow/.local/lib/python3.7/site-packages/airflow/example_dags/example_branch_day_of_week_operator.py
[2025-01-05T21:32:42.008+0000] {processor.py:753} INFO - DAG(s) dict_keys(['example_weekday_branch_operator']) retrieved from /home/airflow/.local/lib/python3.7/site-packages/airflow/example_dags/example_branch_day_of_week_operator.py
[2025-01-05T21:32:42.037+0000] {logging_mixin.py:137} INFO - [2025-01-05T21:32:42.037+0000] {dag.py:2690} INFO - Sync 1 DAGs
[2025-01-05T21:32:42.069+0000] {logging_mixin.py:137} INFO - [2025-01-05T21:32:42.069+0000] {dag.py:3441} INFO - Setting next_dagrun for example_weekday_branch_operator to 2025-01-04T00:00:00+00:00, run_after=2025-01-05T00:00:00+00:00
[2025-01-05T21:32:42.093+0000] {processor.py:175} INFO - Processing /home/airflow/.local/lib/python3.7/site-packages/airflow/example_dags/example_branch_day_of_week_operator.py took 0.109 seconds
[2025-01-05T21:33:12.163+0000] {processor.py:153} INFO - Started process (PID=2761) to work on /home/airflow/.local/lib/python3.7/site-packages/airflow/example_dags/example_branch_day_of_week_operator.py
[2025-01-05T21:33:12.164+0000] {processor.py:743} INFO - Processing file /home/airflow/.local/lib/python3.7/site-packages/airflow/example_dags/example_branch_day_of_week_operator.py for tasks to queue
[2025-01-05T21:33:12.166+0000] {logging_mixin.py:137} INFO - [2025-01-05T21:33:12.165+0000] {dagbag.py:538} INFO - Filling up the DagBag from /home/airflow/.local/lib/python3.7/site-packages/airflow/example_dags/example_branch_day_of_week_operator.py
[2025-01-05T21:33:12.184+0000] {processor.py:753} INFO - DAG(s) dict_keys(['example_weekday_branch_operator']) retrieved from /home/airflow/.local/lib/python3.7/site-packages/airflow/example_dags/example_branch_day_of_week_operator.py
[2025-01-05T21:33:12.219+0000] {logging_mixin.py:137} INFO - [2025-01-05T21:33:12.218+0000] {dag.py:2690} INFO - Sync 1 DAGs
[2025-01-05T21:33:12.253+0000] {logging_mixin.py:137} INFO - [2025-01-05T21:33:12.253+0000] {dag.py:3441} INFO - Setting next_dagrun for example_weekday_branch_operator to 2025-01-04T00:00:00+00:00, run_after=2025-01-05T00:00:00+00:00
[2025-01-05T21:33:12.282+0000] {processor.py:175} INFO - Processing /home/airflow/.local/lib/python3.7/site-packages/airflow/example_dags/example_branch_day_of_week_operator.py took 0.123 seconds
[2025-01-05T21:33:42.518+0000] {processor.py:153} INFO - Started process (PID=2840) to work on /home/airflow/.local/lib/python3.7/site-packages/airflow/example_dags/example_branch_day_of_week_operator.py
[2025-01-05T21:33:42.520+0000] {processor.py:743} INFO - Processing file /home/airflow/.local/lib/python3.7/site-packages/airflow/example_dags/example_branch_day_of_week_operator.py for tasks to queue
[2025-01-05T21:33:42.521+0000] {logging_mixin.py:137} INFO - [2025-01-05T21:33:42.521+0000] {dagbag.py:538} INFO - Filling up the DagBag from /home/airflow/.local/lib/python3.7/site-packages/airflow/example_dags/example_branch_day_of_week_operator.py
[2025-01-05T21:33:42.539+0000] {processor.py:753} INFO - DAG(s) dict_keys(['example_weekday_branch_operator']) retrieved from /home/airflow/.local/lib/python3.7/site-packages/airflow/example_dags/example_branch_day_of_week_operator.py
[2025-01-05T21:33:42.568+0000] {logging_mixin.py:137} INFO - [2025-01-05T21:33:42.567+0000] {dag.py:2690} INFO - Sync 1 DAGs
[2025-01-05T21:33:42.609+0000] {logging_mixin.py:137} INFO - [2025-01-05T21:33:42.609+0000] {dag.py:3441} INFO - Setting next_dagrun for example_weekday_branch_operator to 2025-01-04T00:00:00+00:00, run_after=2025-01-05T00:00:00+00:00
[2025-01-05T21:33:42.633+0000] {processor.py:175} INFO - Processing /home/airflow/.local/lib/python3.7/site-packages/airflow/example_dags/example_branch_day_of_week_operator.py took 0.119 seconds
[2025-01-05T21:34:13.577+0000] {processor.py:153} INFO - Started process (PID=2940) to work on /home/airflow/.local/lib/python3.7/site-packages/airflow/example_dags/example_branch_day_of_week_operator.py
[2025-01-05T21:34:13.578+0000] {processor.py:743} INFO - Processing file /home/airflow/.local/lib/python3.7/site-packages/airflow/example_dags/example_branch_day_of_week_operator.py for tasks to queue
[2025-01-05T21:34:13.580+0000] {logging_mixin.py:137} INFO - [2025-01-05T21:34:13.579+0000] {dagbag.py:538} INFO - Filling up the DagBag from /home/airflow/.local/lib/python3.7/site-packages/airflow/example_dags/example_branch_day_of_week_operator.py
[2025-01-05T21:34:13.604+0000] {processor.py:753} INFO - DAG(s) dict_keys(['example_weekday_branch_operator']) retrieved from /home/airflow/.local/lib/python3.7/site-packages/airflow/example_dags/example_branch_day_of_week_operator.py
[2025-01-05T21:34:13.644+0000] {logging_mixin.py:137} INFO - [2025-01-05T21:34:13.644+0000] {dag.py:2690} INFO - Sync 1 DAGs
[2025-01-05T21:34:13.697+0000] {logging_mixin.py:137} INFO - [2025-01-05T21:34:13.697+0000] {dag.py:3441} INFO - Setting next_dagrun for example_weekday_branch_operator to 2025-01-04T00:00:00+00:00, run_after=2025-01-05T00:00:00+00:00
[2025-01-05T21:34:13.731+0000] {processor.py:175} INFO - Processing /home/airflow/.local/lib/python3.7/site-packages/airflow/example_dags/example_branch_day_of_week_operator.py took 0.159 seconds
[2025-01-05T21:34:44.326+0000] {processor.py:153} INFO - Started process (PID=3020) to work on /home/airflow/.local/lib/python3.7/site-packages/airflow/example_dags/example_branch_day_of_week_operator.py
[2025-01-05T21:34:44.328+0000] {processor.py:743} INFO - Processing file /home/airflow/.local/lib/python3.7/site-packages/airflow/example_dags/example_branch_day_of_week_operator.py for tasks to queue
[2025-01-05T21:34:44.329+0000] {logging_mixin.py:137} INFO - [2025-01-05T21:34:44.328+0000] {dagbag.py:538} INFO - Filling up the DagBag from /home/airflow/.local/lib/python3.7/site-packages/airflow/example_dags/example_branch_day_of_week_operator.py
[2025-01-05T21:34:44.345+0000] {processor.py:753} INFO - DAG(s) dict_keys(['example_weekday_branch_operator']) retrieved from /home/airflow/.local/lib/python3.7/site-packages/airflow/example_dags/example_branch_day_of_week_operator.py
[2025-01-05T21:34:44.384+0000] {logging_mixin.py:137} INFO - [2025-01-05T21:34:44.383+0000] {dag.py:2690} INFO - Sync 1 DAGs
[2025-01-05T21:34:44.414+0000] {logging_mixin.py:137} INFO - [2025-01-05T21:34:44.414+0000] {dag.py:3441} INFO - Setting next_dagrun for example_weekday_branch_operator to 2025-01-04T00:00:00+00:00, run_after=2025-01-05T00:00:00+00:00
[2025-01-05T21:34:44.434+0000] {processor.py:175} INFO - Processing /home/airflow/.local/lib/python3.7/site-packages/airflow/example_dags/example_branch_day_of_week_operator.py took 0.111 seconds
[2025-01-05T21:35:14.509+0000] {processor.py:153} INFO - Started process (PID=3100) to work on /home/airflow/.local/lib/python3.7/site-packages/airflow/example_dags/example_branch_day_of_week_operator.py
[2025-01-05T21:35:14.510+0000] {processor.py:743} INFO - Processing file /home/airflow/.local/lib/python3.7/site-packages/airflow/example_dags/example_branch_day_of_week_operator.py for tasks to queue
[2025-01-05T21:35:14.511+0000] {logging_mixin.py:137} INFO - [2025-01-05T21:35:14.511+0000] {dagbag.py:538} INFO - Filling up the DagBag from /home/airflow/.local/lib/python3.7/site-packages/airflow/example_dags/example_branch_day_of_week_operator.py
[2025-01-05T21:35:14.527+0000] {processor.py:753} INFO - DAG(s) dict_keys(['example_weekday_branch_operator']) retrieved from /home/airflow/.local/lib/python3.7/site-packages/airflow/example_dags/example_branch_day_of_week_operator.py
[2025-01-05T21:35:14.557+0000] {logging_mixin.py:137} INFO - [2025-01-05T21:35:14.557+0000] {dag.py:2690} INFO - Sync 1 DAGs
[2025-01-05T21:35:14.591+0000] {logging_mixin.py:137} INFO - [2025-01-05T21:35:14.591+0000] {dag.py:3441} INFO - Setting next_dagrun for example_weekday_branch_operator to 2025-01-04T00:00:00+00:00, run_after=2025-01-05T00:00:00+00:00
[2025-01-05T21:35:14.615+0000] {processor.py:175} INFO - Processing /home/airflow/.local/lib/python3.7/site-packages/airflow/example_dags/example_branch_day_of_week_operator.py took 0.108 seconds
[2025-01-05T21:35:45.372+0000] {processor.py:153} INFO - Started process (PID=3201) to work on /home/airflow/.local/lib/python3.7/site-packages/airflow/example_dags/example_branch_day_of_week_operator.py
[2025-01-05T21:35:45.373+0000] {processor.py:743} INFO - Processing file /home/airflow/.local/lib/python3.7/site-packages/airflow/example_dags/example_branch_day_of_week_operator.py for tasks to queue
[2025-01-05T21:35:45.374+0000] {logging_mixin.py:137} INFO - [2025-01-05T21:35:45.374+0000] {dagbag.py:538} INFO - Filling up the DagBag from /home/airflow/.local/lib/python3.7/site-packages/airflow/example_dags/example_branch_day_of_week_operator.py
[2025-01-05T21:35:45.400+0000] {processor.py:753} INFO - DAG(s) dict_keys(['example_weekday_branch_operator']) retrieved from /home/airflow/.local/lib/python3.7/site-packages/airflow/example_dags/example_branch_day_of_week_operator.py
[2025-01-05T21:35:45.444+0000] {logging_mixin.py:137} INFO - [2025-01-05T21:35:45.444+0000] {dag.py:2690} INFO - Sync 1 DAGs
[2025-01-05T21:35:45.493+0000] {logging_mixin.py:137} INFO - [2025-01-05T21:35:45.493+0000] {dag.py:3441} INFO - Setting next_dagrun for example_weekday_branch_operator to 2025-01-04T00:00:00+00:00, run_after=2025-01-05T00:00:00+00:00
[2025-01-05T21:35:45.523+0000] {processor.py:175} INFO - Processing /home/airflow/.local/lib/python3.7/site-packages/airflow/example_dags/example_branch_day_of_week_operator.py took 0.156 seconds
[2025-01-05T21:36:15.567+0000] {processor.py:153} INFO - Started process (PID=3282) to work on /home/airflow/.local/lib/python3.7/site-packages/airflow/example_dags/example_branch_day_of_week_operator.py
[2025-01-05T21:36:15.568+0000] {processor.py:743} INFO - Processing file /home/airflow/.local/lib/python3.7/site-packages/airflow/example_dags/example_branch_day_of_week_operator.py for tasks to queue
[2025-01-05T21:36:15.569+0000] {logging_mixin.py:137} INFO - [2025-01-05T21:36:15.569+0000] {dagbag.py:538} INFO - Filling up the DagBag from /home/airflow/.local/lib/python3.7/site-packages/airflow/example_dags/example_branch_day_of_week_operator.py
[2025-01-05T21:36:15.585+0000] {processor.py:753} INFO - DAG(s) dict_keys(['example_weekday_branch_operator']) retrieved from /home/airflow/.local/lib/python3.7/site-packages/airflow/example_dags/example_branch_day_of_week_operator.py
[2025-01-05T21:36:15.622+0000] {logging_mixin.py:137} INFO - [2025-01-05T21:36:15.622+0000] {dag.py:2690} INFO - Sync 1 DAGs
[2025-01-05T21:36:15.651+0000] {logging_mixin.py:137} INFO - [2025-01-05T21:36:15.651+0000] {dag.py:3441} INFO - Setting next_dagrun for example_weekday_branch_operator to 2025-01-04T00:00:00+00:00, run_after=2025-01-05T00:00:00+00:00
[2025-01-05T21:36:15.671+0000] {processor.py:175} INFO - Processing /home/airflow/.local/lib/python3.7/site-packages/airflow/example_dags/example_branch_day_of_week_operator.py took 0.107 seconds
[2025-01-05T21:36:46.655+0000] {processor.py:153} INFO - Started process (PID=3362) to work on /home/airflow/.local/lib/python3.7/site-packages/airflow/example_dags/example_branch_day_of_week_operator.py
[2025-01-05T21:36:46.656+0000] {processor.py:743} INFO - Processing file /home/airflow/.local/lib/python3.7/site-packages/airflow/example_dags/example_branch_day_of_week_operator.py for tasks to queue
[2025-01-05T21:36:46.658+0000] {logging_mixin.py:137} INFO - [2025-01-05T21:36:46.657+0000] {dagbag.py:538} INFO - Filling up the DagBag from /home/airflow/.local/lib/python3.7/site-packages/airflow/example_dags/example_branch_day_of_week_operator.py
[2025-01-05T21:36:46.676+0000] {processor.py:753} INFO - DAG(s) dict_keys(['example_weekday_branch_operator']) retrieved from /home/airflow/.local/lib/python3.7/site-packages/airflow/example_dags/example_branch_day_of_week_operator.py
[2025-01-05T21:36:46.710+0000] {logging_mixin.py:137} INFO - [2025-01-05T21:36:46.710+0000] {dag.py:2690} INFO - Sync 1 DAGs
[2025-01-05T21:36:46.747+0000] {logging_mixin.py:137} INFO - [2025-01-05T21:36:46.747+0000] {dag.py:3441} INFO - Setting next_dagrun for example_weekday_branch_operator to 2025-01-04T00:00:00+00:00, run_after=2025-01-05T00:00:00+00:00
[2025-01-05T21:36:46.771+0000] {processor.py:175} INFO - Processing /home/airflow/.local/lib/python3.7/site-packages/airflow/example_dags/example_branch_day_of_week_operator.py took 0.119 seconds
[2025-01-05T21:37:17.457+0000] {processor.py:153} INFO - Started process (PID=3463) to work on /home/airflow/.local/lib/python3.7/site-packages/airflow/example_dags/example_branch_day_of_week_operator.py
[2025-01-05T21:37:17.458+0000] {processor.py:743} INFO - Processing file /home/airflow/.local/lib/python3.7/site-packages/airflow/example_dags/example_branch_day_of_week_operator.py for tasks to queue
[2025-01-05T21:37:17.459+0000] {logging_mixin.py:137} INFO - [2025-01-05T21:37:17.459+0000] {dagbag.py:538} INFO - Filling up the DagBag from /home/airflow/.local/lib/python3.7/site-packages/airflow/example_dags/example_branch_day_of_week_operator.py
[2025-01-05T21:37:17.484+0000] {processor.py:753} INFO - DAG(s) dict_keys(['example_weekday_branch_operator']) retrieved from /home/airflow/.local/lib/python3.7/site-packages/airflow/example_dags/example_branch_day_of_week_operator.py
[2025-01-05T21:37:17.518+0000] {logging_mixin.py:137} INFO - [2025-01-05T21:37:17.518+0000] {dag.py:2690} INFO - Sync 1 DAGs
[2025-01-05T21:37:17.560+0000] {logging_mixin.py:137} INFO - [2025-01-05T21:37:17.560+0000] {dag.py:3441} INFO - Setting next_dagrun for example_weekday_branch_operator to 2025-01-04T00:00:00+00:00, run_after=2025-01-05T00:00:00+00:00
[2025-01-05T21:37:17.590+0000] {processor.py:175} INFO - Processing /home/airflow/.local/lib/python3.7/site-packages/airflow/example_dags/example_branch_day_of_week_operator.py took 0.137 seconds
[2025-01-05T21:37:47.709+0000] {processor.py:153} INFO - Started process (PID=3542) to work on /home/airflow/.local/lib/python3.7/site-packages/airflow/example_dags/example_branch_day_of_week_operator.py
[2025-01-05T21:37:47.710+0000] {processor.py:743} INFO - Processing file /home/airflow/.local/lib/python3.7/site-packages/airflow/example_dags/example_branch_day_of_week_operator.py for tasks to queue
[2025-01-05T21:37:47.711+0000] {logging_mixin.py:137} INFO - [2025-01-05T21:37:47.711+0000] {dagbag.py:538} INFO - Filling up the DagBag from /home/airflow/.local/lib/python3.7/site-packages/airflow/example_dags/example_branch_day_of_week_operator.py
[2025-01-05T21:37:47.726+0000] {processor.py:753} INFO - DAG(s) dict_keys(['example_weekday_branch_operator']) retrieved from /home/airflow/.local/lib/python3.7/site-packages/airflow/example_dags/example_branch_day_of_week_operator.py
[2025-01-05T21:37:47.757+0000] {logging_mixin.py:137} INFO - [2025-01-05T21:37:47.757+0000] {dag.py:2690} INFO - Sync 1 DAGs
[2025-01-05T21:37:47.794+0000] {logging_mixin.py:137} INFO - [2025-01-05T21:37:47.793+0000] {dag.py:3441} INFO - Setting next_dagrun for example_weekday_branch_operator to 2025-01-04T00:00:00+00:00, run_after=2025-01-05T00:00:00+00:00
[2025-01-05T21:37:47.817+0000] {processor.py:175} INFO - Processing /home/airflow/.local/lib/python3.7/site-packages/airflow/example_dags/example_branch_day_of_week_operator.py took 0.112 seconds
