[2025-01-05T21:14:07.903+0000] {processor.py:153} INFO - Started process (PID=187) to work on /home/airflow/.local/lib/python3.7/site-packages/airflow/example_dags/example_sla_dag.py
[2025-01-05T21:14:07.905+0000] {processor.py:743} INFO - Processing file /home/airflow/.local/lib/python3.7/site-packages/airflow/example_dags/example_sla_dag.py for tasks to queue
[2025-01-05T21:14:07.907+0000] {logging_mixin.py:137} INFO - [2025-01-05T21:14:07.907+0000] {dagbag.py:538} INFO - Filling up the DagBag from /home/airflow/.local/lib/python3.7/site-packages/airflow/example_dags/example_sla_dag.py
[2025-01-05T21:14:07.954+0000] {processor.py:753} INFO - DAG(s) dict_keys(['example_sla_dag']) retrieved from /home/airflow/.local/lib/python3.7/site-packages/airflow/example_dags/example_sla_dag.py
[2025-01-05T21:14:08.004+0000] {logging_mixin.py:137} INFO - [2025-01-05T21:14:08.004+0000] {dag.py:2690} INFO - Sync 1 DAGs
[2025-01-05T21:14:08.057+0000] {logging_mixin.py:137} INFO - [2025-01-05T21:14:08.057+0000] {dag.py:3441} INFO - Setting next_dagrun for example_sla_dag to 2025-01-05T21:12:00+00:00, run_after=2025-01-05T21:14:00+00:00
[2025-01-05T21:14:08.084+0000] {processor.py:175} INFO - Processing /home/airflow/.local/lib/python3.7/site-packages/airflow/example_dags/example_sla_dag.py took 0.186 seconds
[2025-01-05T21:14:38.114+0000] {processor.py:153} INFO - Started process (PID=267) to work on /home/airflow/.local/lib/python3.7/site-packages/airflow/example_dags/example_sla_dag.py
[2025-01-05T21:14:38.115+0000] {processor.py:743} INFO - Processing file /home/airflow/.local/lib/python3.7/site-packages/airflow/example_dags/example_sla_dag.py for tasks to queue
[2025-01-05T21:14:38.116+0000] {logging_mixin.py:137} INFO - [2025-01-05T21:14:38.116+0000] {dagbag.py:538} INFO - Filling up the DagBag from /home/airflow/.local/lib/python3.7/site-packages/airflow/example_dags/example_sla_dag.py
[2025-01-05T21:14:38.150+0000] {processor.py:753} INFO - DAG(s) dict_keys(['example_sla_dag']) retrieved from /home/airflow/.local/lib/python3.7/site-packages/airflow/example_dags/example_sla_dag.py
[2025-01-05T21:14:38.181+0000] {logging_mixin.py:137} INFO - [2025-01-05T21:14:38.181+0000] {dag.py:2690} INFO - Sync 1 DAGs
[2025-01-05T21:14:38.218+0000] {logging_mixin.py:137} INFO - [2025-01-05T21:14:38.218+0000] {dag.py:3441} INFO - Setting next_dagrun for example_sla_dag to 2025-01-05T21:12:00+00:00, run_after=2025-01-05T21:14:00+00:00
[2025-01-05T21:14:38.242+0000] {processor.py:175} INFO - Processing /home/airflow/.local/lib/python3.7/site-packages/airflow/example_dags/example_sla_dag.py took 0.131 seconds
[2025-01-05T21:15:08.723+0000] {processor.py:153} INFO - Started process (PID=366) to work on /home/airflow/.local/lib/python3.7/site-packages/airflow/example_dags/example_sla_dag.py
[2025-01-05T21:15:08.724+0000] {processor.py:743} INFO - Processing file /home/airflow/.local/lib/python3.7/site-packages/airflow/example_dags/example_sla_dag.py for tasks to queue
[2025-01-05T21:15:08.725+0000] {logging_mixin.py:137} INFO - [2025-01-05T21:15:08.725+0000] {dagbag.py:538} INFO - Filling up the DagBag from /home/airflow/.local/lib/python3.7/site-packages/airflow/example_dags/example_sla_dag.py
[2025-01-05T21:15:08.765+0000] {processor.py:753} INFO - DAG(s) dict_keys(['example_sla_dag']) retrieved from /home/airflow/.local/lib/python3.7/site-packages/airflow/example_dags/example_sla_dag.py
[2025-01-05T21:15:08.802+0000] {logging_mixin.py:137} INFO - [2025-01-05T21:15:08.802+0000] {dag.py:2690} INFO - Sync 1 DAGs
[2025-01-05T21:15:08.867+0000] {logging_mixin.py:137} INFO - [2025-01-05T21:15:08.867+0000] {dag.py:3441} INFO - Setting next_dagrun for example_sla_dag to 2025-01-05T21:12:00+00:00, run_after=2025-01-05T21:14:00+00:00
[2025-01-05T21:15:08.896+0000] {processor.py:175} INFO - Processing /home/airflow/.local/lib/python3.7/site-packages/airflow/example_dags/example_sla_dag.py took 0.177 seconds
[2025-01-05T21:15:40.829+0000] {processor.py:153} INFO - Started process (PID=445) to work on /home/airflow/.local/lib/python3.7/site-packages/airflow/example_dags/example_sla_dag.py
[2025-01-05T21:15:40.831+0000] {processor.py:743} INFO - Processing file /home/airflow/.local/lib/python3.7/site-packages/airflow/example_dags/example_sla_dag.py for tasks to queue
[2025-01-05T21:15:40.833+0000] {logging_mixin.py:137} INFO - [2025-01-05T21:15:40.832+0000] {dagbag.py:538} INFO - Filling up the DagBag from /home/airflow/.local/lib/python3.7/site-packages/airflow/example_dags/example_sla_dag.py
[2025-01-05T21:15:40.888+0000] {processor.py:753} INFO - DAG(s) dict_keys(['example_sla_dag']) retrieved from /home/airflow/.local/lib/python3.7/site-packages/airflow/example_dags/example_sla_dag.py
[2025-01-05T21:15:40.949+0000] {logging_mixin.py:137} INFO - [2025-01-05T21:15:40.948+0000] {dag.py:2690} INFO - Sync 1 DAGs
[2025-01-05T21:15:41.018+0000] {logging_mixin.py:137} INFO - [2025-01-05T21:15:41.018+0000] {dag.py:3441} INFO - Setting next_dagrun for example_sla_dag to 2025-01-05T21:12:00+00:00, run_after=2025-01-05T21:14:00+00:00
[2025-01-05T21:15:41.062+0000] {processor.py:175} INFO - Processing /home/airflow/.local/lib/python3.7/site-packages/airflow/example_dags/example_sla_dag.py took 0.240 seconds
[2025-01-05T21:16:11.137+0000] {processor.py:153} INFO - Started process (PID=524) to work on /home/airflow/.local/lib/python3.7/site-packages/airflow/example_dags/example_sla_dag.py
[2025-01-05T21:16:11.139+0000] {processor.py:743} INFO - Processing file /home/airflow/.local/lib/python3.7/site-packages/airflow/example_dags/example_sla_dag.py for tasks to queue
[2025-01-05T21:16:11.140+0000] {logging_mixin.py:137} INFO - [2025-01-05T21:16:11.140+0000] {dagbag.py:538} INFO - Filling up the DagBag from /home/airflow/.local/lib/python3.7/site-packages/airflow/example_dags/example_sla_dag.py
[2025-01-05T21:16:11.174+0000] {processor.py:753} INFO - DAG(s) dict_keys(['example_sla_dag']) retrieved from /home/airflow/.local/lib/python3.7/site-packages/airflow/example_dags/example_sla_dag.py
[2025-01-05T21:16:11.210+0000] {logging_mixin.py:137} INFO - [2025-01-05T21:16:11.209+0000] {dag.py:2690} INFO - Sync 1 DAGs
[2025-01-05T21:16:11.255+0000] {logging_mixin.py:137} INFO - [2025-01-05T21:16:11.254+0000] {dag.py:3441} INFO - Setting next_dagrun for example_sla_dag to 2025-01-05T21:14:00+00:00, run_after=2025-01-05T21:16:00+00:00
[2025-01-05T21:16:11.294+0000] {processor.py:175} INFO - Processing /home/airflow/.local/lib/python3.7/site-packages/airflow/example_dags/example_sla_dag.py took 0.161 seconds
[2025-01-05T21:17:52.766+0000] {processor.py:153} INFO - Started process (PID=84) to work on /home/airflow/.local/lib/python3.7/site-packages/airflow/example_dags/example_sla_dag.py
[2025-01-05T21:17:52.768+0000] {processor.py:743} INFO - Processing file /home/airflow/.local/lib/python3.7/site-packages/airflow/example_dags/example_sla_dag.py for tasks to queue
[2025-01-05T21:17:52.769+0000] {logging_mixin.py:137} INFO - [2025-01-05T21:17:52.769+0000] {dagbag.py:538} INFO - Filling up the DagBag from /home/airflow/.local/lib/python3.7/site-packages/airflow/example_dags/example_sla_dag.py
[2025-01-05T21:17:52.813+0000] {processor.py:753} INFO - DAG(s) dict_keys(['example_sla_dag']) retrieved from /home/airflow/.local/lib/python3.7/site-packages/airflow/example_dags/example_sla_dag.py
[2025-01-05T21:17:52.854+0000] {logging_mixin.py:137} INFO - [2025-01-05T21:17:52.854+0000] {dag.py:2690} INFO - Sync 1 DAGs
[2025-01-05T21:17:52.899+0000] {logging_mixin.py:137} INFO - [2025-01-05T21:17:52.898+0000] {dag.py:3441} INFO - Setting next_dagrun for example_sla_dag to 2025-01-05T21:14:00+00:00, run_after=2025-01-05T21:16:00+00:00
[2025-01-05T21:17:52.928+0000] {processor.py:175} INFO - Processing /home/airflow/.local/lib/python3.7/site-packages/airflow/example_dags/example_sla_dag.py took 0.167 seconds
[2025-01-05T21:18:23.115+0000] {processor.py:153} INFO - Started process (PID=164) to work on /home/airflow/.local/lib/python3.7/site-packages/airflow/example_dags/example_sla_dag.py
[2025-01-05T21:18:23.117+0000] {processor.py:743} INFO - Processing file /home/airflow/.local/lib/python3.7/site-packages/airflow/example_dags/example_sla_dag.py for tasks to queue
[2025-01-05T21:18:23.118+0000] {logging_mixin.py:137} INFO - [2025-01-05T21:18:23.117+0000] {dagbag.py:538} INFO - Filling up the DagBag from /home/airflow/.local/lib/python3.7/site-packages/airflow/example_dags/example_sla_dag.py
[2025-01-05T21:18:23.146+0000] {processor.py:753} INFO - DAG(s) dict_keys(['example_sla_dag']) retrieved from /home/airflow/.local/lib/python3.7/site-packages/airflow/example_dags/example_sla_dag.py
[2025-01-05T21:18:23.188+0000] {logging_mixin.py:137} INFO - [2025-01-05T21:18:23.187+0000] {dag.py:2690} INFO - Sync 1 DAGs
[2025-01-05T21:18:23.234+0000] {logging_mixin.py:137} INFO - [2025-01-05T21:18:23.234+0000] {dag.py:3441} INFO - Setting next_dagrun for example_sla_dag to 2025-01-05T21:16:00+00:00, run_after=2025-01-05T21:18:00+00:00
[2025-01-05T21:18:23.283+0000] {processor.py:175} INFO - Processing /home/airflow/.local/lib/python3.7/site-packages/airflow/example_dags/example_sla_dag.py took 0.171 seconds
[2025-01-05T21:18:53.398+0000] {processor.py:153} INFO - Started process (PID=265) to work on /home/airflow/.local/lib/python3.7/site-packages/airflow/example_dags/example_sla_dag.py
[2025-01-05T21:18:53.399+0000] {processor.py:743} INFO - Processing file /home/airflow/.local/lib/python3.7/site-packages/airflow/example_dags/example_sla_dag.py for tasks to queue
[2025-01-05T21:18:53.400+0000] {logging_mixin.py:137} INFO - [2025-01-05T21:18:53.400+0000] {dagbag.py:538} INFO - Filling up the DagBag from /home/airflow/.local/lib/python3.7/site-packages/airflow/example_dags/example_sla_dag.py
[2025-01-05T21:18:53.423+0000] {processor.py:753} INFO - DAG(s) dict_keys(['example_sla_dag']) retrieved from /home/airflow/.local/lib/python3.7/site-packages/airflow/example_dags/example_sla_dag.py
[2025-01-05T21:18:53.447+0000] {logging_mixin.py:137} INFO - [2025-01-05T21:18:53.447+0000] {dag.py:2690} INFO - Sync 1 DAGs
[2025-01-05T21:18:53.479+0000] {logging_mixin.py:137} INFO - [2025-01-05T21:18:53.479+0000] {dag.py:3441} INFO - Setting next_dagrun for example_sla_dag to 2025-01-05T21:16:00+00:00, run_after=2025-01-05T21:18:00+00:00
[2025-01-05T21:18:53.500+0000] {processor.py:175} INFO - Processing /home/airflow/.local/lib/python3.7/site-packages/airflow/example_dags/example_sla_dag.py took 0.104 seconds
[2025-01-05T21:19:23.554+0000] {processor.py:153} INFO - Started process (PID=345) to work on /home/airflow/.local/lib/python3.7/site-packages/airflow/example_dags/example_sla_dag.py
[2025-01-05T21:19:23.555+0000] {processor.py:743} INFO - Processing file /home/airflow/.local/lib/python3.7/site-packages/airflow/example_dags/example_sla_dag.py for tasks to queue
[2025-01-05T21:19:23.556+0000] {logging_mixin.py:137} INFO - [2025-01-05T21:19:23.556+0000] {dagbag.py:538} INFO - Filling up the DagBag from /home/airflow/.local/lib/python3.7/site-packages/airflow/example_dags/example_sla_dag.py
[2025-01-05T21:19:23.581+0000] {processor.py:753} INFO - DAG(s) dict_keys(['example_sla_dag']) retrieved from /home/airflow/.local/lib/python3.7/site-packages/airflow/example_dags/example_sla_dag.py
[2025-01-05T21:19:23.606+0000] {logging_mixin.py:137} INFO - [2025-01-05T21:19:23.606+0000] {dag.py:2690} INFO - Sync 1 DAGs
[2025-01-05T21:19:23.636+0000] {logging_mixin.py:137} INFO - [2025-01-05T21:19:23.636+0000] {dag.py:3441} INFO - Setting next_dagrun for example_sla_dag to 2025-01-05T21:16:00+00:00, run_after=2025-01-05T21:18:00+00:00
[2025-01-05T21:19:23.654+0000] {processor.py:175} INFO - Processing /home/airflow/.local/lib/python3.7/site-packages/airflow/example_dags/example_sla_dag.py took 0.103 seconds
[2025-01-05T21:19:54.641+0000] {processor.py:153} INFO - Started process (PID=446) to work on /home/airflow/.local/lib/python3.7/site-packages/airflow/example_dags/example_sla_dag.py
[2025-01-05T21:19:54.642+0000] {processor.py:743} INFO - Processing file /home/airflow/.local/lib/python3.7/site-packages/airflow/example_dags/example_sla_dag.py for tasks to queue
[2025-01-05T21:19:54.643+0000] {logging_mixin.py:137} INFO - [2025-01-05T21:19:54.643+0000] {dagbag.py:538} INFO - Filling up the DagBag from /home/airflow/.local/lib/python3.7/site-packages/airflow/example_dags/example_sla_dag.py
[2025-01-05T21:19:54.666+0000] {processor.py:753} INFO - DAG(s) dict_keys(['example_sla_dag']) retrieved from /home/airflow/.local/lib/python3.7/site-packages/airflow/example_dags/example_sla_dag.py
[2025-01-05T21:19:54.691+0000] {logging_mixin.py:137} INFO - [2025-01-05T21:19:54.691+0000] {dag.py:2690} INFO - Sync 1 DAGs
[2025-01-05T21:19:54.720+0000] {logging_mixin.py:137} INFO - [2025-01-05T21:19:54.720+0000] {dag.py:3441} INFO - Setting next_dagrun for example_sla_dag to 2025-01-05T21:16:00+00:00, run_after=2025-01-05T21:18:00+00:00
[2025-01-05T21:19:54.742+0000] {processor.py:175} INFO - Processing /home/airflow/.local/lib/python3.7/site-packages/airflow/example_dags/example_sla_dag.py took 0.104 seconds
[2025-01-05T21:20:25.384+0000] {processor.py:153} INFO - Started process (PID=526) to work on /home/airflow/.local/lib/python3.7/site-packages/airflow/example_dags/example_sla_dag.py
[2025-01-05T21:20:25.385+0000] {processor.py:743} INFO - Processing file /home/airflow/.local/lib/python3.7/site-packages/airflow/example_dags/example_sla_dag.py for tasks to queue
[2025-01-05T21:20:25.386+0000] {logging_mixin.py:137} INFO - [2025-01-05T21:20:25.385+0000] {dagbag.py:538} INFO - Filling up the DagBag from /home/airflow/.local/lib/python3.7/site-packages/airflow/example_dags/example_sla_dag.py
[2025-01-05T21:20:25.407+0000] {processor.py:753} INFO - DAG(s) dict_keys(['example_sla_dag']) retrieved from /home/airflow/.local/lib/python3.7/site-packages/airflow/example_dags/example_sla_dag.py
[2025-01-05T21:20:25.429+0000] {logging_mixin.py:137} INFO - [2025-01-05T21:20:25.429+0000] {dag.py:2690} INFO - Sync 1 DAGs
[2025-01-05T21:20:25.464+0000] {logging_mixin.py:137} INFO - [2025-01-05T21:20:25.464+0000] {dag.py:3441} INFO - Setting next_dagrun for example_sla_dag to 2025-01-05T21:18:00+00:00, run_after=2025-01-05T21:20:00+00:00
[2025-01-05T21:20:25.481+0000] {processor.py:175} INFO - Processing /home/airflow/.local/lib/python3.7/site-packages/airflow/example_dags/example_sla_dag.py took 0.100 seconds
[2025-01-05T21:20:56.340+0000] {processor.py:153} INFO - Started process (PID=626) to work on /home/airflow/.local/lib/python3.7/site-packages/airflow/example_dags/example_sla_dag.py
[2025-01-05T21:20:56.341+0000] {processor.py:743} INFO - Processing file /home/airflow/.local/lib/python3.7/site-packages/airflow/example_dags/example_sla_dag.py for tasks to queue
[2025-01-05T21:20:56.342+0000] {logging_mixin.py:137} INFO - [2025-01-05T21:20:56.342+0000] {dagbag.py:538} INFO - Filling up the DagBag from /home/airflow/.local/lib/python3.7/site-packages/airflow/example_dags/example_sla_dag.py
[2025-01-05T21:20:56.374+0000] {processor.py:753} INFO - DAG(s) dict_keys(['example_sla_dag']) retrieved from /home/airflow/.local/lib/python3.7/site-packages/airflow/example_dags/example_sla_dag.py
[2025-01-05T21:20:56.402+0000] {logging_mixin.py:137} INFO - [2025-01-05T21:20:56.402+0000] {dag.py:2690} INFO - Sync 1 DAGs
[2025-01-05T21:20:56.435+0000] {logging_mixin.py:137} INFO - [2025-01-05T21:20:56.435+0000] {dag.py:3441} INFO - Setting next_dagrun for example_sla_dag to 2025-01-05T21:18:00+00:00, run_after=2025-01-05T21:20:00+00:00
[2025-01-05T21:20:56.456+0000] {processor.py:175} INFO - Processing /home/airflow/.local/lib/python3.7/site-packages/airflow/example_dags/example_sla_dag.py took 0.119 seconds
[2025-01-05T21:21:26.492+0000] {processor.py:153} INFO - Started process (PID=706) to work on /home/airflow/.local/lib/python3.7/site-packages/airflow/example_dags/example_sla_dag.py
[2025-01-05T21:21:26.493+0000] {processor.py:743} INFO - Processing file /home/airflow/.local/lib/python3.7/site-packages/airflow/example_dags/example_sla_dag.py for tasks to queue
[2025-01-05T21:21:26.494+0000] {logging_mixin.py:137} INFO - [2025-01-05T21:21:26.494+0000] {dagbag.py:538} INFO - Filling up the DagBag from /home/airflow/.local/lib/python3.7/site-packages/airflow/example_dags/example_sla_dag.py
[2025-01-05T21:21:26.517+0000] {processor.py:753} INFO - DAG(s) dict_keys(['example_sla_dag']) retrieved from /home/airflow/.local/lib/python3.7/site-packages/airflow/example_dags/example_sla_dag.py
[2025-01-05T21:21:26.542+0000] {logging_mixin.py:137} INFO - [2025-01-05T21:21:26.542+0000] {dag.py:2690} INFO - Sync 1 DAGs
[2025-01-05T21:21:26.570+0000] {logging_mixin.py:137} INFO - [2025-01-05T21:21:26.570+0000] {dag.py:3441} INFO - Setting next_dagrun for example_sla_dag to 2025-01-05T21:18:00+00:00, run_after=2025-01-05T21:20:00+00:00
[2025-01-05T21:21:26.588+0000] {processor.py:175} INFO - Processing /home/airflow/.local/lib/python3.7/site-packages/airflow/example_dags/example_sla_dag.py took 0.099 seconds
[2025-01-05T21:21:56.859+0000] {processor.py:153} INFO - Started process (PID=793) to work on /home/airflow/.local/lib/python3.7/site-packages/airflow/example_dags/example_sla_dag.py
[2025-01-05T21:21:56.860+0000] {processor.py:743} INFO - Processing file /home/airflow/.local/lib/python3.7/site-packages/airflow/example_dags/example_sla_dag.py for tasks to queue
[2025-01-05T21:21:56.861+0000] {logging_mixin.py:137} INFO - [2025-01-05T21:21:56.861+0000] {dagbag.py:538} INFO - Filling up the DagBag from /home/airflow/.local/lib/python3.7/site-packages/airflow/example_dags/example_sla_dag.py
[2025-01-05T21:21:56.887+0000] {processor.py:753} INFO - DAG(s) dict_keys(['example_sla_dag']) retrieved from /home/airflow/.local/lib/python3.7/site-packages/airflow/example_dags/example_sla_dag.py
[2025-01-05T21:21:56.913+0000] {logging_mixin.py:137} INFO - [2025-01-05T21:21:56.913+0000] {dag.py:2690} INFO - Sync 1 DAGs
[2025-01-05T21:21:56.945+0000] {logging_mixin.py:137} INFO - [2025-01-05T21:21:56.945+0000] {dag.py:3441} INFO - Setting next_dagrun for example_sla_dag to 2025-01-05T21:18:00+00:00, run_after=2025-01-05T21:20:00+00:00
[2025-01-05T21:21:56.965+0000] {processor.py:175} INFO - Processing /home/airflow/.local/lib/python3.7/site-packages/airflow/example_dags/example_sla_dag.py took 0.110 seconds
[2025-01-05T21:22:27.047+0000] {processor.py:153} INFO - Started process (PID=886) to work on /home/airflow/.local/lib/python3.7/site-packages/airflow/example_dags/example_sla_dag.py
[2025-01-05T21:22:27.048+0000] {processor.py:743} INFO - Processing file /home/airflow/.local/lib/python3.7/site-packages/airflow/example_dags/example_sla_dag.py for tasks to queue
[2025-01-05T21:22:27.049+0000] {logging_mixin.py:137} INFO - [2025-01-05T21:22:27.049+0000] {dagbag.py:538} INFO - Filling up the DagBag from /home/airflow/.local/lib/python3.7/site-packages/airflow/example_dags/example_sla_dag.py
[2025-01-05T21:22:27.070+0000] {processor.py:753} INFO - DAG(s) dict_keys(['example_sla_dag']) retrieved from /home/airflow/.local/lib/python3.7/site-packages/airflow/example_dags/example_sla_dag.py
[2025-01-05T21:22:27.095+0000] {logging_mixin.py:137} INFO - [2025-01-05T21:22:27.095+0000] {dag.py:2690} INFO - Sync 1 DAGs
[2025-01-05T21:22:27.123+0000] {logging_mixin.py:137} INFO - [2025-01-05T21:22:27.123+0000] {dag.py:3441} INFO - Setting next_dagrun for example_sla_dag to 2025-01-05T21:20:00+00:00, run_after=2025-01-05T21:22:00+00:00
[2025-01-05T21:22:27.140+0000] {processor.py:175} INFO - Processing /home/airflow/.local/lib/python3.7/site-packages/airflow/example_dags/example_sla_dag.py took 0.096 seconds
[2025-01-05T21:22:57.267+0000] {processor.py:153} INFO - Started process (PID=967) to work on /home/airflow/.local/lib/python3.7/site-packages/airflow/example_dags/example_sla_dag.py
[2025-01-05T21:22:57.268+0000] {processor.py:743} INFO - Processing file /home/airflow/.local/lib/python3.7/site-packages/airflow/example_dags/example_sla_dag.py for tasks to queue
[2025-01-05T21:22:57.269+0000] {logging_mixin.py:137} INFO - [2025-01-05T21:22:57.269+0000] {dagbag.py:538} INFO - Filling up the DagBag from /home/airflow/.local/lib/python3.7/site-packages/airflow/example_dags/example_sla_dag.py
[2025-01-05T21:22:57.293+0000] {processor.py:753} INFO - DAG(s) dict_keys(['example_sla_dag']) retrieved from /home/airflow/.local/lib/python3.7/site-packages/airflow/example_dags/example_sla_dag.py
[2025-01-05T21:22:57.320+0000] {logging_mixin.py:137} INFO - [2025-01-05T21:22:57.320+0000] {dag.py:2690} INFO - Sync 1 DAGs
[2025-01-05T21:22:57.356+0000] {logging_mixin.py:137} INFO - [2025-01-05T21:22:57.356+0000] {dag.py:3441} INFO - Setting next_dagrun for example_sla_dag to 2025-01-05T21:20:00+00:00, run_after=2025-01-05T21:22:00+00:00
[2025-01-05T21:22:57.375+0000] {processor.py:175} INFO - Processing /home/airflow/.local/lib/python3.7/site-packages/airflow/example_dags/example_sla_dag.py took 0.111 seconds
[2025-01-05T21:23:28.047+0000] {processor.py:153} INFO - Started process (PID=1067) to work on /home/airflow/.local/lib/python3.7/site-packages/airflow/example_dags/example_sla_dag.py
[2025-01-05T21:23:28.048+0000] {processor.py:743} INFO - Processing file /home/airflow/.local/lib/python3.7/site-packages/airflow/example_dags/example_sla_dag.py for tasks to queue
[2025-01-05T21:23:28.049+0000] {logging_mixin.py:137} INFO - [2025-01-05T21:23:28.049+0000] {dagbag.py:538} INFO - Filling up the DagBag from /home/airflow/.local/lib/python3.7/site-packages/airflow/example_dags/example_sla_dag.py
[2025-01-05T21:23:28.074+0000] {processor.py:753} INFO - DAG(s) dict_keys(['example_sla_dag']) retrieved from /home/airflow/.local/lib/python3.7/site-packages/airflow/example_dags/example_sla_dag.py
[2025-01-05T21:23:28.101+0000] {logging_mixin.py:137} INFO - [2025-01-05T21:23:28.101+0000] {dag.py:2690} INFO - Sync 1 DAGs
[2025-01-05T21:23:28.129+0000] {logging_mixin.py:137} INFO - [2025-01-05T21:23:28.129+0000] {dag.py:3441} INFO - Setting next_dagrun for example_sla_dag to 2025-01-05T21:20:00+00:00, run_after=2025-01-05T21:22:00+00:00
[2025-01-05T21:23:28.149+0000] {processor.py:175} INFO - Processing /home/airflow/.local/lib/python3.7/site-packages/airflow/example_dags/example_sla_dag.py took 0.105 seconds
[2025-01-05T21:23:58.628+0000] {processor.py:153} INFO - Started process (PID=1147) to work on /home/airflow/.local/lib/python3.7/site-packages/airflow/example_dags/example_sla_dag.py
[2025-01-05T21:23:58.629+0000] {processor.py:743} INFO - Processing file /home/airflow/.local/lib/python3.7/site-packages/airflow/example_dags/example_sla_dag.py for tasks to queue
[2025-01-05T21:23:58.630+0000] {logging_mixin.py:137} INFO - [2025-01-05T21:23:58.630+0000] {dagbag.py:538} INFO - Filling up the DagBag from /home/airflow/.local/lib/python3.7/site-packages/airflow/example_dags/example_sla_dag.py
[2025-01-05T21:23:58.655+0000] {processor.py:753} INFO - DAG(s) dict_keys(['example_sla_dag']) retrieved from /home/airflow/.local/lib/python3.7/site-packages/airflow/example_dags/example_sla_dag.py
[2025-01-05T21:23:58.683+0000] {logging_mixin.py:137} INFO - [2025-01-05T21:23:58.683+0000] {dag.py:2690} INFO - Sync 1 DAGs
[2025-01-05T21:23:58.714+0000] {logging_mixin.py:137} INFO - [2025-01-05T21:23:58.714+0000] {dag.py:3441} INFO - Setting next_dagrun for example_sla_dag to 2025-01-05T21:20:00+00:00, run_after=2025-01-05T21:22:00+00:00
[2025-01-05T21:23:58.733+0000] {processor.py:175} INFO - Processing /home/airflow/.local/lib/python3.7/site-packages/airflow/example_dags/example_sla_dag.py took 0.108 seconds
[2025-01-05T21:24:29.425+0000] {processor.py:153} INFO - Started process (PID=1247) to work on /home/airflow/.local/lib/python3.7/site-packages/airflow/example_dags/example_sla_dag.py
[2025-01-05T21:24:29.427+0000] {processor.py:743} INFO - Processing file /home/airflow/.local/lib/python3.7/site-packages/airflow/example_dags/example_sla_dag.py for tasks to queue
[2025-01-05T21:24:29.428+0000] {logging_mixin.py:137} INFO - [2025-01-05T21:24:29.427+0000] {dagbag.py:538} INFO - Filling up the DagBag from /home/airflow/.local/lib/python3.7/site-packages/airflow/example_dags/example_sla_dag.py
[2025-01-05T21:24:29.450+0000] {processor.py:753} INFO - DAG(s) dict_keys(['example_sla_dag']) retrieved from /home/airflow/.local/lib/python3.7/site-packages/airflow/example_dags/example_sla_dag.py
[2025-01-05T21:24:29.476+0000] {logging_mixin.py:137} INFO - [2025-01-05T21:24:29.475+0000] {dag.py:2690} INFO - Sync 1 DAGs
[2025-01-05T21:24:29.509+0000] {logging_mixin.py:137} INFO - [2025-01-05T21:24:29.509+0000] {dag.py:3441} INFO - Setting next_dagrun for example_sla_dag to 2025-01-05T21:22:00+00:00, run_after=2025-01-05T21:24:00+00:00
[2025-01-05T21:24:29.528+0000] {processor.py:175} INFO - Processing /home/airflow/.local/lib/python3.7/site-packages/airflow/example_dags/example_sla_dag.py took 0.106 seconds
[2025-01-05T21:25:00.011+0000] {processor.py:153} INFO - Started process (PID=1328) to work on /home/airflow/.local/lib/python3.7/site-packages/airflow/example_dags/example_sla_dag.py
[2025-01-05T21:25:00.012+0000] {processor.py:743} INFO - Processing file /home/airflow/.local/lib/python3.7/site-packages/airflow/example_dags/example_sla_dag.py for tasks to queue
[2025-01-05T21:25:00.013+0000] {logging_mixin.py:137} INFO - [2025-01-05T21:25:00.013+0000] {dagbag.py:538} INFO - Filling up the DagBag from /home/airflow/.local/lib/python3.7/site-packages/airflow/example_dags/example_sla_dag.py
[2025-01-05T21:25:00.042+0000] {processor.py:753} INFO - DAG(s) dict_keys(['example_sla_dag']) retrieved from /home/airflow/.local/lib/python3.7/site-packages/airflow/example_dags/example_sla_dag.py
[2025-01-05T21:25:00.068+0000] {logging_mixin.py:137} INFO - [2025-01-05T21:25:00.068+0000] {dag.py:2690} INFO - Sync 1 DAGs
[2025-01-05T21:25:00.100+0000] {logging_mixin.py:137} INFO - [2025-01-05T21:25:00.100+0000] {dag.py:3441} INFO - Setting next_dagrun for example_sla_dag to 2025-01-05T21:22:00+00:00, run_after=2025-01-05T21:24:00+00:00
[2025-01-05T21:25:00.120+0000] {processor.py:175} INFO - Processing /home/airflow/.local/lib/python3.7/site-packages/airflow/example_dags/example_sla_dag.py took 0.112 seconds
[2025-01-05T21:25:31.636+0000] {processor.py:153} INFO - Started process (PID=1428) to work on /home/airflow/.local/lib/python3.7/site-packages/airflow/example_dags/example_sla_dag.py
[2025-01-05T21:25:31.637+0000] {processor.py:743} INFO - Processing file /home/airflow/.local/lib/python3.7/site-packages/airflow/example_dags/example_sla_dag.py for tasks to queue
[2025-01-05T21:25:31.638+0000] {logging_mixin.py:137} INFO - [2025-01-05T21:25:31.638+0000] {dagbag.py:538} INFO - Filling up the DagBag from /home/airflow/.local/lib/python3.7/site-packages/airflow/example_dags/example_sla_dag.py
[2025-01-05T21:25:31.665+0000] {processor.py:753} INFO - DAG(s) dict_keys(['example_sla_dag']) retrieved from /home/airflow/.local/lib/python3.7/site-packages/airflow/example_dags/example_sla_dag.py
[2025-01-05T21:25:31.693+0000] {logging_mixin.py:137} INFO - [2025-01-05T21:25:31.693+0000] {dag.py:2690} INFO - Sync 1 DAGs
[2025-01-05T21:25:31.722+0000] {logging_mixin.py:137} INFO - [2025-01-05T21:25:31.722+0000] {dag.py:3441} INFO - Setting next_dagrun for example_sla_dag to 2025-01-05T21:22:00+00:00, run_after=2025-01-05T21:24:00+00:00
[2025-01-05T21:25:31.743+0000] {processor.py:175} INFO - Processing /home/airflow/.local/lib/python3.7/site-packages/airflow/example_dags/example_sla_dag.py took 0.111 seconds
[2025-01-05T21:26:02.405+0000] {processor.py:153} INFO - Started process (PID=1508) to work on /home/airflow/.local/lib/python3.7/site-packages/airflow/example_dags/example_sla_dag.py
[2025-01-05T21:26:02.406+0000] {processor.py:743} INFO - Processing file /home/airflow/.local/lib/python3.7/site-packages/airflow/example_dags/example_sla_dag.py for tasks to queue
[2025-01-05T21:26:02.407+0000] {logging_mixin.py:137} INFO - [2025-01-05T21:26:02.406+0000] {dagbag.py:538} INFO - Filling up the DagBag from /home/airflow/.local/lib/python3.7/site-packages/airflow/example_dags/example_sla_dag.py
[2025-01-05T21:26:02.429+0000] {processor.py:753} INFO - DAG(s) dict_keys(['example_sla_dag']) retrieved from /home/airflow/.local/lib/python3.7/site-packages/airflow/example_dags/example_sla_dag.py
[2025-01-05T21:26:02.453+0000] {logging_mixin.py:137} INFO - [2025-01-05T21:26:02.453+0000] {dag.py:2690} INFO - Sync 1 DAGs
[2025-01-05T21:26:02.483+0000] {logging_mixin.py:137} INFO - [2025-01-05T21:26:02.483+0000] {dag.py:3441} INFO - Setting next_dagrun for example_sla_dag to 2025-01-05T21:24:00+00:00, run_after=2025-01-05T21:26:00+00:00
[2025-01-05T21:26:02.505+0000] {processor.py:175} INFO - Processing /home/airflow/.local/lib/python3.7/site-packages/airflow/example_dags/example_sla_dag.py took 0.103 seconds
[2025-01-05T21:26:33.200+0000] {processor.py:153} INFO - Started process (PID=1608) to work on /home/airflow/.local/lib/python3.7/site-packages/airflow/example_dags/example_sla_dag.py
[2025-01-05T21:26:33.201+0000] {processor.py:743} INFO - Processing file /home/airflow/.local/lib/python3.7/site-packages/airflow/example_dags/example_sla_dag.py for tasks to queue
[2025-01-05T21:26:33.202+0000] {logging_mixin.py:137} INFO - [2025-01-05T21:26:33.201+0000] {dagbag.py:538} INFO - Filling up the DagBag from /home/airflow/.local/lib/python3.7/site-packages/airflow/example_dags/example_sla_dag.py
[2025-01-05T21:26:33.225+0000] {processor.py:753} INFO - DAG(s) dict_keys(['example_sla_dag']) retrieved from /home/airflow/.local/lib/python3.7/site-packages/airflow/example_dags/example_sla_dag.py
[2025-01-05T21:26:33.259+0000] {logging_mixin.py:137} INFO - [2025-01-05T21:26:33.259+0000] {dag.py:2690} INFO - Sync 1 DAGs
[2025-01-05T21:26:33.299+0000] {logging_mixin.py:137} INFO - [2025-01-05T21:26:33.299+0000] {dag.py:3441} INFO - Setting next_dagrun for example_sla_dag to 2025-01-05T21:24:00+00:00, run_after=2025-01-05T21:26:00+00:00
[2025-01-05T21:26:33.321+0000] {processor.py:175} INFO - Processing /home/airflow/.local/lib/python3.7/site-packages/airflow/example_dags/example_sla_dag.py took 0.124 seconds
[2025-01-05T21:27:03.997+0000] {processor.py:153} INFO - Started process (PID=1687) to work on /home/airflow/.local/lib/python3.7/site-packages/airflow/example_dags/example_sla_dag.py
[2025-01-05T21:27:03.998+0000] {processor.py:743} INFO - Processing file /home/airflow/.local/lib/python3.7/site-packages/airflow/example_dags/example_sla_dag.py for tasks to queue
[2025-01-05T21:27:03.999+0000] {logging_mixin.py:137} INFO - [2025-01-05T21:27:03.999+0000] {dagbag.py:538} INFO - Filling up the DagBag from /home/airflow/.local/lib/python3.7/site-packages/airflow/example_dags/example_sla_dag.py
[2025-01-05T21:27:04.021+0000] {processor.py:753} INFO - DAG(s) dict_keys(['example_sla_dag']) retrieved from /home/airflow/.local/lib/python3.7/site-packages/airflow/example_dags/example_sla_dag.py
[2025-01-05T21:27:04.048+0000] {logging_mixin.py:137} INFO - [2025-01-05T21:27:04.048+0000] {dag.py:2690} INFO - Sync 1 DAGs
[2025-01-05T21:27:04.079+0000] {logging_mixin.py:137} INFO - [2025-01-05T21:27:04.078+0000] {dag.py:3441} INFO - Setting next_dagrun for example_sla_dag to 2025-01-05T21:24:00+00:00, run_after=2025-01-05T21:26:00+00:00
[2025-01-05T21:27:04.098+0000] {processor.py:175} INFO - Processing /home/airflow/.local/lib/python3.7/site-packages/airflow/example_dags/example_sla_dag.py took 0.105 seconds
[2025-01-05T21:27:34.823+0000] {processor.py:153} INFO - Started process (PID=1787) to work on /home/airflow/.local/lib/python3.7/site-packages/airflow/example_dags/example_sla_dag.py
[2025-01-05T21:27:34.824+0000] {processor.py:743} INFO - Processing file /home/airflow/.local/lib/python3.7/site-packages/airflow/example_dags/example_sla_dag.py for tasks to queue
[2025-01-05T21:27:34.825+0000] {logging_mixin.py:137} INFO - [2025-01-05T21:27:34.825+0000] {dagbag.py:538} INFO - Filling up the DagBag from /home/airflow/.local/lib/python3.7/site-packages/airflow/example_dags/example_sla_dag.py
[2025-01-05T21:27:34.849+0000] {processor.py:753} INFO - DAG(s) dict_keys(['example_sla_dag']) retrieved from /home/airflow/.local/lib/python3.7/site-packages/airflow/example_dags/example_sla_dag.py
[2025-01-05T21:27:34.876+0000] {logging_mixin.py:137} INFO - [2025-01-05T21:27:34.876+0000] {dag.py:2690} INFO - Sync 1 DAGs
[2025-01-05T21:27:34.911+0000] {logging_mixin.py:137} INFO - [2025-01-05T21:27:34.910+0000] {dag.py:3441} INFO - Setting next_dagrun for example_sla_dag to 2025-01-05T21:24:00+00:00, run_after=2025-01-05T21:26:00+00:00
[2025-01-05T21:27:34.934+0000] {processor.py:175} INFO - Processing /home/airflow/.local/lib/python3.7/site-packages/airflow/example_dags/example_sla_dag.py took 0.114 seconds
[2025-01-05T21:28:05.569+0000] {processor.py:153} INFO - Started process (PID=1867) to work on /home/airflow/.local/lib/python3.7/site-packages/airflow/example_dags/example_sla_dag.py
[2025-01-05T21:28:05.570+0000] {processor.py:743} INFO - Processing file /home/airflow/.local/lib/python3.7/site-packages/airflow/example_dags/example_sla_dag.py for tasks to queue
[2025-01-05T21:28:05.571+0000] {logging_mixin.py:137} INFO - [2025-01-05T21:28:05.571+0000] {dagbag.py:538} INFO - Filling up the DagBag from /home/airflow/.local/lib/python3.7/site-packages/airflow/example_dags/example_sla_dag.py
[2025-01-05T21:28:05.596+0000] {processor.py:753} INFO - DAG(s) dict_keys(['example_sla_dag']) retrieved from /home/airflow/.local/lib/python3.7/site-packages/airflow/example_dags/example_sla_dag.py
[2025-01-05T21:28:05.620+0000] {logging_mixin.py:137} INFO - [2025-01-05T21:28:05.620+0000] {dag.py:2690} INFO - Sync 1 DAGs
[2025-01-05T21:28:05.652+0000] {logging_mixin.py:137} INFO - [2025-01-05T21:28:05.652+0000] {dag.py:3441} INFO - Setting next_dagrun for example_sla_dag to 2025-01-05T21:26:00+00:00, run_after=2025-01-05T21:28:00+00:00
[2025-01-05T21:28:05.675+0000] {processor.py:175} INFO - Processing /home/airflow/.local/lib/python3.7/site-packages/airflow/example_dags/example_sla_dag.py took 0.109 seconds
[2025-01-05T21:28:35.783+0000] {processor.py:153} INFO - Started process (PID=1967) to work on /home/airflow/.local/lib/python3.7/site-packages/airflow/example_dags/example_sla_dag.py
[2025-01-05T21:28:35.784+0000] {processor.py:743} INFO - Processing file /home/airflow/.local/lib/python3.7/site-packages/airflow/example_dags/example_sla_dag.py for tasks to queue
[2025-01-05T21:28:35.785+0000] {logging_mixin.py:137} INFO - [2025-01-05T21:28:35.785+0000] {dagbag.py:538} INFO - Filling up the DagBag from /home/airflow/.local/lib/python3.7/site-packages/airflow/example_dags/example_sla_dag.py
[2025-01-05T21:28:35.808+0000] {processor.py:753} INFO - DAG(s) dict_keys(['example_sla_dag']) retrieved from /home/airflow/.local/lib/python3.7/site-packages/airflow/example_dags/example_sla_dag.py
[2025-01-05T21:28:35.840+0000] {logging_mixin.py:137} INFO - [2025-01-05T21:28:35.839+0000] {dag.py:2690} INFO - Sync 1 DAGs
[2025-01-05T21:28:35.873+0000] {logging_mixin.py:137} INFO - [2025-01-05T21:28:35.873+0000] {dag.py:3441} INFO - Setting next_dagrun for example_sla_dag to 2025-01-05T21:26:00+00:00, run_after=2025-01-05T21:28:00+00:00
[2025-01-05T21:28:35.895+0000] {processor.py:175} INFO - Processing /home/airflow/.local/lib/python3.7/site-packages/airflow/example_dags/example_sla_dag.py took 0.114 seconds
[2025-01-05T21:29:06.863+0000] {processor.py:153} INFO - Started process (PID=2047) to work on /home/airflow/.local/lib/python3.7/site-packages/airflow/example_dags/example_sla_dag.py
[2025-01-05T21:29:06.864+0000] {processor.py:743} INFO - Processing file /home/airflow/.local/lib/python3.7/site-packages/airflow/example_dags/example_sla_dag.py for tasks to queue
[2025-01-05T21:29:06.865+0000] {logging_mixin.py:137} INFO - [2025-01-05T21:29:06.865+0000] {dagbag.py:538} INFO - Filling up the DagBag from /home/airflow/.local/lib/python3.7/site-packages/airflow/example_dags/example_sla_dag.py
[2025-01-05T21:29:06.886+0000] {processor.py:753} INFO - DAG(s) dict_keys(['example_sla_dag']) retrieved from /home/airflow/.local/lib/python3.7/site-packages/airflow/example_dags/example_sla_dag.py
[2025-01-05T21:29:06.909+0000] {logging_mixin.py:137} INFO - [2025-01-05T21:29:06.909+0000] {dag.py:2690} INFO - Sync 1 DAGs
[2025-01-05T21:29:06.935+0000] {logging_mixin.py:137} INFO - [2025-01-05T21:29:06.935+0000] {dag.py:3441} INFO - Setting next_dagrun for example_sla_dag to 2025-01-05T21:26:00+00:00, run_after=2025-01-05T21:28:00+00:00
[2025-01-05T21:29:06.954+0000] {processor.py:175} INFO - Processing /home/airflow/.local/lib/python3.7/site-packages/airflow/example_dags/example_sla_dag.py took 0.094 seconds
[2025-01-05T21:29:37.232+0000] {processor.py:153} INFO - Started process (PID=2136) to work on /home/airflow/.local/lib/python3.7/site-packages/airflow/example_dags/example_sla_dag.py
[2025-01-05T21:29:37.233+0000] {processor.py:743} INFO - Processing file /home/airflow/.local/lib/python3.7/site-packages/airflow/example_dags/example_sla_dag.py for tasks to queue
[2025-01-05T21:29:37.235+0000] {logging_mixin.py:137} INFO - [2025-01-05T21:29:37.234+0000] {dagbag.py:538} INFO - Filling up the DagBag from /home/airflow/.local/lib/python3.7/site-packages/airflow/example_dags/example_sla_dag.py
[2025-01-05T21:29:37.262+0000] {processor.py:753} INFO - DAG(s) dict_keys(['example_sla_dag']) retrieved from /home/airflow/.local/lib/python3.7/site-packages/airflow/example_dags/example_sla_dag.py
[2025-01-05T21:29:37.291+0000] {logging_mixin.py:137} INFO - [2025-01-05T21:29:37.291+0000] {dag.py:2690} INFO - Sync 1 DAGs
[2025-01-05T21:29:37.371+0000] {logging_mixin.py:137} INFO - [2025-01-05T21:29:37.370+0000] {dag.py:3441} INFO - Setting next_dagrun for example_sla_dag to 2025-01-05T21:26:00+00:00, run_after=2025-01-05T21:28:00+00:00
[2025-01-05T21:29:37.426+0000] {processor.py:175} INFO - Processing /home/airflow/.local/lib/python3.7/site-packages/airflow/example_dags/example_sla_dag.py took 0.197 seconds
[2025-01-05T21:30:07.851+0000] {processor.py:153} INFO - Started process (PID=2227) to work on /home/airflow/.local/lib/python3.7/site-packages/airflow/example_dags/example_sla_dag.py
[2025-01-05T21:30:07.852+0000] {processor.py:743} INFO - Processing file /home/airflow/.local/lib/python3.7/site-packages/airflow/example_dags/example_sla_dag.py for tasks to queue
[2025-01-05T21:30:07.854+0000] {logging_mixin.py:137} INFO - [2025-01-05T21:30:07.853+0000] {dagbag.py:538} INFO - Filling up the DagBag from /home/airflow/.local/lib/python3.7/site-packages/airflow/example_dags/example_sla_dag.py
[2025-01-05T21:30:07.894+0000] {processor.py:753} INFO - DAG(s) dict_keys(['example_sla_dag']) retrieved from /home/airflow/.local/lib/python3.7/site-packages/airflow/example_dags/example_sla_dag.py
[2025-01-05T21:30:07.933+0000] {logging_mixin.py:137} INFO - [2025-01-05T21:30:07.933+0000] {dag.py:2690} INFO - Sync 1 DAGs
[2025-01-05T21:30:07.983+0000] {logging_mixin.py:137} INFO - [2025-01-05T21:30:07.983+0000] {dag.py:3441} INFO - Setting next_dagrun for example_sla_dag to 2025-01-05T21:28:00+00:00, run_after=2025-01-05T21:30:00+00:00
[2025-01-05T21:30:08.014+0000] {processor.py:175} INFO - Processing /home/airflow/.local/lib/python3.7/site-packages/airflow/example_dags/example_sla_dag.py took 0.167 seconds
[2025-01-05T21:30:38.794+0000] {processor.py:153} INFO - Started process (PID=2307) to work on /home/airflow/.local/lib/python3.7/site-packages/airflow/example_dags/example_sla_dag.py
[2025-01-05T21:30:38.795+0000] {processor.py:743} INFO - Processing file /home/airflow/.local/lib/python3.7/site-packages/airflow/example_dags/example_sla_dag.py for tasks to queue
[2025-01-05T21:30:38.797+0000] {logging_mixin.py:137} INFO - [2025-01-05T21:30:38.796+0000] {dagbag.py:538} INFO - Filling up the DagBag from /home/airflow/.local/lib/python3.7/site-packages/airflow/example_dags/example_sla_dag.py
[2025-01-05T21:30:38.833+0000] {processor.py:753} INFO - DAG(s) dict_keys(['example_sla_dag']) retrieved from /home/airflow/.local/lib/python3.7/site-packages/airflow/example_dags/example_sla_dag.py
[2025-01-05T21:30:38.870+0000] {logging_mixin.py:137} INFO - [2025-01-05T21:30:38.870+0000] {dag.py:2690} INFO - Sync 1 DAGs
[2025-01-05T21:30:38.920+0000] {logging_mixin.py:137} INFO - [2025-01-05T21:30:38.920+0000] {dag.py:3441} INFO - Setting next_dagrun for example_sla_dag to 2025-01-05T21:28:00+00:00, run_after=2025-01-05T21:30:00+00:00
[2025-01-05T21:30:38.948+0000] {processor.py:175} INFO - Processing /home/airflow/.local/lib/python3.7/site-packages/airflow/example_dags/example_sla_dag.py took 0.159 seconds
[2025-01-05T21:31:09.101+0000] {processor.py:153} INFO - Started process (PID=2411) to work on /home/airflow/.local/lib/python3.7/site-packages/airflow/example_dags/example_sla_dag.py
[2025-01-05T21:31:09.102+0000] {processor.py:743} INFO - Processing file /home/airflow/.local/lib/python3.7/site-packages/airflow/example_dags/example_sla_dag.py for tasks to queue
[2025-01-05T21:31:09.103+0000] {logging_mixin.py:137} INFO - [2025-01-05T21:31:09.103+0000] {dagbag.py:538} INFO - Filling up the DagBag from /home/airflow/.local/lib/python3.7/site-packages/airflow/example_dags/example_sla_dag.py
[2025-01-05T21:31:09.135+0000] {processor.py:753} INFO - DAG(s) dict_keys(['example_sla_dag']) retrieved from /home/airflow/.local/lib/python3.7/site-packages/airflow/example_dags/example_sla_dag.py
[2025-01-05T21:31:09.168+0000] {logging_mixin.py:137} INFO - [2025-01-05T21:31:09.168+0000] {dag.py:2690} INFO - Sync 1 DAGs
[2025-01-05T21:31:09.208+0000] {logging_mixin.py:137} INFO - [2025-01-05T21:31:09.208+0000] {dag.py:3441} INFO - Setting next_dagrun for example_sla_dag to 2025-01-05T21:28:00+00:00, run_after=2025-01-05T21:30:00+00:00
[2025-01-05T21:31:09.232+0000] {processor.py:175} INFO - Processing /home/airflow/.local/lib/python3.7/site-packages/airflow/example_dags/example_sla_dag.py took 0.136 seconds
[2025-01-05T21:31:39.967+0000] {processor.py:153} INFO - Started process (PID=2495) to work on /home/airflow/.local/lib/python3.7/site-packages/airflow/example_dags/example_sla_dag.py
[2025-01-05T21:31:39.968+0000] {processor.py:743} INFO - Processing file /home/airflow/.local/lib/python3.7/site-packages/airflow/example_dags/example_sla_dag.py for tasks to queue
[2025-01-05T21:31:39.969+0000] {logging_mixin.py:137} INFO - [2025-01-05T21:31:39.969+0000] {dagbag.py:538} INFO - Filling up the DagBag from /home/airflow/.local/lib/python3.7/site-packages/airflow/example_dags/example_sla_dag.py
[2025-01-05T21:31:39.998+0000] {processor.py:753} INFO - DAG(s) dict_keys(['example_sla_dag']) retrieved from /home/airflow/.local/lib/python3.7/site-packages/airflow/example_dags/example_sla_dag.py
[2025-01-05T21:31:40.031+0000] {logging_mixin.py:137} INFO - [2025-01-05T21:31:40.030+0000] {dag.py:2690} INFO - Sync 1 DAGs
[2025-01-05T21:31:40.079+0000] {logging_mixin.py:137} INFO - [2025-01-05T21:31:40.079+0000] {dag.py:3441} INFO - Setting next_dagrun for example_sla_dag to 2025-01-05T21:28:00+00:00, run_after=2025-01-05T21:30:00+00:00
[2025-01-05T21:31:40.105+0000] {processor.py:175} INFO - Processing /home/airflow/.local/lib/python3.7/site-packages/airflow/example_dags/example_sla_dag.py took 0.142 seconds
[2025-01-05T21:32:10.938+0000] {processor.py:153} INFO - Started process (PID=2575) to work on /home/airflow/.local/lib/python3.7/site-packages/airflow/example_dags/example_sla_dag.py
[2025-01-05T21:32:10.939+0000] {processor.py:743} INFO - Processing file /home/airflow/.local/lib/python3.7/site-packages/airflow/example_dags/example_sla_dag.py for tasks to queue
[2025-01-05T21:32:10.941+0000] {logging_mixin.py:137} INFO - [2025-01-05T21:32:10.941+0000] {dagbag.py:538} INFO - Filling up the DagBag from /home/airflow/.local/lib/python3.7/site-packages/airflow/example_dags/example_sla_dag.py
[2025-01-05T21:32:11.011+0000] {processor.py:753} INFO - DAG(s) dict_keys(['example_sla_dag']) retrieved from /home/airflow/.local/lib/python3.7/site-packages/airflow/example_dags/example_sla_dag.py
[2025-01-05T21:32:11.071+0000] {logging_mixin.py:137} INFO - [2025-01-05T21:32:11.070+0000] {dag.py:2690} INFO - Sync 1 DAGs
[2025-01-05T21:32:11.153+0000] {logging_mixin.py:137} INFO - [2025-01-05T21:32:11.153+0000] {dag.py:3441} INFO - Setting next_dagrun for example_sla_dag to 2025-01-05T21:30:00+00:00, run_after=2025-01-05T21:32:00+00:00
[2025-01-05T21:32:11.212+0000] {processor.py:175} INFO - Processing /home/airflow/.local/lib/python3.7/site-packages/airflow/example_dags/example_sla_dag.py took 0.281 seconds
[2025-01-05T21:32:41.377+0000] {processor.py:153} INFO - Started process (PID=2676) to work on /home/airflow/.local/lib/python3.7/site-packages/airflow/example_dags/example_sla_dag.py
[2025-01-05T21:32:41.379+0000] {processor.py:743} INFO - Processing file /home/airflow/.local/lib/python3.7/site-packages/airflow/example_dags/example_sla_dag.py for tasks to queue
[2025-01-05T21:32:41.380+0000] {logging_mixin.py:137} INFO - [2025-01-05T21:32:41.380+0000] {dagbag.py:538} INFO - Filling up the DagBag from /home/airflow/.local/lib/python3.7/site-packages/airflow/example_dags/example_sla_dag.py
[2025-01-05T21:32:41.414+0000] {processor.py:753} INFO - DAG(s) dict_keys(['example_sla_dag']) retrieved from /home/airflow/.local/lib/python3.7/site-packages/airflow/example_dags/example_sla_dag.py
[2025-01-05T21:32:41.446+0000] {logging_mixin.py:137} INFO - [2025-01-05T21:32:41.446+0000] {dag.py:2690} INFO - Sync 1 DAGs
[2025-01-05T21:32:41.489+0000] {logging_mixin.py:137} INFO - [2025-01-05T21:32:41.489+0000] {dag.py:3441} INFO - Setting next_dagrun for example_sla_dag to 2025-01-05T21:30:00+00:00, run_after=2025-01-05T21:32:00+00:00
[2025-01-05T21:32:41.514+0000] {processor.py:175} INFO - Processing /home/airflow/.local/lib/python3.7/site-packages/airflow/example_dags/example_sla_dag.py took 0.141 seconds
[2025-01-05T21:33:11.653+0000] {processor.py:153} INFO - Started process (PID=2756) to work on /home/airflow/.local/lib/python3.7/site-packages/airflow/example_dags/example_sla_dag.py
[2025-01-05T21:33:11.655+0000] {processor.py:743} INFO - Processing file /home/airflow/.local/lib/python3.7/site-packages/airflow/example_dags/example_sla_dag.py for tasks to queue
[2025-01-05T21:33:11.656+0000] {logging_mixin.py:137} INFO - [2025-01-05T21:33:11.656+0000] {dagbag.py:538} INFO - Filling up the DagBag from /home/airflow/.local/lib/python3.7/site-packages/airflow/example_dags/example_sla_dag.py
[2025-01-05T21:33:11.686+0000] {processor.py:753} INFO - DAG(s) dict_keys(['example_sla_dag']) retrieved from /home/airflow/.local/lib/python3.7/site-packages/airflow/example_dags/example_sla_dag.py
[2025-01-05T21:33:11.722+0000] {logging_mixin.py:137} INFO - [2025-01-05T21:33:11.721+0000] {dag.py:2690} INFO - Sync 1 DAGs
[2025-01-05T21:33:11.775+0000] {logging_mixin.py:137} INFO - [2025-01-05T21:33:11.775+0000] {dag.py:3441} INFO - Setting next_dagrun for example_sla_dag to 2025-01-05T21:30:00+00:00, run_after=2025-01-05T21:32:00+00:00
[2025-01-05T21:33:11.803+0000] {processor.py:175} INFO - Processing /home/airflow/.local/lib/python3.7/site-packages/airflow/example_dags/example_sla_dag.py took 0.154 seconds
[2025-01-05T21:33:42.167+0000] {processor.py:153} INFO - Started process (PID=2835) to work on /home/airflow/.local/lib/python3.7/site-packages/airflow/example_dags/example_sla_dag.py
[2025-01-05T21:33:42.168+0000] {processor.py:743} INFO - Processing file /home/airflow/.local/lib/python3.7/site-packages/airflow/example_dags/example_sla_dag.py for tasks to queue
[2025-01-05T21:33:42.169+0000] {logging_mixin.py:137} INFO - [2025-01-05T21:33:42.169+0000] {dagbag.py:538} INFO - Filling up the DagBag from /home/airflow/.local/lib/python3.7/site-packages/airflow/example_dags/example_sla_dag.py
[2025-01-05T21:33:42.194+0000] {processor.py:753} INFO - DAG(s) dict_keys(['example_sla_dag']) retrieved from /home/airflow/.local/lib/python3.7/site-packages/airflow/example_dags/example_sla_dag.py
[2025-01-05T21:33:42.219+0000] {logging_mixin.py:137} INFO - [2025-01-05T21:33:42.219+0000] {dag.py:2690} INFO - Sync 1 DAGs
[2025-01-05T21:33:42.254+0000] {logging_mixin.py:137} INFO - [2025-01-05T21:33:42.253+0000] {dag.py:3441} INFO - Setting next_dagrun for example_sla_dag to 2025-01-05T21:30:00+00:00, run_after=2025-01-05T21:32:00+00:00
[2025-01-05T21:33:42.273+0000] {processor.py:175} INFO - Processing /home/airflow/.local/lib/python3.7/site-packages/airflow/example_dags/example_sla_dag.py took 0.109 seconds
[2025-01-05T21:34:12.909+0000] {processor.py:153} INFO - Started process (PID=2924) to work on /home/airflow/.local/lib/python3.7/site-packages/airflow/example_dags/example_sla_dag.py
[2025-01-05T21:34:12.911+0000] {processor.py:743} INFO - Processing file /home/airflow/.local/lib/python3.7/site-packages/airflow/example_dags/example_sla_dag.py for tasks to queue
[2025-01-05T21:34:12.912+0000] {logging_mixin.py:137} INFO - [2025-01-05T21:34:12.912+0000] {dagbag.py:538} INFO - Filling up the DagBag from /home/airflow/.local/lib/python3.7/site-packages/airflow/example_dags/example_sla_dag.py
[2025-01-05T21:34:12.950+0000] {processor.py:753} INFO - DAG(s) dict_keys(['example_sla_dag']) retrieved from /home/airflow/.local/lib/python3.7/site-packages/airflow/example_dags/example_sla_dag.py
[2025-01-05T21:34:12.985+0000] {logging_mixin.py:137} INFO - [2025-01-05T21:34:12.985+0000] {dag.py:2690} INFO - Sync 1 DAGs
[2025-01-05T21:34:13.030+0000] {logging_mixin.py:137} INFO - [2025-01-05T21:34:13.029+0000] {dag.py:3441} INFO - Setting next_dagrun for example_sla_dag to 2025-01-05T21:32:00+00:00, run_after=2025-01-05T21:34:00+00:00
[2025-01-05T21:34:13.056+0000] {processor.py:175} INFO - Processing /home/airflow/.local/lib/python3.7/site-packages/airflow/example_dags/example_sla_dag.py took 0.151 seconds
[2025-01-05T21:34:43.933+0000] {processor.py:153} INFO - Started process (PID=3015) to work on /home/airflow/.local/lib/python3.7/site-packages/airflow/example_dags/example_sla_dag.py
[2025-01-05T21:34:43.934+0000] {processor.py:743} INFO - Processing file /home/airflow/.local/lib/python3.7/site-packages/airflow/example_dags/example_sla_dag.py for tasks to queue
[2025-01-05T21:34:43.935+0000] {logging_mixin.py:137} INFO - [2025-01-05T21:34:43.934+0000] {dagbag.py:538} INFO - Filling up the DagBag from /home/airflow/.local/lib/python3.7/site-packages/airflow/example_dags/example_sla_dag.py
[2025-01-05T21:34:43.958+0000] {processor.py:753} INFO - DAG(s) dict_keys(['example_sla_dag']) retrieved from /home/airflow/.local/lib/python3.7/site-packages/airflow/example_dags/example_sla_dag.py
[2025-01-05T21:34:43.983+0000] {logging_mixin.py:137} INFO - [2025-01-05T21:34:43.983+0000] {dag.py:2690} INFO - Sync 1 DAGs
[2025-01-05T21:34:44.012+0000] {logging_mixin.py:137} INFO - [2025-01-05T21:34:44.012+0000] {dag.py:3441} INFO - Setting next_dagrun for example_sla_dag to 2025-01-05T21:32:00+00:00, run_after=2025-01-05T21:34:00+00:00
[2025-01-05T21:34:44.033+0000] {processor.py:175} INFO - Processing /home/airflow/.local/lib/python3.7/site-packages/airflow/example_dags/example_sla_dag.py took 0.103 seconds
[2025-01-05T21:35:14.208+0000] {processor.py:153} INFO - Started process (PID=3096) to work on /home/airflow/.local/lib/python3.7/site-packages/airflow/example_dags/example_sla_dag.py
[2025-01-05T21:35:14.209+0000] {processor.py:743} INFO - Processing file /home/airflow/.local/lib/python3.7/site-packages/airflow/example_dags/example_sla_dag.py for tasks to queue
[2025-01-05T21:35:14.209+0000] {logging_mixin.py:137} INFO - [2025-01-05T21:35:14.209+0000] {dagbag.py:538} INFO - Filling up the DagBag from /home/airflow/.local/lib/python3.7/site-packages/airflow/example_dags/example_sla_dag.py
[2025-01-05T21:35:14.238+0000] {processor.py:753} INFO - DAG(s) dict_keys(['example_sla_dag']) retrieved from /home/airflow/.local/lib/python3.7/site-packages/airflow/example_dags/example_sla_dag.py
[2025-01-05T21:35:14.274+0000] {logging_mixin.py:137} INFO - [2025-01-05T21:35:14.274+0000] {dag.py:2690} INFO - Sync 1 DAGs
[2025-01-05T21:35:14.310+0000] {logging_mixin.py:137} INFO - [2025-01-05T21:35:14.310+0000] {dag.py:3441} INFO - Setting next_dagrun for example_sla_dag to 2025-01-05T21:32:00+00:00, run_after=2025-01-05T21:34:00+00:00
[2025-01-05T21:35:14.334+0000] {processor.py:175} INFO - Processing /home/airflow/.local/lib/python3.7/site-packages/airflow/example_dags/example_sla_dag.py took 0.130 seconds
[2025-01-05T21:35:44.826+0000] {processor.py:153} INFO - Started process (PID=3196) to work on /home/airflow/.local/lib/python3.7/site-packages/airflow/example_dags/example_sla_dag.py
[2025-01-05T21:35:44.827+0000] {processor.py:743} INFO - Processing file /home/airflow/.local/lib/python3.7/site-packages/airflow/example_dags/example_sla_dag.py for tasks to queue
[2025-01-05T21:35:44.829+0000] {logging_mixin.py:137} INFO - [2025-01-05T21:35:44.828+0000] {dagbag.py:538} INFO - Filling up the DagBag from /home/airflow/.local/lib/python3.7/site-packages/airflow/example_dags/example_sla_dag.py
[2025-01-05T21:35:44.886+0000] {processor.py:753} INFO - DAG(s) dict_keys(['example_sla_dag']) retrieved from /home/airflow/.local/lib/python3.7/site-packages/airflow/example_dags/example_sla_dag.py
[2025-01-05T21:35:44.935+0000] {logging_mixin.py:137} INFO - [2025-01-05T21:35:44.934+0000] {dag.py:2690} INFO - Sync 1 DAGs
[2025-01-05T21:35:44.991+0000] {logging_mixin.py:137} INFO - [2025-01-05T21:35:44.991+0000] {dag.py:3441} INFO - Setting next_dagrun for example_sla_dag to 2025-01-05T21:32:00+00:00, run_after=2025-01-05T21:34:00+00:00
[2025-01-05T21:35:45.024+0000] {processor.py:175} INFO - Processing /home/airflow/.local/lib/python3.7/site-packages/airflow/example_dags/example_sla_dag.py took 0.203 seconds
[2025-01-05T21:36:15.052+0000] {processor.py:153} INFO - Started process (PID=3277) to work on /home/airflow/.local/lib/python3.7/site-packages/airflow/example_dags/example_sla_dag.py
[2025-01-05T21:36:15.053+0000] {processor.py:743} INFO - Processing file /home/airflow/.local/lib/python3.7/site-packages/airflow/example_dags/example_sla_dag.py for tasks to queue
[2025-01-05T21:36:15.054+0000] {logging_mixin.py:137} INFO - [2025-01-05T21:36:15.054+0000] {dagbag.py:538} INFO - Filling up the DagBag from /home/airflow/.local/lib/python3.7/site-packages/airflow/example_dags/example_sla_dag.py
[2025-01-05T21:36:15.078+0000] {processor.py:753} INFO - DAG(s) dict_keys(['example_sla_dag']) retrieved from /home/airflow/.local/lib/python3.7/site-packages/airflow/example_dags/example_sla_dag.py
[2025-01-05T21:36:15.103+0000] {logging_mixin.py:137} INFO - [2025-01-05T21:36:15.103+0000] {dag.py:2690} INFO - Sync 1 DAGs
[2025-01-05T21:36:15.134+0000] {logging_mixin.py:137} INFO - [2025-01-05T21:36:15.133+0000] {dag.py:3441} INFO - Setting next_dagrun for example_sla_dag to 2025-01-05T21:34:00+00:00, run_after=2025-01-05T21:36:00+00:00
[2025-01-05T21:36:15.154+0000] {processor.py:175} INFO - Processing /home/airflow/.local/lib/python3.7/site-packages/airflow/example_dags/example_sla_dag.py took 0.104 seconds
[2025-01-05T21:36:46.155+0000] {processor.py:153} INFO - Started process (PID=3357) to work on /home/airflow/.local/lib/python3.7/site-packages/airflow/example_dags/example_sla_dag.py
[2025-01-05T21:36:46.156+0000] {processor.py:743} INFO - Processing file /home/airflow/.local/lib/python3.7/site-packages/airflow/example_dags/example_sla_dag.py for tasks to queue
[2025-01-05T21:36:46.158+0000] {logging_mixin.py:137} INFO - [2025-01-05T21:36:46.157+0000] {dagbag.py:538} INFO - Filling up the DagBag from /home/airflow/.local/lib/python3.7/site-packages/airflow/example_dags/example_sla_dag.py
[2025-01-05T21:36:46.187+0000] {processor.py:753} INFO - DAG(s) dict_keys(['example_sla_dag']) retrieved from /home/airflow/.local/lib/python3.7/site-packages/airflow/example_dags/example_sla_dag.py
[2025-01-05T21:36:46.217+0000] {logging_mixin.py:137} INFO - [2025-01-05T21:36:46.217+0000] {dag.py:2690} INFO - Sync 1 DAGs
[2025-01-05T21:36:46.257+0000] {logging_mixin.py:137} INFO - [2025-01-05T21:36:46.257+0000] {dag.py:3441} INFO - Setting next_dagrun for example_sla_dag to 2025-01-05T21:34:00+00:00, run_after=2025-01-05T21:36:00+00:00
[2025-01-05T21:36:46.286+0000] {processor.py:175} INFO - Processing /home/airflow/.local/lib/python3.7/site-packages/airflow/example_dags/example_sla_dag.py took 0.135 seconds
[2025-01-05T21:37:16.989+0000] {processor.py:153} INFO - Started process (PID=3458) to work on /home/airflow/.local/lib/python3.7/site-packages/airflow/example_dags/example_sla_dag.py
[2025-01-05T21:37:16.991+0000] {processor.py:743} INFO - Processing file /home/airflow/.local/lib/python3.7/site-packages/airflow/example_dags/example_sla_dag.py for tasks to queue
[2025-01-05T21:37:16.992+0000] {logging_mixin.py:137} INFO - [2025-01-05T21:37:16.992+0000] {dagbag.py:538} INFO - Filling up the DagBag from /home/airflow/.local/lib/python3.7/site-packages/airflow/example_dags/example_sla_dag.py
[2025-01-05T21:37:17.030+0000] {processor.py:753} INFO - DAG(s) dict_keys(['example_sla_dag']) retrieved from /home/airflow/.local/lib/python3.7/site-packages/airflow/example_dags/example_sla_dag.py
[2025-01-05T21:37:17.066+0000] {logging_mixin.py:137} INFO - [2025-01-05T21:37:17.066+0000] {dag.py:2690} INFO - Sync 1 DAGs
[2025-01-05T21:37:17.115+0000] {logging_mixin.py:137} INFO - [2025-01-05T21:37:17.115+0000] {dag.py:3441} INFO - Setting next_dagrun for example_sla_dag to 2025-01-05T21:34:00+00:00, run_after=2025-01-05T21:36:00+00:00
[2025-01-05T21:37:17.143+0000] {processor.py:175} INFO - Processing /home/airflow/.local/lib/python3.7/site-packages/airflow/example_dags/example_sla_dag.py took 0.161 seconds
[2025-01-05T21:37:47.351+0000] {processor.py:153} INFO - Started process (PID=3537) to work on /home/airflow/.local/lib/python3.7/site-packages/airflow/example_dags/example_sla_dag.py
[2025-01-05T21:37:47.353+0000] {processor.py:743} INFO - Processing file /home/airflow/.local/lib/python3.7/site-packages/airflow/example_dags/example_sla_dag.py for tasks to queue
[2025-01-05T21:37:47.354+0000] {logging_mixin.py:137} INFO - [2025-01-05T21:37:47.354+0000] {dagbag.py:538} INFO - Filling up the DagBag from /home/airflow/.local/lib/python3.7/site-packages/airflow/example_dags/example_sla_dag.py
[2025-01-05T21:37:47.394+0000] {processor.py:753} INFO - DAG(s) dict_keys(['example_sla_dag']) retrieved from /home/airflow/.local/lib/python3.7/site-packages/airflow/example_dags/example_sla_dag.py
[2025-01-05T21:37:47.425+0000] {logging_mixin.py:137} INFO - [2025-01-05T21:37:47.424+0000] {dag.py:2690} INFO - Sync 1 DAGs
[2025-01-05T21:37:47.461+0000] {logging_mixin.py:137} INFO - [2025-01-05T21:37:47.461+0000] {dag.py:3441} INFO - Setting next_dagrun for example_sla_dag to 2025-01-05T21:34:00+00:00, run_after=2025-01-05T21:36:00+00:00
[2025-01-05T21:37:47.483+0000] {processor.py:175} INFO - Processing /home/airflow/.local/lib/python3.7/site-packages/airflow/example_dags/example_sla_dag.py took 0.136 seconds
