[2025-01-05T21:14:08.220+0000] {processor.py:153} INFO - Started process (PID=190) to work on /home/airflow/.local/lib/python3.7/site-packages/airflow/example_dags/example_xcom.py
[2025-01-05T21:14:08.222+0000] {processor.py:743} INFO - Processing file /home/airflow/.local/lib/python3.7/site-packages/airflow/example_dags/example_xcom.py for tasks to queue
[2025-01-05T21:14:08.223+0000] {logging_mixin.py:137} INFO - [2025-01-05T21:14:08.223+0000] {dagbag.py:538} INFO - Filling up the DagBag from /home/airflow/.local/lib/python3.7/site-packages/airflow/example_dags/example_xcom.py
[2025-01-05T21:14:08.259+0000] {processor.py:753} INFO - DAG(s) dict_keys(['example_xcom']) retrieved from /home/airflow/.local/lib/python3.7/site-packages/airflow/example_dags/example_xcom.py
[2025-01-05T21:14:08.299+0000] {logging_mixin.py:137} INFO - [2025-01-05T21:14:08.299+0000] {dag.py:2690} INFO - Sync 1 DAGs
[2025-01-05T21:14:08.344+0000] {logging_mixin.py:137} INFO - [2025-01-05T21:14:08.344+0000] {dag.py:3441} INFO - Setting next_dagrun for example_xcom to 2021-01-01T00:00:00+00:00, run_after=2021-01-01T00:00:00+00:00
[2025-01-05T21:14:08.380+0000] {processor.py:175} INFO - Processing /home/airflow/.local/lib/python3.7/site-packages/airflow/example_dags/example_xcom.py took 0.164 seconds
[2025-01-05T21:14:38.605+0000] {processor.py:153} INFO - Started process (PID=278) to work on /home/airflow/.local/lib/python3.7/site-packages/airflow/example_dags/example_xcom.py
[2025-01-05T21:14:38.606+0000] {processor.py:743} INFO - Processing file /home/airflow/.local/lib/python3.7/site-packages/airflow/example_dags/example_xcom.py for tasks to queue
[2025-01-05T21:14:38.607+0000] {logging_mixin.py:137} INFO - [2025-01-05T21:14:38.607+0000] {dagbag.py:538} INFO - Filling up the DagBag from /home/airflow/.local/lib/python3.7/site-packages/airflow/example_dags/example_xcom.py
[2025-01-05T21:14:38.648+0000] {processor.py:753} INFO - DAG(s) dict_keys(['example_xcom']) retrieved from /home/airflow/.local/lib/python3.7/site-packages/airflow/example_dags/example_xcom.py
[2025-01-05T21:14:38.688+0000] {logging_mixin.py:137} INFO - [2025-01-05T21:14:38.687+0000] {dag.py:2690} INFO - Sync 1 DAGs
[2025-01-05T21:14:38.752+0000] {logging_mixin.py:137} INFO - [2025-01-05T21:14:38.751+0000] {dag.py:3441} INFO - Setting next_dagrun for example_xcom to 2021-01-01T00:00:00+00:00, run_after=2021-01-01T00:00:00+00:00
[2025-01-05T21:14:38.801+0000] {processor.py:175} INFO - Processing /home/airflow/.local/lib/python3.7/site-packages/airflow/example_dags/example_xcom.py took 0.203 seconds
[2025-01-05T21:15:09.053+0000] {processor.py:153} INFO - Started process (PID=369) to work on /home/airflow/.local/lib/python3.7/site-packages/airflow/example_dags/example_xcom.py
[2025-01-05T21:15:09.054+0000] {processor.py:743} INFO - Processing file /home/airflow/.local/lib/python3.7/site-packages/airflow/example_dags/example_xcom.py for tasks to queue
[2025-01-05T21:15:09.055+0000] {logging_mixin.py:137} INFO - [2025-01-05T21:15:09.055+0000] {dagbag.py:538} INFO - Filling up the DagBag from /home/airflow/.local/lib/python3.7/site-packages/airflow/example_dags/example_xcom.py
[2025-01-05T21:15:09.093+0000] {processor.py:753} INFO - DAG(s) dict_keys(['example_xcom']) retrieved from /home/airflow/.local/lib/python3.7/site-packages/airflow/example_dags/example_xcom.py
[2025-01-05T21:15:09.139+0000] {logging_mixin.py:137} INFO - [2025-01-05T21:15:09.139+0000] {dag.py:2690} INFO - Sync 1 DAGs
[2025-01-05T21:15:09.180+0000] {logging_mixin.py:137} INFO - [2025-01-05T21:15:09.179+0000] {dag.py:3441} INFO - Setting next_dagrun for example_xcom to 2021-01-01T00:00:00+00:00, run_after=2021-01-01T00:00:00+00:00
[2025-01-05T21:15:09.220+0000] {processor.py:175} INFO - Processing /home/airflow/.local/lib/python3.7/site-packages/airflow/example_dags/example_xcom.py took 0.171 seconds
[2025-01-05T21:15:41.365+0000] {processor.py:153} INFO - Started process (PID=448) to work on /home/airflow/.local/lib/python3.7/site-packages/airflow/example_dags/example_xcom.py
[2025-01-05T21:15:41.371+0000] {processor.py:743} INFO - Processing file /home/airflow/.local/lib/python3.7/site-packages/airflow/example_dags/example_xcom.py for tasks to queue
[2025-01-05T21:15:41.373+0000] {logging_mixin.py:137} INFO - [2025-01-05T21:15:41.373+0000] {dagbag.py:538} INFO - Filling up the DagBag from /home/airflow/.local/lib/python3.7/site-packages/airflow/example_dags/example_xcom.py
[2025-01-05T21:15:41.443+0000] {processor.py:753} INFO - DAG(s) dict_keys(['example_xcom']) retrieved from /home/airflow/.local/lib/python3.7/site-packages/airflow/example_dags/example_xcom.py
[2025-01-05T21:15:41.506+0000] {logging_mixin.py:137} INFO - [2025-01-05T21:15:41.505+0000] {dag.py:2690} INFO - Sync 1 DAGs
[2025-01-05T21:15:41.553+0000] {logging_mixin.py:137} INFO - [2025-01-05T21:15:41.552+0000] {dag.py:3441} INFO - Setting next_dagrun for example_xcom to 2021-01-01T00:00:00+00:00, run_after=2021-01-01T00:00:00+00:00
[2025-01-05T21:15:41.589+0000] {processor.py:175} INFO - Processing /home/airflow/.local/lib/python3.7/site-packages/airflow/example_dags/example_xcom.py took 0.232 seconds
[2025-01-05T21:16:11.802+0000] {processor.py:153} INFO - Started process (PID=527) to work on /home/airflow/.local/lib/python3.7/site-packages/airflow/example_dags/example_xcom.py
[2025-01-05T21:16:11.804+0000] {processor.py:743} INFO - Processing file /home/airflow/.local/lib/python3.7/site-packages/airflow/example_dags/example_xcom.py for tasks to queue
[2025-01-05T21:16:11.806+0000] {logging_mixin.py:137} INFO - [2025-01-05T21:16:11.805+0000] {dagbag.py:538} INFO - Filling up the DagBag from /home/airflow/.local/lib/python3.7/site-packages/airflow/example_dags/example_xcom.py
[2025-01-05T21:16:11.877+0000] {processor.py:753} INFO - DAG(s) dict_keys(['example_xcom']) retrieved from /home/airflow/.local/lib/python3.7/site-packages/airflow/example_dags/example_xcom.py
[2025-01-05T21:16:11.938+0000] {logging_mixin.py:137} INFO - [2025-01-05T21:16:11.937+0000] {dag.py:2690} INFO - Sync 1 DAGs
[2025-01-05T21:16:11.990+0000] {logging_mixin.py:137} INFO - [2025-01-05T21:16:11.989+0000] {dag.py:3441} INFO - Setting next_dagrun for example_xcom to 2021-01-01T00:00:00+00:00, run_after=2021-01-01T00:00:00+00:00
[2025-01-05T21:16:12.032+0000] {processor.py:175} INFO - Processing /home/airflow/.local/lib/python3.7/site-packages/airflow/example_dags/example_xcom.py took 0.242 seconds
[2025-01-05T21:17:53.110+0000] {processor.py:153} INFO - Started process (PID=87) to work on /home/airflow/.local/lib/python3.7/site-packages/airflow/example_dags/example_xcom.py
[2025-01-05T21:17:53.111+0000] {processor.py:743} INFO - Processing file /home/airflow/.local/lib/python3.7/site-packages/airflow/example_dags/example_xcom.py for tasks to queue
[2025-01-05T21:17:53.112+0000] {logging_mixin.py:137} INFO - [2025-01-05T21:17:53.112+0000] {dagbag.py:538} INFO - Filling up the DagBag from /home/airflow/.local/lib/python3.7/site-packages/airflow/example_dags/example_xcom.py
[2025-01-05T21:17:53.153+0000] {processor.py:753} INFO - DAG(s) dict_keys(['example_xcom']) retrieved from /home/airflow/.local/lib/python3.7/site-packages/airflow/example_dags/example_xcom.py
[2025-01-05T21:17:53.186+0000] {logging_mixin.py:137} INFO - [2025-01-05T21:17:53.186+0000] {dag.py:2690} INFO - Sync 1 DAGs
[2025-01-05T21:17:53.225+0000] {logging_mixin.py:137} INFO - [2025-01-05T21:17:53.225+0000] {dag.py:3441} INFO - Setting next_dagrun for example_xcom to 2021-01-01T00:00:00+00:00, run_after=2021-01-01T00:00:00+00:00
[2025-01-05T21:17:53.254+0000] {processor.py:175} INFO - Processing /home/airflow/.local/lib/python3.7/site-packages/airflow/example_dags/example_xcom.py took 0.148 seconds
[2025-01-05T21:18:23.421+0000] {processor.py:153} INFO - Started process (PID=167) to work on /home/airflow/.local/lib/python3.7/site-packages/airflow/example_dags/example_xcom.py
[2025-01-05T21:18:23.422+0000] {processor.py:743} INFO - Processing file /home/airflow/.local/lib/python3.7/site-packages/airflow/example_dags/example_xcom.py for tasks to queue
[2025-01-05T21:18:23.424+0000] {logging_mixin.py:137} INFO - [2025-01-05T21:18:23.423+0000] {dagbag.py:538} INFO - Filling up the DagBag from /home/airflow/.local/lib/python3.7/site-packages/airflow/example_dags/example_xcom.py
[2025-01-05T21:18:23.468+0000] {processor.py:753} INFO - DAG(s) dict_keys(['example_xcom']) retrieved from /home/airflow/.local/lib/python3.7/site-packages/airflow/example_dags/example_xcom.py
[2025-01-05T21:18:23.502+0000] {logging_mixin.py:137} INFO - [2025-01-05T21:18:23.502+0000] {dag.py:2690} INFO - Sync 1 DAGs
[2025-01-05T21:18:23.541+0000] {logging_mixin.py:137} INFO - [2025-01-05T21:18:23.541+0000] {dag.py:3441} INFO - Setting next_dagrun for example_xcom to 2021-01-01T00:00:00+00:00, run_after=2021-01-01T00:00:00+00:00
[2025-01-05T21:18:23.581+0000] {processor.py:175} INFO - Processing /home/airflow/.local/lib/python3.7/site-packages/airflow/example_dags/example_xcom.py took 0.167 seconds
[2025-01-05T21:18:53.731+0000] {processor.py:153} INFO - Started process (PID=268) to work on /home/airflow/.local/lib/python3.7/site-packages/airflow/example_dags/example_xcom.py
[2025-01-05T21:18:53.732+0000] {processor.py:743} INFO - Processing file /home/airflow/.local/lib/python3.7/site-packages/airflow/example_dags/example_xcom.py for tasks to queue
[2025-01-05T21:18:53.733+0000] {logging_mixin.py:137} INFO - [2025-01-05T21:18:53.733+0000] {dagbag.py:538} INFO - Filling up the DagBag from /home/airflow/.local/lib/python3.7/site-packages/airflow/example_dags/example_xcom.py
[2025-01-05T21:18:53.754+0000] {processor.py:753} INFO - DAG(s) dict_keys(['example_xcom']) retrieved from /home/airflow/.local/lib/python3.7/site-packages/airflow/example_dags/example_xcom.py
[2025-01-05T21:18:53.780+0000] {logging_mixin.py:137} INFO - [2025-01-05T21:18:53.780+0000] {dag.py:2690} INFO - Sync 1 DAGs
[2025-01-05T21:18:53.802+0000] {logging_mixin.py:137} INFO - [2025-01-05T21:18:53.802+0000] {dag.py:3441} INFO - Setting next_dagrun for example_xcom to 2021-01-01T00:00:00+00:00, run_after=2021-01-01T00:00:00+00:00
[2025-01-05T21:18:53.819+0000] {processor.py:175} INFO - Processing /home/airflow/.local/lib/python3.7/site-packages/airflow/example_dags/example_xcom.py took 0.091 seconds
[2025-01-05T21:19:23.886+0000] {processor.py:153} INFO - Started process (PID=348) to work on /home/airflow/.local/lib/python3.7/site-packages/airflow/example_dags/example_xcom.py
[2025-01-05T21:19:23.887+0000] {processor.py:743} INFO - Processing file /home/airflow/.local/lib/python3.7/site-packages/airflow/example_dags/example_xcom.py for tasks to queue
[2025-01-05T21:19:23.888+0000] {logging_mixin.py:137} INFO - [2025-01-05T21:19:23.888+0000] {dagbag.py:538} INFO - Filling up the DagBag from /home/airflow/.local/lib/python3.7/site-packages/airflow/example_dags/example_xcom.py
[2025-01-05T21:19:23.909+0000] {processor.py:753} INFO - DAG(s) dict_keys(['example_xcom']) retrieved from /home/airflow/.local/lib/python3.7/site-packages/airflow/example_dags/example_xcom.py
[2025-01-05T21:19:23.933+0000] {logging_mixin.py:137} INFO - [2025-01-05T21:19:23.933+0000] {dag.py:2690} INFO - Sync 1 DAGs
[2025-01-05T21:19:23.955+0000] {logging_mixin.py:137} INFO - [2025-01-05T21:19:23.955+0000] {dag.py:3441} INFO - Setting next_dagrun for example_xcom to 2021-01-01T00:00:00+00:00, run_after=2021-01-01T00:00:00+00:00
[2025-01-05T21:19:23.973+0000] {processor.py:175} INFO - Processing /home/airflow/.local/lib/python3.7/site-packages/airflow/example_dags/example_xcom.py took 0.090 seconds
[2025-01-05T21:19:54.855+0000] {processor.py:153} INFO - Started process (PID=449) to work on /home/airflow/.local/lib/python3.7/site-packages/airflow/example_dags/example_xcom.py
[2025-01-05T21:19:54.856+0000] {processor.py:743} INFO - Processing file /home/airflow/.local/lib/python3.7/site-packages/airflow/example_dags/example_xcom.py for tasks to queue
[2025-01-05T21:19:54.857+0000] {logging_mixin.py:137} INFO - [2025-01-05T21:19:54.857+0000] {dagbag.py:538} INFO - Filling up the DagBag from /home/airflow/.local/lib/python3.7/site-packages/airflow/example_dags/example_xcom.py
[2025-01-05T21:19:54.887+0000] {processor.py:753} INFO - DAG(s) dict_keys(['example_xcom']) retrieved from /home/airflow/.local/lib/python3.7/site-packages/airflow/example_dags/example_xcom.py
[2025-01-05T21:19:54.914+0000] {logging_mixin.py:137} INFO - [2025-01-05T21:19:54.914+0000] {dag.py:2690} INFO - Sync 1 DAGs
[2025-01-05T21:19:54.946+0000] {logging_mixin.py:137} INFO - [2025-01-05T21:19:54.945+0000] {dag.py:3441} INFO - Setting next_dagrun for example_xcom to 2021-01-01T00:00:00+00:00, run_after=2021-01-01T00:00:00+00:00
[2025-01-05T21:19:54.965+0000] {processor.py:175} INFO - Processing /home/airflow/.local/lib/python3.7/site-packages/airflow/example_dags/example_xcom.py took 0.113 seconds
[2025-01-05T21:20:25.545+0000] {processor.py:153} INFO - Started process (PID=529) to work on /home/airflow/.local/lib/python3.7/site-packages/airflow/example_dags/example_xcom.py
[2025-01-05T21:20:25.546+0000] {processor.py:743} INFO - Processing file /home/airflow/.local/lib/python3.7/site-packages/airflow/example_dags/example_xcom.py for tasks to queue
[2025-01-05T21:20:25.547+0000] {logging_mixin.py:137} INFO - [2025-01-05T21:20:25.547+0000] {dagbag.py:538} INFO - Filling up the DagBag from /home/airflow/.local/lib/python3.7/site-packages/airflow/example_dags/example_xcom.py
[2025-01-05T21:20:25.570+0000] {processor.py:753} INFO - DAG(s) dict_keys(['example_xcom']) retrieved from /home/airflow/.local/lib/python3.7/site-packages/airflow/example_dags/example_xcom.py
[2025-01-05T21:20:25.596+0000] {logging_mixin.py:137} INFO - [2025-01-05T21:20:25.596+0000] {dag.py:2690} INFO - Sync 1 DAGs
[2025-01-05T21:20:25.622+0000] {logging_mixin.py:137} INFO - [2025-01-05T21:20:25.622+0000] {dag.py:3441} INFO - Setting next_dagrun for example_xcom to 2021-01-01T00:00:00+00:00, run_after=2021-01-01T00:00:00+00:00
[2025-01-05T21:20:25.640+0000] {processor.py:175} INFO - Processing /home/airflow/.local/lib/python3.7/site-packages/airflow/example_dags/example_xcom.py took 0.099 seconds
[2025-01-05T21:20:56.509+0000] {processor.py:153} INFO - Started process (PID=629) to work on /home/airflow/.local/lib/python3.7/site-packages/airflow/example_dags/example_xcom.py
[2025-01-05T21:20:56.510+0000] {processor.py:743} INFO - Processing file /home/airflow/.local/lib/python3.7/site-packages/airflow/example_dags/example_xcom.py for tasks to queue
[2025-01-05T21:20:56.511+0000] {logging_mixin.py:137} INFO - [2025-01-05T21:20:56.511+0000] {dagbag.py:538} INFO - Filling up the DagBag from /home/airflow/.local/lib/python3.7/site-packages/airflow/example_dags/example_xcom.py
[2025-01-05T21:20:56.533+0000] {processor.py:753} INFO - DAG(s) dict_keys(['example_xcom']) retrieved from /home/airflow/.local/lib/python3.7/site-packages/airflow/example_dags/example_xcom.py
[2025-01-05T21:20:56.559+0000] {logging_mixin.py:137} INFO - [2025-01-05T21:20:56.559+0000] {dag.py:2690} INFO - Sync 1 DAGs
[2025-01-05T21:20:56.587+0000] {logging_mixin.py:137} INFO - [2025-01-05T21:20:56.586+0000] {dag.py:3441} INFO - Setting next_dagrun for example_xcom to 2021-01-01T00:00:00+00:00, run_after=2021-01-01T00:00:00+00:00
[2025-01-05T21:20:56.610+0000] {processor.py:175} INFO - Processing /home/airflow/.local/lib/python3.7/site-packages/airflow/example_dags/example_xcom.py took 0.104 seconds
[2025-01-05T21:21:26.676+0000] {processor.py:153} INFO - Started process (PID=709) to work on /home/airflow/.local/lib/python3.7/site-packages/airflow/example_dags/example_xcom.py
[2025-01-05T21:21:26.677+0000] {processor.py:743} INFO - Processing file /home/airflow/.local/lib/python3.7/site-packages/airflow/example_dags/example_xcom.py for tasks to queue
[2025-01-05T21:21:26.679+0000] {logging_mixin.py:137} INFO - [2025-01-05T21:21:26.678+0000] {dagbag.py:538} INFO - Filling up the DagBag from /home/airflow/.local/lib/python3.7/site-packages/airflow/example_dags/example_xcom.py
[2025-01-05T21:21:26.702+0000] {processor.py:753} INFO - DAG(s) dict_keys(['example_xcom']) retrieved from /home/airflow/.local/lib/python3.7/site-packages/airflow/example_dags/example_xcom.py
[2025-01-05T21:21:26.729+0000] {logging_mixin.py:137} INFO - [2025-01-05T21:21:26.729+0000] {dag.py:2690} INFO - Sync 1 DAGs
[2025-01-05T21:21:26.754+0000] {logging_mixin.py:137} INFO - [2025-01-05T21:21:26.754+0000] {dag.py:3441} INFO - Setting next_dagrun for example_xcom to 2021-01-01T00:00:00+00:00, run_after=2021-01-01T00:00:00+00:00
[2025-01-05T21:21:26.773+0000] {processor.py:175} INFO - Processing /home/airflow/.local/lib/python3.7/site-packages/airflow/example_dags/example_xcom.py took 0.100 seconds
[2025-01-05T21:21:57.055+0000] {processor.py:153} INFO - Started process (PID=798) to work on /home/airflow/.local/lib/python3.7/site-packages/airflow/example_dags/example_xcom.py
[2025-01-05T21:21:57.056+0000] {processor.py:743} INFO - Processing file /home/airflow/.local/lib/python3.7/site-packages/airflow/example_dags/example_xcom.py for tasks to queue
[2025-01-05T21:21:57.057+0000] {logging_mixin.py:137} INFO - [2025-01-05T21:21:57.057+0000] {dagbag.py:538} INFO - Filling up the DagBag from /home/airflow/.local/lib/python3.7/site-packages/airflow/example_dags/example_xcom.py
[2025-01-05T21:21:57.084+0000] {processor.py:753} INFO - DAG(s) dict_keys(['example_xcom']) retrieved from /home/airflow/.local/lib/python3.7/site-packages/airflow/example_dags/example_xcom.py
[2025-01-05T21:21:57.115+0000] {logging_mixin.py:137} INFO - [2025-01-05T21:21:57.115+0000] {dag.py:2690} INFO - Sync 1 DAGs
[2025-01-05T21:21:57.144+0000] {logging_mixin.py:137} INFO - [2025-01-05T21:21:57.144+0000] {dag.py:3441} INFO - Setting next_dagrun for example_xcom to 2021-01-01T00:00:00+00:00, run_after=2021-01-01T00:00:00+00:00
[2025-01-05T21:21:57.168+0000] {processor.py:175} INFO - Processing /home/airflow/.local/lib/python3.7/site-packages/airflow/example_dags/example_xcom.py took 0.117 seconds
[2025-01-05T21:22:27.216+0000] {processor.py:153} INFO - Started process (PID=889) to work on /home/airflow/.local/lib/python3.7/site-packages/airflow/example_dags/example_xcom.py
[2025-01-05T21:22:27.217+0000] {processor.py:743} INFO - Processing file /home/airflow/.local/lib/python3.7/site-packages/airflow/example_dags/example_xcom.py for tasks to queue
[2025-01-05T21:22:27.218+0000] {logging_mixin.py:137} INFO - [2025-01-05T21:22:27.218+0000] {dagbag.py:538} INFO - Filling up the DagBag from /home/airflow/.local/lib/python3.7/site-packages/airflow/example_dags/example_xcom.py
[2025-01-05T21:22:27.240+0000] {processor.py:753} INFO - DAG(s) dict_keys(['example_xcom']) retrieved from /home/airflow/.local/lib/python3.7/site-packages/airflow/example_dags/example_xcom.py
[2025-01-05T21:22:27.265+0000] {logging_mixin.py:137} INFO - [2025-01-05T21:22:27.265+0000] {dag.py:2690} INFO - Sync 1 DAGs
[2025-01-05T21:22:27.290+0000] {logging_mixin.py:137} INFO - [2025-01-05T21:22:27.290+0000] {dag.py:3441} INFO - Setting next_dagrun for example_xcom to 2021-01-01T00:00:00+00:00, run_after=2021-01-01T00:00:00+00:00
[2025-01-05T21:22:27.307+0000] {processor.py:175} INFO - Processing /home/airflow/.local/lib/python3.7/site-packages/airflow/example_dags/example_xcom.py took 0.094 seconds
[2025-01-05T21:22:57.454+0000] {processor.py:153} INFO - Started process (PID=970) to work on /home/airflow/.local/lib/python3.7/site-packages/airflow/example_dags/example_xcom.py
[2025-01-05T21:22:57.456+0000] {processor.py:743} INFO - Processing file /home/airflow/.local/lib/python3.7/site-packages/airflow/example_dags/example_xcom.py for tasks to queue
[2025-01-05T21:22:57.457+0000] {logging_mixin.py:137} INFO - [2025-01-05T21:22:57.456+0000] {dagbag.py:538} INFO - Filling up the DagBag from /home/airflow/.local/lib/python3.7/site-packages/airflow/example_dags/example_xcom.py
[2025-01-05T21:22:57.478+0000] {processor.py:753} INFO - DAG(s) dict_keys(['example_xcom']) retrieved from /home/airflow/.local/lib/python3.7/site-packages/airflow/example_dags/example_xcom.py
[2025-01-05T21:22:57.505+0000] {logging_mixin.py:137} INFO - [2025-01-05T21:22:57.505+0000] {dag.py:2690} INFO - Sync 1 DAGs
[2025-01-05T21:22:57.534+0000] {logging_mixin.py:137} INFO - [2025-01-05T21:22:57.534+0000] {dag.py:3441} INFO - Setting next_dagrun for example_xcom to 2021-01-01T00:00:00+00:00, run_after=2021-01-01T00:00:00+00:00
[2025-01-05T21:22:57.554+0000] {processor.py:175} INFO - Processing /home/airflow/.local/lib/python3.7/site-packages/airflow/example_dags/example_xcom.py took 0.102 seconds
[2025-01-05T21:23:28.220+0000] {processor.py:153} INFO - Started process (PID=1070) to work on /home/airflow/.local/lib/python3.7/site-packages/airflow/example_dags/example_xcom.py
[2025-01-05T21:23:28.222+0000] {processor.py:743} INFO - Processing file /home/airflow/.local/lib/python3.7/site-packages/airflow/example_dags/example_xcom.py for tasks to queue
[2025-01-05T21:23:28.223+0000] {logging_mixin.py:137} INFO - [2025-01-05T21:23:28.222+0000] {dagbag.py:538} INFO - Filling up the DagBag from /home/airflow/.local/lib/python3.7/site-packages/airflow/example_dags/example_xcom.py
[2025-01-05T21:23:28.246+0000] {processor.py:753} INFO - DAG(s) dict_keys(['example_xcom']) retrieved from /home/airflow/.local/lib/python3.7/site-packages/airflow/example_dags/example_xcom.py
[2025-01-05T21:23:28.272+0000] {logging_mixin.py:137} INFO - [2025-01-05T21:23:28.271+0000] {dag.py:2690} INFO - Sync 1 DAGs
[2025-01-05T21:23:28.299+0000] {logging_mixin.py:137} INFO - [2025-01-05T21:23:28.298+0000] {dag.py:3441} INFO - Setting next_dagrun for example_xcom to 2021-01-01T00:00:00+00:00, run_after=2021-01-01T00:00:00+00:00
[2025-01-05T21:23:28.320+0000] {processor.py:175} INFO - Processing /home/airflow/.local/lib/python3.7/site-packages/airflow/example_dags/example_xcom.py took 0.103 seconds
[2025-01-05T21:23:58.822+0000] {processor.py:153} INFO - Started process (PID=1150) to work on /home/airflow/.local/lib/python3.7/site-packages/airflow/example_dags/example_xcom.py
[2025-01-05T21:23:58.823+0000] {processor.py:743} INFO - Processing file /home/airflow/.local/lib/python3.7/site-packages/airflow/example_dags/example_xcom.py for tasks to queue
[2025-01-05T21:23:58.824+0000] {logging_mixin.py:137} INFO - [2025-01-05T21:23:58.824+0000] {dagbag.py:538} INFO - Filling up the DagBag from /home/airflow/.local/lib/python3.7/site-packages/airflow/example_dags/example_xcom.py
[2025-01-05T21:23:58.847+0000] {processor.py:753} INFO - DAG(s) dict_keys(['example_xcom']) retrieved from /home/airflow/.local/lib/python3.7/site-packages/airflow/example_dags/example_xcom.py
[2025-01-05T21:23:58.874+0000] {logging_mixin.py:137} INFO - [2025-01-05T21:23:58.874+0000] {dag.py:2690} INFO - Sync 1 DAGs
[2025-01-05T21:23:58.903+0000] {logging_mixin.py:137} INFO - [2025-01-05T21:23:58.903+0000] {dag.py:3441} INFO - Setting next_dagrun for example_xcom to 2021-01-01T00:00:00+00:00, run_after=2021-01-01T00:00:00+00:00
[2025-01-05T21:23:58.923+0000] {processor.py:175} INFO - Processing /home/airflow/.local/lib/python3.7/site-packages/airflow/example_dags/example_xcom.py took 0.105 seconds
[2025-01-05T21:24:29.606+0000] {processor.py:153} INFO - Started process (PID=1250) to work on /home/airflow/.local/lib/python3.7/site-packages/airflow/example_dags/example_xcom.py
[2025-01-05T21:24:29.607+0000] {processor.py:743} INFO - Processing file /home/airflow/.local/lib/python3.7/site-packages/airflow/example_dags/example_xcom.py for tasks to queue
[2025-01-05T21:24:29.608+0000] {logging_mixin.py:137} INFO - [2025-01-05T21:24:29.608+0000] {dagbag.py:538} INFO - Filling up the DagBag from /home/airflow/.local/lib/python3.7/site-packages/airflow/example_dags/example_xcom.py
[2025-01-05T21:24:29.629+0000] {processor.py:753} INFO - DAG(s) dict_keys(['example_xcom']) retrieved from /home/airflow/.local/lib/python3.7/site-packages/airflow/example_dags/example_xcom.py
[2025-01-05T21:24:29.654+0000] {logging_mixin.py:137} INFO - [2025-01-05T21:24:29.654+0000] {dag.py:2690} INFO - Sync 1 DAGs
[2025-01-05T21:24:29.684+0000] {logging_mixin.py:137} INFO - [2025-01-05T21:24:29.684+0000] {dag.py:3441} INFO - Setting next_dagrun for example_xcom to 2021-01-01T00:00:00+00:00, run_after=2021-01-01T00:00:00+00:00
[2025-01-05T21:24:29.708+0000] {processor.py:175} INFO - Processing /home/airflow/.local/lib/python3.7/site-packages/airflow/example_dags/example_xcom.py took 0.104 seconds
[2025-01-05T21:25:00.184+0000] {processor.py:153} INFO - Started process (PID=1331) to work on /home/airflow/.local/lib/python3.7/site-packages/airflow/example_dags/example_xcom.py
[2025-01-05T21:25:00.185+0000] {processor.py:743} INFO - Processing file /home/airflow/.local/lib/python3.7/site-packages/airflow/example_dags/example_xcom.py for tasks to queue
[2025-01-05T21:25:00.186+0000] {logging_mixin.py:137} INFO - [2025-01-05T21:25:00.186+0000] {dagbag.py:538} INFO - Filling up the DagBag from /home/airflow/.local/lib/python3.7/site-packages/airflow/example_dags/example_xcom.py
[2025-01-05T21:25:00.210+0000] {processor.py:753} INFO - DAG(s) dict_keys(['example_xcom']) retrieved from /home/airflow/.local/lib/python3.7/site-packages/airflow/example_dags/example_xcom.py
[2025-01-05T21:25:00.241+0000] {logging_mixin.py:137} INFO - [2025-01-05T21:25:00.241+0000] {dag.py:2690} INFO - Sync 1 DAGs
[2025-01-05T21:25:00.284+0000] {logging_mixin.py:137} INFO - [2025-01-05T21:25:00.283+0000] {dag.py:3441} INFO - Setting next_dagrun for example_xcom to 2021-01-01T00:00:00+00:00, run_after=2021-01-01T00:00:00+00:00
[2025-01-05T21:25:00.316+0000] {processor.py:175} INFO - Processing /home/airflow/.local/lib/python3.7/site-packages/airflow/example_dags/example_xcom.py took 0.135 seconds
[2025-01-05T21:25:31.869+0000] {processor.py:153} INFO - Started process (PID=1431) to work on /home/airflow/.local/lib/python3.7/site-packages/airflow/example_dags/example_xcom.py
[2025-01-05T21:25:31.870+0000] {processor.py:743} INFO - Processing file /home/airflow/.local/lib/python3.7/site-packages/airflow/example_dags/example_xcom.py for tasks to queue
[2025-01-05T21:25:31.871+0000] {logging_mixin.py:137} INFO - [2025-01-05T21:25:31.871+0000] {dagbag.py:538} INFO - Filling up the DagBag from /home/airflow/.local/lib/python3.7/site-packages/airflow/example_dags/example_xcom.py
[2025-01-05T21:25:31.895+0000] {processor.py:753} INFO - DAG(s) dict_keys(['example_xcom']) retrieved from /home/airflow/.local/lib/python3.7/site-packages/airflow/example_dags/example_xcom.py
[2025-01-05T21:25:31.920+0000] {logging_mixin.py:137} INFO - [2025-01-05T21:25:31.920+0000] {dag.py:2690} INFO - Sync 1 DAGs
[2025-01-05T21:25:31.945+0000] {logging_mixin.py:137} INFO - [2025-01-05T21:25:31.945+0000] {dag.py:3441} INFO - Setting next_dagrun for example_xcom to 2021-01-01T00:00:00+00:00, run_after=2021-01-01T00:00:00+00:00
[2025-01-05T21:25:31.965+0000] {processor.py:175} INFO - Processing /home/airflow/.local/lib/python3.7/site-packages/airflow/example_dags/example_xcom.py took 0.099 seconds
[2025-01-05T21:26:02.621+0000] {processor.py:153} INFO - Started process (PID=1511) to work on /home/airflow/.local/lib/python3.7/site-packages/airflow/example_dags/example_xcom.py
[2025-01-05T21:26:02.622+0000] {processor.py:743} INFO - Processing file /home/airflow/.local/lib/python3.7/site-packages/airflow/example_dags/example_xcom.py for tasks to queue
[2025-01-05T21:26:02.623+0000] {logging_mixin.py:137} INFO - [2025-01-05T21:26:02.623+0000] {dagbag.py:538} INFO - Filling up the DagBag from /home/airflow/.local/lib/python3.7/site-packages/airflow/example_dags/example_xcom.py
[2025-01-05T21:26:02.645+0000] {processor.py:753} INFO - DAG(s) dict_keys(['example_xcom']) retrieved from /home/airflow/.local/lib/python3.7/site-packages/airflow/example_dags/example_xcom.py
[2025-01-05T21:26:02.671+0000] {logging_mixin.py:137} INFO - [2025-01-05T21:26:02.671+0000] {dag.py:2690} INFO - Sync 1 DAGs
[2025-01-05T21:26:02.698+0000] {logging_mixin.py:137} INFO - [2025-01-05T21:26:02.698+0000] {dag.py:3441} INFO - Setting next_dagrun for example_xcom to 2021-01-01T00:00:00+00:00, run_after=2021-01-01T00:00:00+00:00
[2025-01-05T21:26:02.719+0000] {processor.py:175} INFO - Processing /home/airflow/.local/lib/python3.7/site-packages/airflow/example_dags/example_xcom.py took 0.101 seconds
[2025-01-05T21:26:33.437+0000] {processor.py:153} INFO - Started process (PID=1611) to work on /home/airflow/.local/lib/python3.7/site-packages/airflow/example_dags/example_xcom.py
[2025-01-05T21:26:33.438+0000] {processor.py:743} INFO - Processing file /home/airflow/.local/lib/python3.7/site-packages/airflow/example_dags/example_xcom.py for tasks to queue
[2025-01-05T21:26:33.439+0000] {logging_mixin.py:137} INFO - [2025-01-05T21:26:33.439+0000] {dagbag.py:538} INFO - Filling up the DagBag from /home/airflow/.local/lib/python3.7/site-packages/airflow/example_dags/example_xcom.py
[2025-01-05T21:26:33.465+0000] {processor.py:753} INFO - DAG(s) dict_keys(['example_xcom']) retrieved from /home/airflow/.local/lib/python3.7/site-packages/airflow/example_dags/example_xcom.py
[2025-01-05T21:26:33.494+0000] {logging_mixin.py:137} INFO - [2025-01-05T21:26:33.493+0000] {dag.py:2690} INFO - Sync 1 DAGs
[2025-01-05T21:26:33.521+0000] {logging_mixin.py:137} INFO - [2025-01-05T21:26:33.521+0000] {dag.py:3441} INFO - Setting next_dagrun for example_xcom to 2021-01-01T00:00:00+00:00, run_after=2021-01-01T00:00:00+00:00
[2025-01-05T21:26:33.540+0000] {processor.py:175} INFO - Processing /home/airflow/.local/lib/python3.7/site-packages/airflow/example_dags/example_xcom.py took 0.106 seconds
[2025-01-05T21:27:04.220+0000] {processor.py:153} INFO - Started process (PID=1690) to work on /home/airflow/.local/lib/python3.7/site-packages/airflow/example_dags/example_xcom.py
[2025-01-05T21:27:04.221+0000] {processor.py:743} INFO - Processing file /home/airflow/.local/lib/python3.7/site-packages/airflow/example_dags/example_xcom.py for tasks to queue
[2025-01-05T21:27:04.222+0000] {logging_mixin.py:137} INFO - [2025-01-05T21:27:04.222+0000] {dagbag.py:538} INFO - Filling up the DagBag from /home/airflow/.local/lib/python3.7/site-packages/airflow/example_dags/example_xcom.py
[2025-01-05T21:27:04.254+0000] {processor.py:753} INFO - DAG(s) dict_keys(['example_xcom']) retrieved from /home/airflow/.local/lib/python3.7/site-packages/airflow/example_dags/example_xcom.py
[2025-01-05T21:27:04.280+0000] {logging_mixin.py:137} INFO - [2025-01-05T21:27:04.280+0000] {dag.py:2690} INFO - Sync 1 DAGs
[2025-01-05T21:27:04.305+0000] {logging_mixin.py:137} INFO - [2025-01-05T21:27:04.305+0000] {dag.py:3441} INFO - Setting next_dagrun for example_xcom to 2021-01-01T00:00:00+00:00, run_after=2021-01-01T00:00:00+00:00
[2025-01-05T21:27:04.326+0000] {processor.py:175} INFO - Processing /home/airflow/.local/lib/python3.7/site-packages/airflow/example_dags/example_xcom.py took 0.108 seconds
[2025-01-05T21:27:35.082+0000] {processor.py:153} INFO - Started process (PID=1790) to work on /home/airflow/.local/lib/python3.7/site-packages/airflow/example_dags/example_xcom.py
[2025-01-05T21:27:35.083+0000] {processor.py:743} INFO - Processing file /home/airflow/.local/lib/python3.7/site-packages/airflow/example_dags/example_xcom.py for tasks to queue
[2025-01-05T21:27:35.084+0000] {logging_mixin.py:137} INFO - [2025-01-05T21:27:35.084+0000] {dagbag.py:538} INFO - Filling up the DagBag from /home/airflow/.local/lib/python3.7/site-packages/airflow/example_dags/example_xcom.py
[2025-01-05T21:27:35.107+0000] {processor.py:753} INFO - DAG(s) dict_keys(['example_xcom']) retrieved from /home/airflow/.local/lib/python3.7/site-packages/airflow/example_dags/example_xcom.py
[2025-01-05T21:27:35.132+0000] {logging_mixin.py:137} INFO - [2025-01-05T21:27:35.132+0000] {dag.py:2690} INFO - Sync 1 DAGs
[2025-01-05T21:27:35.163+0000] {logging_mixin.py:137} INFO - [2025-01-05T21:27:35.163+0000] {dag.py:3441} INFO - Setting next_dagrun for example_xcom to 2021-01-01T00:00:00+00:00, run_after=2021-01-01T00:00:00+00:00
[2025-01-05T21:27:35.182+0000] {processor.py:175} INFO - Processing /home/airflow/.local/lib/python3.7/site-packages/airflow/example_dags/example_xcom.py took 0.103 seconds
[2025-01-05T21:28:05.838+0000] {processor.py:153} INFO - Started process (PID=1870) to work on /home/airflow/.local/lib/python3.7/site-packages/airflow/example_dags/example_xcom.py
[2025-01-05T21:28:05.840+0000] {processor.py:743} INFO - Processing file /home/airflow/.local/lib/python3.7/site-packages/airflow/example_dags/example_xcom.py for tasks to queue
[2025-01-05T21:28:05.840+0000] {logging_mixin.py:137} INFO - [2025-01-05T21:28:05.840+0000] {dagbag.py:538} INFO - Filling up the DagBag from /home/airflow/.local/lib/python3.7/site-packages/airflow/example_dags/example_xcom.py
[2025-01-05T21:28:05.862+0000] {processor.py:753} INFO - DAG(s) dict_keys(['example_xcom']) retrieved from /home/airflow/.local/lib/python3.7/site-packages/airflow/example_dags/example_xcom.py
[2025-01-05T21:28:05.889+0000] {logging_mixin.py:137} INFO - [2025-01-05T21:28:05.888+0000] {dag.py:2690} INFO - Sync 1 DAGs
[2025-01-05T21:28:05.914+0000] {logging_mixin.py:137} INFO - [2025-01-05T21:28:05.914+0000] {dag.py:3441} INFO - Setting next_dagrun for example_xcom to 2021-01-01T00:00:00+00:00, run_after=2021-01-01T00:00:00+00:00
[2025-01-05T21:28:05.933+0000] {processor.py:175} INFO - Processing /home/airflow/.local/lib/python3.7/site-packages/airflow/example_dags/example_xcom.py took 0.099 seconds
[2025-01-05T21:28:35.989+0000] {processor.py:153} INFO - Started process (PID=1970) to work on /home/airflow/.local/lib/python3.7/site-packages/airflow/example_dags/example_xcom.py
[2025-01-05T21:28:35.990+0000] {processor.py:743} INFO - Processing file /home/airflow/.local/lib/python3.7/site-packages/airflow/example_dags/example_xcom.py for tasks to queue
[2025-01-05T21:28:35.991+0000] {logging_mixin.py:137} INFO - [2025-01-05T21:28:35.991+0000] {dagbag.py:538} INFO - Filling up the DagBag from /home/airflow/.local/lib/python3.7/site-packages/airflow/example_dags/example_xcom.py
[2025-01-05T21:28:36.017+0000] {processor.py:753} INFO - DAG(s) dict_keys(['example_xcom']) retrieved from /home/airflow/.local/lib/python3.7/site-packages/airflow/example_dags/example_xcom.py
[2025-01-05T21:28:36.043+0000] {logging_mixin.py:137} INFO - [2025-01-05T21:28:36.043+0000] {dag.py:2690} INFO - Sync 1 DAGs
[2025-01-05T21:28:36.070+0000] {logging_mixin.py:137} INFO - [2025-01-05T21:28:36.070+0000] {dag.py:3441} INFO - Setting next_dagrun for example_xcom to 2021-01-01T00:00:00+00:00, run_after=2021-01-01T00:00:00+00:00
[2025-01-05T21:28:36.091+0000] {processor.py:175} INFO - Processing /home/airflow/.local/lib/python3.7/site-packages/airflow/example_dags/example_xcom.py took 0.106 seconds
[2025-01-05T21:29:07.114+0000] {processor.py:153} INFO - Started process (PID=2050) to work on /home/airflow/.local/lib/python3.7/site-packages/airflow/example_dags/example_xcom.py
[2025-01-05T21:29:07.115+0000] {processor.py:743} INFO - Processing file /home/airflow/.local/lib/python3.7/site-packages/airflow/example_dags/example_xcom.py for tasks to queue
[2025-01-05T21:29:07.115+0000] {logging_mixin.py:137} INFO - [2025-01-05T21:29:07.115+0000] {dagbag.py:538} INFO - Filling up the DagBag from /home/airflow/.local/lib/python3.7/site-packages/airflow/example_dags/example_xcom.py
[2025-01-05T21:29:07.137+0000] {processor.py:753} INFO - DAG(s) dict_keys(['example_xcom']) retrieved from /home/airflow/.local/lib/python3.7/site-packages/airflow/example_dags/example_xcom.py
[2025-01-05T21:29:07.163+0000] {logging_mixin.py:137} INFO - [2025-01-05T21:29:07.163+0000] {dag.py:2690} INFO - Sync 1 DAGs
[2025-01-05T21:29:07.187+0000] {logging_mixin.py:137} INFO - [2025-01-05T21:29:07.187+0000] {dag.py:3441} INFO - Setting next_dagrun for example_xcom to 2021-01-01T00:00:00+00:00, run_after=2021-01-01T00:00:00+00:00
[2025-01-05T21:29:07.205+0000] {processor.py:175} INFO - Processing /home/airflow/.local/lib/python3.7/site-packages/airflow/example_dags/example_xcom.py took 0.094 seconds
[2025-01-05T21:29:37.492+0000] {processor.py:153} INFO - Started process (PID=2150) to work on /home/airflow/.local/lib/python3.7/site-packages/airflow/example_dags/example_xcom.py
[2025-01-05T21:29:37.493+0000] {processor.py:743} INFO - Processing file /home/airflow/.local/lib/python3.7/site-packages/airflow/example_dags/example_xcom.py for tasks to queue
[2025-01-05T21:29:37.494+0000] {logging_mixin.py:137} INFO - [2025-01-05T21:29:37.494+0000] {dagbag.py:538} INFO - Filling up the DagBag from /home/airflow/.local/lib/python3.7/site-packages/airflow/example_dags/example_xcom.py
[2025-01-05T21:29:37.529+0000] {processor.py:753} INFO - DAG(s) dict_keys(['example_xcom']) retrieved from /home/airflow/.local/lib/python3.7/site-packages/airflow/example_dags/example_xcom.py
[2025-01-05T21:29:37.562+0000] {logging_mixin.py:137} INFO - [2025-01-05T21:29:37.562+0000] {dag.py:2690} INFO - Sync 1 DAGs
[2025-01-05T21:29:37.600+0000] {logging_mixin.py:137} INFO - [2025-01-05T21:29:37.600+0000] {dag.py:3441} INFO - Setting next_dagrun for example_xcom to 2021-01-01T00:00:00+00:00, run_after=2021-01-01T00:00:00+00:00
[2025-01-05T21:29:37.627+0000] {processor.py:175} INFO - Processing /home/airflow/.local/lib/python3.7/site-packages/airflow/example_dags/example_xcom.py took 0.139 seconds
[2025-01-05T21:30:08.148+0000] {processor.py:153} INFO - Started process (PID=2230) to work on /home/airflow/.local/lib/python3.7/site-packages/airflow/example_dags/example_xcom.py
[2025-01-05T21:30:08.150+0000] {processor.py:743} INFO - Processing file /home/airflow/.local/lib/python3.7/site-packages/airflow/example_dags/example_xcom.py for tasks to queue
[2025-01-05T21:30:08.151+0000] {logging_mixin.py:137} INFO - [2025-01-05T21:30:08.151+0000] {dagbag.py:538} INFO - Filling up the DagBag from /home/airflow/.local/lib/python3.7/site-packages/airflow/example_dags/example_xcom.py
[2025-01-05T21:30:08.188+0000] {processor.py:753} INFO - DAG(s) dict_keys(['example_xcom']) retrieved from /home/airflow/.local/lib/python3.7/site-packages/airflow/example_dags/example_xcom.py
[2025-01-05T21:30:08.226+0000] {logging_mixin.py:137} INFO - [2025-01-05T21:30:08.226+0000] {dag.py:2690} INFO - Sync 1 DAGs
[2025-01-05T21:30:08.265+0000] {logging_mixin.py:137} INFO - [2025-01-05T21:30:08.265+0000] {dag.py:3441} INFO - Setting next_dagrun for example_xcom to 2021-01-01T00:00:00+00:00, run_after=2021-01-01T00:00:00+00:00
[2025-01-05T21:30:08.295+0000] {processor.py:175} INFO - Processing /home/airflow/.local/lib/python3.7/site-packages/airflow/example_dags/example_xcom.py took 0.151 seconds
[2025-01-05T21:30:39.046+0000] {processor.py:153} INFO - Started process (PID=2310) to work on /home/airflow/.local/lib/python3.7/site-packages/airflow/example_dags/example_xcom.py
[2025-01-05T21:30:39.047+0000] {processor.py:743} INFO - Processing file /home/airflow/.local/lib/python3.7/site-packages/airflow/example_dags/example_xcom.py for tasks to queue
[2025-01-05T21:30:39.048+0000] {logging_mixin.py:137} INFO - [2025-01-05T21:30:39.048+0000] {dagbag.py:538} INFO - Filling up the DagBag from /home/airflow/.local/lib/python3.7/site-packages/airflow/example_dags/example_xcom.py
[2025-01-05T21:30:39.091+0000] {processor.py:753} INFO - DAG(s) dict_keys(['example_xcom']) retrieved from /home/airflow/.local/lib/python3.7/site-packages/airflow/example_dags/example_xcom.py
[2025-01-05T21:30:39.130+0000] {logging_mixin.py:137} INFO - [2025-01-05T21:30:39.130+0000] {dag.py:2690} INFO - Sync 1 DAGs
[2025-01-05T21:30:39.172+0000] {logging_mixin.py:137} INFO - [2025-01-05T21:30:39.172+0000] {dag.py:3441} INFO - Setting next_dagrun for example_xcom to 2021-01-01T00:00:00+00:00, run_after=2021-01-01T00:00:00+00:00
[2025-01-05T21:30:39.199+0000] {processor.py:175} INFO - Processing /home/airflow/.local/lib/python3.7/site-packages/airflow/example_dags/example_xcom.py took 0.158 seconds
[2025-01-05T21:31:09.359+0000] {processor.py:153} INFO - Started process (PID=2414) to work on /home/airflow/.local/lib/python3.7/site-packages/airflow/example_dags/example_xcom.py
[2025-01-05T21:31:09.360+0000] {processor.py:743} INFO - Processing file /home/airflow/.local/lib/python3.7/site-packages/airflow/example_dags/example_xcom.py for tasks to queue
[2025-01-05T21:31:09.361+0000] {logging_mixin.py:137} INFO - [2025-01-05T21:31:09.361+0000] {dagbag.py:538} INFO - Filling up the DagBag from /home/airflow/.local/lib/python3.7/site-packages/airflow/example_dags/example_xcom.py
[2025-01-05T21:31:09.397+0000] {processor.py:753} INFO - DAG(s) dict_keys(['example_xcom']) retrieved from /home/airflow/.local/lib/python3.7/site-packages/airflow/example_dags/example_xcom.py
[2025-01-05T21:31:09.434+0000] {logging_mixin.py:137} INFO - [2025-01-05T21:31:09.434+0000] {dag.py:2690} INFO - Sync 1 DAGs
[2025-01-05T21:31:09.474+0000] {logging_mixin.py:137} INFO - [2025-01-05T21:31:09.474+0000] {dag.py:3441} INFO - Setting next_dagrun for example_xcom to 2021-01-01T00:00:00+00:00, run_after=2021-01-01T00:00:00+00:00
[2025-01-05T21:31:09.500+0000] {processor.py:175} INFO - Processing /home/airflow/.local/lib/python3.7/site-packages/airflow/example_dags/example_xcom.py took 0.146 seconds
[2025-01-05T21:31:40.219+0000] {processor.py:153} INFO - Started process (PID=2498) to work on /home/airflow/.local/lib/python3.7/site-packages/airflow/example_dags/example_xcom.py
[2025-01-05T21:31:40.220+0000] {processor.py:743} INFO - Processing file /home/airflow/.local/lib/python3.7/site-packages/airflow/example_dags/example_xcom.py for tasks to queue
[2025-01-05T21:31:40.221+0000] {logging_mixin.py:137} INFO - [2025-01-05T21:31:40.221+0000] {dagbag.py:538} INFO - Filling up the DagBag from /home/airflow/.local/lib/python3.7/site-packages/airflow/example_dags/example_xcom.py
[2025-01-05T21:31:40.253+0000] {processor.py:753} INFO - DAG(s) dict_keys(['example_xcom']) retrieved from /home/airflow/.local/lib/python3.7/site-packages/airflow/example_dags/example_xcom.py
[2025-01-05T21:31:40.287+0000] {logging_mixin.py:137} INFO - [2025-01-05T21:31:40.286+0000] {dag.py:2690} INFO - Sync 1 DAGs
[2025-01-05T21:31:40.323+0000] {logging_mixin.py:137} INFO - [2025-01-05T21:31:40.322+0000] {dag.py:3441} INFO - Setting next_dagrun for example_xcom to 2021-01-01T00:00:00+00:00, run_after=2021-01-01T00:00:00+00:00
[2025-01-05T21:31:40.348+0000] {processor.py:175} INFO - Processing /home/airflow/.local/lib/python3.7/site-packages/airflow/example_dags/example_xcom.py took 0.133 seconds
[2025-01-05T21:32:11.371+0000] {processor.py:153} INFO - Started process (PID=2578) to work on /home/airflow/.local/lib/python3.7/site-packages/airflow/example_dags/example_xcom.py
[2025-01-05T21:32:11.372+0000] {processor.py:743} INFO - Processing file /home/airflow/.local/lib/python3.7/site-packages/airflow/example_dags/example_xcom.py for tasks to queue
[2025-01-05T21:32:11.374+0000] {logging_mixin.py:137} INFO - [2025-01-05T21:32:11.373+0000] {dagbag.py:538} INFO - Filling up the DagBag from /home/airflow/.local/lib/python3.7/site-packages/airflow/example_dags/example_xcom.py
[2025-01-05T21:32:11.424+0000] {processor.py:753} INFO - DAG(s) dict_keys(['example_xcom']) retrieved from /home/airflow/.local/lib/python3.7/site-packages/airflow/example_dags/example_xcom.py
[2025-01-05T21:32:11.490+0000] {logging_mixin.py:137} INFO - [2025-01-05T21:32:11.489+0000] {dag.py:2690} INFO - Sync 1 DAGs
[2025-01-05T21:32:11.559+0000] {logging_mixin.py:137} INFO - [2025-01-05T21:32:11.558+0000] {dag.py:3441} INFO - Setting next_dagrun for example_xcom to 2021-01-01T00:00:00+00:00, run_after=2021-01-01T00:00:00+00:00
[2025-01-05T21:32:11.622+0000] {processor.py:175} INFO - Processing /home/airflow/.local/lib/python3.7/site-packages/airflow/example_dags/example_xcom.py took 0.256 seconds
[2025-01-05T21:32:41.702+0000] {processor.py:153} INFO - Started process (PID=2679) to work on /home/airflow/.local/lib/python3.7/site-packages/airflow/example_dags/example_xcom.py
[2025-01-05T21:32:41.704+0000] {processor.py:743} INFO - Processing file /home/airflow/.local/lib/python3.7/site-packages/airflow/example_dags/example_xcom.py for tasks to queue
[2025-01-05T21:32:41.705+0000] {logging_mixin.py:137} INFO - [2025-01-05T21:32:41.704+0000] {dagbag.py:538} INFO - Filling up the DagBag from /home/airflow/.local/lib/python3.7/site-packages/airflow/example_dags/example_xcom.py
[2025-01-05T21:32:41.730+0000] {processor.py:753} INFO - DAG(s) dict_keys(['example_xcom']) retrieved from /home/airflow/.local/lib/python3.7/site-packages/airflow/example_dags/example_xcom.py
[2025-01-05T21:32:41.760+0000] {logging_mixin.py:137} INFO - [2025-01-05T21:32:41.760+0000] {dag.py:2690} INFO - Sync 1 DAGs
[2025-01-05T21:32:41.788+0000] {logging_mixin.py:137} INFO - [2025-01-05T21:32:41.788+0000] {dag.py:3441} INFO - Setting next_dagrun for example_xcom to 2021-01-01T00:00:00+00:00, run_after=2021-01-01T00:00:00+00:00
[2025-01-05T21:32:41.810+0000] {processor.py:175} INFO - Processing /home/airflow/.local/lib/python3.7/site-packages/airflow/example_dags/example_xcom.py took 0.111 seconds
[2025-01-05T21:33:11.913+0000] {processor.py:153} INFO - Started process (PID=2759) to work on /home/airflow/.local/lib/python3.7/site-packages/airflow/example_dags/example_xcom.py
[2025-01-05T21:33:11.914+0000] {processor.py:743} INFO - Processing file /home/airflow/.local/lib/python3.7/site-packages/airflow/example_dags/example_xcom.py for tasks to queue
[2025-01-05T21:33:11.915+0000] {logging_mixin.py:137} INFO - [2025-01-05T21:33:11.915+0000] {dagbag.py:538} INFO - Filling up the DagBag from /home/airflow/.local/lib/python3.7/site-packages/airflow/example_dags/example_xcom.py
[2025-01-05T21:33:11.948+0000] {processor.py:753} INFO - DAG(s) dict_keys(['example_xcom']) retrieved from /home/airflow/.local/lib/python3.7/site-packages/airflow/example_dags/example_xcom.py
[2025-01-05T21:33:11.982+0000] {logging_mixin.py:137} INFO - [2025-01-05T21:33:11.982+0000] {dag.py:2690} INFO - Sync 1 DAGs
[2025-01-05T21:33:12.028+0000] {logging_mixin.py:137} INFO - [2025-01-05T21:33:12.027+0000] {dag.py:3441} INFO - Setting next_dagrun for example_xcom to 2021-01-01T00:00:00+00:00, run_after=2021-01-01T00:00:00+00:00
[2025-01-05T21:33:12.056+0000] {processor.py:175} INFO - Processing /home/airflow/.local/lib/python3.7/site-packages/airflow/example_dags/example_xcom.py took 0.147 seconds
[2025-01-05T21:33:42.366+0000] {processor.py:153} INFO - Started process (PID=2838) to work on /home/airflow/.local/lib/python3.7/site-packages/airflow/example_dags/example_xcom.py
[2025-01-05T21:33:42.367+0000] {processor.py:743} INFO - Processing file /home/airflow/.local/lib/python3.7/site-packages/airflow/example_dags/example_xcom.py for tasks to queue
[2025-01-05T21:33:42.368+0000] {logging_mixin.py:137} INFO - [2025-01-05T21:33:42.368+0000] {dagbag.py:538} INFO - Filling up the DagBag from /home/airflow/.local/lib/python3.7/site-packages/airflow/example_dags/example_xcom.py
[2025-01-05T21:33:42.402+0000] {processor.py:753} INFO - DAG(s) dict_keys(['example_xcom']) retrieved from /home/airflow/.local/lib/python3.7/site-packages/airflow/example_dags/example_xcom.py
[2025-01-05T21:33:42.433+0000] {logging_mixin.py:137} INFO - [2025-01-05T21:33:42.433+0000] {dag.py:2690} INFO - Sync 1 DAGs
[2025-01-05T21:33:42.465+0000] {logging_mixin.py:137} INFO - [2025-01-05T21:33:42.465+0000] {dag.py:3441} INFO - Setting next_dagrun for example_xcom to 2021-01-01T00:00:00+00:00, run_after=2021-01-01T00:00:00+00:00
[2025-01-05T21:33:42.489+0000] {processor.py:175} INFO - Processing /home/airflow/.local/lib/python3.7/site-packages/airflow/example_dags/example_xcom.py took 0.126 seconds
[2025-01-05T21:34:13.282+0000] {processor.py:153} INFO - Started process (PID=2927) to work on /home/airflow/.local/lib/python3.7/site-packages/airflow/example_dags/example_xcom.py
[2025-01-05T21:34:13.283+0000] {processor.py:743} INFO - Processing file /home/airflow/.local/lib/python3.7/site-packages/airflow/example_dags/example_xcom.py for tasks to queue
[2025-01-05T21:34:13.284+0000] {logging_mixin.py:137} INFO - [2025-01-05T21:34:13.284+0000] {dagbag.py:538} INFO - Filling up the DagBag from /home/airflow/.local/lib/python3.7/site-packages/airflow/example_dags/example_xcom.py
[2025-01-05T21:34:13.374+0000] {processor.py:753} INFO - DAG(s) dict_keys(['example_xcom']) retrieved from /home/airflow/.local/lib/python3.7/site-packages/airflow/example_dags/example_xcom.py
[2025-01-05T21:34:13.452+0000] {logging_mixin.py:137} INFO - [2025-01-05T21:34:13.452+0000] {dag.py:2690} INFO - Sync 1 DAGs
[2025-01-05T21:34:13.512+0000] {logging_mixin.py:137} INFO - [2025-01-05T21:34:13.512+0000] {dag.py:3441} INFO - Setting next_dagrun for example_xcom to 2021-01-01T00:00:00+00:00, run_after=2021-01-01T00:00:00+00:00
[2025-01-05T21:34:13.546+0000] {processor.py:175} INFO - Processing /home/airflow/.local/lib/python3.7/site-packages/airflow/example_dags/example_xcom.py took 0.270 seconds
[2025-01-05T21:34:44.202+0000] {processor.py:153} INFO - Started process (PID=3018) to work on /home/airflow/.local/lib/python3.7/site-packages/airflow/example_dags/example_xcom.py
[2025-01-05T21:34:44.202+0000] {processor.py:743} INFO - Processing file /home/airflow/.local/lib/python3.7/site-packages/airflow/example_dags/example_xcom.py for tasks to queue
[2025-01-05T21:34:44.203+0000] {logging_mixin.py:137} INFO - [2025-01-05T21:34:44.203+0000] {dagbag.py:538} INFO - Filling up the DagBag from /home/airflow/.local/lib/python3.7/site-packages/airflow/example_dags/example_xcom.py
[2025-01-05T21:34:44.224+0000] {processor.py:753} INFO - DAG(s) dict_keys(['example_xcom']) retrieved from /home/airflow/.local/lib/python3.7/site-packages/airflow/example_dags/example_xcom.py
[2025-01-05T21:34:44.250+0000] {logging_mixin.py:137} INFO - [2025-01-05T21:34:44.249+0000] {dag.py:2690} INFO - Sync 1 DAGs
[2025-01-05T21:34:44.274+0000] {logging_mixin.py:137} INFO - [2025-01-05T21:34:44.274+0000] {dag.py:3441} INFO - Setting next_dagrun for example_xcom to 2021-01-01T00:00:00+00:00, run_after=2021-01-01T00:00:00+00:00
[2025-01-05T21:34:44.296+0000] {processor.py:175} INFO - Processing /home/airflow/.local/lib/python3.7/site-packages/airflow/example_dags/example_xcom.py took 0.098 seconds
[2025-01-05T21:35:14.362+0000] {processor.py:153} INFO - Started process (PID=3098) to work on /home/airflow/.local/lib/python3.7/site-packages/airflow/example_dags/example_xcom.py
[2025-01-05T21:35:14.363+0000] {processor.py:743} INFO - Processing file /home/airflow/.local/lib/python3.7/site-packages/airflow/example_dags/example_xcom.py for tasks to queue
[2025-01-05T21:35:14.364+0000] {logging_mixin.py:137} INFO - [2025-01-05T21:35:14.363+0000] {dagbag.py:538} INFO - Filling up the DagBag from /home/airflow/.local/lib/python3.7/site-packages/airflow/example_dags/example_xcom.py
[2025-01-05T21:35:14.392+0000] {processor.py:753} INFO - DAG(s) dict_keys(['example_xcom']) retrieved from /home/airflow/.local/lib/python3.7/site-packages/airflow/example_dags/example_xcom.py
[2025-01-05T21:35:14.422+0000] {logging_mixin.py:137} INFO - [2025-01-05T21:35:14.422+0000] {dag.py:2690} INFO - Sync 1 DAGs
[2025-01-05T21:35:14.454+0000] {logging_mixin.py:137} INFO - [2025-01-05T21:35:14.454+0000] {dag.py:3441} INFO - Setting next_dagrun for example_xcom to 2021-01-01T00:00:00+00:00, run_after=2021-01-01T00:00:00+00:00
[2025-01-05T21:35:14.475+0000] {processor.py:175} INFO - Processing /home/airflow/.local/lib/python3.7/site-packages/airflow/example_dags/example_xcom.py took 0.117 seconds
[2025-01-05T21:35:45.174+0000] {processor.py:153} INFO - Started process (PID=3199) to work on /home/airflow/.local/lib/python3.7/site-packages/airflow/example_dags/example_xcom.py
[2025-01-05T21:35:45.176+0000] {processor.py:743} INFO - Processing file /home/airflow/.local/lib/python3.7/site-packages/airflow/example_dags/example_xcom.py for tasks to queue
[2025-01-05T21:35:45.177+0000] {logging_mixin.py:137} INFO - [2025-01-05T21:35:45.177+0000] {dagbag.py:538} INFO - Filling up the DagBag from /home/airflow/.local/lib/python3.7/site-packages/airflow/example_dags/example_xcom.py
[2025-01-05T21:35:45.218+0000] {processor.py:753} INFO - DAG(s) dict_keys(['example_xcom']) retrieved from /home/airflow/.local/lib/python3.7/site-packages/airflow/example_dags/example_xcom.py
[2025-01-05T21:35:45.261+0000] {logging_mixin.py:137} INFO - [2025-01-05T21:35:45.261+0000] {dag.py:2690} INFO - Sync 1 DAGs
[2025-01-05T21:35:45.309+0000] {logging_mixin.py:137} INFO - [2025-01-05T21:35:45.308+0000] {dag.py:3441} INFO - Setting next_dagrun for example_xcom to 2021-01-01T00:00:00+00:00, run_after=2021-01-01T00:00:00+00:00
[2025-01-05T21:35:45.336+0000] {processor.py:175} INFO - Processing /home/airflow/.local/lib/python3.7/site-packages/airflow/example_dags/example_xcom.py took 0.167 seconds
[2025-01-05T21:36:15.448+0000] {processor.py:153} INFO - Started process (PID=3280) to work on /home/airflow/.local/lib/python3.7/site-packages/airflow/example_dags/example_xcom.py
[2025-01-05T21:36:15.449+0000] {processor.py:743} INFO - Processing file /home/airflow/.local/lib/python3.7/site-packages/airflow/example_dags/example_xcom.py for tasks to queue
[2025-01-05T21:36:15.450+0000] {logging_mixin.py:137} INFO - [2025-01-05T21:36:15.450+0000] {dagbag.py:538} INFO - Filling up the DagBag from /home/airflow/.local/lib/python3.7/site-packages/airflow/example_dags/example_xcom.py
[2025-01-05T21:36:15.472+0000] {processor.py:753} INFO - DAG(s) dict_keys(['example_xcom']) retrieved from /home/airflow/.local/lib/python3.7/site-packages/airflow/example_dags/example_xcom.py
[2025-01-05T21:36:15.497+0000] {logging_mixin.py:137} INFO - [2025-01-05T21:36:15.496+0000] {dag.py:2690} INFO - Sync 1 DAGs
[2025-01-05T21:36:15.520+0000] {logging_mixin.py:137} INFO - [2025-01-05T21:36:15.520+0000] {dag.py:3441} INFO - Setting next_dagrun for example_xcom to 2021-01-01T00:00:00+00:00, run_after=2021-01-01T00:00:00+00:00
[2025-01-05T21:36:15.539+0000] {processor.py:175} INFO - Processing /home/airflow/.local/lib/python3.7/site-packages/airflow/example_dags/example_xcom.py took 0.094 seconds
[2025-01-05T21:36:46.495+0000] {processor.py:153} INFO - Started process (PID=3360) to work on /home/airflow/.local/lib/python3.7/site-packages/airflow/example_dags/example_xcom.py
[2025-01-05T21:36:46.496+0000] {processor.py:743} INFO - Processing file /home/airflow/.local/lib/python3.7/site-packages/airflow/example_dags/example_xcom.py for tasks to queue
[2025-01-05T21:36:46.497+0000] {logging_mixin.py:137} INFO - [2025-01-05T21:36:46.497+0000] {dagbag.py:538} INFO - Filling up the DagBag from /home/airflow/.local/lib/python3.7/site-packages/airflow/example_dags/example_xcom.py
[2025-01-05T21:36:46.528+0000] {processor.py:753} INFO - DAG(s) dict_keys(['example_xcom']) retrieved from /home/airflow/.local/lib/python3.7/site-packages/airflow/example_dags/example_xcom.py
[2025-01-05T21:36:46.559+0000] {logging_mixin.py:137} INFO - [2025-01-05T21:36:46.559+0000] {dag.py:2690} INFO - Sync 1 DAGs
[2025-01-05T21:36:46.594+0000] {logging_mixin.py:137} INFO - [2025-01-05T21:36:46.594+0000] {dag.py:3441} INFO - Setting next_dagrun for example_xcom to 2021-01-01T00:00:00+00:00, run_after=2021-01-01T00:00:00+00:00
[2025-01-05T21:36:46.619+0000] {processor.py:175} INFO - Processing /home/airflow/.local/lib/python3.7/site-packages/airflow/example_dags/example_xcom.py took 0.127 seconds
[2025-01-05T21:37:17.283+0000] {processor.py:153} INFO - Started process (PID=3461) to work on /home/airflow/.local/lib/python3.7/site-packages/airflow/example_dags/example_xcom.py
[2025-01-05T21:37:17.284+0000] {processor.py:743} INFO - Processing file /home/airflow/.local/lib/python3.7/site-packages/airflow/example_dags/example_xcom.py for tasks to queue
[2025-01-05T21:37:17.285+0000] {logging_mixin.py:137} INFO - [2025-01-05T21:37:17.285+0000] {dagbag.py:538} INFO - Filling up the DagBag from /home/airflow/.local/lib/python3.7/site-packages/airflow/example_dags/example_xcom.py
[2025-01-05T21:37:17.319+0000] {processor.py:753} INFO - DAG(s) dict_keys(['example_xcom']) retrieved from /home/airflow/.local/lib/python3.7/site-packages/airflow/example_dags/example_xcom.py
[2025-01-05T21:37:17.354+0000] {logging_mixin.py:137} INFO - [2025-01-05T21:37:17.353+0000] {dag.py:2690} INFO - Sync 1 DAGs
[2025-01-05T21:37:17.397+0000] {logging_mixin.py:137} INFO - [2025-01-05T21:37:17.396+0000] {dag.py:3441} INFO - Setting next_dagrun for example_xcom to 2021-01-01T00:00:00+00:00, run_after=2021-01-01T00:00:00+00:00
[2025-01-05T21:37:17.426+0000] {processor.py:175} INFO - Processing /home/airflow/.local/lib/python3.7/site-packages/airflow/example_dags/example_xcom.py took 0.149 seconds
[2025-01-05T21:37:47.572+0000] {processor.py:153} INFO - Started process (PID=3540) to work on /home/airflow/.local/lib/python3.7/site-packages/airflow/example_dags/example_xcom.py
[2025-01-05T21:37:47.573+0000] {processor.py:743} INFO - Processing file /home/airflow/.local/lib/python3.7/site-packages/airflow/example_dags/example_xcom.py for tasks to queue
[2025-01-05T21:37:47.574+0000] {logging_mixin.py:137} INFO - [2025-01-05T21:37:47.574+0000] {dagbag.py:538} INFO - Filling up the DagBag from /home/airflow/.local/lib/python3.7/site-packages/airflow/example_dags/example_xcom.py
[2025-01-05T21:37:47.599+0000] {processor.py:753} INFO - DAG(s) dict_keys(['example_xcom']) retrieved from /home/airflow/.local/lib/python3.7/site-packages/airflow/example_dags/example_xcom.py
[2025-01-05T21:37:47.629+0000] {logging_mixin.py:137} INFO - [2025-01-05T21:37:47.629+0000] {dag.py:2690} INFO - Sync 1 DAGs
[2025-01-05T21:37:47.661+0000] {logging_mixin.py:137} INFO - [2025-01-05T21:37:47.661+0000] {dag.py:3441} INFO - Setting next_dagrun for example_xcom to 2021-01-01T00:00:00+00:00, run_after=2021-01-01T00:00:00+00:00
[2025-01-05T21:37:47.682+0000] {processor.py:175} INFO - Processing /home/airflow/.local/lib/python3.7/site-packages/airflow/example_dags/example_xcom.py took 0.114 seconds
