[2025-01-13T00:16:40.628+0000] {taskinstance.py:1159} INFO - Dependencies all met for dep_context=non-requeueable deps ti=<TaskInstance: PolygonAPI_to_BigQuery.sync_data_connection_1 scheduled__2025-01-12T00:00:00+00:00 [queued]>
[2025-01-13T00:16:40.671+0000] {taskinstance.py:1159} INFO - Dependencies all met for dep_context=requeueable deps ti=<TaskInstance: PolygonAPI_to_BigQuery.sync_data_connection_1 scheduled__2025-01-12T00:00:00+00:00 [queued]>
[2025-01-13T00:16:40.672+0000] {taskinstance.py:1361} INFO - Starting attempt 1 of 2
[2025-01-13T00:16:40.728+0000] {taskinstance.py:1382} INFO - Executing <Task(AirbyteTriggerSyncOperator): sync_data_connection_1> on 2025-01-12 00:00:00+00:00
[2025-01-13T00:16:40.750+0000] {standard_task_runner.py:57} INFO - Started process 4614 to run task
[2025-01-13T00:16:40.757+0000] {standard_task_runner.py:84} INFO - Running: ['***', 'tasks', 'run', 'PolygonAPI_to_BigQuery', 'sync_data_connection_1', 'scheduled__2025-01-12T00:00:00+00:00', '--job-id', '268', '--raw', '--subdir', 'DAGS_FOLDER/polygon_to_bigquery.py', '--cfg-path', '/tmp/tmpkjbn1dfy']
[2025-01-13T00:16:40.776+0000] {standard_task_runner.py:85} INFO - Job 268: Subtask sync_data_connection_1
[2025-01-13T00:16:40.902+0000] {task_command.py:415} INFO - Running <TaskInstance: PolygonAPI_to_BigQuery.sync_data_connection_1 scheduled__2025-01-12T00:00:00+00:00 [running]> on host 8e83bd89ed82
[2025-01-13T00:16:44.569+0000] {taskinstance.py:1660} INFO - Exporting env vars: AIRFLOW_CTX_DAG_OWNER='***' AIRFLOW_CTX_DAG_ID='PolygonAPI_to_BigQuery' AIRFLOW_CTX_TASK_ID='sync_data_connection_1' AIRFLOW_CTX_EXECUTION_DATE='2025-01-12T00:00:00+00:00' AIRFLOW_CTX_TRY_NUMBER='1' AIRFLOW_CTX_DAG_RUN_ID='scheduled__2025-01-12T00:00:00+00:00'
[2025-01-13T00:16:44.596+0000] {base.py:73} INFO - Using connection ID 'airbyte_to_bigquery' for task execution.
[2025-01-13T00:16:50.572+0000] {airbyte.py:95} INFO - Job 263 was submitted to Airbyte Server
[2025-01-13T00:16:50.573+0000] {airbyte.py:97} INFO - Waiting for job 263 to complete
[2025-01-13T00:16:53.587+0000] {base.py:73} INFO - Using connection ID 'airbyte_to_bigquery' for task execution.
[2025-01-13T00:16:56.671+0000] {base.py:73} INFO - Using connection ID 'airbyte_to_bigquery' for task execution.
[2025-01-13T00:16:59.874+0000] {base.py:73} INFO - Using connection ID 'airbyte_to_bigquery' for task execution.
[2025-01-13T00:17:03.411+0000] {base.py:73} INFO - Using connection ID 'airbyte_to_bigquery' for task execution.
[2025-01-13T00:17:06.672+0000] {base.py:73} INFO - Using connection ID 'airbyte_to_bigquery' for task execution.
[2025-01-13T00:17:09.777+0000] {base.py:73} INFO - Using connection ID 'airbyte_to_bigquery' for task execution.
[2025-01-13T00:17:12.853+0000] {base.py:73} INFO - Using connection ID 'airbyte_to_bigquery' for task execution.
[2025-01-13T00:17:16.248+0000] {base.py:73} INFO - Using connection ID 'airbyte_to_bigquery' for task execution.
[2025-01-13T00:17:19.941+0000] {base.py:73} INFO - Using connection ID 'airbyte_to_bigquery' for task execution.
[2025-01-13T00:17:23.006+0000] {base.py:73} INFO - Using connection ID 'airbyte_to_bigquery' for task execution.
[2025-01-13T00:17:26.092+0000] {base.py:73} INFO - Using connection ID 'airbyte_to_bigquery' for task execution.
[2025-01-13T00:17:29.175+0000] {base.py:73} INFO - Using connection ID 'airbyte_to_bigquery' for task execution.
[2025-01-13T00:17:32.249+0000] {base.py:73} INFO - Using connection ID 'airbyte_to_bigquery' for task execution.
[2025-01-13T00:17:35.317+0000] {base.py:73} INFO - Using connection ID 'airbyte_to_bigquery' for task execution.
[2025-01-13T00:17:38.369+0000] {base.py:73} INFO - Using connection ID 'airbyte_to_bigquery' for task execution.
[2025-01-13T00:17:41.447+0000] {base.py:73} INFO - Using connection ID 'airbyte_to_bigquery' for task execution.
[2025-01-13T00:17:44.493+0000] {base.py:73} INFO - Using connection ID 'airbyte_to_bigquery' for task execution.
[2025-01-13T00:17:47.533+0000] {base.py:73} INFO - Using connection ID 'airbyte_to_bigquery' for task execution.
[2025-01-13T00:17:50.580+0000] {base.py:73} INFO - Using connection ID 'airbyte_to_bigquery' for task execution.
[2025-01-13T00:17:53.609+0000] {base.py:73} INFO - Using connection ID 'airbyte_to_bigquery' for task execution.
[2025-01-13T00:17:56.646+0000] {base.py:73} INFO - Using connection ID 'airbyte_to_bigquery' for task execution.
[2025-01-13T00:17:59.687+0000] {base.py:73} INFO - Using connection ID 'airbyte_to_bigquery' for task execution.
[2025-01-13T00:18:02.714+0000] {base.py:73} INFO - Using connection ID 'airbyte_to_bigquery' for task execution.
[2025-01-13T00:18:05.739+0000] {base.py:73} INFO - Using connection ID 'airbyte_to_bigquery' for task execution.
[2025-01-13T00:18:08.766+0000] {base.py:73} INFO - Using connection ID 'airbyte_to_bigquery' for task execution.
[2025-01-13T00:18:11.797+0000] {base.py:73} INFO - Using connection ID 'airbyte_to_bigquery' for task execution.
[2025-01-13T00:18:14.820+0000] {base.py:73} INFO - Using connection ID 'airbyte_to_bigquery' for task execution.
[2025-01-13T00:18:17.843+0000] {base.py:73} INFO - Using connection ID 'airbyte_to_bigquery' for task execution.
[2025-01-13T00:18:20.867+0000] {base.py:73} INFO - Using connection ID 'airbyte_to_bigquery' for task execution.
[2025-01-13T00:18:23.886+0000] {base.py:73} INFO - Using connection ID 'airbyte_to_bigquery' for task execution.
[2025-01-13T00:18:26.912+0000] {base.py:73} INFO - Using connection ID 'airbyte_to_bigquery' for task execution.
[2025-01-13T00:18:29.946+0000] {base.py:73} INFO - Using connection ID 'airbyte_to_bigquery' for task execution.
[2025-01-13T00:18:29.970+0000] {airbyte.py:124} INFO - Job 263 completed successfully
[2025-01-13T00:18:30.006+0000] {taskinstance.py:1400} INFO - Marking task as SUCCESS. dag_id=PolygonAPI_to_BigQuery, task_id=sync_data_connection_1, execution_date=20250112T000000, start_date=20250113T001640, end_date=20250113T001830
[2025-01-13T00:18:30.080+0000] {local_task_job_runner.py:228} INFO - Task exited with return code 0
[2025-01-13T00:18:30.130+0000] {taskinstance.py:2784} INFO - 1 downstream tasks scheduled from follow-on schedule check
