[2024-12-12T14:59:16.904+0000] {taskinstance.py:1083} INFO - Dependencies all met for <TaskInstance: PolygonAPI_to_BigQuery.sync_data_connection_1 scheduled__2024-12-12T02:58:59.606698+00:00 [queued]>
[2024-12-12T14:59:16.933+0000] {taskinstance.py:1083} INFO - Dependencies all met for <TaskInstance: PolygonAPI_to_BigQuery.sync_data_connection_1 scheduled__2024-12-12T02:58:59.606698+00:00 [queued]>
[2024-12-12T14:59:16.934+0000] {taskinstance.py:1279} INFO - 
--------------------------------------------------------------------------------
[2024-12-12T14:59:16.935+0000] {taskinstance.py:1280} INFO - Starting attempt 1 of 2
[2024-12-12T14:59:16.935+0000] {taskinstance.py:1281} INFO - 
--------------------------------------------------------------------------------
[2024-12-12T14:59:16.982+0000] {taskinstance.py:1300} INFO - Executing <Task(AirbyteTriggerSyncOperator): sync_data_connection_1> on 2024-12-12 02:58:59.606698+00:00
[2024-12-12T14:59:16.994+0000] {standard_task_runner.py:55} INFO - Started process 35570 to run task
[2024-12-12T14:59:17.002+0000] {standard_task_runner.py:82} INFO - Running: ['***', 'tasks', 'run', 'PolygonAPI_to_BigQuery', 'sync_data_connection_1', 'scheduled__2024-12-12T02:58:59.606698+00:00', '--job-id', '79', '--raw', '--subdir', 'DAGS_FOLDER/polygon_to_bigquery.py', '--cfg-path', '/tmp/tmpdmjv_tdw']
[2024-12-12T14:59:17.005+0000] {standard_task_runner.py:83} INFO - Job 79: Subtask sync_data_connection_1
[2024-12-12T14:59:17.190+0000] {task_command.py:388} INFO - Running <TaskInstance: PolygonAPI_to_BigQuery.sync_data_connection_1 scheduled__2024-12-12T02:58:59.606698+00:00 [running]> on host 1b9e534b4855
[2024-12-12T14:59:17.404+0000] {taskinstance.py:1509} INFO - Exporting the following env vars:
AIRFLOW_CTX_DAG_OWNER=***
AIRFLOW_CTX_DAG_ID=PolygonAPI_to_BigQuery
AIRFLOW_CTX_TASK_ID=sync_data_connection_1
AIRFLOW_CTX_EXECUTION_DATE=2024-12-12T02:58:59.606698+00:00
AIRFLOW_CTX_TRY_NUMBER=1
AIRFLOW_CTX_DAG_RUN_ID=scheduled__2024-12-12T02:58:59.606698+00:00
[2024-12-12T14:59:17.427+0000] {base.py:73} INFO - Using connection ID 'airbyte_to_bigquery' for task execution.
[2024-12-12T14:59:18.144+0000] {airbyte.py:77} INFO - Job 62 was submitted to Airbyte Server
[2024-12-12T14:59:18.145+0000] {airbyte.py:79} INFO - Waiting for job 62 to complete
[2024-12-12T14:59:21.161+0000] {base.py:73} INFO - Using connection ID 'airbyte_to_bigquery' for task execution.
[2024-12-12T14:59:24.217+0000] {base.py:73} INFO - Using connection ID 'airbyte_to_bigquery' for task execution.
[2024-12-12T14:59:27.280+0000] {base.py:73} INFO - Using connection ID 'airbyte_to_bigquery' for task execution.
[2024-12-12T14:59:30.344+0000] {base.py:73} INFO - Using connection ID 'airbyte_to_bigquery' for task execution.
[2024-12-12T14:59:33.391+0000] {base.py:73} INFO - Using connection ID 'airbyte_to_bigquery' for task execution.
[2024-12-12T14:59:36.441+0000] {base.py:73} INFO - Using connection ID 'airbyte_to_bigquery' for task execution.
[2024-12-12T14:59:39.488+0000] {base.py:73} INFO - Using connection ID 'airbyte_to_bigquery' for task execution.
[2024-12-12T14:59:42.519+0000] {base.py:73} INFO - Using connection ID 'airbyte_to_bigquery' for task execution.
[2024-12-12T14:59:45.564+0000] {base.py:73} INFO - Using connection ID 'airbyte_to_bigquery' for task execution.
[2024-12-12T14:59:48.628+0000] {base.py:73} INFO - Using connection ID 'airbyte_to_bigquery' for task execution.
[2024-12-12T14:59:51.687+0000] {base.py:73} INFO - Using connection ID 'airbyte_to_bigquery' for task execution.
[2024-12-12T14:59:54.726+0000] {base.py:73} INFO - Using connection ID 'airbyte_to_bigquery' for task execution.
[2024-12-12T14:59:57.769+0000] {base.py:73} INFO - Using connection ID 'airbyte_to_bigquery' for task execution.
[2024-12-12T15:00:00.818+0000] {base.py:73} INFO - Using connection ID 'airbyte_to_bigquery' for task execution.
[2024-12-12T15:00:03.894+0000] {base.py:73} INFO - Using connection ID 'airbyte_to_bigquery' for task execution.
[2024-12-12T15:00:06.946+0000] {base.py:73} INFO - Using connection ID 'airbyte_to_bigquery' for task execution.
[2024-12-12T15:00:10.035+0000] {base.py:73} INFO - Using connection ID 'airbyte_to_bigquery' for task execution.
[2024-12-12T15:00:13.181+0000] {base.py:73} INFO - Using connection ID 'airbyte_to_bigquery' for task execution.
[2024-12-12T15:00:16.327+0000] {base.py:73} INFO - Using connection ID 'airbyte_to_bigquery' for task execution.
[2024-12-12T15:00:19.453+0000] {base.py:73} INFO - Using connection ID 'airbyte_to_bigquery' for task execution.
[2024-12-12T15:00:22.500+0000] {base.py:73} INFO - Using connection ID 'airbyte_to_bigquery' for task execution.
[2024-12-12T15:00:25.542+0000] {base.py:73} INFO - Using connection ID 'airbyte_to_bigquery' for task execution.
[2024-12-12T15:00:28.609+0000] {base.py:73} INFO - Using connection ID 'airbyte_to_bigquery' for task execution.
[2024-12-12T15:00:31.652+0000] {base.py:73} INFO - Using connection ID 'airbyte_to_bigquery' for task execution.
[2024-12-12T15:00:34.689+0000] {base.py:73} INFO - Using connection ID 'airbyte_to_bigquery' for task execution.
[2024-12-12T15:00:37.730+0000] {base.py:73} INFO - Using connection ID 'airbyte_to_bigquery' for task execution.
[2024-12-12T15:00:40.787+0000] {base.py:73} INFO - Using connection ID 'airbyte_to_bigquery' for task execution.
[2024-12-12T15:00:43.872+0000] {base.py:73} INFO - Using connection ID 'airbyte_to_bigquery' for task execution.
[2024-12-12T15:00:46.921+0000] {base.py:73} INFO - Using connection ID 'airbyte_to_bigquery' for task execution.
[2024-12-12T15:00:49.945+0000] {base.py:73} INFO - Using connection ID 'airbyte_to_bigquery' for task execution.
[2024-12-12T15:00:52.980+0000] {base.py:73} INFO - Using connection ID 'airbyte_to_bigquery' for task execution.
[2024-12-12T15:00:56.003+0000] {base.py:73} INFO - Using connection ID 'airbyte_to_bigquery' for task execution.
[2024-12-12T15:00:59.037+0000] {base.py:73} INFO - Using connection ID 'airbyte_to_bigquery' for task execution.
[2024-12-12T15:01:02.089+0000] {base.py:73} INFO - Using connection ID 'airbyte_to_bigquery' for task execution.
[2024-12-12T15:01:05.124+0000] {base.py:73} INFO - Using connection ID 'airbyte_to_bigquery' for task execution.
[2024-12-12T15:01:08.149+0000] {base.py:73} INFO - Using connection ID 'airbyte_to_bigquery' for task execution.
[2024-12-12T15:01:11.173+0000] {base.py:73} INFO - Using connection ID 'airbyte_to_bigquery' for task execution.
[2024-12-12T15:01:14.193+0000] {base.py:73} INFO - Using connection ID 'airbyte_to_bigquery' for task execution.
[2024-12-12T15:01:17.218+0000] {base.py:73} INFO - Using connection ID 'airbyte_to_bigquery' for task execution.
[2024-12-12T15:01:20.242+0000] {base.py:73} INFO - Using connection ID 'airbyte_to_bigquery' for task execution.
[2024-12-12T15:01:23.266+0000] {base.py:73} INFO - Using connection ID 'airbyte_to_bigquery' for task execution.
[2024-12-12T15:01:26.288+0000] {base.py:73} INFO - Using connection ID 'airbyte_to_bigquery' for task execution.
[2024-12-12T15:01:29.311+0000] {base.py:73} INFO - Using connection ID 'airbyte_to_bigquery' for task execution.
[2024-12-12T15:01:32.337+0000] {base.py:73} INFO - Using connection ID 'airbyte_to_bigquery' for task execution.
[2024-12-12T15:01:35.360+0000] {base.py:73} INFO - Using connection ID 'airbyte_to_bigquery' for task execution.
[2024-12-12T15:01:38.402+0000] {base.py:73} INFO - Using connection ID 'airbyte_to_bigquery' for task execution.
[2024-12-12T15:01:41.442+0000] {base.py:73} INFO - Using connection ID 'airbyte_to_bigquery' for task execution.
[2024-12-12T15:01:44.479+0000] {base.py:73} INFO - Using connection ID 'airbyte_to_bigquery' for task execution.
[2024-12-12T15:01:47.504+0000] {base.py:73} INFO - Using connection ID 'airbyte_to_bigquery' for task execution.
[2024-12-12T15:01:50.529+0000] {base.py:73} INFO - Using connection ID 'airbyte_to_bigquery' for task execution.
[2024-12-12T15:01:53.555+0000] {base.py:73} INFO - Using connection ID 'airbyte_to_bigquery' for task execution.
[2024-12-12T15:01:56.581+0000] {base.py:73} INFO - Using connection ID 'airbyte_to_bigquery' for task execution.
[2024-12-12T15:01:59.605+0000] {base.py:73} INFO - Using connection ID 'airbyte_to_bigquery' for task execution.
[2024-12-12T15:02:02.632+0000] {base.py:73} INFO - Using connection ID 'airbyte_to_bigquery' for task execution.
[2024-12-12T15:02:05.656+0000] {base.py:73} INFO - Using connection ID 'airbyte_to_bigquery' for task execution.
[2024-12-12T15:02:08.680+0000] {base.py:73} INFO - Using connection ID 'airbyte_to_bigquery' for task execution.
[2024-12-12T15:02:11.716+0000] {base.py:73} INFO - Using connection ID 'airbyte_to_bigquery' for task execution.
[2024-12-12T15:02:14.761+0000] {base.py:73} INFO - Using connection ID 'airbyte_to_bigquery' for task execution.
[2024-12-12T15:02:17.791+0000] {base.py:73} INFO - Using connection ID 'airbyte_to_bigquery' for task execution.
[2024-12-12T15:02:20.818+0000] {base.py:73} INFO - Using connection ID 'airbyte_to_bigquery' for task execution.
[2024-12-12T15:02:23.842+0000] {base.py:73} INFO - Using connection ID 'airbyte_to_bigquery' for task execution.
[2024-12-12T15:02:26.865+0000] {base.py:73} INFO - Using connection ID 'airbyte_to_bigquery' for task execution.
[2024-12-12T15:02:29.893+0000] {base.py:73} INFO - Using connection ID 'airbyte_to_bigquery' for task execution.
[2024-12-12T15:02:32.917+0000] {base.py:73} INFO - Using connection ID 'airbyte_to_bigquery' for task execution.
[2024-12-12T15:02:35.941+0000] {base.py:73} INFO - Using connection ID 'airbyte_to_bigquery' for task execution.
[2024-12-12T15:02:38.969+0000] {base.py:73} INFO - Using connection ID 'airbyte_to_bigquery' for task execution.
[2024-12-12T15:02:42.000+0000] {base.py:73} INFO - Using connection ID 'airbyte_to_bigquery' for task execution.
[2024-12-12T15:02:45.027+0000] {base.py:73} INFO - Using connection ID 'airbyte_to_bigquery' for task execution.
[2024-12-12T15:02:45.043+0000] {airbyte.py:81} INFO - Job 62 completed successfully
[2024-12-12T15:02:45.076+0000] {taskinstance.py:1323} INFO - Marking task as SUCCESS. dag_id=PolygonAPI_to_BigQuery, task_id=sync_data_connection_1, execution_date=20241212T025859, start_date=20241212T145916, end_date=20241212T150245
[2024-12-12T15:02:45.116+0000] {local_task_job.py:208} INFO - Task exited with return code 0
[2024-12-12T15:02:45.135+0000] {taskinstance.py:2578} INFO - 0 downstream tasks scheduled from follow-on schedule check
