[2024-12-03T13:01:09.963+0000] {taskinstance.py:1083} INFO - Dependencies all met for <TaskInstance: PolygonAPI_to_BigQuery.sync_polygon_data scheduled__2024-12-03T05:00:00+00:00 [queued]>
[2024-12-03T13:01:09.972+0000] {taskinstance.py:1083} INFO - Dependencies all met for <TaskInstance: PolygonAPI_to_BigQuery.sync_polygon_data scheduled__2024-12-03T05:00:00+00:00 [queued]>
[2024-12-03T13:01:09.973+0000] {taskinstance.py:1279} INFO - 
--------------------------------------------------------------------------------
[2024-12-03T13:01:09.974+0000] {taskinstance.py:1280} INFO - Starting attempt 2 of 2
[2024-12-03T13:01:09.974+0000] {taskinstance.py:1281} INFO - 
--------------------------------------------------------------------------------
[2024-12-03T13:01:09.990+0000] {taskinstance.py:1300} INFO - Executing <Task(AirbyteTriggerSyncOperator): sync_polygon_data> on 2024-12-03 05:00:00+00:00
[2024-12-03T13:01:09.995+0000] {standard_task_runner.py:55} INFO - Started process 53236 to run task
[2024-12-03T13:01:09.998+0000] {standard_task_runner.py:82} INFO - Running: ['***', 'tasks', 'run', 'PolygonAPI_to_BigQuery', 'sync_polygon_data', 'scheduled__2024-12-03T05:00:00+00:00', '--job-id', '38', '--raw', '--subdir', 'DAGS_FOLDER/polygon_to_BigQuery_sync.py', '--cfg-path', '/tmp/tmpw8_xjxes']
[2024-12-03T13:01:09.999+0000] {standard_task_runner.py:83} INFO - Job 38: Subtask sync_polygon_data
[2024-12-03T13:01:10.067+0000] {task_command.py:388} INFO - Running <TaskInstance: PolygonAPI_to_BigQuery.sync_polygon_data scheduled__2024-12-03T05:00:00+00:00 [running]> on host 5ecff608e4ff
[2024-12-03T13:01:10.142+0000] {taskinstance.py:1509} INFO - Exporting the following env vars:
AIRFLOW_CTX_DAG_OWNER=***
AIRFLOW_CTX_DAG_ID=PolygonAPI_to_BigQuery
AIRFLOW_CTX_TASK_ID=sync_polygon_data
AIRFLOW_CTX_EXECUTION_DATE=2024-12-03T05:00:00+00:00
AIRFLOW_CTX_TRY_NUMBER=2
AIRFLOW_CTX_DAG_RUN_ID=scheduled__2024-12-03T05:00:00+00:00
[2024-12-03T13:01:10.153+0000] {base.py:73} INFO - Using connection ID 'airbyte_to_bigquery' for task execution.
[2024-12-03T13:01:11.176+0000] {airbyte.py:77} INFO - Job 25 was submitted to Airbyte Server
[2024-12-03T13:01:11.177+0000] {airbyte.py:79} INFO - Waiting for job 25 to complete
[2024-12-03T13:01:14.191+0000] {base.py:73} INFO - Using connection ID 'airbyte_to_bigquery' for task execution.
[2024-12-03T13:01:17.231+0000] {base.py:73} INFO - Using connection ID 'airbyte_to_bigquery' for task execution.
[2024-12-03T13:01:20.283+0000] {base.py:73} INFO - Using connection ID 'airbyte_to_bigquery' for task execution.
[2024-12-03T13:01:23.322+0000] {base.py:73} INFO - Using connection ID 'airbyte_to_bigquery' for task execution.
[2024-12-03T13:01:26.357+0000] {base.py:73} INFO - Using connection ID 'airbyte_to_bigquery' for task execution.
[2024-12-03T13:01:29.396+0000] {base.py:73} INFO - Using connection ID 'airbyte_to_bigquery' for task execution.
[2024-12-03T13:01:32.474+0000] {base.py:73} INFO - Using connection ID 'airbyte_to_bigquery' for task execution.
[2024-12-03T13:01:35.539+0000] {base.py:73} INFO - Using connection ID 'airbyte_to_bigquery' for task execution.
[2024-12-03T13:01:38.598+0000] {base.py:73} INFO - Using connection ID 'airbyte_to_bigquery' for task execution.
[2024-12-03T13:01:41.646+0000] {base.py:73} INFO - Using connection ID 'airbyte_to_bigquery' for task execution.
[2024-12-03T13:01:44.684+0000] {base.py:73} INFO - Using connection ID 'airbyte_to_bigquery' for task execution.
[2024-12-03T13:01:47.774+0000] {base.py:73} INFO - Using connection ID 'airbyte_to_bigquery' for task execution.
[2024-12-03T13:01:50.833+0000] {base.py:73} INFO - Using connection ID 'airbyte_to_bigquery' for task execution.
[2024-12-03T13:01:53.915+0000] {base.py:73} INFO - Using connection ID 'airbyte_to_bigquery' for task execution.
[2024-12-03T13:01:56.958+0000] {base.py:73} INFO - Using connection ID 'airbyte_to_bigquery' for task execution.
[2024-12-03T13:01:59.982+0000] {base.py:73} INFO - Using connection ID 'airbyte_to_bigquery' for task execution.
[2024-12-03T13:02:03.007+0000] {base.py:73} INFO - Using connection ID 'airbyte_to_bigquery' for task execution.
[2024-12-03T13:02:06.036+0000] {base.py:73} INFO - Using connection ID 'airbyte_to_bigquery' for task execution.
[2024-12-03T13:02:09.072+0000] {base.py:73} INFO - Using connection ID 'airbyte_to_bigquery' for task execution.
[2024-12-03T13:02:12.102+0000] {base.py:73} INFO - Using connection ID 'airbyte_to_bigquery' for task execution.
[2024-12-03T13:02:15.128+0000] {base.py:73} INFO - Using connection ID 'airbyte_to_bigquery' for task execution.
[2024-12-03T13:02:18.171+0000] {base.py:73} INFO - Using connection ID 'airbyte_to_bigquery' for task execution.
[2024-12-03T13:02:18.198+0000] {airbyte.py:81} INFO - Job 25 completed successfully
[2024-12-03T13:02:18.222+0000] {taskinstance.py:1323} INFO - Marking task as SUCCESS. dag_id=PolygonAPI_to_BigQuery, task_id=sync_polygon_data, execution_date=20241203T050000, start_date=20241203T130109, end_date=20241203T130218
[2024-12-03T13:02:18.244+0000] {local_task_job.py:208} INFO - Task exited with return code 0
[2024-12-03T13:02:18.262+0000] {taskinstance.py:2578} INFO - 0 downstream tasks scheduled from follow-on schedule check
