[2025-01-18T00:58:39.532+0000] {taskinstance.py:1159} INFO - Dependencies all met for dep_context=non-requeueable deps ti=<TaskInstance: PolygonAPI_to_BigQuery.sync_data_connection_1 manual__2025-01-18T00:58:32.788564+00:00 [queued]>
[2025-01-18T00:58:39.552+0000] {taskinstance.py:1159} INFO - Dependencies all met for dep_context=requeueable deps ti=<TaskInstance: PolygonAPI_to_BigQuery.sync_data_connection_1 manual__2025-01-18T00:58:32.788564+00:00 [queued]>
[2025-01-18T00:58:39.553+0000] {taskinstance.py:1361} INFO - Starting attempt 1 of 2
[2025-01-18T00:58:39.584+0000] {taskinstance.py:1382} INFO - Executing <Task(AirbyteTriggerSyncOperator): sync_data_connection_1> on 2025-01-18 00:58:32.788564+00:00
[2025-01-18T00:58:39.594+0000] {standard_task_runner.py:57} INFO - Started process 97 to run task
[2025-01-18T00:58:39.601+0000] {standard_task_runner.py:84} INFO - Running: ['***', 'tasks', 'run', 'PolygonAPI_to_BigQuery', 'sync_data_connection_1', 'manual__2025-01-18T00:58:32.788564+00:00', '--job-id', '515', '--raw', '--subdir', 'DAGS_FOLDER/polygon_to_bigquery.py', '--cfg-path', '/tmp/tmpzqucltpi']
[2025-01-18T00:58:39.612+0000] {standard_task_runner.py:85} INFO - Job 515: Subtask sync_data_connection_1
[2025-01-18T00:58:39.694+0000] {task_command.py:415} INFO - Running <TaskInstance: PolygonAPI_to_BigQuery.sync_data_connection_1 manual__2025-01-18T00:58:32.788564+00:00 [running]> on host a7a323ab681c
[2025-01-18T00:58:40.327+0000] {taskinstance.py:1660} INFO - Exporting env vars: AIRFLOW_CTX_DAG_OWNER='***' AIRFLOW_CTX_DAG_ID='PolygonAPI_to_BigQuery' AIRFLOW_CTX_TASK_ID='sync_data_connection_1' AIRFLOW_CTX_EXECUTION_DATE='2025-01-18T00:58:32.788564+00:00' AIRFLOW_CTX_TRY_NUMBER='1' AIRFLOW_CTX_DAG_RUN_ID='manual__2025-01-18T00:58:32.788564+00:00'
[2025-01-18T00:58:40.346+0000] {base.py:73} INFO - Using connection ID 'airbyte_to_bigquery' for task execution.
[2025-01-18T00:58:41.784+0000] {airbyte.py:95} INFO - Job 412 was submitted to Airbyte Server
[2025-01-18T00:58:41.785+0000] {airbyte.py:97} INFO - Waiting for job 412 to complete
[2025-01-18T00:58:44.810+0000] {base.py:73} INFO - Using connection ID 'airbyte_to_bigquery' for task execution.
[2025-01-18T00:58:47.902+0000] {base.py:73} INFO - Using connection ID 'airbyte_to_bigquery' for task execution.
[2025-01-18T00:58:51.013+0000] {base.py:73} INFO - Using connection ID 'airbyte_to_bigquery' for task execution.
[2025-01-18T00:58:54.166+0000] {base.py:73} INFO - Using connection ID 'airbyte_to_bigquery' for task execution.
[2025-01-18T00:58:58.343+0000] {base.py:73} INFO - Using connection ID 'airbyte_to_bigquery' for task execution.
[2025-01-18T00:59:01.425+0000] {base.py:73} INFO - Using connection ID 'airbyte_to_bigquery' for task execution.
[2025-01-18T00:59:04.630+0000] {base.py:73} INFO - Using connection ID 'airbyte_to_bigquery' for task execution.
[2025-01-18T00:59:07.703+0000] {base.py:73} INFO - Using connection ID 'airbyte_to_bigquery' for task execution.
[2025-01-18T00:59:10.771+0000] {base.py:73} INFO - Using connection ID 'airbyte_to_bigquery' for task execution.
[2025-01-18T00:59:13.821+0000] {base.py:73} INFO - Using connection ID 'airbyte_to_bigquery' for task execution.
[2025-01-18T00:59:16.932+0000] {base.py:73} INFO - Using connection ID 'airbyte_to_bigquery' for task execution.
[2025-01-18T00:59:19.973+0000] {base.py:73} INFO - Using connection ID 'airbyte_to_bigquery' for task execution.
[2025-01-18T00:59:23.011+0000] {base.py:73} INFO - Using connection ID 'airbyte_to_bigquery' for task execution.
[2025-01-18T00:59:26.065+0000] {base.py:73} INFO - Using connection ID 'airbyte_to_bigquery' for task execution.
[2025-01-18T00:59:29.200+0000] {base.py:73} INFO - Using connection ID 'airbyte_to_bigquery' for task execution.
[2025-01-18T00:59:32.289+0000] {base.py:73} INFO - Using connection ID 'airbyte_to_bigquery' for task execution.
[2025-01-18T00:59:35.385+0000] {base.py:73} INFO - Using connection ID 'airbyte_to_bigquery' for task execution.
[2025-01-18T00:59:38.435+0000] {base.py:73} INFO - Using connection ID 'airbyte_to_bigquery' for task execution.
[2025-01-18T00:59:41.479+0000] {base.py:73} INFO - Using connection ID 'airbyte_to_bigquery' for task execution.
[2025-01-18T00:59:44.534+0000] {base.py:73} INFO - Using connection ID 'airbyte_to_bigquery' for task execution.
[2025-01-18T00:59:47.622+0000] {base.py:73} INFO - Using connection ID 'airbyte_to_bigquery' for task execution.
[2025-01-18T00:59:50.686+0000] {base.py:73} INFO - Using connection ID 'airbyte_to_bigquery' for task execution.
[2025-01-18T00:59:53.753+0000] {base.py:73} INFO - Using connection ID 'airbyte_to_bigquery' for task execution.
[2025-01-18T00:59:56.803+0000] {base.py:73} INFO - Using connection ID 'airbyte_to_bigquery' for task execution.
[2025-01-18T00:59:59.835+0000] {base.py:73} INFO - Using connection ID 'airbyte_to_bigquery' for task execution.
[2025-01-18T01:00:02.880+0000] {base.py:73} INFO - Using connection ID 'airbyte_to_bigquery' for task execution.
[2025-01-18T01:00:05.934+0000] {base.py:73} INFO - Using connection ID 'airbyte_to_bigquery' for task execution.
[2025-01-18T01:00:08.973+0000] {base.py:73} INFO - Using connection ID 'airbyte_to_bigquery' for task execution.
[2025-01-18T01:00:11.997+0000] {base.py:73} INFO - Using connection ID 'airbyte_to_bigquery' for task execution.
[2025-01-18T01:00:15.025+0000] {base.py:73} INFO - Using connection ID 'airbyte_to_bigquery' for task execution.
[2025-01-18T01:00:18.059+0000] {base.py:73} INFO - Using connection ID 'airbyte_to_bigquery' for task execution.
[2025-01-18T01:00:21.102+0000] {base.py:73} INFO - Using connection ID 'airbyte_to_bigquery' for task execution.
[2025-01-18T01:00:24.151+0000] {base.py:73} INFO - Using connection ID 'airbyte_to_bigquery' for task execution.
[2025-01-18T01:00:27.181+0000] {base.py:73} INFO - Using connection ID 'airbyte_to_bigquery' for task execution.
[2025-01-18T01:00:30.214+0000] {base.py:73} INFO - Using connection ID 'airbyte_to_bigquery' for task execution.
[2025-01-18T01:00:33.271+0000] {base.py:73} INFO - Using connection ID 'airbyte_to_bigquery' for task execution.
[2025-01-18T01:00:33.308+0000] {airbyte.py:124} INFO - Job 412 completed successfully
[2025-01-18T01:00:33.367+0000] {taskinstance.py:1400} INFO - Marking task as SUCCESS. dag_id=PolygonAPI_to_BigQuery, task_id=sync_data_connection_1, execution_date=20250118T005832, start_date=20250118T005839, end_date=20250118T010033
[2025-01-18T01:00:33.443+0000] {local_task_job_runner.py:228} INFO - Task exited with return code 0
[2025-01-18T01:00:33.564+0000] {taskinstance.py:2784} INFO - 0 downstream tasks scheduled from follow-on schedule check
