[2025-01-09T00:00:04.491+0000] {taskinstance.py:1083} INFO - Dependencies all met for <TaskInstance: PolygonAPI_to_BigQuery.sync_data_connection_5 scheduled__2025-01-08T00:00:00+00:00 [queued]>
[2025-01-09T00:00:04.524+0000] {taskinstance.py:1083} INFO - Dependencies all met for <TaskInstance: PolygonAPI_to_BigQuery.sync_data_connection_5 scheduled__2025-01-08T00:00:00+00:00 [queued]>
[2025-01-09T00:00:04.529+0000] {taskinstance.py:1279} INFO - 
--------------------------------------------------------------------------------
[2025-01-09T00:00:04.530+0000] {taskinstance.py:1280} INFO - Starting attempt 1 of 2
[2025-01-09T00:00:04.530+0000] {taskinstance.py:1281} INFO - 
--------------------------------------------------------------------------------
[2025-01-09T00:00:04.568+0000] {taskinstance.py:1300} INFO - Executing <Task(AirbyteTriggerSyncOperator): sync_data_connection_5> on 2025-01-08 00:00:00+00:00
[2025-01-09T00:00:04.573+0000] {standard_task_runner.py:55} INFO - Started process 1534 to run task
[2025-01-09T00:00:04.577+0000] {standard_task_runner.py:82} INFO - Running: ['***', 'tasks', 'run', 'PolygonAPI_to_BigQuery', 'sync_data_connection_5', 'scheduled__2025-01-08T00:00:00+00:00', '--job-id', '645', '--raw', '--subdir', 'DAGS_FOLDER/polygon_to_bigquery.py', '--cfg-path', '/tmp/tmpl9v91pe9']
[2025-01-09T00:00:04.578+0000] {standard_task_runner.py:83} INFO - Job 645: Subtask sync_data_connection_5
[2025-01-09T00:00:04.690+0000] {task_command.py:388} INFO - Running <TaskInstance: PolygonAPI_to_BigQuery.sync_data_connection_5 scheduled__2025-01-08T00:00:00+00:00 [running]> on host 65047f1edb18
[2025-01-09T00:00:04.841+0000] {taskinstance.py:1509} INFO - Exporting the following env vars:
AIRFLOW_CTX_DAG_OWNER=***
AIRFLOW_CTX_DAG_ID=PolygonAPI_to_BigQuery
AIRFLOW_CTX_TASK_ID=sync_data_connection_5
AIRFLOW_CTX_EXECUTION_DATE=2025-01-08T00:00:00+00:00
AIRFLOW_CTX_TRY_NUMBER=1
AIRFLOW_CTX_DAG_RUN_ID=scheduled__2025-01-08T00:00:00+00:00
[2025-01-09T00:00:04.876+0000] {base.py:73} INFO - Using connection ID 'airbyte_to_bigquery' for task execution.
[2025-01-09T00:00:08.304+0000] {airbyte.py:77} INFO - Job 242 was submitted to Airbyte Server
[2025-01-09T00:00:08.305+0000] {airbyte.py:79} INFO - Waiting for job 242 to complete
[2025-01-09T00:00:11.313+0000] {base.py:73} INFO - Using connection ID 'airbyte_to_bigquery' for task execution.
[2025-01-09T00:00:14.347+0000] {base.py:73} INFO - Using connection ID 'airbyte_to_bigquery' for task execution.
[2025-01-09T00:00:17.393+0000] {base.py:73} INFO - Using connection ID 'airbyte_to_bigquery' for task execution.
[2025-01-09T00:00:20.445+0000] {base.py:73} INFO - Using connection ID 'airbyte_to_bigquery' for task execution.
[2025-01-09T00:00:23.882+0000] {base.py:73} INFO - Using connection ID 'airbyte_to_bigquery' for task execution.
[2025-01-09T00:00:26.911+0000] {base.py:73} INFO - Using connection ID 'airbyte_to_bigquery' for task execution.
[2025-01-09T00:00:29.943+0000] {base.py:73} INFO - Using connection ID 'airbyte_to_bigquery' for task execution.
[2025-01-09T00:00:32.978+0000] {base.py:73} INFO - Using connection ID 'airbyte_to_bigquery' for task execution.
[2025-01-09T00:00:36.041+0000] {base.py:73} INFO - Using connection ID 'airbyte_to_bigquery' for task execution.
[2025-01-09T00:00:39.125+0000] {base.py:73} INFO - Using connection ID 'airbyte_to_bigquery' for task execution.
[2025-01-09T00:00:42.181+0000] {base.py:73} INFO - Using connection ID 'airbyte_to_bigquery' for task execution.
[2025-01-09T00:00:45.214+0000] {base.py:73} INFO - Using connection ID 'airbyte_to_bigquery' for task execution.
[2025-01-09T00:00:48.254+0000] {base.py:73} INFO - Using connection ID 'airbyte_to_bigquery' for task execution.
[2025-01-09T00:00:51.293+0000] {base.py:73} INFO - Using connection ID 'airbyte_to_bigquery' for task execution.
[2025-01-09T00:00:54.340+0000] {base.py:73} INFO - Using connection ID 'airbyte_to_bigquery' for task execution.
[2025-01-09T00:00:57.368+0000] {base.py:73} INFO - Using connection ID 'airbyte_to_bigquery' for task execution.
[2025-01-09T00:01:00.392+0000] {base.py:73} INFO - Using connection ID 'airbyte_to_bigquery' for task execution.
[2025-01-09T00:01:03.417+0000] {base.py:73} INFO - Using connection ID 'airbyte_to_bigquery' for task execution.
[2025-01-09T00:01:06.449+0000] {base.py:73} INFO - Using connection ID 'airbyte_to_bigquery' for task execution.
[2025-01-09T00:01:09.471+0000] {base.py:73} INFO - Using connection ID 'airbyte_to_bigquery' for task execution.
[2025-01-09T00:01:12.495+0000] {base.py:73} INFO - Using connection ID 'airbyte_to_bigquery' for task execution.
[2025-01-09T00:01:15.520+0000] {base.py:73} INFO - Using connection ID 'airbyte_to_bigquery' for task execution.
[2025-01-09T00:01:18.546+0000] {base.py:73} INFO - Using connection ID 'airbyte_to_bigquery' for task execution.
[2025-01-09T00:01:21.581+0000] {base.py:73} INFO - Using connection ID 'airbyte_to_bigquery' for task execution.
[2025-01-09T00:01:24.605+0000] {base.py:73} INFO - Using connection ID 'airbyte_to_bigquery' for task execution.
[2025-01-09T00:01:27.660+0000] {base.py:73} INFO - Using connection ID 'airbyte_to_bigquery' for task execution.
[2025-01-09T00:01:30.688+0000] {base.py:73} INFO - Using connection ID 'airbyte_to_bigquery' for task execution.
[2025-01-09T00:01:30.707+0000] {airbyte.py:81} INFO - Job 242 completed successfully
[2025-01-09T00:01:30.861+0000] {taskinstance.py:1323} INFO - Marking task as SUCCESS. dag_id=PolygonAPI_to_BigQuery, task_id=sync_data_connection_5, execution_date=20250108T000000, start_date=20250109T000004, end_date=20250109T000130
[2025-01-09T00:01:30.968+0000] {local_task_job.py:208} INFO - Task exited with return code 0
[2025-01-09T00:01:30.999+0000] {taskinstance.py:2578} INFO - 0 downstream tasks scheduled from follow-on schedule check
