[2025-01-11T00:00:02.676+0000] {taskinstance.py:1159} INFO - Dependencies all met for dep_context=non-requeueable deps ti=<TaskInstance: PolygonAPI_to_BigQuery.sync_data_connection_4 scheduled__2025-01-10T00:00:00+00:00 [queued]>
[2025-01-11T00:00:02.688+0000] {taskinstance.py:1159} INFO - Dependencies all met for dep_context=requeueable deps ti=<TaskInstance: PolygonAPI_to_BigQuery.sync_data_connection_4 scheduled__2025-01-10T00:00:00+00:00 [queued]>
[2025-01-11T00:00:02.689+0000] {taskinstance.py:1361} INFO - Starting attempt 1 of 2
[2025-01-11T00:00:02.707+0000] {taskinstance.py:1382} INFO - Executing <Task(AirbyteTriggerSyncOperator): sync_data_connection_4> on 2025-01-10 00:00:00+00:00
[2025-01-11T00:00:02.715+0000] {standard_task_runner.py:57} INFO - Started process 4027 to run task
[2025-01-11T00:00:02.719+0000] {standard_task_runner.py:84} INFO - Running: ['***', 'tasks', 'run', 'PolygonAPI_to_BigQuery', 'sync_data_connection_4', 'scheduled__2025-01-10T00:00:00+00:00', '--job-id', '249', '--raw', '--subdir', 'DAGS_FOLDER/polygon_to_bigquery.py', '--cfg-path', '/tmp/tmprc0aigxp']
[2025-01-11T00:00:02.724+0000] {standard_task_runner.py:85} INFO - Job 249: Subtask sync_data_connection_4
[2025-01-11T00:00:02.786+0000] {task_command.py:415} INFO - Running <TaskInstance: PolygonAPI_to_BigQuery.sync_data_connection_4 scheduled__2025-01-10T00:00:00+00:00 [running]> on host 14d3c5da66eb
[2025-01-11T00:00:03.128+0000] {taskinstance.py:1660} INFO - Exporting env vars: AIRFLOW_CTX_DAG_OWNER='***' AIRFLOW_CTX_DAG_ID='PolygonAPI_to_BigQuery' AIRFLOW_CTX_TASK_ID='sync_data_connection_4' AIRFLOW_CTX_EXECUTION_DATE='2025-01-10T00:00:00+00:00' AIRFLOW_CTX_TRY_NUMBER='1' AIRFLOW_CTX_DAG_RUN_ID='scheduled__2025-01-10T00:00:00+00:00'
[2025-01-11T00:00:03.138+0000] {base.py:73} INFO - Using connection ID 'airbyte_to_bigquery' for task execution.
[2025-01-11T00:00:04.101+0000] {airbyte.py:95} INFO - Job 250 was submitted to Airbyte Server
[2025-01-11T00:00:04.102+0000] {airbyte.py:97} INFO - Waiting for job 250 to complete
[2025-01-11T00:00:07.139+0000] {base.py:73} INFO - Using connection ID 'airbyte_to_bigquery' for task execution.
[2025-01-11T00:00:10.234+0000] {base.py:73} INFO - Using connection ID 'airbyte_to_bigquery' for task execution.
[2025-01-11T00:00:13.399+0000] {base.py:73} INFO - Using connection ID 'airbyte_to_bigquery' for task execution.
[2025-01-11T00:00:16.457+0000] {base.py:73} INFO - Using connection ID 'airbyte_to_bigquery' for task execution.
[2025-01-11T00:00:19.537+0000] {base.py:73} INFO - Using connection ID 'airbyte_to_bigquery' for task execution.
[2025-01-11T00:00:22.592+0000] {base.py:73} INFO - Using connection ID 'airbyte_to_bigquery' for task execution.
[2025-01-11T00:00:25.630+0000] {base.py:73} INFO - Using connection ID 'airbyte_to_bigquery' for task execution.
[2025-01-11T00:00:28.655+0000] {base.py:73} INFO - Using connection ID 'airbyte_to_bigquery' for task execution.
[2025-01-11T00:00:31.678+0000] {base.py:73} INFO - Using connection ID 'airbyte_to_bigquery' for task execution.
[2025-01-11T00:00:34.737+0000] {base.py:73} INFO - Using connection ID 'airbyte_to_bigquery' for task execution.
[2025-01-11T00:00:37.788+0000] {base.py:73} INFO - Using connection ID 'airbyte_to_bigquery' for task execution.
[2025-01-11T00:00:40.837+0000] {base.py:73} INFO - Using connection ID 'airbyte_to_bigquery' for task execution.
[2025-01-11T00:00:43.897+0000] {base.py:73} INFO - Using connection ID 'airbyte_to_bigquery' for task execution.
[2025-01-11T00:00:46.933+0000] {base.py:73} INFO - Using connection ID 'airbyte_to_bigquery' for task execution.
[2025-01-11T00:00:49.971+0000] {base.py:73} INFO - Using connection ID 'airbyte_to_bigquery' for task execution.
[2025-01-11T00:00:53.001+0000] {base.py:73} INFO - Using connection ID 'airbyte_to_bigquery' for task execution.
[2025-01-11T00:00:56.030+0000] {base.py:73} INFO - Using connection ID 'airbyte_to_bigquery' for task execution.
[2025-01-11T00:00:59.055+0000] {base.py:73} INFO - Using connection ID 'airbyte_to_bigquery' for task execution.
[2025-01-11T00:01:02.080+0000] {base.py:73} INFO - Using connection ID 'airbyte_to_bigquery' for task execution.
[2025-01-11T00:01:05.105+0000] {base.py:73} INFO - Using connection ID 'airbyte_to_bigquery' for task execution.
[2025-01-11T00:01:08.129+0000] {base.py:73} INFO - Using connection ID 'airbyte_to_bigquery' for task execution.
[2025-01-11T00:01:11.154+0000] {base.py:73} INFO - Using connection ID 'airbyte_to_bigquery' for task execution.
[2025-01-11T00:01:14.175+0000] {base.py:73} INFO - Using connection ID 'airbyte_to_bigquery' for task execution.
[2025-01-11T00:01:17.202+0000] {base.py:73} INFO - Using connection ID 'airbyte_to_bigquery' for task execution.
[2025-01-11T00:01:20.229+0000] {base.py:73} INFO - Using connection ID 'airbyte_to_bigquery' for task execution.
[2025-01-11T00:01:23.252+0000] {base.py:73} INFO - Using connection ID 'airbyte_to_bigquery' for task execution.
[2025-01-11T00:01:26.277+0000] {base.py:73} INFO - Using connection ID 'airbyte_to_bigquery' for task execution.
[2025-01-11T00:01:29.305+0000] {base.py:73} INFO - Using connection ID 'airbyte_to_bigquery' for task execution.
[2025-01-11T00:01:32.335+0000] {base.py:73} INFO - Using connection ID 'airbyte_to_bigquery' for task execution.
[2025-01-11T00:01:32.369+0000] {airbyte.py:124} INFO - Job 250 completed successfully
[2025-01-11T00:01:32.416+0000] {taskinstance.py:1400} INFO - Marking task as SUCCESS. dag_id=PolygonAPI_to_BigQuery, task_id=sync_data_connection_4, execution_date=20250110T000000, start_date=20250111T000002, end_date=20250111T000132
[2025-01-11T00:01:32.490+0000] {local_task_job_runner.py:228} INFO - Task exited with return code 0
[2025-01-11T00:01:32.555+0000] {taskinstance.py:2784} INFO - 0 downstream tasks scheduled from follow-on schedule check
