[2025-01-13T02:59:26.167+0000] {taskinstance.py:1159} INFO - Dependencies all met for dep_context=non-requeueable deps ti=<TaskInstance: PolygonAPI_to_BigQuery.sync_data_connection_2 manual__2025-01-13T02:59:22.940216+00:00 [queued]>
[2025-01-13T02:59:26.187+0000] {taskinstance.py:1159} INFO - Dependencies all met for dep_context=requeueable deps ti=<TaskInstance: PolygonAPI_to_BigQuery.sync_data_connection_2 manual__2025-01-13T02:59:22.940216+00:00 [queued]>
[2025-01-13T02:59:26.187+0000] {taskinstance.py:1361} INFO - Starting attempt 1 of 2
[2025-01-13T02:59:26.213+0000] {taskinstance.py:1382} INFO - Executing <Task(AirbyteTriggerSyncOperator): sync_data_connection_2> on 2025-01-13 02:59:22.940216+00:00
[2025-01-13T02:59:26.220+0000] {standard_task_runner.py:57} INFO - Started process 3087 to run task
[2025-01-13T02:59:26.225+0000] {standard_task_runner.py:84} INFO - Running: ['***', 'tasks', 'run', 'PolygonAPI_to_BigQuery', 'sync_data_connection_2', 'manual__2025-01-13T02:59:22.940216+00:00', '--job-id', '341', '--raw', '--subdir', 'DAGS_FOLDER/polygon_to_bigquery.py', '--cfg-path', '/tmp/tmp92wk6fs7']
[2025-01-13T02:59:26.229+0000] {standard_task_runner.py:85} INFO - Job 341: Subtask sync_data_connection_2
[2025-01-13T02:59:26.305+0000] {task_command.py:415} INFO - Running <TaskInstance: PolygonAPI_to_BigQuery.sync_data_connection_2 manual__2025-01-13T02:59:22.940216+00:00 [running]> on host 5bdaf9e12d64
[2025-01-13T02:59:27.311+0000] {taskinstance.py:1660} INFO - Exporting env vars: AIRFLOW_CTX_DAG_OWNER='***' AIRFLOW_CTX_DAG_ID='PolygonAPI_to_BigQuery' AIRFLOW_CTX_TASK_ID='sync_data_connection_2' AIRFLOW_CTX_EXECUTION_DATE='2025-01-13T02:59:22.940216+00:00' AIRFLOW_CTX_TRY_NUMBER='1' AIRFLOW_CTX_DAG_RUN_ID='manual__2025-01-13T02:59:22.940216+00:00'
[2025-01-13T02:59:27.337+0000] {base.py:73} INFO - Using connection ID 'airbyte_to_bigquery' for task execution.
[2025-01-13T02:59:27.931+0000] {airbyte.py:95} INFO - Job 325 was submitted to Airbyte Server
[2025-01-13T02:59:27.932+0000] {airbyte.py:97} INFO - Waiting for job 325 to complete
[2025-01-13T02:59:30.954+0000] {base.py:73} INFO - Using connection ID 'airbyte_to_bigquery' for task execution.
[2025-01-13T02:59:34.014+0000] {base.py:73} INFO - Using connection ID 'airbyte_to_bigquery' for task execution.
[2025-01-13T02:59:37.089+0000] {base.py:73} INFO - Using connection ID 'airbyte_to_bigquery' for task execution.
[2025-01-13T02:59:40.138+0000] {base.py:73} INFO - Using connection ID 'airbyte_to_bigquery' for task execution.
[2025-01-13T02:59:43.196+0000] {base.py:73} INFO - Using connection ID 'airbyte_to_bigquery' for task execution.
[2025-01-13T02:59:46.269+0000] {base.py:73} INFO - Using connection ID 'airbyte_to_bigquery' for task execution.
[2025-01-13T02:59:49.345+0000] {base.py:73} INFO - Using connection ID 'airbyte_to_bigquery' for task execution.
[2025-01-13T02:59:52.486+0000] {base.py:73} INFO - Using connection ID 'airbyte_to_bigquery' for task execution.
[2025-01-13T02:59:55.658+0000] {base.py:73} INFO - Using connection ID 'airbyte_to_bigquery' for task execution.
[2025-01-13T02:59:58.743+0000] {base.py:73} INFO - Using connection ID 'airbyte_to_bigquery' for task execution.
[2025-01-13T03:00:01.796+0000] {base.py:73} INFO - Using connection ID 'airbyte_to_bigquery' for task execution.
[2025-01-13T03:00:04.846+0000] {base.py:73} INFO - Using connection ID 'airbyte_to_bigquery' for task execution.
[2025-01-13T03:00:07.888+0000] {base.py:73} INFO - Using connection ID 'airbyte_to_bigquery' for task execution.
[2025-01-13T03:00:10.927+0000] {base.py:73} INFO - Using connection ID 'airbyte_to_bigquery' for task execution.
[2025-01-13T03:00:13.965+0000] {base.py:73} INFO - Using connection ID 'airbyte_to_bigquery' for task execution.
[2025-01-13T03:00:16.996+0000] {base.py:73} INFO - Using connection ID 'airbyte_to_bigquery' for task execution.
[2025-01-13T03:00:20.031+0000] {base.py:73} INFO - Using connection ID 'airbyte_to_bigquery' for task execution.
[2025-01-13T03:00:23.058+0000] {base.py:73} INFO - Using connection ID 'airbyte_to_bigquery' for task execution.
[2025-01-13T03:00:26.085+0000] {base.py:73} INFO - Using connection ID 'airbyte_to_bigquery' for task execution.
[2025-01-13T03:00:29.111+0000] {base.py:73} INFO - Using connection ID 'airbyte_to_bigquery' for task execution.
[2025-01-13T03:00:32.132+0000] {base.py:73} INFO - Using connection ID 'airbyte_to_bigquery' for task execution.
[2025-01-13T03:00:35.160+0000] {base.py:73} INFO - Using connection ID 'airbyte_to_bigquery' for task execution.
[2025-01-13T03:00:38.191+0000] {base.py:73} INFO - Using connection ID 'airbyte_to_bigquery' for task execution.
[2025-01-13T03:00:41.225+0000] {base.py:73} INFO - Using connection ID 'airbyte_to_bigquery' for task execution.
[2025-01-13T03:00:44.259+0000] {base.py:73} INFO - Using connection ID 'airbyte_to_bigquery' for task execution.
[2025-01-13T03:00:47.291+0000] {base.py:73} INFO - Using connection ID 'airbyte_to_bigquery' for task execution.
[2025-01-13T03:00:50.317+0000] {base.py:73} INFO - Using connection ID 'airbyte_to_bigquery' for task execution.
[2025-01-13T03:00:53.351+0000] {base.py:73} INFO - Using connection ID 'airbyte_to_bigquery' for task execution.
[2025-01-13T03:00:56.380+0000] {base.py:73} INFO - Using connection ID 'airbyte_to_bigquery' for task execution.
[2025-01-13T03:00:56.402+0000] {airbyte.py:124} INFO - Job 325 completed successfully
[2025-01-13T03:00:56.441+0000] {taskinstance.py:1400} INFO - Marking task as SUCCESS. dag_id=PolygonAPI_to_BigQuery, task_id=sync_data_connection_2, execution_date=20250113T025922, start_date=20250113T025926, end_date=20250113T030056
[2025-01-13T03:00:56.480+0000] {local_task_job_runner.py:228} INFO - Task exited with return code 0
[2025-01-13T03:00:56.551+0000] {taskinstance.py:2784} INFO - 0 downstream tasks scheduled from follow-on schedule check
