[2025-01-05T21:17:50.022+0000] {processor.py:153} INFO - Started process (PID=61) to work on /opt/airflow/dags/polygon_to_bigquery.py
[2025-01-05T21:17:50.023+0000] {processor.py:743} INFO - Processing file /opt/airflow/dags/polygon_to_bigquery.py for tasks to queue
[2025-01-05T21:17:50.026+0000] {logging_mixin.py:137} INFO - [2025-01-05T21:17:50.025+0000] {dagbag.py:538} INFO - Filling up the DagBag from /opt/airflow/dags/polygon_to_bigquery.py
[2025-01-05T21:17:50.134+0000] {processor.py:753} INFO - DAG(s) dict_keys(['PolygonAPI_to_BigQuery']) retrieved from /opt/airflow/dags/polygon_to_bigquery.py
[2025-01-05T21:17:50.328+0000] {logging_mixin.py:137} INFO - [2025-01-05T21:17:50.328+0000] {dag.py:2690} INFO - Sync 1 DAGs
[2025-01-05T21:17:50.401+0000] {logging_mixin.py:137} INFO - [2025-01-05T21:17:50.401+0000] {dag.py:3441} INFO - Setting next_dagrun for PolygonAPI_to_BigQuery to 2025-01-05T00:00:00+00:00, run_after=2025-01-06T00:00:00+00:00
[2025-01-05T21:17:50.448+0000] {processor.py:175} INFO - Processing /opt/airflow/dags/polygon_to_bigquery.py took 0.434 seconds
[2025-01-05T21:18:21.463+0000] {processor.py:153} INFO - Started process (PID=141) to work on /opt/airflow/dags/polygon_to_bigquery.py
[2025-01-05T21:18:21.464+0000] {processor.py:743} INFO - Processing file /opt/airflow/dags/polygon_to_bigquery.py for tasks to queue
[2025-01-05T21:18:21.465+0000] {logging_mixin.py:137} INFO - [2025-01-05T21:18:21.465+0000] {dagbag.py:538} INFO - Filling up the DagBag from /opt/airflow/dags/polygon_to_bigquery.py
[2025-01-05T21:18:21.498+0000] {processor.py:753} INFO - DAG(s) dict_keys(['PolygonAPI_to_BigQuery']) retrieved from /opt/airflow/dags/polygon_to_bigquery.py
[2025-01-05T21:18:21.526+0000] {logging_mixin.py:137} INFO - [2025-01-05T21:18:21.526+0000] {dag.py:2690} INFO - Sync 1 DAGs
[2025-01-05T21:18:21.557+0000] {logging_mixin.py:137} INFO - [2025-01-05T21:18:21.557+0000] {dag.py:3441} INFO - Setting next_dagrun for PolygonAPI_to_BigQuery to 2025-01-05T00:00:00+00:00, run_after=2025-01-06T00:00:00+00:00
[2025-01-05T21:18:21.581+0000] {processor.py:175} INFO - Processing /opt/airflow/dags/polygon_to_bigquery.py took 0.122 seconds
[2025-01-05T21:18:51.701+0000] {processor.py:153} INFO - Started process (PID=231) to work on /opt/airflow/dags/polygon_to_bigquery.py
[2025-01-05T21:18:51.702+0000] {processor.py:743} INFO - Processing file /opt/airflow/dags/polygon_to_bigquery.py for tasks to queue
[2025-01-05T21:18:51.703+0000] {logging_mixin.py:137} INFO - [2025-01-05T21:18:51.703+0000] {dagbag.py:538} INFO - Filling up the DagBag from /opt/airflow/dags/polygon_to_bigquery.py
[2025-01-05T21:18:51.731+0000] {processor.py:753} INFO - DAG(s) dict_keys(['PolygonAPI_to_BigQuery']) retrieved from /opt/airflow/dags/polygon_to_bigquery.py
[2025-01-05T21:18:51.761+0000] {logging_mixin.py:137} INFO - [2025-01-05T21:18:51.761+0000] {dag.py:2690} INFO - Sync 1 DAGs
[2025-01-05T21:18:51.795+0000] {logging_mixin.py:137} INFO - [2025-01-05T21:18:51.795+0000] {dag.py:3441} INFO - Setting next_dagrun for PolygonAPI_to_BigQuery to 2025-01-05T00:00:00+00:00, run_after=2025-01-06T00:00:00+00:00
[2025-01-05T21:18:51.818+0000] {processor.py:175} INFO - Processing /opt/airflow/dags/polygon_to_bigquery.py took 0.120 seconds
[2025-01-05T21:19:22.040+0000] {processor.py:153} INFO - Started process (PID=322) to work on /opt/airflow/dags/polygon_to_bigquery.py
[2025-01-05T21:19:22.041+0000] {processor.py:743} INFO - Processing file /opt/airflow/dags/polygon_to_bigquery.py for tasks to queue
[2025-01-05T21:19:22.042+0000] {logging_mixin.py:137} INFO - [2025-01-05T21:19:22.041+0000] {dagbag.py:538} INFO - Filling up the DagBag from /opt/airflow/dags/polygon_to_bigquery.py
[2025-01-05T21:19:22.071+0000] {processor.py:753} INFO - DAG(s) dict_keys(['PolygonAPI_to_BigQuery']) retrieved from /opt/airflow/dags/polygon_to_bigquery.py
[2025-01-05T21:19:22.098+0000] {logging_mixin.py:137} INFO - [2025-01-05T21:19:22.098+0000] {dag.py:2690} INFO - Sync 1 DAGs
[2025-01-05T21:19:22.131+0000] {logging_mixin.py:137} INFO - [2025-01-05T21:19:22.131+0000] {dag.py:3441} INFO - Setting next_dagrun for PolygonAPI_to_BigQuery to 2025-01-05T00:00:00+00:00, run_after=2025-01-06T00:00:00+00:00
[2025-01-05T21:19:22.155+0000] {processor.py:175} INFO - Processing /opt/airflow/dags/polygon_to_bigquery.py took 0.119 seconds
[2025-01-05T21:19:52.996+0000] {processor.py:153} INFO - Started process (PID=410) to work on /opt/airflow/dags/polygon_to_bigquery.py
[2025-01-05T21:19:52.997+0000] {processor.py:743} INFO - Processing file /opt/airflow/dags/polygon_to_bigquery.py for tasks to queue
[2025-01-05T21:19:52.998+0000] {logging_mixin.py:137} INFO - [2025-01-05T21:19:52.998+0000] {dagbag.py:538} INFO - Filling up the DagBag from /opt/airflow/dags/polygon_to_bigquery.py
[2025-01-05T21:19:53.029+0000] {processor.py:753} INFO - DAG(s) dict_keys(['PolygonAPI_to_BigQuery']) retrieved from /opt/airflow/dags/polygon_to_bigquery.py
[2025-01-05T21:19:53.062+0000] {logging_mixin.py:137} INFO - [2025-01-05T21:19:53.062+0000] {dag.py:2690} INFO - Sync 1 DAGs
[2025-01-05T21:19:53.094+0000] {logging_mixin.py:137} INFO - [2025-01-05T21:19:53.094+0000] {dag.py:3441} INFO - Setting next_dagrun for PolygonAPI_to_BigQuery to 2025-01-05T00:00:00+00:00, run_after=2025-01-06T00:00:00+00:00
[2025-01-05T21:19:53.125+0000] {processor.py:175} INFO - Processing /opt/airflow/dags/polygon_to_bigquery.py took 0.131 seconds
[2025-01-05T21:20:24.002+0000] {processor.py:153} INFO - Started process (PID=503) to work on /opt/airflow/dags/polygon_to_bigquery.py
[2025-01-05T21:20:24.003+0000] {processor.py:743} INFO - Processing file /opt/airflow/dags/polygon_to_bigquery.py for tasks to queue
[2025-01-05T21:20:24.004+0000] {logging_mixin.py:137} INFO - [2025-01-05T21:20:24.004+0000] {dagbag.py:538} INFO - Filling up the DagBag from /opt/airflow/dags/polygon_to_bigquery.py
[2025-01-05T21:20:24.028+0000] {processor.py:753} INFO - DAG(s) dict_keys(['PolygonAPI_to_BigQuery']) retrieved from /opt/airflow/dags/polygon_to_bigquery.py
[2025-01-05T21:20:24.051+0000] {logging_mixin.py:137} INFO - [2025-01-05T21:20:24.051+0000] {dag.py:2690} INFO - Sync 1 DAGs
[2025-01-05T21:20:24.077+0000] {logging_mixin.py:137} INFO - [2025-01-05T21:20:24.077+0000] {dag.py:3441} INFO - Setting next_dagrun for PolygonAPI_to_BigQuery to 2025-01-05T00:00:00+00:00, run_after=2025-01-06T00:00:00+00:00
[2025-01-05T21:20:24.097+0000] {processor.py:175} INFO - Processing /opt/airflow/dags/polygon_to_bigquery.py took 0.099 seconds
[2025-01-05T21:20:54.634+0000] {processor.py:153} INFO - Started process (PID=590) to work on /opt/airflow/dags/polygon_to_bigquery.py
[2025-01-05T21:20:54.635+0000] {processor.py:743} INFO - Processing file /opt/airflow/dags/polygon_to_bigquery.py for tasks to queue
[2025-01-05T21:20:54.636+0000] {logging_mixin.py:137} INFO - [2025-01-05T21:20:54.636+0000] {dagbag.py:538} INFO - Filling up the DagBag from /opt/airflow/dags/polygon_to_bigquery.py
[2025-01-05T21:20:54.670+0000] {processor.py:753} INFO - DAG(s) dict_keys(['PolygonAPI_to_BigQuery']) retrieved from /opt/airflow/dags/polygon_to_bigquery.py
[2025-01-05T21:20:54.705+0000] {logging_mixin.py:137} INFO - [2025-01-05T21:20:54.705+0000] {dag.py:2690} INFO - Sync 1 DAGs
[2025-01-05T21:20:54.740+0000] {logging_mixin.py:137} INFO - [2025-01-05T21:20:54.739+0000] {dag.py:3441} INFO - Setting next_dagrun for PolygonAPI_to_BigQuery to 2025-01-05T00:00:00+00:00, run_after=2025-01-06T00:00:00+00:00
[2025-01-05T21:20:54.767+0000] {processor.py:175} INFO - Processing /opt/airflow/dags/polygon_to_bigquery.py took 0.135 seconds
[2025-01-05T21:21:24.813+0000] {processor.py:153} INFO - Started process (PID=683) to work on /opt/airflow/dags/polygon_to_bigquery.py
[2025-01-05T21:21:24.814+0000] {processor.py:743} INFO - Processing file /opt/airflow/dags/polygon_to_bigquery.py for tasks to queue
[2025-01-05T21:21:24.814+0000] {logging_mixin.py:137} INFO - [2025-01-05T21:21:24.814+0000] {dagbag.py:538} INFO - Filling up the DagBag from /opt/airflow/dags/polygon_to_bigquery.py
[2025-01-05T21:21:24.843+0000] {processor.py:753} INFO - DAG(s) dict_keys(['PolygonAPI_to_BigQuery']) retrieved from /opt/airflow/dags/polygon_to_bigquery.py
[2025-01-05T21:21:24.867+0000] {logging_mixin.py:137} INFO - [2025-01-05T21:21:24.867+0000] {dag.py:2690} INFO - Sync 1 DAGs
[2025-01-05T21:21:24.893+0000] {logging_mixin.py:137} INFO - [2025-01-05T21:21:24.893+0000] {dag.py:3441} INFO - Setting next_dagrun for PolygonAPI_to_BigQuery to 2025-01-05T00:00:00+00:00, run_after=2025-01-06T00:00:00+00:00
[2025-01-05T21:21:24.912+0000] {processor.py:175} INFO - Processing /opt/airflow/dags/polygon_to_bigquery.py took 0.103 seconds
[2025-01-05T21:21:55.070+0000] {processor.py:153} INFO - Started process (PID=763) to work on /opt/airflow/dags/polygon_to_bigquery.py
[2025-01-05T21:21:55.072+0000] {processor.py:743} INFO - Processing file /opt/airflow/dags/polygon_to_bigquery.py for tasks to queue
[2025-01-05T21:21:55.073+0000] {logging_mixin.py:137} INFO - [2025-01-05T21:21:55.073+0000] {dagbag.py:538} INFO - Filling up the DagBag from /opt/airflow/dags/polygon_to_bigquery.py
[2025-01-05T21:21:55.104+0000] {processor.py:753} INFO - DAG(s) dict_keys(['PolygonAPI_to_BigQuery']) retrieved from /opt/airflow/dags/polygon_to_bigquery.py
[2025-01-05T21:21:55.131+0000] {logging_mixin.py:137} INFO - [2025-01-05T21:21:55.130+0000] {dag.py:2690} INFO - Sync 1 DAGs
[2025-01-05T21:21:55.157+0000] {logging_mixin.py:137} INFO - [2025-01-05T21:21:55.157+0000] {dag.py:3441} INFO - Setting next_dagrun for PolygonAPI_to_BigQuery to 2025-01-05T00:00:00+00:00, run_after=2025-01-06T00:00:00+00:00
[2025-01-05T21:21:55.183+0000] {processor.py:175} INFO - Processing /opt/airflow/dags/polygon_to_bigquery.py took 0.118 seconds
[2025-01-05T21:22:25.288+0000] {processor.py:153} INFO - Started process (PID=863) to work on /opt/airflow/dags/polygon_to_bigquery.py
[2025-01-05T21:22:25.289+0000] {processor.py:743} INFO - Processing file /opt/airflow/dags/polygon_to_bigquery.py for tasks to queue
[2025-01-05T21:22:25.290+0000] {logging_mixin.py:137} INFO - [2025-01-05T21:22:25.289+0000] {dagbag.py:538} INFO - Filling up the DagBag from /opt/airflow/dags/polygon_to_bigquery.py
[2025-01-05T21:22:25.313+0000] {processor.py:753} INFO - DAG(s) dict_keys(['PolygonAPI_to_BigQuery']) retrieved from /opt/airflow/dags/polygon_to_bigquery.py
[2025-01-05T21:22:25.337+0000] {logging_mixin.py:137} INFO - [2025-01-05T21:22:25.337+0000] {dag.py:2690} INFO - Sync 1 DAGs
[2025-01-05T21:22:25.362+0000] {logging_mixin.py:137} INFO - [2025-01-05T21:22:25.362+0000] {dag.py:3441} INFO - Setting next_dagrun for PolygonAPI_to_BigQuery to 2025-01-05T00:00:00+00:00, run_after=2025-01-06T00:00:00+00:00
[2025-01-05T21:22:25.390+0000] {processor.py:175} INFO - Processing /opt/airflow/dags/polygon_to_bigquery.py took 0.106 seconds
[2025-01-05T21:22:55.464+0000] {processor.py:153} INFO - Started process (PID=944) to work on /opt/airflow/dags/polygon_to_bigquery.py
[2025-01-05T21:22:55.465+0000] {processor.py:743} INFO - Processing file /opt/airflow/dags/polygon_to_bigquery.py for tasks to queue
[2025-01-05T21:22:55.466+0000] {logging_mixin.py:137} INFO - [2025-01-05T21:22:55.465+0000] {dagbag.py:538} INFO - Filling up the DagBag from /opt/airflow/dags/polygon_to_bigquery.py
[2025-01-05T21:22:55.492+0000] {processor.py:753} INFO - DAG(s) dict_keys(['PolygonAPI_to_BigQuery']) retrieved from /opt/airflow/dags/polygon_to_bigquery.py
[2025-01-05T21:22:55.517+0000] {logging_mixin.py:137} INFO - [2025-01-05T21:22:55.517+0000] {dag.py:2690} INFO - Sync 1 DAGs
[2025-01-05T21:22:55.543+0000] {logging_mixin.py:137} INFO - [2025-01-05T21:22:55.543+0000] {dag.py:3441} INFO - Setting next_dagrun for PolygonAPI_to_BigQuery to 2025-01-05T00:00:00+00:00, run_after=2025-01-06T00:00:00+00:00
[2025-01-05T21:22:55.564+0000] {processor.py:175} INFO - Processing /opt/airflow/dags/polygon_to_bigquery.py took 0.103 seconds
[2025-01-05T21:23:25.596+0000] {processor.py:153} INFO - Started process (PID=1045) to work on /opt/airflow/dags/polygon_to_bigquery.py
[2025-01-05T21:23:25.597+0000] {processor.py:743} INFO - Processing file /opt/airflow/dags/polygon_to_bigquery.py for tasks to queue
[2025-01-05T21:23:25.598+0000] {logging_mixin.py:137} INFO - [2025-01-05T21:23:25.598+0000] {dagbag.py:538} INFO - Filling up the DagBag from /opt/airflow/dags/polygon_to_bigquery.py
[2025-01-05T21:23:25.623+0000] {processor.py:753} INFO - DAG(s) dict_keys(['PolygonAPI_to_BigQuery']) retrieved from /opt/airflow/dags/polygon_to_bigquery.py
[2025-01-05T21:23:25.648+0000] {logging_mixin.py:137} INFO - [2025-01-05T21:23:25.648+0000] {dag.py:2690} INFO - Sync 1 DAGs
[2025-01-05T21:23:25.674+0000] {logging_mixin.py:137} INFO - [2025-01-05T21:23:25.674+0000] {dag.py:3441} INFO - Setting next_dagrun for PolygonAPI_to_BigQuery to 2025-01-05T00:00:00+00:00, run_after=2025-01-06T00:00:00+00:00
[2025-01-05T21:23:25.694+0000] {processor.py:175} INFO - Processing /opt/airflow/dags/polygon_to_bigquery.py took 0.100 seconds
[2025-01-05T21:23:56.342+0000] {processor.py:153} INFO - Started process (PID=1124) to work on /opt/airflow/dags/polygon_to_bigquery.py
[2025-01-05T21:23:56.342+0000] {processor.py:743} INFO - Processing file /opt/airflow/dags/polygon_to_bigquery.py for tasks to queue
[2025-01-05T21:23:56.343+0000] {logging_mixin.py:137} INFO - [2025-01-05T21:23:56.343+0000] {dagbag.py:538} INFO - Filling up the DagBag from /opt/airflow/dags/polygon_to_bigquery.py
[2025-01-05T21:23:56.371+0000] {processor.py:753} INFO - DAG(s) dict_keys(['PolygonAPI_to_BigQuery']) retrieved from /opt/airflow/dags/polygon_to_bigquery.py
[2025-01-05T21:23:56.401+0000] {logging_mixin.py:137} INFO - [2025-01-05T21:23:56.401+0000] {dag.py:2690} INFO - Sync 1 DAGs
[2025-01-05T21:23:56.428+0000] {logging_mixin.py:137} INFO - [2025-01-05T21:23:56.428+0000] {dag.py:3441} INFO - Setting next_dagrun for PolygonAPI_to_BigQuery to 2025-01-05T00:00:00+00:00, run_after=2025-01-06T00:00:00+00:00
[2025-01-05T21:23:56.456+0000] {processor.py:175} INFO - Processing /opt/airflow/dags/polygon_to_bigquery.py took 0.118 seconds
[2025-01-05T21:24:26.993+0000] {processor.py:153} INFO - Started process (PID=1224) to work on /opt/airflow/dags/polygon_to_bigquery.py
[2025-01-05T21:24:26.994+0000] {processor.py:743} INFO - Processing file /opt/airflow/dags/polygon_to_bigquery.py for tasks to queue
[2025-01-05T21:24:26.994+0000] {logging_mixin.py:137} INFO - [2025-01-05T21:24:26.994+0000] {dagbag.py:538} INFO - Filling up the DagBag from /opt/airflow/dags/polygon_to_bigquery.py
[2025-01-05T21:24:27.023+0000] {processor.py:753} INFO - DAG(s) dict_keys(['PolygonAPI_to_BigQuery']) retrieved from /opt/airflow/dags/polygon_to_bigquery.py
[2025-01-05T21:24:27.049+0000] {logging_mixin.py:137} INFO - [2025-01-05T21:24:27.048+0000] {dag.py:2690} INFO - Sync 1 DAGs
[2025-01-05T21:24:27.079+0000] {logging_mixin.py:137} INFO - [2025-01-05T21:24:27.079+0000] {dag.py:3441} INFO - Setting next_dagrun for PolygonAPI_to_BigQuery to 2025-01-05T00:00:00+00:00, run_after=2025-01-06T00:00:00+00:00
[2025-01-05T21:24:27.109+0000] {processor.py:175} INFO - Processing /opt/airflow/dags/polygon_to_bigquery.py took 0.120 seconds
[2025-01-05T21:24:57.735+0000] {processor.py:153} INFO - Started process (PID=1305) to work on /opt/airflow/dags/polygon_to_bigquery.py
[2025-01-05T21:24:57.736+0000] {processor.py:743} INFO - Processing file /opt/airflow/dags/polygon_to_bigquery.py for tasks to queue
[2025-01-05T21:24:57.737+0000] {logging_mixin.py:137} INFO - [2025-01-05T21:24:57.736+0000] {dagbag.py:538} INFO - Filling up the DagBag from /opt/airflow/dags/polygon_to_bigquery.py
[2025-01-05T21:24:57.760+0000] {processor.py:753} INFO - DAG(s) dict_keys(['PolygonAPI_to_BigQuery']) retrieved from /opt/airflow/dags/polygon_to_bigquery.py
[2025-01-05T21:24:57.785+0000] {logging_mixin.py:137} INFO - [2025-01-05T21:24:57.785+0000] {dag.py:2690} INFO - Sync 1 DAGs
[2025-01-05T21:24:57.810+0000] {logging_mixin.py:137} INFO - [2025-01-05T21:24:57.810+0000] {dag.py:3441} INFO - Setting next_dagrun for PolygonAPI_to_BigQuery to 2025-01-05T00:00:00+00:00, run_after=2025-01-06T00:00:00+00:00
[2025-01-05T21:24:57.839+0000] {processor.py:175} INFO - Processing /opt/airflow/dags/polygon_to_bigquery.py took 0.107 seconds
[2025-01-05T21:25:28.515+0000] {processor.py:153} INFO - Started process (PID=1394) to work on /opt/airflow/dags/polygon_to_bigquery.py
[2025-01-05T21:25:28.516+0000] {processor.py:743} INFO - Processing file /opt/airflow/dags/polygon_to_bigquery.py for tasks to queue
[2025-01-05T21:25:28.517+0000] {logging_mixin.py:137} INFO - [2025-01-05T21:25:28.517+0000] {dagbag.py:538} INFO - Filling up the DagBag from /opt/airflow/dags/polygon_to_bigquery.py
[2025-01-05T21:25:28.544+0000] {processor.py:753} INFO - DAG(s) dict_keys(['PolygonAPI_to_BigQuery']) retrieved from /opt/airflow/dags/polygon_to_bigquery.py
[2025-01-05T21:25:28.572+0000] {logging_mixin.py:137} INFO - [2025-01-05T21:25:28.572+0000] {dag.py:2690} INFO - Sync 1 DAGs
[2025-01-05T21:25:28.607+0000] {logging_mixin.py:137} INFO - [2025-01-05T21:25:28.607+0000] {dag.py:3441} INFO - Setting next_dagrun for PolygonAPI_to_BigQuery to 2025-01-05T00:00:00+00:00, run_after=2025-01-06T00:00:00+00:00
[2025-01-05T21:25:28.636+0000] {processor.py:175} INFO - Processing /opt/airflow/dags/polygon_to_bigquery.py took 0.124 seconds
[2025-01-05T21:25:58.986+0000] {processor.py:153} INFO - Started process (PID=1485) to work on /opt/airflow/dags/polygon_to_bigquery.py
[2025-01-05T21:25:58.987+0000] {processor.py:743} INFO - Processing file /opt/airflow/dags/polygon_to_bigquery.py for tasks to queue
[2025-01-05T21:25:58.987+0000] {logging_mixin.py:137} INFO - [2025-01-05T21:25:58.987+0000] {dagbag.py:538} INFO - Filling up the DagBag from /opt/airflow/dags/polygon_to_bigquery.py
[2025-01-05T21:25:59.010+0000] {processor.py:753} INFO - DAG(s) dict_keys(['PolygonAPI_to_BigQuery']) retrieved from /opt/airflow/dags/polygon_to_bigquery.py
[2025-01-05T21:25:59.035+0000] {logging_mixin.py:137} INFO - [2025-01-05T21:25:59.034+0000] {dag.py:2690} INFO - Sync 1 DAGs
[2025-01-05T21:25:59.063+0000] {logging_mixin.py:137} INFO - [2025-01-05T21:25:59.063+0000] {dag.py:3441} INFO - Setting next_dagrun for PolygonAPI_to_BigQuery to 2025-01-05T00:00:00+00:00, run_after=2025-01-06T00:00:00+00:00
[2025-01-05T21:25:59.095+0000] {processor.py:175} INFO - Processing /opt/airflow/dags/polygon_to_bigquery.py took 0.113 seconds
[2025-01-05T21:26:29.716+0000] {processor.py:153} INFO - Started process (PID=1565) to work on /opt/airflow/dags/polygon_to_bigquery.py
[2025-01-05T21:26:29.717+0000] {processor.py:743} INFO - Processing file /opt/airflow/dags/polygon_to_bigquery.py for tasks to queue
[2025-01-05T21:26:29.718+0000] {logging_mixin.py:137} INFO - [2025-01-05T21:26:29.718+0000] {dagbag.py:538} INFO - Filling up the DagBag from /opt/airflow/dags/polygon_to_bigquery.py
[2025-01-05T21:26:29.750+0000] {processor.py:753} INFO - DAG(s) dict_keys(['PolygonAPI_to_BigQuery']) retrieved from /opt/airflow/dags/polygon_to_bigquery.py
[2025-01-05T21:26:29.774+0000] {logging_mixin.py:137} INFO - [2025-01-05T21:26:29.773+0000] {dag.py:2690} INFO - Sync 1 DAGs
[2025-01-05T21:26:29.799+0000] {logging_mixin.py:137} INFO - [2025-01-05T21:26:29.799+0000] {dag.py:3441} INFO - Setting next_dagrun for PolygonAPI_to_BigQuery to 2025-01-05T00:00:00+00:00, run_after=2025-01-06T00:00:00+00:00
[2025-01-05T21:26:29.818+0000] {processor.py:175} INFO - Processing /opt/airflow/dags/polygon_to_bigquery.py took 0.105 seconds
[2025-01-05T21:27:00.456+0000] {processor.py:153} INFO - Started process (PID=1664) to work on /opt/airflow/dags/polygon_to_bigquery.py
[2025-01-05T21:27:00.457+0000] {processor.py:743} INFO - Processing file /opt/airflow/dags/polygon_to_bigquery.py for tasks to queue
[2025-01-05T21:27:00.458+0000] {logging_mixin.py:137} INFO - [2025-01-05T21:27:00.458+0000] {dagbag.py:538} INFO - Filling up the DagBag from /opt/airflow/dags/polygon_to_bigquery.py
[2025-01-05T21:27:00.492+0000] {processor.py:753} INFO - DAG(s) dict_keys(['PolygonAPI_to_BigQuery']) retrieved from /opt/airflow/dags/polygon_to_bigquery.py
[2025-01-05T21:27:00.527+0000] {logging_mixin.py:137} INFO - [2025-01-05T21:27:00.527+0000] {dag.py:2690} INFO - Sync 1 DAGs
[2025-01-05T21:27:00.576+0000] {logging_mixin.py:137} INFO - [2025-01-05T21:27:00.576+0000] {dag.py:3441} INFO - Setting next_dagrun for PolygonAPI_to_BigQuery to 2025-01-05T00:00:00+00:00, run_after=2025-01-06T00:00:00+00:00
[2025-01-05T21:27:00.608+0000] {processor.py:175} INFO - Processing /opt/airflow/dags/polygon_to_bigquery.py took 0.157 seconds
[2025-01-05T21:27:31.335+0000] {processor.py:153} INFO - Started process (PID=1744) to work on /opt/airflow/dags/polygon_to_bigquery.py
[2025-01-05T21:27:31.336+0000] {processor.py:743} INFO - Processing file /opt/airflow/dags/polygon_to_bigquery.py for tasks to queue
[2025-01-05T21:27:31.337+0000] {logging_mixin.py:137} INFO - [2025-01-05T21:27:31.337+0000] {dagbag.py:538} INFO - Filling up the DagBag from /opt/airflow/dags/polygon_to_bigquery.py
[2025-01-05T21:27:31.364+0000] {processor.py:753} INFO - DAG(s) dict_keys(['PolygonAPI_to_BigQuery']) retrieved from /opt/airflow/dags/polygon_to_bigquery.py
[2025-01-05T21:27:31.389+0000] {logging_mixin.py:137} INFO - [2025-01-05T21:27:31.389+0000] {dag.py:2690} INFO - Sync 1 DAGs
[2025-01-05T21:27:31.416+0000] {logging_mixin.py:137} INFO - [2025-01-05T21:27:31.416+0000] {dag.py:3441} INFO - Setting next_dagrun for PolygonAPI_to_BigQuery to 2025-01-05T00:00:00+00:00, run_after=2025-01-06T00:00:00+00:00
[2025-01-05T21:27:31.437+0000] {processor.py:175} INFO - Processing /opt/airflow/dags/polygon_to_bigquery.py took 0.105 seconds
[2025-01-05T21:28:02.112+0000] {processor.py:153} INFO - Started process (PID=1844) to work on /opt/airflow/dags/polygon_to_bigquery.py
[2025-01-05T21:28:02.113+0000] {processor.py:743} INFO - Processing file /opt/airflow/dags/polygon_to_bigquery.py for tasks to queue
[2025-01-05T21:28:02.113+0000] {logging_mixin.py:137} INFO - [2025-01-05T21:28:02.113+0000] {dagbag.py:538} INFO - Filling up the DagBag from /opt/airflow/dags/polygon_to_bigquery.py
[2025-01-05T21:28:02.137+0000] {processor.py:753} INFO - DAG(s) dict_keys(['PolygonAPI_to_BigQuery']) retrieved from /opt/airflow/dags/polygon_to_bigquery.py
[2025-01-05T21:28:02.161+0000] {logging_mixin.py:137} INFO - [2025-01-05T21:28:02.161+0000] {dag.py:2690} INFO - Sync 1 DAGs
[2025-01-05T21:28:02.187+0000] {logging_mixin.py:137} INFO - [2025-01-05T21:28:02.187+0000] {dag.py:3441} INFO - Setting next_dagrun for PolygonAPI_to_BigQuery to 2025-01-05T00:00:00+00:00, run_after=2025-01-06T00:00:00+00:00
[2025-01-05T21:28:02.215+0000] {processor.py:175} INFO - Processing /opt/airflow/dags/polygon_to_bigquery.py took 0.107 seconds
[2025-01-05T21:28:33.223+0000] {processor.py:153} INFO - Started process (PID=1924) to work on /opt/airflow/dags/polygon_to_bigquery.py
[2025-01-05T21:28:33.224+0000] {processor.py:743} INFO - Processing file /opt/airflow/dags/polygon_to_bigquery.py for tasks to queue
[2025-01-05T21:28:33.225+0000] {logging_mixin.py:137} INFO - [2025-01-05T21:28:33.225+0000] {dagbag.py:538} INFO - Filling up the DagBag from /opt/airflow/dags/polygon_to_bigquery.py
[2025-01-05T21:28:33.249+0000] {processor.py:753} INFO - DAG(s) dict_keys(['PolygonAPI_to_BigQuery']) retrieved from /opt/airflow/dags/polygon_to_bigquery.py
[2025-01-05T21:28:33.284+0000] {logging_mixin.py:137} INFO - [2025-01-05T21:28:33.284+0000] {dag.py:2690} INFO - Sync 1 DAGs
[2025-01-05T21:28:33.315+0000] {logging_mixin.py:137} INFO - [2025-01-05T21:28:33.315+0000] {dag.py:3441} INFO - Setting next_dagrun for PolygonAPI_to_BigQuery to 2025-01-05T00:00:00+00:00, run_after=2025-01-06T00:00:00+00:00
[2025-01-05T21:28:33.343+0000] {processor.py:175} INFO - Processing /opt/airflow/dags/polygon_to_bigquery.py took 0.123 seconds
[2025-01-05T21:29:04.307+0000] {processor.py:153} INFO - Started process (PID=2024) to work on /opt/airflow/dags/polygon_to_bigquery.py
[2025-01-05T21:29:04.308+0000] {processor.py:743} INFO - Processing file /opt/airflow/dags/polygon_to_bigquery.py for tasks to queue
[2025-01-05T21:29:04.309+0000] {logging_mixin.py:137} INFO - [2025-01-05T21:29:04.309+0000] {dagbag.py:538} INFO - Filling up the DagBag from /opt/airflow/dags/polygon_to_bigquery.py
[2025-01-05T21:29:04.339+0000] {processor.py:753} INFO - DAG(s) dict_keys(['PolygonAPI_to_BigQuery']) retrieved from /opt/airflow/dags/polygon_to_bigquery.py
[2025-01-05T21:29:04.368+0000] {logging_mixin.py:137} INFO - [2025-01-05T21:29:04.368+0000] {dag.py:2690} INFO - Sync 1 DAGs
[2025-01-05T21:29:04.399+0000] {logging_mixin.py:137} INFO - [2025-01-05T21:29:04.399+0000] {dag.py:3441} INFO - Setting next_dagrun for PolygonAPI_to_BigQuery to 2025-01-05T00:00:00+00:00, run_after=2025-01-06T00:00:00+00:00
[2025-01-05T21:29:04.418+0000] {processor.py:175} INFO - Processing /opt/airflow/dags/polygon_to_bigquery.py took 0.114 seconds
[2025-01-05T21:29:35.149+0000] {processor.py:153} INFO - Started process (PID=2104) to work on /opt/airflow/dags/polygon_to_bigquery.py
[2025-01-05T21:29:35.150+0000] {processor.py:743} INFO - Processing file /opt/airflow/dags/polygon_to_bigquery.py for tasks to queue
[2025-01-05T21:29:35.152+0000] {logging_mixin.py:137} INFO - [2025-01-05T21:29:35.151+0000] {dagbag.py:538} INFO - Filling up the DagBag from /opt/airflow/dags/polygon_to_bigquery.py
[2025-01-05T21:29:35.186+0000] {processor.py:753} INFO - DAG(s) dict_keys(['PolygonAPI_to_BigQuery']) retrieved from /opt/airflow/dags/polygon_to_bigquery.py
[2025-01-05T21:29:35.224+0000] {logging_mixin.py:137} INFO - [2025-01-05T21:29:35.224+0000] {dag.py:2690} INFO - Sync 1 DAGs
[2025-01-05T21:29:35.267+0000] {logging_mixin.py:137} INFO - [2025-01-05T21:29:35.267+0000] {dag.py:3441} INFO - Setting next_dagrun for PolygonAPI_to_BigQuery to 2025-01-05T00:00:00+00:00, run_after=2025-01-06T00:00:00+00:00
[2025-01-05T21:29:35.295+0000] {processor.py:175} INFO - Processing /opt/airflow/dags/polygon_to_bigquery.py took 0.150 seconds
[2025-01-05T21:30:05.775+0000] {processor.py:153} INFO - Started process (PID=2204) to work on /opt/airflow/dags/polygon_to_bigquery.py
[2025-01-05T21:30:05.776+0000] {processor.py:743} INFO - Processing file /opt/airflow/dags/polygon_to_bigquery.py for tasks to queue
[2025-01-05T21:30:05.777+0000] {logging_mixin.py:137} INFO - [2025-01-05T21:30:05.777+0000] {dagbag.py:538} INFO - Filling up the DagBag from /opt/airflow/dags/polygon_to_bigquery.py
[2025-01-05T21:30:05.808+0000] {processor.py:753} INFO - DAG(s) dict_keys(['PolygonAPI_to_BigQuery']) retrieved from /opt/airflow/dags/polygon_to_bigquery.py
[2025-01-05T21:30:05.839+0000] {logging_mixin.py:137} INFO - [2025-01-05T21:30:05.838+0000] {dag.py:2690} INFO - Sync 1 DAGs
[2025-01-05T21:30:05.871+0000] {logging_mixin.py:137} INFO - [2025-01-05T21:30:05.870+0000] {dag.py:3441} INFO - Setting next_dagrun for PolygonAPI_to_BigQuery to 2025-01-05T00:00:00+00:00, run_after=2025-01-06T00:00:00+00:00
[2025-01-05T21:30:05.896+0000] {processor.py:175} INFO - Processing /opt/airflow/dags/polygon_to_bigquery.py took 0.126 seconds
[2025-01-05T21:30:36.397+0000] {processor.py:153} INFO - Started process (PID=2284) to work on /opt/airflow/dags/polygon_to_bigquery.py
[2025-01-05T21:30:36.398+0000] {processor.py:743} INFO - Processing file /opt/airflow/dags/polygon_to_bigquery.py for tasks to queue
[2025-01-05T21:30:36.399+0000] {logging_mixin.py:137} INFO - [2025-01-05T21:30:36.399+0000] {dagbag.py:538} INFO - Filling up the DagBag from /opt/airflow/dags/polygon_to_bigquery.py
[2025-01-05T21:30:36.459+0000] {processor.py:753} INFO - DAG(s) dict_keys(['PolygonAPI_to_BigQuery']) retrieved from /opt/airflow/dags/polygon_to_bigquery.py
[2025-01-05T21:30:36.492+0000] {logging_mixin.py:137} INFO - [2025-01-05T21:30:36.492+0000] {dag.py:2690} INFO - Sync 1 DAGs
[2025-01-05T21:30:36.533+0000] {logging_mixin.py:137} INFO - [2025-01-05T21:30:36.533+0000] {dag.py:3441} INFO - Setting next_dagrun for PolygonAPI_to_BigQuery to 2025-01-05T00:00:00+00:00, run_after=2025-01-06T00:00:00+00:00
[2025-01-05T21:30:36.559+0000] {processor.py:175} INFO - Processing /opt/airflow/dags/polygon_to_bigquery.py took 0.166 seconds
[2025-01-05T21:30:57.366+0000] {processor.py:153} INFO - Started process (PID=2364) to work on /opt/airflow/dags/polygon_to_bigquery.py
[2025-01-05T21:30:57.367+0000] {processor.py:743} INFO - Processing file /opt/airflow/dags/polygon_to_bigquery.py for tasks to queue
[2025-01-05T21:30:57.368+0000] {logging_mixin.py:137} INFO - [2025-01-05T21:30:57.368+0000] {dagbag.py:538} INFO - Filling up the DagBag from /opt/airflow/dags/polygon_to_bigquery.py
[2025-01-05T21:30:57.396+0000] {logging_mixin.py:137} INFO - [2025-01-05T21:30:57.395+0000] {dagbag.py:343} ERROR - Failed to import: /opt/airflow/dags/polygon_to_bigquery.py
Traceback (most recent call last):
  File "/home/airflow/.local/lib/python3.7/site-packages/airflow/models/dagbag.py", line 339, in parse
    loader.exec_module(new_module)
  File "<frozen importlib._bootstrap_external>", line 724, in exec_module
  File "<frozen importlib._bootstrap_external>", line 860, in get_code
  File "<frozen importlib._bootstrap_external>", line 791, in source_to_code
  File "<frozen importlib._bootstrap>", line 219, in _call_with_frames_removed
  File "/opt/airflow/dags/polygon_to_bigquery.py", line 7
    from
        ^
SyntaxError: invalid syntax
[2025-01-05T21:30:57.397+0000] {processor.py:755} WARNING - No viable dags retrieved from /opt/airflow/dags/polygon_to_bigquery.py
[2025-01-05T21:30:57.420+0000] {processor.py:175} INFO - Processing /opt/airflow/dags/polygon_to_bigquery.py took 0.058 seconds
[2025-01-05T21:31:01.426+0000] {processor.py:153} INFO - Started process (PID=2365) to work on /opt/airflow/dags/polygon_to_bigquery.py
[2025-01-05T21:31:01.428+0000] {processor.py:743} INFO - Processing file /opt/airflow/dags/polygon_to_bigquery.py for tasks to queue
[2025-01-05T21:31:01.429+0000] {logging_mixin.py:137} INFO - [2025-01-05T21:31:01.429+0000] {dagbag.py:538} INFO - Filling up the DagBag from /opt/airflow/dags/polygon_to_bigquery.py
[2025-01-05T21:31:01.461+0000] {logging_mixin.py:137} INFO - [2025-01-05T21:31:01.459+0000] {dagbag.py:343} ERROR - Failed to import: /opt/airflow/dags/polygon_to_bigquery.py
Traceback (most recent call last):
  File "/home/airflow/.local/lib/python3.7/site-packages/airflow/models/dagbag.py", line 339, in parse
    loader.exec_module(new_module)
  File "<frozen importlib._bootstrap_external>", line 724, in exec_module
  File "<frozen importlib._bootstrap_external>", line 860, in get_code
  File "<frozen importlib._bootstrap_external>", line 791, in source_to_code
  File "<frozen importlib._bootstrap>", line 219, in _call_with_frames_removed
  File "/opt/airflow/dags/polygon_to_bigquery.py", line 7
    from cosmos
              ^
SyntaxError: invalid syntax
[2025-01-05T21:31:01.461+0000] {processor.py:755} WARNING - No viable dags retrieved from /opt/airflow/dags/polygon_to_bigquery.py
[2025-01-05T21:31:01.492+0000] {processor.py:175} INFO - Processing /opt/airflow/dags/polygon_to_bigquery.py took 0.072 seconds
[2025-01-05T21:31:02.490+0000] {processor.py:153} INFO - Started process (PID=2366) to work on /opt/airflow/dags/polygon_to_bigquery.py
[2025-01-05T21:31:02.492+0000] {processor.py:743} INFO - Processing file /opt/airflow/dags/polygon_to_bigquery.py for tasks to queue
[2025-01-05T21:31:02.493+0000] {logging_mixin.py:137} INFO - [2025-01-05T21:31:02.493+0000] {dagbag.py:538} INFO - Filling up the DagBag from /opt/airflow/dags/polygon_to_bigquery.py
[2025-01-05T21:31:02.510+0000] {logging_mixin.py:137} INFO - [2025-01-05T21:31:02.509+0000] {dagbag.py:343} ERROR - Failed to import: /opt/airflow/dags/polygon_to_bigquery.py
Traceback (most recent call last):
  File "/home/airflow/.local/lib/python3.7/site-packages/airflow/models/dagbag.py", line 339, in parse
    loader.exec_module(new_module)
  File "<frozen importlib._bootstrap_external>", line 724, in exec_module
  File "<frozen importlib._bootstrap_external>", line 860, in get_code
  File "<frozen importlib._bootstrap_external>", line 791, in source_to_code
  File "<frozen importlib._bootstrap>", line 219, in _call_with_frames_removed
  File "/opt/airflow/dags/polygon_to_bigquery.py", line 7
    from cosmos.
               ^
SyntaxError: invalid syntax
[2025-01-05T21:31:02.511+0000] {processor.py:755} WARNING - No viable dags retrieved from /opt/airflow/dags/polygon_to_bigquery.py
[2025-01-05T21:31:02.549+0000] {processor.py:175} INFO - Processing /opt/airflow/dags/polygon_to_bigquery.py took 0.064 seconds
[2025-01-05T21:31:03.545+0000] {processor.py:153} INFO - Started process (PID=2367) to work on /opt/airflow/dags/polygon_to_bigquery.py
[2025-01-05T21:31:03.546+0000] {processor.py:743} INFO - Processing file /opt/airflow/dags/polygon_to_bigquery.py for tasks to queue
[2025-01-05T21:31:03.547+0000] {logging_mixin.py:137} INFO - [2025-01-05T21:31:03.547+0000] {dagbag.py:538} INFO - Filling up the DagBag from /opt/airflow/dags/polygon_to_bigquery.py
[2025-01-05T21:31:03.582+0000] {logging_mixin.py:137} INFO - [2025-01-05T21:31:03.581+0000] {dagbag.py:343} ERROR - Failed to import: /opt/airflow/dags/polygon_to_bigquery.py
Traceback (most recent call last):
  File "/home/airflow/.local/lib/python3.7/site-packages/airflow/models/dagbag.py", line 339, in parse
    loader.exec_module(new_module)
  File "<frozen importlib._bootstrap_external>", line 724, in exec_module
  File "<frozen importlib._bootstrap_external>", line 860, in get_code
  File "<frozen importlib._bootstrap_external>", line 791, in source_to_code
  File "<frozen importlib._bootstrap>", line 219, in _call_with_frames_removed
  File "/opt/airflow/dags/polygon_to_bigquery.py", line 7
    from cosmos.pr
                 ^
SyntaxError: invalid syntax
[2025-01-05T21:31:03.583+0000] {processor.py:755} WARNING - No viable dags retrieved from /opt/airflow/dags/polygon_to_bigquery.py
[2025-01-05T21:31:03.607+0000] {processor.py:175} INFO - Processing /opt/airflow/dags/polygon_to_bigquery.py took 0.068 seconds
[2025-01-05T21:31:04.600+0000] {processor.py:153} INFO - Started process (PID=2368) to work on /opt/airflow/dags/polygon_to_bigquery.py
[2025-01-05T21:31:04.601+0000] {processor.py:743} INFO - Processing file /opt/airflow/dags/polygon_to_bigquery.py for tasks to queue
[2025-01-05T21:31:04.602+0000] {logging_mixin.py:137} INFO - [2025-01-05T21:31:04.602+0000] {dagbag.py:538} INFO - Filling up the DagBag from /opt/airflow/dags/polygon_to_bigquery.py
[2025-01-05T21:31:04.620+0000] {logging_mixin.py:137} INFO - [2025-01-05T21:31:04.618+0000] {dagbag.py:343} ERROR - Failed to import: /opt/airflow/dags/polygon_to_bigquery.py
Traceback (most recent call last):
  File "/home/airflow/.local/lib/python3.7/site-packages/airflow/models/dagbag.py", line 339, in parse
    loader.exec_module(new_module)
  File "<frozen importlib._bootstrap_external>", line 724, in exec_module
  File "<frozen importlib._bootstrap_external>", line 860, in get_code
  File "<frozen importlib._bootstrap_external>", line 791, in source_to_code
  File "<frozen importlib._bootstrap>", line 219, in _call_with_frames_removed
  File "/opt/airflow/dags/polygon_to_bigquery.py", line 7
    from cosmos.
               ^
SyntaxError: invalid syntax
[2025-01-05T21:31:04.621+0000] {processor.py:755} WARNING - No viable dags retrieved from /opt/airflow/dags/polygon_to_bigquery.py
[2025-01-05T21:31:04.644+0000] {processor.py:175} INFO - Processing /opt/airflow/dags/polygon_to_bigquery.py took 0.048 seconds
[2025-01-05T21:31:11.643+0000] {processor.py:153} INFO - Started process (PID=2428) to work on /opt/airflow/dags/polygon_to_bigquery.py
[2025-01-05T21:31:11.644+0000] {processor.py:743} INFO - Processing file /opt/airflow/dags/polygon_to_bigquery.py for tasks to queue
[2025-01-05T21:31:11.645+0000] {logging_mixin.py:137} INFO - [2025-01-05T21:31:11.645+0000] {dagbag.py:538} INFO - Filling up the DagBag from /opt/airflow/dags/polygon_to_bigquery.py
[2025-01-05T21:31:11.664+0000] {logging_mixin.py:137} INFO - [2025-01-05T21:31:11.663+0000] {dagbag.py:343} ERROR - Failed to import: /opt/airflow/dags/polygon_to_bigquery.py
Traceback (most recent call last):
  File "/home/airflow/.local/lib/python3.7/site-packages/airflow/models/dagbag.py", line 339, in parse
    loader.exec_module(new_module)
  File "<frozen importlib._bootstrap_external>", line 724, in exec_module
  File "<frozen importlib._bootstrap_external>", line 860, in get_code
  File "<frozen importlib._bootstrap_external>", line 791, in source_to_code
  File "<frozen importlib._bootstrap>", line 219, in _call_with_frames_removed
  File "/opt/airflow/dags/polygon_to_bigquery.py", line 7
    from cosmos.providers
                        ^
SyntaxError: invalid syntax
[2025-01-05T21:31:11.665+0000] {processor.py:755} WARNING - No viable dags retrieved from /opt/airflow/dags/polygon_to_bigquery.py
[2025-01-05T21:31:11.684+0000] {processor.py:175} INFO - Processing /opt/airflow/dags/polygon_to_bigquery.py took 0.044 seconds
[2025-01-05T21:31:15.728+0000] {processor.py:153} INFO - Started process (PID=2429) to work on /opt/airflow/dags/polygon_to_bigquery.py
[2025-01-05T21:31:15.728+0000] {processor.py:743} INFO - Processing file /opt/airflow/dags/polygon_to_bigquery.py for tasks to queue
[2025-01-05T21:31:15.729+0000] {logging_mixin.py:137} INFO - [2025-01-05T21:31:15.729+0000] {dagbag.py:538} INFO - Filling up the DagBag from /opt/airflow/dags/polygon_to_bigquery.py
[2025-01-05T21:31:15.745+0000] {logging_mixin.py:137} INFO - [2025-01-05T21:31:15.744+0000] {dagbag.py:343} ERROR - Failed to import: /opt/airflow/dags/polygon_to_bigquery.py
Traceback (most recent call last):
  File "/home/airflow/.local/lib/python3.7/site-packages/airflow/models/dagbag.py", line 339, in parse
    loader.exec_module(new_module)
  File "<frozen importlib._bootstrap_external>", line 724, in exec_module
  File "<frozen importlib._bootstrap_external>", line 860, in get_code
  File "<frozen importlib._bootstrap_external>", line 791, in source_to_code
  File "<frozen importlib._bootstrap>", line 219, in _call_with_frames_removed
  File "/opt/airflow/dags/polygon_to_bigquery.py", line 7
    from cosmos.providers.
                         ^
SyntaxError: invalid syntax
[2025-01-05T21:31:15.746+0000] {processor.py:755} WARNING - No viable dags retrieved from /opt/airflow/dags/polygon_to_bigquery.py
[2025-01-05T21:31:15.766+0000] {processor.py:175} INFO - Processing /opt/airflow/dags/polygon_to_bigquery.py took 0.041 seconds
[2025-01-05T21:31:19.765+0000] {processor.py:153} INFO - Started process (PID=2430) to work on /opt/airflow/dags/polygon_to_bigquery.py
[2025-01-05T21:31:19.766+0000] {processor.py:743} INFO - Processing file /opt/airflow/dags/polygon_to_bigquery.py for tasks to queue
[2025-01-05T21:31:19.767+0000] {logging_mixin.py:137} INFO - [2025-01-05T21:31:19.767+0000] {dagbag.py:538} INFO - Filling up the DagBag from /opt/airflow/dags/polygon_to_bigquery.py
[2025-01-05T21:31:19.796+0000] {logging_mixin.py:137} INFO - [2025-01-05T21:31:19.795+0000] {dagbag.py:343} ERROR - Failed to import: /opt/airflow/dags/polygon_to_bigquery.py
Traceback (most recent call last):
  File "/home/airflow/.local/lib/python3.7/site-packages/airflow/models/dagbag.py", line 339, in parse
    loader.exec_module(new_module)
  File "<frozen importlib._bootstrap_external>", line 724, in exec_module
  File "<frozen importlib._bootstrap_external>", line 860, in get_code
  File "<frozen importlib._bootstrap_external>", line 791, in source_to_code
  File "<frozen importlib._bootstrap>", line 219, in _call_with_frames_removed
  File "/opt/airflow/dags/polygon_to_bigquery.py", line 7
    from cosmos.providers.dbt.dag import
                                        ^
SyntaxError: invalid syntax
[2025-01-05T21:31:19.797+0000] {processor.py:755} WARNING - No viable dags retrieved from /opt/airflow/dags/polygon_to_bigquery.py
[2025-01-05T21:31:19.821+0000] {processor.py:175} INFO - Processing /opt/airflow/dags/polygon_to_bigquery.py took 0.060 seconds
[2025-01-05T21:31:23.850+0000] {processor.py:153} INFO - Started process (PID=2451) to work on /opt/airflow/dags/polygon_to_bigquery.py
[2025-01-05T21:31:23.852+0000] {processor.py:743} INFO - Processing file /opt/airflow/dags/polygon_to_bigquery.py for tasks to queue
[2025-01-05T21:31:23.853+0000] {logging_mixin.py:137} INFO - [2025-01-05T21:31:23.852+0000] {dagbag.py:538} INFO - Filling up the DagBag from /opt/airflow/dags/polygon_to_bigquery.py
[2025-01-05T21:31:24.247+0000] {logging_mixin.py:137} INFO - [2025-01-05T21:31:24.241+0000] {dagbag.py:343} ERROR - Failed to import: /opt/airflow/dags/polygon_to_bigquery.py
Traceback (most recent call last):
  File "/home/airflow/.local/lib/python3.7/site-packages/airflow/models/dagbag.py", line 339, in parse
    loader.exec_module(new_module)
  File "<frozen importlib._bootstrap_external>", line 728, in exec_module
  File "<frozen importlib._bootstrap>", line 219, in _call_with_frames_removed
  File "/opt/airflow/dags/polygon_to_bigquery.py", line 7, in <module>
    from cosmos.providers.dbt.dag import DbtDag
ModuleNotFoundError: No module named 'cosmos.providers'
[2025-01-05T21:31:24.249+0000] {processor.py:755} WARNING - No viable dags retrieved from /opt/airflow/dags/polygon_to_bigquery.py
[2025-01-05T21:31:24.272+0000] {processor.py:175} INFO - Processing /opt/airflow/dags/polygon_to_bigquery.py took 0.426 seconds
[2025-01-05T21:31:32.933+0000] {processor.py:153} INFO - Started process (PID=2452) to work on /opt/airflow/dags/polygon_to_bigquery.py
[2025-01-05T21:31:32.934+0000] {processor.py:743} INFO - Processing file /opt/airflow/dags/polygon_to_bigquery.py for tasks to queue
[2025-01-05T21:31:32.935+0000] {logging_mixin.py:137} INFO - [2025-01-05T21:31:32.935+0000] {dagbag.py:538} INFO - Filling up the DagBag from /opt/airflow/dags/polygon_to_bigquery.py
[2025-01-05T21:31:33.121+0000] {logging_mixin.py:137} INFO - [2025-01-05T21:31:33.113+0000] {dagbag.py:343} ERROR - Failed to import: /opt/airflow/dags/polygon_to_bigquery.py
Traceback (most recent call last):
  File "/home/airflow/.local/lib/python3.7/site-packages/airflow/models/dagbag.py", line 339, in parse
    loader.exec_module(new_module)
  File "<frozen importlib._bootstrap_external>", line 728, in exec_module
  File "<frozen importlib._bootstrap>", line 219, in _call_with_frames_removed
  File "/opt/airflow/dags/polygon_to_bigquery.py", line 7, in <module>
    from cosmos.providers.dbt.dag import DbtDag
ModuleNotFoundError: No module named 'cosmos.providers'
[2025-01-05T21:31:33.123+0000] {processor.py:755} WARNING - No viable dags retrieved from /opt/airflow/dags/polygon_to_bigquery.py
[2025-01-05T21:31:33.158+0000] {processor.py:175} INFO - Processing /opt/airflow/dags/polygon_to_bigquery.py took 0.229 seconds
[2025-01-05T21:32:03.839+0000] {processor.py:153} INFO - Started process (PID=2552) to work on /opt/airflow/dags/polygon_to_bigquery.py
[2025-01-05T21:32:03.840+0000] {processor.py:743} INFO - Processing file /opt/airflow/dags/polygon_to_bigquery.py for tasks to queue
[2025-01-05T21:32:03.841+0000] {logging_mixin.py:137} INFO - [2025-01-05T21:32:03.841+0000] {dagbag.py:538} INFO - Filling up the DagBag from /opt/airflow/dags/polygon_to_bigquery.py
[2025-01-05T21:32:03.971+0000] {logging_mixin.py:137} INFO - [2025-01-05T21:32:03.966+0000] {dagbag.py:343} ERROR - Failed to import: /opt/airflow/dags/polygon_to_bigquery.py
Traceback (most recent call last):
  File "/home/airflow/.local/lib/python3.7/site-packages/airflow/models/dagbag.py", line 339, in parse
    loader.exec_module(new_module)
  File "<frozen importlib._bootstrap_external>", line 728, in exec_module
  File "<frozen importlib._bootstrap>", line 219, in _call_with_frames_removed
  File "/opt/airflow/dags/polygon_to_bigquery.py", line 7, in <module>
    from cosmos.providers.dbt.dag import DbtDag
ModuleNotFoundError: No module named 'cosmos.providers'
[2025-01-05T21:32:03.973+0000] {processor.py:755} WARNING - No viable dags retrieved from /opt/airflow/dags/polygon_to_bigquery.py
[2025-01-05T21:32:03.993+0000] {processor.py:175} INFO - Processing /opt/airflow/dags/polygon_to_bigquery.py took 0.157 seconds
[2025-01-05T21:32:12.042+0000] {processor.py:153} INFO - Started process (PID=2584) to work on /opt/airflow/dags/polygon_to_bigquery.py
[2025-01-05T21:32:12.043+0000] {processor.py:743} INFO - Processing file /opt/airflow/dags/polygon_to_bigquery.py for tasks to queue
[2025-01-05T21:32:12.045+0000] {logging_mixin.py:137} INFO - [2025-01-05T21:32:12.045+0000] {dagbag.py:538} INFO - Filling up the DagBag from /opt/airflow/dags/polygon_to_bigquery.py
[2025-01-05T21:32:12.238+0000] {logging_mixin.py:137} INFO - [2025-01-05T21:32:12.234+0000] {dagbag.py:343} ERROR - Failed to import: /opt/airflow/dags/polygon_to_bigquery.py
Traceback (most recent call last):
  File "/home/airflow/.local/lib/python3.7/site-packages/airflow/models/dagbag.py", line 339, in parse
    loader.exec_module(new_module)
  File "<frozen importlib._bootstrap_external>", line 728, in exec_module
  File "<frozen importlib._bootstrap>", line 219, in _call_with_frames_removed
  File "/opt/airflow/dags/polygon_to_bigquery.py", line 7, in <module>
    from cosmos.providers.dbt.dag import DbtDag
ModuleNotFoundError: No module named 'cosmos.providers'
[2025-01-05T21:32:12.239+0000] {processor.py:755} WARNING - No viable dags retrieved from /opt/airflow/dags/polygon_to_bigquery.py
[2025-01-05T21:32:12.267+0000] {processor.py:175} INFO - Processing /opt/airflow/dags/polygon_to_bigquery.py took 0.229 seconds
[2025-01-05T21:32:15.872+0000] {processor.py:153} INFO - Started process (PID=2613) to work on /opt/airflow/dags/polygon_to_bigquery.py
[2025-01-05T21:32:15.874+0000] {processor.py:743} INFO - Processing file /opt/airflow/dags/polygon_to_bigquery.py for tasks to queue
[2025-01-05T21:32:15.876+0000] {logging_mixin.py:137} INFO - [2025-01-05T21:32:15.875+0000] {dagbag.py:538} INFO - Filling up the DagBag from /opt/airflow/dags/polygon_to_bigquery.py
[2025-01-05T21:32:16.070+0000] {logging_mixin.py:137} INFO - [2025-01-05T21:32:16.064+0000] {dagbag.py:343} ERROR - Failed to import: /opt/airflow/dags/polygon_to_bigquery.py
Traceback (most recent call last):
  File "/home/airflow/.local/lib/python3.7/site-packages/airflow/models/dagbag.py", line 339, in parse
    loader.exec_module(new_module)
  File "<frozen importlib._bootstrap_external>", line 728, in exec_module
  File "<frozen importlib._bootstrap>", line 219, in _call_with_frames_removed
  File "/opt/airflow/dags/polygon_to_bigquery.py", line 7, in <module>
    from cosmos.providers.dbt.dag import DbtDag
ModuleNotFoundError: No module named 'cosmos.providers'
[2025-01-05T21:32:16.072+0000] {processor.py:755} WARNING - No viable dags retrieved from /opt/airflow/dags/polygon_to_bigquery.py
[2025-01-05T21:32:16.102+0000] {processor.py:175} INFO - Processing /opt/airflow/dags/polygon_to_bigquery.py took 0.233 seconds
[2025-01-05T21:32:45.057+0000] {processor.py:153} INFO - Started process (PID=2693) to work on /opt/airflow/dags/polygon_to_bigquery.py
[2025-01-05T21:32:45.058+0000] {processor.py:743} INFO - Processing file /opt/airflow/dags/polygon_to_bigquery.py for tasks to queue
[2025-01-05T21:32:45.059+0000] {logging_mixin.py:137} INFO - [2025-01-05T21:32:45.059+0000] {dagbag.py:538} INFO - Filling up the DagBag from /opt/airflow/dags/polygon_to_bigquery.py
[2025-01-05T21:32:45.222+0000] {logging_mixin.py:137} INFO - [2025-01-05T21:32:45.217+0000] {dagbag.py:343} ERROR - Failed to import: /opt/airflow/dags/polygon_to_bigquery.py
Traceback (most recent call last):
  File "/home/airflow/.local/lib/python3.7/site-packages/airflow/models/dagbag.py", line 339, in parse
    loader.exec_module(new_module)
  File "<frozen importlib._bootstrap_external>", line 728, in exec_module
  File "<frozen importlib._bootstrap>", line 219, in _call_with_frames_removed
  File "/opt/airflow/dags/polygon_to_bigquery.py", line 7, in <module>
    from cosmos.providers.dbt.dag import DbtDag
ModuleNotFoundError: No module named 'cosmos.providers'
[2025-01-05T21:32:45.224+0000] {processor.py:755} WARNING - No viable dags retrieved from /opt/airflow/dags/polygon_to_bigquery.py
[2025-01-05T21:32:45.247+0000] {processor.py:175} INFO - Processing /opt/airflow/dags/polygon_to_bigquery.py took 0.193 seconds
[2025-01-05T21:33:15.357+0000] {processor.py:153} INFO - Started process (PID=2773) to work on /opt/airflow/dags/polygon_to_bigquery.py
[2025-01-05T21:33:15.358+0000] {processor.py:743} INFO - Processing file /opt/airflow/dags/polygon_to_bigquery.py for tasks to queue
[2025-01-05T21:33:15.359+0000] {logging_mixin.py:137} INFO - [2025-01-05T21:33:15.359+0000] {dagbag.py:538} INFO - Filling up the DagBag from /opt/airflow/dags/polygon_to_bigquery.py
[2025-01-05T21:33:15.467+0000] {logging_mixin.py:137} INFO - [2025-01-05T21:33:15.462+0000] {dagbag.py:343} ERROR - Failed to import: /opt/airflow/dags/polygon_to_bigquery.py
Traceback (most recent call last):
  File "/home/airflow/.local/lib/python3.7/site-packages/airflow/models/dagbag.py", line 339, in parse
    loader.exec_module(new_module)
  File "<frozen importlib._bootstrap_external>", line 728, in exec_module
  File "<frozen importlib._bootstrap>", line 219, in _call_with_frames_removed
  File "/opt/airflow/dags/polygon_to_bigquery.py", line 7, in <module>
    from cosmos.providers.dbt.dag import DbtDag
ModuleNotFoundError: No module named 'cosmos.providers'
[2025-01-05T21:33:15.468+0000] {processor.py:755} WARNING - No viable dags retrieved from /opt/airflow/dags/polygon_to_bigquery.py
[2025-01-05T21:33:15.496+0000] {processor.py:175} INFO - Processing /opt/airflow/dags/polygon_to_bigquery.py took 0.141 seconds
[2025-01-05T21:33:45.579+0000] {processor.py:153} INFO - Started process (PID=2861) to work on /opt/airflow/dags/polygon_to_bigquery.py
[2025-01-05T21:33:45.580+0000] {processor.py:743} INFO - Processing file /opt/airflow/dags/polygon_to_bigquery.py for tasks to queue
[2025-01-05T21:33:45.582+0000] {logging_mixin.py:137} INFO - [2025-01-05T21:33:45.581+0000] {dagbag.py:538} INFO - Filling up the DagBag from /opt/airflow/dags/polygon_to_bigquery.py
[2025-01-05T21:33:45.789+0000] {logging_mixin.py:137} INFO - [2025-01-05T21:33:45.783+0000] {dagbag.py:343} ERROR - Failed to import: /opt/airflow/dags/polygon_to_bigquery.py
Traceback (most recent call last):
  File "/home/airflow/.local/lib/python3.7/site-packages/airflow/models/dagbag.py", line 339, in parse
    loader.exec_module(new_module)
  File "<frozen importlib._bootstrap_external>", line 728, in exec_module
  File "<frozen importlib._bootstrap>", line 219, in _call_with_frames_removed
  File "/opt/airflow/dags/polygon_to_bigquery.py", line 7, in <module>
    from cosmos.providers.dbt.dag import DbtDag
ModuleNotFoundError: No module named 'cosmos.providers'
[2025-01-05T21:33:45.790+0000] {processor.py:755} WARNING - No viable dags retrieved from /opt/airflow/dags/polygon_to_bigquery.py
[2025-01-05T21:33:45.814+0000] {processor.py:175} INFO - Processing /opt/airflow/dags/polygon_to_bigquery.py took 0.239 seconds
[2025-01-05T21:34:16.681+0000] {processor.py:153} INFO - Started process (PID=2952) to work on /opt/airflow/dags/polygon_to_bigquery.py
[2025-01-05T21:34:16.682+0000] {processor.py:743} INFO - Processing file /opt/airflow/dags/polygon_to_bigquery.py for tasks to queue
[2025-01-05T21:34:16.683+0000] {logging_mixin.py:137} INFO - [2025-01-05T21:34:16.683+0000] {dagbag.py:538} INFO - Filling up the DagBag from /opt/airflow/dags/polygon_to_bigquery.py
[2025-01-05T21:34:16.819+0000] {logging_mixin.py:137} INFO - [2025-01-05T21:34:16.815+0000] {dagbag.py:343} ERROR - Failed to import: /opt/airflow/dags/polygon_to_bigquery.py
Traceback (most recent call last):
  File "/home/airflow/.local/lib/python3.7/site-packages/airflow/models/dagbag.py", line 339, in parse
    loader.exec_module(new_module)
  File "<frozen importlib._bootstrap_external>", line 728, in exec_module
  File "<frozen importlib._bootstrap>", line 219, in _call_with_frames_removed
  File "/opt/airflow/dags/polygon_to_bigquery.py", line 7, in <module>
    from cosmos.providers.dbt.dag import DbtDag
ModuleNotFoundError: No module named 'cosmos.providers'
[2025-01-05T21:34:16.820+0000] {processor.py:755} WARNING - No viable dags retrieved from /opt/airflow/dags/polygon_to_bigquery.py
[2025-01-05T21:34:16.840+0000] {processor.py:175} INFO - Processing /opt/airflow/dags/polygon_to_bigquery.py took 0.163 seconds
[2025-01-05T21:34:47.199+0000] {processor.py:153} INFO - Started process (PID=3032) to work on /opt/airflow/dags/polygon_to_bigquery.py
[2025-01-05T21:34:47.200+0000] {processor.py:743} INFO - Processing file /opt/airflow/dags/polygon_to_bigquery.py for tasks to queue
[2025-01-05T21:34:47.200+0000] {logging_mixin.py:137} INFO - [2025-01-05T21:34:47.200+0000] {dagbag.py:538} INFO - Filling up the DagBag from /opt/airflow/dags/polygon_to_bigquery.py
[2025-01-05T21:34:47.304+0000] {logging_mixin.py:137} INFO - [2025-01-05T21:34:47.299+0000] {dagbag.py:343} ERROR - Failed to import: /opt/airflow/dags/polygon_to_bigquery.py
Traceback (most recent call last):
  File "/home/airflow/.local/lib/python3.7/site-packages/airflow/models/dagbag.py", line 339, in parse
    loader.exec_module(new_module)
  File "<frozen importlib._bootstrap_external>", line 728, in exec_module
  File "<frozen importlib._bootstrap>", line 219, in _call_with_frames_removed
  File "/opt/airflow/dags/polygon_to_bigquery.py", line 7, in <module>
    from cosmos.providers.dbt.dag import DbtDag
ModuleNotFoundError: No module named 'cosmos.providers'
[2025-01-05T21:34:47.306+0000] {processor.py:755} WARNING - No viable dags retrieved from /opt/airflow/dags/polygon_to_bigquery.py
[2025-01-05T21:34:47.322+0000] {processor.py:175} INFO - Processing /opt/airflow/dags/polygon_to_bigquery.py took 0.126 seconds
[2025-01-05T21:35:17.493+0000] {processor.py:153} INFO - Started process (PID=3122) to work on /opt/airflow/dags/polygon_to_bigquery.py
[2025-01-05T21:35:17.494+0000] {processor.py:743} INFO - Processing file /opt/airflow/dags/polygon_to_bigquery.py for tasks to queue
[2025-01-05T21:35:17.498+0000] {logging_mixin.py:137} INFO - [2025-01-05T21:35:17.498+0000] {dagbag.py:538} INFO - Filling up the DagBag from /opt/airflow/dags/polygon_to_bigquery.py
[2025-01-05T21:35:17.642+0000] {logging_mixin.py:137} INFO - [2025-01-05T21:35:17.638+0000] {dagbag.py:343} ERROR - Failed to import: /opt/airflow/dags/polygon_to_bigquery.py
Traceback (most recent call last):
  File "/home/airflow/.local/lib/python3.7/site-packages/airflow/models/dagbag.py", line 339, in parse
    loader.exec_module(new_module)
  File "<frozen importlib._bootstrap_external>", line 728, in exec_module
  File "<frozen importlib._bootstrap>", line 219, in _call_with_frames_removed
  File "/opt/airflow/dags/polygon_to_bigquery.py", line 7, in <module>
    from cosmos.providers.dbt.dag import DbtDag
ModuleNotFoundError: No module named 'cosmos.providers'
[2025-01-05T21:35:17.643+0000] {processor.py:755} WARNING - No viable dags retrieved from /opt/airflow/dags/polygon_to_bigquery.py
[2025-01-05T21:35:17.665+0000] {processor.py:175} INFO - Processing /opt/airflow/dags/polygon_to_bigquery.py took 0.176 seconds
[2025-01-05T21:35:47.536+0000] {processor.py:153} INFO - Started process (PID=3213) to work on /opt/airflow/dags/polygon_to_bigquery.py
[2025-01-05T21:35:47.538+0000] {processor.py:743} INFO - Processing file /opt/airflow/dags/polygon_to_bigquery.py for tasks to queue
[2025-01-05T21:35:47.539+0000] {logging_mixin.py:137} INFO - [2025-01-05T21:35:47.539+0000] {dagbag.py:538} INFO - Filling up the DagBag from /opt/airflow/dags/polygon_to_bigquery.py
[2025-01-05T21:35:47.710+0000] {processor.py:753} INFO - DAG(s) dict_keys(['PolygonAPI_to_BigQuery']) retrieved from /opt/airflow/dags/polygon_to_bigquery.py
[2025-01-05T21:35:47.820+0000] {logging_mixin.py:137} INFO - [2025-01-05T21:35:47.820+0000] {dag.py:2690} INFO - Sync 1 DAGs
[2025-01-05T21:35:47.854+0000] {logging_mixin.py:137} INFO - [2025-01-05T21:35:47.854+0000] {dag.py:3441} INFO - Setting next_dagrun for PolygonAPI_to_BigQuery to 2025-01-05T00:00:00+00:00, run_after=2025-01-06T00:00:00+00:00
[2025-01-05T21:35:47.889+0000] {processor.py:175} INFO - Processing /opt/airflow/dags/polygon_to_bigquery.py took 0.358 seconds
[2025-01-05T21:35:54.974+0000] {processor.py:153} INFO - Started process (PID=3214) to work on /opt/airflow/dags/polygon_to_bigquery.py
[2025-01-05T21:35:54.975+0000] {processor.py:743} INFO - Processing file /opt/airflow/dags/polygon_to_bigquery.py for tasks to queue
[2025-01-05T21:35:54.976+0000] {logging_mixin.py:137} INFO - [2025-01-05T21:35:54.976+0000] {dagbag.py:538} INFO - Filling up the DagBag from /opt/airflow/dags/polygon_to_bigquery.py
[2025-01-05T21:35:55.032+0000] {processor.py:753} INFO - DAG(s) dict_keys(['PolygonAPI_to_BigQuery']) retrieved from /opt/airflow/dags/polygon_to_bigquery.py
[2025-01-05T21:35:55.048+0000] {logging_mixin.py:137} INFO - [2025-01-05T21:35:55.048+0000] {dag.py:2690} INFO - Sync 1 DAGs
[2025-01-05T21:35:55.090+0000] {logging_mixin.py:137} INFO - [2025-01-05T21:35:55.090+0000] {dag.py:3441} INFO - Setting next_dagrun for PolygonAPI_to_BigQuery to 2025-01-05T00:00:00+00:00, run_after=2025-01-06T00:00:00+00:00
[2025-01-05T21:35:55.130+0000] {processor.py:175} INFO - Processing /opt/airflow/dags/polygon_to_bigquery.py took 0.160 seconds
[2025-01-05T21:36:25.795+0000] {processor.py:153} INFO - Started process (PID=3314) to work on /opt/airflow/dags/polygon_to_bigquery.py
[2025-01-05T21:36:25.797+0000] {processor.py:743} INFO - Processing file /opt/airflow/dags/polygon_to_bigquery.py for tasks to queue
[2025-01-05T21:36:25.798+0000] {logging_mixin.py:137} INFO - [2025-01-05T21:36:25.798+0000] {dagbag.py:538} INFO - Filling up the DagBag from /opt/airflow/dags/polygon_to_bigquery.py
[2025-01-05T21:36:25.829+0000] {processor.py:753} INFO - DAG(s) dict_keys(['PolygonAPI_to_BigQuery']) retrieved from /opt/airflow/dags/polygon_to_bigquery.py
[2025-01-05T21:36:25.854+0000] {logging_mixin.py:137} INFO - [2025-01-05T21:36:25.854+0000] {dag.py:2690} INFO - Sync 1 DAGs
[2025-01-05T21:36:25.881+0000] {logging_mixin.py:137} INFO - [2025-01-05T21:36:25.881+0000] {dag.py:3441} INFO - Setting next_dagrun for PolygonAPI_to_BigQuery to 2025-01-05T00:00:00+00:00, run_after=2025-01-06T00:00:00+00:00
[2025-01-05T21:36:25.919+0000] {processor.py:175} INFO - Processing /opt/airflow/dags/polygon_to_bigquery.py took 0.128 seconds
[2025-01-05T21:36:56.767+0000] {processor.py:153} INFO - Started process (PID=3394) to work on /opt/airflow/dags/polygon_to_bigquery.py
[2025-01-05T21:36:56.768+0000] {processor.py:743} INFO - Processing file /opt/airflow/dags/polygon_to_bigquery.py for tasks to queue
[2025-01-05T21:36:56.769+0000] {logging_mixin.py:137} INFO - [2025-01-05T21:36:56.768+0000] {dagbag.py:538} INFO - Filling up the DagBag from /opt/airflow/dags/polygon_to_bigquery.py
[2025-01-05T21:36:56.802+0000] {processor.py:753} INFO - DAG(s) dict_keys(['PolygonAPI_to_BigQuery']) retrieved from /opt/airflow/dags/polygon_to_bigquery.py
[2025-01-05T21:36:56.836+0000] {logging_mixin.py:137} INFO - [2025-01-05T21:36:56.836+0000] {dag.py:2690} INFO - Sync 1 DAGs
[2025-01-05T21:36:56.872+0000] {logging_mixin.py:137} INFO - [2025-01-05T21:36:56.872+0000] {dag.py:3441} INFO - Setting next_dagrun for PolygonAPI_to_BigQuery to 2025-01-05T00:00:00+00:00, run_after=2025-01-06T00:00:00+00:00
[2025-01-05T21:36:56.897+0000] {processor.py:175} INFO - Processing /opt/airflow/dags/polygon_to_bigquery.py took 0.134 seconds
[2025-01-05T21:37:27.422+0000] {processor.py:153} INFO - Started process (PID=3482) to work on /opt/airflow/dags/polygon_to_bigquery.py
[2025-01-05T21:37:27.423+0000] {processor.py:743} INFO - Processing file /opt/airflow/dags/polygon_to_bigquery.py for tasks to queue
[2025-01-05T21:37:27.424+0000] {logging_mixin.py:137} INFO - [2025-01-05T21:37:27.424+0000] {dagbag.py:538} INFO - Filling up the DagBag from /opt/airflow/dags/polygon_to_bigquery.py
[2025-01-05T21:37:27.455+0000] {processor.py:753} INFO - DAG(s) dict_keys(['PolygonAPI_to_BigQuery']) retrieved from /opt/airflow/dags/polygon_to_bigquery.py
[2025-01-05T21:37:27.484+0000] {logging_mixin.py:137} INFO - [2025-01-05T21:37:27.484+0000] {dag.py:2690} INFO - Sync 1 DAGs
[2025-01-05T21:37:27.528+0000] {logging_mixin.py:137} INFO - [2025-01-05T21:37:27.528+0000] {dag.py:3441} INFO - Setting next_dagrun for PolygonAPI_to_BigQuery to 2025-01-05T00:00:00+00:00, run_after=2025-01-06T00:00:00+00:00
[2025-01-05T21:37:27.557+0000] {processor.py:175} INFO - Processing /opt/airflow/dags/polygon_to_bigquery.py took 0.138 seconds
