[2025-01-10T16:00:53.323+0000] {taskinstance.py:1159} INFO - Dependencies all met for dep_context=non-requeueable deps ti=<TaskInstance: PolygonAPI_to_BigQuery.dbt_transformation.stocks_run manual__2025-01-10T15:58:49.839268+00:00 [queued]>
[2025-01-10T16:00:53.337+0000] {taskinstance.py:1159} INFO - Dependencies all met for dep_context=requeueable deps ti=<TaskInstance: PolygonAPI_to_BigQuery.dbt_transformation.stocks_run manual__2025-01-10T15:58:49.839268+00:00 [queued]>
[2025-01-10T16:00:53.338+0000] {taskinstance.py:1361} INFO - Starting attempt 1 of 2
[2025-01-10T16:00:53.350+0000] {taskinstance.py:1382} INFO - Executing <Task(DbtRunLocalOperator): dbt_transformation.stocks_run> on 2025-01-10 15:58:49.839268+00:00
[2025-01-10T16:00:53.356+0000] {standard_task_runner.py:57} INFO - Started process 344 to run task
[2025-01-10T16:00:53.359+0000] {standard_task_runner.py:84} INFO - Running: ['***', 'tasks', 'run', 'PolygonAPI_to_BigQuery', 'dbt_transformation.stocks_run', 'manual__2025-01-10T15:58:49.839268+00:00', '--job-id', '245', '--raw', '--subdir', 'DAGS_FOLDER/polygon_to_bigquery.py', '--cfg-path', '/tmp/tmp_nr22fns']
[2025-01-10T16:00:53.362+0000] {standard_task_runner.py:85} INFO - Job 245: Subtask dbt_transformation.stocks_run
[2025-01-10T16:00:53.402+0000] {task_command.py:415} INFO - Running <TaskInstance: PolygonAPI_to_BigQuery.dbt_transformation.stocks_run manual__2025-01-10T15:58:49.839268+00:00 [running]> on host 14d3c5da66eb
[2025-01-10T16:00:53.706+0000] {taskinstance.py:1660} INFO - Exporting env vars: AIRFLOW_CTX_DAG_OWNER='***' AIRFLOW_CTX_DAG_ID='PolygonAPI_to_BigQuery' AIRFLOW_CTX_TASK_ID='dbt_transformation.stocks_run' AIRFLOW_CTX_EXECUTION_DATE='2025-01-10T15:58:49.839268+00:00' AIRFLOW_CTX_TRY_NUMBER='1' AIRFLOW_CTX_DAG_RUN_ID='manual__2025-01-10T15:58:49.839268+00:00'
[2025-01-10T16:00:56.714+0000] {local.py:220} INFO - dbtRunner is available. Using dbtRunner for invoking dbt.
[2025-01-10T16:00:56.715+0000] {local.py:436} INFO - Cloning project to writable temp directory /tmp/tmpcoabyifs from /opt/airflow/dbt/dbt_stock_project
[2025-01-10T16:00:56.718+0000] {local.py:447} INFO - Partial parse is enabled and the latest partial parse file is /opt/airflow/dbt/dbt_stock_project/target/partial_parse.msgpack
[2025-01-10T16:00:56.742+0000] {config.py:342} INFO - Using user-supplied profiles.yml at /opt/***/dbt/profiles/profiles.yml
[2025-01-10T16:00:56.743+0000] {local.py:408} INFO - Trying to run dbtRunner with:
 ['run', '--models', 'stocks', '--project-dir', '/tmp/tmpcoabyifs', '--profiles-dir', '/opt/***/dbt/profiles', '--profile', 'default', '--target', 'dev']
 in /tmp/tmpcoabyifs
[2025-01-10T16:00:57.168+0000] {eventmgr.py:60} DEBUG - [0m16:00:57.152296 [debug] [MainThread]: Sending event: {'category': 'dbt', 'action': 'invocation', 'label': 'start', 'context': [<snowplow_tracker.self_describing_json.SelfDescribingJson object at 0x7fc9eabc27c0>, <snowplow_tracker.self_describing_json.SelfDescribingJson object at 0x7fc9e9a61280>, <snowplow_tracker.self_describing_json.SelfDescribingJson object at 0x7fc9e9a613d0>]}
[2025-01-10T16:00:57.170+0000] {logging_mixin.py:151} INFO - 16:00:57  Running with dbt=1.5.11
[2025-01-10T16:00:57.170+0000] {eventmgr.py:62} INFO - [0m16:00:57  Running with dbt=1.5.11
[2025-01-10T16:00:57.171+0000] {eventmgr.py:62} INFO - 

============================== 16:00:57.169705 | d0fd7afa-9ce6-486a-8adb-0185a6cd711a ==============================
[0m16:00:57.169705 [info ] [MainThread]: Running with dbt=1.5.11
[2025-01-10T16:00:57.172+0000] {eventmgr.py:60} DEBUG - [0m16:00:57.171749 [debug] [MainThread]: running dbt with arguments {'printer_width': '80', 'indirect_selection': 'eager', 'log_cache_events': 'False', 'write_json': 'True', 'partial_parse': 'True', 'cache_selected_only': 'False', 'profiles_dir': '/opt/***/dbt/profiles', 'debug': 'False', 'fail_fast': 'False', 'log_path': '/tmp/tmpcoabyifs/logs', 'warn_error': 'None', 'version_check': 'True', 'use_colors': 'True', 'use_experimental_parser': 'False', 'no_print': 'None', 'quiet': 'False', 'log_format': 'default', 'introspect': 'True', 'warn_error_options': 'WarnErrorOptions(include=[], exclude=[])', 'static_parser': 'True', 'target_path': 'None', 'send_anonymous_usage_stats': 'True'}
[2025-01-10T16:00:58.175+0000] {eventmgr.py:60} DEBUG - [0m16:00:58.175158 [debug] [MainThread]: Sending event: {'category': 'dbt', 'action': 'project_id', 'label': 'd0fd7afa-9ce6-486a-8adb-0185a6cd711a', 'context': [<snowplow_tracker.self_describing_json.SelfDescribingJson object at 0x7fc9e9a61550>]}
[2025-01-10T16:00:58.215+0000] {eventmgr.py:60} DEBUG - [0m16:00:58.215170 [debug] [MainThread]: Sending event: {'category': 'dbt', 'action': 'adapter_info', 'label': 'd0fd7afa-9ce6-486a-8adb-0185a6cd711a', 'context': [<snowplow_tracker.self_describing_json.SelfDescribingJson object at 0x7fc9e9a616d0>]}
[2025-01-10T16:00:58.217+0000] {logging_mixin.py:151} INFO - 16:00:58  Registered adapter: bigquery=1.5.9
[2025-01-10T16:00:58.217+0000] {eventmgr.py:62} INFO - [0m16:00:58  Registered adapter: bigquery=1.5.9
[2025-01-10T16:00:58.218+0000] {eventmgr.py:62} INFO - [0m16:00:58.217152 [info ] [MainThread]: Registered adapter: bigquery=1.5.9
[2025-01-10T16:00:58.236+0000] {eventmgr.py:60} DEBUG - [0m16:00:58.236259 [debug] [MainThread]: checksum: f14fb70d4f628ddd6946249d2976132253e920cfc3d8f34b2f21b58b69b506a6, vars: {}, profile: default, target: dev, version: 1.5.11
[2025-01-10T16:00:58.424+0000] {logging_mixin.py:151} INFO - 16:00:58  Unable to do partial parsing because of a version mismatch
[2025-01-10T16:00:58.424+0000] {eventmgr.py:62} INFO - [0m16:00:58  Unable to do partial parsing because of a version mismatch
[2025-01-10T16:00:58.426+0000] {eventmgr.py:62} INFO - [0m16:00:58.424280 [info ] [MainThread]: Unable to do partial parsing because of a version mismatch
[2025-01-10T16:00:58.427+0000] {eventmgr.py:60} DEBUG - [0m16:00:58.427196 [debug] [MainThread]: Sending event: {'category': 'dbt', 'action': 'partial_parser', 'label': 'd0fd7afa-9ce6-486a-8adb-0185a6cd711a', 'context': [<snowplow_tracker.self_describing_json.SelfDescribingJson object at 0x7fc9e38f3970>]}
[2025-01-10T16:00:59.768+0000] {eventmgr.py:60} DEBUG - [0m16:00:59.767834 [debug] [MainThread]: 1699: static parser successfully parsed stocks.sql
[2025-01-10T16:00:59.913+0000] {logging_mixin.py:151} INFO - 16:00:59  [WARNING]: Configuration paths exist in your dbt_project.yml file which do not apply to any resources.
There are 1 unused configuration paths:
- models.dbt_stock_project.models
[2025-01-10T16:00:59.912+0000] {eventmgr.py:64} WARNING - [0m16:00:59  [[33mWARNING[0m]: Configuration paths exist in your dbt_project.yml file which do not apply to any resources.
There are 1 unused configuration paths:
- models.dbt_stock_project.models
[2025-01-10T16:00:59.914+0000] {eventmgr.py:64} WARNING - [0m16:00:59.912314 [warn ] [MainThread]: [[33mWARNING[0m]: Configuration paths exist in your dbt_project.yml file which do not apply to any resources.
There are 1 unused configuration paths:
- models.dbt_stock_project.models
[2025-01-10T16:00:59.923+0000] {eventmgr.py:60} DEBUG - [0m16:00:59.923518 [debug] [MainThread]: Sending event: {'category': 'dbt', 'action': 'load_project', 'label': 'd0fd7afa-9ce6-486a-8adb-0185a6cd711a', 'context': [<snowplow_tracker.self_describing_json.SelfDescribingJson object at 0x7fc9e3a21eb0>]}
[2025-01-10T16:00:59.933+0000] {eventmgr.py:60} DEBUG - [0m16:00:59.933252 [debug] [MainThread]: Sending event: {'category': 'dbt', 'action': 'resource_counts', 'label': 'd0fd7afa-9ce6-486a-8adb-0185a6cd711a', 'context': [<snowplow_tracker.self_describing_json.SelfDescribingJson object at 0x7fc9e3be7a60>]}
[2025-01-10T16:00:59.934+0000] {logging_mixin.py:151} INFO - 16:00:59  Found 1 model, 0 tests, 0 snapshots, 0 analyses, 361 macros, 0 operations, 0 seed files, 0 sources, 0 exposures, 0 metrics, 0 groups
[2025-01-10T16:00:59.934+0000] {eventmgr.py:62} INFO - [0m16:00:59  Found 1 model, 0 tests, 0 snapshots, 0 analyses, 361 macros, 0 operations, 0 seed files, 0 sources, 0 exposures, 0 metrics, 0 groups
[2025-01-10T16:00:59.935+0000] {eventmgr.py:62} INFO - [0m16:00:59.934363 [info ] [MainThread]: Found 1 model, 0 tests, 0 snapshots, 0 analyses, 361 macros, 0 operations, 0 seed files, 0 sources, 0 exposures, 0 metrics, 0 groups
[2025-01-10T16:00:59.936+0000] {eventmgr.py:60} DEBUG - [0m16:00:59.936187 [debug] [MainThread]: Sending event: {'category': 'dbt', 'action': 'runnable_timing', 'label': 'd0fd7afa-9ce6-486a-8adb-0185a6cd711a', 'context': [<snowplow_tracker.self_describing_json.SelfDescribingJson object at 0x7fc9e803f910>]}
[2025-01-10T16:00:59.938+0000] {logging_mixin.py:151} INFO - 16:00:59
[2025-01-10T16:00:59.938+0000] {eventmgr.py:62} INFO - [0m16:00:59  
[2025-01-10T16:00:59.939+0000] {eventmgr.py:62} INFO - [0m16:00:59.937887 [info ] [MainThread]: 
[2025-01-10T16:00:59.940+0000] {eventmgr.py:60} DEBUG - [0m16:00:59.940135 [debug] [MainThread]: Acquiring new bigquery connection 'master'
[2025-01-10T16:00:59.942+0000] {eventmgr.py:60} DEBUG - [0m16:00:59.941728 [debug] [ThreadPool]: Acquiring new bigquery connection 'list_stock-market-elt'
[2025-01-10T16:00:59.942+0000] {eventmgr.py:60} DEBUG - [0m16:00:59.942587 [debug] [ThreadPool]: Opening a new connection, currently in state init
[2025-01-10T16:01:00.821+0000] {eventmgr.py:60} DEBUG - [0m16:01:00.821027 [debug] [ThreadPool]: Acquiring new bigquery connection 'list_stock-market-elt_stock_data'
[2025-01-10T16:01:00.823+0000] {eventmgr.py:60} DEBUG - [0m16:01:00.822763 [debug] [ThreadPool]: Opening a new connection, currently in state init
[2025-01-10T16:01:01.755+0000] {eventmgr.py:60} DEBUG - [0m16:01:01.755489 [debug] [MainThread]: Sending event: {'category': 'dbt', 'action': 'runnable_timing', 'label': 'd0fd7afa-9ce6-486a-8adb-0185a6cd711a', 'context': [<snowplow_tracker.self_describing_json.SelfDescribingJson object at 0x7fc9e390f070>]}
[2025-01-10T16:01:01.757+0000] {logging_mixin.py:151} INFO - 16:01:01  Concurrency: 4 threads (target='dev')
[2025-01-10T16:01:01.757+0000] {eventmgr.py:62} INFO - [0m16:01:01  Concurrency: 4 threads (target='dev')
[2025-01-10T16:01:01.758+0000] {eventmgr.py:62} INFO - [0m16:01:01.757071 [info ] [MainThread]: Concurrency: 4 threads (target='dev')
[2025-01-10T16:01:01.759+0000] {logging_mixin.py:151} INFO - 16:01:01
[2025-01-10T16:01:01.759+0000] {eventmgr.py:62} INFO - [0m16:01:01  
[2025-01-10T16:01:01.760+0000] {eventmgr.py:62} INFO - [0m16:01:01.758957 [info ] [MainThread]: 
[2025-01-10T16:01:01.764+0000] {eventmgr.py:60} DEBUG - [0m16:01:01.763952 [debug] [Thread-1  ]: Began running node model.dbt_stock_project.stocks
[2025-01-10T16:01:01.770+0000] {logging_mixin.py:151} INFO - 16:01:01  1 of 1 START sql table model stock_data.stocks ................................. [RUN]
[2025-01-10T16:01:01.769+0000] {eventmgr.py:62} INFO - [0m16:01:01  1 of 1 START sql table model stock_data.stocks ................................. [RUN]
[2025-01-10T16:01:01.771+0000] {eventmgr.py:62} INFO - [0m16:01:01.769550 [info ] [Thread-1  ]: 1 of 1 START sql table model stock_data.stocks ................................. [RUN]
[2025-01-10T16:01:01.772+0000] {eventmgr.py:60} DEBUG - [0m16:01:01.772231 [debug] [Thread-1  ]: Re-using an available connection from the pool (formerly list_stock-market-elt_stock_data, now model.dbt_stock_project.stocks)
[2025-01-10T16:01:01.774+0000] {eventmgr.py:60} DEBUG - [0m16:01:01.773611 [debug] [Thread-1  ]: Began compiling node model.dbt_stock_project.stocks
[2025-01-10T16:01:01.802+0000] {eventmgr.py:60} DEBUG - [0m16:01:01.801624 [debug] [Thread-1  ]: Writing injected SQL for node "model.dbt_stock_project.stocks"
[2025-01-10T16:01:01.805+0000] {eventmgr.py:60} DEBUG - [0m16:01:01.805001 [debug] [Thread-1  ]: Timing info for model.dbt_stock_project.stocks (compile): 16:01:01.774932 => 16:01:01.804231
[2025-01-10T16:01:01.807+0000] {eventmgr.py:60} DEBUG - [0m16:01:01.806893 [debug] [Thread-1  ]: Began executing node model.dbt_stock_project.stocks
[2025-01-10T16:01:01.851+0000] {eventmgr.py:60} DEBUG - [0m16:01:01.851615 [debug] [Thread-1  ]: Opening a new connection, currently in state closed
[2025-01-10T16:01:02.836+0000] {eventmgr.py:60} DEBUG - [0m16:01:02.836049 [debug] [Thread-1  ]: Writing runtime sql for node "model.dbt_stock_project.stocks"
[2025-01-10T16:01:02.838+0000] {eventmgr.py:60} DEBUG - [0m16:01:02.837993 [debug] [Thread-1  ]: On model.dbt_stock_project.stocks: /* {"app": "dbt", "dbt_version": "1.5.11", "profile_name": "default", "target_name": "dev", "node_id": "model.dbt_stock_project.stocks"} */

  
    

    create or replace table `stock-market-elt`.`stock_data`.`stocks`
    
    

    OPTIONS()
    as (
      

-- This code combines stock data from multiple sources into a single table
WITH combined AS (
    
    SELECT T AS symbol, TIMESTAMP_SECONDS(CAST(t_1 / 1000 AS INT64)) AS date, o AS open, c AS close, h AS high, l AS low, CAST(v AS int) AS volume, vw AS volume_average, CAST(n AS int) AS number_of_transactions
    FROM `stock-market-elt.stock_data.airbnb_stock_data_results`
    UNION ALL
    SELECT T AS symbol, TIMESTAMP_SECONDS(CAST(t_1 / 1000 AS INT64)) AS date, o AS open, c AS close, h AS high, l AS low, CAST(v AS int) AS volume, vw AS volume_average, CAST(n AS int) AS number_of_transactions
    FROM `stock-market-elt.stock_data.booking_stock_data_results`
    UNION ALL
    SELECT T AS symbol, TIMESTAMP_SECONDS(CAST(t_1 / 1000 AS INT64)) AS date, o AS open, c AS close, h AS high, l AS low, CAST(v AS int) AS volume, vw AS volume_average, CAST(n AS int) AS number_of_transactions
    FROM `stock-market-elt.stock_data.expedia_stock_data_results`
    UNION ALL
    SELECT T AS symbol, TIMESTAMP_SECONDS(CAST(t_1 / 1000 AS INT64)) AS date, o AS open, c AS close, h AS high, l AS low, CAST(v AS int) AS volume, vw AS volume_average, CAST(n AS int) AS number_of_transactions
    FROM `stock-market-elt.stock_data.trip_com_stock_data_results`
    UNION ALL
    SELECT T AS symbol, TIMESTAMP_SECONDS(CAST(t_1 / 1000 AS INT64)) AS date, o AS open, c AS close, h AS high, l AS low, CAST(v AS int) AS volume, vw AS volume_average, CAST(n AS int) AS number_of_transactions
    FROM `stock-market-elt.stock_data.tripadvisor_stock_data_results`
)

SELECT DISTINCT * FROM combined 
ORDER BY symbol, date
    );
  
[2025-01-10T16:01:06.540+0000] {eventmgr.py:60} DEBUG - [0m16:01:06.540022 [debug] [Thread-1  ]: BigQuery adapter: https://console.cloud.google.com/bigquery?project=stock-market-elt&j=bq:US:5a8dda3e-0881-4d91-967f-19037398d742&page=queryresults
[2025-01-10T16:01:06.569+0000] {eventmgr.py:60} DEBUG - [0m16:01:06.568705 [debug] [Thread-1  ]: Timing info for model.dbt_stock_project.stocks (execute): 16:01:01.808292 => 16:01:06.568421
[2025-01-10T16:01:06.571+0000] {eventmgr.py:60} DEBUG - [0m16:01:06.570974 [debug] [Thread-1  ]: Sending event: {'category': 'dbt', 'action': 'run_model', 'label': 'd0fd7afa-9ce6-486a-8adb-0185a6cd711a', 'context': [<snowplow_tracker.self_describing_json.SelfDescribingJson object at 0x7fc9e2075c10>]}
[2025-01-10T16:01:06.573+0000] {logging_mixin.py:151} INFO - 16:01:06  1 of 1 OK created sql table model stock_data.stocks ............................ [CREATE TABLE (112.0 rows, 11.3 KiB processed) in 4.80s]
[2025-01-10T16:01:06.572+0000] {eventmgr.py:62} INFO - [0m16:01:06  1 of 1 OK created sql table model stock_data.stocks ............................ [[32mCREATE TABLE (112.0 rows, 11.3 KiB processed)[0m in 4.80s]
[2025-01-10T16:01:06.574+0000] {eventmgr.py:62} INFO - [0m16:01:06.572653 [info ] [Thread-1  ]: 1 of 1 OK created sql table model stock_data.stocks ............................ [[32mCREATE TABLE (112.0 rows, 11.3 KiB processed)[0m in 4.80s]
[2025-01-10T16:01:06.575+0000] {eventmgr.py:60} DEBUG - [0m16:01:06.575614 [debug] [Thread-1  ]: Finished running node model.dbt_stock_project.stocks
[2025-01-10T16:01:06.580+0000] {eventmgr.py:60} DEBUG - [0m16:01:06.579848 [debug] [MainThread]: Connection 'master' was properly closed.
[2025-01-10T16:01:06.581+0000] {eventmgr.py:60} DEBUG - [0m16:01:06.581312 [debug] [MainThread]: Connection 'list_stock-market-elt' was properly closed.
[2025-01-10T16:01:06.582+0000] {eventmgr.py:60} DEBUG - [0m16:01:06.582365 [debug] [MainThread]: Connection 'model.dbt_stock_project.stocks' was properly closed.
[2025-01-10T16:01:06.583+0000] {logging_mixin.py:151} INFO - 16:01:06
[2025-01-10T16:01:06.583+0000] {eventmgr.py:62} INFO - [0m16:01:06  
[2025-01-10T16:01:06.585+0000] {eventmgr.py:62} INFO - [0m16:01:06.583452 [info ] [MainThread]: 
[2025-01-10T16:01:06.586+0000] {logging_mixin.py:151} INFO - 16:01:06  Finished running 1 table model in 0 hours 0 minutes and 6.64 seconds (6.64s).
[2025-01-10T16:01:06.585+0000] {eventmgr.py:62} INFO - [0m16:01:06  Finished running 1 table model in 0 hours 0 minutes and 6.64 seconds (6.64s).
[2025-01-10T16:01:06.587+0000] {eventmgr.py:62} INFO - [0m16:01:06.585598 [info ] [MainThread]: Finished running 1 table model in 0 hours 0 minutes and 6.64 seconds (6.64s).
[2025-01-10T16:01:06.588+0000] {eventmgr.py:60} DEBUG - [0m16:01:06.588257 [debug] [MainThread]: Command end result
[2025-01-10T16:01:06.597+0000] {logging_mixin.py:151} INFO - 16:01:06
[2025-01-10T16:01:06.597+0000] {eventmgr.py:62} INFO - [0m16:01:06  
[2025-01-10T16:01:06.598+0000] {eventmgr.py:62} INFO - [0m16:01:06.597173 [info ] [MainThread]: 
[2025-01-10T16:01:06.600+0000] {logging_mixin.py:151} INFO - 16:01:06  Completed successfully
[2025-01-10T16:01:06.600+0000] {eventmgr.py:62} INFO - [0m16:01:06  [32mCompleted successfully[0m
[2025-01-10T16:01:06.601+0000] {eventmgr.py:62} INFO - [0m16:01:06.599837 [info ] [MainThread]: [32mCompleted successfully[0m
[2025-01-10T16:01:06.602+0000] {logging_mixin.py:151} INFO - 16:01:06
[2025-01-10T16:01:06.602+0000] {eventmgr.py:62} INFO - [0m16:01:06  
[2025-01-10T16:01:06.603+0000] {eventmgr.py:62} INFO - [0m16:01:06.602267 [info ] [MainThread]: 
[2025-01-10T16:01:06.605+0000] {logging_mixin.py:151} INFO - 16:01:06  Done. PASS=1 WARN=0 ERROR=0 SKIP=0 TOTAL=1
[2025-01-10T16:01:06.605+0000] {eventmgr.py:62} INFO - [0m16:01:06  Done. PASS=1 WARN=0 ERROR=0 SKIP=0 TOTAL=1
[2025-01-10T16:01:06.606+0000] {eventmgr.py:62} INFO - [0m16:01:06.604688 [info ] [MainThread]: Done. PASS=1 WARN=0 ERROR=0 SKIP=0 TOTAL=1
[2025-01-10T16:01:06.608+0000] {eventmgr.py:60} DEBUG - [0m16:01:06.608037 [debug] [MainThread]: Command `cli run` succeeded at 16:01:06.607790 after 9.86 seconds
[2025-01-10T16:01:06.610+0000] {eventmgr.py:60} DEBUG - [0m16:01:06.609650 [debug] [MainThread]: Sending event: {'category': 'dbt', 'action': 'invocation', 'label': 'end', 'context': [<snowplow_tracker.self_describing_json.SelfDescribingJson object at 0x7fc9eabc27c0>, <snowplow_tracker.self_describing_json.SelfDescribingJson object at 0x7fc9e9a61550>, <snowplow_tracker.self_describing_json.SelfDescribingJson object at 0x7fc9e3ba8280>]}
[2025-01-10T16:01:06.611+0000] {eventmgr.py:60} DEBUG - [0m16:01:06.611174 [debug] [MainThread]: Flushing usage events
[2025-01-10T16:01:07.412+0000] {local.py:86} WARNING - Artifact schema version: https://schemas.getdbt.com/dbt/manifest/v9.json is above dbt-ol supported version 7. This might cause errors.
[2025-01-10T16:01:07.423+0000] {local.py:494} INFO - Inlets: []
[2025-01-10T16:01:07.423+0000] {local.py:495} INFO - Outlets: [Dataset(uri='bigquery/stock-market-elt.stock_data.stocks', extra=None)]
[2025-01-10T16:01:07.424+0000] {local.py:595} INFO - Assigning inlets/outlets without DatasetAlias
[2025-01-10T16:01:07.424+0000] {dag.py:2907} INFO - Sync 1 DAGs
[2025-01-10T16:01:07.447+0000] {dag.py:3677} INFO - Setting next_dagrun for PolygonAPI_to_BigQuery to 2025-01-10T00:00:00+00:00, run_after=2025-01-11T00:00:00+00:00
[2025-01-10T16:01:07.495+0000] {taskinstance.py:1400} INFO - Marking task as SUCCESS. dag_id=PolygonAPI_to_BigQuery, task_id=dbt_transformation.stocks_run, execution_date=20250110T155849, start_date=20250110T160053, end_date=20250110T160107
[2025-01-10T16:01:07.552+0000] {local_task_job_runner.py:228} INFO - Task exited with return code 0
[2025-01-10T16:01:07.570+0000] {taskinstance.py:2784} INFO - 0 downstream tasks scheduled from follow-on schedule check
