[2024-12-29T01:37:30.810+0000] {taskinstance.py:1083} INFO - Dependencies all met for <TaskInstance: PolygonAPI_to_BigQuery.sync_data_connection_3 scheduled__2024-12-28T00:00:00+00:00 [queued]>
[2024-12-29T01:37:30.920+0000] {taskinstance.py:1083} INFO - Dependencies all met for <TaskInstance: PolygonAPI_to_BigQuery.sync_data_connection_3 scheduled__2024-12-28T00:00:00+00:00 [queued]>
[2024-12-29T01:37:30.970+0000] {taskinstance.py:1279} INFO - 
--------------------------------------------------------------------------------
[2024-12-29T01:37:30.970+0000] {taskinstance.py:1280} INFO - Starting attempt 1 of 2
[2024-12-29T01:37:31.250+0000] {taskinstance.py:1281} INFO - 
--------------------------------------------------------------------------------
[2024-12-29T01:37:31.371+0000] {taskinstance.py:1300} INFO - Executing <Task(AirbyteTriggerSyncOperator): sync_data_connection_3> on 2024-12-28 00:00:00+00:00
[2024-12-29T01:37:31.395+0000] {standard_task_runner.py:55} INFO - Started process 94287 to run task
[2024-12-29T01:37:31.792+0000] {standard_task_runner.py:82} INFO - Running: ['***', 'tasks', 'run', 'PolygonAPI_to_BigQuery', 'sync_data_connection_3', 'scheduled__2024-12-28T00:00:00+00:00', '--job-id', '173', '--raw', '--subdir', 'DAGS_FOLDER/polygon_to_bigquery.py', '--cfg-path', '/tmp/tmpk2nv6pv9']
[2024-12-29T01:37:31.905+0000] {standard_task_runner.py:83} INFO - Job 173: Subtask sync_data_connection_3
[2024-12-29T01:37:33.864+0000] {task_command.py:388} INFO - Running <TaskInstance: PolygonAPI_to_BigQuery.sync_data_connection_3 scheduled__2024-12-28T00:00:00+00:00 [running]> on host 1b9e534b4855
[2024-12-29T01:37:34.284+0000] {taskinstance.py:1509} INFO - Exporting the following env vars:
AIRFLOW_CTX_DAG_OWNER=***
AIRFLOW_CTX_DAG_ID=PolygonAPI_to_BigQuery
AIRFLOW_CTX_TASK_ID=sync_data_connection_3
AIRFLOW_CTX_EXECUTION_DATE=2024-12-28T00:00:00+00:00
AIRFLOW_CTX_TRY_NUMBER=1
AIRFLOW_CTX_DAG_RUN_ID=scheduled__2024-12-28T00:00:00+00:00
[2024-12-29T01:37:34.431+0000] {base.py:73} INFO - Using connection ID 'airbyte_to_bigquery' for task execution.
[2024-12-29T01:37:43.020+0000] {airbyte.py:77} INFO - Job 153 was submitted to Airbyte Server
[2024-12-29T01:37:43.021+0000] {airbyte.py:79} INFO - Waiting for job 153 to complete
[2024-12-29T01:37:46.133+0000] {base.py:73} INFO - Using connection ID 'airbyte_to_bigquery' for task execution.
[2024-12-29T01:37:49.341+0000] {base.py:73} INFO - Using connection ID 'airbyte_to_bigquery' for task execution.
[2024-12-29T01:37:52.590+0000] {base.py:73} INFO - Using connection ID 'airbyte_to_bigquery' for task execution.
[2024-12-29T01:37:55.813+0000] {base.py:73} INFO - Using connection ID 'airbyte_to_bigquery' for task execution.
[2024-12-29T01:37:58.929+0000] {base.py:73} INFO - Using connection ID 'airbyte_to_bigquery' for task execution.
[2024-12-29T01:38:02.060+0000] {base.py:73} INFO - Using connection ID 'airbyte_to_bigquery' for task execution.
[2024-12-29T01:38:05.188+0000] {base.py:73} INFO - Using connection ID 'airbyte_to_bigquery' for task execution.
[2024-12-29T01:38:09.355+0000] {base.py:73} INFO - Using connection ID 'airbyte_to_bigquery' for task execution.
[2024-12-29T01:38:12.465+0000] {base.py:73} INFO - Using connection ID 'airbyte_to_bigquery' for task execution.
[2024-12-29T01:38:15.520+0000] {base.py:73} INFO - Using connection ID 'airbyte_to_bigquery' for task execution.
[2024-12-29T01:38:18.558+0000] {base.py:73} INFO - Using connection ID 'airbyte_to_bigquery' for task execution.
[2024-12-29T01:38:21.656+0000] {base.py:73} INFO - Using connection ID 'airbyte_to_bigquery' for task execution.
[2024-12-29T01:38:24.705+0000] {base.py:73} INFO - Using connection ID 'airbyte_to_bigquery' for task execution.
[2024-12-29T01:38:27.866+0000] {base.py:73} INFO - Using connection ID 'airbyte_to_bigquery' for task execution.
[2024-12-29T01:38:31.017+0000] {base.py:73} INFO - Using connection ID 'airbyte_to_bigquery' for task execution.
[2024-12-29T01:38:34.056+0000] {base.py:73} INFO - Using connection ID 'airbyte_to_bigquery' for task execution.
[2024-12-29T01:38:37.098+0000] {base.py:73} INFO - Using connection ID 'airbyte_to_bigquery' for task execution.
[2024-12-29T01:38:40.144+0000] {base.py:73} INFO - Using connection ID 'airbyte_to_bigquery' for task execution.
[2024-12-29T01:38:43.184+0000] {base.py:73} INFO - Using connection ID 'airbyte_to_bigquery' for task execution.
[2024-12-29T01:38:46.214+0000] {base.py:73} INFO - Using connection ID 'airbyte_to_bigquery' for task execution.
[2024-12-29T01:38:49.241+0000] {base.py:73} INFO - Using connection ID 'airbyte_to_bigquery' for task execution.
[2024-12-29T01:38:52.267+0000] {base.py:73} INFO - Using connection ID 'airbyte_to_bigquery' for task execution.
[2024-12-29T01:38:55.300+0000] {base.py:73} INFO - Using connection ID 'airbyte_to_bigquery' for task execution.
[2024-12-29T01:38:58.328+0000] {base.py:73} INFO - Using connection ID 'airbyte_to_bigquery' for task execution.
[2024-12-29T01:39:01.359+0000] {base.py:73} INFO - Using connection ID 'airbyte_to_bigquery' for task execution.
[2024-12-29T01:39:04.391+0000] {base.py:73} INFO - Using connection ID 'airbyte_to_bigquery' for task execution.
[2024-12-29T01:39:07.418+0000] {base.py:73} INFO - Using connection ID 'airbyte_to_bigquery' for task execution.
[2024-12-29T01:39:10.447+0000] {base.py:73} INFO - Using connection ID 'airbyte_to_bigquery' for task execution.
[2024-12-29T01:39:13.495+0000] {base.py:73} INFO - Using connection ID 'airbyte_to_bigquery' for task execution.
[2024-12-29T01:39:16.522+0000] {base.py:73} INFO - Using connection ID 'airbyte_to_bigquery' for task execution.
[2024-12-29T01:39:19.551+0000] {base.py:73} INFO - Using connection ID 'airbyte_to_bigquery' for task execution.
[2024-12-29T01:39:19.584+0000] {airbyte.py:81} INFO - Job 153 completed successfully
[2024-12-29T01:39:19.637+0000] {taskinstance.py:1323} INFO - Marking task as SUCCESS. dag_id=PolygonAPI_to_BigQuery, task_id=sync_data_connection_3, execution_date=20241228T000000, start_date=20241229T013730, end_date=20241229T013919
[2024-12-29T01:39:19.667+0000] {local_task_job.py:208} INFO - Task exited with return code 0
[2024-12-29T01:39:19.701+0000] {taskinstance.py:2578} INFO - 0 downstream tasks scheduled from follow-on schedule check
