[2024-12-27T00:08:09.199+0000] {taskinstance.py:1083} INFO - Dependencies all met for <TaskInstance: PolygonAPI_to_BigQuery.sync_data_connection_3 scheduled__2024-12-26T00:00:00+00:00 [queued]>
[2024-12-27T00:08:09.228+0000] {taskinstance.py:1083} INFO - Dependencies all met for <TaskInstance: PolygonAPI_to_BigQuery.sync_data_connection_3 scheduled__2024-12-26T00:00:00+00:00 [queued]>
[2024-12-27T00:08:09.228+0000] {taskinstance.py:1279} INFO - 
--------------------------------------------------------------------------------
[2024-12-27T00:08:09.229+0000] {taskinstance.py:1280} INFO - Starting attempt 1 of 2
[2024-12-27T00:08:09.230+0000] {taskinstance.py:1281} INFO - 
--------------------------------------------------------------------------------
[2024-12-27T00:08:09.281+0000] {taskinstance.py:1300} INFO - Executing <Task(AirbyteTriggerSyncOperator): sync_data_connection_3> on 2024-12-26 00:00:00+00:00
[2024-12-27T00:08:09.297+0000] {standard_task_runner.py:55} INFO - Started process 4821 to run task
[2024-12-27T00:08:09.303+0000] {standard_task_runner.py:82} INFO - Running: ['***', 'tasks', 'run', 'PolygonAPI_to_BigQuery', 'sync_data_connection_3', 'scheduled__2024-12-26T00:00:00+00:00', '--job-id', '163', '--raw', '--subdir', 'DAGS_FOLDER/polygon_to_bigquery.py', '--cfg-path', '/tmp/tmpiw13484h']
[2024-12-27T00:08:09.305+0000] {standard_task_runner.py:83} INFO - Job 163: Subtask sync_data_connection_3
[2024-12-27T00:08:10.121+0000] {task_command.py:388} INFO - Running <TaskInstance: PolygonAPI_to_BigQuery.sync_data_connection_3 scheduled__2024-12-26T00:00:00+00:00 [running]> on host 1b9e534b4855
[2024-12-27T00:08:11.181+0000] {taskinstance.py:1509} INFO - Exporting the following env vars:
AIRFLOW_CTX_DAG_OWNER=***
AIRFLOW_CTX_DAG_ID=PolygonAPI_to_BigQuery
AIRFLOW_CTX_TASK_ID=sync_data_connection_3
AIRFLOW_CTX_EXECUTION_DATE=2024-12-26T00:00:00+00:00
AIRFLOW_CTX_TRY_NUMBER=1
AIRFLOW_CTX_DAG_RUN_ID=scheduled__2024-12-26T00:00:00+00:00
[2024-12-27T00:08:11.297+0000] {base.py:73} INFO - Using connection ID 'airbyte_to_bigquery' for task execution.
[2024-12-27T00:08:18.416+0000] {airbyte.py:77} INFO - Job 143 was submitted to Airbyte Server
[2024-12-27T00:08:18.417+0000] {airbyte.py:79} INFO - Waiting for job 143 to complete
[2024-12-27T00:08:21.462+0000] {base.py:73} INFO - Using connection ID 'airbyte_to_bigquery' for task execution.
[2024-12-27T00:08:24.524+0000] {base.py:73} INFO - Using connection ID 'airbyte_to_bigquery' for task execution.
[2024-12-27T00:08:27.641+0000] {base.py:73} INFO - Using connection ID 'airbyte_to_bigquery' for task execution.
[2024-12-27T00:08:30.734+0000] {base.py:73} INFO - Using connection ID 'airbyte_to_bigquery' for task execution.
[2024-12-27T00:08:33.890+0000] {base.py:73} INFO - Using connection ID 'airbyte_to_bigquery' for task execution.
[2024-12-27T00:08:37.030+0000] {base.py:73} INFO - Using connection ID 'airbyte_to_bigquery' for task execution.
[2024-12-27T00:08:40.278+0000] {base.py:73} INFO - Using connection ID 'airbyte_to_bigquery' for task execution.
[2024-12-27T00:08:43.456+0000] {base.py:73} INFO - Using connection ID 'airbyte_to_bigquery' for task execution.
[2024-12-27T00:08:46.864+0000] {base.py:73} INFO - Using connection ID 'airbyte_to_bigquery' for task execution.
[2024-12-27T00:08:50.066+0000] {base.py:73} INFO - Using connection ID 'airbyte_to_bigquery' for task execution.
[2024-12-27T00:08:53.458+0000] {base.py:73} INFO - Using connection ID 'airbyte_to_bigquery' for task execution.
[2024-12-27T00:08:56.744+0000] {base.py:73} INFO - Using connection ID 'airbyte_to_bigquery' for task execution.
[2024-12-27T00:08:59.942+0000] {base.py:73} INFO - Using connection ID 'airbyte_to_bigquery' for task execution.
[2024-12-27T00:09:03.225+0000] {base.py:73} INFO - Using connection ID 'airbyte_to_bigquery' for task execution.
[2024-12-27T00:09:06.414+0000] {base.py:73} INFO - Using connection ID 'airbyte_to_bigquery' for task execution.
[2024-12-27T00:09:09.499+0000] {base.py:73} INFO - Using connection ID 'airbyte_to_bigquery' for task execution.
[2024-12-27T00:09:12.572+0000] {base.py:73} INFO - Using connection ID 'airbyte_to_bigquery' for task execution.
[2024-12-27T00:09:15.613+0000] {base.py:73} INFO - Using connection ID 'airbyte_to_bigquery' for task execution.
[2024-12-27T00:09:18.665+0000] {base.py:73} INFO - Using connection ID 'airbyte_to_bigquery' for task execution.
[2024-12-27T00:09:21.767+0000] {base.py:73} INFO - Using connection ID 'airbyte_to_bigquery' for task execution.
[2024-12-27T00:09:24.832+0000] {base.py:73} INFO - Using connection ID 'airbyte_to_bigquery' for task execution.
[2024-12-27T00:09:27.902+0000] {base.py:73} INFO - Using connection ID 'airbyte_to_bigquery' for task execution.
[2024-12-27T00:09:30.958+0000] {base.py:73} INFO - Using connection ID 'airbyte_to_bigquery' for task execution.
[2024-12-27T00:09:34.020+0000] {base.py:73} INFO - Using connection ID 'airbyte_to_bigquery' for task execution.
[2024-12-27T00:09:37.121+0000] {base.py:73} INFO - Using connection ID 'airbyte_to_bigquery' for task execution.
[2024-12-27T00:09:40.290+0000] {base.py:73} INFO - Using connection ID 'airbyte_to_bigquery' for task execution.
[2024-12-27T00:09:43.348+0000] {base.py:73} INFO - Using connection ID 'airbyte_to_bigquery' for task execution.
[2024-12-27T00:09:46.396+0000] {base.py:73} INFO - Using connection ID 'airbyte_to_bigquery' for task execution.
[2024-12-27T00:09:49.441+0000] {base.py:73} INFO - Using connection ID 'airbyte_to_bigquery' for task execution.
[2024-12-27T00:09:52.487+0000] {base.py:73} INFO - Using connection ID 'airbyte_to_bigquery' for task execution.
[2024-12-27T00:09:55.520+0000] {base.py:73} INFO - Using connection ID 'airbyte_to_bigquery' for task execution.
[2024-12-27T00:09:58.557+0000] {base.py:73} INFO - Using connection ID 'airbyte_to_bigquery' for task execution.
[2024-12-27T00:10:01.596+0000] {base.py:73} INFO - Using connection ID 'airbyte_to_bigquery' for task execution.
[2024-12-27T00:10:04.717+0000] {base.py:73} INFO - Using connection ID 'airbyte_to_bigquery' for task execution.
[2024-12-27T00:10:07.753+0000] {base.py:73} INFO - Using connection ID 'airbyte_to_bigquery' for task execution.
[2024-12-27T00:10:10.792+0000] {base.py:73} INFO - Using connection ID 'airbyte_to_bigquery' for task execution.
[2024-12-27T00:10:13.834+0000] {base.py:73} INFO - Using connection ID 'airbyte_to_bigquery' for task execution.
[2024-12-27T00:10:16.873+0000] {base.py:73} INFO - Using connection ID 'airbyte_to_bigquery' for task execution.
[2024-12-27T00:10:19.928+0000] {base.py:73} INFO - Using connection ID 'airbyte_to_bigquery' for task execution.
[2024-12-27T00:10:19.974+0000] {airbyte.py:81} INFO - Job 143 completed successfully
[2024-12-27T00:10:20.050+0000] {taskinstance.py:1323} INFO - Marking task as SUCCESS. dag_id=PolygonAPI_to_BigQuery, task_id=sync_data_connection_3, execution_date=20241226T000000, start_date=20241227T000809, end_date=20241227T001020
[2024-12-27T00:10:20.114+0000] {local_task_job.py:208} INFO - Task exited with return code 0
[2024-12-27T00:10:20.189+0000] {taskinstance.py:2578} INFO - 0 downstream tasks scheduled from follow-on schedule check
