[2025-01-08T23:03:29.086+0000] {taskinstance.py:1083} INFO - Dependencies all met for <TaskInstance: PolygonAPI_to_BigQuery.sync_data_connection_1 manual__2025-01-08T23:03:27.066150+00:00 [queued]>
[2025-01-08T23:03:29.102+0000] {taskinstance.py:1083} INFO - Dependencies all met for <TaskInstance: PolygonAPI_to_BigQuery.sync_data_connection_1 manual__2025-01-08T23:03:27.066150+00:00 [queued]>
[2025-01-08T23:03:29.102+0000] {taskinstance.py:1279} INFO - 
--------------------------------------------------------------------------------
[2025-01-08T23:03:29.103+0000] {taskinstance.py:1280} INFO - Starting attempt 1 of 2
[2025-01-08T23:03:29.103+0000] {taskinstance.py:1281} INFO - 
--------------------------------------------------------------------------------
[2025-01-08T23:03:29.129+0000] {taskinstance.py:1300} INFO - Executing <Task(AirbyteTriggerSyncOperator): sync_data_connection_1> on 2025-01-08 23:03:27.066150+00:00
[2025-01-08T23:03:29.135+0000] {standard_task_runner.py:55} INFO - Started process 385 to run task
[2025-01-08T23:03:29.142+0000] {standard_task_runner.py:82} INFO - Running: ['***', 'tasks', 'run', 'PolygonAPI_to_BigQuery', 'sync_data_connection_1', 'manual__2025-01-08T23:03:27.066150+00:00', '--job-id', '610', '--raw', '--subdir', 'DAGS_FOLDER/polygon_to_bigquery.py', '--cfg-path', '/tmp/tmp69n1qr_v']
[2025-01-08T23:03:29.143+0000] {standard_task_runner.py:83} INFO - Job 610: Subtask sync_data_connection_1
[2025-01-08T23:03:29.259+0000] {task_command.py:388} INFO - Running <TaskInstance: PolygonAPI_to_BigQuery.sync_data_connection_1 manual__2025-01-08T23:03:27.066150+00:00 [running]> on host d96901252821
[2025-01-08T23:03:29.395+0000] {taskinstance.py:1509} INFO - Exporting the following env vars:
AIRFLOW_CTX_DAG_OWNER=***
AIRFLOW_CTX_DAG_ID=PolygonAPI_to_BigQuery
AIRFLOW_CTX_TASK_ID=sync_data_connection_1
AIRFLOW_CTX_EXECUTION_DATE=2025-01-08T23:03:27.066150+00:00
AIRFLOW_CTX_TRY_NUMBER=1
AIRFLOW_CTX_DAG_RUN_ID=manual__2025-01-08T23:03:27.066150+00:00
[2025-01-08T23:03:29.413+0000] {base.py:73} INFO - Using connection ID 'airbyte_to_bigquery' for task execution.
[2025-01-08T23:03:30.230+0000] {airbyte.py:77} INFO - Job 220 was submitted to Airbyte Server
[2025-01-08T23:03:30.231+0000] {airbyte.py:79} INFO - Waiting for job 220 to complete
[2025-01-08T23:03:33.261+0000] {base.py:73} INFO - Using connection ID 'airbyte_to_bigquery' for task execution.
[2025-01-08T23:03:36.340+0000] {base.py:73} INFO - Using connection ID 'airbyte_to_bigquery' for task execution.
[2025-01-08T23:03:39.410+0000] {base.py:73} INFO - Using connection ID 'airbyte_to_bigquery' for task execution.
[2025-01-08T23:03:42.433+0000] {base.py:73} INFO - Using connection ID 'airbyte_to_bigquery' for task execution.
[2025-01-08T23:03:45.464+0000] {base.py:73} INFO - Using connection ID 'airbyte_to_bigquery' for task execution.
[2025-01-08T23:03:48.491+0000] {base.py:73} INFO - Using connection ID 'airbyte_to_bigquery' for task execution.
[2025-01-08T23:03:51.521+0000] {base.py:73} INFO - Using connection ID 'airbyte_to_bigquery' for task execution.
[2025-01-08T23:03:54.545+0000] {base.py:73} INFO - Using connection ID 'airbyte_to_bigquery' for task execution.
[2025-01-08T23:03:57.572+0000] {base.py:73} INFO - Using connection ID 'airbyte_to_bigquery' for task execution.
[2025-01-08T23:04:00.600+0000] {base.py:73} INFO - Using connection ID 'airbyte_to_bigquery' for task execution.
[2025-01-08T23:04:03.626+0000] {base.py:73} INFO - Using connection ID 'airbyte_to_bigquery' for task execution.
[2025-01-08T23:04:06.663+0000] {base.py:73} INFO - Using connection ID 'airbyte_to_bigquery' for task execution.
[2025-01-08T23:04:09.708+0000] {base.py:73} INFO - Using connection ID 'airbyte_to_bigquery' for task execution.
[2025-01-08T23:04:12.746+0000] {base.py:73} INFO - Using connection ID 'airbyte_to_bigquery' for task execution.
[2025-01-08T23:04:15.785+0000] {base.py:73} INFO - Using connection ID 'airbyte_to_bigquery' for task execution.
[2025-01-08T23:04:18.823+0000] {base.py:73} INFO - Using connection ID 'airbyte_to_bigquery' for task execution.
[2025-01-08T23:04:21.855+0000] {base.py:73} INFO - Using connection ID 'airbyte_to_bigquery' for task execution.
[2025-01-08T23:04:24.885+0000] {base.py:73} INFO - Using connection ID 'airbyte_to_bigquery' for task execution.
[2025-01-08T23:04:27.921+0000] {base.py:73} INFO - Using connection ID 'airbyte_to_bigquery' for task execution.
[2025-01-08T23:04:30.944+0000] {base.py:73} INFO - Using connection ID 'airbyte_to_bigquery' for task execution.
[2025-01-08T23:04:33.967+0000] {base.py:73} INFO - Using connection ID 'airbyte_to_bigquery' for task execution.
[2025-01-08T23:04:36.991+0000] {base.py:73} INFO - Using connection ID 'airbyte_to_bigquery' for task execution.
[2025-01-08T23:04:40.014+0000] {base.py:73} INFO - Using connection ID 'airbyte_to_bigquery' for task execution.
[2025-01-08T23:04:43.039+0000] {base.py:73} INFO - Using connection ID 'airbyte_to_bigquery' for task execution.
[2025-01-08T23:04:46.066+0000] {base.py:73} INFO - Using connection ID 'airbyte_to_bigquery' for task execution.
[2025-01-08T23:04:49.090+0000] {base.py:73} INFO - Using connection ID 'airbyte_to_bigquery' for task execution.
[2025-01-08T23:04:52.126+0000] {base.py:73} INFO - Using connection ID 'airbyte_to_bigquery' for task execution.
[2025-01-08T23:04:55.169+0000] {base.py:73} INFO - Using connection ID 'airbyte_to_bigquery' for task execution.
[2025-01-08T23:04:58.195+0000] {base.py:73} INFO - Using connection ID 'airbyte_to_bigquery' for task execution.
[2025-01-08T23:04:58.210+0000] {airbyte.py:81} INFO - Job 220 completed successfully
[2025-01-08T23:04:58.241+0000] {taskinstance.py:1323} INFO - Marking task as SUCCESS. dag_id=PolygonAPI_to_BigQuery, task_id=sync_data_connection_1, execution_date=20250108T230327, start_date=20250108T230329, end_date=20250108T230458
[2025-01-08T23:04:58.296+0000] {local_task_job.py:208} INFO - Task exited with return code 0
[2025-01-08T23:04:58.332+0000] {taskinstance.py:2578} INFO - 1 downstream tasks scheduled from follow-on schedule check
