[2024-12-16T22:28:27.069+0000] {taskinstance.py:1083} INFO - Dependencies all met for <TaskInstance: PolygonAPI_to_BigQuery.sync_data_connection_5 scheduled__2024-12-15T00:00:00+00:00 [queued]>
[2024-12-16T22:28:27.109+0000] {taskinstance.py:1083} INFO - Dependencies all met for <TaskInstance: PolygonAPI_to_BigQuery.sync_data_connection_5 scheduled__2024-12-15T00:00:00+00:00 [queued]>
[2024-12-16T22:28:27.110+0000] {taskinstance.py:1279} INFO - 
--------------------------------------------------------------------------------
[2024-12-16T22:28:27.111+0000] {taskinstance.py:1280} INFO - Starting attempt 1 of 2
[2024-12-16T22:28:27.113+0000] {taskinstance.py:1281} INFO - 
--------------------------------------------------------------------------------
[2024-12-16T22:28:27.178+0000] {taskinstance.py:1300} INFO - Executing <Task(AirbyteTriggerSyncOperator): sync_data_connection_5> on 2024-12-15 00:00:00+00:00
[2024-12-16T22:28:27.187+0000] {standard_task_runner.py:55} INFO - Started process 106 to run task
[2024-12-16T22:28:27.214+0000] {standard_task_runner.py:82} INFO - Running: ['***', 'tasks', 'run', 'PolygonAPI_to_BigQuery', 'sync_data_connection_5', 'scheduled__2024-12-15T00:00:00+00:00', '--job-id', '103', '--raw', '--subdir', 'DAGS_FOLDER/polygon_to_bigquery.py', '--cfg-path', '/tmp/tmpr3rg583u']
[2024-12-16T22:28:27.216+0000] {standard_task_runner.py:83} INFO - Job 103: Subtask sync_data_connection_5
[2024-12-16T22:28:27.439+0000] {task_command.py:388} INFO - Running <TaskInstance: PolygonAPI_to_BigQuery.sync_data_connection_5 scheduled__2024-12-15T00:00:00+00:00 [running]> on host 1b9e534b4855
[2024-12-16T22:28:27.728+0000] {taskinstance.py:1509} INFO - Exporting the following env vars:
AIRFLOW_CTX_DAG_OWNER=***
AIRFLOW_CTX_DAG_ID=PolygonAPI_to_BigQuery
AIRFLOW_CTX_TASK_ID=sync_data_connection_5
AIRFLOW_CTX_EXECUTION_DATE=2024-12-15T00:00:00+00:00
AIRFLOW_CTX_TRY_NUMBER=1
AIRFLOW_CTX_DAG_RUN_ID=scheduled__2024-12-15T00:00:00+00:00
[2024-12-16T22:28:27.766+0000] {base.py:73} INFO - Using connection ID 'airbyte_to_bigquery' for task execution.
[2024-12-16T22:28:37.402+0000] {airbyte.py:77} INFO - Job 84 was submitted to Airbyte Server
[2024-12-16T22:28:37.404+0000] {airbyte.py:79} INFO - Waiting for job 84 to complete
[2024-12-16T22:28:40.437+0000] {base.py:73} INFO - Using connection ID 'airbyte_to_bigquery' for task execution.
[2024-12-16T22:28:43.670+0000] {base.py:73} INFO - Using connection ID 'airbyte_to_bigquery' for task execution.
[2024-12-16T22:28:46.967+0000] {base.py:73} INFO - Using connection ID 'airbyte_to_bigquery' for task execution.
[2024-12-16T22:28:50.052+0000] {base.py:73} INFO - Using connection ID 'airbyte_to_bigquery' for task execution.
[2024-12-16T22:28:53.184+0000] {base.py:73} INFO - Using connection ID 'airbyte_to_bigquery' for task execution.
[2024-12-16T22:28:56.350+0000] {base.py:73} INFO - Using connection ID 'airbyte_to_bigquery' for task execution.
[2024-12-16T22:28:59.559+0000] {base.py:73} INFO - Using connection ID 'airbyte_to_bigquery' for task execution.
[2024-12-16T22:29:02.835+0000] {base.py:73} INFO - Using connection ID 'airbyte_to_bigquery' for task execution.
[2024-12-16T22:29:06.211+0000] {base.py:73} INFO - Using connection ID 'airbyte_to_bigquery' for task execution.
[2024-12-16T22:29:09.397+0000] {base.py:73} INFO - Using connection ID 'airbyte_to_bigquery' for task execution.
[2024-12-16T22:29:12.737+0000] {base.py:73} INFO - Using connection ID 'airbyte_to_bigquery' for task execution.
[2024-12-16T22:29:15.998+0000] {base.py:73} INFO - Using connection ID 'airbyte_to_bigquery' for task execution.
[2024-12-16T22:29:19.232+0000] {base.py:73} INFO - Using connection ID 'airbyte_to_bigquery' for task execution.
[2024-12-16T22:29:22.352+0000] {base.py:73} INFO - Using connection ID 'airbyte_to_bigquery' for task execution.
[2024-12-16T22:29:25.435+0000] {base.py:73} INFO - Using connection ID 'airbyte_to_bigquery' for task execution.
[2024-12-16T22:29:28.515+0000] {base.py:73} INFO - Using connection ID 'airbyte_to_bigquery' for task execution.
[2024-12-16T22:29:31.570+0000] {base.py:73} INFO - Using connection ID 'airbyte_to_bigquery' for task execution.
[2024-12-16T22:29:34.632+0000] {base.py:73} INFO - Using connection ID 'airbyte_to_bigquery' for task execution.
[2024-12-16T22:29:37.719+0000] {base.py:73} INFO - Using connection ID 'airbyte_to_bigquery' for task execution.
[2024-12-16T22:29:40.823+0000] {base.py:73} INFO - Using connection ID 'airbyte_to_bigquery' for task execution.
[2024-12-16T22:29:43.958+0000] {base.py:73} INFO - Using connection ID 'airbyte_to_bigquery' for task execution.
[2024-12-16T22:29:47.105+0000] {base.py:73} INFO - Using connection ID 'airbyte_to_bigquery' for task execution.
[2024-12-16T22:29:50.221+0000] {base.py:73} INFO - Using connection ID 'airbyte_to_bigquery' for task execution.
[2024-12-16T22:29:53.288+0000] {base.py:73} INFO - Using connection ID 'airbyte_to_bigquery' for task execution.
[2024-12-16T22:29:56.338+0000] {base.py:73} INFO - Using connection ID 'airbyte_to_bigquery' for task execution.
[2024-12-16T22:29:59.400+0000] {base.py:73} INFO - Using connection ID 'airbyte_to_bigquery' for task execution.
[2024-12-16T22:30:02.467+0000] {base.py:73} INFO - Using connection ID 'airbyte_to_bigquery' for task execution.
[2024-12-16T22:30:05.518+0000] {base.py:73} INFO - Using connection ID 'airbyte_to_bigquery' for task execution.
[2024-12-16T22:30:08.578+0000] {base.py:73} INFO - Using connection ID 'airbyte_to_bigquery' for task execution.
[2024-12-16T22:30:11.741+0000] {base.py:73} INFO - Using connection ID 'airbyte_to_bigquery' for task execution.
[2024-12-16T22:30:14.857+0000] {base.py:73} INFO - Using connection ID 'airbyte_to_bigquery' for task execution.
[2024-12-16T22:30:17.909+0000] {base.py:73} INFO - Using connection ID 'airbyte_to_bigquery' for task execution.
[2024-12-16T22:30:20.942+0000] {base.py:73} INFO - Using connection ID 'airbyte_to_bigquery' for task execution.
[2024-12-16T22:30:23.981+0000] {base.py:73} INFO - Using connection ID 'airbyte_to_bigquery' for task execution.
[2024-12-16T22:30:27.056+0000] {base.py:73} INFO - Using connection ID 'airbyte_to_bigquery' for task execution.
[2024-12-16T22:30:30.118+0000] {base.py:73} INFO - Using connection ID 'airbyte_to_bigquery' for task execution.
[2024-12-16T22:30:33.158+0000] {base.py:73} INFO - Using connection ID 'airbyte_to_bigquery' for task execution.
[2024-12-16T22:30:36.191+0000] {base.py:73} INFO - Using connection ID 'airbyte_to_bigquery' for task execution.
[2024-12-16T22:30:39.259+0000] {base.py:73} INFO - Using connection ID 'airbyte_to_bigquery' for task execution.
[2024-12-16T22:30:42.312+0000] {base.py:73} INFO - Using connection ID 'airbyte_to_bigquery' for task execution.
[2024-12-16T22:30:45.362+0000] {base.py:73} INFO - Using connection ID 'airbyte_to_bigquery' for task execution.
[2024-12-16T22:30:48.420+0000] {base.py:73} INFO - Using connection ID 'airbyte_to_bigquery' for task execution.
[2024-12-16T22:30:48.560+0000] {airbyte.py:81} INFO - Job 84 completed successfully
[2024-12-16T22:30:48.636+0000] {taskinstance.py:1323} INFO - Marking task as SUCCESS. dag_id=PolygonAPI_to_BigQuery, task_id=sync_data_connection_5, execution_date=20241215T000000, start_date=20241216T222827, end_date=20241216T223048
[2024-12-16T22:30:48.700+0000] {local_task_job.py:208} INFO - Task exited with return code 0
[2024-12-16T22:30:48.754+0000] {taskinstance.py:2578} INFO - 0 downstream tasks scheduled from follow-on schedule check
