[2024-12-17T00:00:02.530+0000] {taskinstance.py:1083} INFO - Dependencies all met for <TaskInstance: PolygonAPI_to_BigQuery.sync_data_connection_5 scheduled__2024-12-16T00:00:00+00:00 [queued]>
[2024-12-17T00:00:02.550+0000] {taskinstance.py:1083} INFO - Dependencies all met for <TaskInstance: PolygonAPI_to_BigQuery.sync_data_connection_5 scheduled__2024-12-16T00:00:00+00:00 [queued]>
[2024-12-17T00:00:02.551+0000] {taskinstance.py:1279} INFO - 
--------------------------------------------------------------------------------
[2024-12-17T00:00:02.552+0000] {taskinstance.py:1280} INFO - Starting attempt 1 of 2
[2024-12-17T00:00:02.553+0000] {taskinstance.py:1281} INFO - 
--------------------------------------------------------------------------------
[2024-12-17T00:00:02.590+0000] {taskinstance.py:1300} INFO - Executing <Task(AirbyteTriggerSyncOperator): sync_data_connection_5> on 2024-12-16 00:00:00+00:00
[2024-12-17T00:00:02.598+0000] {standard_task_runner.py:55} INFO - Started process 8902 to run task
[2024-12-17T00:00:02.604+0000] {standard_task_runner.py:82} INFO - Running: ['***', 'tasks', 'run', 'PolygonAPI_to_BigQuery', 'sync_data_connection_5', 'scheduled__2024-12-16T00:00:00+00:00', '--job-id', '108', '--raw', '--subdir', 'DAGS_FOLDER/polygon_to_bigquery.py', '--cfg-path', '/tmp/tmpnu83z0na']
[2024-12-17T00:00:02.605+0000] {standard_task_runner.py:83} INFO - Job 108: Subtask sync_data_connection_5
[2024-12-17T00:00:02.716+0000] {task_command.py:388} INFO - Running <TaskInstance: PolygonAPI_to_BigQuery.sync_data_connection_5 scheduled__2024-12-16T00:00:00+00:00 [running]> on host 1b9e534b4855
[2024-12-17T00:00:02.828+0000] {taskinstance.py:1509} INFO - Exporting the following env vars:
AIRFLOW_CTX_DAG_OWNER=***
AIRFLOW_CTX_DAG_ID=PolygonAPI_to_BigQuery
AIRFLOW_CTX_TASK_ID=sync_data_connection_5
AIRFLOW_CTX_EXECUTION_DATE=2024-12-16T00:00:00+00:00
AIRFLOW_CTX_TRY_NUMBER=1
AIRFLOW_CTX_DAG_RUN_ID=scheduled__2024-12-16T00:00:00+00:00
[2024-12-17T00:00:02.850+0000] {base.py:73} INFO - Using connection ID 'airbyte_to_bigquery' for task execution.
[2024-12-17T00:00:04.423+0000] {airbyte.py:77} INFO - Job 85 was submitted to Airbyte Server
[2024-12-17T00:00:04.424+0000] {airbyte.py:79} INFO - Waiting for job 85 to complete
[2024-12-17T00:00:07.441+0000] {base.py:73} INFO - Using connection ID 'airbyte_to_bigquery' for task execution.
[2024-12-17T00:00:10.529+0000] {base.py:73} INFO - Using connection ID 'airbyte_to_bigquery' for task execution.
[2024-12-17T00:00:13.621+0000] {base.py:73} INFO - Using connection ID 'airbyte_to_bigquery' for task execution.
[2024-12-17T00:00:16.759+0000] {base.py:73} INFO - Using connection ID 'airbyte_to_bigquery' for task execution.
[2024-12-17T00:00:19.913+0000] {base.py:73} INFO - Using connection ID 'airbyte_to_bigquery' for task execution.
[2024-12-17T00:00:22.987+0000] {base.py:73} INFO - Using connection ID 'airbyte_to_bigquery' for task execution.
[2024-12-17T00:00:26.071+0000] {base.py:73} INFO - Using connection ID 'airbyte_to_bigquery' for task execution.
[2024-12-17T00:00:29.105+0000] {base.py:73} INFO - Using connection ID 'airbyte_to_bigquery' for task execution.
[2024-12-17T00:00:32.164+0000] {base.py:73} INFO - Using connection ID 'airbyte_to_bigquery' for task execution.
[2024-12-17T00:00:35.271+0000] {base.py:73} INFO - Using connection ID 'airbyte_to_bigquery' for task execution.
[2024-12-17T00:00:38.354+0000] {base.py:73} INFO - Using connection ID 'airbyte_to_bigquery' for task execution.
[2024-12-17T00:00:41.428+0000] {base.py:73} INFO - Using connection ID 'airbyte_to_bigquery' for task execution.
[2024-12-17T00:00:44.477+0000] {base.py:73} INFO - Using connection ID 'airbyte_to_bigquery' for task execution.
[2024-12-17T00:00:47.536+0000] {base.py:73} INFO - Using connection ID 'airbyte_to_bigquery' for task execution.
[2024-12-17T00:00:50.598+0000] {base.py:73} INFO - Using connection ID 'airbyte_to_bigquery' for task execution.
[2024-12-17T00:00:53.640+0000] {base.py:73} INFO - Using connection ID 'airbyte_to_bigquery' for task execution.
[2024-12-17T00:00:56.668+0000] {base.py:73} INFO - Using connection ID 'airbyte_to_bigquery' for task execution.
[2024-12-17T00:00:59.698+0000] {base.py:73} INFO - Using connection ID 'airbyte_to_bigquery' for task execution.
[2024-12-17T00:01:02.728+0000] {base.py:73} INFO - Using connection ID 'airbyte_to_bigquery' for task execution.
[2024-12-17T00:01:05.761+0000] {base.py:73} INFO - Using connection ID 'airbyte_to_bigquery' for task execution.
[2024-12-17T00:01:08.794+0000] {base.py:73} INFO - Using connection ID 'airbyte_to_bigquery' for task execution.
[2024-12-17T00:01:11.832+0000] {base.py:73} INFO - Using connection ID 'airbyte_to_bigquery' for task execution.
[2024-12-17T00:01:14.860+0000] {base.py:73} INFO - Using connection ID 'airbyte_to_bigquery' for task execution.
[2024-12-17T00:01:17.894+0000] {base.py:73} INFO - Using connection ID 'airbyte_to_bigquery' for task execution.
[2024-12-17T00:01:20.919+0000] {base.py:73} INFO - Using connection ID 'airbyte_to_bigquery' for task execution.
[2024-12-17T00:01:23.942+0000] {base.py:73} INFO - Using connection ID 'airbyte_to_bigquery' for task execution.
[2024-12-17T00:01:26.965+0000] {base.py:73} INFO - Using connection ID 'airbyte_to_bigquery' for task execution.
[2024-12-17T00:01:29.994+0000] {base.py:73} INFO - Using connection ID 'airbyte_to_bigquery' for task execution.
[2024-12-17T00:01:30.012+0000] {airbyte.py:81} INFO - Job 85 completed successfully
[2024-12-17T00:01:30.040+0000] {taskinstance.py:1323} INFO - Marking task as SUCCESS. dag_id=PolygonAPI_to_BigQuery, task_id=sync_data_connection_5, execution_date=20241216T000000, start_date=20241217T000002, end_date=20241217T000130
[2024-12-17T00:01:30.068+0000] {local_task_job.py:208} INFO - Task exited with return code 0
[2024-12-17T00:01:30.090+0000] {taskinstance.py:2578} INFO - 0 downstream tasks scheduled from follow-on schedule check
