[2024-12-03T13:00:01.013+0000] {taskinstance.py:1083} INFO - Dependencies all met for <TaskInstance: PolygonAPI_to_BigQuery.sync_polygon_data scheduled__2024-12-03T12:00:00+00:00 [queued]>
[2024-12-03T13:00:01.026+0000] {taskinstance.py:1083} INFO - Dependencies all met for <TaskInstance: PolygonAPI_to_BigQuery.sync_polygon_data scheduled__2024-12-03T12:00:00+00:00 [queued]>
[2024-12-03T13:00:01.026+0000] {taskinstance.py:1279} INFO - 
--------------------------------------------------------------------------------
[2024-12-03T13:00:01.027+0000] {taskinstance.py:1280} INFO - Starting attempt 1 of 2
[2024-12-03T13:00:01.028+0000] {taskinstance.py:1281} INFO - 
--------------------------------------------------------------------------------
[2024-12-03T13:00:01.049+0000] {taskinstance.py:1300} INFO - Executing <Task(AirbyteTriggerSyncOperator): sync_polygon_data> on 2024-12-03 12:00:00+00:00
[2024-12-03T13:00:01.054+0000] {standard_task_runner.py:55} INFO - Started process 53134 to run task
[2024-12-03T13:00:01.058+0000] {standard_task_runner.py:82} INFO - Running: ['***', 'tasks', 'run', 'PolygonAPI_to_BigQuery', 'sync_polygon_data', 'scheduled__2024-12-03T12:00:00+00:00', '--job-id', '37', '--raw', '--subdir', 'DAGS_FOLDER/polygon_to_BigQuery_sync.py', '--cfg-path', '/tmp/tmplui7u9m8']
[2024-12-03T13:00:01.060+0000] {standard_task_runner.py:83} INFO - Job 37: Subtask sync_polygon_data
[2024-12-03T13:00:01.146+0000] {task_command.py:388} INFO - Running <TaskInstance: PolygonAPI_to_BigQuery.sync_polygon_data scheduled__2024-12-03T12:00:00+00:00 [running]> on host 5ecff608e4ff
[2024-12-03T13:00:01.245+0000] {taskinstance.py:1509} INFO - Exporting the following env vars:
AIRFLOW_CTX_DAG_OWNER=***
AIRFLOW_CTX_DAG_ID=PolygonAPI_to_BigQuery
AIRFLOW_CTX_TASK_ID=sync_polygon_data
AIRFLOW_CTX_EXECUTION_DATE=2024-12-03T12:00:00+00:00
AIRFLOW_CTX_TRY_NUMBER=1
AIRFLOW_CTX_DAG_RUN_ID=scheduled__2024-12-03T12:00:00+00:00
[2024-12-03T13:00:01.259+0000] {base.py:73} INFO - Using connection ID 'airbyte_to_bigquery' for task execution.
[2024-12-03T13:00:01.695+0000] {airbyte.py:77} INFO - Job 24 was submitted to Airbyte Server
[2024-12-03T13:00:01.696+0000] {airbyte.py:79} INFO - Waiting for job 24 to complete
[2024-12-03T13:00:04.708+0000] {base.py:73} INFO - Using connection ID 'airbyte_to_bigquery' for task execution.
[2024-12-03T13:00:07.741+0000] {base.py:73} INFO - Using connection ID 'airbyte_to_bigquery' for task execution.
[2024-12-03T13:00:10.775+0000] {base.py:73} INFO - Using connection ID 'airbyte_to_bigquery' for task execution.
[2024-12-03T13:00:13.806+0000] {base.py:73} INFO - Using connection ID 'airbyte_to_bigquery' for task execution.
[2024-12-03T13:00:16.834+0000] {base.py:73} INFO - Using connection ID 'airbyte_to_bigquery' for task execution.
[2024-12-03T13:00:19.874+0000] {base.py:73} INFO - Using connection ID 'airbyte_to_bigquery' for task execution.
[2024-12-03T13:00:22.935+0000] {base.py:73} INFO - Using connection ID 'airbyte_to_bigquery' for task execution.
[2024-12-03T13:00:25.966+0000] {base.py:73} INFO - Using connection ID 'airbyte_to_bigquery' for task execution.
[2024-12-03T13:00:28.997+0000] {base.py:73} INFO - Using connection ID 'airbyte_to_bigquery' for task execution.
[2024-12-03T13:00:32.024+0000] {base.py:73} INFO - Using connection ID 'airbyte_to_bigquery' for task execution.
[2024-12-03T13:00:35.053+0000] {base.py:73} INFO - Using connection ID 'airbyte_to_bigquery' for task execution.
[2024-12-03T13:00:38.082+0000] {base.py:73} INFO - Using connection ID 'airbyte_to_bigquery' for task execution.
[2024-12-03T13:00:41.107+0000] {base.py:73} INFO - Using connection ID 'airbyte_to_bigquery' for task execution.
[2024-12-03T13:00:44.131+0000] {base.py:73} INFO - Using connection ID 'airbyte_to_bigquery' for task execution.
[2024-12-03T13:00:47.158+0000] {base.py:73} INFO - Using connection ID 'airbyte_to_bigquery' for task execution.
[2024-12-03T13:00:50.183+0000] {base.py:73} INFO - Using connection ID 'airbyte_to_bigquery' for task execution.
[2024-12-03T13:00:53.209+0000] {base.py:73} INFO - Using connection ID 'airbyte_to_bigquery' for task execution.
[2024-12-03T13:00:53.224+0000] {airbyte.py:81} INFO - Job 24 completed successfully
[2024-12-03T13:00:53.259+0000] {taskinstance.py:1323} INFO - Marking task as SUCCESS. dag_id=PolygonAPI_to_BigQuery, task_id=sync_polygon_data, execution_date=20241203T120000, start_date=20241203T130001, end_date=20241203T130053
[2024-12-03T13:00:53.279+0000] {local_task_job.py:208} INFO - Task exited with return code 0
[2024-12-03T13:00:53.297+0000] {taskinstance.py:2578} INFO - 0 downstream tasks scheduled from follow-on schedule check
