[2024-12-25T00:00:07.670+0000] {taskinstance.py:1083} INFO - Dependencies all met for <TaskInstance: PolygonAPI_to_BigQuery.sync_data_connection_4 scheduled__2024-12-24T00:00:00+00:00 [queued]>
[2024-12-25T00:00:07.719+0000] {taskinstance.py:1083} INFO - Dependencies all met for <TaskInstance: PolygonAPI_to_BigQuery.sync_data_connection_4 scheduled__2024-12-24T00:00:00+00:00 [queued]>
[2024-12-25T00:00:07.731+0000] {taskinstance.py:1279} INFO - 
--------------------------------------------------------------------------------
[2024-12-25T00:00:07.741+0000] {taskinstance.py:1280} INFO - Starting attempt 1 of 2
[2024-12-25T00:00:07.742+0000] {taskinstance.py:1281} INFO - 
--------------------------------------------------------------------------------
[2024-12-25T00:00:07.860+0000] {taskinstance.py:1300} INFO - Executing <Task(AirbyteTriggerSyncOperator): sync_data_connection_4> on 2024-12-24 00:00:00+00:00
[2024-12-25T00:00:07.941+0000] {standard_task_runner.py:55} INFO - Started process 37515 to run task
[2024-12-25T00:00:08.051+0000] {standard_task_runner.py:82} INFO - Running: ['***', 'tasks', 'run', 'PolygonAPI_to_BigQuery', 'sync_data_connection_4', 'scheduled__2024-12-24T00:00:00+00:00', '--job-id', '141', '--raw', '--subdir', 'DAGS_FOLDER/polygon_to_bigquery.py', '--cfg-path', '/tmp/tmpsms0bv0z']
[2024-12-25T00:00:08.093+0000] {standard_task_runner.py:83} INFO - Job 141: Subtask sync_data_connection_4
[2024-12-25T00:00:08.959+0000] {task_command.py:388} INFO - Running <TaskInstance: PolygonAPI_to_BigQuery.sync_data_connection_4 scheduled__2024-12-24T00:00:00+00:00 [running]> on host 1b9e534b4855
[2024-12-25T00:00:09.496+0000] {taskinstance.py:1509} INFO - Exporting the following env vars:
AIRFLOW_CTX_DAG_OWNER=***
AIRFLOW_CTX_DAG_ID=PolygonAPI_to_BigQuery
AIRFLOW_CTX_TASK_ID=sync_data_connection_4
AIRFLOW_CTX_EXECUTION_DATE=2024-12-24T00:00:00+00:00
AIRFLOW_CTX_TRY_NUMBER=1
AIRFLOW_CTX_DAG_RUN_ID=scheduled__2024-12-24T00:00:00+00:00
[2024-12-25T00:00:09.575+0000] {base.py:73} INFO - Using connection ID 'airbyte_to_bigquery' for task execution.
[2024-12-25T00:00:15.173+0000] {airbyte.py:77} INFO - Job 117 was submitted to Airbyte Server
[2024-12-25T00:00:15.174+0000] {airbyte.py:79} INFO - Waiting for job 117 to complete
[2024-12-25T00:00:18.186+0000] {base.py:73} INFO - Using connection ID 'airbyte_to_bigquery' for task execution.
[2024-12-25T00:00:21.490+0000] {base.py:73} INFO - Using connection ID 'airbyte_to_bigquery' for task execution.
[2024-12-25T00:00:24.708+0000] {base.py:73} INFO - Using connection ID 'airbyte_to_bigquery' for task execution.
[2024-12-25T00:00:28.451+0000] {base.py:73} INFO - Using connection ID 'airbyte_to_bigquery' for task execution.
[2024-12-25T00:00:32.734+0000] {base.py:73} INFO - Using connection ID 'airbyte_to_bigquery' for task execution.
[2024-12-25T00:00:36.153+0000] {base.py:73} INFO - Using connection ID 'airbyte_to_bigquery' for task execution.
[2024-12-25T00:00:39.311+0000] {base.py:73} INFO - Using connection ID 'airbyte_to_bigquery' for task execution.
[2024-12-25T00:00:42.388+0000] {base.py:73} INFO - Using connection ID 'airbyte_to_bigquery' for task execution.
[2024-12-25T00:00:45.524+0000] {base.py:73} INFO - Using connection ID 'airbyte_to_bigquery' for task execution.
[2024-12-25T00:00:48.695+0000] {base.py:73} INFO - Using connection ID 'airbyte_to_bigquery' for task execution.
[2024-12-25T00:00:52.175+0000] {base.py:73} INFO - Using connection ID 'airbyte_to_bigquery' for task execution.
[2024-12-25T00:00:55.591+0000] {base.py:73} INFO - Using connection ID 'airbyte_to_bigquery' for task execution.
[2024-12-25T00:00:58.660+0000] {base.py:73} INFO - Using connection ID 'airbyte_to_bigquery' for task execution.
[2024-12-25T00:01:01.729+0000] {base.py:73} INFO - Using connection ID 'airbyte_to_bigquery' for task execution.
[2024-12-25T00:01:04.795+0000] {base.py:73} INFO - Using connection ID 'airbyte_to_bigquery' for task execution.
[2024-12-25T00:01:07.862+0000] {base.py:73} INFO - Using connection ID 'airbyte_to_bigquery' for task execution.
[2024-12-25T00:01:10.918+0000] {base.py:73} INFO - Using connection ID 'airbyte_to_bigquery' for task execution.
[2024-12-25T00:01:13.972+0000] {base.py:73} INFO - Using connection ID 'airbyte_to_bigquery' for task execution.
[2024-12-25T00:01:17.023+0000] {base.py:73} INFO - Using connection ID 'airbyte_to_bigquery' for task execution.
[2024-12-25T00:01:20.082+0000] {base.py:73} INFO - Using connection ID 'airbyte_to_bigquery' for task execution.
[2024-12-25T00:01:23.114+0000] {base.py:73} INFO - Using connection ID 'airbyte_to_bigquery' for task execution.
[2024-12-25T00:01:26.148+0000] {base.py:73} INFO - Using connection ID 'airbyte_to_bigquery' for task execution.
[2024-12-25T00:01:29.178+0000] {base.py:73} INFO - Using connection ID 'airbyte_to_bigquery' for task execution.
[2024-12-25T00:01:32.210+0000] {base.py:73} INFO - Using connection ID 'airbyte_to_bigquery' for task execution.
[2024-12-25T00:01:35.251+0000] {base.py:73} INFO - Using connection ID 'airbyte_to_bigquery' for task execution.
[2024-12-25T00:01:38.280+0000] {base.py:73} INFO - Using connection ID 'airbyte_to_bigquery' for task execution.
[2024-12-25T00:01:41.312+0000] {base.py:73} INFO - Using connection ID 'airbyte_to_bigquery' for task execution.
[2024-12-25T00:01:44.351+0000] {base.py:73} INFO - Using connection ID 'airbyte_to_bigquery' for task execution.
[2024-12-25T00:01:47.396+0000] {base.py:73} INFO - Using connection ID 'airbyte_to_bigquery' for task execution.
[2024-12-25T00:01:50.442+0000] {base.py:73} INFO - Using connection ID 'airbyte_to_bigquery' for task execution.
[2024-12-25T00:01:53.481+0000] {base.py:73} INFO - Using connection ID 'airbyte_to_bigquery' for task execution.
[2024-12-25T00:01:53.509+0000] {airbyte.py:81} INFO - Job 117 completed successfully
[2024-12-25T00:01:53.572+0000] {taskinstance.py:1323} INFO - Marking task as SUCCESS. dag_id=PolygonAPI_to_BigQuery, task_id=sync_data_connection_4, execution_date=20241224T000000, start_date=20241225T000007, end_date=20241225T000153
[2024-12-25T00:01:53.627+0000] {local_task_job.py:208} INFO - Task exited with return code 0
[2024-12-25T00:01:53.672+0000] {taskinstance.py:2578} INFO - 0 downstream tasks scheduled from follow-on schedule check
