[2025-01-08T23:38:45.128+0000] {taskinstance.py:1083} INFO - Dependencies all met for <TaskInstance: PolygonAPI_to_BigQuery.sync_data_connection_2 manual__2025-01-08T23:38:42.686957+00:00 [queued]>
[2025-01-08T23:38:45.146+0000] {taskinstance.py:1083} INFO - Dependencies all met for <TaskInstance: PolygonAPI_to_BigQuery.sync_data_connection_2 manual__2025-01-08T23:38:42.686957+00:00 [queued]>
[2025-01-08T23:38:45.147+0000] {taskinstance.py:1279} INFO - 
--------------------------------------------------------------------------------
[2025-01-08T23:38:45.148+0000] {taskinstance.py:1280} INFO - Starting attempt 1 of 2
[2025-01-08T23:38:45.148+0000] {taskinstance.py:1281} INFO - 
--------------------------------------------------------------------------------
[2025-01-08T23:38:45.201+0000] {taskinstance.py:1300} INFO - Executing <Task(AirbyteTriggerSyncOperator): sync_data_connection_2> on 2025-01-08 23:38:42.686957+00:00
[2025-01-08T23:38:45.211+0000] {standard_task_runner.py:55} INFO - Started process 206 to run task
[2025-01-08T23:38:45.226+0000] {standard_task_runner.py:82} INFO - Running: ['***', 'tasks', 'run', 'PolygonAPI_to_BigQuery', 'sync_data_connection_2', 'manual__2025-01-08T23:38:42.686957+00:00', '--job-id', '628', '--raw', '--subdir', 'DAGS_FOLDER/polygon_to_bigquery.py', '--cfg-path', '/tmp/tmpujc7li74']
[2025-01-08T23:38:45.228+0000] {standard_task_runner.py:83} INFO - Job 628: Subtask sync_data_connection_2
[2025-01-08T23:38:45.380+0000] {task_command.py:388} INFO - Running <TaskInstance: PolygonAPI_to_BigQuery.sync_data_connection_2 manual__2025-01-08T23:38:42.686957+00:00 [running]> on host 65047f1edb18
[2025-01-08T23:38:45.548+0000] {taskinstance.py:1509} INFO - Exporting the following env vars:
AIRFLOW_CTX_DAG_OWNER=***
AIRFLOW_CTX_DAG_ID=PolygonAPI_to_BigQuery
AIRFLOW_CTX_TASK_ID=sync_data_connection_2
AIRFLOW_CTX_EXECUTION_DATE=2025-01-08T23:38:42.686957+00:00
AIRFLOW_CTX_TRY_NUMBER=1
AIRFLOW_CTX_DAG_RUN_ID=manual__2025-01-08T23:38:42.686957+00:00
[2025-01-08T23:38:45.574+0000] {base.py:73} INFO - Using connection ID 'airbyte_to_bigquery' for task execution.
[2025-01-08T23:38:46.369+0000] {airbyte.py:77} INFO - Job 233 was submitted to Airbyte Server
[2025-01-08T23:38:46.370+0000] {airbyte.py:79} INFO - Waiting for job 233 to complete
[2025-01-08T23:38:49.387+0000] {base.py:73} INFO - Using connection ID 'airbyte_to_bigquery' for task execution.
[2025-01-08T23:38:52.438+0000] {base.py:73} INFO - Using connection ID 'airbyte_to_bigquery' for task execution.
[2025-01-08T23:38:55.497+0000] {base.py:73} INFO - Using connection ID 'airbyte_to_bigquery' for task execution.
[2025-01-08T23:38:58.554+0000] {base.py:73} INFO - Using connection ID 'airbyte_to_bigquery' for task execution.
[2025-01-08T23:39:01.583+0000] {base.py:73} INFO - Using connection ID 'airbyte_to_bigquery' for task execution.
[2025-01-08T23:39:04.608+0000] {base.py:73} INFO - Using connection ID 'airbyte_to_bigquery' for task execution.
[2025-01-08T23:39:07.632+0000] {base.py:73} INFO - Using connection ID 'airbyte_to_bigquery' for task execution.
[2025-01-08T23:39:10.658+0000] {base.py:73} INFO - Using connection ID 'airbyte_to_bigquery' for task execution.
[2025-01-08T23:39:13.700+0000] {base.py:73} INFO - Using connection ID 'airbyte_to_bigquery' for task execution.
[2025-01-08T23:39:16.740+0000] {base.py:73} INFO - Using connection ID 'airbyte_to_bigquery' for task execution.
[2025-01-08T23:39:19.773+0000] {base.py:73} INFO - Using connection ID 'airbyte_to_bigquery' for task execution.
[2025-01-08T23:39:22.809+0000] {base.py:73} INFO - Using connection ID 'airbyte_to_bigquery' for task execution.
[2025-01-08T23:39:25.847+0000] {base.py:73} INFO - Using connection ID 'airbyte_to_bigquery' for task execution.
[2025-01-08T23:39:28.886+0000] {base.py:73} INFO - Using connection ID 'airbyte_to_bigquery' for task execution.
[2025-01-08T23:39:31.912+0000] {base.py:73} INFO - Using connection ID 'airbyte_to_bigquery' for task execution.
[2025-01-08T23:39:34.937+0000] {base.py:73} INFO - Using connection ID 'airbyte_to_bigquery' for task execution.
[2025-01-08T23:39:37.959+0000] {base.py:73} INFO - Using connection ID 'airbyte_to_bigquery' for task execution.
[2025-01-08T23:39:40.984+0000] {base.py:73} INFO - Using connection ID 'airbyte_to_bigquery' for task execution.
[2025-01-08T23:39:44.004+0000] {base.py:73} INFO - Using connection ID 'airbyte_to_bigquery' for task execution.
[2025-01-08T23:39:47.024+0000] {base.py:73} INFO - Using connection ID 'airbyte_to_bigquery' for task execution.
[2025-01-08T23:39:50.047+0000] {base.py:73} INFO - Using connection ID 'airbyte_to_bigquery' for task execution.
[2025-01-08T23:39:53.075+0000] {base.py:73} INFO - Using connection ID 'airbyte_to_bigquery' for task execution.
[2025-01-08T23:39:56.110+0000] {base.py:73} INFO - Using connection ID 'airbyte_to_bigquery' for task execution.
[2025-01-08T23:39:59.134+0000] {base.py:73} INFO - Using connection ID 'airbyte_to_bigquery' for task execution.
[2025-01-08T23:39:59.158+0000] {airbyte.py:81} INFO - Job 233 completed successfully
[2025-01-08T23:39:59.205+0000] {taskinstance.py:1323} INFO - Marking task as SUCCESS. dag_id=PolygonAPI_to_BigQuery, task_id=sync_data_connection_2, execution_date=20250108T233842, start_date=20250108T233845, end_date=20250108T233959
[2025-01-08T23:39:59.273+0000] {local_task_job.py:208} INFO - Task exited with return code 0
[2025-01-08T23:39:59.389+0000] {taskinstance.py:2578} INFO - 0 downstream tasks scheduled from follow-on schedule check
